[2021-04-27 17:58:10,146] {taskinstance.py:851} INFO - Dependencies all met for <TaskInstance: docker_sample.sleep 2021-04-25T02:20:00+00:00 [queued]>
[2021-04-27 17:58:10,183] {taskinstance.py:851} INFO - Dependencies all met for <TaskInstance: docker_sample.sleep 2021-04-25T02:20:00+00:00 [queued]>
[2021-04-27 17:58:10,185] {taskinstance.py:1042} INFO - 
--------------------------------------------------------------------------------
[2021-04-27 17:58:10,185] {taskinstance.py:1043} INFO - Starting attempt 1 of 4
[2021-04-27 17:58:10,186] {taskinstance.py:1044} INFO - 
--------------------------------------------------------------------------------
[2021-04-27 17:58:10,196] {taskinstance.py:1063} INFO - Executing <Task(BashOperator): sleep> on 2021-04-25T02:20:00+00:00
[2021-04-27 17:58:10,201] {standard_task_runner.py:52} INFO - Started process 203 to run task
[2021-04-27 17:58:10,224] {standard_task_runner.py:76} INFO - Running: ['airflow', 'tasks', 'run', 'docker_sample', 'sleep', '2021-04-25T02:20:00+00:00', '--job-id', '59', '--pool', 'default_pool', '--raw', '--subdir', 'DAGS_FOLDER/dockerOperator.py', '--cfg-path', '/tmp/tmp3k59pzh_', '--error-file', '/tmp/tmpv0zux8du']
[2021-04-27 17:58:10,228] {standard_task_runner.py:77} INFO - Job 59: Subtask sleep
[2021-04-27 17:58:10,332] {logging_mixin.py:104} INFO - Running <TaskInstance: docker_sample.sleep 2021-04-25T02:20:00+00:00 [running]> on host 44e91a58ae1b
[2021-04-27 17:58:10,396] {taskinstance.py:1257} INFO - Exporting the following env vars:
AIRFLOW_CTX_DAG_EMAIL=airflow@example.com
AIRFLOW_CTX_DAG_OWNER=airflow
AIRFLOW_CTX_DAG_ID=docker_sample
AIRFLOW_CTX_TASK_ID=sleep
AIRFLOW_CTX_EXECUTION_DATE=2021-04-25T02:20:00+00:00
AIRFLOW_CTX_DAG_RUN_ID=scheduled__2021-04-25T02:20:00+00:00
[2021-04-27 17:58:10,399] {bash.py:135} INFO - Tmp dir root location: 
 /tmp
[2021-04-27 17:58:10,400] {bash.py:158} INFO - Running command: sleep 5
[2021-04-27 17:58:10,420] {bash.py:169} INFO - Output:
[2021-04-27 17:58:15,424] {bash.py:177} INFO - Command exited with return code 0
[2021-04-27 17:58:15,452] {taskinstance.py:1166} INFO - Marking task as SUCCESS. dag_id=docker_sample, task_id=sleep, execution_date=20210425T022000, start_date=20210427T175810, end_date=20210427T175815
[2021-04-27 17:58:15,479] {taskinstance.py:1220} INFO - 0 downstream tasks scheduled from follow-on schedule check
[2021-04-27 17:58:15,497] {local_task_job.py:146} INFO - Task exited with return code 0
