[2021-04-27 17:59:21,302] {taskinstance.py:851} INFO - Dependencies all met for <TaskInstance: docker_sample.sleep 2021-04-25T05:20:00+00:00 [queued]>
[2021-04-27 17:59:21,378] {taskinstance.py:851} INFO - Dependencies all met for <TaskInstance: docker_sample.sleep 2021-04-25T05:20:00+00:00 [queued]>
[2021-04-27 17:59:21,415] {taskinstance.py:1042} INFO - 
--------------------------------------------------------------------------------
[2021-04-27 17:59:21,417] {taskinstance.py:1043} INFO - Starting attempt 1 of 4
[2021-04-27 17:59:21,419] {taskinstance.py:1044} INFO - 
--------------------------------------------------------------------------------
[2021-04-27 17:59:21,444] {taskinstance.py:1063} INFO - Executing <Task(BashOperator): sleep> on 2021-04-25T05:20:00+00:00
[2021-04-27 17:59:21,457] {standard_task_runner.py:52} INFO - Started process 420 to run task
[2021-04-27 17:59:21,472] {standard_task_runner.py:76} INFO - Running: ['airflow', 'tasks', 'run', 'docker_sample', 'sleep', '2021-04-25T05:20:00+00:00', '--job-id', '137', '--pool', 'default_pool', '--raw', '--subdir', 'DAGS_FOLDER/dockerOperator.py', '--cfg-path', '/tmp/tmp6rhb_n1y', '--error-file', '/tmp/tmp542j2bex']
[2021-04-27 17:59:21,474] {standard_task_runner.py:77} INFO - Job 137: Subtask sleep
[2021-04-27 17:59:21,617] {logging_mixin.py:104} INFO - Running <TaskInstance: docker_sample.sleep 2021-04-25T05:20:00+00:00 [running]> on host 44e91a58ae1b
[2021-04-27 17:59:21,719] {taskinstance.py:1257} INFO - Exporting the following env vars:
AIRFLOW_CTX_DAG_EMAIL=airflow@example.com
AIRFLOW_CTX_DAG_OWNER=airflow
AIRFLOW_CTX_DAG_ID=docker_sample
AIRFLOW_CTX_TASK_ID=sleep
AIRFLOW_CTX_EXECUTION_DATE=2021-04-25T05:20:00+00:00
AIRFLOW_CTX_DAG_RUN_ID=scheduled__2021-04-25T05:20:00+00:00
[2021-04-27 17:59:21,722] {bash.py:135} INFO - Tmp dir root location: 
 /tmp
[2021-04-27 17:59:21,725] {bash.py:158} INFO - Running command: sleep 5
[2021-04-27 17:59:21,765] {bash.py:169} INFO - Output:
[2021-04-27 17:59:26,773] {bash.py:177} INFO - Command exited with return code 0
[2021-04-27 17:59:26,802] {taskinstance.py:1166} INFO - Marking task as SUCCESS. dag_id=docker_sample, task_id=sleep, execution_date=20210425T052000, start_date=20210427T175921, end_date=20210427T175926
[2021-04-27 17:59:26,834] {taskinstance.py:1220} INFO - 0 downstream tasks scheduled from follow-on schedule check
[2021-04-27 17:59:26,866] {local_task_job.py:146} INFO - Task exited with return code 0
