[2021-04-21 20:16:36,908] {taskinstance.py:851} INFO - Dependencies all met for <TaskInstance: docker_sample.print_date 2021-04-19T12:10:00+00:00 [queued]>
[2021-04-21 20:16:36,922] {taskinstance.py:851} INFO - Dependencies all met for <TaskInstance: docker_sample.print_date 2021-04-19T12:10:00+00:00 [queued]>
[2021-04-21 20:16:36,923] {taskinstance.py:1042} INFO - 
--------------------------------------------------------------------------------
[2021-04-21 20:16:36,924] {taskinstance.py:1043} INFO - Starting attempt 1 of 2
[2021-04-21 20:16:36,925] {taskinstance.py:1044} INFO - 
--------------------------------------------------------------------------------
[2021-04-21 20:16:36,932] {taskinstance.py:1063} INFO - Executing <Task(BashOperator): print_date> on 2021-04-19T12:10:00+00:00
[2021-04-21 20:16:36,936] {standard_task_runner.py:52} INFO - Started process 807 to run task
[2021-04-21 20:16:36,939] {standard_task_runner.py:76} INFO - Running: ['airflow', 'tasks', 'run', 'docker_sample', 'print_date', '2021-04-19T12:10:00+00:00', '--job-id', '330', '--pool', 'default_pool', '--raw', '--subdir', 'DAGS_FOLDER/dockerOperator.py', '--cfg-path', '/tmp/tmppbpyxurt', '--error-file', '/tmp/tmpt6ggjy5z']
[2021-04-21 20:16:36,941] {standard_task_runner.py:77} INFO - Job 330: Subtask print_date
[2021-04-21 20:16:36,980] {logging_mixin.py:104} INFO - Running <TaskInstance: docker_sample.print_date 2021-04-19T12:10:00+00:00 [running]> on host 5af2b1cab26e
[2021-04-21 20:16:37,017] {taskinstance.py:1257} INFO - Exporting the following env vars:
AIRFLOW_CTX_DAG_EMAIL=airflow@example.com
AIRFLOW_CTX_DAG_OWNER=airflow
AIRFLOW_CTX_DAG_ID=docker_sample
AIRFLOW_CTX_TASK_ID=print_date
AIRFLOW_CTX_EXECUTION_DATE=2021-04-19T12:10:00+00:00
AIRFLOW_CTX_DAG_RUN_ID=scheduled__2021-04-19T12:10:00+00:00
[2021-04-21 20:16:37,018] {bash.py:135} INFO - Tmp dir root location: 
 /tmp
[2021-04-21 20:16:37,019] {bash.py:158} INFO - Running command: date
[2021-04-21 20:16:37,028] {bash.py:169} INFO - Output:
[2021-04-21 20:16:37,029] {bash.py:173} INFO - Wed Apr 21 20:16:37 UTC 2021
[2021-04-21 20:16:37,030] {bash.py:177} INFO - Command exited with return code 0
[2021-04-21 20:16:37,058] {taskinstance.py:1166} INFO - Marking task as SUCCESS. dag_id=docker_sample, task_id=print_date, execution_date=20210419T121000, start_date=20210421T201636, end_date=20210421T201637
[2021-04-21 20:16:37,084] {taskinstance.py:1220} INFO - 2 downstream tasks scheduled from follow-on schedule check
[2021-04-21 20:16:37,115] {local_task_job.py:146} INFO - Task exited with return code 0
