[2021-04-21 20:21:08,905] {taskinstance.py:851} INFO - Dependencies all met for <TaskInstance: docker_sample.sleep 2021-04-19T22:40:00+00:00 [queued]>
[2021-04-21 20:21:08,928] {taskinstance.py:851} INFO - Dependencies all met for <TaskInstance: docker_sample.sleep 2021-04-19T22:40:00+00:00 [queued]>
[2021-04-21 20:21:08,929] {taskinstance.py:1042} INFO - 
--------------------------------------------------------------------------------
[2021-04-21 20:21:08,930] {taskinstance.py:1043} INFO - Starting attempt 1 of 4
[2021-04-21 20:21:08,930] {taskinstance.py:1044} INFO - 
--------------------------------------------------------------------------------
[2021-04-21 20:21:08,938] {taskinstance.py:1063} INFO - Executing <Task(BashOperator): sleep> on 2021-04-19T22:40:00+00:00
[2021-04-21 20:21:08,943] {standard_task_runner.py:52} INFO - Started process 1575 to run task
[2021-04-21 20:21:08,952] {standard_task_runner.py:76} INFO - Running: ['airflow', 'tasks', 'run', 'docker_sample', 'sleep', '2021-04-19T22:40:00+00:00', '--job-id', '610', '--pool', 'default_pool', '--raw', '--subdir', 'DAGS_FOLDER/dockerOperator.py', '--cfg-path', '/tmp/tmpus7j2vfi', '--error-file', '/tmp/tmpnqqk22t7']
[2021-04-21 20:21:08,953] {standard_task_runner.py:77} INFO - Job 610: Subtask sleep
[2021-04-21 20:21:09,004] {logging_mixin.py:104} INFO - Running <TaskInstance: docker_sample.sleep 2021-04-19T22:40:00+00:00 [running]> on host 5af2b1cab26e
[2021-04-21 20:21:09,048] {taskinstance.py:1257} INFO - Exporting the following env vars:
AIRFLOW_CTX_DAG_EMAIL=airflow@example.com
AIRFLOW_CTX_DAG_OWNER=airflow
AIRFLOW_CTX_DAG_ID=docker_sample
AIRFLOW_CTX_TASK_ID=sleep
AIRFLOW_CTX_EXECUTION_DATE=2021-04-19T22:40:00+00:00
AIRFLOW_CTX_DAG_RUN_ID=scheduled__2021-04-19T22:40:00+00:00
[2021-04-21 20:21:09,049] {bash.py:135} INFO - Tmp dir root location: 
 /tmp
[2021-04-21 20:21:09,051] {bash.py:158} INFO - Running command: sleep 5
[2021-04-21 20:21:09,062] {bash.py:169} INFO - Output:
[2021-04-21 20:21:14,065] {bash.py:177} INFO - Command exited with return code 0
[2021-04-21 20:21:14,128] {taskinstance.py:1166} INFO - Marking task as SUCCESS. dag_id=docker_sample, task_id=sleep, execution_date=20210419T224000, start_date=20210421T202108, end_date=20210421T202114
[2021-04-21 20:21:14,182] {taskinstance.py:1220} INFO - 0 downstream tasks scheduled from follow-on schedule check
[2021-04-21 20:21:14,270] {local_task_job.py:146} INFO - Task exited with return code 0
