[2021-04-21 20:06:19,243] {taskinstance.py:851} INFO - Dependencies all met for <TaskInstance: docker_sample.print_date 2021-04-19T01:10:00+00:00 [queued]>
[2021-04-21 20:06:19,295] {taskinstance.py:851} INFO - Dependencies all met for <TaskInstance: docker_sample.print_date 2021-04-19T01:10:00+00:00 [queued]>
[2021-04-21 20:06:19,297] {taskinstance.py:1042} INFO - 
--------------------------------------------------------------------------------
[2021-04-21 20:06:19,297] {taskinstance.py:1043} INFO - Starting attempt 1 of 2
[2021-04-21 20:06:19,298] {taskinstance.py:1044} INFO - 
--------------------------------------------------------------------------------
[2021-04-21 20:06:19,360] {taskinstance.py:1063} INFO - Executing <Task(BashOperator): print_date> on 2021-04-19T01:10:00+00:00
[2021-04-21 20:06:19,389] {standard_task_runner.py:76} INFO - Running: ['airflow', 'tasks', 'run', 'docker_sample', 'print_date', '2021-04-19T01:10:00+00:00', '--job-id', '15', '--pool', 'default_pool', '--raw', '--subdir', 'DAGS_FOLDER/dockerOperator.py', '--cfg-path', '/tmp/tmpsy3v92jk', '--error-file', '/tmp/tmp7y0ugoxp']
[2021-04-21 20:06:19,391] {standard_task_runner.py:77} INFO - Job 15: Subtask print_date
[2021-04-21 20:06:19,390] {standard_task_runner.py:52} INFO - Started process 83 to run task
[2021-04-21 20:06:19,511] {logging_mixin.py:104} INFO - Running <TaskInstance: docker_sample.print_date 2021-04-19T01:10:00+00:00 [running]> on host 5af2b1cab26e
[2021-04-21 20:06:19,577] {taskinstance.py:1257} INFO - Exporting the following env vars:
AIRFLOW_CTX_DAG_EMAIL=airflow@example.com
AIRFLOW_CTX_DAG_OWNER=airflow
AIRFLOW_CTX_DAG_ID=docker_sample
AIRFLOW_CTX_TASK_ID=print_date
AIRFLOW_CTX_EXECUTION_DATE=2021-04-19T01:10:00+00:00
AIRFLOW_CTX_DAG_RUN_ID=scheduled__2021-04-19T01:10:00+00:00
[2021-04-21 20:06:19,578] {bash.py:135} INFO - Tmp dir root location: 
 /tmp
[2021-04-21 20:06:19,590] {bash.py:158} INFO - Running command: date
[2021-04-21 20:06:19,646] {bash.py:169} INFO - Output:
[2021-04-21 20:06:19,652] {bash.py:173} INFO - Wed Apr 21 20:06:19 UTC 2021
[2021-04-21 20:06:19,655] {bash.py:177} INFO - Command exited with return code 0
[2021-04-21 20:06:19,724] {taskinstance.py:1166} INFO - Marking task as SUCCESS. dag_id=docker_sample, task_id=print_date, execution_date=20210419T011000, start_date=20210421T200619, end_date=20210421T200619
[2021-04-21 20:06:19,782] {taskinstance.py:1220} INFO - 2 downstream tasks scheduled from follow-on schedule check
[2021-04-21 20:06:19,848] {local_task_job.py:146} INFO - Task exited with return code 0
[2021-04-21 20:12:25,879] {taskinstance.py:851} INFO - Dependencies all met for <TaskInstance: docker_sample.print_date 2021-04-19T01:10:00+00:00 [queued]>
[2021-04-21 20:12:25,920] {taskinstance.py:851} INFO - Dependencies all met for <TaskInstance: docker_sample.print_date 2021-04-19T01:10:00+00:00 [queued]>
[2021-04-21 20:12:25,921] {taskinstance.py:1042} INFO - 
--------------------------------------------------------------------------------
[2021-04-21 20:12:25,922] {taskinstance.py:1043} INFO - Starting attempt 1 of 2
[2021-04-21 20:12:25,923] {taskinstance.py:1044} INFO - 
--------------------------------------------------------------------------------
[2021-04-21 20:12:25,939] {taskinstance.py:1063} INFO - Executing <Task(BashOperator): print_date> on 2021-04-19T01:10:00+00:00
[2021-04-21 20:12:25,948] {standard_task_runner.py:52} INFO - Started process 89 to run task
[2021-04-21 20:12:25,956] {standard_task_runner.py:76} INFO - Running: ['airflow', 'tasks', 'run', 'docker_sample', 'print_date', '2021-04-19T01:10:00+00:00', '--job-id', '67', '--pool', 'default_pool', '--raw', '--subdir', 'DAGS_FOLDER/dockerOperator.py', '--cfg-path', '/tmp/tmpasxloem4', '--error-file', '/tmp/tmpjwsbfl83']
[2021-04-21 20:12:25,968] {standard_task_runner.py:77} INFO - Job 67: Subtask print_date
[2021-04-21 20:12:26,047] {logging_mixin.py:104} INFO - Running <TaskInstance: docker_sample.print_date 2021-04-19T01:10:00+00:00 [running]> on host 5af2b1cab26e
[2021-04-21 20:12:26,119] {taskinstance.py:1257} INFO - Exporting the following env vars:
AIRFLOW_CTX_DAG_EMAIL=airflow@example.com
AIRFLOW_CTX_DAG_OWNER=airflow
AIRFLOW_CTX_DAG_ID=docker_sample
AIRFLOW_CTX_TASK_ID=print_date
AIRFLOW_CTX_EXECUTION_DATE=2021-04-19T01:10:00+00:00
AIRFLOW_CTX_DAG_RUN_ID=scheduled__2021-04-19T01:10:00+00:00
[2021-04-21 20:12:26,121] {bash.py:135} INFO - Tmp dir root location: 
 /tmp
[2021-04-21 20:12:26,124] {bash.py:158} INFO - Running command: date
[2021-04-21 20:12:26,135] {bash.py:169} INFO - Output:
[2021-04-21 20:12:26,138] {bash.py:173} INFO - Wed Apr 21 20:12:26 UTC 2021
[2021-04-21 20:12:26,139] {bash.py:177} INFO - Command exited with return code 0
[2021-04-21 20:12:26,184] {taskinstance.py:1166} INFO - Marking task as SUCCESS. dag_id=docker_sample, task_id=print_date, execution_date=20210419T011000, start_date=20210421T201225, end_date=20210421T201226
[2021-04-21 20:12:26,249] {taskinstance.py:1220} INFO - 2 downstream tasks scheduled from follow-on schedule check
[2021-04-21 20:12:26,297] {local_task_job.py:146} INFO - Task exited with return code 0
