[2021-04-30 00:33:09,301] {scheduler_job.py:182} INFO - Started process (PID=4678) to work on /opt/airflow/dags/firstDag.py
[2021-04-30 00:33:09,302] {scheduler_job.py:629} INFO - Processing file /opt/airflow/dags/firstDag.py for tasks to queue
[2021-04-30 00:33:09,304] {logging_mixin.py:104} INFO - [2021-04-30 00:33:09,304] {dagbag.py:448} INFO - Filling up the DagBag from /opt/airflow/dags/firstDag.py
[2021-04-30 00:33:09,323] {scheduler_job.py:639} INFO - DAG(s) dict_keys(['my_sample_dag']) retrieved from /opt/airflow/dags/firstDag.py
[2021-04-30 00:33:09,346] {logging_mixin.py:104} INFO - [2021-04-30 00:33:09,346] {dag.py:1818} INFO - Sync 1 DAGs
[2021-04-30 00:33:09,359] {logging_mixin.py:104} INFO - [2021-04-30 00:33:09,359] {dag.py:2273} INFO - Setting next_dagrun for my_sample_dag to None
[2021-04-30 00:33:09,367] {scheduler_job.py:190} INFO - Processing /opt/airflow/dags/firstDag.py took 0.070 seconds
[2021-04-30 04:33:35,522] {scheduler_job.py:182} INFO - Started process (PID=4683) to work on /opt/airflow/dags/firstDag.py
[2021-04-30 04:33:35,524] {scheduler_job.py:629} INFO - Processing file /opt/airflow/dags/firstDag.py for tasks to queue
[2021-04-30 04:33:35,525] {logging_mixin.py:104} INFO - [2021-04-30 04:33:35,525] {dagbag.py:448} INFO - Filling up the DagBag from /opt/airflow/dags/firstDag.py
[2021-04-30 04:33:35,546] {scheduler_job.py:639} INFO - DAG(s) dict_keys(['my_sample_dag']) retrieved from /opt/airflow/dags/firstDag.py
[2021-04-30 04:33:35,567] {logging_mixin.py:104} INFO - [2021-04-30 04:33:35,567] {dag.py:1818} INFO - Sync 1 DAGs
[2021-04-30 04:33:35,581] {logging_mixin.py:104} INFO - [2021-04-30 04:33:35,581] {dag.py:2273} INFO - Setting next_dagrun for my_sample_dag to None
[2021-04-30 04:33:35,588] {scheduler_job.py:190} INFO - Processing /opt/airflow/dags/firstDag.py took 0.071 seconds
[2021-04-30 08:33:38,615] {scheduler_job.py:182} INFO - Started process (PID=4688) to work on /opt/airflow/dags/firstDag.py
[2021-04-30 08:33:38,640] {scheduler_job.py:629} INFO - Processing file /opt/airflow/dags/firstDag.py for tasks to queue
[2021-04-30 08:33:38,659] {logging_mixin.py:104} INFO - [2021-04-30 08:33:38,658] {dagbag.py:448} INFO - Filling up the DagBag from /opt/airflow/dags/firstDag.py
[2021-04-30 08:33:38,773] {scheduler_job.py:639} INFO - DAG(s) dict_keys(['my_sample_dag']) retrieved from /opt/airflow/dags/firstDag.py
[2021-04-30 08:33:38,883] {logging_mixin.py:104} INFO - [2021-04-30 08:33:38,882] {dag.py:1818} INFO - Sync 1 DAGs
[2021-04-30 08:33:38,960] {logging_mixin.py:104} INFO - [2021-04-30 08:33:38,960] {dag.py:2273} INFO - Setting next_dagrun for my_sample_dag to None
[2021-04-30 08:33:39,003] {scheduler_job.py:190} INFO - Processing /opt/airflow/dags/firstDag.py took 0.407 seconds
[2021-04-30 10:13:34,730] {scheduler_job.py:182} INFO - Started process (PID=4693) to work on /opt/airflow/dags/firstDag.py
[2021-04-30 10:13:34,744] {scheduler_job.py:629} INFO - Processing file /opt/airflow/dags/firstDag.py for tasks to queue
[2021-04-30 10:13:34,753] {logging_mixin.py:104} INFO - [2021-04-30 10:13:34,752] {dagbag.py:448} INFO - Filling up the DagBag from /opt/airflow/dags/firstDag.py
[2021-04-30 10:13:34,839] {scheduler_job.py:639} INFO - DAG(s) dict_keys(['my_sample_dag']) retrieved from /opt/airflow/dags/firstDag.py
[2021-04-30 10:13:34,960] {logging_mixin.py:104} INFO - [2021-04-30 10:13:34,959] {dag.py:1818} INFO - Sync 1 DAGs
[2021-04-30 10:13:35,035] {logging_mixin.py:104} INFO - [2021-04-30 10:13:35,035] {dag.py:2273} INFO - Setting next_dagrun for my_sample_dag to None
[2021-04-30 10:13:35,068] {scheduler_job.py:190} INFO - Processing /opt/airflow/dags/firstDag.py took 0.356 seconds
[2021-04-30 10:14:05,154] {scheduler_job.py:182} INFO - Started process (PID=4697) to work on /opt/airflow/dags/firstDag.py
[2021-04-30 10:14:05,156] {scheduler_job.py:629} INFO - Processing file /opt/airflow/dags/firstDag.py for tasks to queue
[2021-04-30 10:14:05,157] {logging_mixin.py:104} INFO - [2021-04-30 10:14:05,157] {dagbag.py:448} INFO - Filling up the DagBag from /opt/airflow/dags/firstDag.py
[2021-04-30 10:14:05,175] {scheduler_job.py:639} INFO - DAG(s) dict_keys(['my_sample_dag']) retrieved from /opt/airflow/dags/firstDag.py
[2021-04-30 10:14:05,199] {logging_mixin.py:104} INFO - [2021-04-30 10:14:05,199] {dag.py:1818} INFO - Sync 1 DAGs
[2021-04-30 10:14:05,214] {logging_mixin.py:104} INFO - [2021-04-30 10:14:05,214] {dag.py:2273} INFO - Setting next_dagrun for my_sample_dag to None
[2021-04-30 10:14:05,223] {scheduler_job.py:190} INFO - Processing /opt/airflow/dags/firstDag.py took 0.074 seconds
[2021-04-30 10:14:35,548] {scheduler_job.py:182} INFO - Started process (PID=4702) to work on /opt/airflow/dags/firstDag.py
[2021-04-30 10:14:35,551] {scheduler_job.py:629} INFO - Processing file /opt/airflow/dags/firstDag.py for tasks to queue
[2021-04-30 10:14:35,553] {logging_mixin.py:104} INFO - [2021-04-30 10:14:35,553] {dagbag.py:448} INFO - Filling up the DagBag from /opt/airflow/dags/firstDag.py
[2021-04-30 10:14:35,574] {scheduler_job.py:639} INFO - DAG(s) dict_keys(['my_sample_dag']) retrieved from /opt/airflow/dags/firstDag.py
[2021-04-30 10:14:35,596] {logging_mixin.py:104} INFO - [2021-04-30 10:14:35,596] {dag.py:1818} INFO - Sync 1 DAGs
[2021-04-30 10:14:35,611] {logging_mixin.py:104} INFO - [2021-04-30 10:14:35,611] {dag.py:2273} INFO - Setting next_dagrun for my_sample_dag to None
[2021-04-30 10:14:35,620] {scheduler_job.py:190} INFO - Processing /opt/airflow/dags/firstDag.py took 0.077 seconds
[2021-04-30 10:15:05,889] {scheduler_job.py:182} INFO - Started process (PID=4707) to work on /opt/airflow/dags/firstDag.py
[2021-04-30 10:15:05,891] {scheduler_job.py:629} INFO - Processing file /opt/airflow/dags/firstDag.py for tasks to queue
[2021-04-30 10:15:05,892] {logging_mixin.py:104} INFO - [2021-04-30 10:15:05,892] {dagbag.py:448} INFO - Filling up the DagBag from /opt/airflow/dags/firstDag.py
[2021-04-30 10:15:05,908] {scheduler_job.py:639} INFO - DAG(s) dict_keys(['my_sample_dag']) retrieved from /opt/airflow/dags/firstDag.py
[2021-04-30 10:15:05,934] {logging_mixin.py:104} INFO - [2021-04-30 10:15:05,934] {dag.py:1818} INFO - Sync 1 DAGs
[2021-04-30 10:15:05,948] {logging_mixin.py:104} INFO - [2021-04-30 10:15:05,948] {dag.py:2273} INFO - Setting next_dagrun for my_sample_dag to None
[2021-04-30 10:15:05,956] {scheduler_job.py:190} INFO - Processing /opt/airflow/dags/firstDag.py took 0.070 seconds
[2021-04-30 10:15:36,264] {scheduler_job.py:182} INFO - Started process (PID=4712) to work on /opt/airflow/dags/firstDag.py
[2021-04-30 10:15:36,266] {scheduler_job.py:629} INFO - Processing file /opt/airflow/dags/firstDag.py for tasks to queue
[2021-04-30 10:15:36,267] {logging_mixin.py:104} INFO - [2021-04-30 10:15:36,267] {dagbag.py:448} INFO - Filling up the DagBag from /opt/airflow/dags/firstDag.py
[2021-04-30 10:15:36,282] {scheduler_job.py:639} INFO - DAG(s) dict_keys(['my_sample_dag']) retrieved from /opt/airflow/dags/firstDag.py
[2021-04-30 10:15:36,307] {logging_mixin.py:104} INFO - [2021-04-30 10:15:36,307] {dag.py:1818} INFO - Sync 1 DAGs
[2021-04-30 10:15:36,322] {logging_mixin.py:104} INFO - [2021-04-30 10:15:36,322] {dag.py:2273} INFO - Setting next_dagrun for my_sample_dag to None
[2021-04-30 10:15:36,331] {scheduler_job.py:190} INFO - Processing /opt/airflow/dags/firstDag.py took 0.072 seconds
[2021-04-30 10:16:06,600] {scheduler_job.py:182} INFO - Started process (PID=4717) to work on /opt/airflow/dags/firstDag.py
[2021-04-30 10:16:06,602] {scheduler_job.py:629} INFO - Processing file /opt/airflow/dags/firstDag.py for tasks to queue
[2021-04-30 10:16:06,603] {logging_mixin.py:104} INFO - [2021-04-30 10:16:06,603] {dagbag.py:448} INFO - Filling up the DagBag from /opt/airflow/dags/firstDag.py
[2021-04-30 10:16:06,619] {scheduler_job.py:639} INFO - DAG(s) dict_keys(['my_sample_dag']) retrieved from /opt/airflow/dags/firstDag.py
[2021-04-30 10:16:06,639] {logging_mixin.py:104} INFO - [2021-04-30 10:16:06,639] {dag.py:1818} INFO - Sync 1 DAGs
[2021-04-30 10:16:06,653] {logging_mixin.py:104} INFO - [2021-04-30 10:16:06,653] {dag.py:2273} INFO - Setting next_dagrun for my_sample_dag to None
[2021-04-30 10:16:06,661] {scheduler_job.py:190} INFO - Processing /opt/airflow/dags/firstDag.py took 0.064 seconds
[2021-04-30 10:16:36,934] {scheduler_job.py:182} INFO - Started process (PID=4722) to work on /opt/airflow/dags/firstDag.py
[2021-04-30 10:16:36,936] {scheduler_job.py:629} INFO - Processing file /opt/airflow/dags/firstDag.py for tasks to queue
[2021-04-30 10:16:36,937] {logging_mixin.py:104} INFO - [2021-04-30 10:16:36,937] {dagbag.py:448} INFO - Filling up the DagBag from /opt/airflow/dags/firstDag.py
[2021-04-30 10:16:36,953] {scheduler_job.py:639} INFO - DAG(s) dict_keys(['my_sample_dag']) retrieved from /opt/airflow/dags/firstDag.py
[2021-04-30 10:16:36,974] {logging_mixin.py:104} INFO - [2021-04-30 10:16:36,973] {dag.py:1818} INFO - Sync 1 DAGs
[2021-04-30 10:16:36,987] {logging_mixin.py:104} INFO - [2021-04-30 10:16:36,987] {dag.py:2273} INFO - Setting next_dagrun for my_sample_dag to None
[2021-04-30 10:16:36,995] {scheduler_job.py:190} INFO - Processing /opt/airflow/dags/firstDag.py took 0.065 seconds
[2021-04-30 10:17:07,306] {scheduler_job.py:182} INFO - Started process (PID=4727) to work on /opt/airflow/dags/firstDag.py
[2021-04-30 10:17:07,307] {scheduler_job.py:629} INFO - Processing file /opt/airflow/dags/firstDag.py for tasks to queue
[2021-04-30 10:17:07,308] {logging_mixin.py:104} INFO - [2021-04-30 10:17:07,308] {dagbag.py:448} INFO - Filling up the DagBag from /opt/airflow/dags/firstDag.py
[2021-04-30 10:17:07,325] {scheduler_job.py:639} INFO - DAG(s) dict_keys(['my_sample_dag']) retrieved from /opt/airflow/dags/firstDag.py
[2021-04-30 10:17:07,350] {logging_mixin.py:104} INFO - [2021-04-30 10:17:07,350] {dag.py:1818} INFO - Sync 1 DAGs
[2021-04-30 10:17:07,368] {logging_mixin.py:104} INFO - [2021-04-30 10:17:07,368] {dag.py:2273} INFO - Setting next_dagrun for my_sample_dag to None
[2021-04-30 10:17:07,378] {scheduler_job.py:190} INFO - Processing /opt/airflow/dags/firstDag.py took 0.076 seconds
[2021-04-30 10:17:37,592] {scheduler_job.py:182} INFO - Started process (PID=4732) to work on /opt/airflow/dags/firstDag.py
[2021-04-30 10:17:37,595] {scheduler_job.py:629} INFO - Processing file /opt/airflow/dags/firstDag.py for tasks to queue
[2021-04-30 10:17:37,596] {logging_mixin.py:104} INFO - [2021-04-30 10:17:37,596] {dagbag.py:448} INFO - Filling up the DagBag from /opt/airflow/dags/firstDag.py
[2021-04-30 10:17:37,614] {scheduler_job.py:639} INFO - DAG(s) dict_keys(['my_sample_dag']) retrieved from /opt/airflow/dags/firstDag.py
[2021-04-30 10:17:37,634] {logging_mixin.py:104} INFO - [2021-04-30 10:17:37,634] {dag.py:1818} INFO - Sync 1 DAGs
[2021-04-30 10:17:37,648] {logging_mixin.py:104} INFO - [2021-04-30 10:17:37,648] {dag.py:2273} INFO - Setting next_dagrun for my_sample_dag to None
[2021-04-30 10:17:37,656] {scheduler_job.py:190} INFO - Processing /opt/airflow/dags/firstDag.py took 0.068 seconds
[2021-04-30 10:18:07,964] {scheduler_job.py:182} INFO - Started process (PID=4737) to work on /opt/airflow/dags/firstDag.py
[2021-04-30 10:18:07,966] {scheduler_job.py:629} INFO - Processing file /opt/airflow/dags/firstDag.py for tasks to queue
[2021-04-30 10:18:07,967] {logging_mixin.py:104} INFO - [2021-04-30 10:18:07,967] {dagbag.py:448} INFO - Filling up the DagBag from /opt/airflow/dags/firstDag.py
[2021-04-30 10:18:07,985] {scheduler_job.py:639} INFO - DAG(s) dict_keys(['my_sample_dag']) retrieved from /opt/airflow/dags/firstDag.py
[2021-04-30 10:18:08,006] {logging_mixin.py:104} INFO - [2021-04-30 10:18:08,005] {dag.py:1818} INFO - Sync 1 DAGs
[2021-04-30 10:18:08,021] {logging_mixin.py:104} INFO - [2021-04-30 10:18:08,021] {dag.py:2273} INFO - Setting next_dagrun for my_sample_dag to None
[2021-04-30 10:18:08,031] {scheduler_job.py:190} INFO - Processing /opt/airflow/dags/firstDag.py took 0.072 seconds
[2021-04-30 10:18:38,349] {scheduler_job.py:182} INFO - Started process (PID=4742) to work on /opt/airflow/dags/firstDag.py
[2021-04-30 10:18:38,350] {scheduler_job.py:629} INFO - Processing file /opt/airflow/dags/firstDag.py for tasks to queue
[2021-04-30 10:18:38,351] {logging_mixin.py:104} INFO - [2021-04-30 10:18:38,351] {dagbag.py:448} INFO - Filling up the DagBag from /opt/airflow/dags/firstDag.py
[2021-04-30 10:18:38,366] {scheduler_job.py:639} INFO - DAG(s) dict_keys(['my_sample_dag']) retrieved from /opt/airflow/dags/firstDag.py
[2021-04-30 10:18:38,386] {logging_mixin.py:104} INFO - [2021-04-30 10:18:38,386] {dag.py:1818} INFO - Sync 1 DAGs
[2021-04-30 10:18:38,399] {logging_mixin.py:104} INFO - [2021-04-30 10:18:38,399] {dag.py:2273} INFO - Setting next_dagrun for my_sample_dag to None
[2021-04-30 10:18:38,407] {scheduler_job.py:190} INFO - Processing /opt/airflow/dags/firstDag.py took 0.062 seconds
[2021-04-30 10:19:08,718] {scheduler_job.py:182} INFO - Started process (PID=4747) to work on /opt/airflow/dags/firstDag.py
[2021-04-30 10:19:08,720] {scheduler_job.py:629} INFO - Processing file /opt/airflow/dags/firstDag.py for tasks to queue
[2021-04-30 10:19:08,721] {logging_mixin.py:104} INFO - [2021-04-30 10:19:08,721] {dagbag.py:448} INFO - Filling up the DagBag from /opt/airflow/dags/firstDag.py
[2021-04-30 10:19:08,743] {scheduler_job.py:639} INFO - DAG(s) dict_keys(['my_sample_dag']) retrieved from /opt/airflow/dags/firstDag.py
[2021-04-30 10:19:08,768] {logging_mixin.py:104} INFO - [2021-04-30 10:19:08,768] {dag.py:1818} INFO - Sync 1 DAGs
[2021-04-30 10:19:08,792] {logging_mixin.py:104} INFO - [2021-04-30 10:19:08,792] {dag.py:2273} INFO - Setting next_dagrun for my_sample_dag to None
[2021-04-30 10:19:08,803] {scheduler_job.py:190} INFO - Processing /opt/airflow/dags/firstDag.py took 0.092 seconds
[2021-04-30 10:19:39,012] {scheduler_job.py:182} INFO - Started process (PID=4752) to work on /opt/airflow/dags/firstDag.py
[2021-04-30 10:19:39,014] {scheduler_job.py:629} INFO - Processing file /opt/airflow/dags/firstDag.py for tasks to queue
[2021-04-30 10:19:39,015] {logging_mixin.py:104} INFO - [2021-04-30 10:19:39,015] {dagbag.py:448} INFO - Filling up the DagBag from /opt/airflow/dags/firstDag.py
[2021-04-30 10:19:39,030] {scheduler_job.py:639} INFO - DAG(s) dict_keys(['my_sample_dag']) retrieved from /opt/airflow/dags/firstDag.py
[2021-04-30 10:19:39,049] {logging_mixin.py:104} INFO - [2021-04-30 10:19:39,049] {dag.py:1818} INFO - Sync 1 DAGs
[2021-04-30 10:19:39,063] {logging_mixin.py:104} INFO - [2021-04-30 10:19:39,063] {dag.py:2273} INFO - Setting next_dagrun for my_sample_dag to None
[2021-04-30 10:19:39,071] {scheduler_job.py:190} INFO - Processing /opt/airflow/dags/firstDag.py took 0.062 seconds
[2021-04-30 10:20:09,378] {scheduler_job.py:182} INFO - Started process (PID=4757) to work on /opt/airflow/dags/firstDag.py
[2021-04-30 10:20:09,380] {scheduler_job.py:629} INFO - Processing file /opt/airflow/dags/firstDag.py for tasks to queue
[2021-04-30 10:20:09,381] {logging_mixin.py:104} INFO - [2021-04-30 10:20:09,381] {dagbag.py:448} INFO - Filling up the DagBag from /opt/airflow/dags/firstDag.py
[2021-04-30 10:20:09,398] {scheduler_job.py:639} INFO - DAG(s) dict_keys(['my_sample_dag']) retrieved from /opt/airflow/dags/firstDag.py
[2021-04-30 10:20:09,419] {logging_mixin.py:104} INFO - [2021-04-30 10:20:09,419] {dag.py:1818} INFO - Sync 1 DAGs
[2021-04-30 10:20:09,434] {logging_mixin.py:104} INFO - [2021-04-30 10:20:09,434] {dag.py:2273} INFO - Setting next_dagrun for my_sample_dag to None
[2021-04-30 10:20:09,442] {scheduler_job.py:190} INFO - Processing /opt/airflow/dags/firstDag.py took 0.067 seconds
[2021-04-30 10:20:39,732] {scheduler_job.py:182} INFO - Started process (PID=4762) to work on /opt/airflow/dags/firstDag.py
[2021-04-30 10:20:39,735] {scheduler_job.py:629} INFO - Processing file /opt/airflow/dags/firstDag.py for tasks to queue
[2021-04-30 10:20:39,736] {logging_mixin.py:104} INFO - [2021-04-30 10:20:39,736] {dagbag.py:448} INFO - Filling up the DagBag from /opt/airflow/dags/firstDag.py
[2021-04-30 10:20:39,758] {scheduler_job.py:639} INFO - DAG(s) dict_keys(['my_sample_dag']) retrieved from /opt/airflow/dags/firstDag.py
[2021-04-30 10:20:39,783] {logging_mixin.py:104} INFO - [2021-04-30 10:20:39,783] {dag.py:1818} INFO - Sync 1 DAGs
[2021-04-30 10:20:39,802] {logging_mixin.py:104} INFO - [2021-04-30 10:20:39,802] {dag.py:2273} INFO - Setting next_dagrun for my_sample_dag to None
[2021-04-30 10:20:39,813] {scheduler_job.py:190} INFO - Processing /opt/airflow/dags/firstDag.py took 0.086 seconds
[2021-04-30 10:21:10,036] {scheduler_job.py:182} INFO - Started process (PID=4767) to work on /opt/airflow/dags/firstDag.py
[2021-04-30 10:21:10,038] {scheduler_job.py:629} INFO - Processing file /opt/airflow/dags/firstDag.py for tasks to queue
[2021-04-30 10:21:10,039] {logging_mixin.py:104} INFO - [2021-04-30 10:21:10,039] {dagbag.py:448} INFO - Filling up the DagBag from /opt/airflow/dags/firstDag.py
[2021-04-30 10:21:10,064] {scheduler_job.py:639} INFO - DAG(s) dict_keys(['my_sample_dag']) retrieved from /opt/airflow/dags/firstDag.py
[2021-04-30 10:21:10,084] {logging_mixin.py:104} INFO - [2021-04-30 10:21:10,084] {dag.py:1818} INFO - Sync 1 DAGs
[2021-04-30 10:21:10,097] {logging_mixin.py:104} INFO - [2021-04-30 10:21:10,097] {dag.py:2273} INFO - Setting next_dagrun for my_sample_dag to None
[2021-04-30 10:21:10,105] {scheduler_job.py:190} INFO - Processing /opt/airflow/dags/firstDag.py took 0.073 seconds
[2021-04-30 10:21:40,424] {scheduler_job.py:182} INFO - Started process (PID=4772) to work on /opt/airflow/dags/firstDag.py
[2021-04-30 10:21:40,428] {scheduler_job.py:629} INFO - Processing file /opt/airflow/dags/firstDag.py for tasks to queue
[2021-04-30 10:21:40,429] {logging_mixin.py:104} INFO - [2021-04-30 10:21:40,429] {dagbag.py:448} INFO - Filling up the DagBag from /opt/airflow/dags/firstDag.py
[2021-04-30 10:21:40,456] {scheduler_job.py:639} INFO - DAG(s) dict_keys(['my_sample_dag']) retrieved from /opt/airflow/dags/firstDag.py
[2021-04-30 10:21:40,485] {logging_mixin.py:104} INFO - [2021-04-30 10:21:40,485] {dag.py:1818} INFO - Sync 1 DAGs
[2021-04-30 10:21:40,512] {logging_mixin.py:104} INFO - [2021-04-30 10:21:40,512] {dag.py:2273} INFO - Setting next_dagrun for my_sample_dag to None
[2021-04-30 10:21:40,521] {scheduler_job.py:190} INFO - Processing /opt/airflow/dags/firstDag.py took 0.110 seconds
[2021-04-30 10:22:10,764] {scheduler_job.py:182} INFO - Started process (PID=4777) to work on /opt/airflow/dags/firstDag.py
[2021-04-30 10:22:10,768] {scheduler_job.py:629} INFO - Processing file /opt/airflow/dags/firstDag.py for tasks to queue
[2021-04-30 10:22:10,770] {logging_mixin.py:104} INFO - [2021-04-30 10:22:10,769] {dagbag.py:448} INFO - Filling up the DagBag from /opt/airflow/dags/firstDag.py
[2021-04-30 10:22:10,787] {scheduler_job.py:639} INFO - DAG(s) dict_keys(['my_sample_dag']) retrieved from /opt/airflow/dags/firstDag.py
[2021-04-30 10:22:10,808] {logging_mixin.py:104} INFO - [2021-04-30 10:22:10,808] {dag.py:1818} INFO - Sync 1 DAGs
[2021-04-30 10:22:10,823] {logging_mixin.py:104} INFO - [2021-04-30 10:22:10,822] {dag.py:2273} INFO - Setting next_dagrun for my_sample_dag to None
[2021-04-30 10:22:10,830] {scheduler_job.py:190} INFO - Processing /opt/airflow/dags/firstDag.py took 0.070 seconds
[2021-04-30 10:22:41,050] {scheduler_job.py:182} INFO - Started process (PID=4782) to work on /opt/airflow/dags/firstDag.py
[2021-04-30 10:22:41,052] {scheduler_job.py:629} INFO - Processing file /opt/airflow/dags/firstDag.py for tasks to queue
[2021-04-30 10:22:41,053] {logging_mixin.py:104} INFO - [2021-04-30 10:22:41,053] {dagbag.py:448} INFO - Filling up the DagBag from /opt/airflow/dags/firstDag.py
[2021-04-30 10:22:41,071] {scheduler_job.py:639} INFO - DAG(s) dict_keys(['my_sample_dag']) retrieved from /opt/airflow/dags/firstDag.py
[2021-04-30 10:22:41,092] {logging_mixin.py:104} INFO - [2021-04-30 10:22:41,092] {dag.py:1818} INFO - Sync 1 DAGs
[2021-04-30 10:22:41,106] {logging_mixin.py:104} INFO - [2021-04-30 10:22:41,106] {dag.py:2273} INFO - Setting next_dagrun for my_sample_dag to None
[2021-04-30 10:22:41,114] {scheduler_job.py:190} INFO - Processing /opt/airflow/dags/firstDag.py took 0.067 seconds
[2021-04-30 10:23:11,339] {scheduler_job.py:182} INFO - Started process (PID=4787) to work on /opt/airflow/dags/firstDag.py
[2021-04-30 10:23:11,343] {scheduler_job.py:629} INFO - Processing file /opt/airflow/dags/firstDag.py for tasks to queue
[2021-04-30 10:23:11,345] {logging_mixin.py:104} INFO - [2021-04-30 10:23:11,345] {dagbag.py:448} INFO - Filling up the DagBag from /opt/airflow/dags/firstDag.py
[2021-04-30 10:23:11,376] {scheduler_job.py:639} INFO - DAG(s) dict_keys(['my_sample_dag']) retrieved from /opt/airflow/dags/firstDag.py
[2021-04-30 10:23:11,397] {logging_mixin.py:104} INFO - [2021-04-30 10:23:11,397] {dag.py:1818} INFO - Sync 1 DAGs
[2021-04-30 10:23:11,412] {logging_mixin.py:104} INFO - [2021-04-30 10:23:11,412] {dag.py:2273} INFO - Setting next_dagrun for my_sample_dag to None
[2021-04-30 10:23:11,419] {scheduler_job.py:190} INFO - Processing /opt/airflow/dags/firstDag.py took 0.085 seconds
[2021-04-30 10:23:41,743] {scheduler_job.py:182} INFO - Started process (PID=4792) to work on /opt/airflow/dags/firstDag.py
[2021-04-30 10:23:41,745] {scheduler_job.py:629} INFO - Processing file /opt/airflow/dags/firstDag.py for tasks to queue
[2021-04-30 10:23:41,746] {logging_mixin.py:104} INFO - [2021-04-30 10:23:41,746] {dagbag.py:448} INFO - Filling up the DagBag from /opt/airflow/dags/firstDag.py
[2021-04-30 10:23:41,771] {scheduler_job.py:639} INFO - DAG(s) dict_keys(['my_sample_dag']) retrieved from /opt/airflow/dags/firstDag.py
[2021-04-30 10:23:41,796] {logging_mixin.py:104} INFO - [2021-04-30 10:23:41,796] {dag.py:1818} INFO - Sync 1 DAGs
[2021-04-30 10:23:41,813] {logging_mixin.py:104} INFO - [2021-04-30 10:23:41,813] {dag.py:2273} INFO - Setting next_dagrun for my_sample_dag to None
[2021-04-30 10:23:41,821] {scheduler_job.py:190} INFO - Processing /opt/airflow/dags/firstDag.py took 0.081 seconds
[2021-04-30 10:24:12,138] {scheduler_job.py:182} INFO - Started process (PID=4797) to work on /opt/airflow/dags/firstDag.py
[2021-04-30 10:24:12,140] {scheduler_job.py:629} INFO - Processing file /opt/airflow/dags/firstDag.py for tasks to queue
[2021-04-30 10:24:12,142] {logging_mixin.py:104} INFO - [2021-04-30 10:24:12,141] {dagbag.py:448} INFO - Filling up the DagBag from /opt/airflow/dags/firstDag.py
[2021-04-30 10:24:12,164] {scheduler_job.py:639} INFO - DAG(s) dict_keys(['my_sample_dag']) retrieved from /opt/airflow/dags/firstDag.py
[2021-04-30 10:24:12,192] {logging_mixin.py:104} INFO - [2021-04-30 10:24:12,191] {dag.py:1818} INFO - Sync 1 DAGs
[2021-04-30 10:24:12,210] {logging_mixin.py:104} INFO - [2021-04-30 10:24:12,210] {dag.py:2273} INFO - Setting next_dagrun for my_sample_dag to None
[2021-04-30 10:24:12,220] {scheduler_job.py:190} INFO - Processing /opt/airflow/dags/firstDag.py took 0.087 seconds
[2021-04-30 10:24:42,504] {scheduler_job.py:182} INFO - Started process (PID=4802) to work on /opt/airflow/dags/firstDag.py
[2021-04-30 10:24:42,506] {scheduler_job.py:629} INFO - Processing file /opt/airflow/dags/firstDag.py for tasks to queue
[2021-04-30 10:24:42,507] {logging_mixin.py:104} INFO - [2021-04-30 10:24:42,507] {dagbag.py:448} INFO - Filling up the DagBag from /opt/airflow/dags/firstDag.py
[2021-04-30 10:24:42,524] {scheduler_job.py:639} INFO - DAG(s) dict_keys(['my_sample_dag']) retrieved from /opt/airflow/dags/firstDag.py
[2021-04-30 10:24:42,546] {logging_mixin.py:104} INFO - [2021-04-30 10:24:42,546] {dag.py:1818} INFO - Sync 1 DAGs
[2021-04-30 10:24:42,560] {logging_mixin.py:104} INFO - [2021-04-30 10:24:42,560] {dag.py:2273} INFO - Setting next_dagrun for my_sample_dag to None
[2021-04-30 10:24:42,570] {scheduler_job.py:190} INFO - Processing /opt/airflow/dags/firstDag.py took 0.070 seconds
[2021-04-30 10:25:12,797] {scheduler_job.py:182} INFO - Started process (PID=4807) to work on /opt/airflow/dags/firstDag.py
[2021-04-30 10:25:12,801] {scheduler_job.py:629} INFO - Processing file /opt/airflow/dags/firstDag.py for tasks to queue
[2021-04-30 10:25:12,802] {logging_mixin.py:104} INFO - [2021-04-30 10:25:12,802] {dagbag.py:448} INFO - Filling up the DagBag from /opt/airflow/dags/firstDag.py
[2021-04-30 10:25:12,821] {scheduler_job.py:639} INFO - DAG(s) dict_keys(['my_sample_dag']) retrieved from /opt/airflow/dags/firstDag.py
[2021-04-30 10:25:12,846] {logging_mixin.py:104} INFO - [2021-04-30 10:25:12,846] {dag.py:1818} INFO - Sync 1 DAGs
[2021-04-30 10:25:12,862] {logging_mixin.py:104} INFO - [2021-04-30 10:25:12,861] {dag.py:2273} INFO - Setting next_dagrun for my_sample_dag to None
[2021-04-30 10:25:12,869] {scheduler_job.py:190} INFO - Processing /opt/airflow/dags/firstDag.py took 0.077 seconds
[2021-04-30 10:25:43,095] {scheduler_job.py:182} INFO - Started process (PID=4812) to work on /opt/airflow/dags/firstDag.py
[2021-04-30 10:25:43,097] {scheduler_job.py:629} INFO - Processing file /opt/airflow/dags/firstDag.py for tasks to queue
[2021-04-30 10:25:43,100] {logging_mixin.py:104} INFO - [2021-04-30 10:25:43,099] {dagbag.py:448} INFO - Filling up the DagBag from /opt/airflow/dags/firstDag.py
[2021-04-30 10:25:43,120] {scheduler_job.py:639} INFO - DAG(s) dict_keys(['my_sample_dag']) retrieved from /opt/airflow/dags/firstDag.py
[2021-04-30 10:25:43,144] {logging_mixin.py:104} INFO - [2021-04-30 10:25:43,144] {dag.py:1818} INFO - Sync 1 DAGs
[2021-04-30 10:25:43,158] {logging_mixin.py:104} INFO - [2021-04-30 10:25:43,157] {dag.py:2273} INFO - Setting next_dagrun for my_sample_dag to None
[2021-04-30 10:25:43,168] {scheduler_job.py:190} INFO - Processing /opt/airflow/dags/firstDag.py took 0.077 seconds
[2021-04-30 10:26:13,392] {scheduler_job.py:182} INFO - Started process (PID=4817) to work on /opt/airflow/dags/firstDag.py
[2021-04-30 10:26:13,395] {scheduler_job.py:629} INFO - Processing file /opt/airflow/dags/firstDag.py for tasks to queue
[2021-04-30 10:26:13,396] {logging_mixin.py:104} INFO - [2021-04-30 10:26:13,396] {dagbag.py:448} INFO - Filling up the DagBag from /opt/airflow/dags/firstDag.py
[2021-04-30 10:26:13,417] {scheduler_job.py:639} INFO - DAG(s) dict_keys(['my_sample_dag']) retrieved from /opt/airflow/dags/firstDag.py
[2021-04-30 10:26:13,445] {logging_mixin.py:104} INFO - [2021-04-30 10:26:13,445] {dag.py:1818} INFO - Sync 1 DAGs
[2021-04-30 10:26:13,463] {logging_mixin.py:104} INFO - [2021-04-30 10:26:13,463] {dag.py:2273} INFO - Setting next_dagrun for my_sample_dag to None
[2021-04-30 10:26:13,473] {scheduler_job.py:190} INFO - Processing /opt/airflow/dags/firstDag.py took 0.085 seconds
[2021-04-30 10:26:43,867] {scheduler_job.py:182} INFO - Started process (PID=4822) to work on /opt/airflow/dags/firstDag.py
[2021-04-30 10:26:43,870] {scheduler_job.py:629} INFO - Processing file /opt/airflow/dags/firstDag.py for tasks to queue
[2021-04-30 10:26:43,872] {logging_mixin.py:104} INFO - [2021-04-30 10:26:43,872] {dagbag.py:448} INFO - Filling up the DagBag from /opt/airflow/dags/firstDag.py
[2021-04-30 10:26:43,906] {scheduler_job.py:639} INFO - DAG(s) dict_keys(['my_sample_dag']) retrieved from /opt/airflow/dags/firstDag.py
[2021-04-30 10:26:43,944] {logging_mixin.py:104} INFO - [2021-04-30 10:26:43,943] {dag.py:1818} INFO - Sync 1 DAGs
[2021-04-30 10:26:43,970] {logging_mixin.py:104} INFO - [2021-04-30 10:26:43,970] {dag.py:2273} INFO - Setting next_dagrun for my_sample_dag to None
[2021-04-30 10:26:43,987] {scheduler_job.py:190} INFO - Processing /opt/airflow/dags/firstDag.py took 0.129 seconds
[2021-04-30 10:27:14,285] {scheduler_job.py:182} INFO - Started process (PID=4827) to work on /opt/airflow/dags/firstDag.py
[2021-04-30 10:27:14,287] {scheduler_job.py:629} INFO - Processing file /opt/airflow/dags/firstDag.py for tasks to queue
[2021-04-30 10:27:14,288] {logging_mixin.py:104} INFO - [2021-04-30 10:27:14,288] {dagbag.py:448} INFO - Filling up the DagBag from /opt/airflow/dags/firstDag.py
[2021-04-30 10:27:14,306] {scheduler_job.py:639} INFO - DAG(s) dict_keys(['my_sample_dag']) retrieved from /opt/airflow/dags/firstDag.py
[2021-04-30 10:27:14,327] {logging_mixin.py:104} INFO - [2021-04-30 10:27:14,327] {dag.py:1818} INFO - Sync 1 DAGs
[2021-04-30 10:27:14,342] {logging_mixin.py:104} INFO - [2021-04-30 10:27:14,342] {dag.py:2273} INFO - Setting next_dagrun for my_sample_dag to None
[2021-04-30 10:27:14,351] {scheduler_job.py:190} INFO - Processing /opt/airflow/dags/firstDag.py took 0.072 seconds
[2021-04-30 10:27:44,655] {scheduler_job.py:182} INFO - Started process (PID=4832) to work on /opt/airflow/dags/firstDag.py
[2021-04-30 10:27:44,657] {scheduler_job.py:629} INFO - Processing file /opt/airflow/dags/firstDag.py for tasks to queue
[2021-04-30 10:27:44,658] {logging_mixin.py:104} INFO - [2021-04-30 10:27:44,658] {dagbag.py:448} INFO - Filling up the DagBag from /opt/airflow/dags/firstDag.py
[2021-04-30 10:27:44,676] {scheduler_job.py:639} INFO - DAG(s) dict_keys(['my_sample_dag']) retrieved from /opt/airflow/dags/firstDag.py
[2021-04-30 10:27:44,700] {logging_mixin.py:104} INFO - [2021-04-30 10:27:44,700] {dag.py:1818} INFO - Sync 1 DAGs
[2021-04-30 10:27:44,717] {logging_mixin.py:104} INFO - [2021-04-30 10:27:44,717] {dag.py:2273} INFO - Setting next_dagrun for my_sample_dag to None
[2021-04-30 10:27:44,725] {scheduler_job.py:190} INFO - Processing /opt/airflow/dags/firstDag.py took 0.075 seconds
[2021-04-30 10:28:14,934] {scheduler_job.py:182} INFO - Started process (PID=4837) to work on /opt/airflow/dags/firstDag.py
[2021-04-30 10:28:14,938] {scheduler_job.py:629} INFO - Processing file /opt/airflow/dags/firstDag.py for tasks to queue
[2021-04-30 10:28:14,939] {logging_mixin.py:104} INFO - [2021-04-30 10:28:14,939] {dagbag.py:448} INFO - Filling up the DagBag from /opt/airflow/dags/firstDag.py
[2021-04-30 10:28:14,957] {scheduler_job.py:639} INFO - DAG(s) dict_keys(['my_sample_dag']) retrieved from /opt/airflow/dags/firstDag.py
[2021-04-30 10:28:14,983] {logging_mixin.py:104} INFO - [2021-04-30 10:28:14,983] {dag.py:1818} INFO - Sync 1 DAGs
[2021-04-30 10:28:14,998] {logging_mixin.py:104} INFO - [2021-04-30 10:28:14,998] {dag.py:2273} INFO - Setting next_dagrun for my_sample_dag to None
[2021-04-30 10:28:15,010] {scheduler_job.py:190} INFO - Processing /opt/airflow/dags/firstDag.py took 0.080 seconds
[2021-04-30 10:28:45,204] {scheduler_job.py:182} INFO - Started process (PID=4842) to work on /opt/airflow/dags/firstDag.py
[2021-04-30 10:28:45,206] {scheduler_job.py:629} INFO - Processing file /opt/airflow/dags/firstDag.py for tasks to queue
[2021-04-30 10:28:45,207] {logging_mixin.py:104} INFO - [2021-04-30 10:28:45,207] {dagbag.py:448} INFO - Filling up the DagBag from /opt/airflow/dags/firstDag.py
[2021-04-30 10:28:45,225] {scheduler_job.py:639} INFO - DAG(s) dict_keys(['my_sample_dag']) retrieved from /opt/airflow/dags/firstDag.py
[2021-04-30 10:28:45,245] {logging_mixin.py:104} INFO - [2021-04-30 10:28:45,244] {dag.py:1818} INFO - Sync 1 DAGs
[2021-04-30 10:28:45,259] {logging_mixin.py:104} INFO - [2021-04-30 10:28:45,259] {dag.py:2273} INFO - Setting next_dagrun for my_sample_dag to None
[2021-04-30 10:28:45,266] {scheduler_job.py:190} INFO - Processing /opt/airflow/dags/firstDag.py took 0.067 seconds
[2021-04-30 10:29:15,563] {scheduler_job.py:182} INFO - Started process (PID=4847) to work on /opt/airflow/dags/firstDag.py
[2021-04-30 10:29:15,565] {scheduler_job.py:629} INFO - Processing file /opt/airflow/dags/firstDag.py for tasks to queue
[2021-04-30 10:29:15,566] {logging_mixin.py:104} INFO - [2021-04-30 10:29:15,566] {dagbag.py:448} INFO - Filling up the DagBag from /opt/airflow/dags/firstDag.py
[2021-04-30 10:29:15,584] {scheduler_job.py:639} INFO - DAG(s) dict_keys(['my_sample_dag']) retrieved from /opt/airflow/dags/firstDag.py
[2021-04-30 10:29:15,608] {logging_mixin.py:104} INFO - [2021-04-30 10:29:15,608] {dag.py:1818} INFO - Sync 1 DAGs
[2021-04-30 10:29:15,629] {logging_mixin.py:104} INFO - [2021-04-30 10:29:15,629] {dag.py:2273} INFO - Setting next_dagrun for my_sample_dag to None
[2021-04-30 10:29:15,642] {scheduler_job.py:190} INFO - Processing /opt/airflow/dags/firstDag.py took 0.082 seconds
[2021-04-30 10:29:45,930] {scheduler_job.py:182} INFO - Started process (PID=4852) to work on /opt/airflow/dags/firstDag.py
[2021-04-30 10:29:45,933] {scheduler_job.py:629} INFO - Processing file /opt/airflow/dags/firstDag.py for tasks to queue
[2021-04-30 10:29:45,935] {logging_mixin.py:104} INFO - [2021-04-30 10:29:45,934] {dagbag.py:448} INFO - Filling up the DagBag from /opt/airflow/dags/firstDag.py
[2021-04-30 10:29:45,955] {scheduler_job.py:639} INFO - DAG(s) dict_keys(['my_sample_dag']) retrieved from /opt/airflow/dags/firstDag.py
[2021-04-30 10:29:45,981] {logging_mixin.py:104} INFO - [2021-04-30 10:29:45,981] {dag.py:1818} INFO - Sync 1 DAGs
[2021-04-30 10:29:46,000] {logging_mixin.py:104} INFO - [2021-04-30 10:29:46,000] {dag.py:2273} INFO - Setting next_dagrun for my_sample_dag to None
[2021-04-30 10:29:46,009] {scheduler_job.py:190} INFO - Processing /opt/airflow/dags/firstDag.py took 0.083 seconds
[2021-04-30 10:30:16,294] {scheduler_job.py:182} INFO - Started process (PID=4857) to work on /opt/airflow/dags/firstDag.py
[2021-04-30 10:30:16,296] {scheduler_job.py:629} INFO - Processing file /opt/airflow/dags/firstDag.py for tasks to queue
[2021-04-30 10:30:16,298] {logging_mixin.py:104} INFO - [2021-04-30 10:30:16,297] {dagbag.py:448} INFO - Filling up the DagBag from /opt/airflow/dags/firstDag.py
[2021-04-30 10:30:16,315] {scheduler_job.py:639} INFO - DAG(s) dict_keys(['my_sample_dag']) retrieved from /opt/airflow/dags/firstDag.py
[2021-04-30 10:30:16,337] {logging_mixin.py:104} INFO - [2021-04-30 10:30:16,337] {dag.py:1818} INFO - Sync 1 DAGs
[2021-04-30 10:30:16,353] {logging_mixin.py:104} INFO - [2021-04-30 10:30:16,352] {dag.py:2273} INFO - Setting next_dagrun for my_sample_dag to None
[2021-04-30 10:30:16,360] {scheduler_job.py:190} INFO - Processing /opt/airflow/dags/firstDag.py took 0.072 seconds
[2021-04-30 10:30:46,644] {scheduler_job.py:182} INFO - Started process (PID=4862) to work on /opt/airflow/dags/firstDag.py
[2021-04-30 10:30:46,646] {scheduler_job.py:629} INFO - Processing file /opt/airflow/dags/firstDag.py for tasks to queue
[2021-04-30 10:30:46,648] {logging_mixin.py:104} INFO - [2021-04-30 10:30:46,647] {dagbag.py:448} INFO - Filling up the DagBag from /opt/airflow/dags/firstDag.py
[2021-04-30 10:30:46,665] {scheduler_job.py:639} INFO - DAG(s) dict_keys(['my_sample_dag']) retrieved from /opt/airflow/dags/firstDag.py
[2021-04-30 10:30:46,686] {logging_mixin.py:104} INFO - [2021-04-30 10:30:46,686] {dag.py:1818} INFO - Sync 1 DAGs
[2021-04-30 10:30:46,700] {logging_mixin.py:104} INFO - [2021-04-30 10:30:46,700] {dag.py:2273} INFO - Setting next_dagrun for my_sample_dag to None
[2021-04-30 10:30:46,708] {scheduler_job.py:190} INFO - Processing /opt/airflow/dags/firstDag.py took 0.067 seconds
[2021-04-30 10:31:16,998] {scheduler_job.py:182} INFO - Started process (PID=4867) to work on /opt/airflow/dags/firstDag.py
[2021-04-30 10:31:17,001] {scheduler_job.py:629} INFO - Processing file /opt/airflow/dags/firstDag.py for tasks to queue
[2021-04-30 10:31:17,002] {logging_mixin.py:104} INFO - [2021-04-30 10:31:17,002] {dagbag.py:448} INFO - Filling up the DagBag from /opt/airflow/dags/firstDag.py
[2021-04-30 10:31:17,019] {scheduler_job.py:639} INFO - DAG(s) dict_keys(['my_sample_dag']) retrieved from /opt/airflow/dags/firstDag.py
[2021-04-30 10:31:17,039] {logging_mixin.py:104} INFO - [2021-04-30 10:31:17,039] {dag.py:1818} INFO - Sync 1 DAGs
[2021-04-30 10:31:17,053] {logging_mixin.py:104} INFO - [2021-04-30 10:31:17,053] {dag.py:2273} INFO - Setting next_dagrun for my_sample_dag to None
[2021-04-30 10:31:17,060] {scheduler_job.py:190} INFO - Processing /opt/airflow/dags/firstDag.py took 0.066 seconds
[2021-04-30 10:31:47,326] {scheduler_job.py:182} INFO - Started process (PID=4872) to work on /opt/airflow/dags/firstDag.py
[2021-04-30 10:31:47,328] {scheduler_job.py:629} INFO - Processing file /opt/airflow/dags/firstDag.py for tasks to queue
[2021-04-30 10:31:47,329] {logging_mixin.py:104} INFO - [2021-04-30 10:31:47,329] {dagbag.py:448} INFO - Filling up the DagBag from /opt/airflow/dags/firstDag.py
[2021-04-30 10:31:47,347] {scheduler_job.py:639} INFO - DAG(s) dict_keys(['my_sample_dag']) retrieved from /opt/airflow/dags/firstDag.py
[2021-04-30 10:31:47,370] {logging_mixin.py:104} INFO - [2021-04-30 10:31:47,370] {dag.py:1818} INFO - Sync 1 DAGs
[2021-04-30 10:31:47,384] {logging_mixin.py:104} INFO - [2021-04-30 10:31:47,384] {dag.py:2273} INFO - Setting next_dagrun for my_sample_dag to None
[2021-04-30 10:31:47,392] {scheduler_job.py:190} INFO - Processing /opt/airflow/dags/firstDag.py took 0.069 seconds
[2021-04-30 10:32:17,667] {scheduler_job.py:182} INFO - Started process (PID=4877) to work on /opt/airflow/dags/firstDag.py
[2021-04-30 10:32:17,670] {scheduler_job.py:629} INFO - Processing file /opt/airflow/dags/firstDag.py for tasks to queue
[2021-04-30 10:32:17,672] {logging_mixin.py:104} INFO - [2021-04-30 10:32:17,672] {dagbag.py:448} INFO - Filling up the DagBag from /opt/airflow/dags/firstDag.py
[2021-04-30 10:32:17,690] {scheduler_job.py:639} INFO - DAG(s) dict_keys(['my_sample_dag']) retrieved from /opt/airflow/dags/firstDag.py
[2021-04-30 10:32:17,713] {logging_mixin.py:104} INFO - [2021-04-30 10:32:17,713] {dag.py:1818} INFO - Sync 1 DAGs
[2021-04-30 10:32:17,731] {logging_mixin.py:104} INFO - [2021-04-30 10:32:17,731] {dag.py:2273} INFO - Setting next_dagrun for my_sample_dag to None
[2021-04-30 10:32:17,740] {scheduler_job.py:190} INFO - Processing /opt/airflow/dags/firstDag.py took 0.077 seconds
[2021-04-30 10:32:47,973] {scheduler_job.py:182} INFO - Started process (PID=4882) to work on /opt/airflow/dags/firstDag.py
[2021-04-30 10:32:47,975] {scheduler_job.py:629} INFO - Processing file /opt/airflow/dags/firstDag.py for tasks to queue
[2021-04-30 10:32:47,976] {logging_mixin.py:104} INFO - [2021-04-30 10:32:47,976] {dagbag.py:448} INFO - Filling up the DagBag from /opt/airflow/dags/firstDag.py
[2021-04-30 10:32:47,992] {scheduler_job.py:639} INFO - DAG(s) dict_keys(['my_sample_dag']) retrieved from /opt/airflow/dags/firstDag.py
[2021-04-30 10:32:48,012] {logging_mixin.py:104} INFO - [2021-04-30 10:32:48,012] {dag.py:1818} INFO - Sync 1 DAGs
[2021-04-30 10:32:48,026] {logging_mixin.py:104} INFO - [2021-04-30 10:32:48,026] {dag.py:2273} INFO - Setting next_dagrun for my_sample_dag to None
[2021-04-30 10:32:48,034] {scheduler_job.py:190} INFO - Processing /opt/airflow/dags/firstDag.py took 0.065 seconds
[2021-04-30 10:33:18,314] {scheduler_job.py:182} INFO - Started process (PID=4887) to work on /opt/airflow/dags/firstDag.py
[2021-04-30 10:33:18,316] {scheduler_job.py:629} INFO - Processing file /opt/airflow/dags/firstDag.py for tasks to queue
[2021-04-30 10:33:18,317] {logging_mixin.py:104} INFO - [2021-04-30 10:33:18,317] {dagbag.py:448} INFO - Filling up the DagBag from /opt/airflow/dags/firstDag.py
[2021-04-30 10:33:18,334] {scheduler_job.py:639} INFO - DAG(s) dict_keys(['my_sample_dag']) retrieved from /opt/airflow/dags/firstDag.py
[2021-04-30 10:33:18,355] {logging_mixin.py:104} INFO - [2021-04-30 10:33:18,355] {dag.py:1818} INFO - Sync 1 DAGs
[2021-04-30 10:33:18,371] {logging_mixin.py:104} INFO - [2021-04-30 10:33:18,371] {dag.py:2273} INFO - Setting next_dagrun for my_sample_dag to None
[2021-04-30 10:33:18,381] {scheduler_job.py:190} INFO - Processing /opt/airflow/dags/firstDag.py took 0.071 seconds
[2021-04-30 10:33:48,721] {scheduler_job.py:182} INFO - Started process (PID=4892) to work on /opt/airflow/dags/firstDag.py
[2021-04-30 10:33:48,724] {scheduler_job.py:629} INFO - Processing file /opt/airflow/dags/firstDag.py for tasks to queue
[2021-04-30 10:33:48,726] {logging_mixin.py:104} INFO - [2021-04-30 10:33:48,726] {dagbag.py:448} INFO - Filling up the DagBag from /opt/airflow/dags/firstDag.py
[2021-04-30 10:33:48,750] {scheduler_job.py:639} INFO - DAG(s) dict_keys(['my_sample_dag']) retrieved from /opt/airflow/dags/firstDag.py
[2021-04-30 10:33:48,771] {logging_mixin.py:104} INFO - [2021-04-30 10:33:48,771] {dag.py:1818} INFO - Sync 1 DAGs
[2021-04-30 10:33:48,793] {logging_mixin.py:104} INFO - [2021-04-30 10:33:48,793] {dag.py:2273} INFO - Setting next_dagrun for my_sample_dag to None
[2021-04-30 10:33:48,801] {scheduler_job.py:190} INFO - Processing /opt/airflow/dags/firstDag.py took 0.086 seconds
[2021-04-30 10:34:18,987] {scheduler_job.py:182} INFO - Started process (PID=4897) to work on /opt/airflow/dags/firstDag.py
[2021-04-30 10:34:18,990] {scheduler_job.py:629} INFO - Processing file /opt/airflow/dags/firstDag.py for tasks to queue
[2021-04-30 10:34:18,992] {logging_mixin.py:104} INFO - [2021-04-30 10:34:18,992] {dagbag.py:448} INFO - Filling up the DagBag from /opt/airflow/dags/firstDag.py
[2021-04-30 10:34:19,009] {scheduler_job.py:639} INFO - DAG(s) dict_keys(['my_sample_dag']) retrieved from /opt/airflow/dags/firstDag.py
[2021-04-30 10:34:19,030] {logging_mixin.py:104} INFO - [2021-04-30 10:34:19,030] {dag.py:1818} INFO - Sync 1 DAGs
[2021-04-30 10:34:19,049] {logging_mixin.py:104} INFO - [2021-04-30 10:34:19,049] {dag.py:2273} INFO - Setting next_dagrun for my_sample_dag to None
[2021-04-30 10:34:19,060] {scheduler_job.py:190} INFO - Processing /opt/airflow/dags/firstDag.py took 0.077 seconds
[2021-04-30 10:34:49,333] {scheduler_job.py:182} INFO - Started process (PID=4902) to work on /opt/airflow/dags/firstDag.py
[2021-04-30 10:34:49,335] {scheduler_job.py:629} INFO - Processing file /opt/airflow/dags/firstDag.py for tasks to queue
[2021-04-30 10:34:49,336] {logging_mixin.py:104} INFO - [2021-04-30 10:34:49,336] {dagbag.py:448} INFO - Filling up the DagBag from /opt/airflow/dags/firstDag.py
[2021-04-30 10:34:49,353] {scheduler_job.py:639} INFO - DAG(s) dict_keys(['my_sample_dag']) retrieved from /opt/airflow/dags/firstDag.py
[2021-04-30 10:34:49,372] {logging_mixin.py:104} INFO - [2021-04-30 10:34:49,372] {dag.py:1818} INFO - Sync 1 DAGs
[2021-04-30 10:34:49,386] {logging_mixin.py:104} INFO - [2021-04-30 10:34:49,386] {dag.py:2273} INFO - Setting next_dagrun for my_sample_dag to None
[2021-04-30 10:34:49,394] {scheduler_job.py:190} INFO - Processing /opt/airflow/dags/firstDag.py took 0.064 seconds
[2021-04-30 10:35:19,616] {scheduler_job.py:182} INFO - Started process (PID=4907) to work on /opt/airflow/dags/firstDag.py
[2021-04-30 10:35:19,618] {scheduler_job.py:629} INFO - Processing file /opt/airflow/dags/firstDag.py for tasks to queue
[2021-04-30 10:35:19,619] {logging_mixin.py:104} INFO - [2021-04-30 10:35:19,619] {dagbag.py:448} INFO - Filling up the DagBag from /opt/airflow/dags/firstDag.py
[2021-04-30 10:35:19,639] {scheduler_job.py:639} INFO - DAG(s) dict_keys(['my_sample_dag']) retrieved from /opt/airflow/dags/firstDag.py
[2021-04-30 10:35:19,664] {logging_mixin.py:104} INFO - [2021-04-30 10:35:19,664] {dag.py:1818} INFO - Sync 1 DAGs
[2021-04-30 10:35:19,680] {logging_mixin.py:104} INFO - [2021-04-30 10:35:19,680] {dag.py:2273} INFO - Setting next_dagrun for my_sample_dag to None
[2021-04-30 10:35:19,690] {scheduler_job.py:190} INFO - Processing /opt/airflow/dags/firstDag.py took 0.079 seconds
[2021-04-30 10:35:49,963] {scheduler_job.py:182} INFO - Started process (PID=4912) to work on /opt/airflow/dags/firstDag.py
[2021-04-30 10:35:49,964] {scheduler_job.py:629} INFO - Processing file /opt/airflow/dags/firstDag.py for tasks to queue
[2021-04-30 10:35:49,966] {logging_mixin.py:104} INFO - [2021-04-30 10:35:49,965] {dagbag.py:448} INFO - Filling up the DagBag from /opt/airflow/dags/firstDag.py
[2021-04-30 10:35:49,983] {scheduler_job.py:639} INFO - DAG(s) dict_keys(['my_sample_dag']) retrieved from /opt/airflow/dags/firstDag.py
[2021-04-30 10:35:50,012] {logging_mixin.py:104} INFO - [2021-04-30 10:35:50,012] {dag.py:1818} INFO - Sync 1 DAGs
[2021-04-30 10:35:50,029] {logging_mixin.py:104} INFO - [2021-04-30 10:35:50,029] {dag.py:2273} INFO - Setting next_dagrun for my_sample_dag to None
[2021-04-30 10:35:50,038] {scheduler_job.py:190} INFO - Processing /opt/airflow/dags/firstDag.py took 0.078 seconds
[2021-04-30 10:36:20,225] {scheduler_job.py:182} INFO - Started process (PID=4917) to work on /opt/airflow/dags/firstDag.py
[2021-04-30 10:36:20,227] {scheduler_job.py:629} INFO - Processing file /opt/airflow/dags/firstDag.py for tasks to queue
[2021-04-30 10:36:20,228] {logging_mixin.py:104} INFO - [2021-04-30 10:36:20,228] {dagbag.py:448} INFO - Filling up the DagBag from /opt/airflow/dags/firstDag.py
[2021-04-30 10:36:20,244] {scheduler_job.py:639} INFO - DAG(s) dict_keys(['my_sample_dag']) retrieved from /opt/airflow/dags/firstDag.py
[2021-04-30 10:36:20,264] {logging_mixin.py:104} INFO - [2021-04-30 10:36:20,264] {dag.py:1818} INFO - Sync 1 DAGs
[2021-04-30 10:36:20,278] {logging_mixin.py:104} INFO - [2021-04-30 10:36:20,278] {dag.py:2273} INFO - Setting next_dagrun for my_sample_dag to None
[2021-04-30 10:36:20,286] {scheduler_job.py:190} INFO - Processing /opt/airflow/dags/firstDag.py took 0.067 seconds
[2021-04-30 10:36:50,562] {scheduler_job.py:182} INFO - Started process (PID=4922) to work on /opt/airflow/dags/firstDag.py
[2021-04-30 10:36:50,564] {scheduler_job.py:629} INFO - Processing file /opt/airflow/dags/firstDag.py for tasks to queue
[2021-04-30 10:36:50,565] {logging_mixin.py:104} INFO - [2021-04-30 10:36:50,565] {dagbag.py:448} INFO - Filling up the DagBag from /opt/airflow/dags/firstDag.py
[2021-04-30 10:36:50,589] {scheduler_job.py:639} INFO - DAG(s) dict_keys(['my_sample_dag']) retrieved from /opt/airflow/dags/firstDag.py
[2021-04-30 10:36:50,610] {logging_mixin.py:104} INFO - [2021-04-30 10:36:50,610] {dag.py:1818} INFO - Sync 1 DAGs
[2021-04-30 10:36:50,625] {logging_mixin.py:104} INFO - [2021-04-30 10:36:50,625] {dag.py:2273} INFO - Setting next_dagrun for my_sample_dag to None
[2021-04-30 10:36:50,634] {scheduler_job.py:190} INFO - Processing /opt/airflow/dags/firstDag.py took 0.076 seconds
[2021-04-30 10:37:20,787] {scheduler_job.py:182} INFO - Started process (PID=4927) to work on /opt/airflow/dags/firstDag.py
[2021-04-30 10:37:20,789] {scheduler_job.py:629} INFO - Processing file /opt/airflow/dags/firstDag.py for tasks to queue
[2021-04-30 10:37:20,791] {logging_mixin.py:104} INFO - [2021-04-30 10:37:20,790] {dagbag.py:448} INFO - Filling up the DagBag from /opt/airflow/dags/firstDag.py
[2021-04-30 10:37:20,806] {scheduler_job.py:639} INFO - DAG(s) dict_keys(['my_sample_dag']) retrieved from /opt/airflow/dags/firstDag.py
[2021-04-30 10:37:20,826] {logging_mixin.py:104} INFO - [2021-04-30 10:37:20,826] {dag.py:1818} INFO - Sync 1 DAGs
[2021-04-30 10:37:20,840] {logging_mixin.py:104} INFO - [2021-04-30 10:37:20,840] {dag.py:2273} INFO - Setting next_dagrun for my_sample_dag to None
[2021-04-30 10:37:20,848] {scheduler_job.py:190} INFO - Processing /opt/airflow/dags/firstDag.py took 0.065 seconds
[2021-04-30 10:37:51,033] {scheduler_job.py:182} INFO - Started process (PID=4932) to work on /opt/airflow/dags/firstDag.py
[2021-04-30 10:37:51,034] {scheduler_job.py:629} INFO - Processing file /opt/airflow/dags/firstDag.py for tasks to queue
[2021-04-30 10:37:51,036] {logging_mixin.py:104} INFO - [2021-04-30 10:37:51,036] {dagbag.py:448} INFO - Filling up the DagBag from /opt/airflow/dags/firstDag.py
[2021-04-30 10:37:51,051] {scheduler_job.py:639} INFO - DAG(s) dict_keys(['my_sample_dag']) retrieved from /opt/airflow/dags/firstDag.py
[2021-04-30 10:37:51,071] {logging_mixin.py:104} INFO - [2021-04-30 10:37:51,071] {dag.py:1818} INFO - Sync 1 DAGs
[2021-04-30 10:37:51,085] {logging_mixin.py:104} INFO - [2021-04-30 10:37:51,085] {dag.py:2273} INFO - Setting next_dagrun for my_sample_dag to None
[2021-04-30 10:37:51,093] {scheduler_job.py:190} INFO - Processing /opt/airflow/dags/firstDag.py took 0.064 seconds
[2021-04-30 10:38:21,301] {scheduler_job.py:182} INFO - Started process (PID=4937) to work on /opt/airflow/dags/firstDag.py
[2021-04-30 10:38:21,304] {scheduler_job.py:629} INFO - Processing file /opt/airflow/dags/firstDag.py for tasks to queue
[2021-04-30 10:38:21,305] {logging_mixin.py:104} INFO - [2021-04-30 10:38:21,305] {dagbag.py:448} INFO - Filling up the DagBag from /opt/airflow/dags/firstDag.py
[2021-04-30 10:38:21,321] {scheduler_job.py:639} INFO - DAG(s) dict_keys(['my_sample_dag']) retrieved from /opt/airflow/dags/firstDag.py
[2021-04-30 10:38:21,341] {logging_mixin.py:104} INFO - [2021-04-30 10:38:21,341] {dag.py:1818} INFO - Sync 1 DAGs
[2021-04-30 10:38:21,355] {logging_mixin.py:104} INFO - [2021-04-30 10:38:21,355] {dag.py:2273} INFO - Setting next_dagrun for my_sample_dag to None
[2021-04-30 10:38:21,363] {scheduler_job.py:190} INFO - Processing /opt/airflow/dags/firstDag.py took 0.066 seconds
[2021-04-30 10:38:51,728] {scheduler_job.py:182} INFO - Started process (PID=4942) to work on /opt/airflow/dags/firstDag.py
[2021-04-30 10:38:51,730] {scheduler_job.py:629} INFO - Processing file /opt/airflow/dags/firstDag.py for tasks to queue
[2021-04-30 10:38:51,731] {logging_mixin.py:104} INFO - [2021-04-30 10:38:51,731] {dagbag.py:448} INFO - Filling up the DagBag from /opt/airflow/dags/firstDag.py
[2021-04-30 10:38:51,750] {scheduler_job.py:639} INFO - DAG(s) dict_keys(['my_sample_dag']) retrieved from /opt/airflow/dags/firstDag.py
[2021-04-30 10:38:51,770] {logging_mixin.py:104} INFO - [2021-04-30 10:38:51,770] {dag.py:1818} INFO - Sync 1 DAGs
[2021-04-30 10:38:51,786] {logging_mixin.py:104} INFO - [2021-04-30 10:38:51,786] {dag.py:2273} INFO - Setting next_dagrun for my_sample_dag to None
[2021-04-30 10:38:51,795] {scheduler_job.py:190} INFO - Processing /opt/airflow/dags/firstDag.py took 0.071 seconds
[2021-04-30 10:39:22,043] {scheduler_job.py:182} INFO - Started process (PID=4947) to work on /opt/airflow/dags/firstDag.py
[2021-04-30 10:39:22,046] {scheduler_job.py:629} INFO - Processing file /opt/airflow/dags/firstDag.py for tasks to queue
[2021-04-30 10:39:22,047] {logging_mixin.py:104} INFO - [2021-04-30 10:39:22,047] {dagbag.py:448} INFO - Filling up the DagBag from /opt/airflow/dags/firstDag.py
[2021-04-30 10:39:22,065] {scheduler_job.py:639} INFO - DAG(s) dict_keys(['my_sample_dag']) retrieved from /opt/airflow/dags/firstDag.py
[2021-04-30 10:39:22,084] {logging_mixin.py:104} INFO - [2021-04-30 10:39:22,084] {dag.py:1818} INFO - Sync 1 DAGs
[2021-04-30 10:39:22,099] {logging_mixin.py:104} INFO - [2021-04-30 10:39:22,099] {dag.py:2273} INFO - Setting next_dagrun for my_sample_dag to None
[2021-04-30 10:39:22,106] {scheduler_job.py:190} INFO - Processing /opt/airflow/dags/firstDag.py took 0.067 seconds
[2021-04-30 10:39:52,383] {scheduler_job.py:182} INFO - Started process (PID=4952) to work on /opt/airflow/dags/firstDag.py
[2021-04-30 10:39:52,384] {scheduler_job.py:629} INFO - Processing file /opt/airflow/dags/firstDag.py for tasks to queue
[2021-04-30 10:39:52,386] {logging_mixin.py:104} INFO - [2021-04-30 10:39:52,386] {dagbag.py:448} INFO - Filling up the DagBag from /opt/airflow/dags/firstDag.py
[2021-04-30 10:39:52,402] {scheduler_job.py:639} INFO - DAG(s) dict_keys(['my_sample_dag']) retrieved from /opt/airflow/dags/firstDag.py
[2021-04-30 10:39:52,422] {logging_mixin.py:104} INFO - [2021-04-30 10:39:52,422] {dag.py:1818} INFO - Sync 1 DAGs
[2021-04-30 10:39:52,437] {logging_mixin.py:104} INFO - [2021-04-30 10:39:52,437] {dag.py:2273} INFO - Setting next_dagrun for my_sample_dag to None
[2021-04-30 10:39:52,444] {scheduler_job.py:190} INFO - Processing /opt/airflow/dags/firstDag.py took 0.065 seconds
[2021-04-30 10:40:22,708] {scheduler_job.py:182} INFO - Started process (PID=4957) to work on /opt/airflow/dags/firstDag.py
[2021-04-30 10:40:22,710] {scheduler_job.py:629} INFO - Processing file /opt/airflow/dags/firstDag.py for tasks to queue
[2021-04-30 10:40:22,711] {logging_mixin.py:104} INFO - [2021-04-30 10:40:22,711] {dagbag.py:448} INFO - Filling up the DagBag from /opt/airflow/dags/firstDag.py
[2021-04-30 10:40:22,727] {scheduler_job.py:639} INFO - DAG(s) dict_keys(['my_sample_dag']) retrieved from /opt/airflow/dags/firstDag.py
[2021-04-30 10:40:22,747] {logging_mixin.py:104} INFO - [2021-04-30 10:40:22,747] {dag.py:1818} INFO - Sync 1 DAGs
[2021-04-30 10:40:22,765] {logging_mixin.py:104} INFO - [2021-04-30 10:40:22,765] {dag.py:2273} INFO - Setting next_dagrun for my_sample_dag to None
[2021-04-30 10:40:22,775] {scheduler_job.py:190} INFO - Processing /opt/airflow/dags/firstDag.py took 0.071 seconds
[2021-04-30 10:40:53,018] {scheduler_job.py:182} INFO - Started process (PID=4962) to work on /opt/airflow/dags/firstDag.py
[2021-04-30 10:40:53,019] {scheduler_job.py:629} INFO - Processing file /opt/airflow/dags/firstDag.py for tasks to queue
[2021-04-30 10:40:53,021] {logging_mixin.py:104} INFO - [2021-04-30 10:40:53,021] {dagbag.py:448} INFO - Filling up the DagBag from /opt/airflow/dags/firstDag.py
[2021-04-30 10:40:53,038] {scheduler_job.py:639} INFO - DAG(s) dict_keys(['my_sample_dag']) retrieved from /opt/airflow/dags/firstDag.py
[2021-04-30 10:40:53,060] {logging_mixin.py:104} INFO - [2021-04-30 10:40:53,059] {dag.py:1818} INFO - Sync 1 DAGs
[2021-04-30 10:40:53,074] {logging_mixin.py:104} INFO - [2021-04-30 10:40:53,074] {dag.py:2273} INFO - Setting next_dagrun for my_sample_dag to None
[2021-04-30 10:40:53,082] {scheduler_job.py:190} INFO - Processing /opt/airflow/dags/firstDag.py took 0.068 seconds
[2021-04-30 10:41:23,353] {scheduler_job.py:182} INFO - Started process (PID=4967) to work on /opt/airflow/dags/firstDag.py
[2021-04-30 10:41:23,354] {scheduler_job.py:629} INFO - Processing file /opt/airflow/dags/firstDag.py for tasks to queue
[2021-04-30 10:41:23,356] {logging_mixin.py:104} INFO - [2021-04-30 10:41:23,356] {dagbag.py:448} INFO - Filling up the DagBag from /opt/airflow/dags/firstDag.py
[2021-04-30 10:41:23,372] {scheduler_job.py:639} INFO - DAG(s) dict_keys(['my_sample_dag']) retrieved from /opt/airflow/dags/firstDag.py
[2021-04-30 10:41:23,392] {logging_mixin.py:104} INFO - [2021-04-30 10:41:23,392] {dag.py:1818} INFO - Sync 1 DAGs
[2021-04-30 10:41:23,406] {logging_mixin.py:104} INFO - [2021-04-30 10:41:23,406] {dag.py:2273} INFO - Setting next_dagrun for my_sample_dag to None
[2021-04-30 10:41:23,413] {scheduler_job.py:190} INFO - Processing /opt/airflow/dags/firstDag.py took 0.065 seconds
[2021-04-30 10:41:53,683] {scheduler_job.py:182} INFO - Started process (PID=4972) to work on /opt/airflow/dags/firstDag.py
[2021-04-30 10:41:53,686] {scheduler_job.py:629} INFO - Processing file /opt/airflow/dags/firstDag.py for tasks to queue
[2021-04-30 10:41:53,689] {logging_mixin.py:104} INFO - [2021-04-30 10:41:53,688] {dagbag.py:448} INFO - Filling up the DagBag from /opt/airflow/dags/firstDag.py
[2021-04-30 10:41:53,706] {scheduler_job.py:639} INFO - DAG(s) dict_keys(['my_sample_dag']) retrieved from /opt/airflow/dags/firstDag.py
[2021-04-30 10:41:53,727] {logging_mixin.py:104} INFO - [2021-04-30 10:41:53,727] {dag.py:1818} INFO - Sync 1 DAGs
[2021-04-30 10:41:53,742] {logging_mixin.py:104} INFO - [2021-04-30 10:41:53,742] {dag.py:2273} INFO - Setting next_dagrun for my_sample_dag to None
[2021-04-30 10:41:53,749] {scheduler_job.py:190} INFO - Processing /opt/airflow/dags/firstDag.py took 0.070 seconds
[2021-04-30 10:42:24,002] {scheduler_job.py:182} INFO - Started process (PID=4977) to work on /opt/airflow/dags/firstDag.py
[2021-04-30 10:42:24,005] {scheduler_job.py:629} INFO - Processing file /opt/airflow/dags/firstDag.py for tasks to queue
[2021-04-30 10:42:24,006] {logging_mixin.py:104} INFO - [2021-04-30 10:42:24,006] {dagbag.py:448} INFO - Filling up the DagBag from /opt/airflow/dags/firstDag.py
[2021-04-30 10:42:24,024] {scheduler_job.py:639} INFO - DAG(s) dict_keys(['my_sample_dag']) retrieved from /opt/airflow/dags/firstDag.py
[2021-04-30 10:42:24,045] {logging_mixin.py:104} INFO - [2021-04-30 10:42:24,045] {dag.py:1818} INFO - Sync 1 DAGs
[2021-04-30 10:42:24,060] {logging_mixin.py:104} INFO - [2021-04-30 10:42:24,060] {dag.py:2273} INFO - Setting next_dagrun for my_sample_dag to None
[2021-04-30 10:42:24,068] {scheduler_job.py:190} INFO - Processing /opt/airflow/dags/firstDag.py took 0.078 seconds
[2021-04-30 10:42:54,313] {scheduler_job.py:182} INFO - Started process (PID=4982) to work on /opt/airflow/dags/firstDag.py
[2021-04-30 10:42:54,315] {scheduler_job.py:629} INFO - Processing file /opt/airflow/dags/firstDag.py for tasks to queue
[2021-04-30 10:42:54,316] {logging_mixin.py:104} INFO - [2021-04-30 10:42:54,316] {dagbag.py:448} INFO - Filling up the DagBag from /opt/airflow/dags/firstDag.py
[2021-04-30 10:42:54,332] {scheduler_job.py:639} INFO - DAG(s) dict_keys(['my_sample_dag']) retrieved from /opt/airflow/dags/firstDag.py
[2021-04-30 10:42:54,351] {logging_mixin.py:104} INFO - [2021-04-30 10:42:54,351] {dag.py:1818} INFO - Sync 1 DAGs
[2021-04-30 10:42:54,365] {logging_mixin.py:104} INFO - [2021-04-30 10:42:54,365] {dag.py:2273} INFO - Setting next_dagrun for my_sample_dag to None
[2021-04-30 10:42:54,372] {scheduler_job.py:190} INFO - Processing /opt/airflow/dags/firstDag.py took 0.063 seconds
[2021-04-30 10:43:24,619] {scheduler_job.py:182} INFO - Started process (PID=4987) to work on /opt/airflow/dags/firstDag.py
[2021-04-30 10:43:24,621] {scheduler_job.py:629} INFO - Processing file /opt/airflow/dags/firstDag.py for tasks to queue
[2021-04-30 10:43:24,622] {logging_mixin.py:104} INFO - [2021-04-30 10:43:24,622] {dagbag.py:448} INFO - Filling up the DagBag from /opt/airflow/dags/firstDag.py
[2021-04-30 10:43:24,638] {scheduler_job.py:639} INFO - DAG(s) dict_keys(['my_sample_dag']) retrieved from /opt/airflow/dags/firstDag.py
[2021-04-30 10:43:24,660] {logging_mixin.py:104} INFO - [2021-04-30 10:43:24,660] {dag.py:1818} INFO - Sync 1 DAGs
[2021-04-30 10:43:24,675] {logging_mixin.py:104} INFO - [2021-04-30 10:43:24,675] {dag.py:2273} INFO - Setting next_dagrun for my_sample_dag to None
[2021-04-30 10:43:24,682] {scheduler_job.py:190} INFO - Processing /opt/airflow/dags/firstDag.py took 0.067 seconds
[2021-04-30 10:43:54,978] {scheduler_job.py:182} INFO - Started process (PID=4992) to work on /opt/airflow/dags/firstDag.py
[2021-04-30 10:43:54,982] {scheduler_job.py:629} INFO - Processing file /opt/airflow/dags/firstDag.py for tasks to queue
[2021-04-30 10:43:54,984] {logging_mixin.py:104} INFO - [2021-04-30 10:43:54,984] {dagbag.py:448} INFO - Filling up the DagBag from /opt/airflow/dags/firstDag.py
[2021-04-30 10:43:55,003] {scheduler_job.py:639} INFO - DAG(s) dict_keys(['my_sample_dag']) retrieved from /opt/airflow/dags/firstDag.py
[2021-04-30 10:43:55,025] {logging_mixin.py:104} INFO - [2021-04-30 10:43:55,025] {dag.py:1818} INFO - Sync 1 DAGs
[2021-04-30 10:43:55,041] {logging_mixin.py:104} INFO - [2021-04-30 10:43:55,041] {dag.py:2273} INFO - Setting next_dagrun for my_sample_dag to None
[2021-04-30 10:43:55,048] {scheduler_job.py:190} INFO - Processing /opt/airflow/dags/firstDag.py took 0.075 seconds
[2021-04-30 10:44:25,391] {scheduler_job.py:182} INFO - Started process (PID=4997) to work on /opt/airflow/dags/firstDag.py
[2021-04-30 10:44:25,393] {scheduler_job.py:629} INFO - Processing file /opt/airflow/dags/firstDag.py for tasks to queue
[2021-04-30 10:44:25,394] {logging_mixin.py:104} INFO - [2021-04-30 10:44:25,394] {dagbag.py:448} INFO - Filling up the DagBag from /opt/airflow/dags/firstDag.py
[2021-04-30 10:44:25,410] {scheduler_job.py:639} INFO - DAG(s) dict_keys(['my_sample_dag']) retrieved from /opt/airflow/dags/firstDag.py
[2021-04-30 10:44:25,431] {logging_mixin.py:104} INFO - [2021-04-30 10:44:25,431] {dag.py:1818} INFO - Sync 1 DAGs
[2021-04-30 10:44:25,447] {logging_mixin.py:104} INFO - [2021-04-30 10:44:25,447] {dag.py:2273} INFO - Setting next_dagrun for my_sample_dag to None
[2021-04-30 10:44:25,455] {scheduler_job.py:190} INFO - Processing /opt/airflow/dags/firstDag.py took 0.068 seconds
[2021-04-30 10:44:55,734] {scheduler_job.py:182} INFO - Started process (PID=5002) to work on /opt/airflow/dags/firstDag.py
[2021-04-30 10:44:55,736] {scheduler_job.py:629} INFO - Processing file /opt/airflow/dags/firstDag.py for tasks to queue
[2021-04-30 10:44:55,737] {logging_mixin.py:104} INFO - [2021-04-30 10:44:55,737] {dagbag.py:448} INFO - Filling up the DagBag from /opt/airflow/dags/firstDag.py
[2021-04-30 10:44:55,762] {scheduler_job.py:639} INFO - DAG(s) dict_keys(['my_sample_dag']) retrieved from /opt/airflow/dags/firstDag.py
[2021-04-30 10:44:55,781] {logging_mixin.py:104} INFO - [2021-04-30 10:44:55,781] {dag.py:1818} INFO - Sync 1 DAGs
[2021-04-30 10:44:55,801] {logging_mixin.py:104} INFO - [2021-04-30 10:44:55,801] {dag.py:2273} INFO - Setting next_dagrun for my_sample_dag to None
[2021-04-30 10:44:55,811] {scheduler_job.py:190} INFO - Processing /opt/airflow/dags/firstDag.py took 0.081 seconds
[2021-04-30 10:45:26,046] {scheduler_job.py:182} INFO - Started process (PID=5007) to work on /opt/airflow/dags/firstDag.py
[2021-04-30 10:45:26,048] {scheduler_job.py:629} INFO - Processing file /opt/airflow/dags/firstDag.py for tasks to queue
[2021-04-30 10:45:26,049] {logging_mixin.py:104} INFO - [2021-04-30 10:45:26,049] {dagbag.py:448} INFO - Filling up the DagBag from /opt/airflow/dags/firstDag.py
[2021-04-30 10:45:26,065] {scheduler_job.py:639} INFO - DAG(s) dict_keys(['my_sample_dag']) retrieved from /opt/airflow/dags/firstDag.py
[2021-04-30 10:45:26,084] {logging_mixin.py:104} INFO - [2021-04-30 10:45:26,084] {dag.py:1818} INFO - Sync 1 DAGs
[2021-04-30 10:45:26,098] {logging_mixin.py:104} INFO - [2021-04-30 10:45:26,098] {dag.py:2273} INFO - Setting next_dagrun for my_sample_dag to None
[2021-04-30 10:45:26,106] {scheduler_job.py:190} INFO - Processing /opt/airflow/dags/firstDag.py took 0.064 seconds
[2021-04-30 10:45:56,379] {scheduler_job.py:182} INFO - Started process (PID=5012) to work on /opt/airflow/dags/firstDag.py
[2021-04-30 10:45:56,381] {scheduler_job.py:629} INFO - Processing file /opt/airflow/dags/firstDag.py for tasks to queue
[2021-04-30 10:45:56,382] {logging_mixin.py:104} INFO - [2021-04-30 10:45:56,382] {dagbag.py:448} INFO - Filling up the DagBag from /opt/airflow/dags/firstDag.py
[2021-04-30 10:45:56,399] {scheduler_job.py:639} INFO - DAG(s) dict_keys(['my_sample_dag']) retrieved from /opt/airflow/dags/firstDag.py
[2021-04-30 10:45:56,418] {logging_mixin.py:104} INFO - [2021-04-30 10:45:56,418] {dag.py:1818} INFO - Sync 1 DAGs
[2021-04-30 10:45:56,432] {logging_mixin.py:104} INFO - [2021-04-30 10:45:56,432] {dag.py:2273} INFO - Setting next_dagrun for my_sample_dag to None
[2021-04-30 10:45:56,439] {scheduler_job.py:190} INFO - Processing /opt/airflow/dags/firstDag.py took 0.063 seconds
[2021-04-30 10:46:26,702] {scheduler_job.py:182} INFO - Started process (PID=5017) to work on /opt/airflow/dags/firstDag.py
[2021-04-30 10:46:26,707] {scheduler_job.py:629} INFO - Processing file /opt/airflow/dags/firstDag.py for tasks to queue
[2021-04-30 10:46:26,709] {logging_mixin.py:104} INFO - [2021-04-30 10:46:26,708] {dagbag.py:448} INFO - Filling up the DagBag from /opt/airflow/dags/firstDag.py
[2021-04-30 10:46:26,727] {scheduler_job.py:639} INFO - DAG(s) dict_keys(['my_sample_dag']) retrieved from /opt/airflow/dags/firstDag.py
[2021-04-30 10:46:26,747] {logging_mixin.py:104} INFO - [2021-04-30 10:46:26,747] {dag.py:1818} INFO - Sync 1 DAGs
[2021-04-30 10:46:26,762] {logging_mixin.py:104} INFO - [2021-04-30 10:46:26,762] {dag.py:2273} INFO - Setting next_dagrun for my_sample_dag to None
[2021-04-30 10:46:26,769] {scheduler_job.py:190} INFO - Processing /opt/airflow/dags/firstDag.py took 0.072 seconds
[2021-04-30 10:46:57,021] {scheduler_job.py:182} INFO - Started process (PID=5022) to work on /opt/airflow/dags/firstDag.py
[2021-04-30 10:46:57,023] {scheduler_job.py:629} INFO - Processing file /opt/airflow/dags/firstDag.py for tasks to queue
[2021-04-30 10:46:57,024] {logging_mixin.py:104} INFO - [2021-04-30 10:46:57,024] {dagbag.py:448} INFO - Filling up the DagBag from /opt/airflow/dags/firstDag.py
[2021-04-30 10:46:57,041] {scheduler_job.py:639} INFO - DAG(s) dict_keys(['my_sample_dag']) retrieved from /opt/airflow/dags/firstDag.py
[2021-04-30 10:46:57,060] {logging_mixin.py:104} INFO - [2021-04-30 10:46:57,060] {dag.py:1818} INFO - Sync 1 DAGs
[2021-04-30 10:46:57,074] {logging_mixin.py:104} INFO - [2021-04-30 10:46:57,073] {dag.py:2273} INFO - Setting next_dagrun for my_sample_dag to None
[2021-04-30 10:46:57,081] {scheduler_job.py:190} INFO - Processing /opt/airflow/dags/firstDag.py took 0.064 seconds
[2021-04-30 10:47:27,364] {scheduler_job.py:182} INFO - Started process (PID=5027) to work on /opt/airflow/dags/firstDag.py
[2021-04-30 10:47:27,366] {scheduler_job.py:629} INFO - Processing file /opt/airflow/dags/firstDag.py for tasks to queue
[2021-04-30 10:47:27,368] {logging_mixin.py:104} INFO - [2021-04-30 10:47:27,368] {dagbag.py:448} INFO - Filling up the DagBag from /opt/airflow/dags/firstDag.py
[2021-04-30 10:47:27,383] {scheduler_job.py:639} INFO - DAG(s) dict_keys(['my_sample_dag']) retrieved from /opt/airflow/dags/firstDag.py
[2021-04-30 10:47:27,402] {logging_mixin.py:104} INFO - [2021-04-30 10:47:27,402] {dag.py:1818} INFO - Sync 1 DAGs
[2021-04-30 10:47:27,416] {logging_mixin.py:104} INFO - [2021-04-30 10:47:27,415] {dag.py:2273} INFO - Setting next_dagrun for my_sample_dag to None
[2021-04-30 10:47:27,423] {scheduler_job.py:190} INFO - Processing /opt/airflow/dags/firstDag.py took 0.063 seconds
[2021-04-30 10:47:57,673] {scheduler_job.py:182} INFO - Started process (PID=5032) to work on /opt/airflow/dags/firstDag.py
[2021-04-30 10:47:57,675] {scheduler_job.py:629} INFO - Processing file /opt/airflow/dags/firstDag.py for tasks to queue
[2021-04-30 10:47:57,676] {logging_mixin.py:104} INFO - [2021-04-30 10:47:57,676] {dagbag.py:448} INFO - Filling up the DagBag from /opt/airflow/dags/firstDag.py
[2021-04-30 10:47:57,695] {scheduler_job.py:639} INFO - DAG(s) dict_keys(['my_sample_dag']) retrieved from /opt/airflow/dags/firstDag.py
[2021-04-30 10:47:57,721] {logging_mixin.py:104} INFO - [2021-04-30 10:47:57,721] {dag.py:1818} INFO - Sync 1 DAGs
[2021-04-30 10:47:57,738] {logging_mixin.py:104} INFO - [2021-04-30 10:47:57,737] {dag.py:2273} INFO - Setting next_dagrun for my_sample_dag to None
[2021-04-30 10:47:57,745] {scheduler_job.py:190} INFO - Processing /opt/airflow/dags/firstDag.py took 0.076 seconds
[2021-04-30 10:48:28,005] {scheduler_job.py:182} INFO - Started process (PID=5037) to work on /opt/airflow/dags/firstDag.py
[2021-04-30 10:48:28,008] {scheduler_job.py:629} INFO - Processing file /opt/airflow/dags/firstDag.py for tasks to queue
[2021-04-30 10:48:28,010] {logging_mixin.py:104} INFO - [2021-04-30 10:48:28,010] {dagbag.py:448} INFO - Filling up the DagBag from /opt/airflow/dags/firstDag.py
[2021-04-30 10:48:28,034] {scheduler_job.py:639} INFO - DAG(s) dict_keys(['my_sample_dag']) retrieved from /opt/airflow/dags/firstDag.py
[2021-04-30 10:48:28,056] {logging_mixin.py:104} INFO - [2021-04-30 10:48:28,055] {dag.py:1818} INFO - Sync 1 DAGs
[2021-04-30 10:48:28,079] {logging_mixin.py:104} INFO - [2021-04-30 10:48:28,079] {dag.py:2273} INFO - Setting next_dagrun for my_sample_dag to None
[2021-04-30 10:48:28,086] {scheduler_job.py:190} INFO - Processing /opt/airflow/dags/firstDag.py took 0.085 seconds
[2021-04-30 10:48:58,379] {scheduler_job.py:182} INFO - Started process (PID=5042) to work on /opt/airflow/dags/firstDag.py
[2021-04-30 10:48:58,381] {scheduler_job.py:629} INFO - Processing file /opt/airflow/dags/firstDag.py for tasks to queue
[2021-04-30 10:48:58,382] {logging_mixin.py:104} INFO - [2021-04-30 10:48:58,382] {dagbag.py:448} INFO - Filling up the DagBag from /opt/airflow/dags/firstDag.py
[2021-04-30 10:48:58,398] {scheduler_job.py:639} INFO - DAG(s) dict_keys(['my_sample_dag']) retrieved from /opt/airflow/dags/firstDag.py
[2021-04-30 10:48:58,422] {logging_mixin.py:104} INFO - [2021-04-30 10:48:58,422] {dag.py:1818} INFO - Sync 1 DAGs
[2021-04-30 10:48:58,442] {logging_mixin.py:104} INFO - [2021-04-30 10:48:58,441] {dag.py:2273} INFO - Setting next_dagrun for my_sample_dag to None
[2021-04-30 10:48:58,451] {scheduler_job.py:190} INFO - Processing /opt/airflow/dags/firstDag.py took 0.076 seconds
