[2021-04-30 00:33:09,174] {scheduler_job.py:182} INFO - Started process (PID=4677) to work on /opt/airflow/dags/kubernetesSparkOperator.py
[2021-04-30 00:33:09,178] {scheduler_job.py:629} INFO - Processing file /opt/airflow/dags/kubernetesSparkOperator.py for tasks to queue
[2021-04-30 00:33:09,179] {logging_mixin.py:104} INFO - [2021-04-30 00:33:09,179] {dagbag.py:448} INFO - Filling up the DagBag from /opt/airflow/dags/kubernetesSparkOperator.py
[2021-04-30 00:33:09,241] {logging_mixin.py:104} WARNING - /home/airflow/.local/lib/python3.6/site-packages/airflow/providers/cncf/kubernetes/backcompat/backwards_compat_converters.py:26 DeprecationWarning: This module is deprecated. Please use `kubernetes.client.models.V1Volume`.
[2021-04-30 00:33:09,242] {logging_mixin.py:104} WARNING - /home/airflow/.local/lib/python3.6/site-packages/airflow/providers/cncf/kubernetes/backcompat/backwards_compat_converters.py:27 DeprecationWarning: This module is deprecated. Please use `kubernetes.client.models.V1VolumeMount`.
[2021-04-30 00:33:09,252] {scheduler_job.py:639} INFO - DAG(s) dict_keys(['spark-1-example_kubernetes_pod']) retrieved from /opt/airflow/dags/kubernetesSparkOperator.py
[2021-04-30 00:33:09,272] {logging_mixin.py:104} INFO - [2021-04-30 00:33:09,272] {dag.py:1818} INFO - Sync 1 DAGs
[2021-04-30 00:33:09,288] {logging_mixin.py:104} INFO - [2021-04-30 00:33:09,288] {dag.py:2273} INFO - Setting next_dagrun for spark-1-example_kubernetes_pod to None
[2021-04-30 00:33:09,295] {scheduler_job.py:190} INFO - Processing /opt/airflow/dags/kubernetesSparkOperator.py took 0.125 seconds
[2021-04-30 04:33:35,349] {scheduler_job.py:182} INFO - Started process (PID=4682) to work on /opt/airflow/dags/kubernetesSparkOperator.py
[2021-04-30 04:33:35,353] {scheduler_job.py:629} INFO - Processing file /opt/airflow/dags/kubernetesSparkOperator.py for tasks to queue
[2021-04-30 04:33:35,355] {logging_mixin.py:104} INFO - [2021-04-30 04:33:35,354] {dagbag.py:448} INFO - Filling up the DagBag from /opt/airflow/dags/kubernetesSparkOperator.py
[2021-04-30 04:33:35,428] {logging_mixin.py:104} WARNING - /home/airflow/.local/lib/python3.6/site-packages/airflow/providers/cncf/kubernetes/backcompat/backwards_compat_converters.py:26 DeprecationWarning: This module is deprecated. Please use `kubernetes.client.models.V1Volume`.
[2021-04-30 04:33:35,431] {logging_mixin.py:104} WARNING - /home/airflow/.local/lib/python3.6/site-packages/airflow/providers/cncf/kubernetes/backcompat/backwards_compat_converters.py:27 DeprecationWarning: This module is deprecated. Please use `kubernetes.client.models.V1VolumeMount`.
[2021-04-30 04:33:35,448] {scheduler_job.py:639} INFO - DAG(s) dict_keys(['spark-1-example_kubernetes_pod']) retrieved from /opt/airflow/dags/kubernetesSparkOperator.py
[2021-04-30 04:33:35,482] {logging_mixin.py:104} INFO - [2021-04-30 04:33:35,482] {dag.py:1818} INFO - Sync 1 DAGs
[2021-04-30 04:33:35,499] {logging_mixin.py:104} INFO - [2021-04-30 04:33:35,499] {dag.py:2273} INFO - Setting next_dagrun for spark-1-example_kubernetes_pod to None
[2021-04-30 04:33:35,507] {scheduler_job.py:190} INFO - Processing /opt/airflow/dags/kubernetesSparkOperator.py took 0.161 seconds
[2021-04-30 08:33:37,893] {scheduler_job.py:182} INFO - Started process (PID=4687) to work on /opt/airflow/dags/kubernetesSparkOperator.py
[2021-04-30 08:33:37,912] {scheduler_job.py:629} INFO - Processing file /opt/airflow/dags/kubernetesSparkOperator.py for tasks to queue
[2021-04-30 08:33:37,927] {logging_mixin.py:104} INFO - [2021-04-30 08:33:37,926] {dagbag.py:448} INFO - Filling up the DagBag from /opt/airflow/dags/kubernetesSparkOperator.py
[2021-04-30 08:33:38,209] {logging_mixin.py:104} WARNING - /home/airflow/.local/lib/python3.6/site-packages/airflow/providers/cncf/kubernetes/backcompat/backwards_compat_converters.py:26 DeprecationWarning: This module is deprecated. Please use `kubernetes.client.models.V1Volume`.
[2021-04-30 08:33:38,236] {logging_mixin.py:104} WARNING - /home/airflow/.local/lib/python3.6/site-packages/airflow/providers/cncf/kubernetes/backcompat/backwards_compat_converters.py:27 DeprecationWarning: This module is deprecated. Please use `kubernetes.client.models.V1VolumeMount`.
[2021-04-30 08:33:38,347] {scheduler_job.py:639} INFO - DAG(s) dict_keys(['spark-1-example_kubernetes_pod']) retrieved from /opt/airflow/dags/kubernetesSparkOperator.py
[2021-04-30 08:33:38,454] {logging_mixin.py:104} INFO - [2021-04-30 08:33:38,453] {dag.py:1818} INFO - Sync 1 DAGs
[2021-04-30 08:33:38,540] {logging_mixin.py:104} INFO - [2021-04-30 08:33:38,540] {dag.py:2273} INFO - Setting next_dagrun for spark-1-example_kubernetes_pod to None
[2021-04-30 08:33:38,584] {scheduler_job.py:190} INFO - Processing /opt/airflow/dags/kubernetesSparkOperator.py took 0.710 seconds
[2021-04-30 10:13:34,258] {scheduler_job.py:182} INFO - Started process (PID=4692) to work on /opt/airflow/dags/kubernetesSparkOperator.py
[2021-04-30 10:13:34,271] {scheduler_job.py:629} INFO - Processing file /opt/airflow/dags/kubernetesSparkOperator.py for tasks to queue
[2021-04-30 10:13:34,279] {logging_mixin.py:104} INFO - [2021-04-30 10:13:34,279] {dagbag.py:448} INFO - Filling up the DagBag from /opt/airflow/dags/kubernetesSparkOperator.py
[2021-04-30 10:13:34,576] {logging_mixin.py:104} WARNING - /home/airflow/.local/lib/python3.6/site-packages/airflow/providers/cncf/kubernetes/backcompat/backwards_compat_converters.py:26 DeprecationWarning: This module is deprecated. Please use `kubernetes.client.models.V1Volume`.
[2021-04-30 10:13:34,584] {logging_mixin.py:104} WARNING - /home/airflow/.local/lib/python3.6/site-packages/airflow/providers/cncf/kubernetes/backcompat/backwards_compat_converters.py:27 DeprecationWarning: This module is deprecated. Please use `kubernetes.client.models.V1VolumeMount`.
[2021-04-30 10:13:34,637] {scheduler_job.py:639} INFO - DAG(s) dict_keys(['spark-1-example_kubernetes_pod']) retrieved from /opt/airflow/dags/kubernetesSparkOperator.py
[2021-04-30 10:13:34,748] {logging_mixin.py:104} INFO - [2021-04-30 10:13:34,748] {dag.py:1818} INFO - Sync 1 DAGs
[2021-04-30 10:13:34,835] {logging_mixin.py:104} INFO - [2021-04-30 10:13:34,835] {dag.py:2273} INFO - Setting next_dagrun for spark-1-example_kubernetes_pod to None
[2021-04-30 10:13:34,875] {scheduler_job.py:190} INFO - Processing /opt/airflow/dags/kubernetesSparkOperator.py took 0.636 seconds
[2021-04-30 10:14:05,244] {scheduler_job.py:182} INFO - Started process (PID=4698) to work on /opt/airflow/dags/kubernetesSparkOperator.py
[2021-04-30 10:14:05,246] {scheduler_job.py:629} INFO - Processing file /opt/airflow/dags/kubernetesSparkOperator.py for tasks to queue
[2021-04-30 10:14:05,247] {logging_mixin.py:104} INFO - [2021-04-30 10:14:05,247] {dagbag.py:448} INFO - Filling up the DagBag from /opt/airflow/dags/kubernetesSparkOperator.py
[2021-04-30 10:14:05,303] {logging_mixin.py:104} WARNING - /home/airflow/.local/lib/python3.6/site-packages/airflow/providers/cncf/kubernetes/backcompat/backwards_compat_converters.py:26 DeprecationWarning: This module is deprecated. Please use `kubernetes.client.models.V1Volume`.
[2021-04-30 10:14:05,304] {logging_mixin.py:104} WARNING - /home/airflow/.local/lib/python3.6/site-packages/airflow/providers/cncf/kubernetes/backcompat/backwards_compat_converters.py:27 DeprecationWarning: This module is deprecated. Please use `kubernetes.client.models.V1VolumeMount`.
[2021-04-30 10:14:05,313] {scheduler_job.py:639} INFO - DAG(s) dict_keys(['spark-1-example_kubernetes_pod']) retrieved from /opt/airflow/dags/kubernetesSparkOperator.py
[2021-04-30 10:14:05,333] {logging_mixin.py:104} INFO - [2021-04-30 10:14:05,333] {dag.py:1818} INFO - Sync 1 DAGs
[2021-04-30 10:14:05,346] {logging_mixin.py:104} INFO - [2021-04-30 10:14:05,346] {dag.py:2273} INFO - Setting next_dagrun for spark-1-example_kubernetes_pod to None
[2021-04-30 10:14:05,354] {scheduler_job.py:190} INFO - Processing /opt/airflow/dags/kubernetesSparkOperator.py took 0.114 seconds
[2021-04-30 10:14:35,645] {scheduler_job.py:182} INFO - Started process (PID=4703) to work on /opt/airflow/dags/kubernetesSparkOperator.py
[2021-04-30 10:14:35,647] {scheduler_job.py:629} INFO - Processing file /opt/airflow/dags/kubernetesSparkOperator.py for tasks to queue
[2021-04-30 10:14:35,648] {logging_mixin.py:104} INFO - [2021-04-30 10:14:35,648] {dagbag.py:448} INFO - Filling up the DagBag from /opt/airflow/dags/kubernetesSparkOperator.py
[2021-04-30 10:14:35,703] {logging_mixin.py:104} WARNING - /home/airflow/.local/lib/python3.6/site-packages/airflow/providers/cncf/kubernetes/backcompat/backwards_compat_converters.py:26 DeprecationWarning: This module is deprecated. Please use `kubernetes.client.models.V1Volume`.
[2021-04-30 10:14:35,705] {logging_mixin.py:104} WARNING - /home/airflow/.local/lib/python3.6/site-packages/airflow/providers/cncf/kubernetes/backcompat/backwards_compat_converters.py:27 DeprecationWarning: This module is deprecated. Please use `kubernetes.client.models.V1VolumeMount`.
[2021-04-30 10:14:35,714] {scheduler_job.py:639} INFO - DAG(s) dict_keys(['spark-1-example_kubernetes_pod']) retrieved from /opt/airflow/dags/kubernetesSparkOperator.py
[2021-04-30 10:14:35,756] {logging_mixin.py:104} INFO - [2021-04-30 10:14:35,756] {dag.py:1818} INFO - Sync 1 DAGs
[2021-04-30 10:14:35,802] {logging_mixin.py:104} INFO - [2021-04-30 10:14:35,801] {dag.py:2273} INFO - Setting next_dagrun for spark-1-example_kubernetes_pod to None
[2021-04-30 10:14:35,823] {scheduler_job.py:190} INFO - Processing /opt/airflow/dags/kubernetesSparkOperator.py took 0.182 seconds
[2021-04-30 10:15:05,977] {scheduler_job.py:182} INFO - Started process (PID=4708) to work on /opt/airflow/dags/kubernetesSparkOperator.py
[2021-04-30 10:15:05,979] {scheduler_job.py:629} INFO - Processing file /opt/airflow/dags/kubernetesSparkOperator.py for tasks to queue
[2021-04-30 10:15:05,980] {logging_mixin.py:104} INFO - [2021-04-30 10:15:05,980] {dagbag.py:448} INFO - Filling up the DagBag from /opt/airflow/dags/kubernetesSparkOperator.py
[2021-04-30 10:15:06,035] {logging_mixin.py:104} WARNING - /home/airflow/.local/lib/python3.6/site-packages/airflow/providers/cncf/kubernetes/backcompat/backwards_compat_converters.py:26 DeprecationWarning: This module is deprecated. Please use `kubernetes.client.models.V1Volume`.
[2021-04-30 10:15:06,036] {logging_mixin.py:104} WARNING - /home/airflow/.local/lib/python3.6/site-packages/airflow/providers/cncf/kubernetes/backcompat/backwards_compat_converters.py:27 DeprecationWarning: This module is deprecated. Please use `kubernetes.client.models.V1VolumeMount`.
[2021-04-30 10:15:06,046] {scheduler_job.py:639} INFO - DAG(s) dict_keys(['spark-1-example_kubernetes_pod']) retrieved from /opt/airflow/dags/kubernetesSparkOperator.py
[2021-04-30 10:15:06,069] {logging_mixin.py:104} INFO - [2021-04-30 10:15:06,069] {dag.py:1818} INFO - Sync 1 DAGs
[2021-04-30 10:15:06,088] {logging_mixin.py:104} INFO - [2021-04-30 10:15:06,088] {dag.py:2273} INFO - Setting next_dagrun for spark-1-example_kubernetes_pod to None
[2021-04-30 10:15:06,100] {scheduler_job.py:190} INFO - Processing /opt/airflow/dags/kubernetesSparkOperator.py took 0.127 seconds
[2021-04-30 10:15:36,353] {scheduler_job.py:182} INFO - Started process (PID=4713) to work on /opt/airflow/dags/kubernetesSparkOperator.py
[2021-04-30 10:15:36,355] {scheduler_job.py:629} INFO - Processing file /opt/airflow/dags/kubernetesSparkOperator.py for tasks to queue
[2021-04-30 10:15:36,356] {logging_mixin.py:104} INFO - [2021-04-30 10:15:36,356] {dagbag.py:448} INFO - Filling up the DagBag from /opt/airflow/dags/kubernetesSparkOperator.py
[2021-04-30 10:15:36,407] {logging_mixin.py:104} WARNING - /home/airflow/.local/lib/python3.6/site-packages/airflow/providers/cncf/kubernetes/backcompat/backwards_compat_converters.py:26 DeprecationWarning: This module is deprecated. Please use `kubernetes.client.models.V1Volume`.
[2021-04-30 10:15:36,408] {logging_mixin.py:104} WARNING - /home/airflow/.local/lib/python3.6/site-packages/airflow/providers/cncf/kubernetes/backcompat/backwards_compat_converters.py:27 DeprecationWarning: This module is deprecated. Please use `kubernetes.client.models.V1VolumeMount`.
[2021-04-30 10:15:36,419] {scheduler_job.py:639} INFO - DAG(s) dict_keys(['spark-1-example_kubernetes_pod']) retrieved from /opt/airflow/dags/kubernetesSparkOperator.py
[2021-04-30 10:15:36,438] {logging_mixin.py:104} INFO - [2021-04-30 10:15:36,438] {dag.py:1818} INFO - Sync 1 DAGs
[2021-04-30 10:15:36,451] {logging_mixin.py:104} INFO - [2021-04-30 10:15:36,451] {dag.py:2273} INFO - Setting next_dagrun for spark-1-example_kubernetes_pod to None
[2021-04-30 10:15:36,458] {scheduler_job.py:190} INFO - Processing /opt/airflow/dags/kubernetesSparkOperator.py took 0.109 seconds
[2021-04-30 10:16:06,682] {scheduler_job.py:182} INFO - Started process (PID=4718) to work on /opt/airflow/dags/kubernetesSparkOperator.py
[2021-04-30 10:16:06,684] {scheduler_job.py:629} INFO - Processing file /opt/airflow/dags/kubernetesSparkOperator.py for tasks to queue
[2021-04-30 10:16:06,685] {logging_mixin.py:104} INFO - [2021-04-30 10:16:06,685] {dagbag.py:448} INFO - Filling up the DagBag from /opt/airflow/dags/kubernetesSparkOperator.py
[2021-04-30 10:16:06,736] {logging_mixin.py:104} WARNING - /home/airflow/.local/lib/python3.6/site-packages/airflow/providers/cncf/kubernetes/backcompat/backwards_compat_converters.py:26 DeprecationWarning: This module is deprecated. Please use `kubernetes.client.models.V1Volume`.
[2021-04-30 10:16:06,738] {logging_mixin.py:104} WARNING - /home/airflow/.local/lib/python3.6/site-packages/airflow/providers/cncf/kubernetes/backcompat/backwards_compat_converters.py:27 DeprecationWarning: This module is deprecated. Please use `kubernetes.client.models.V1VolumeMount`.
[2021-04-30 10:16:06,748] {scheduler_job.py:639} INFO - DAG(s) dict_keys(['spark-1-example_kubernetes_pod']) retrieved from /opt/airflow/dags/kubernetesSparkOperator.py
[2021-04-30 10:16:06,770] {logging_mixin.py:104} INFO - [2021-04-30 10:16:06,770] {dag.py:1818} INFO - Sync 1 DAGs
[2021-04-30 10:16:06,785] {logging_mixin.py:104} INFO - [2021-04-30 10:16:06,785] {dag.py:2273} INFO - Setting next_dagrun for spark-1-example_kubernetes_pod to None
[2021-04-30 10:16:06,792] {scheduler_job.py:190} INFO - Processing /opt/airflow/dags/kubernetesSparkOperator.py took 0.114 seconds
[2021-04-30 10:16:37,016] {scheduler_job.py:182} INFO - Started process (PID=4723) to work on /opt/airflow/dags/kubernetesSparkOperator.py
[2021-04-30 10:16:37,018] {scheduler_job.py:629} INFO - Processing file /opt/airflow/dags/kubernetesSparkOperator.py for tasks to queue
[2021-04-30 10:16:37,019] {logging_mixin.py:104} INFO - [2021-04-30 10:16:37,019] {dagbag.py:448} INFO - Filling up the DagBag from /opt/airflow/dags/kubernetesSparkOperator.py
[2021-04-30 10:16:37,071] {logging_mixin.py:104} WARNING - /home/airflow/.local/lib/python3.6/site-packages/airflow/providers/cncf/kubernetes/backcompat/backwards_compat_converters.py:26 DeprecationWarning: This module is deprecated. Please use `kubernetes.client.models.V1Volume`.
[2021-04-30 10:16:37,072] {logging_mixin.py:104} WARNING - /home/airflow/.local/lib/python3.6/site-packages/airflow/providers/cncf/kubernetes/backcompat/backwards_compat_converters.py:27 DeprecationWarning: This module is deprecated. Please use `kubernetes.client.models.V1VolumeMount`.
[2021-04-30 10:16:37,083] {scheduler_job.py:639} INFO - DAG(s) dict_keys(['spark-1-example_kubernetes_pod']) retrieved from /opt/airflow/dags/kubernetesSparkOperator.py
[2021-04-30 10:16:37,104] {logging_mixin.py:104} INFO - [2021-04-30 10:16:37,104] {dag.py:1818} INFO - Sync 1 DAGs
[2021-04-30 10:16:37,117] {logging_mixin.py:104} INFO - [2021-04-30 10:16:37,117] {dag.py:2273} INFO - Setting next_dagrun for spark-1-example_kubernetes_pod to None
[2021-04-30 10:16:37,124] {scheduler_job.py:190} INFO - Processing /opt/airflow/dags/kubernetesSparkOperator.py took 0.112 seconds
[2021-04-30 10:17:07,403] {scheduler_job.py:182} INFO - Started process (PID=4728) to work on /opt/airflow/dags/kubernetesSparkOperator.py
[2021-04-30 10:17:07,405] {scheduler_job.py:629} INFO - Processing file /opt/airflow/dags/kubernetesSparkOperator.py for tasks to queue
[2021-04-30 10:17:07,406] {logging_mixin.py:104} INFO - [2021-04-30 10:17:07,406] {dagbag.py:448} INFO - Filling up the DagBag from /opt/airflow/dags/kubernetesSparkOperator.py
[2021-04-30 10:17:07,459] {logging_mixin.py:104} WARNING - /home/airflow/.local/lib/python3.6/site-packages/airflow/providers/cncf/kubernetes/backcompat/backwards_compat_converters.py:26 DeprecationWarning: This module is deprecated. Please use `kubernetes.client.models.V1Volume`.
[2021-04-30 10:17:07,461] {logging_mixin.py:104} WARNING - /home/airflow/.local/lib/python3.6/site-packages/airflow/providers/cncf/kubernetes/backcompat/backwards_compat_converters.py:27 DeprecationWarning: This module is deprecated. Please use `kubernetes.client.models.V1VolumeMount`.
[2021-04-30 10:17:07,472] {scheduler_job.py:639} INFO - DAG(s) dict_keys(['spark-1-example_kubernetes_pod']) retrieved from /opt/airflow/dags/kubernetesSparkOperator.py
[2021-04-30 10:17:07,493] {logging_mixin.py:104} INFO - [2021-04-30 10:17:07,493] {dag.py:1818} INFO - Sync 1 DAGs
[2021-04-30 10:17:07,508] {logging_mixin.py:104} INFO - [2021-04-30 10:17:07,508] {dag.py:2273} INFO - Setting next_dagrun for spark-1-example_kubernetes_pod to None
[2021-04-30 10:17:07,517] {scheduler_job.py:190} INFO - Processing /opt/airflow/dags/kubernetesSparkOperator.py took 0.118 seconds
[2021-04-30 10:17:37,676] {scheduler_job.py:182} INFO - Started process (PID=4733) to work on /opt/airflow/dags/kubernetesSparkOperator.py
[2021-04-30 10:17:37,678] {scheduler_job.py:629} INFO - Processing file /opt/airflow/dags/kubernetesSparkOperator.py for tasks to queue
[2021-04-30 10:17:37,679] {logging_mixin.py:104} INFO - [2021-04-30 10:17:37,679] {dagbag.py:448} INFO - Filling up the DagBag from /opt/airflow/dags/kubernetesSparkOperator.py
[2021-04-30 10:17:37,736] {logging_mixin.py:104} WARNING - /home/airflow/.local/lib/python3.6/site-packages/airflow/providers/cncf/kubernetes/backcompat/backwards_compat_converters.py:26 DeprecationWarning: This module is deprecated. Please use `kubernetes.client.models.V1Volume`.
[2021-04-30 10:17:37,738] {logging_mixin.py:104} WARNING - /home/airflow/.local/lib/python3.6/site-packages/airflow/providers/cncf/kubernetes/backcompat/backwards_compat_converters.py:27 DeprecationWarning: This module is deprecated. Please use `kubernetes.client.models.V1VolumeMount`.
[2021-04-30 10:17:37,746] {scheduler_job.py:639} INFO - DAG(s) dict_keys(['spark-1-example_kubernetes_pod']) retrieved from /opt/airflow/dags/kubernetesSparkOperator.py
[2021-04-30 10:17:37,767] {logging_mixin.py:104} INFO - [2021-04-30 10:17:37,767] {dag.py:1818} INFO - Sync 1 DAGs
[2021-04-30 10:17:37,783] {logging_mixin.py:104} INFO - [2021-04-30 10:17:37,783] {dag.py:2273} INFO - Setting next_dagrun for spark-1-example_kubernetes_pod to None
[2021-04-30 10:17:37,790] {scheduler_job.py:190} INFO - Processing /opt/airflow/dags/kubernetesSparkOperator.py took 0.118 seconds
[2021-04-30 10:18:08,056] {scheduler_job.py:182} INFO - Started process (PID=4738) to work on /opt/airflow/dags/kubernetesSparkOperator.py
[2021-04-30 10:18:08,057] {scheduler_job.py:629} INFO - Processing file /opt/airflow/dags/kubernetesSparkOperator.py for tasks to queue
[2021-04-30 10:18:08,058] {logging_mixin.py:104} INFO - [2021-04-30 10:18:08,058] {dagbag.py:448} INFO - Filling up the DagBag from /opt/airflow/dags/kubernetesSparkOperator.py
[2021-04-30 10:18:08,114] {logging_mixin.py:104} WARNING - /home/airflow/.local/lib/python3.6/site-packages/airflow/providers/cncf/kubernetes/backcompat/backwards_compat_converters.py:26 DeprecationWarning: This module is deprecated. Please use `kubernetes.client.models.V1Volume`.
[2021-04-30 10:18:08,116] {logging_mixin.py:104} WARNING - /home/airflow/.local/lib/python3.6/site-packages/airflow/providers/cncf/kubernetes/backcompat/backwards_compat_converters.py:27 DeprecationWarning: This module is deprecated. Please use `kubernetes.client.models.V1VolumeMount`.
[2021-04-30 10:18:08,125] {scheduler_job.py:639} INFO - DAG(s) dict_keys(['spark-1-example_kubernetes_pod']) retrieved from /opt/airflow/dags/kubernetesSparkOperator.py
[2021-04-30 10:18:08,146] {logging_mixin.py:104} INFO - [2021-04-30 10:18:08,145] {dag.py:1818} INFO - Sync 1 DAGs
[2021-04-30 10:18:08,161] {logging_mixin.py:104} INFO - [2021-04-30 10:18:08,161] {dag.py:2273} INFO - Setting next_dagrun for spark-1-example_kubernetes_pod to None
[2021-04-30 10:18:08,168] {scheduler_job.py:190} INFO - Processing /opt/airflow/dags/kubernetesSparkOperator.py took 0.116 seconds
[2021-04-30 10:18:38,429] {scheduler_job.py:182} INFO - Started process (PID=4743) to work on /opt/airflow/dags/kubernetesSparkOperator.py
[2021-04-30 10:18:38,430] {scheduler_job.py:629} INFO - Processing file /opt/airflow/dags/kubernetesSparkOperator.py for tasks to queue
[2021-04-30 10:18:38,432] {logging_mixin.py:104} INFO - [2021-04-30 10:18:38,431] {dagbag.py:448} INFO - Filling up the DagBag from /opt/airflow/dags/kubernetesSparkOperator.py
[2021-04-30 10:18:38,482] {logging_mixin.py:104} WARNING - /home/airflow/.local/lib/python3.6/site-packages/airflow/providers/cncf/kubernetes/backcompat/backwards_compat_converters.py:26 DeprecationWarning: This module is deprecated. Please use `kubernetes.client.models.V1Volume`.
[2021-04-30 10:18:38,484] {logging_mixin.py:104} WARNING - /home/airflow/.local/lib/python3.6/site-packages/airflow/providers/cncf/kubernetes/backcompat/backwards_compat_converters.py:27 DeprecationWarning: This module is deprecated. Please use `kubernetes.client.models.V1VolumeMount`.
[2021-04-30 10:18:38,493] {scheduler_job.py:639} INFO - DAG(s) dict_keys(['spark-1-example_kubernetes_pod']) retrieved from /opt/airflow/dags/kubernetesSparkOperator.py
[2021-04-30 10:18:38,511] {logging_mixin.py:104} INFO - [2021-04-30 10:18:38,511] {dag.py:1818} INFO - Sync 1 DAGs
[2021-04-30 10:18:38,524] {logging_mixin.py:104} INFO - [2021-04-30 10:18:38,524] {dag.py:2273} INFO - Setting next_dagrun for spark-1-example_kubernetes_pod to None
[2021-04-30 10:18:38,531] {scheduler_job.py:190} INFO - Processing /opt/airflow/dags/kubernetesSparkOperator.py took 0.106 seconds
[2021-04-30 10:19:08,827] {scheduler_job.py:182} INFO - Started process (PID=4748) to work on /opt/airflow/dags/kubernetesSparkOperator.py
[2021-04-30 10:19:08,829] {scheduler_job.py:629} INFO - Processing file /opt/airflow/dags/kubernetesSparkOperator.py for tasks to queue
[2021-04-30 10:19:08,830] {logging_mixin.py:104} INFO - [2021-04-30 10:19:08,830] {dagbag.py:448} INFO - Filling up the DagBag from /opt/airflow/dags/kubernetesSparkOperator.py
[2021-04-30 10:19:08,882] {logging_mixin.py:104} WARNING - /home/airflow/.local/lib/python3.6/site-packages/airflow/providers/cncf/kubernetes/backcompat/backwards_compat_converters.py:26 DeprecationWarning: This module is deprecated. Please use `kubernetes.client.models.V1Volume`.
[2021-04-30 10:19:08,884] {logging_mixin.py:104} WARNING - /home/airflow/.local/lib/python3.6/site-packages/airflow/providers/cncf/kubernetes/backcompat/backwards_compat_converters.py:27 DeprecationWarning: This module is deprecated. Please use `kubernetes.client.models.V1VolumeMount`.
[2021-04-30 10:19:08,894] {scheduler_job.py:639} INFO - DAG(s) dict_keys(['spark-1-example_kubernetes_pod']) retrieved from /opt/airflow/dags/kubernetesSparkOperator.py
[2021-04-30 10:19:08,913] {logging_mixin.py:104} INFO - [2021-04-30 10:19:08,913] {dag.py:1818} INFO - Sync 1 DAGs
[2021-04-30 10:19:08,926] {logging_mixin.py:104} INFO - [2021-04-30 10:19:08,926] {dag.py:2273} INFO - Setting next_dagrun for spark-1-example_kubernetes_pod to None
[2021-04-30 10:19:08,932] {scheduler_job.py:190} INFO - Processing /opt/airflow/dags/kubernetesSparkOperator.py took 0.109 seconds
[2021-04-30 10:19:39,094] {scheduler_job.py:182} INFO - Started process (PID=4753) to work on /opt/airflow/dags/kubernetesSparkOperator.py
[2021-04-30 10:19:39,096] {scheduler_job.py:629} INFO - Processing file /opt/airflow/dags/kubernetesSparkOperator.py for tasks to queue
[2021-04-30 10:19:39,097] {logging_mixin.py:104} INFO - [2021-04-30 10:19:39,097] {dagbag.py:448} INFO - Filling up the DagBag from /opt/airflow/dags/kubernetesSparkOperator.py
[2021-04-30 10:19:39,148] {logging_mixin.py:104} WARNING - /home/airflow/.local/lib/python3.6/site-packages/airflow/providers/cncf/kubernetes/backcompat/backwards_compat_converters.py:26 DeprecationWarning: This module is deprecated. Please use `kubernetes.client.models.V1Volume`.
[2021-04-30 10:19:39,150] {logging_mixin.py:104} WARNING - /home/airflow/.local/lib/python3.6/site-packages/airflow/providers/cncf/kubernetes/backcompat/backwards_compat_converters.py:27 DeprecationWarning: This module is deprecated. Please use `kubernetes.client.models.V1VolumeMount`.
[2021-04-30 10:19:39,159] {scheduler_job.py:639} INFO - DAG(s) dict_keys(['spark-1-example_kubernetes_pod']) retrieved from /opt/airflow/dags/kubernetesSparkOperator.py
[2021-04-30 10:19:39,178] {logging_mixin.py:104} INFO - [2021-04-30 10:19:39,178] {dag.py:1818} INFO - Sync 1 DAGs
[2021-04-30 10:19:39,200] {logging_mixin.py:104} INFO - [2021-04-30 10:19:39,200] {dag.py:2273} INFO - Setting next_dagrun for spark-1-example_kubernetes_pod to None
[2021-04-30 10:19:39,212] {scheduler_job.py:190} INFO - Processing /opt/airflow/dags/kubernetesSparkOperator.py took 0.121 seconds
[2021-04-30 10:20:09,465] {scheduler_job.py:182} INFO - Started process (PID=4758) to work on /opt/airflow/dags/kubernetesSparkOperator.py
[2021-04-30 10:20:09,467] {scheduler_job.py:629} INFO - Processing file /opt/airflow/dags/kubernetesSparkOperator.py for tasks to queue
[2021-04-30 10:20:09,468] {logging_mixin.py:104} INFO - [2021-04-30 10:20:09,468] {dagbag.py:448} INFO - Filling up the DagBag from /opt/airflow/dags/kubernetesSparkOperator.py
[2021-04-30 10:20:09,521] {logging_mixin.py:104} WARNING - /home/airflow/.local/lib/python3.6/site-packages/airflow/providers/cncf/kubernetes/backcompat/backwards_compat_converters.py:26 DeprecationWarning: This module is deprecated. Please use `kubernetes.client.models.V1Volume`.
[2021-04-30 10:20:09,523] {logging_mixin.py:104} WARNING - /home/airflow/.local/lib/python3.6/site-packages/airflow/providers/cncf/kubernetes/backcompat/backwards_compat_converters.py:27 DeprecationWarning: This module is deprecated. Please use `kubernetes.client.models.V1VolumeMount`.
[2021-04-30 10:20:09,532] {scheduler_job.py:639} INFO - DAG(s) dict_keys(['spark-1-example_kubernetes_pod']) retrieved from /opt/airflow/dags/kubernetesSparkOperator.py
[2021-04-30 10:20:09,551] {logging_mixin.py:104} INFO - [2021-04-30 10:20:09,551] {dag.py:1818} INFO - Sync 1 DAGs
[2021-04-30 10:20:09,565] {logging_mixin.py:104} INFO - [2021-04-30 10:20:09,565] {dag.py:2273} INFO - Setting next_dagrun for spark-1-example_kubernetes_pod to None
[2021-04-30 10:20:09,572] {scheduler_job.py:190} INFO - Processing /opt/airflow/dags/kubernetesSparkOperator.py took 0.111 seconds
[2021-04-30 10:20:39,837] {scheduler_job.py:182} INFO - Started process (PID=4763) to work on /opt/airflow/dags/kubernetesSparkOperator.py
[2021-04-30 10:20:39,839] {scheduler_job.py:629} INFO - Processing file /opt/airflow/dags/kubernetesSparkOperator.py for tasks to queue
[2021-04-30 10:20:39,841] {logging_mixin.py:104} INFO - [2021-04-30 10:20:39,841] {dagbag.py:448} INFO - Filling up the DagBag from /opt/airflow/dags/kubernetesSparkOperator.py
[2021-04-30 10:20:39,910] {logging_mixin.py:104} WARNING - /home/airflow/.local/lib/python3.6/site-packages/airflow/providers/cncf/kubernetes/backcompat/backwards_compat_converters.py:26 DeprecationWarning: This module is deprecated. Please use `kubernetes.client.models.V1Volume`.
[2021-04-30 10:20:39,912] {logging_mixin.py:104} WARNING - /home/airflow/.local/lib/python3.6/site-packages/airflow/providers/cncf/kubernetes/backcompat/backwards_compat_converters.py:27 DeprecationWarning: This module is deprecated. Please use `kubernetes.client.models.V1VolumeMount`.
[2021-04-30 10:20:39,923] {scheduler_job.py:639} INFO - DAG(s) dict_keys(['spark-1-example_kubernetes_pod']) retrieved from /opt/airflow/dags/kubernetesSparkOperator.py
[2021-04-30 10:20:39,942] {logging_mixin.py:104} INFO - [2021-04-30 10:20:39,942] {dag.py:1818} INFO - Sync 1 DAGs
[2021-04-30 10:20:39,956] {logging_mixin.py:104} INFO - [2021-04-30 10:20:39,956] {dag.py:2273} INFO - Setting next_dagrun for spark-1-example_kubernetes_pod to None
[2021-04-30 10:20:39,964] {scheduler_job.py:190} INFO - Processing /opt/airflow/dags/kubernetesSparkOperator.py took 0.131 seconds
[2021-04-30 10:21:10,139] {scheduler_job.py:182} INFO - Started process (PID=4768) to work on /opt/airflow/dags/kubernetesSparkOperator.py
[2021-04-30 10:21:10,141] {scheduler_job.py:629} INFO - Processing file /opt/airflow/dags/kubernetesSparkOperator.py for tasks to queue
[2021-04-30 10:21:10,143] {logging_mixin.py:104} INFO - [2021-04-30 10:21:10,142] {dagbag.py:448} INFO - Filling up the DagBag from /opt/airflow/dags/kubernetesSparkOperator.py
[2021-04-30 10:21:10,197] {logging_mixin.py:104} WARNING - /home/airflow/.local/lib/python3.6/site-packages/airflow/providers/cncf/kubernetes/backcompat/backwards_compat_converters.py:26 DeprecationWarning: This module is deprecated. Please use `kubernetes.client.models.V1Volume`.
[2021-04-30 10:21:10,199] {logging_mixin.py:104} WARNING - /home/airflow/.local/lib/python3.6/site-packages/airflow/providers/cncf/kubernetes/backcompat/backwards_compat_converters.py:27 DeprecationWarning: This module is deprecated. Please use `kubernetes.client.models.V1VolumeMount`.
[2021-04-30 10:21:10,210] {scheduler_job.py:639} INFO - DAG(s) dict_keys(['spark-1-example_kubernetes_pod']) retrieved from /opt/airflow/dags/kubernetesSparkOperator.py
[2021-04-30 10:21:10,235] {logging_mixin.py:104} INFO - [2021-04-30 10:21:10,235] {dag.py:1818} INFO - Sync 1 DAGs
[2021-04-30 10:21:10,251] {logging_mixin.py:104} INFO - [2021-04-30 10:21:10,251] {dag.py:2273} INFO - Setting next_dagrun for spark-1-example_kubernetes_pod to None
[2021-04-30 10:21:10,258] {scheduler_job.py:190} INFO - Processing /opt/airflow/dags/kubernetesSparkOperator.py took 0.123 seconds
[2021-04-30 10:21:40,549] {scheduler_job.py:182} INFO - Started process (PID=4773) to work on /opt/airflow/dags/kubernetesSparkOperator.py
[2021-04-30 10:21:40,551] {scheduler_job.py:629} INFO - Processing file /opt/airflow/dags/kubernetesSparkOperator.py for tasks to queue
[2021-04-30 10:21:40,553] {logging_mixin.py:104} INFO - [2021-04-30 10:21:40,553] {dagbag.py:448} INFO - Filling up the DagBag from /opt/airflow/dags/kubernetesSparkOperator.py
[2021-04-30 10:21:40,622] {logging_mixin.py:104} WARNING - /home/airflow/.local/lib/python3.6/site-packages/airflow/providers/cncf/kubernetes/backcompat/backwards_compat_converters.py:26 DeprecationWarning: This module is deprecated. Please use `kubernetes.client.models.V1Volume`.
[2021-04-30 10:21:40,625] {logging_mixin.py:104} WARNING - /home/airflow/.local/lib/python3.6/site-packages/airflow/providers/cncf/kubernetes/backcompat/backwards_compat_converters.py:27 DeprecationWarning: This module is deprecated. Please use `kubernetes.client.models.V1VolumeMount`.
[2021-04-30 10:21:40,636] {scheduler_job.py:639} INFO - DAG(s) dict_keys(['spark-1-example_kubernetes_pod']) retrieved from /opt/airflow/dags/kubernetesSparkOperator.py
[2021-04-30 10:21:40,661] {logging_mixin.py:104} INFO - [2021-04-30 10:21:40,661] {dag.py:1818} INFO - Sync 1 DAGs
[2021-04-30 10:21:40,679] {logging_mixin.py:104} INFO - [2021-04-30 10:21:40,679] {dag.py:2273} INFO - Setting next_dagrun for spark-1-example_kubernetes_pod to None
[2021-04-30 10:21:40,689] {scheduler_job.py:190} INFO - Processing /opt/airflow/dags/kubernetesSparkOperator.py took 0.145 seconds
[2021-04-30 10:22:10,859] {scheduler_job.py:182} INFO - Started process (PID=4778) to work on /opt/airflow/dags/kubernetesSparkOperator.py
[2021-04-30 10:22:10,861] {scheduler_job.py:629} INFO - Processing file /opt/airflow/dags/kubernetesSparkOperator.py for tasks to queue
[2021-04-30 10:22:10,863] {logging_mixin.py:104} INFO - [2021-04-30 10:22:10,863] {dagbag.py:448} INFO - Filling up the DagBag from /opt/airflow/dags/kubernetesSparkOperator.py
[2021-04-30 10:22:10,928] {logging_mixin.py:104} WARNING - /home/airflow/.local/lib/python3.6/site-packages/airflow/providers/cncf/kubernetes/backcompat/backwards_compat_converters.py:26 DeprecationWarning: This module is deprecated. Please use `kubernetes.client.models.V1Volume`.
[2021-04-30 10:22:10,930] {logging_mixin.py:104} WARNING - /home/airflow/.local/lib/python3.6/site-packages/airflow/providers/cncf/kubernetes/backcompat/backwards_compat_converters.py:27 DeprecationWarning: This module is deprecated. Please use `kubernetes.client.models.V1VolumeMount`.
[2021-04-30 10:22:10,939] {scheduler_job.py:639} INFO - DAG(s) dict_keys(['spark-1-example_kubernetes_pod']) retrieved from /opt/airflow/dags/kubernetesSparkOperator.py
[2021-04-30 10:22:10,959] {logging_mixin.py:104} INFO - [2021-04-30 10:22:10,959] {dag.py:1818} INFO - Sync 1 DAGs
[2021-04-30 10:22:10,975] {logging_mixin.py:104} INFO - [2021-04-30 10:22:10,974] {dag.py:2273} INFO - Setting next_dagrun for spark-1-example_kubernetes_pod to None
[2021-04-30 10:22:10,983] {scheduler_job.py:190} INFO - Processing /opt/airflow/dags/kubernetesSparkOperator.py took 0.129 seconds
[2021-04-30 10:22:41,135] {scheduler_job.py:182} INFO - Started process (PID=4783) to work on /opt/airflow/dags/kubernetesSparkOperator.py
[2021-04-30 10:22:41,137] {scheduler_job.py:629} INFO - Processing file /opt/airflow/dags/kubernetesSparkOperator.py for tasks to queue
[2021-04-30 10:22:41,138] {logging_mixin.py:104} INFO - [2021-04-30 10:22:41,138] {dagbag.py:448} INFO - Filling up the DagBag from /opt/airflow/dags/kubernetesSparkOperator.py
[2021-04-30 10:22:41,192] {logging_mixin.py:104} WARNING - /home/airflow/.local/lib/python3.6/site-packages/airflow/providers/cncf/kubernetes/backcompat/backwards_compat_converters.py:26 DeprecationWarning: This module is deprecated. Please use `kubernetes.client.models.V1Volume`.
[2021-04-30 10:22:41,193] {logging_mixin.py:104} WARNING - /home/airflow/.local/lib/python3.6/site-packages/airflow/providers/cncf/kubernetes/backcompat/backwards_compat_converters.py:27 DeprecationWarning: This module is deprecated. Please use `kubernetes.client.models.V1VolumeMount`.
[2021-04-30 10:22:41,204] {scheduler_job.py:639} INFO - DAG(s) dict_keys(['spark-1-example_kubernetes_pod']) retrieved from /opt/airflow/dags/kubernetesSparkOperator.py
[2021-04-30 10:22:41,226] {logging_mixin.py:104} INFO - [2021-04-30 10:22:41,226] {dag.py:1818} INFO - Sync 1 DAGs
[2021-04-30 10:22:41,240] {logging_mixin.py:104} INFO - [2021-04-30 10:22:41,240] {dag.py:2273} INFO - Setting next_dagrun for spark-1-example_kubernetes_pod to None
[2021-04-30 10:22:41,248] {scheduler_job.py:190} INFO - Processing /opt/airflow/dags/kubernetesSparkOperator.py took 0.116 seconds
[2021-04-30 10:23:11,444] {scheduler_job.py:182} INFO - Started process (PID=4788) to work on /opt/airflow/dags/kubernetesSparkOperator.py
[2021-04-30 10:23:11,446] {scheduler_job.py:629} INFO - Processing file /opt/airflow/dags/kubernetesSparkOperator.py for tasks to queue
[2021-04-30 10:23:11,448] {logging_mixin.py:104} INFO - [2021-04-30 10:23:11,448] {dagbag.py:448} INFO - Filling up the DagBag from /opt/airflow/dags/kubernetesSparkOperator.py
[2021-04-30 10:23:11,512] {logging_mixin.py:104} WARNING - /home/airflow/.local/lib/python3.6/site-packages/airflow/providers/cncf/kubernetes/backcompat/backwards_compat_converters.py:26 DeprecationWarning: This module is deprecated. Please use `kubernetes.client.models.V1Volume`.
[2021-04-30 10:23:11,514] {logging_mixin.py:104} WARNING - /home/airflow/.local/lib/python3.6/site-packages/airflow/providers/cncf/kubernetes/backcompat/backwards_compat_converters.py:27 DeprecationWarning: This module is deprecated. Please use `kubernetes.client.models.V1VolumeMount`.
[2021-04-30 10:23:11,525] {scheduler_job.py:639} INFO - DAG(s) dict_keys(['spark-1-example_kubernetes_pod']) retrieved from /opt/airflow/dags/kubernetesSparkOperator.py
[2021-04-30 10:23:11,546] {logging_mixin.py:104} INFO - [2021-04-30 10:23:11,546] {dag.py:1818} INFO - Sync 1 DAGs
[2021-04-30 10:23:11,559] {logging_mixin.py:104} INFO - [2021-04-30 10:23:11,559] {dag.py:2273} INFO - Setting next_dagrun for spark-1-example_kubernetes_pod to None
[2021-04-30 10:23:11,569] {scheduler_job.py:190} INFO - Processing /opt/airflow/dags/kubernetesSparkOperator.py took 0.130 seconds
[2021-04-30 10:23:41,841] {scheduler_job.py:182} INFO - Started process (PID=4793) to work on /opt/airflow/dags/kubernetesSparkOperator.py
[2021-04-30 10:23:41,843] {scheduler_job.py:629} INFO - Processing file /opt/airflow/dags/kubernetesSparkOperator.py for tasks to queue
[2021-04-30 10:23:41,845] {logging_mixin.py:104} INFO - [2021-04-30 10:23:41,844] {dagbag.py:448} INFO - Filling up the DagBag from /opt/airflow/dags/kubernetesSparkOperator.py
[2021-04-30 10:23:41,900] {logging_mixin.py:104} WARNING - /home/airflow/.local/lib/python3.6/site-packages/airflow/providers/cncf/kubernetes/backcompat/backwards_compat_converters.py:26 DeprecationWarning: This module is deprecated. Please use `kubernetes.client.models.V1Volume`.
[2021-04-30 10:23:41,902] {logging_mixin.py:104} WARNING - /home/airflow/.local/lib/python3.6/site-packages/airflow/providers/cncf/kubernetes/backcompat/backwards_compat_converters.py:27 DeprecationWarning: This module is deprecated. Please use `kubernetes.client.models.V1VolumeMount`.
[2021-04-30 10:23:41,911] {scheduler_job.py:639} INFO - DAG(s) dict_keys(['spark-1-example_kubernetes_pod']) retrieved from /opt/airflow/dags/kubernetesSparkOperator.py
[2021-04-30 10:23:41,933] {logging_mixin.py:104} INFO - [2021-04-30 10:23:41,933] {dag.py:1818} INFO - Sync 1 DAGs
[2021-04-30 10:23:41,949] {logging_mixin.py:104} INFO - [2021-04-30 10:23:41,949] {dag.py:2273} INFO - Setting next_dagrun for spark-1-example_kubernetes_pod to None
[2021-04-30 10:23:41,958] {scheduler_job.py:190} INFO - Processing /opt/airflow/dags/kubernetesSparkOperator.py took 0.121 seconds
[2021-04-30 10:24:12,242] {scheduler_job.py:182} INFO - Started process (PID=4798) to work on /opt/airflow/dags/kubernetesSparkOperator.py
[2021-04-30 10:24:12,243] {scheduler_job.py:629} INFO - Processing file /opt/airflow/dags/kubernetesSparkOperator.py for tasks to queue
[2021-04-30 10:24:12,245] {logging_mixin.py:104} INFO - [2021-04-30 10:24:12,244] {dagbag.py:448} INFO - Filling up the DagBag from /opt/airflow/dags/kubernetesSparkOperator.py
[2021-04-30 10:24:12,293] {logging_mixin.py:104} WARNING - /home/airflow/.local/lib/python3.6/site-packages/airflow/providers/cncf/kubernetes/backcompat/backwards_compat_converters.py:26 DeprecationWarning: This module is deprecated. Please use `kubernetes.client.models.V1Volume`.
[2021-04-30 10:24:12,296] {logging_mixin.py:104} WARNING - /home/airflow/.local/lib/python3.6/site-packages/airflow/providers/cncf/kubernetes/backcompat/backwards_compat_converters.py:27 DeprecationWarning: This module is deprecated. Please use `kubernetes.client.models.V1VolumeMount`.
[2021-04-30 10:24:12,313] {scheduler_job.py:639} INFO - DAG(s) dict_keys(['spark-1-example_kubernetes_pod']) retrieved from /opt/airflow/dags/kubernetesSparkOperator.py
[2021-04-30 10:24:12,338] {logging_mixin.py:104} INFO - [2021-04-30 10:24:12,338] {dag.py:1818} INFO - Sync 1 DAGs
[2021-04-30 10:24:12,351] {logging_mixin.py:104} INFO - [2021-04-30 10:24:12,351] {dag.py:2273} INFO - Setting next_dagrun for spark-1-example_kubernetes_pod to None
[2021-04-30 10:24:12,358] {scheduler_job.py:190} INFO - Processing /opt/airflow/dags/kubernetesSparkOperator.py took 0.120 seconds
[2021-04-30 10:24:42,594] {scheduler_job.py:182} INFO - Started process (PID=4803) to work on /opt/airflow/dags/kubernetesSparkOperator.py
[2021-04-30 10:24:42,595] {scheduler_job.py:629} INFO - Processing file /opt/airflow/dags/kubernetesSparkOperator.py for tasks to queue
[2021-04-30 10:24:42,597] {logging_mixin.py:104} INFO - [2021-04-30 10:24:42,597] {dagbag.py:448} INFO - Filling up the DagBag from /opt/airflow/dags/kubernetesSparkOperator.py
[2021-04-30 10:24:42,647] {logging_mixin.py:104} WARNING - /home/airflow/.local/lib/python3.6/site-packages/airflow/providers/cncf/kubernetes/backcompat/backwards_compat_converters.py:26 DeprecationWarning: This module is deprecated. Please use `kubernetes.client.models.V1Volume`.
[2021-04-30 10:24:42,649] {logging_mixin.py:104} WARNING - /home/airflow/.local/lib/python3.6/site-packages/airflow/providers/cncf/kubernetes/backcompat/backwards_compat_converters.py:27 DeprecationWarning: This module is deprecated. Please use `kubernetes.client.models.V1VolumeMount`.
[2021-04-30 10:24:42,660] {scheduler_job.py:639} INFO - DAG(s) dict_keys(['spark-1-example_kubernetes_pod']) retrieved from /opt/airflow/dags/kubernetesSparkOperator.py
[2021-04-30 10:24:42,682] {logging_mixin.py:104} INFO - [2021-04-30 10:24:42,682] {dag.py:1818} INFO - Sync 1 DAGs
[2021-04-30 10:24:42,699] {logging_mixin.py:104} INFO - [2021-04-30 10:24:42,699] {dag.py:2273} INFO - Setting next_dagrun for spark-1-example_kubernetes_pod to None
[2021-04-30 10:24:42,707] {scheduler_job.py:190} INFO - Processing /opt/airflow/dags/kubernetesSparkOperator.py took 0.117 seconds
[2021-04-30 10:25:12,892] {scheduler_job.py:182} INFO - Started process (PID=4808) to work on /opt/airflow/dags/kubernetesSparkOperator.py
[2021-04-30 10:25:12,895] {scheduler_job.py:629} INFO - Processing file /opt/airflow/dags/kubernetesSparkOperator.py for tasks to queue
[2021-04-30 10:25:12,897] {logging_mixin.py:104} INFO - [2021-04-30 10:25:12,896] {dagbag.py:448} INFO - Filling up the DagBag from /opt/airflow/dags/kubernetesSparkOperator.py
[2021-04-30 10:25:12,950] {logging_mixin.py:104} WARNING - /home/airflow/.local/lib/python3.6/site-packages/airflow/providers/cncf/kubernetes/backcompat/backwards_compat_converters.py:26 DeprecationWarning: This module is deprecated. Please use `kubernetes.client.models.V1Volume`.
[2021-04-30 10:25:12,952] {logging_mixin.py:104} WARNING - /home/airflow/.local/lib/python3.6/site-packages/airflow/providers/cncf/kubernetes/backcompat/backwards_compat_converters.py:27 DeprecationWarning: This module is deprecated. Please use `kubernetes.client.models.V1VolumeMount`.
[2021-04-30 10:25:12,962] {scheduler_job.py:639} INFO - DAG(s) dict_keys(['spark-1-example_kubernetes_pod']) retrieved from /opt/airflow/dags/kubernetesSparkOperator.py
[2021-04-30 10:25:12,982] {logging_mixin.py:104} INFO - [2021-04-30 10:25:12,982] {dag.py:1818} INFO - Sync 1 DAGs
[2021-04-30 10:25:12,996] {logging_mixin.py:104} INFO - [2021-04-30 10:25:12,995] {dag.py:2273} INFO - Setting next_dagrun for spark-1-example_kubernetes_pod to None
[2021-04-30 10:25:13,003] {scheduler_job.py:190} INFO - Processing /opt/airflow/dags/kubernetesSparkOperator.py took 0.114 seconds
[2021-04-30 10:25:43,195] {scheduler_job.py:182} INFO - Started process (PID=4813) to work on /opt/airflow/dags/kubernetesSparkOperator.py
[2021-04-30 10:25:43,196] {scheduler_job.py:629} INFO - Processing file /opt/airflow/dags/kubernetesSparkOperator.py for tasks to queue
[2021-04-30 10:25:43,198] {logging_mixin.py:104} INFO - [2021-04-30 10:25:43,197] {dagbag.py:448} INFO - Filling up the DagBag from /opt/airflow/dags/kubernetesSparkOperator.py
[2021-04-30 10:25:43,249] {logging_mixin.py:104} WARNING - /home/airflow/.local/lib/python3.6/site-packages/airflow/providers/cncf/kubernetes/backcompat/backwards_compat_converters.py:26 DeprecationWarning: This module is deprecated. Please use `kubernetes.client.models.V1Volume`.
[2021-04-30 10:25:43,252] {logging_mixin.py:104} WARNING - /home/airflow/.local/lib/python3.6/site-packages/airflow/providers/cncf/kubernetes/backcompat/backwards_compat_converters.py:27 DeprecationWarning: This module is deprecated. Please use `kubernetes.client.models.V1VolumeMount`.
[2021-04-30 10:25:43,266] {scheduler_job.py:639} INFO - DAG(s) dict_keys(['spark-1-example_kubernetes_pod']) retrieved from /opt/airflow/dags/kubernetesSparkOperator.py
[2021-04-30 10:25:43,289] {logging_mixin.py:104} INFO - [2021-04-30 10:25:43,289] {dag.py:1818} INFO - Sync 1 DAGs
[2021-04-30 10:25:43,303] {logging_mixin.py:104} INFO - [2021-04-30 10:25:43,303] {dag.py:2273} INFO - Setting next_dagrun for spark-1-example_kubernetes_pod to None
[2021-04-30 10:25:43,311] {scheduler_job.py:190} INFO - Processing /opt/airflow/dags/kubernetesSparkOperator.py took 0.120 seconds
[2021-04-30 10:26:13,500] {scheduler_job.py:182} INFO - Started process (PID=4818) to work on /opt/airflow/dags/kubernetesSparkOperator.py
[2021-04-30 10:26:13,502] {scheduler_job.py:629} INFO - Processing file /opt/airflow/dags/kubernetesSparkOperator.py for tasks to queue
[2021-04-30 10:26:13,503] {logging_mixin.py:104} INFO - [2021-04-30 10:26:13,503] {dagbag.py:448} INFO - Filling up the DagBag from /opt/airflow/dags/kubernetesSparkOperator.py
[2021-04-30 10:26:13,584] {logging_mixin.py:104} WARNING - /home/airflow/.local/lib/python3.6/site-packages/airflow/providers/cncf/kubernetes/backcompat/backwards_compat_converters.py:26 DeprecationWarning: This module is deprecated. Please use `kubernetes.client.models.V1Volume`.
[2021-04-30 10:26:13,586] {logging_mixin.py:104} WARNING - /home/airflow/.local/lib/python3.6/site-packages/airflow/providers/cncf/kubernetes/backcompat/backwards_compat_converters.py:27 DeprecationWarning: This module is deprecated. Please use `kubernetes.client.models.V1VolumeMount`.
[2021-04-30 10:26:13,597] {scheduler_job.py:639} INFO - DAG(s) dict_keys(['spark-1-example_kubernetes_pod']) retrieved from /opt/airflow/dags/kubernetesSparkOperator.py
[2021-04-30 10:26:13,621] {logging_mixin.py:104} INFO - [2021-04-30 10:26:13,621] {dag.py:1818} INFO - Sync 1 DAGs
[2021-04-30 10:26:13,638] {logging_mixin.py:104} INFO - [2021-04-30 10:26:13,638] {dag.py:2273} INFO - Setting next_dagrun for spark-1-example_kubernetes_pod to None
[2021-04-30 10:26:13,646] {scheduler_job.py:190} INFO - Processing /opt/airflow/dags/kubernetesSparkOperator.py took 0.151 seconds
[2021-04-30 10:26:44,022] {scheduler_job.py:182} INFO - Started process (PID=4823) to work on /opt/airflow/dags/kubernetesSparkOperator.py
[2021-04-30 10:26:44,025] {scheduler_job.py:629} INFO - Processing file /opt/airflow/dags/kubernetesSparkOperator.py for tasks to queue
[2021-04-30 10:26:44,027] {logging_mixin.py:104} INFO - [2021-04-30 10:26:44,027] {dagbag.py:448} INFO - Filling up the DagBag from /opt/airflow/dags/kubernetesSparkOperator.py
[2021-04-30 10:26:44,109] {logging_mixin.py:104} WARNING - /home/airflow/.local/lib/python3.6/site-packages/airflow/providers/cncf/kubernetes/backcompat/backwards_compat_converters.py:26 DeprecationWarning: This module is deprecated. Please use `kubernetes.client.models.V1Volume`.
[2021-04-30 10:26:44,111] {logging_mixin.py:104} WARNING - /home/airflow/.local/lib/python3.6/site-packages/airflow/providers/cncf/kubernetes/backcompat/backwards_compat_converters.py:27 DeprecationWarning: This module is deprecated. Please use `kubernetes.client.models.V1VolumeMount`.
[2021-04-30 10:26:44,129] {scheduler_job.py:639} INFO - DAG(s) dict_keys(['spark-1-example_kubernetes_pod']) retrieved from /opt/airflow/dags/kubernetesSparkOperator.py
[2021-04-30 10:26:44,156] {logging_mixin.py:104} INFO - [2021-04-30 10:26:44,156] {dag.py:1818} INFO - Sync 1 DAGs
[2021-04-30 10:26:44,175] {logging_mixin.py:104} INFO - [2021-04-30 10:26:44,175] {dag.py:2273} INFO - Setting next_dagrun for spark-1-example_kubernetes_pod to None
[2021-04-30 10:26:44,187] {scheduler_job.py:190} INFO - Processing /opt/airflow/dags/kubernetesSparkOperator.py took 0.171 seconds
[2021-04-30 10:27:14,376] {scheduler_job.py:182} INFO - Started process (PID=4828) to work on /opt/airflow/dags/kubernetesSparkOperator.py
[2021-04-30 10:27:14,378] {scheduler_job.py:629} INFO - Processing file /opt/airflow/dags/kubernetesSparkOperator.py for tasks to queue
[2021-04-30 10:27:14,380] {logging_mixin.py:104} INFO - [2021-04-30 10:27:14,380] {dagbag.py:448} INFO - Filling up the DagBag from /opt/airflow/dags/kubernetesSparkOperator.py
[2021-04-30 10:27:14,453] {logging_mixin.py:104} WARNING - /home/airflow/.local/lib/python3.6/site-packages/airflow/providers/cncf/kubernetes/backcompat/backwards_compat_converters.py:26 DeprecationWarning: This module is deprecated. Please use `kubernetes.client.models.V1Volume`.
[2021-04-30 10:27:14,454] {logging_mixin.py:104} WARNING - /home/airflow/.local/lib/python3.6/site-packages/airflow/providers/cncf/kubernetes/backcompat/backwards_compat_converters.py:27 DeprecationWarning: This module is deprecated. Please use `kubernetes.client.models.V1VolumeMount`.
[2021-04-30 10:27:14,464] {scheduler_job.py:639} INFO - DAG(s) dict_keys(['spark-1-example_kubernetes_pod']) retrieved from /opt/airflow/dags/kubernetesSparkOperator.py
[2021-04-30 10:27:14,486] {logging_mixin.py:104} INFO - [2021-04-30 10:27:14,485] {dag.py:1818} INFO - Sync 1 DAGs
[2021-04-30 10:27:14,499] {logging_mixin.py:104} INFO - [2021-04-30 10:27:14,499] {dag.py:2273} INFO - Setting next_dagrun for spark-1-example_kubernetes_pod to None
[2021-04-30 10:27:14,507] {scheduler_job.py:190} INFO - Processing /opt/airflow/dags/kubernetesSparkOperator.py took 0.136 seconds
[2021-04-30 10:27:44,747] {scheduler_job.py:182} INFO - Started process (PID=4833) to work on /opt/airflow/dags/kubernetesSparkOperator.py
[2021-04-30 10:27:44,749] {scheduler_job.py:629} INFO - Processing file /opt/airflow/dags/kubernetesSparkOperator.py for tasks to queue
[2021-04-30 10:27:44,750] {logging_mixin.py:104} INFO - [2021-04-30 10:27:44,750] {dagbag.py:448} INFO - Filling up the DagBag from /opt/airflow/dags/kubernetesSparkOperator.py
[2021-04-30 10:27:44,804] {logging_mixin.py:104} WARNING - /home/airflow/.local/lib/python3.6/site-packages/airflow/providers/cncf/kubernetes/backcompat/backwards_compat_converters.py:26 DeprecationWarning: This module is deprecated. Please use `kubernetes.client.models.V1Volume`.
[2021-04-30 10:27:44,806] {logging_mixin.py:104} WARNING - /home/airflow/.local/lib/python3.6/site-packages/airflow/providers/cncf/kubernetes/backcompat/backwards_compat_converters.py:27 DeprecationWarning: This module is deprecated. Please use `kubernetes.client.models.V1VolumeMount`.
[2021-04-30 10:27:44,815] {scheduler_job.py:639} INFO - DAG(s) dict_keys(['spark-1-example_kubernetes_pod']) retrieved from /opt/airflow/dags/kubernetesSparkOperator.py
[2021-04-30 10:27:44,834] {logging_mixin.py:104} INFO - [2021-04-30 10:27:44,834] {dag.py:1818} INFO - Sync 1 DAGs
[2021-04-30 10:27:44,848] {logging_mixin.py:104} INFO - [2021-04-30 10:27:44,847] {dag.py:2273} INFO - Setting next_dagrun for spark-1-example_kubernetes_pod to None
[2021-04-30 10:27:44,855] {scheduler_job.py:190} INFO - Processing /opt/airflow/dags/kubernetesSparkOperator.py took 0.112 seconds
[2021-04-30 10:28:15,034] {scheduler_job.py:182} INFO - Started process (PID=4838) to work on /opt/airflow/dags/kubernetesSparkOperator.py
[2021-04-30 10:28:15,036] {scheduler_job.py:629} INFO - Processing file /opt/airflow/dags/kubernetesSparkOperator.py for tasks to queue
[2021-04-30 10:28:15,037] {logging_mixin.py:104} INFO - [2021-04-30 10:28:15,037] {dagbag.py:448} INFO - Filling up the DagBag from /opt/airflow/dags/kubernetesSparkOperator.py
[2021-04-30 10:28:15,088] {logging_mixin.py:104} WARNING - /home/airflow/.local/lib/python3.6/site-packages/airflow/providers/cncf/kubernetes/backcompat/backwards_compat_converters.py:26 DeprecationWarning: This module is deprecated. Please use `kubernetes.client.models.V1Volume`.
[2021-04-30 10:28:15,090] {logging_mixin.py:104} WARNING - /home/airflow/.local/lib/python3.6/site-packages/airflow/providers/cncf/kubernetes/backcompat/backwards_compat_converters.py:27 DeprecationWarning: This module is deprecated. Please use `kubernetes.client.models.V1VolumeMount`.
[2021-04-30 10:28:15,099] {scheduler_job.py:639} INFO - DAG(s) dict_keys(['spark-1-example_kubernetes_pod']) retrieved from /opt/airflow/dags/kubernetesSparkOperator.py
[2021-04-30 10:28:15,118] {logging_mixin.py:104} INFO - [2021-04-30 10:28:15,118] {dag.py:1818} INFO - Sync 1 DAGs
[2021-04-30 10:28:15,133] {logging_mixin.py:104} INFO - [2021-04-30 10:28:15,133] {dag.py:2273} INFO - Setting next_dagrun for spark-1-example_kubernetes_pod to None
[2021-04-30 10:28:15,143] {scheduler_job.py:190} INFO - Processing /opt/airflow/dags/kubernetesSparkOperator.py took 0.113 seconds
[2021-04-30 10:28:45,287] {scheduler_job.py:182} INFO - Started process (PID=4843) to work on /opt/airflow/dags/kubernetesSparkOperator.py
[2021-04-30 10:28:45,289] {scheduler_job.py:629} INFO - Processing file /opt/airflow/dags/kubernetesSparkOperator.py for tasks to queue
[2021-04-30 10:28:45,290] {logging_mixin.py:104} INFO - [2021-04-30 10:28:45,290] {dagbag.py:448} INFO - Filling up the DagBag from /opt/airflow/dags/kubernetesSparkOperator.py
[2021-04-30 10:28:45,343] {logging_mixin.py:104} WARNING - /home/airflow/.local/lib/python3.6/site-packages/airflow/providers/cncf/kubernetes/backcompat/backwards_compat_converters.py:26 DeprecationWarning: This module is deprecated. Please use `kubernetes.client.models.V1Volume`.
[2021-04-30 10:28:45,346] {logging_mixin.py:104} WARNING - /home/airflow/.local/lib/python3.6/site-packages/airflow/providers/cncf/kubernetes/backcompat/backwards_compat_converters.py:27 DeprecationWarning: This module is deprecated. Please use `kubernetes.client.models.V1VolumeMount`.
[2021-04-30 10:28:45,356] {scheduler_job.py:639} INFO - DAG(s) dict_keys(['spark-1-example_kubernetes_pod']) retrieved from /opt/airflow/dags/kubernetesSparkOperator.py
[2021-04-30 10:28:45,376] {logging_mixin.py:104} INFO - [2021-04-30 10:28:45,376] {dag.py:1818} INFO - Sync 1 DAGs
[2021-04-30 10:28:45,389] {logging_mixin.py:104} INFO - [2021-04-30 10:28:45,389] {dag.py:2273} INFO - Setting next_dagrun for spark-1-example_kubernetes_pod to None
[2021-04-30 10:28:45,397] {scheduler_job.py:190} INFO - Processing /opt/airflow/dags/kubernetesSparkOperator.py took 0.113 seconds
[2021-04-30 10:29:15,667] {scheduler_job.py:182} INFO - Started process (PID=4848) to work on /opt/airflow/dags/kubernetesSparkOperator.py
[2021-04-30 10:29:15,669] {scheduler_job.py:629} INFO - Processing file /opt/airflow/dags/kubernetesSparkOperator.py for tasks to queue
[2021-04-30 10:29:15,670] {logging_mixin.py:104} INFO - [2021-04-30 10:29:15,670] {dagbag.py:448} INFO - Filling up the DagBag from /opt/airflow/dags/kubernetesSparkOperator.py
[2021-04-30 10:29:15,729] {logging_mixin.py:104} WARNING - /home/airflow/.local/lib/python3.6/site-packages/airflow/providers/cncf/kubernetes/backcompat/backwards_compat_converters.py:26 DeprecationWarning: This module is deprecated. Please use `kubernetes.client.models.V1Volume`.
[2021-04-30 10:29:15,732] {logging_mixin.py:104} WARNING - /home/airflow/.local/lib/python3.6/site-packages/airflow/providers/cncf/kubernetes/backcompat/backwards_compat_converters.py:27 DeprecationWarning: This module is deprecated. Please use `kubernetes.client.models.V1VolumeMount`.
[2021-04-30 10:29:15,742] {scheduler_job.py:639} INFO - DAG(s) dict_keys(['spark-1-example_kubernetes_pod']) retrieved from /opt/airflow/dags/kubernetesSparkOperator.py
[2021-04-30 10:29:15,764] {logging_mixin.py:104} INFO - [2021-04-30 10:29:15,764] {dag.py:1818} INFO - Sync 1 DAGs
[2021-04-30 10:29:15,778] {logging_mixin.py:104} INFO - [2021-04-30 10:29:15,778] {dag.py:2273} INFO - Setting next_dagrun for spark-1-example_kubernetes_pod to None
[2021-04-30 10:29:15,786] {scheduler_job.py:190} INFO - Processing /opt/airflow/dags/kubernetesSparkOperator.py took 0.122 seconds
[2021-04-30 10:29:46,037] {scheduler_job.py:182} INFO - Started process (PID=4853) to work on /opt/airflow/dags/kubernetesSparkOperator.py
[2021-04-30 10:29:46,039] {scheduler_job.py:629} INFO - Processing file /opt/airflow/dags/kubernetesSparkOperator.py for tasks to queue
[2021-04-30 10:29:46,040] {logging_mixin.py:104} INFO - [2021-04-30 10:29:46,039] {dagbag.py:448} INFO - Filling up the DagBag from /opt/airflow/dags/kubernetesSparkOperator.py
[2021-04-30 10:29:46,096] {logging_mixin.py:104} WARNING - /home/airflow/.local/lib/python3.6/site-packages/airflow/providers/cncf/kubernetes/backcompat/backwards_compat_converters.py:26 DeprecationWarning: This module is deprecated. Please use `kubernetes.client.models.V1Volume`.
[2021-04-30 10:29:46,098] {logging_mixin.py:104} WARNING - /home/airflow/.local/lib/python3.6/site-packages/airflow/providers/cncf/kubernetes/backcompat/backwards_compat_converters.py:27 DeprecationWarning: This module is deprecated. Please use `kubernetes.client.models.V1VolumeMount`.
[2021-04-30 10:29:46,107] {scheduler_job.py:639} INFO - DAG(s) dict_keys(['spark-1-example_kubernetes_pod']) retrieved from /opt/airflow/dags/kubernetesSparkOperator.py
[2021-04-30 10:29:46,130] {logging_mixin.py:104} INFO - [2021-04-30 10:29:46,130] {dag.py:1818} INFO - Sync 1 DAGs
[2021-04-30 10:29:46,148] {logging_mixin.py:104} INFO - [2021-04-30 10:29:46,148] {dag.py:2273} INFO - Setting next_dagrun for spark-1-example_kubernetes_pod to None
[2021-04-30 10:29:46,180] {scheduler_job.py:190} INFO - Processing /opt/airflow/dags/kubernetesSparkOperator.py took 0.147 seconds
[2021-04-30 10:30:16,380] {scheduler_job.py:182} INFO - Started process (PID=4858) to work on /opt/airflow/dags/kubernetesSparkOperator.py
[2021-04-30 10:30:16,382] {scheduler_job.py:629} INFO - Processing file /opt/airflow/dags/kubernetesSparkOperator.py for tasks to queue
[2021-04-30 10:30:16,384] {logging_mixin.py:104} INFO - [2021-04-30 10:30:16,383] {dagbag.py:448} INFO - Filling up the DagBag from /opt/airflow/dags/kubernetesSparkOperator.py
[2021-04-30 10:30:16,440] {logging_mixin.py:104} WARNING - /home/airflow/.local/lib/python3.6/site-packages/airflow/providers/cncf/kubernetes/backcompat/backwards_compat_converters.py:26 DeprecationWarning: This module is deprecated. Please use `kubernetes.client.models.V1Volume`.
[2021-04-30 10:30:16,442] {logging_mixin.py:104} WARNING - /home/airflow/.local/lib/python3.6/site-packages/airflow/providers/cncf/kubernetes/backcompat/backwards_compat_converters.py:27 DeprecationWarning: This module is deprecated. Please use `kubernetes.client.models.V1VolumeMount`.
[2021-04-30 10:30:16,451] {scheduler_job.py:639} INFO - DAG(s) dict_keys(['spark-1-example_kubernetes_pod']) retrieved from /opt/airflow/dags/kubernetesSparkOperator.py
[2021-04-30 10:30:16,469] {logging_mixin.py:104} INFO - [2021-04-30 10:30:16,469] {dag.py:1818} INFO - Sync 1 DAGs
[2021-04-30 10:30:16,481] {logging_mixin.py:104} INFO - [2021-04-30 10:30:16,481] {dag.py:2273} INFO - Setting next_dagrun for spark-1-example_kubernetes_pod to None
[2021-04-30 10:30:16,488] {scheduler_job.py:190} INFO - Processing /opt/airflow/dags/kubernetesSparkOperator.py took 0.111 seconds
[2021-04-30 10:30:46,730] {scheduler_job.py:182} INFO - Started process (PID=4863) to work on /opt/airflow/dags/kubernetesSparkOperator.py
[2021-04-30 10:30:46,732] {scheduler_job.py:629} INFO - Processing file /opt/airflow/dags/kubernetesSparkOperator.py for tasks to queue
[2021-04-30 10:30:46,733] {logging_mixin.py:104} INFO - [2021-04-30 10:30:46,733] {dagbag.py:448} INFO - Filling up the DagBag from /opt/airflow/dags/kubernetesSparkOperator.py
[2021-04-30 10:30:46,787] {logging_mixin.py:104} WARNING - /home/airflow/.local/lib/python3.6/site-packages/airflow/providers/cncf/kubernetes/backcompat/backwards_compat_converters.py:26 DeprecationWarning: This module is deprecated. Please use `kubernetes.client.models.V1Volume`.
[2021-04-30 10:30:46,788] {logging_mixin.py:104} WARNING - /home/airflow/.local/lib/python3.6/site-packages/airflow/providers/cncf/kubernetes/backcompat/backwards_compat_converters.py:27 DeprecationWarning: This module is deprecated. Please use `kubernetes.client.models.V1VolumeMount`.
[2021-04-30 10:30:46,798] {scheduler_job.py:639} INFO - DAG(s) dict_keys(['spark-1-example_kubernetes_pod']) retrieved from /opt/airflow/dags/kubernetesSparkOperator.py
[2021-04-30 10:30:46,819] {logging_mixin.py:104} INFO - [2021-04-30 10:30:46,819] {dag.py:1818} INFO - Sync 1 DAGs
[2021-04-30 10:30:46,834] {logging_mixin.py:104} INFO - [2021-04-30 10:30:46,834] {dag.py:2273} INFO - Setting next_dagrun for spark-1-example_kubernetes_pod to None
[2021-04-30 10:30:46,842] {scheduler_job.py:190} INFO - Processing /opt/airflow/dags/kubernetesSparkOperator.py took 0.116 seconds
[2021-04-30 10:31:17,081] {scheduler_job.py:182} INFO - Started process (PID=4868) to work on /opt/airflow/dags/kubernetesSparkOperator.py
[2021-04-30 10:31:17,083] {scheduler_job.py:629} INFO - Processing file /opt/airflow/dags/kubernetesSparkOperator.py for tasks to queue
[2021-04-30 10:31:17,084] {logging_mixin.py:104} INFO - [2021-04-30 10:31:17,084] {dagbag.py:448} INFO - Filling up the DagBag from /opt/airflow/dags/kubernetesSparkOperator.py
[2021-04-30 10:31:17,140] {logging_mixin.py:104} WARNING - /home/airflow/.local/lib/python3.6/site-packages/airflow/providers/cncf/kubernetes/backcompat/backwards_compat_converters.py:26 DeprecationWarning: This module is deprecated. Please use `kubernetes.client.models.V1Volume`.
[2021-04-30 10:31:17,142] {logging_mixin.py:104} WARNING - /home/airflow/.local/lib/python3.6/site-packages/airflow/providers/cncf/kubernetes/backcompat/backwards_compat_converters.py:27 DeprecationWarning: This module is deprecated. Please use `kubernetes.client.models.V1VolumeMount`.
[2021-04-30 10:31:17,152] {scheduler_job.py:639} INFO - DAG(s) dict_keys(['spark-1-example_kubernetes_pod']) retrieved from /opt/airflow/dags/kubernetesSparkOperator.py
[2021-04-30 10:31:17,172] {logging_mixin.py:104} INFO - [2021-04-30 10:31:17,172] {dag.py:1818} INFO - Sync 1 DAGs
[2021-04-30 10:31:17,185] {logging_mixin.py:104} INFO - [2021-04-30 10:31:17,185] {dag.py:2273} INFO - Setting next_dagrun for spark-1-example_kubernetes_pod to None
[2021-04-30 10:31:17,193] {scheduler_job.py:190} INFO - Processing /opt/airflow/dags/kubernetesSparkOperator.py took 0.116 seconds
[2021-04-30 10:31:47,415] {scheduler_job.py:182} INFO - Started process (PID=4873) to work on /opt/airflow/dags/kubernetesSparkOperator.py
[2021-04-30 10:31:47,416] {scheduler_job.py:629} INFO - Processing file /opt/airflow/dags/kubernetesSparkOperator.py for tasks to queue
[2021-04-30 10:31:47,418] {logging_mixin.py:104} INFO - [2021-04-30 10:31:47,417] {dagbag.py:448} INFO - Filling up the DagBag from /opt/airflow/dags/kubernetesSparkOperator.py
[2021-04-30 10:31:47,470] {logging_mixin.py:104} WARNING - /home/airflow/.local/lib/python3.6/site-packages/airflow/providers/cncf/kubernetes/backcompat/backwards_compat_converters.py:26 DeprecationWarning: This module is deprecated. Please use `kubernetes.client.models.V1Volume`.
[2021-04-30 10:31:47,472] {logging_mixin.py:104} WARNING - /home/airflow/.local/lib/python3.6/site-packages/airflow/providers/cncf/kubernetes/backcompat/backwards_compat_converters.py:27 DeprecationWarning: This module is deprecated. Please use `kubernetes.client.models.V1VolumeMount`.
[2021-04-30 10:31:47,482] {scheduler_job.py:639} INFO - DAG(s) dict_keys(['spark-1-example_kubernetes_pod']) retrieved from /opt/airflow/dags/kubernetesSparkOperator.py
[2021-04-30 10:31:47,502] {logging_mixin.py:104} INFO - [2021-04-30 10:31:47,502] {dag.py:1818} INFO - Sync 1 DAGs
[2021-04-30 10:31:47,516] {logging_mixin.py:104} INFO - [2021-04-30 10:31:47,516] {dag.py:2273} INFO - Setting next_dagrun for spark-1-example_kubernetes_pod to None
[2021-04-30 10:31:47,524] {scheduler_job.py:190} INFO - Processing /opt/airflow/dags/kubernetesSparkOperator.py took 0.113 seconds
[2021-04-30 10:32:17,764] {scheduler_job.py:182} INFO - Started process (PID=4878) to work on /opt/airflow/dags/kubernetesSparkOperator.py
[2021-04-30 10:32:17,766] {scheduler_job.py:629} INFO - Processing file /opt/airflow/dags/kubernetesSparkOperator.py for tasks to queue
[2021-04-30 10:32:17,767] {logging_mixin.py:104} INFO - [2021-04-30 10:32:17,767] {dagbag.py:448} INFO - Filling up the DagBag from /opt/airflow/dags/kubernetesSparkOperator.py
[2021-04-30 10:32:17,831] {logging_mixin.py:104} WARNING - /home/airflow/.local/lib/python3.6/site-packages/airflow/providers/cncf/kubernetes/backcompat/backwards_compat_converters.py:26 DeprecationWarning: This module is deprecated. Please use `kubernetes.client.models.V1Volume`.
[2021-04-30 10:32:17,834] {logging_mixin.py:104} WARNING - /home/airflow/.local/lib/python3.6/site-packages/airflow/providers/cncf/kubernetes/backcompat/backwards_compat_converters.py:27 DeprecationWarning: This module is deprecated. Please use `kubernetes.client.models.V1VolumeMount`.
[2021-04-30 10:32:17,845] {scheduler_job.py:639} INFO - DAG(s) dict_keys(['spark-1-example_kubernetes_pod']) retrieved from /opt/airflow/dags/kubernetesSparkOperator.py
[2021-04-30 10:32:17,867] {logging_mixin.py:104} INFO - [2021-04-30 10:32:17,867] {dag.py:1818} INFO - Sync 1 DAGs
[2021-04-30 10:32:17,882] {logging_mixin.py:104} INFO - [2021-04-30 10:32:17,882] {dag.py:2273} INFO - Setting next_dagrun for spark-1-example_kubernetes_pod to None
[2021-04-30 10:32:17,890] {scheduler_job.py:190} INFO - Processing /opt/airflow/dags/kubernetesSparkOperator.py took 0.130 seconds
[2021-04-30 10:32:48,058] {scheduler_job.py:182} INFO - Started process (PID=4883) to work on /opt/airflow/dags/kubernetesSparkOperator.py
[2021-04-30 10:32:48,060] {scheduler_job.py:629} INFO - Processing file /opt/airflow/dags/kubernetesSparkOperator.py for tasks to queue
[2021-04-30 10:32:48,061] {logging_mixin.py:104} INFO - [2021-04-30 10:32:48,061] {dagbag.py:448} INFO - Filling up the DagBag from /opt/airflow/dags/kubernetesSparkOperator.py
[2021-04-30 10:32:48,113] {logging_mixin.py:104} WARNING - /home/airflow/.local/lib/python3.6/site-packages/airflow/providers/cncf/kubernetes/backcompat/backwards_compat_converters.py:26 DeprecationWarning: This module is deprecated. Please use `kubernetes.client.models.V1Volume`.
[2021-04-30 10:32:48,115] {logging_mixin.py:104} WARNING - /home/airflow/.local/lib/python3.6/site-packages/airflow/providers/cncf/kubernetes/backcompat/backwards_compat_converters.py:27 DeprecationWarning: This module is deprecated. Please use `kubernetes.client.models.V1VolumeMount`.
[2021-04-30 10:32:48,124] {scheduler_job.py:639} INFO - DAG(s) dict_keys(['spark-1-example_kubernetes_pod']) retrieved from /opt/airflow/dags/kubernetesSparkOperator.py
[2021-04-30 10:32:48,144] {logging_mixin.py:104} INFO - [2021-04-30 10:32:48,144] {dag.py:1818} INFO - Sync 1 DAGs
[2021-04-30 10:32:48,158] {logging_mixin.py:104} INFO - [2021-04-30 10:32:48,158] {dag.py:2273} INFO - Setting next_dagrun for spark-1-example_kubernetes_pod to None
[2021-04-30 10:32:48,165] {scheduler_job.py:190} INFO - Processing /opt/airflow/dags/kubernetesSparkOperator.py took 0.111 seconds
[2021-04-30 10:33:18,409] {scheduler_job.py:182} INFO - Started process (PID=4888) to work on /opt/airflow/dags/kubernetesSparkOperator.py
[2021-04-30 10:33:18,412] {scheduler_job.py:629} INFO - Processing file /opt/airflow/dags/kubernetesSparkOperator.py for tasks to queue
[2021-04-30 10:33:18,413] {logging_mixin.py:104} INFO - [2021-04-30 10:33:18,413] {dagbag.py:448} INFO - Filling up the DagBag from /opt/airflow/dags/kubernetesSparkOperator.py
[2021-04-30 10:33:18,477] {logging_mixin.py:104} WARNING - /home/airflow/.local/lib/python3.6/site-packages/airflow/providers/cncf/kubernetes/backcompat/backwards_compat_converters.py:26 DeprecationWarning: This module is deprecated. Please use `kubernetes.client.models.V1Volume`.
[2021-04-30 10:33:18,479] {logging_mixin.py:104} WARNING - /home/airflow/.local/lib/python3.6/site-packages/airflow/providers/cncf/kubernetes/backcompat/backwards_compat_converters.py:27 DeprecationWarning: This module is deprecated. Please use `kubernetes.client.models.V1VolumeMount`.
[2021-04-30 10:33:18,490] {scheduler_job.py:639} INFO - DAG(s) dict_keys(['spark-1-example_kubernetes_pod']) retrieved from /opt/airflow/dags/kubernetesSparkOperator.py
[2021-04-30 10:33:18,512] {logging_mixin.py:104} INFO - [2021-04-30 10:33:18,512] {dag.py:1818} INFO - Sync 1 DAGs
[2021-04-30 10:33:18,528] {logging_mixin.py:104} INFO - [2021-04-30 10:33:18,528] {dag.py:2273} INFO - Setting next_dagrun for spark-1-example_kubernetes_pod to None
[2021-04-30 10:33:18,536] {scheduler_job.py:190} INFO - Processing /opt/airflow/dags/kubernetesSparkOperator.py took 0.131 seconds
[2021-04-30 10:33:48,823] {scheduler_job.py:182} INFO - Started process (PID=4893) to work on /opt/airflow/dags/kubernetesSparkOperator.py
[2021-04-30 10:33:48,825] {scheduler_job.py:629} INFO - Processing file /opt/airflow/dags/kubernetesSparkOperator.py for tasks to queue
[2021-04-30 10:33:48,826] {logging_mixin.py:104} INFO - [2021-04-30 10:33:48,826] {dagbag.py:448} INFO - Filling up the DagBag from /opt/airflow/dags/kubernetesSparkOperator.py
[2021-04-30 10:33:48,877] {logging_mixin.py:104} WARNING - /home/airflow/.local/lib/python3.6/site-packages/airflow/providers/cncf/kubernetes/backcompat/backwards_compat_converters.py:26 DeprecationWarning: This module is deprecated. Please use `kubernetes.client.models.V1Volume`.
[2021-04-30 10:33:48,879] {logging_mixin.py:104} WARNING - /home/airflow/.local/lib/python3.6/site-packages/airflow/providers/cncf/kubernetes/backcompat/backwards_compat_converters.py:27 DeprecationWarning: This module is deprecated. Please use `kubernetes.client.models.V1VolumeMount`.
[2021-04-30 10:33:48,888] {scheduler_job.py:639} INFO - DAG(s) dict_keys(['spark-1-example_kubernetes_pod']) retrieved from /opt/airflow/dags/kubernetesSparkOperator.py
[2021-04-30 10:33:48,906] {logging_mixin.py:104} INFO - [2021-04-30 10:33:48,906] {dag.py:1818} INFO - Sync 1 DAGs
[2021-04-30 10:33:48,918] {logging_mixin.py:104} INFO - [2021-04-30 10:33:48,918] {dag.py:2273} INFO - Setting next_dagrun for spark-1-example_kubernetes_pod to None
[2021-04-30 10:33:48,926] {scheduler_job.py:190} INFO - Processing /opt/airflow/dags/kubernetesSparkOperator.py took 0.107 seconds
[2021-04-30 10:34:19,081] {scheduler_job.py:182} INFO - Started process (PID=4898) to work on /opt/airflow/dags/kubernetesSparkOperator.py
[2021-04-30 10:34:19,084] {scheduler_job.py:629} INFO - Processing file /opt/airflow/dags/kubernetesSparkOperator.py for tasks to queue
[2021-04-30 10:34:19,085] {logging_mixin.py:104} INFO - [2021-04-30 10:34:19,085] {dagbag.py:448} INFO - Filling up the DagBag from /opt/airflow/dags/kubernetesSparkOperator.py
[2021-04-30 10:34:19,137] {logging_mixin.py:104} WARNING - /home/airflow/.local/lib/python3.6/site-packages/airflow/providers/cncf/kubernetes/backcompat/backwards_compat_converters.py:26 DeprecationWarning: This module is deprecated. Please use `kubernetes.client.models.V1Volume`.
[2021-04-30 10:34:19,139] {logging_mixin.py:104} WARNING - /home/airflow/.local/lib/python3.6/site-packages/airflow/providers/cncf/kubernetes/backcompat/backwards_compat_converters.py:27 DeprecationWarning: This module is deprecated. Please use `kubernetes.client.models.V1VolumeMount`.
[2021-04-30 10:34:19,148] {scheduler_job.py:639} INFO - DAG(s) dict_keys(['spark-1-example_kubernetes_pod']) retrieved from /opt/airflow/dags/kubernetesSparkOperator.py
[2021-04-30 10:34:19,167] {logging_mixin.py:104} INFO - [2021-04-30 10:34:19,167] {dag.py:1818} INFO - Sync 1 DAGs
[2021-04-30 10:34:19,179] {logging_mixin.py:104} INFO - [2021-04-30 10:34:19,179] {dag.py:2273} INFO - Setting next_dagrun for spark-1-example_kubernetes_pod to None
[2021-04-30 10:34:19,186] {scheduler_job.py:190} INFO - Processing /opt/airflow/dags/kubernetesSparkOperator.py took 0.108 seconds
[2021-04-30 10:34:49,416] {scheduler_job.py:182} INFO - Started process (PID=4903) to work on /opt/airflow/dags/kubernetesSparkOperator.py
[2021-04-30 10:34:49,418] {scheduler_job.py:629} INFO - Processing file /opt/airflow/dags/kubernetesSparkOperator.py for tasks to queue
[2021-04-30 10:34:49,420] {logging_mixin.py:104} INFO - [2021-04-30 10:34:49,420] {dagbag.py:448} INFO - Filling up the DagBag from /opt/airflow/dags/kubernetesSparkOperator.py
[2021-04-30 10:34:49,477] {logging_mixin.py:104} WARNING - /home/airflow/.local/lib/python3.6/site-packages/airflow/providers/cncf/kubernetes/backcompat/backwards_compat_converters.py:26 DeprecationWarning: This module is deprecated. Please use `kubernetes.client.models.V1Volume`.
[2021-04-30 10:34:49,479] {logging_mixin.py:104} WARNING - /home/airflow/.local/lib/python3.6/site-packages/airflow/providers/cncf/kubernetes/backcompat/backwards_compat_converters.py:27 DeprecationWarning: This module is deprecated. Please use `kubernetes.client.models.V1VolumeMount`.
[2021-04-30 10:34:49,488] {scheduler_job.py:639} INFO - DAG(s) dict_keys(['spark-1-example_kubernetes_pod']) retrieved from /opt/airflow/dags/kubernetesSparkOperator.py
[2021-04-30 10:34:49,508] {logging_mixin.py:104} INFO - [2021-04-30 10:34:49,508] {dag.py:1818} INFO - Sync 1 DAGs
[2021-04-30 10:34:49,522] {logging_mixin.py:104} INFO - [2021-04-30 10:34:49,522] {dag.py:2273} INFO - Setting next_dagrun for spark-1-example_kubernetes_pod to None
[2021-04-30 10:34:49,530] {scheduler_job.py:190} INFO - Processing /opt/airflow/dags/kubernetesSparkOperator.py took 0.117 seconds
