[2021-04-21 20:19:13,176] {taskinstance.py:851} INFO - Dependencies all met for <TaskInstance: docker_sample.print_hello 2021-04-19T17:50:00+00:00 [queued]>
[2021-04-21 20:19:13,225] {taskinstance.py:851} INFO - Dependencies all met for <TaskInstance: docker_sample.print_hello 2021-04-19T17:50:00+00:00 [queued]>
[2021-04-21 20:19:13,227] {taskinstance.py:1042} INFO - 
--------------------------------------------------------------------------------
[2021-04-21 20:19:13,229] {taskinstance.py:1043} INFO - Starting attempt 1 of 2
[2021-04-21 20:19:13,234] {taskinstance.py:1044} INFO - 
--------------------------------------------------------------------------------
[2021-04-21 20:19:13,255] {taskinstance.py:1063} INFO - Executing <Task(BashOperator): print_hello> on 2021-04-19T17:50:00+00:00
[2021-04-21 20:19:13,287] {standard_task_runner.py:76} INFO - Running: ['airflow', 'tasks', 'run', 'docker_sample', 'print_hello', '2021-04-19T17:50:00+00:00', '--job-id', '492', '--pool', 'default_pool', '--raw', '--subdir', 'DAGS_FOLDER/dockerOperator.py', '--cfg-path', '/tmp/tmpaf9jroj8', '--error-file', '/tmp/tmpce4p9exx']
[2021-04-21 20:19:13,289] {standard_task_runner.py:77} INFO - Job 492: Subtask print_hello
[2021-04-21 20:19:13,275] {standard_task_runner.py:52} INFO - Started process 1255 to run task
[2021-04-21 20:19:13,397] {logging_mixin.py:104} INFO - Running <TaskInstance: docker_sample.print_hello 2021-04-19T17:50:00+00:00 [running]> on host 5af2b1cab26e
[2021-04-21 20:19:13,473] {taskinstance.py:1257} INFO - Exporting the following env vars:
AIRFLOW_CTX_DAG_EMAIL=airflow@example.com
AIRFLOW_CTX_DAG_OWNER=airflow
AIRFLOW_CTX_DAG_ID=docker_sample
AIRFLOW_CTX_TASK_ID=print_hello
AIRFLOW_CTX_EXECUTION_DATE=2021-04-19T17:50:00+00:00
AIRFLOW_CTX_DAG_RUN_ID=scheduled__2021-04-19T17:50:00+00:00
[2021-04-21 20:19:13,476] {bash.py:135} INFO - Tmp dir root location: 
 /tmp
[2021-04-21 20:19:13,479] {bash.py:158} INFO - Running command: echo "hello world!!!"
[2021-04-21 20:19:13,493] {bash.py:169} INFO - Output:
[2021-04-21 20:19:13,495] {bash.py:173} INFO - hello world!!!
[2021-04-21 20:19:13,496] {bash.py:177} INFO - Command exited with return code 0
[2021-04-21 20:19:13,546] {taskinstance.py:1166} INFO - Marking task as SUCCESS. dag_id=docker_sample, task_id=print_hello, execution_date=20210419T175000, start_date=20210421T201913, end_date=20210421T201913
[2021-04-21 20:19:13,595] {taskinstance.py:1220} INFO - 0 downstream tasks scheduled from follow-on schedule check
[2021-04-21 20:19:13,609] {local_task_job.py:146} INFO - Task exited with return code 0
