[2021-04-27 17:59:00,732] {taskinstance.py:851} INFO - Dependencies all met for <TaskInstance: docker_sample.print_hello 2021-04-25T04:30:00+00:00 [queued]>
[2021-04-27 17:59:00,774] {taskinstance.py:851} INFO - Dependencies all met for <TaskInstance: docker_sample.print_hello 2021-04-25T04:30:00+00:00 [queued]>
[2021-04-27 17:59:00,778] {taskinstance.py:1042} INFO - 
--------------------------------------------------------------------------------
[2021-04-27 17:59:00,779] {taskinstance.py:1043} INFO - Starting attempt 1 of 2
[2021-04-27 17:59:00,781] {taskinstance.py:1044} INFO - 
--------------------------------------------------------------------------------
[2021-04-27 17:59:00,805] {taskinstance.py:1063} INFO - Executing <Task(BashOperator): print_hello> on 2021-04-25T04:30:00+00:00
[2021-04-27 17:59:00,841] {standard_task_runner.py:52} INFO - Started process 377 to run task
[2021-04-27 17:59:00,860] {standard_task_runner.py:76} INFO - Running: ['airflow', 'tasks', 'run', 'docker_sample', 'print_hello', '2021-04-25T04:30:00+00:00', '--job-id', '121', '--pool', 'default_pool', '--raw', '--subdir', 'DAGS_FOLDER/dockerOperator.py', '--cfg-path', '/tmp/tmp9h1ik2ka', '--error-file', '/tmp/tmpweug8527']
[2021-04-27 17:59:00,867] {standard_task_runner.py:77} INFO - Job 121: Subtask print_hello
[2021-04-27 17:59:00,980] {logging_mixin.py:104} INFO - Running <TaskInstance: docker_sample.print_hello 2021-04-25T04:30:00+00:00 [running]> on host 44e91a58ae1b
[2021-04-27 17:59:01,117] {taskinstance.py:1257} INFO - Exporting the following env vars:
AIRFLOW_CTX_DAG_EMAIL=airflow@example.com
AIRFLOW_CTX_DAG_OWNER=airflow
AIRFLOW_CTX_DAG_ID=docker_sample
AIRFLOW_CTX_TASK_ID=print_hello
AIRFLOW_CTX_EXECUTION_DATE=2021-04-25T04:30:00+00:00
AIRFLOW_CTX_DAG_RUN_ID=scheduled__2021-04-25T04:30:00+00:00
[2021-04-27 17:59:01,119] {bash.py:135} INFO - Tmp dir root location: 
 /tmp
[2021-04-27 17:59:01,121] {bash.py:158} INFO - Running command: echo "hello world!!!"
[2021-04-27 17:59:01,157] {bash.py:169} INFO - Output:
[2021-04-27 17:59:01,164] {bash.py:173} INFO - hello world!!!
[2021-04-27 17:59:01,165] {bash.py:177} INFO - Command exited with return code 0
[2021-04-27 17:59:01,277] {taskinstance.py:1166} INFO - Marking task as SUCCESS. dag_id=docker_sample, task_id=print_hello, execution_date=20210425T043000, start_date=20210427T175900, end_date=20210427T175901
[2021-04-27 17:59:01,370] {taskinstance.py:1220} INFO - 0 downstream tasks scheduled from follow-on schedule check
[2021-04-27 17:59:01,420] {local_task_job.py:146} INFO - Task exited with return code 0
