[2021-04-27 21:26:59,967] {taskinstance.py:851} INFO - Dependencies all met for <TaskInstance: docker_spark_sample.sleep 2021-04-27T21:26:58.201903+00:00 [queued]>
[2021-04-27 21:26:59,977] {taskinstance.py:851} INFO - Dependencies all met for <TaskInstance: docker_spark_sample.sleep 2021-04-27T21:26:58.201903+00:00 [queued]>
[2021-04-27 21:26:59,978] {taskinstance.py:1042} INFO - 
--------------------------------------------------------------------------------
[2021-04-27 21:26:59,978] {taskinstance.py:1043} INFO - Starting attempt 1 of 4
[2021-04-27 21:26:59,979] {taskinstance.py:1044} INFO - 
--------------------------------------------------------------------------------
[2021-04-27 21:26:59,991] {taskinstance.py:1063} INFO - Executing <Task(BashOperator): sleep> on 2021-04-27T21:26:58.201903+00:00
[2021-04-27 21:26:59,995] {standard_task_runner.py:52} INFO - Started process 58 to run task
[2021-04-27 21:27:00,000] {standard_task_runner.py:76} INFO - Running: ['airflow', 'tasks', 'run', 'docker_spark_sample', 'sleep', '2021-04-27T21:26:58.201903+00:00', '--job-id', '7', '--pool', 'default_pool', '--raw', '--subdir', 'DAGS_FOLDER/dockerSparkOperator.py', '--cfg-path', '/tmp/tmp0gy101ms', '--error-file', '/tmp/tmpwlpvgj72']
[2021-04-27 21:27:00,001] {standard_task_runner.py:77} INFO - Job 7: Subtask sleep
[2021-04-27 21:27:00,051] {logging_mixin.py:104} INFO - Running <TaskInstance: docker_spark_sample.sleep 2021-04-27T21:26:58.201903+00:00 [running]> on host 7fbe4509e402
[2021-04-27 21:27:00,095] {taskinstance.py:1257} INFO - Exporting the following env vars:
AIRFLOW_CTX_DAG_EMAIL=airflow@example.com
AIRFLOW_CTX_DAG_OWNER=airflow
AIRFLOW_CTX_DAG_ID=docker_spark_sample
AIRFLOW_CTX_TASK_ID=sleep
AIRFLOW_CTX_EXECUTION_DATE=2021-04-27T21:26:58.201903+00:00
AIRFLOW_CTX_DAG_RUN_ID=manual__2021-04-27T21:26:58.201903+00:00
[2021-04-27 21:27:00,097] {bash.py:135} INFO - Tmp dir root location: 
 /tmp
[2021-04-27 21:27:00,098] {bash.py:158} INFO - Running command: sleep 5
[2021-04-27 21:27:00,109] {bash.py:169} INFO - Output:
[2021-04-27 21:27:05,111] {bash.py:177} INFO - Command exited with return code 0
[2021-04-27 21:27:05,141] {taskinstance.py:1166} INFO - Marking task as SUCCESS. dag_id=docker_spark_sample, task_id=sleep, execution_date=20210427T212658, start_date=20210427T212659, end_date=20210427T212705
[2021-04-27 21:27:05,167] {taskinstance.py:1220} INFO - 0 downstream tasks scheduled from follow-on schedule check
[2021-04-27 21:27:05,218] {local_task_job.py:146} INFO - Task exited with return code 0
