[2021-04-21 20:14:32,835] {taskinstance.py:851} INFO - Dependencies all met for <TaskInstance: docker_sample.print_date 2021-04-19T05:40:00+00:00 [queued]>
[2021-04-21 20:14:32,864] {taskinstance.py:851} INFO - Dependencies all met for <TaskInstance: docker_sample.print_date 2021-04-19T05:40:00+00:00 [queued]>
[2021-04-21 20:14:32,865] {taskinstance.py:1042} INFO - 
--------------------------------------------------------------------------------
[2021-04-21 20:14:32,866] {taskinstance.py:1043} INFO - Starting attempt 1 of 2
[2021-04-21 20:14:32,867] {taskinstance.py:1044} INFO - 
--------------------------------------------------------------------------------
[2021-04-21 20:14:32,875] {taskinstance.py:1063} INFO - Executing <Task(BashOperator): print_date> on 2021-04-19T05:40:00+00:00
[2021-04-21 20:14:32,881] {standard_task_runner.py:52} INFO - Started process 400 to run task
[2021-04-21 20:14:32,888] {standard_task_runner.py:76} INFO - Running: ['airflow', 'tasks', 'run', 'docker_sample', 'print_date', '2021-04-19T05:40:00+00:00', '--job-id', '181', '--pool', 'default_pool', '--raw', '--subdir', 'DAGS_FOLDER/dockerOperator.py', '--cfg-path', '/tmp/tmphlhymwen', '--error-file', '/tmp/tmp3whftbwa']
[2021-04-21 20:14:32,889] {standard_task_runner.py:77} INFO - Job 181: Subtask print_date
[2021-04-21 20:14:32,970] {logging_mixin.py:104} INFO - Running <TaskInstance: docker_sample.print_date 2021-04-19T05:40:00+00:00 [running]> on host 5af2b1cab26e
[2021-04-21 20:14:33,044] {taskinstance.py:1257} INFO - Exporting the following env vars:
AIRFLOW_CTX_DAG_EMAIL=airflow@example.com
AIRFLOW_CTX_DAG_OWNER=airflow
AIRFLOW_CTX_DAG_ID=docker_sample
AIRFLOW_CTX_TASK_ID=print_date
AIRFLOW_CTX_EXECUTION_DATE=2021-04-19T05:40:00+00:00
AIRFLOW_CTX_DAG_RUN_ID=scheduled__2021-04-19T05:40:00+00:00
[2021-04-21 20:14:33,047] {bash.py:135} INFO - Tmp dir root location: 
 /tmp
[2021-04-21 20:14:33,049] {bash.py:158} INFO - Running command: date
[2021-04-21 20:14:33,065] {bash.py:169} INFO - Output:
[2021-04-21 20:14:33,069] {bash.py:173} INFO - Wed Apr 21 20:14:33 UTC 2021
[2021-04-21 20:14:33,070] {bash.py:177} INFO - Command exited with return code 0
[2021-04-21 20:14:33,113] {taskinstance.py:1166} INFO - Marking task as SUCCESS. dag_id=docker_sample, task_id=print_date, execution_date=20210419T054000, start_date=20210421T201432, end_date=20210421T201433
[2021-04-21 20:14:33,191] {taskinstance.py:1220} INFO - 2 downstream tasks scheduled from follow-on schedule check
[2021-04-21 20:14:33,226] {local_task_job.py:146} INFO - Task exited with return code 0
