[2021-04-21 20:06:17,343] {taskinstance.py:851} INFO - Dependencies all met for <TaskInstance: docker_sample.print_date 2021-04-19T00:20:00+00:00 [queued]>
[2021-04-21 20:06:17,378] {taskinstance.py:851} INFO - Dependencies all met for <TaskInstance: docker_sample.print_date 2021-04-19T00:20:00+00:00 [queued]>
[2021-04-21 20:06:17,379] {taskinstance.py:1042} INFO - 
--------------------------------------------------------------------------------
[2021-04-21 20:06:17,381] {taskinstance.py:1043} INFO - Starting attempt 1 of 2
[2021-04-21 20:06:17,384] {taskinstance.py:1044} INFO - 
--------------------------------------------------------------------------------
[2021-04-21 20:06:17,392] {taskinstance.py:1063} INFO - Executing <Task(BashOperator): print_date> on 2021-04-19T00:20:00+00:00
[2021-04-21 20:06:17,399] {standard_task_runner.py:52} INFO - Started process 48 to run task
[2021-04-21 20:06:17,410] {standard_task_runner.py:76} INFO - Running: ['airflow', 'tasks', 'run', 'docker_sample', 'print_date', '2021-04-19T00:20:00+00:00', '--job-id', '4', '--pool', 'default_pool', '--raw', '--subdir', 'DAGS_FOLDER/dockerOperator.py', '--cfg-path', '/tmp/tmpm9zovhf7', '--error-file', '/tmp/tmp04tpmpo3']
[2021-04-21 20:06:17,412] {standard_task_runner.py:77} INFO - Job 4: Subtask print_date
[2021-04-21 20:06:17,521] {logging_mixin.py:104} INFO - Running <TaskInstance: docker_sample.print_date 2021-04-19T00:20:00+00:00 [running]> on host 5af2b1cab26e
[2021-04-21 20:06:17,675] {taskinstance.py:1257} INFO - Exporting the following env vars:
AIRFLOW_CTX_DAG_EMAIL=airflow@example.com
AIRFLOW_CTX_DAG_OWNER=airflow
AIRFLOW_CTX_DAG_ID=docker_sample
AIRFLOW_CTX_TASK_ID=print_date
AIRFLOW_CTX_EXECUTION_DATE=2021-04-19T00:20:00+00:00
AIRFLOW_CTX_DAG_RUN_ID=scheduled__2021-04-19T00:20:00+00:00
[2021-04-21 20:06:17,677] {bash.py:135} INFO - Tmp dir root location: 
 /tmp
[2021-04-21 20:06:17,678] {bash.py:158} INFO - Running command: date
[2021-04-21 20:06:17,690] {bash.py:169} INFO - Output:
[2021-04-21 20:06:17,695] {bash.py:173} INFO - Wed Apr 21 20:06:17 UTC 2021
[2021-04-21 20:06:17,696] {bash.py:177} INFO - Command exited with return code 0
[2021-04-21 20:06:17,766] {taskinstance.py:1166} INFO - Marking task as SUCCESS. dag_id=docker_sample, task_id=print_date, execution_date=20210419T002000, start_date=20210421T200617, end_date=20210421T200617
[2021-04-21 20:06:17,910] {taskinstance.py:1220} INFO - 0 downstream tasks scheduled from follow-on schedule check
[2021-04-21 20:06:17,957] {local_task_job.py:146} INFO - Task exited with return code 0
[2021-04-21 20:12:23,492] {taskinstance.py:851} INFO - Dependencies all met for <TaskInstance: docker_sample.print_date 2021-04-19T00:20:00+00:00 [queued]>
[2021-04-21 20:12:23,525] {taskinstance.py:851} INFO - Dependencies all met for <TaskInstance: docker_sample.print_date 2021-04-19T00:20:00+00:00 [queued]>
[2021-04-21 20:12:23,526] {taskinstance.py:1042} INFO - 
--------------------------------------------------------------------------------
[2021-04-21 20:12:23,529] {taskinstance.py:1043} INFO - Starting attempt 1 of 2
[2021-04-21 20:12:23,530] {taskinstance.py:1044} INFO - 
--------------------------------------------------------------------------------
[2021-04-21 20:12:23,565] {taskinstance.py:1063} INFO - Executing <Task(BashOperator): print_date> on 2021-04-19T00:20:00+00:00
[2021-04-21 20:12:23,579] {standard_task_runner.py:52} INFO - Started process 47 to run task
[2021-04-21 20:12:23,610] {standard_task_runner.py:76} INFO - Running: ['airflow', 'tasks', 'run', 'docker_sample', 'print_date', '2021-04-19T00:20:00+00:00', '--job-id', '53', '--pool', 'default_pool', '--raw', '--subdir', 'DAGS_FOLDER/dockerOperator.py', '--cfg-path', '/tmp/tmp0us6u2x2', '--error-file', '/tmp/tmp52ppfmu_']
[2021-04-21 20:12:23,612] {standard_task_runner.py:77} INFO - Job 53: Subtask print_date
[2021-04-21 20:12:23,719] {logging_mixin.py:104} INFO - Running <TaskInstance: docker_sample.print_date 2021-04-19T00:20:00+00:00 [running]> on host 5af2b1cab26e
[2021-04-21 20:12:23,807] {taskinstance.py:1257} INFO - Exporting the following env vars:
AIRFLOW_CTX_DAG_EMAIL=airflow@example.com
AIRFLOW_CTX_DAG_OWNER=airflow
AIRFLOW_CTX_DAG_ID=docker_sample
AIRFLOW_CTX_TASK_ID=print_date
AIRFLOW_CTX_EXECUTION_DATE=2021-04-19T00:20:00+00:00
AIRFLOW_CTX_DAG_RUN_ID=scheduled__2021-04-19T00:20:00+00:00
[2021-04-21 20:12:23,813] {bash.py:135} INFO - Tmp dir root location: 
 /tmp
[2021-04-21 20:12:23,817] {bash.py:158} INFO - Running command: date
[2021-04-21 20:12:23,841] {bash.py:169} INFO - Output:
[2021-04-21 20:12:23,849] {bash.py:173} INFO - Wed Apr 21 20:12:23 UTC 2021
[2021-04-21 20:12:23,851] {bash.py:177} INFO - Command exited with return code 0
[2021-04-21 20:12:23,916] {taskinstance.py:1166} INFO - Marking task as SUCCESS. dag_id=docker_sample, task_id=print_date, execution_date=20210419T002000, start_date=20210421T201223, end_date=20210421T201223
[2021-04-21 20:12:23,960] {taskinstance.py:1220} INFO - 2 downstream tasks scheduled from follow-on schedule check
[2021-04-21 20:12:23,985] {local_task_job.py:146} INFO - Task exited with return code 0
