[2021-04-21 20:21:33,780] {taskinstance.py:851} INFO - Dependencies all met for <TaskInstance: docker_sample.print_date 2021-04-20T00:00:00+00:00 [queued]>
[2021-04-21 20:21:33,795] {taskinstance.py:851} INFO - Dependencies all met for <TaskInstance: docker_sample.print_date 2021-04-20T00:00:00+00:00 [queued]>
[2021-04-21 20:21:33,796] {taskinstance.py:1042} INFO - 
--------------------------------------------------------------------------------
[2021-04-21 20:21:33,796] {taskinstance.py:1043} INFO - Starting attempt 1 of 2
[2021-04-21 20:21:33,797] {taskinstance.py:1044} INFO - 
--------------------------------------------------------------------------------
[2021-04-21 20:21:33,806] {taskinstance.py:1063} INFO - Executing <Task(BashOperator): print_date> on 2021-04-20T00:00:00+00:00
[2021-04-21 20:21:33,810] {standard_task_runner.py:52} INFO - Started process 1627 to run task
[2021-04-21 20:21:33,814] {standard_task_runner.py:76} INFO - Running: ['airflow', 'tasks', 'run', 'docker_sample', 'print_date', '2021-04-20T00:00:00+00:00', '--job-id', '627', '--pool', 'default_pool', '--raw', '--subdir', 'DAGS_FOLDER/dockerOperator.py', '--cfg-path', '/tmp/tmpahqymu9l', '--error-file', '/tmp/tmp58eq6uw6']
[2021-04-21 20:21:33,815] {standard_task_runner.py:77} INFO - Job 627: Subtask print_date
[2021-04-21 20:21:33,867] {logging_mixin.py:104} INFO - Running <TaskInstance: docker_sample.print_date 2021-04-20T00:00:00+00:00 [running]> on host 5af2b1cab26e
[2021-04-21 20:21:33,918] {taskinstance.py:1257} INFO - Exporting the following env vars:
AIRFLOW_CTX_DAG_EMAIL=airflow@example.com
AIRFLOW_CTX_DAG_OWNER=airflow
AIRFLOW_CTX_DAG_ID=docker_sample
AIRFLOW_CTX_TASK_ID=print_date
AIRFLOW_CTX_EXECUTION_DATE=2021-04-20T00:00:00+00:00
AIRFLOW_CTX_DAG_RUN_ID=scheduled__2021-04-20T00:00:00+00:00
[2021-04-21 20:21:33,919] {bash.py:135} INFO - Tmp dir root location: 
 /tmp
[2021-04-21 20:21:33,921] {bash.py:158} INFO - Running command: date
[2021-04-21 20:21:33,931] {bash.py:169} INFO - Output:
[2021-04-21 20:21:33,933] {bash.py:173} INFO - Wed Apr 21 20:21:33 UTC 2021
[2021-04-21 20:21:33,934] {bash.py:177} INFO - Command exited with return code 0
[2021-04-21 20:21:33,979] {taskinstance.py:1166} INFO - Marking task as SUCCESS. dag_id=docker_sample, task_id=print_date, execution_date=20210420T000000, start_date=20210421T202133, end_date=20210421T202133
[2021-04-21 20:21:34,021] {taskinstance.py:1220} INFO - 2 downstream tasks scheduled from follow-on schedule check
[2021-04-21 20:21:34,070] {local_task_job.py:146} INFO - Task exited with return code 0
