[2021-04-27 17:58:21,814] {taskinstance.py:851} INFO - Dependencies all met for <TaskInstance: docker_sample.sleep 2021-04-25T03:00:00+00:00 [queued]>
[2021-04-27 17:58:21,871] {taskinstance.py:851} INFO - Dependencies all met for <TaskInstance: docker_sample.sleep 2021-04-25T03:00:00+00:00 [queued]>
[2021-04-27 17:58:21,872] {taskinstance.py:1042} INFO - 
--------------------------------------------------------------------------------
[2021-04-27 17:58:21,874] {taskinstance.py:1043} INFO - Starting attempt 1 of 4
[2021-04-27 17:58:21,875] {taskinstance.py:1044} INFO - 
--------------------------------------------------------------------------------
[2021-04-27 17:58:21,914] {taskinstance.py:1063} INFO - Executing <Task(BashOperator): sleep> on 2021-04-25T03:00:00+00:00
[2021-04-27 17:58:21,925] {standard_task_runner.py:52} INFO - Started process 250 to run task
[2021-04-27 17:58:21,956] {standard_task_runner.py:76} INFO - Running: ['airflow', 'tasks', 'run', 'docker_sample', 'sleep', '2021-04-25T03:00:00+00:00', '--job-id', '77', '--pool', 'default_pool', '--raw', '--subdir', 'DAGS_FOLDER/dockerOperator.py', '--cfg-path', '/tmp/tmptuhznxpt', '--error-file', '/tmp/tmp059v5adp']
[2021-04-27 17:58:21,960] {standard_task_runner.py:77} INFO - Job 77: Subtask sleep
[2021-04-27 17:58:22,152] {logging_mixin.py:104} INFO - Running <TaskInstance: docker_sample.sleep 2021-04-25T03:00:00+00:00 [running]> on host 44e91a58ae1b
[2021-04-27 17:58:22,276] {taskinstance.py:1257} INFO - Exporting the following env vars:
AIRFLOW_CTX_DAG_EMAIL=airflow@example.com
AIRFLOW_CTX_DAG_OWNER=airflow
AIRFLOW_CTX_DAG_ID=docker_sample
AIRFLOW_CTX_TASK_ID=sleep
AIRFLOW_CTX_EXECUTION_DATE=2021-04-25T03:00:00+00:00
AIRFLOW_CTX_DAG_RUN_ID=scheduled__2021-04-25T03:00:00+00:00
[2021-04-27 17:58:22,279] {bash.py:135} INFO - Tmp dir root location: 
 /tmp
[2021-04-27 17:58:22,281] {bash.py:158} INFO - Running command: sleep 5
[2021-04-27 17:58:22,324] {bash.py:169} INFO - Output:
[2021-04-27 17:58:27,331] {bash.py:177} INFO - Command exited with return code 0
[2021-04-27 17:58:27,379] {taskinstance.py:1166} INFO - Marking task as SUCCESS. dag_id=docker_sample, task_id=sleep, execution_date=20210425T030000, start_date=20210427T175821, end_date=20210427T175827
[2021-04-27 17:58:27,444] {taskinstance.py:1220} INFO - 0 downstream tasks scheduled from follow-on schedule check
[2021-04-27 17:58:27,487] {local_task_job.py:146} INFO - Task exited with return code 0
