[2021-04-21 20:13:33,632] {taskinstance.py:851} INFO - Dependencies all met for <TaskInstance: docker_sample.print_date 2021-04-19T03:40:00+00:00 [queued]>
[2021-04-21 20:13:33,663] {taskinstance.py:851} INFO - Dependencies all met for <TaskInstance: docker_sample.print_date 2021-04-19T03:40:00+00:00 [queued]>
[2021-04-21 20:13:33,667] {taskinstance.py:1042} INFO - 
--------------------------------------------------------------------------------
[2021-04-21 20:13:33,668] {taskinstance.py:1043} INFO - Starting attempt 1 of 2
[2021-04-21 20:13:33,668] {taskinstance.py:1044} INFO - 
--------------------------------------------------------------------------------
[2021-04-21 20:13:33,680] {taskinstance.py:1063} INFO - Executing <Task(BashOperator): print_date> on 2021-04-19T03:40:00+00:00
[2021-04-21 20:13:33,684] {standard_task_runner.py:52} INFO - Started process 244 to run task
[2021-04-21 20:13:33,696] {standard_task_runner.py:76} INFO - Running: ['airflow', 'tasks', 'run', 'docker_sample', 'print_date', '2021-04-19T03:40:00+00:00', '--job-id', '123', '--pool', 'default_pool', '--raw', '--subdir', 'DAGS_FOLDER/dockerOperator.py', '--cfg-path', '/tmp/tmpba5f7myg', '--error-file', '/tmp/tmprqgssap4']
[2021-04-21 20:13:33,698] {standard_task_runner.py:77} INFO - Job 123: Subtask print_date
[2021-04-21 20:13:33,821] {logging_mixin.py:104} INFO - Running <TaskInstance: docker_sample.print_date 2021-04-19T03:40:00+00:00 [running]> on host 5af2b1cab26e
[2021-04-21 20:13:33,901] {taskinstance.py:1257} INFO - Exporting the following env vars:
AIRFLOW_CTX_DAG_EMAIL=airflow@example.com
AIRFLOW_CTX_DAG_OWNER=airflow
AIRFLOW_CTX_DAG_ID=docker_sample
AIRFLOW_CTX_TASK_ID=print_date
AIRFLOW_CTX_EXECUTION_DATE=2021-04-19T03:40:00+00:00
AIRFLOW_CTX_DAG_RUN_ID=scheduled__2021-04-19T03:40:00+00:00
[2021-04-21 20:13:33,902] {bash.py:135} INFO - Tmp dir root location: 
 /tmp
[2021-04-21 20:13:33,903] {bash.py:158} INFO - Running command: date
[2021-04-21 20:13:33,955] {bash.py:169} INFO - Output:
[2021-04-21 20:13:33,968] {bash.py:173} INFO - Wed Apr 21 20:13:33 UTC 2021
[2021-04-21 20:13:33,969] {bash.py:177} INFO - Command exited with return code 0
[2021-04-21 20:13:34,043] {taskinstance.py:1166} INFO - Marking task as SUCCESS. dag_id=docker_sample, task_id=print_date, execution_date=20210419T034000, start_date=20210421T201333, end_date=20210421T201334
[2021-04-21 20:13:34,118] {taskinstance.py:1220} INFO - 2 downstream tasks scheduled from follow-on schedule check
[2021-04-21 20:13:34,155] {local_task_job.py:146} INFO - Task exited with return code 0
