[2021-04-21 20:21:35,587] {taskinstance.py:851} INFO - Dependencies all met for <TaskInstance: docker_sample.sleep 2021-04-20T00:20:00+00:00 [queued]>
[2021-04-21 20:21:35,626] {taskinstance.py:851} INFO - Dependencies all met for <TaskInstance: docker_sample.sleep 2021-04-20T00:20:00+00:00 [queued]>
[2021-04-21 20:21:35,627] {taskinstance.py:1042} INFO - 
--------------------------------------------------------------------------------
[2021-04-21 20:21:35,628] {taskinstance.py:1043} INFO - Starting attempt 1 of 4
[2021-04-21 20:21:35,629] {taskinstance.py:1044} INFO - 
--------------------------------------------------------------------------------
[2021-04-21 20:21:35,649] {taskinstance.py:1063} INFO - Executing <Task(BashOperator): sleep> on 2021-04-20T00:20:00+00:00
[2021-04-21 20:21:35,661] {standard_task_runner.py:52} INFO - Started process 1662 to run task
[2021-04-21 20:21:35,681] {standard_task_runner.py:76} INFO - Running: ['airflow', 'tasks', 'run', 'docker_sample', 'sleep', '2021-04-20T00:20:00+00:00', '--job-id', '640', '--pool', 'default_pool', '--raw', '--subdir', 'DAGS_FOLDER/dockerOperator.py', '--cfg-path', '/tmp/tmp11nembdl', '--error-file', '/tmp/tmph4ne2x8x']
[2021-04-21 20:21:35,689] {standard_task_runner.py:77} INFO - Job 640: Subtask sleep
[2021-04-21 20:21:35,771] {logging_mixin.py:104} INFO - Running <TaskInstance: docker_sample.sleep 2021-04-20T00:20:00+00:00 [running]> on host 5af2b1cab26e
[2021-04-21 20:21:35,867] {taskinstance.py:1257} INFO - Exporting the following env vars:
AIRFLOW_CTX_DAG_EMAIL=airflow@example.com
AIRFLOW_CTX_DAG_OWNER=airflow
AIRFLOW_CTX_DAG_ID=docker_sample
AIRFLOW_CTX_TASK_ID=sleep
AIRFLOW_CTX_EXECUTION_DATE=2021-04-20T00:20:00+00:00
AIRFLOW_CTX_DAG_RUN_ID=scheduled__2021-04-20T00:20:00+00:00
[2021-04-21 20:21:35,868] {bash.py:135} INFO - Tmp dir root location: 
 /tmp
[2021-04-21 20:21:35,870] {bash.py:158} INFO - Running command: sleep 5
[2021-04-21 20:21:35,893] {bash.py:169} INFO - Output:
[2021-04-21 20:21:40,897] {bash.py:177} INFO - Command exited with return code 0
[2021-04-21 20:21:40,937] {taskinstance.py:1166} INFO - Marking task as SUCCESS. dag_id=docker_sample, task_id=sleep, execution_date=20210420T002000, start_date=20210421T202135, end_date=20210421T202140
[2021-04-21 20:21:40,964] {taskinstance.py:1220} INFO - 0 downstream tasks scheduled from follow-on schedule check
[2021-04-21 20:21:41,000] {local_task_job.py:146} INFO - Task exited with return code 0
