[2021-04-21 20:19:34,800] {taskinstance.py:851} INFO - Dependencies all met for <TaskInstance: docker_sample.sleep 2021-04-19T19:00:00+00:00 [queued]>
[2021-04-21 20:19:34,834] {taskinstance.py:851} INFO - Dependencies all met for <TaskInstance: docker_sample.sleep 2021-04-19T19:00:00+00:00 [queued]>
[2021-04-21 20:19:34,835] {taskinstance.py:1042} INFO - 
--------------------------------------------------------------------------------
[2021-04-21 20:19:34,836] {taskinstance.py:1043} INFO - Starting attempt 1 of 4
[2021-04-21 20:19:34,837] {taskinstance.py:1044} INFO - 
--------------------------------------------------------------------------------
[2021-04-21 20:19:34,854] {taskinstance.py:1063} INFO - Executing <Task(BashOperator): sleep> on 2021-04-19T19:00:00+00:00
[2021-04-21 20:19:34,859] {standard_task_runner.py:52} INFO - Started process 1304 to run task
[2021-04-21 20:19:34,877] {standard_task_runner.py:76} INFO - Running: ['airflow', 'tasks', 'run', 'docker_sample', 'sleep', '2021-04-19T19:00:00+00:00', '--job-id', '510', '--pool', 'default_pool', '--raw', '--subdir', 'DAGS_FOLDER/dockerOperator.py', '--cfg-path', '/tmp/tmp0bjmb64i', '--error-file', '/tmp/tmppchdxz7e']
[2021-04-21 20:19:34,879] {standard_task_runner.py:77} INFO - Job 510: Subtask sleep
[2021-04-21 20:19:34,976] {logging_mixin.py:104} INFO - Running <TaskInstance: docker_sample.sleep 2021-04-19T19:00:00+00:00 [running]> on host 5af2b1cab26e
[2021-04-21 20:19:35,084] {taskinstance.py:1257} INFO - Exporting the following env vars:
AIRFLOW_CTX_DAG_EMAIL=airflow@example.com
AIRFLOW_CTX_DAG_OWNER=airflow
AIRFLOW_CTX_DAG_ID=docker_sample
AIRFLOW_CTX_TASK_ID=sleep
AIRFLOW_CTX_EXECUTION_DATE=2021-04-19T19:00:00+00:00
AIRFLOW_CTX_DAG_RUN_ID=scheduled__2021-04-19T19:00:00+00:00
[2021-04-21 20:19:35,086] {bash.py:135} INFO - Tmp dir root location: 
 /tmp
[2021-04-21 20:19:35,089] {bash.py:158} INFO - Running command: sleep 5
[2021-04-21 20:19:35,110] {bash.py:169} INFO - Output:
[2021-04-21 20:19:40,126] {bash.py:177} INFO - Command exited with return code 0
[2021-04-21 20:19:40,162] {taskinstance.py:1166} INFO - Marking task as SUCCESS. dag_id=docker_sample, task_id=sleep, execution_date=20210419T190000, start_date=20210421T201934, end_date=20210421T201940
[2021-04-21 20:19:40,191] {taskinstance.py:1220} INFO - 0 downstream tasks scheduled from follow-on schedule check
[2021-04-21 20:19:40,207] {local_task_job.py:146} INFO - Task exited with return code 0
