[2021-04-27 21:24:47,185] {taskinstance.py:851} INFO - Dependencies all met for <TaskInstance: docker_spark_sample.print_hello 2021-04-25T00:00:00+00:00 [queued]>
[2021-04-27 21:24:47,193] {taskinstance.py:851} INFO - Dependencies all met for <TaskInstance: docker_spark_sample.print_hello 2021-04-25T00:00:00+00:00 [queued]>
[2021-04-27 21:24:47,194] {taskinstance.py:1042} INFO - 
--------------------------------------------------------------------------------
[2021-04-27 21:24:47,195] {taskinstance.py:1043} INFO - Starting attempt 1 of 2
[2021-04-27 21:24:47,195] {taskinstance.py:1044} INFO - 
--------------------------------------------------------------------------------
[2021-04-27 21:24:47,207] {taskinstance.py:1063} INFO - Executing <Task(BashOperator): print_hello> on 2021-04-25T00:00:00+00:00
[2021-04-27 21:24:47,211] {standard_task_runner.py:52} INFO - Started process 51 to run task
[2021-04-27 21:24:47,215] {standard_task_runner.py:76} INFO - Running: ['airflow', 'tasks', 'run', 'docker_spark_sample', 'print_hello', '2021-04-25T00:00:00+00:00', '--job-id', '5', '--pool', 'default_pool', '--raw', '--subdir', 'DAGS_FOLDER/dockerSparkOperator.py', '--cfg-path', '/tmp/tmpik0nf1yg', '--error-file', '/tmp/tmpn_abla9m']
[2021-04-27 21:24:47,216] {standard_task_runner.py:77} INFO - Job 5: Subtask print_hello
[2021-04-27 21:24:47,262] {logging_mixin.py:104} INFO - Running <TaskInstance: docker_spark_sample.print_hello 2021-04-25T00:00:00+00:00 [running]> on host 7fbe4509e402
[2021-04-27 21:24:47,304] {taskinstance.py:1257} INFO - Exporting the following env vars:
AIRFLOW_CTX_DAG_EMAIL=airflow@example.com
AIRFLOW_CTX_DAG_OWNER=airflow
AIRFLOW_CTX_DAG_ID=docker_spark_sample
AIRFLOW_CTX_TASK_ID=print_hello
AIRFLOW_CTX_EXECUTION_DATE=2021-04-25T00:00:00+00:00
AIRFLOW_CTX_DAG_RUN_ID=scheduled__2021-04-25T00:00:00+00:00
[2021-04-27 21:24:47,305] {bash.py:135} INFO - Tmp dir root location: 
 /tmp
[2021-04-27 21:24:47,307] {bash.py:158} INFO - Running command: echo "hello world!!!"
[2021-04-27 21:24:47,320] {bash.py:169} INFO - Output:
[2021-04-27 21:24:47,321] {bash.py:173} INFO - hello world!!!
[2021-04-27 21:24:47,323] {bash.py:177} INFO - Command exited with return code 0
[2021-04-27 21:24:47,351] {taskinstance.py:1166} INFO - Marking task as SUCCESS. dag_id=docker_spark_sample, task_id=print_hello, execution_date=20210425T000000, start_date=20210427T212447, end_date=20210427T212447
[2021-04-27 21:24:47,375] {taskinstance.py:1220} INFO - 0 downstream tasks scheduled from follow-on schedule check
[2021-04-27 21:24:47,391] {local_task_job.py:146} INFO - Task exited with return code 0
