[2021-04-21 20:20:09,568] {taskinstance.py:851} INFO - Dependencies all met for <TaskInstance: docker_sample.sleep 2021-04-19T20:10:00+00:00 [queued]>
[2021-04-21 20:20:09,606] {taskinstance.py:851} INFO - Dependencies all met for <TaskInstance: docker_sample.sleep 2021-04-19T20:10:00+00:00 [queued]>
[2021-04-21 20:20:09,609] {taskinstance.py:1042} INFO - 
--------------------------------------------------------------------------------
[2021-04-21 20:20:09,610] {taskinstance.py:1043} INFO - Starting attempt 1 of 4
[2021-04-21 20:20:09,611] {taskinstance.py:1044} INFO - 
--------------------------------------------------------------------------------
[2021-04-21 20:20:09,623] {taskinstance.py:1063} INFO - Executing <Task(BashOperator): sleep> on 2021-04-19T20:10:00+00:00
[2021-04-21 20:20:09,628] {standard_task_runner.py:52} INFO - Started process 1405 to run task
[2021-04-21 20:20:09,640] {standard_task_runner.py:76} INFO - Running: ['airflow', 'tasks', 'run', 'docker_sample', 'sleep', '2021-04-19T20:10:00+00:00', '--job-id', '547', '--pool', 'default_pool', '--raw', '--subdir', 'DAGS_FOLDER/dockerOperator.py', '--cfg-path', '/tmp/tmpbo2zhi6u', '--error-file', '/tmp/tmpqwq2iyh5']
[2021-04-21 20:20:09,643] {standard_task_runner.py:77} INFO - Job 547: Subtask sleep
[2021-04-21 20:20:09,710] {logging_mixin.py:104} INFO - Running <TaskInstance: docker_sample.sleep 2021-04-19T20:10:00+00:00 [running]> on host 5af2b1cab26e
[2021-04-21 20:20:09,779] {taskinstance.py:1257} INFO - Exporting the following env vars:
AIRFLOW_CTX_DAG_EMAIL=airflow@example.com
AIRFLOW_CTX_DAG_OWNER=airflow
AIRFLOW_CTX_DAG_ID=docker_sample
AIRFLOW_CTX_TASK_ID=sleep
AIRFLOW_CTX_EXECUTION_DATE=2021-04-19T20:10:00+00:00
AIRFLOW_CTX_DAG_RUN_ID=scheduled__2021-04-19T20:10:00+00:00
[2021-04-21 20:20:09,782] {bash.py:135} INFO - Tmp dir root location: 
 /tmp
[2021-04-21 20:20:09,784] {bash.py:158} INFO - Running command: sleep 5
[2021-04-21 20:20:09,800] {bash.py:169} INFO - Output:
[2021-04-21 20:20:14,803] {bash.py:177} INFO - Command exited with return code 0
[2021-04-21 20:20:14,832] {taskinstance.py:1166} INFO - Marking task as SUCCESS. dag_id=docker_sample, task_id=sleep, execution_date=20210419T201000, start_date=20210421T202009, end_date=20210421T202014
[2021-04-21 20:20:14,918] {taskinstance.py:1220} INFO - 0 downstream tasks scheduled from follow-on schedule check
[2021-04-21 20:20:14,962] {local_task_job.py:146} INFO - Task exited with return code 0
