[2021-04-27 17:58:55,344] {taskinstance.py:851} INFO - Dependencies all met for <TaskInstance: docker_sample.sleep 2021-04-25T04:00:00+00:00 [queued]>
[2021-04-27 17:58:55,381] {taskinstance.py:851} INFO - Dependencies all met for <TaskInstance: docker_sample.sleep 2021-04-25T04:00:00+00:00 [queued]>
[2021-04-27 17:58:55,382] {taskinstance.py:1042} INFO - 
--------------------------------------------------------------------------------
[2021-04-27 17:58:55,383] {taskinstance.py:1043} INFO - Starting attempt 1 of 4
[2021-04-27 17:58:55,384] {taskinstance.py:1044} INFO - 
--------------------------------------------------------------------------------
[2021-04-27 17:58:55,398] {taskinstance.py:1063} INFO - Executing <Task(BashOperator): sleep> on 2021-04-25T04:00:00+00:00
[2021-04-27 17:58:55,407] {standard_task_runner.py:52} INFO - Started process 339 to run task
[2021-04-27 17:58:55,419] {standard_task_runner.py:76} INFO - Running: ['airflow', 'tasks', 'run', 'docker_sample', 'sleep', '2021-04-25T04:00:00+00:00', '--job-id', '110', '--pool', 'default_pool', '--raw', '--subdir', 'DAGS_FOLDER/dockerOperator.py', '--cfg-path', '/tmp/tmpnh_z2s0o', '--error-file', '/tmp/tmpezsj4ttp']
[2021-04-27 17:58:55,422] {standard_task_runner.py:77} INFO - Job 110: Subtask sleep
[2021-04-27 17:58:55,541] {logging_mixin.py:104} INFO - Running <TaskInstance: docker_sample.sleep 2021-04-25T04:00:00+00:00 [running]> on host 44e91a58ae1b
[2021-04-27 17:58:55,656] {taskinstance.py:1257} INFO - Exporting the following env vars:
AIRFLOW_CTX_DAG_EMAIL=airflow@example.com
AIRFLOW_CTX_DAG_OWNER=airflow
AIRFLOW_CTX_DAG_ID=docker_sample
AIRFLOW_CTX_TASK_ID=sleep
AIRFLOW_CTX_EXECUTION_DATE=2021-04-25T04:00:00+00:00
AIRFLOW_CTX_DAG_RUN_ID=scheduled__2021-04-25T04:00:00+00:00
[2021-04-27 17:58:55,658] {bash.py:135} INFO - Tmp dir root location: 
 /tmp
[2021-04-27 17:58:55,662] {bash.py:158} INFO - Running command: sleep 5
[2021-04-27 17:58:55,679] {bash.py:169} INFO - Output:
[2021-04-27 17:59:00,647] {bash.py:177} INFO - Command exited with return code 0
[2021-04-27 17:59:00,732] {taskinstance.py:1166} INFO - Marking task as SUCCESS. dag_id=docker_sample, task_id=sleep, execution_date=20210425T040000, start_date=20210427T175855, end_date=20210427T175900
[2021-04-27 17:59:00,824] {taskinstance.py:1220} INFO - 0 downstream tasks scheduled from follow-on schedule check
[2021-04-27 17:59:00,876] {local_task_job.py:146} INFO - Task exited with return code 0
