[2021-04-21 20:16:35,391] {taskinstance.py:851} INFO - Dependencies all met for <TaskInstance: docker_sample.sleep 2021-04-19T11:10:00+00:00 [queued]>
[2021-04-21 20:16:35,428] {taskinstance.py:851} INFO - Dependencies all met for <TaskInstance: docker_sample.sleep 2021-04-19T11:10:00+00:00 [queued]>
[2021-04-21 20:16:35,429] {taskinstance.py:1042} INFO - 
--------------------------------------------------------------------------------
[2021-04-21 20:16:35,429] {taskinstance.py:1043} INFO - Starting attempt 1 of 4
[2021-04-21 20:16:35,430] {taskinstance.py:1044} INFO - 
--------------------------------------------------------------------------------
[2021-04-21 20:16:35,462] {taskinstance.py:1063} INFO - Executing <Task(BashOperator): sleep> on 2021-04-19T11:10:00+00:00
[2021-04-21 20:16:35,479] {standard_task_runner.py:52} INFO - Started process 786 to run task
[2021-04-21 20:16:35,490] {standard_task_runner.py:76} INFO - Running: ['airflow', 'tasks', 'run', 'docker_sample', 'sleep', '2021-04-19T11:10:00+00:00', '--job-id', '323', '--pool', 'default_pool', '--raw', '--subdir', 'DAGS_FOLDER/dockerOperator.py', '--cfg-path', '/tmp/tmpf9u3s6qi', '--error-file', '/tmp/tmpjwxi27c5']
[2021-04-21 20:16:35,491] {standard_task_runner.py:77} INFO - Job 323: Subtask sleep
[2021-04-21 20:16:35,586] {logging_mixin.py:104} INFO - Running <TaskInstance: docker_sample.sleep 2021-04-19T11:10:00+00:00 [running]> on host 5af2b1cab26e
[2021-04-21 20:16:35,696] {taskinstance.py:1257} INFO - Exporting the following env vars:
AIRFLOW_CTX_DAG_EMAIL=airflow@example.com
AIRFLOW_CTX_DAG_OWNER=airflow
AIRFLOW_CTX_DAG_ID=docker_sample
AIRFLOW_CTX_TASK_ID=sleep
AIRFLOW_CTX_EXECUTION_DATE=2021-04-19T11:10:00+00:00
AIRFLOW_CTX_DAG_RUN_ID=scheduled__2021-04-19T11:10:00+00:00
[2021-04-21 20:16:35,697] {bash.py:135} INFO - Tmp dir root location: 
 /tmp
[2021-04-21 20:16:35,698] {bash.py:158} INFO - Running command: sleep 5
[2021-04-21 20:16:35,716] {bash.py:169} INFO - Output:
[2021-04-21 20:16:40,722] {bash.py:177} INFO - Command exited with return code 0
[2021-04-21 20:16:40,773] {taskinstance.py:1166} INFO - Marking task as SUCCESS. dag_id=docker_sample, task_id=sleep, execution_date=20210419T111000, start_date=20210421T201635, end_date=20210421T201640
[2021-04-21 20:16:40,918] {taskinstance.py:1220} INFO - 0 downstream tasks scheduled from follow-on schedule check
[2021-04-21 20:16:40,973] {local_task_job.py:146} INFO - Task exited with return code 0
