[2021-04-27 17:58:53,743] {taskinstance.py:851} INFO - Dependencies all met for <TaskInstance: docker_sample.sleep 2021-04-25T03:50:00+00:00 [queued]>
[2021-04-27 17:58:53,773] {taskinstance.py:851} INFO - Dependencies all met for <TaskInstance: docker_sample.sleep 2021-04-25T03:50:00+00:00 [queued]>
[2021-04-27 17:58:53,774] {taskinstance.py:1042} INFO - 
--------------------------------------------------------------------------------
[2021-04-27 17:58:53,775] {taskinstance.py:1043} INFO - Starting attempt 1 of 4
[2021-04-27 17:58:53,776] {taskinstance.py:1044} INFO - 
--------------------------------------------------------------------------------
[2021-04-27 17:58:53,791] {taskinstance.py:1063} INFO - Executing <Task(BashOperator): sleep> on 2021-04-25T03:50:00+00:00
[2021-04-27 17:58:53,802] {standard_task_runner.py:52} INFO - Started process 328 to run task
[2021-04-27 17:58:53,813] {standard_task_runner.py:76} INFO - Running: ['airflow', 'tasks', 'run', 'docker_sample', 'sleep', '2021-04-25T03:50:00+00:00', '--job-id', '108', '--pool', 'default_pool', '--raw', '--subdir', 'DAGS_FOLDER/dockerOperator.py', '--cfg-path', '/tmp/tmps8tkc68a', '--error-file', '/tmp/tmp2pph3p0s']
[2021-04-27 17:58:53,814] {standard_task_runner.py:77} INFO - Job 108: Subtask sleep
[2021-04-27 17:58:53,892] {logging_mixin.py:104} INFO - Running <TaskInstance: docker_sample.sleep 2021-04-25T03:50:00+00:00 [running]> on host 44e91a58ae1b
[2021-04-27 17:58:53,969] {taskinstance.py:1257} INFO - Exporting the following env vars:
AIRFLOW_CTX_DAG_EMAIL=airflow@example.com
AIRFLOW_CTX_DAG_OWNER=airflow
AIRFLOW_CTX_DAG_ID=docker_sample
AIRFLOW_CTX_TASK_ID=sleep
AIRFLOW_CTX_EXECUTION_DATE=2021-04-25T03:50:00+00:00
AIRFLOW_CTX_DAG_RUN_ID=scheduled__2021-04-25T03:50:00+00:00
[2021-04-27 17:58:53,971] {bash.py:135} INFO - Tmp dir root location: 
 /tmp
[2021-04-27 17:58:53,975] {bash.py:158} INFO - Running command: sleep 5
[2021-04-27 17:58:53,986] {bash.py:169} INFO - Output:
[2021-04-27 17:58:58,992] {bash.py:177} INFO - Command exited with return code 0
[2021-04-27 17:58:59,032] {taskinstance.py:1166} INFO - Marking task as SUCCESS. dag_id=docker_sample, task_id=sleep, execution_date=20210425T035000, start_date=20210427T175853, end_date=20210427T175859
[2021-04-27 17:58:59,057] {taskinstance.py:1220} INFO - 0 downstream tasks scheduled from follow-on schedule check
[2021-04-27 17:58:59,078] {local_task_job.py:146} INFO - Task exited with return code 0
