[2021-05-02 11:27:21,647] {taskinstance.py:851} INFO - Dependencies all met for <TaskInstance: docker_ansible_sample.print_date 2021-05-02T11:27:21.026492+00:00 [queued]>
[2021-05-02 11:27:21,657] {taskinstance.py:851} INFO - Dependencies all met for <TaskInstance: docker_ansible_sample.print_date 2021-05-02T11:27:21.026492+00:00 [queued]>
[2021-05-02 11:27:21,658] {taskinstance.py:1042} INFO - 
--------------------------------------------------------------------------------
[2021-05-02 11:27:21,659] {taskinstance.py:1043} INFO - Starting attempt 1 of 2
[2021-05-02 11:27:21,660] {taskinstance.py:1044} INFO - 
--------------------------------------------------------------------------------
[2021-05-02 11:27:21,673] {taskinstance.py:1063} INFO - Executing <Task(BashOperator): print_date> on 2021-05-02T11:27:21.026492+00:00
[2021-05-02 11:27:21,680] {standard_task_runner.py:76} INFO - Running: ['airflow', 'tasks', 'run', 'docker_ansible_sample', 'print_date', '2021-05-02T11:27:21.026492+00:00', '--job-id', '11', '--pool', 'default_pool', '--raw', '--subdir', 'DAGS_FOLDER/dockerAnsibleOperator.py', '--cfg-path', '/tmp/tmpbnznfmlz', '--error-file', '/tmp/tmpqpw9zj25']
[2021-05-02 11:27:21,677] {standard_task_runner.py:52} INFO - Started process 64 to run task
[2021-05-02 11:27:21,682] {standard_task_runner.py:77} INFO - Job 11: Subtask print_date
[2021-05-02 11:27:21,730] {logging_mixin.py:104} INFO - Running <TaskInstance: docker_ansible_sample.print_date 2021-05-02T11:27:21.026492+00:00 [running]> on host 04b8837eb843
[2021-05-02 11:27:21,768] {taskinstance.py:1257} INFO - Exporting the following env vars:
AIRFLOW_CTX_DAG_EMAIL=airflow@example.com
AIRFLOW_CTX_DAG_OWNER=airflow
AIRFLOW_CTX_DAG_ID=docker_ansible_sample
AIRFLOW_CTX_TASK_ID=print_date
AIRFLOW_CTX_EXECUTION_DATE=2021-05-02T11:27:21.026492+00:00
AIRFLOW_CTX_DAG_RUN_ID=manual__2021-05-02T11:27:21.026492+00:00
[2021-05-02 11:27:21,769] {bash.py:135} INFO - Tmp dir root location: 
 /tmp
[2021-05-02 11:27:21,770] {bash.py:158} INFO - Running command: date
[2021-05-02 11:27:21,778] {bash.py:169} INFO - Output:
[2021-05-02 11:27:21,779] {bash.py:173} INFO - Sun May  2 11:27:21 UTC 2021
[2021-05-02 11:27:21,780] {bash.py:177} INFO - Command exited with return code 0
[2021-05-02 11:27:21,806] {taskinstance.py:1166} INFO - Marking task as SUCCESS. dag_id=docker_ansible_sample, task_id=print_date, execution_date=20210502T112721, start_date=20210502T112721, end_date=20210502T112721
[2021-05-02 11:27:21,832] {taskinstance.py:1220} INFO - 2 downstream tasks scheduled from follow-on schedule check
[2021-05-02 11:27:21,859] {local_task_job.py:146} INFO - Task exited with return code 0
