[2021-04-27 17:59:01,560] {taskinstance.py:851} INFO - Dependencies all met for <TaskInstance: docker_sample.print_hello 2021-04-25T05:10:00+00:00 [queued]>
[2021-04-27 17:59:01,638] {taskinstance.py:851} INFO - Dependencies all met for <TaskInstance: docker_sample.print_hello 2021-04-25T05:10:00+00:00 [queued]>
[2021-04-27 17:59:01,640] {taskinstance.py:1042} INFO - 
--------------------------------------------------------------------------------
[2021-04-27 17:59:01,641] {taskinstance.py:1043} INFO - Starting attempt 1 of 2
[2021-04-27 17:59:01,642] {taskinstance.py:1044} INFO - 
--------------------------------------------------------------------------------
[2021-04-27 17:59:01,660] {taskinstance.py:1063} INFO - Executing <Task(BashOperator): print_hello> on 2021-04-25T05:10:00+00:00
[2021-04-27 17:59:01,666] {standard_task_runner.py:52} INFO - Started process 387 to run task
[2021-04-27 17:59:01,677] {standard_task_runner.py:76} INFO - Running: ['airflow', 'tasks', 'run', 'docker_sample', 'print_hello', '2021-04-25T05:10:00+00:00', '--job-id', '126', '--pool', 'default_pool', '--raw', '--subdir', 'DAGS_FOLDER/dockerOperator.py', '--cfg-path', '/tmp/tmpe8h2k4t4', '--error-file', '/tmp/tmpaca3ywtv']
[2021-04-27 17:59:01,678] {standard_task_runner.py:77} INFO - Job 126: Subtask print_hello
[2021-04-27 17:59:01,773] {logging_mixin.py:104} INFO - Running <TaskInstance: docker_sample.print_hello 2021-04-25T05:10:00+00:00 [running]> on host 44e91a58ae1b
[2021-04-27 17:59:01,860] {taskinstance.py:1257} INFO - Exporting the following env vars:
AIRFLOW_CTX_DAG_EMAIL=airflow@example.com
AIRFLOW_CTX_DAG_OWNER=airflow
AIRFLOW_CTX_DAG_ID=docker_sample
AIRFLOW_CTX_TASK_ID=print_hello
AIRFLOW_CTX_EXECUTION_DATE=2021-04-25T05:10:00+00:00
AIRFLOW_CTX_DAG_RUN_ID=scheduled__2021-04-25T05:10:00+00:00
[2021-04-27 17:59:01,862] {bash.py:135} INFO - Tmp dir root location: 
 /tmp
[2021-04-27 17:59:01,865] {bash.py:158} INFO - Running command: echo "hello world!!!"
[2021-04-27 17:59:01,891] {bash.py:169} INFO - Output:
[2021-04-27 17:59:01,901] {bash.py:173} INFO - hello world!!!
[2021-04-27 17:59:01,904] {bash.py:177} INFO - Command exited with return code 0
[2021-04-27 17:59:01,967] {taskinstance.py:1166} INFO - Marking task as SUCCESS. dag_id=docker_sample, task_id=print_hello, execution_date=20210425T051000, start_date=20210427T175901, end_date=20210427T175901
[2021-04-27 17:59:02,008] {taskinstance.py:1220} INFO - 0 downstream tasks scheduled from follow-on schedule check
[2021-04-27 17:59:02,052] {local_task_job.py:146} INFO - Task exited with return code 0
