[2021-04-27 17:59:00,687] {taskinstance.py:851} INFO - Dependencies all met for <TaskInstance: docker_sample.sleep 2021-04-25T05:10:00+00:00 [queued]>
[2021-04-27 17:59:00,758] {taskinstance.py:851} INFO - Dependencies all met for <TaskInstance: docker_sample.sleep 2021-04-25T05:10:00+00:00 [queued]>
[2021-04-27 17:59:00,760] {taskinstance.py:1042} INFO - 
--------------------------------------------------------------------------------
[2021-04-27 17:59:00,761] {taskinstance.py:1043} INFO - Starting attempt 1 of 4
[2021-04-27 17:59:00,763] {taskinstance.py:1044} INFO - 
--------------------------------------------------------------------------------
[2021-04-27 17:59:00,792] {taskinstance.py:1063} INFO - Executing <Task(BashOperator): sleep> on 2021-04-25T05:10:00+00:00
[2021-04-27 17:59:00,851] {standard_task_runner.py:76} INFO - Running: ['airflow', 'tasks', 'run', 'docker_sample', 'sleep', '2021-04-25T05:10:00+00:00', '--job-id', '123', '--pool', 'default_pool', '--raw', '--subdir', 'DAGS_FOLDER/dockerOperator.py', '--cfg-path', '/tmp/tmpjxipppjm', '--error-file', '/tmp/tmpta35gimm']
[2021-04-27 17:59:00,852] {standard_task_runner.py:77} INFO - Job 123: Subtask sleep
[2021-04-27 17:59:00,823] {standard_task_runner.py:52} INFO - Started process 375 to run task
[2021-04-27 17:59:01,001] {logging_mixin.py:104} INFO - Running <TaskInstance: docker_sample.sleep 2021-04-25T05:10:00+00:00 [running]> on host 44e91a58ae1b
[2021-04-27 17:59:01,160] {taskinstance.py:1257} INFO - Exporting the following env vars:
AIRFLOW_CTX_DAG_EMAIL=airflow@example.com
AIRFLOW_CTX_DAG_OWNER=airflow
AIRFLOW_CTX_DAG_ID=docker_sample
AIRFLOW_CTX_TASK_ID=sleep
AIRFLOW_CTX_EXECUTION_DATE=2021-04-25T05:10:00+00:00
AIRFLOW_CTX_DAG_RUN_ID=scheduled__2021-04-25T05:10:00+00:00
[2021-04-27 17:59:01,163] {bash.py:135} INFO - Tmp dir root location: 
 /tmp
[2021-04-27 17:59:01,165] {bash.py:158} INFO - Running command: sleep 5
[2021-04-27 17:59:01,202] {bash.py:169} INFO - Output:
[2021-04-27 17:59:06,210] {bash.py:177} INFO - Command exited with return code 0
[2021-04-27 17:59:06,242] {taskinstance.py:1166} INFO - Marking task as SUCCESS. dag_id=docker_sample, task_id=sleep, execution_date=20210425T051000, start_date=20210427T175900, end_date=20210427T175906
[2021-04-27 17:59:06,266] {taskinstance.py:1220} INFO - 0 downstream tasks scheduled from follow-on schedule check
[2021-04-27 17:59:06,278] {local_task_job.py:146} INFO - Task exited with return code 0
