[2021-04-27 17:58:22,675] {taskinstance.py:851} INFO - Dependencies all met for <TaskInstance: docker_sample.sleep 2021-04-25T03:20:00+00:00 [queued]>
[2021-04-27 17:58:22,725] {taskinstance.py:851} INFO - Dependencies all met for <TaskInstance: docker_sample.sleep 2021-04-25T03:20:00+00:00 [queued]>
[2021-04-27 17:58:22,728] {taskinstance.py:1042} INFO - 
--------------------------------------------------------------------------------
[2021-04-27 17:58:22,734] {taskinstance.py:1043} INFO - Starting attempt 1 of 4
[2021-04-27 17:58:22,736] {taskinstance.py:1044} INFO - 
--------------------------------------------------------------------------------
[2021-04-27 17:58:22,778] {taskinstance.py:1063} INFO - Executing <Task(BashOperator): sleep> on 2021-04-25T03:20:00+00:00
[2021-04-27 17:58:22,797] {standard_task_runner.py:52} INFO - Started process 265 to run task
[2021-04-27 17:58:22,818] {standard_task_runner.py:76} INFO - Running: ['airflow', 'tasks', 'run', 'docker_sample', 'sleep', '2021-04-25T03:20:00+00:00', '--job-id', '83', '--pool', 'default_pool', '--raw', '--subdir', 'DAGS_FOLDER/dockerOperator.py', '--cfg-path', '/tmp/tmpb85jvs65', '--error-file', '/tmp/tmpw2ix8_ni']
[2021-04-27 17:58:22,823] {standard_task_runner.py:77} INFO - Job 83: Subtask sleep
[2021-04-27 17:58:23,004] {logging_mixin.py:104} INFO - Running <TaskInstance: docker_sample.sleep 2021-04-25T03:20:00+00:00 [running]> on host 44e91a58ae1b
[2021-04-27 17:58:23,128] {taskinstance.py:1257} INFO - Exporting the following env vars:
AIRFLOW_CTX_DAG_EMAIL=airflow@example.com
AIRFLOW_CTX_DAG_OWNER=airflow
AIRFLOW_CTX_DAG_ID=docker_sample
AIRFLOW_CTX_TASK_ID=sleep
AIRFLOW_CTX_EXECUTION_DATE=2021-04-25T03:20:00+00:00
AIRFLOW_CTX_DAG_RUN_ID=scheduled__2021-04-25T03:20:00+00:00
[2021-04-27 17:58:23,136] {bash.py:135} INFO - Tmp dir root location: 
 /tmp
[2021-04-27 17:58:23,139] {bash.py:158} INFO - Running command: sleep 5
[2021-04-27 17:58:23,183] {bash.py:169} INFO - Output:
[2021-04-27 17:58:28,187] {bash.py:177} INFO - Command exited with return code 0
[2021-04-27 17:58:28,235] {taskinstance.py:1166} INFO - Marking task as SUCCESS. dag_id=docker_sample, task_id=sleep, execution_date=20210425T032000, start_date=20210427T175822, end_date=20210427T175828
[2021-04-27 17:58:28,286] {taskinstance.py:1220} INFO - 0 downstream tasks scheduled from follow-on schedule check
[2021-04-27 17:58:28,323] {local_task_job.py:146} INFO - Task exited with return code 0
