[2021-04-21 20:00:34,928] {taskinstance.py:851} INFO - Dependencies all met for <TaskInstance: example_bash_operator.runme_0 2021-04-20T00:00:00+00:00 [queued]>
[2021-04-21 20:00:34,950] {taskinstance.py:851} INFO - Dependencies all met for <TaskInstance: example_bash_operator.runme_0 2021-04-20T00:00:00+00:00 [queued]>
[2021-04-21 20:00:34,951] {taskinstance.py:1042} INFO - 
--------------------------------------------------------------------------------
[2021-04-21 20:00:34,952] {taskinstance.py:1043} INFO - Starting attempt 1 of 1
[2021-04-21 20:00:34,952] {taskinstance.py:1044} INFO - 
--------------------------------------------------------------------------------
[2021-04-21 20:00:34,965] {taskinstance.py:1063} INFO - Executing <Task(BashOperator): runme_0> on 2021-04-20T00:00:00+00:00
[2021-04-21 20:00:34,970] {standard_task_runner.py:52} INFO - Started process 60 to run task
[2021-04-21 20:00:34,980] {standard_task_runner.py:76} INFO - Running: ['airflow', 'tasks', 'run', 'example_bash_operator', 'runme_0', '2021-04-20T00:00:00+00:00', '--job-id', '9', '--pool', 'default_pool', '--raw', '--subdir', '/home/airflow/.local/lib/python3.6/site-packages/airflow/example_dags/example_bash_operator.py', '--cfg-path', '/tmp/tmpjebictwc', '--error-file', '/tmp/tmph3tebons']
[2021-04-21 20:00:34,981] {standard_task_runner.py:77} INFO - Job 9: Subtask runme_0
[2021-04-21 20:00:35,054] {logging_mixin.py:104} INFO - Running <TaskInstance: example_bash_operator.runme_0 2021-04-20T00:00:00+00:00 [running]> on host 72956004d5ea
[2021-04-21 20:00:35,098] {taskinstance.py:1257} INFO - Exporting the following env vars:
AIRFLOW_CTX_DAG_OWNER=airflow
AIRFLOW_CTX_DAG_ID=example_bash_operator
AIRFLOW_CTX_TASK_ID=runme_0
AIRFLOW_CTX_EXECUTION_DATE=2021-04-20T00:00:00+00:00
AIRFLOW_CTX_DAG_RUN_ID=scheduled__2021-04-20T00:00:00+00:00
[2021-04-21 20:00:35,099] {bash.py:135} INFO - Tmp dir root location: 
 /tmp
[2021-04-21 20:00:35,101] {bash.py:158} INFO - Running command: echo "example_bash_operator__runme_0__20210420" && sleep 1
[2021-04-21 20:00:35,111] {bash.py:169} INFO - Output:
[2021-04-21 20:00:35,112] {bash.py:173} INFO - example_bash_operator__runme_0__20210420
[2021-04-21 20:00:36,115] {bash.py:177} INFO - Command exited with return code 0
[2021-04-21 20:00:36,178] {taskinstance.py:1166} INFO - Marking task as SUCCESS. dag_id=example_bash_operator, task_id=runme_0, execution_date=20210420T000000, start_date=20210421T200034, end_date=20210421T200036
[2021-04-21 20:00:36,224] {taskinstance.py:1220} INFO - 1 downstream tasks scheduled from follow-on schedule check
[2021-04-21 20:00:36,242] {local_task_job.py:146} INFO - Task exited with return code 0
