[2021-04-23 11:26:29,213] {taskinstance.py:851} INFO - Dependencies all met for <TaskInstance: docker_sample.print_date 2021-04-21T02:00:00+00:00 [queued]>
[2021-04-23 11:26:29,226] {taskinstance.py:851} INFO - Dependencies all met for <TaskInstance: docker_sample.print_date 2021-04-21T02:00:00+00:00 [queued]>
[2021-04-23 11:26:29,227] {taskinstance.py:1042} INFO - 
--------------------------------------------------------------------------------
[2021-04-23 11:26:29,227] {taskinstance.py:1043} INFO - Starting attempt 1 of 2
[2021-04-23 11:26:29,228] {taskinstance.py:1044} INFO - 
--------------------------------------------------------------------------------
[2021-04-23 11:26:29,234] {taskinstance.py:1063} INFO - Executing <Task(BashOperator): print_date> on 2021-04-21T02:00:00+00:00
[2021-04-23 11:26:29,237] {standard_task_runner.py:52} INFO - Started process 173 to run task
[2021-04-23 11:26:29,240] {standard_task_runner.py:76} INFO - Running: ['airflow', 'tasks', 'run', 'docker_sample', 'print_date', '2021-04-21T02:00:00+00:00', '--job-id', '782', '--pool', 'default_pool', '--raw', '--subdir', 'DAGS_FOLDER/dockerOperator.py', '--cfg-path', '/tmp/tmpx4t7ymvl', '--error-file', '/tmp/tmprfxz6356']
[2021-04-23 11:26:29,241] {standard_task_runner.py:77} INFO - Job 782: Subtask print_date
[2021-04-23 11:26:29,277] {logging_mixin.py:104} INFO - Running <TaskInstance: docker_sample.print_date 2021-04-21T02:00:00+00:00 [running]> on host 5af2b1cab26e
[2021-04-23 11:26:29,311] {taskinstance.py:1257} INFO - Exporting the following env vars:
AIRFLOW_CTX_DAG_EMAIL=airflow@example.com
AIRFLOW_CTX_DAG_OWNER=airflow
AIRFLOW_CTX_DAG_ID=docker_sample
AIRFLOW_CTX_TASK_ID=print_date
AIRFLOW_CTX_EXECUTION_DATE=2021-04-21T02:00:00+00:00
AIRFLOW_CTX_DAG_RUN_ID=scheduled__2021-04-21T02:00:00+00:00
[2021-04-23 11:26:29,312] {bash.py:135} INFO - Tmp dir root location: 
 /tmp
[2021-04-23 11:26:29,313] {bash.py:158} INFO - Running command: date
[2021-04-23 11:26:29,320] {bash.py:169} INFO - Output:
[2021-04-23 11:26:29,322] {bash.py:173} INFO - Fri Apr 23 11:26:29 UTC 2021
[2021-04-23 11:26:29,322] {bash.py:177} INFO - Command exited with return code 0
[2021-04-23 11:26:29,346] {taskinstance.py:1166} INFO - Marking task as SUCCESS. dag_id=docker_sample, task_id=print_date, execution_date=20210421T020000, start_date=20210423T112629, end_date=20210423T112629
[2021-04-23 11:26:29,369] {taskinstance.py:1220} INFO - 2 downstream tasks scheduled from follow-on schedule check
[2021-04-23 11:26:29,415] {local_task_job.py:146} INFO - Task exited with return code 0
