[2021-04-21 20:06:22,532] {taskinstance.py:851} INFO - Dependencies all met for <TaskInstance: docker_sample.sleep 2021-04-19T01:30:00+00:00 [queued]>
[2021-04-21 20:06:22,552] {taskinstance.py:851} INFO - Dependencies all met for <TaskInstance: docker_sample.sleep 2021-04-19T01:30:00+00:00 [queued]>
[2021-04-21 20:06:22,554] {taskinstance.py:1042} INFO - 
--------------------------------------------------------------------------------
[2021-04-21 20:06:22,557] {taskinstance.py:1043} INFO - Starting attempt 1 of 4
[2021-04-21 20:06:22,559] {taskinstance.py:1044} INFO - 
--------------------------------------------------------------------------------
[2021-04-21 20:06:22,590] {taskinstance.py:1063} INFO - Executing <Task(BashOperator): sleep> on 2021-04-19T01:30:00+00:00
[2021-04-21 20:06:22,606] {standard_task_runner.py:52} INFO - Started process 134 to run task
[2021-04-21 20:06:22,626] {standard_task_runner.py:76} INFO - Running: ['airflow', 'tasks', 'run', 'docker_sample', 'sleep', '2021-04-19T01:30:00+00:00', '--job-id', '34', '--pool', 'default_pool', '--raw', '--subdir', 'DAGS_FOLDER/dockerOperator.py', '--cfg-path', '/tmp/tmptfq449px', '--error-file', '/tmp/tmp4mp25w1m']
[2021-04-21 20:06:22,627] {standard_task_runner.py:77} INFO - Job 34: Subtask sleep
[2021-04-21 20:06:22,756] {logging_mixin.py:104} INFO - Running <TaskInstance: docker_sample.sleep 2021-04-19T01:30:00+00:00 [running]> on host 5af2b1cab26e
[2021-04-21 20:06:22,838] {taskinstance.py:1257} INFO - Exporting the following env vars:
AIRFLOW_CTX_DAG_EMAIL=airflow@example.com
AIRFLOW_CTX_DAG_OWNER=airflow
AIRFLOW_CTX_DAG_ID=docker_sample
AIRFLOW_CTX_TASK_ID=sleep
AIRFLOW_CTX_EXECUTION_DATE=2021-04-19T01:30:00+00:00
AIRFLOW_CTX_DAG_RUN_ID=scheduled__2021-04-19T01:30:00+00:00
[2021-04-21 20:06:22,841] {bash.py:135} INFO - Tmp dir root location: 
 /tmp
[2021-04-21 20:06:22,843] {bash.py:158} INFO - Running command: sleep 5
[2021-04-21 20:06:22,858] {bash.py:169} INFO - Output:
[2021-04-21 20:06:27,861] {bash.py:177} INFO - Command exited with return code 0
[2021-04-21 20:06:27,894] {taskinstance.py:1166} INFO - Marking task as SUCCESS. dag_id=docker_sample, task_id=sleep, execution_date=20210419T013000, start_date=20210421T200622, end_date=20210421T200627
[2021-04-21 20:06:27,918] {taskinstance.py:1220} INFO - 0 downstream tasks scheduled from follow-on schedule check
[2021-04-21 20:06:27,940] {local_task_job.py:146} INFO - Task exited with return code 0
[2021-04-21 20:13:14,732] {taskinstance.py:851} INFO - Dependencies all met for <TaskInstance: docker_sample.sleep 2021-04-19T01:30:00+00:00 [queued]>
[2021-04-21 20:13:14,776] {taskinstance.py:851} INFO - Dependencies all met for <TaskInstance: docker_sample.sleep 2021-04-19T01:30:00+00:00 [queued]>
[2021-04-21 20:13:14,777] {taskinstance.py:1042} INFO - 
--------------------------------------------------------------------------------
[2021-04-21 20:13:14,778] {taskinstance.py:1043} INFO - Starting attempt 1 of 4
[2021-04-21 20:13:14,778] {taskinstance.py:1044} INFO - 
--------------------------------------------------------------------------------
[2021-04-21 20:13:14,821] {taskinstance.py:1063} INFO - Executing <Task(BashOperator): sleep> on 2021-04-19T01:30:00+00:00
[2021-04-21 20:13:14,826] {standard_task_runner.py:52} INFO - Started process 184 to run task
[2021-04-21 20:13:14,842] {standard_task_runner.py:76} INFO - Running: ['airflow', 'tasks', 'run', 'docker_sample', 'sleep', '2021-04-19T01:30:00+00:00', '--job-id', '104', '--pool', 'default_pool', '--raw', '--subdir', 'DAGS_FOLDER/dockerOperator.py', '--cfg-path', '/tmp/tmp2xwul25x', '--error-file', '/tmp/tmpgsn7xykx']
[2021-04-21 20:13:14,852] {standard_task_runner.py:77} INFO - Job 104: Subtask sleep
[2021-04-21 20:13:15,006] {logging_mixin.py:104} INFO - Running <TaskInstance: docker_sample.sleep 2021-04-19T01:30:00+00:00 [running]> on host 5af2b1cab26e
[2021-04-21 20:13:15,126] {taskinstance.py:1257} INFO - Exporting the following env vars:
AIRFLOW_CTX_DAG_EMAIL=airflow@example.com
AIRFLOW_CTX_DAG_OWNER=airflow
AIRFLOW_CTX_DAG_ID=docker_sample
AIRFLOW_CTX_TASK_ID=sleep
AIRFLOW_CTX_EXECUTION_DATE=2021-04-19T01:30:00+00:00
AIRFLOW_CTX_DAG_RUN_ID=scheduled__2021-04-19T01:30:00+00:00
[2021-04-21 20:13:15,129] {bash.py:135} INFO - Tmp dir root location: 
 /tmp
[2021-04-21 20:13:15,133] {bash.py:158} INFO - Running command: sleep 5
[2021-04-21 20:13:15,170] {bash.py:169} INFO - Output:
[2021-04-21 20:13:20,181] {bash.py:177} INFO - Command exited with return code 0
[2021-04-21 20:13:20,206] {taskinstance.py:1166} INFO - Marking task as SUCCESS. dag_id=docker_sample, task_id=sleep, execution_date=20210419T013000, start_date=20210421T201314, end_date=20210421T201320
[2021-04-21 20:13:20,230] {taskinstance.py:1220} INFO - 0 downstream tasks scheduled from follow-on schedule check
[2021-04-21 20:13:20,276] {local_task_job.py:146} INFO - Task exited with return code 0
