[2021-04-27 21:15:07,150] {taskinstance.py:851} INFO - Dependencies all met for <TaskInstance: docker_spark_sample.sleep 2021-04-25T01:10:00+00:00 [queued]>
[2021-04-27 21:15:07,181] {taskinstance.py:851} INFO - Dependencies all met for <TaskInstance: docker_spark_sample.sleep 2021-04-25T01:10:00+00:00 [queued]>
[2021-04-27 21:15:07,182] {taskinstance.py:1042} INFO - 
--------------------------------------------------------------------------------
[2021-04-27 21:15:07,183] {taskinstance.py:1043} INFO - Starting attempt 1 of 4
[2021-04-27 21:15:07,184] {taskinstance.py:1044} INFO - 
--------------------------------------------------------------------------------
[2021-04-27 21:15:07,195] {taskinstance.py:1063} INFO - Executing <Task(BashOperator): sleep> on 2021-04-25T01:10:00+00:00
[2021-04-27 21:15:07,201] {standard_task_runner.py:52} INFO - Started process 145 to run task
[2021-04-27 21:15:07,213] {standard_task_runner.py:76} INFO - Running: ['airflow', 'tasks', 'run', 'docker_spark_sample', 'sleep', '2021-04-25T01:10:00+00:00', '--job-id', '42', '--pool', 'default_pool', '--raw', '--subdir', 'DAGS_FOLDER/dockerSparkOperator.py', '--cfg-path', '/tmp/tmpirq3xpxl', '--error-file', '/tmp/tmpecf27ppu']
[2021-04-27 21:15:07,216] {standard_task_runner.py:77} INFO - Job 42: Subtask sleep
[2021-04-27 21:15:07,270] {logging_mixin.py:104} INFO - Running <TaskInstance: docker_spark_sample.sleep 2021-04-25T01:10:00+00:00 [running]> on host 9e66ec21e68a
[2021-04-27 21:15:07,320] {taskinstance.py:1257} INFO - Exporting the following env vars:
AIRFLOW_CTX_DAG_EMAIL=airflow@example.com
AIRFLOW_CTX_DAG_OWNER=airflow
AIRFLOW_CTX_DAG_ID=docker_spark_sample
AIRFLOW_CTX_TASK_ID=sleep
AIRFLOW_CTX_EXECUTION_DATE=2021-04-25T01:10:00+00:00
AIRFLOW_CTX_DAG_RUN_ID=scheduled__2021-04-25T01:10:00+00:00
[2021-04-27 21:15:07,322] {bash.py:135} INFO - Tmp dir root location: 
 /tmp
[2021-04-27 21:15:07,324] {bash.py:158} INFO - Running command: sleep 5
[2021-04-27 21:15:07,335] {bash.py:169} INFO - Output:
[2021-04-27 21:15:12,338] {bash.py:177} INFO - Command exited with return code 0
[2021-04-27 21:15:12,375] {taskinstance.py:1166} INFO - Marking task as SUCCESS. dag_id=docker_spark_sample, task_id=sleep, execution_date=20210425T011000, start_date=20210427T211507, end_date=20210427T211512
[2021-04-27 21:15:12,411] {taskinstance.py:1220} INFO - 0 downstream tasks scheduled from follow-on schedule check
[2021-04-27 21:15:12,462] {local_task_job.py:146} INFO - Task exited with return code 0
