[2021-04-21 20:16:34,606] {taskinstance.py:851} INFO - Dependencies all met for <TaskInstance: docker_sample.print_date 2021-04-19T11:30:00+00:00 [queued]>
[2021-04-21 20:16:34,647] {taskinstance.py:851} INFO - Dependencies all met for <TaskInstance: docker_sample.print_date 2021-04-19T11:30:00+00:00 [queued]>
[2021-04-21 20:16:34,650] {taskinstance.py:1042} INFO - 
--------------------------------------------------------------------------------
[2021-04-21 20:16:34,653] {taskinstance.py:1043} INFO - Starting attempt 1 of 2
[2021-04-21 20:16:34,654] {taskinstance.py:1044} INFO - 
--------------------------------------------------------------------------------
[2021-04-21 20:16:34,672] {taskinstance.py:1063} INFO - Executing <Task(BashOperator): print_date> on 2021-04-19T11:30:00+00:00
[2021-04-21 20:16:34,687] {standard_task_runner.py:76} INFO - Running: ['airflow', 'tasks', 'run', 'docker_sample', 'print_date', '2021-04-19T11:30:00+00:00', '--job-id', '314', '--pool', 'default_pool', '--raw', '--subdir', 'DAGS_FOLDER/dockerOperator.py', '--cfg-path', '/tmp/tmpmrjxxiap', '--error-file', '/tmp/tmpcp1i3l4k']
[2021-04-21 20:16:34,689] {standard_task_runner.py:77} INFO - Job 314: Subtask print_date
[2021-04-21 20:16:34,681] {standard_task_runner.py:52} INFO - Started process 769 to run task
[2021-04-21 20:16:34,783] {logging_mixin.py:104} INFO - Running <TaskInstance: docker_sample.print_date 2021-04-19T11:30:00+00:00 [running]> on host 5af2b1cab26e
[2021-04-21 20:16:34,877] {taskinstance.py:1257} INFO - Exporting the following env vars:
AIRFLOW_CTX_DAG_EMAIL=airflow@example.com
AIRFLOW_CTX_DAG_OWNER=airflow
AIRFLOW_CTX_DAG_ID=docker_sample
AIRFLOW_CTX_TASK_ID=print_date
AIRFLOW_CTX_EXECUTION_DATE=2021-04-19T11:30:00+00:00
AIRFLOW_CTX_DAG_RUN_ID=scheduled__2021-04-19T11:30:00+00:00
[2021-04-21 20:16:34,879] {bash.py:135} INFO - Tmp dir root location: 
 /tmp
[2021-04-21 20:16:34,890] {bash.py:158} INFO - Running command: date
[2021-04-21 20:16:34,904] {bash.py:169} INFO - Output:
[2021-04-21 20:16:34,910] {bash.py:173} INFO - Wed Apr 21 20:16:34 UTC 2021
[2021-04-21 20:16:34,914] {bash.py:177} INFO - Command exited with return code 0
[2021-04-21 20:16:35,005] {taskinstance.py:1166} INFO - Marking task as SUCCESS. dag_id=docker_sample, task_id=print_date, execution_date=20210419T113000, start_date=20210421T201634, end_date=20210421T201635
[2021-04-21 20:16:35,086] {taskinstance.py:1220} INFO - 2 downstream tasks scheduled from follow-on schedule check
[2021-04-21 20:16:35,125] {local_task_job.py:146} INFO - Task exited with return code 0
