[2021-04-21 20:15:08,651] {taskinstance.py:851} INFO - Dependencies all met for <TaskInstance: docker_sample.sleep 2021-04-19T07:20:00+00:00 [queued]>
[2021-04-21 20:15:08,677] {taskinstance.py:851} INFO - Dependencies all met for <TaskInstance: docker_sample.sleep 2021-04-19T07:20:00+00:00 [queued]>
[2021-04-21 20:15:08,678] {taskinstance.py:1042} INFO - 
--------------------------------------------------------------------------------
[2021-04-21 20:15:08,679] {taskinstance.py:1043} INFO - Starting attempt 1 of 4
[2021-04-21 20:15:08,681] {taskinstance.py:1044} INFO - 
--------------------------------------------------------------------------------
[2021-04-21 20:15:08,694] {taskinstance.py:1063} INFO - Executing <Task(BashOperator): sleep> on 2021-04-19T07:20:00+00:00
[2021-04-21 20:15:08,700] {standard_task_runner.py:52} INFO - Started process 524 to run task
[2021-04-21 20:15:08,732] {standard_task_runner.py:76} INFO - Running: ['airflow', 'tasks', 'run', 'docker_sample', 'sleep', '2021-04-19T07:20:00+00:00', '--job-id', '229', '--pool', 'default_pool', '--raw', '--subdir', 'DAGS_FOLDER/dockerOperator.py', '--cfg-path', '/tmp/tmpztz652e0', '--error-file', '/tmp/tmpmonjn8w1']
[2021-04-21 20:15:08,736] {standard_task_runner.py:77} INFO - Job 229: Subtask sleep
[2021-04-21 20:15:08,797] {logging_mixin.py:104} INFO - Running <TaskInstance: docker_sample.sleep 2021-04-19T07:20:00+00:00 [running]> on host 5af2b1cab26e
[2021-04-21 20:15:08,860] {taskinstance.py:1257} INFO - Exporting the following env vars:
AIRFLOW_CTX_DAG_EMAIL=airflow@example.com
AIRFLOW_CTX_DAG_OWNER=airflow
AIRFLOW_CTX_DAG_ID=docker_sample
AIRFLOW_CTX_TASK_ID=sleep
AIRFLOW_CTX_EXECUTION_DATE=2021-04-19T07:20:00+00:00
AIRFLOW_CTX_DAG_RUN_ID=scheduled__2021-04-19T07:20:00+00:00
[2021-04-21 20:15:08,861] {bash.py:135} INFO - Tmp dir root location: 
 /tmp
[2021-04-21 20:15:08,863] {bash.py:158} INFO - Running command: sleep 5
[2021-04-21 20:15:08,874] {bash.py:169} INFO - Output:
[2021-04-21 20:15:13,877] {bash.py:177} INFO - Command exited with return code 0
[2021-04-21 20:15:13,974] {taskinstance.py:1166} INFO - Marking task as SUCCESS. dag_id=docker_sample, task_id=sleep, execution_date=20210419T072000, start_date=20210421T201508, end_date=20210421T201513
[2021-04-21 20:15:14,067] {taskinstance.py:1220} INFO - 0 downstream tasks scheduled from follow-on schedule check
[2021-04-21 20:15:14,111] {local_task_job.py:146} INFO - Task exited with return code 0
