[2021-04-27 17:58:09,328] {taskinstance.py:851} INFO - Dependencies all met for <TaskInstance: docker_sample.sleep 2021-04-25T01:40:00+00:00 [queued]>
[2021-04-27 17:58:09,366] {taskinstance.py:851} INFO - Dependencies all met for <TaskInstance: docker_sample.sleep 2021-04-25T01:40:00+00:00 [queued]>
[2021-04-27 17:58:09,367] {taskinstance.py:1042} INFO - 
--------------------------------------------------------------------------------
[2021-04-27 17:58:09,368] {taskinstance.py:1043} INFO - Starting attempt 1 of 4
[2021-04-27 17:58:09,370] {taskinstance.py:1044} INFO - 
--------------------------------------------------------------------------------
[2021-04-27 17:58:09,392] {taskinstance.py:1063} INFO - Executing <Task(BashOperator): sleep> on 2021-04-25T01:40:00+00:00
[2021-04-27 17:58:09,427] {standard_task_runner.py:76} INFO - Running: ['airflow', 'tasks', 'run', 'docker_sample', 'sleep', '2021-04-25T01:40:00+00:00', '--job-id', '55', '--pool', 'default_pool', '--raw', '--subdir', 'DAGS_FOLDER/dockerOperator.py', '--cfg-path', '/tmp/tmp0hzlrkba', '--error-file', '/tmp/tmp79tnpxl0']
[2021-04-27 17:58:09,408] {standard_task_runner.py:52} INFO - Started process 185 to run task
[2021-04-27 17:58:09,431] {standard_task_runner.py:77} INFO - Job 55: Subtask sleep
[2021-04-27 17:58:09,624] {logging_mixin.py:104} INFO - Running <TaskInstance: docker_sample.sleep 2021-04-25T01:40:00+00:00 [running]> on host 44e91a58ae1b
[2021-04-27 17:58:09,785] {taskinstance.py:1257} INFO - Exporting the following env vars:
AIRFLOW_CTX_DAG_EMAIL=airflow@example.com
AIRFLOW_CTX_DAG_OWNER=airflow
AIRFLOW_CTX_DAG_ID=docker_sample
AIRFLOW_CTX_TASK_ID=sleep
AIRFLOW_CTX_EXECUTION_DATE=2021-04-25T01:40:00+00:00
AIRFLOW_CTX_DAG_RUN_ID=scheduled__2021-04-25T01:40:00+00:00
[2021-04-27 17:58:09,787] {bash.py:135} INFO - Tmp dir root location: 
 /tmp
[2021-04-27 17:58:09,792] {bash.py:158} INFO - Running command: sleep 5
[2021-04-27 17:58:09,812] {bash.py:169} INFO - Output:
[2021-04-27 17:58:14,814] {bash.py:177} INFO - Command exited with return code 0
[2021-04-27 17:58:14,876] {taskinstance.py:1166} INFO - Marking task as SUCCESS. dag_id=docker_sample, task_id=sleep, execution_date=20210425T014000, start_date=20210427T175809, end_date=20210427T175814
[2021-04-27 17:58:14,925] {taskinstance.py:1220} INFO - 0 downstream tasks scheduled from follow-on schedule check
[2021-04-27 17:58:14,970] {local_task_job.py:146} INFO - Task exited with return code 0
