[2021-04-21 19:52:42,040] {scheduler_job.py:182} INFO - Started process (PID=40) to work on /home/airflow/.local/lib/python3.6/site-packages/airflow/example_dags/example_trigger_controller_dag.py
[2021-04-21 19:52:42,043] {scheduler_job.py:629} INFO - Processing file /home/airflow/.local/lib/python3.6/site-packages/airflow/example_dags/example_trigger_controller_dag.py for tasks to queue
[2021-04-21 19:52:42,046] {logging_mixin.py:104} INFO - [2021-04-21 19:52:42,045] {dagbag.py:448} INFO - Filling up the DagBag from /home/airflow/.local/lib/python3.6/site-packages/airflow/example_dags/example_trigger_controller_dag.py
[2021-04-21 19:52:42,062] {scheduler_job.py:639} INFO - DAG(s) dict_keys(['example_trigger_controller_dag']) retrieved from /home/airflow/.local/lib/python3.6/site-packages/airflow/example_dags/example_trigger_controller_dag.py
[2021-04-21 19:52:42,105] {logging_mixin.py:104} INFO - [2021-04-21 19:52:42,105] {dag.py:1818} INFO - Sync 1 DAGs
[2021-04-21 19:52:42,120] {logging_mixin.py:104} INFO - [2021-04-21 19:52:42,120] {dag.py:1837} INFO - Creating ORM DAG for example_trigger_controller_dag
[2021-04-21 19:52:42,131] {logging_mixin.py:104} INFO - [2021-04-21 19:52:42,131] {dag.py:2273} INFO - Setting next_dagrun for example_trigger_controller_dag to 2021-04-19 00:00:00+00:00
[2021-04-21 19:52:42,156] {scheduler_job.py:190} INFO - Processing /home/airflow/.local/lib/python3.6/site-packages/airflow/example_dags/example_trigger_controller_dag.py took 0.121 seconds
[2021-04-21 19:53:12,913] {scheduler_job.py:182} INFO - Started process (PID=73) to work on /home/airflow/.local/lib/python3.6/site-packages/airflow/example_dags/example_trigger_controller_dag.py
[2021-04-21 19:53:12,915] {scheduler_job.py:629} INFO - Processing file /home/airflow/.local/lib/python3.6/site-packages/airflow/example_dags/example_trigger_controller_dag.py for tasks to queue
[2021-04-21 19:53:12,917] {logging_mixin.py:104} INFO - [2021-04-21 19:53:12,917] {dagbag.py:448} INFO - Filling up the DagBag from /home/airflow/.local/lib/python3.6/site-packages/airflow/example_dags/example_trigger_controller_dag.py
[2021-04-21 19:53:12,931] {scheduler_job.py:639} INFO - DAG(s) dict_keys(['example_trigger_controller_dag']) retrieved from /home/airflow/.local/lib/python3.6/site-packages/airflow/example_dags/example_trigger_controller_dag.py
[2021-04-21 19:53:12,965] {logging_mixin.py:104} INFO - [2021-04-21 19:53:12,965] {dag.py:1818} INFO - Sync 1 DAGs
[2021-04-21 19:53:12,984] {logging_mixin.py:104} INFO - [2021-04-21 19:53:12,984] {dag.py:2273} INFO - Setting next_dagrun for example_trigger_controller_dag to 2021-04-19 00:00:00+00:00
[2021-04-21 19:53:12,994] {scheduler_job.py:190} INFO - Processing /home/airflow/.local/lib/python3.6/site-packages/airflow/example_dags/example_trigger_controller_dag.py took 0.086 seconds
[2021-04-21 19:53:43,195] {scheduler_job.py:182} INFO - Started process (PID=99) to work on /home/airflow/.local/lib/python3.6/site-packages/airflow/example_dags/example_trigger_controller_dag.py
[2021-04-21 19:53:43,196] {scheduler_job.py:629} INFO - Processing file /home/airflow/.local/lib/python3.6/site-packages/airflow/example_dags/example_trigger_controller_dag.py for tasks to queue
[2021-04-21 19:53:43,197] {logging_mixin.py:104} INFO - [2021-04-21 19:53:43,197] {dagbag.py:448} INFO - Filling up the DagBag from /home/airflow/.local/lib/python3.6/site-packages/airflow/example_dags/example_trigger_controller_dag.py
[2021-04-21 19:53:43,209] {scheduler_job.py:639} INFO - DAG(s) dict_keys(['example_trigger_controller_dag']) retrieved from /home/airflow/.local/lib/python3.6/site-packages/airflow/example_dags/example_trigger_controller_dag.py
[2021-04-21 19:53:43,235] {logging_mixin.py:104} INFO - [2021-04-21 19:53:43,234] {dag.py:1818} INFO - Sync 1 DAGs
[2021-04-21 19:53:43,251] {logging_mixin.py:104} INFO - [2021-04-21 19:53:43,250] {dag.py:2273} INFO - Setting next_dagrun for example_trigger_controller_dag to 2021-04-19 00:00:00+00:00
[2021-04-21 19:53:43,262] {scheduler_job.py:190} INFO - Processing /home/airflow/.local/lib/python3.6/site-packages/airflow/example_dags/example_trigger_controller_dag.py took 0.071 seconds
[2021-04-21 19:54:13,562] {scheduler_job.py:182} INFO - Started process (PID=125) to work on /home/airflow/.local/lib/python3.6/site-packages/airflow/example_dags/example_trigger_controller_dag.py
[2021-04-21 19:54:13,564] {scheduler_job.py:629} INFO - Processing file /home/airflow/.local/lib/python3.6/site-packages/airflow/example_dags/example_trigger_controller_dag.py for tasks to queue
[2021-04-21 19:54:13,566] {logging_mixin.py:104} INFO - [2021-04-21 19:54:13,566] {dagbag.py:448} INFO - Filling up the DagBag from /home/airflow/.local/lib/python3.6/site-packages/airflow/example_dags/example_trigger_controller_dag.py
[2021-04-21 19:54:13,579] {scheduler_job.py:639} INFO - DAG(s) dict_keys(['example_trigger_controller_dag']) retrieved from /home/airflow/.local/lib/python3.6/site-packages/airflow/example_dags/example_trigger_controller_dag.py
[2021-04-21 19:54:13,601] {logging_mixin.py:104} INFO - [2021-04-21 19:54:13,601] {dag.py:1818} INFO - Sync 1 DAGs
[2021-04-21 19:54:13,616] {logging_mixin.py:104} INFO - [2021-04-21 19:54:13,616] {dag.py:2273} INFO - Setting next_dagrun for example_trigger_controller_dag to 2021-04-19 00:00:00+00:00
[2021-04-21 19:54:13,625] {scheduler_job.py:190} INFO - Processing /home/airflow/.local/lib/python3.6/site-packages/airflow/example_dags/example_trigger_controller_dag.py took 0.068 seconds
[2021-04-21 19:54:43,771] {scheduler_job.py:182} INFO - Started process (PID=152) to work on /home/airflow/.local/lib/python3.6/site-packages/airflow/example_dags/example_trigger_controller_dag.py
[2021-04-21 19:54:43,773] {scheduler_job.py:629} INFO - Processing file /home/airflow/.local/lib/python3.6/site-packages/airflow/example_dags/example_trigger_controller_dag.py for tasks to queue
[2021-04-21 19:54:43,774] {logging_mixin.py:104} INFO - [2021-04-21 19:54:43,774] {dagbag.py:448} INFO - Filling up the DagBag from /home/airflow/.local/lib/python3.6/site-packages/airflow/example_dags/example_trigger_controller_dag.py
[2021-04-21 19:54:43,785] {scheduler_job.py:639} INFO - DAG(s) dict_keys(['example_trigger_controller_dag']) retrieved from /home/airflow/.local/lib/python3.6/site-packages/airflow/example_dags/example_trigger_controller_dag.py
[2021-04-21 19:54:43,805] {logging_mixin.py:104} INFO - [2021-04-21 19:54:43,804] {dag.py:1818} INFO - Sync 1 DAGs
[2021-04-21 19:54:43,821] {logging_mixin.py:104} INFO - [2021-04-21 19:54:43,821] {dag.py:2273} INFO - Setting next_dagrun for example_trigger_controller_dag to 2021-04-19 00:00:00+00:00
[2021-04-21 19:54:43,833] {scheduler_job.py:190} INFO - Processing /home/airflow/.local/lib/python3.6/site-packages/airflow/example_dags/example_trigger_controller_dag.py took 0.065 seconds
[2021-04-21 19:55:13,871] {scheduler_job.py:182} INFO - Started process (PID=177) to work on /home/airflow/.local/lib/python3.6/site-packages/airflow/example_dags/example_trigger_controller_dag.py
[2021-04-21 19:55:13,873] {scheduler_job.py:629} INFO - Processing file /home/airflow/.local/lib/python3.6/site-packages/airflow/example_dags/example_trigger_controller_dag.py for tasks to queue
[2021-04-21 19:55:13,874] {logging_mixin.py:104} INFO - [2021-04-21 19:55:13,874] {dagbag.py:448} INFO - Filling up the DagBag from /home/airflow/.local/lib/python3.6/site-packages/airflow/example_dags/example_trigger_controller_dag.py
[2021-04-21 19:55:13,887] {scheduler_job.py:639} INFO - DAG(s) dict_keys(['example_trigger_controller_dag']) retrieved from /home/airflow/.local/lib/python3.6/site-packages/airflow/example_dags/example_trigger_controller_dag.py
[2021-04-21 19:55:13,909] {logging_mixin.py:104} INFO - [2021-04-21 19:55:13,909] {dag.py:1818} INFO - Sync 1 DAGs
[2021-04-21 19:55:13,924] {logging_mixin.py:104} INFO - [2021-04-21 19:55:13,924] {dag.py:2273} INFO - Setting next_dagrun for example_trigger_controller_dag to 2021-04-19 00:00:00+00:00
[2021-04-21 19:55:13,936] {scheduler_job.py:190} INFO - Processing /home/airflow/.local/lib/python3.6/site-packages/airflow/example_dags/example_trigger_controller_dag.py took 0.068 seconds
[2021-04-21 19:55:44,207] {scheduler_job.py:182} INFO - Started process (PID=202) to work on /home/airflow/.local/lib/python3.6/site-packages/airflow/example_dags/example_trigger_controller_dag.py
[2021-04-21 19:55:44,210] {scheduler_job.py:629} INFO - Processing file /home/airflow/.local/lib/python3.6/site-packages/airflow/example_dags/example_trigger_controller_dag.py for tasks to queue
[2021-04-21 19:55:44,211] {logging_mixin.py:104} INFO - [2021-04-21 19:55:44,211] {dagbag.py:448} INFO - Filling up the DagBag from /home/airflow/.local/lib/python3.6/site-packages/airflow/example_dags/example_trigger_controller_dag.py
[2021-04-21 19:55:44,223] {scheduler_job.py:639} INFO - DAG(s) dict_keys(['example_trigger_controller_dag']) retrieved from /home/airflow/.local/lib/python3.6/site-packages/airflow/example_dags/example_trigger_controller_dag.py
[2021-04-21 19:55:44,252] {logging_mixin.py:104} INFO - [2021-04-21 19:55:44,252] {dag.py:1818} INFO - Sync 1 DAGs
[2021-04-21 19:55:44,269] {logging_mixin.py:104} INFO - [2021-04-21 19:55:44,268] {dag.py:2273} INFO - Setting next_dagrun for example_trigger_controller_dag to 2021-04-19 00:00:00+00:00
[2021-04-21 19:55:44,280] {scheduler_job.py:190} INFO - Processing /home/airflow/.local/lib/python3.6/site-packages/airflow/example_dags/example_trigger_controller_dag.py took 0.078 seconds
[2021-04-21 19:56:14,499] {scheduler_job.py:182} INFO - Started process (PID=228) to work on /home/airflow/.local/lib/python3.6/site-packages/airflow/example_dags/example_trigger_controller_dag.py
[2021-04-21 19:56:14,533] {scheduler_job.py:629} INFO - Processing file /home/airflow/.local/lib/python3.6/site-packages/airflow/example_dags/example_trigger_controller_dag.py for tasks to queue
[2021-04-21 19:56:14,535] {logging_mixin.py:104} INFO - [2021-04-21 19:56:14,535] {dagbag.py:448} INFO - Filling up the DagBag from /home/airflow/.local/lib/python3.6/site-packages/airflow/example_dags/example_trigger_controller_dag.py
[2021-04-21 19:56:14,548] {scheduler_job.py:639} INFO - DAG(s) dict_keys(['example_trigger_controller_dag']) retrieved from /home/airflow/.local/lib/python3.6/site-packages/airflow/example_dags/example_trigger_controller_dag.py
[2021-04-21 19:56:14,572] {logging_mixin.py:104} INFO - [2021-04-21 19:56:14,572] {dag.py:1818} INFO - Sync 1 DAGs
[2021-04-21 19:56:14,587] {logging_mixin.py:104} INFO - [2021-04-21 19:56:14,587] {dag.py:2273} INFO - Setting next_dagrun for example_trigger_controller_dag to 2021-04-19 00:00:00+00:00
[2021-04-21 19:56:14,596] {scheduler_job.py:190} INFO - Processing /home/airflow/.local/lib/python3.6/site-packages/airflow/example_dags/example_trigger_controller_dag.py took 0.100 seconds
[2021-04-21 19:56:44,831] {scheduler_job.py:182} INFO - Started process (PID=261) to work on /home/airflow/.local/lib/python3.6/site-packages/airflow/example_dags/example_trigger_controller_dag.py
[2021-04-21 19:56:44,833] {scheduler_job.py:629} INFO - Processing file /home/airflow/.local/lib/python3.6/site-packages/airflow/example_dags/example_trigger_controller_dag.py for tasks to queue
[2021-04-21 19:56:44,835] {logging_mixin.py:104} INFO - [2021-04-21 19:56:44,834] {dagbag.py:448} INFO - Filling up the DagBag from /home/airflow/.local/lib/python3.6/site-packages/airflow/example_dags/example_trigger_controller_dag.py
[2021-04-21 19:56:44,847] {scheduler_job.py:639} INFO - DAG(s) dict_keys(['example_trigger_controller_dag']) retrieved from /home/airflow/.local/lib/python3.6/site-packages/airflow/example_dags/example_trigger_controller_dag.py
[2021-04-21 19:56:44,871] {logging_mixin.py:104} INFO - [2021-04-21 19:56:44,871] {dag.py:1818} INFO - Sync 1 DAGs
[2021-04-21 19:56:44,894] {logging_mixin.py:104} INFO - [2021-04-21 19:56:44,894] {dag.py:2273} INFO - Setting next_dagrun for example_trigger_controller_dag to 2021-04-19 00:00:00+00:00
[2021-04-21 19:56:44,903] {scheduler_job.py:190} INFO - Processing /home/airflow/.local/lib/python3.6/site-packages/airflow/example_dags/example_trigger_controller_dag.py took 0.076 seconds
[2021-04-21 19:57:14,996] {scheduler_job.py:182} INFO - Started process (PID=288) to work on /home/airflow/.local/lib/python3.6/site-packages/airflow/example_dags/example_trigger_controller_dag.py
[2021-04-21 19:57:14,998] {scheduler_job.py:629} INFO - Processing file /home/airflow/.local/lib/python3.6/site-packages/airflow/example_dags/example_trigger_controller_dag.py for tasks to queue
[2021-04-21 19:57:14,999] {logging_mixin.py:104} INFO - [2021-04-21 19:57:14,999] {dagbag.py:448} INFO - Filling up the DagBag from /home/airflow/.local/lib/python3.6/site-packages/airflow/example_dags/example_trigger_controller_dag.py
[2021-04-21 19:57:15,011] {scheduler_job.py:639} INFO - DAG(s) dict_keys(['example_trigger_controller_dag']) retrieved from /home/airflow/.local/lib/python3.6/site-packages/airflow/example_dags/example_trigger_controller_dag.py
[2021-04-21 19:57:15,037] {logging_mixin.py:104} INFO - [2021-04-21 19:57:15,036] {dag.py:1818} INFO - Sync 1 DAGs
[2021-04-21 19:57:15,051] {logging_mixin.py:104} INFO - [2021-04-21 19:57:15,051] {dag.py:2273} INFO - Setting next_dagrun for example_trigger_controller_dag to 2021-04-19 00:00:00+00:00
[2021-04-21 19:57:15,060] {scheduler_job.py:190} INFO - Processing /home/airflow/.local/lib/python3.6/site-packages/airflow/example_dags/example_trigger_controller_dag.py took 0.067 seconds
[2021-04-21 19:57:45,237] {scheduler_job.py:182} INFO - Started process (PID=314) to work on /home/airflow/.local/lib/python3.6/site-packages/airflow/example_dags/example_trigger_controller_dag.py
[2021-04-21 19:57:45,239] {scheduler_job.py:629} INFO - Processing file /home/airflow/.local/lib/python3.6/site-packages/airflow/example_dags/example_trigger_controller_dag.py for tasks to queue
[2021-04-21 19:57:45,240] {logging_mixin.py:104} INFO - [2021-04-21 19:57:45,240] {dagbag.py:448} INFO - Filling up the DagBag from /home/airflow/.local/lib/python3.6/site-packages/airflow/example_dags/example_trigger_controller_dag.py
[2021-04-21 19:57:45,250] {scheduler_job.py:639} INFO - DAG(s) dict_keys(['example_trigger_controller_dag']) retrieved from /home/airflow/.local/lib/python3.6/site-packages/airflow/example_dags/example_trigger_controller_dag.py
[2021-04-21 19:57:45,274] {logging_mixin.py:104} INFO - [2021-04-21 19:57:45,274] {dag.py:1818} INFO - Sync 1 DAGs
[2021-04-21 19:57:45,291] {logging_mixin.py:104} INFO - [2021-04-21 19:57:45,291] {dag.py:2273} INFO - Setting next_dagrun for example_trigger_controller_dag to 2021-04-19 00:00:00+00:00
[2021-04-21 19:57:45,299] {scheduler_job.py:190} INFO - Processing /home/airflow/.local/lib/python3.6/site-packages/airflow/example_dags/example_trigger_controller_dag.py took 0.066 seconds
[2021-04-21 19:58:15,328] {scheduler_job.py:182} INFO - Started process (PID=337) to work on /home/airflow/.local/lib/python3.6/site-packages/airflow/example_dags/example_trigger_controller_dag.py
[2021-04-21 19:58:15,333] {scheduler_job.py:629} INFO - Processing file /home/airflow/.local/lib/python3.6/site-packages/airflow/example_dags/example_trigger_controller_dag.py for tasks to queue
[2021-04-21 19:58:15,335] {logging_mixin.py:104} INFO - [2021-04-21 19:58:15,335] {dagbag.py:448} INFO - Filling up the DagBag from /home/airflow/.local/lib/python3.6/site-packages/airflow/example_dags/example_trigger_controller_dag.py
[2021-04-21 19:58:15,355] {scheduler_job.py:639} INFO - DAG(s) dict_keys(['example_trigger_controller_dag']) retrieved from /home/airflow/.local/lib/python3.6/site-packages/airflow/example_dags/example_trigger_controller_dag.py
[2021-04-21 19:58:15,379] {logging_mixin.py:104} INFO - [2021-04-21 19:58:15,378] {dag.py:1818} INFO - Sync 1 DAGs
[2021-04-21 19:58:15,394] {logging_mixin.py:104} INFO - [2021-04-21 19:58:15,394] {dag.py:2273} INFO - Setting next_dagrun for example_trigger_controller_dag to 2021-04-19 00:00:00+00:00
[2021-04-21 19:58:15,403] {scheduler_job.py:190} INFO - Processing /home/airflow/.local/lib/python3.6/site-packages/airflow/example_dags/example_trigger_controller_dag.py took 0.079 seconds
[2021-04-21 19:58:45,616] {scheduler_job.py:182} INFO - Started process (PID=363) to work on /home/airflow/.local/lib/python3.6/site-packages/airflow/example_dags/example_trigger_controller_dag.py
[2021-04-21 19:58:45,618] {scheduler_job.py:629} INFO - Processing file /home/airflow/.local/lib/python3.6/site-packages/airflow/example_dags/example_trigger_controller_dag.py for tasks to queue
[2021-04-21 19:58:45,619] {logging_mixin.py:104} INFO - [2021-04-21 19:58:45,619] {dagbag.py:448} INFO - Filling up the DagBag from /home/airflow/.local/lib/python3.6/site-packages/airflow/example_dags/example_trigger_controller_dag.py
[2021-04-21 19:58:45,630] {scheduler_job.py:639} INFO - DAG(s) dict_keys(['example_trigger_controller_dag']) retrieved from /home/airflow/.local/lib/python3.6/site-packages/airflow/example_dags/example_trigger_controller_dag.py
[2021-04-21 19:58:45,650] {logging_mixin.py:104} INFO - [2021-04-21 19:58:45,650] {dag.py:1818} INFO - Sync 1 DAGs
[2021-04-21 19:58:45,668] {logging_mixin.py:104} INFO - [2021-04-21 19:58:45,668] {dag.py:2273} INFO - Setting next_dagrun for example_trigger_controller_dag to 2021-04-19 00:00:00+00:00
[2021-04-21 19:58:45,678] {scheduler_job.py:190} INFO - Processing /home/airflow/.local/lib/python3.6/site-packages/airflow/example_dags/example_trigger_controller_dag.py took 0.065 seconds
[2021-04-21 19:59:15,833] {scheduler_job.py:182} INFO - Started process (PID=389) to work on /home/airflow/.local/lib/python3.6/site-packages/airflow/example_dags/example_trigger_controller_dag.py
[2021-04-21 19:59:15,834] {scheduler_job.py:629} INFO - Processing file /home/airflow/.local/lib/python3.6/site-packages/airflow/example_dags/example_trigger_controller_dag.py for tasks to queue
[2021-04-21 19:59:15,835] {logging_mixin.py:104} INFO - [2021-04-21 19:59:15,835] {dagbag.py:448} INFO - Filling up the DagBag from /home/airflow/.local/lib/python3.6/site-packages/airflow/example_dags/example_trigger_controller_dag.py
[2021-04-21 19:59:15,845] {scheduler_job.py:639} INFO - DAG(s) dict_keys(['example_trigger_controller_dag']) retrieved from /home/airflow/.local/lib/python3.6/site-packages/airflow/example_dags/example_trigger_controller_dag.py
[2021-04-21 19:59:15,867] {logging_mixin.py:104} INFO - [2021-04-21 19:59:15,867] {dag.py:1818} INFO - Sync 1 DAGs
[2021-04-21 19:59:15,886] {logging_mixin.py:104} INFO - [2021-04-21 19:59:15,886] {dag.py:2273} INFO - Setting next_dagrun for example_trigger_controller_dag to 2021-04-19 00:00:00+00:00
[2021-04-21 19:59:15,894] {scheduler_job.py:190} INFO - Processing /home/airflow/.local/lib/python3.6/site-packages/airflow/example_dags/example_trigger_controller_dag.py took 0.065 seconds
[2021-04-21 19:59:45,973] {scheduler_job.py:182} INFO - Started process (PID=417) to work on /home/airflow/.local/lib/python3.6/site-packages/airflow/example_dags/example_trigger_controller_dag.py
[2021-04-21 19:59:45,975] {scheduler_job.py:629} INFO - Processing file /home/airflow/.local/lib/python3.6/site-packages/airflow/example_dags/example_trigger_controller_dag.py for tasks to queue
[2021-04-21 19:59:45,976] {logging_mixin.py:104} INFO - [2021-04-21 19:59:45,976] {dagbag.py:448} INFO - Filling up the DagBag from /home/airflow/.local/lib/python3.6/site-packages/airflow/example_dags/example_trigger_controller_dag.py
[2021-04-21 19:59:45,987] {scheduler_job.py:639} INFO - DAG(s) dict_keys(['example_trigger_controller_dag']) retrieved from /home/airflow/.local/lib/python3.6/site-packages/airflow/example_dags/example_trigger_controller_dag.py
[2021-04-21 19:59:46,009] {logging_mixin.py:104} INFO - [2021-04-21 19:59:46,009] {dag.py:1818} INFO - Sync 1 DAGs
[2021-04-21 19:59:46,027] {logging_mixin.py:104} INFO - [2021-04-21 19:59:46,026] {dag.py:2273} INFO - Setting next_dagrun for example_trigger_controller_dag to 2021-04-19 00:00:00+00:00
[2021-04-21 19:59:46,036] {scheduler_job.py:190} INFO - Processing /home/airflow/.local/lib/python3.6/site-packages/airflow/example_dags/example_trigger_controller_dag.py took 0.067 seconds
[2021-04-21 20:00:16,217] {scheduler_job.py:182} INFO - Started process (PID=443) to work on /home/airflow/.local/lib/python3.6/site-packages/airflow/example_dags/example_trigger_controller_dag.py
[2021-04-21 20:00:16,219] {scheduler_job.py:629} INFO - Processing file /home/airflow/.local/lib/python3.6/site-packages/airflow/example_dags/example_trigger_controller_dag.py for tasks to queue
[2021-04-21 20:00:16,222] {logging_mixin.py:104} INFO - [2021-04-21 20:00:16,222] {dagbag.py:448} INFO - Filling up the DagBag from /home/airflow/.local/lib/python3.6/site-packages/airflow/example_dags/example_trigger_controller_dag.py
[2021-04-21 20:00:16,232] {scheduler_job.py:639} INFO - DAG(s) dict_keys(['example_trigger_controller_dag']) retrieved from /home/airflow/.local/lib/python3.6/site-packages/airflow/example_dags/example_trigger_controller_dag.py
[2021-04-21 20:00:16,259] {logging_mixin.py:104} INFO - [2021-04-21 20:00:16,259] {dag.py:1818} INFO - Sync 1 DAGs
[2021-04-21 20:00:16,279] {logging_mixin.py:104} INFO - [2021-04-21 20:00:16,279] {dag.py:2273} INFO - Setting next_dagrun for example_trigger_controller_dag to 2021-04-19 00:00:00+00:00
[2021-04-21 20:00:16,287] {scheduler_job.py:190} INFO - Processing /home/airflow/.local/lib/python3.6/site-packages/airflow/example_dags/example_trigger_controller_dag.py took 0.074 seconds
[2021-04-21 20:00:46,342] {scheduler_job.py:182} INFO - Started process (PID=482) to work on /home/airflow/.local/lib/python3.6/site-packages/airflow/example_dags/example_trigger_controller_dag.py
[2021-04-21 20:00:46,346] {scheduler_job.py:629} INFO - Processing file /home/airflow/.local/lib/python3.6/site-packages/airflow/example_dags/example_trigger_controller_dag.py for tasks to queue
[2021-04-21 20:00:46,348] {logging_mixin.py:104} INFO - [2021-04-21 20:00:46,348] {dagbag.py:448} INFO - Filling up the DagBag from /home/airflow/.local/lib/python3.6/site-packages/airflow/example_dags/example_trigger_controller_dag.py
[2021-04-21 20:00:46,362] {scheduler_job.py:639} INFO - DAG(s) dict_keys(['example_trigger_controller_dag']) retrieved from /home/airflow/.local/lib/python3.6/site-packages/airflow/example_dags/example_trigger_controller_dag.py
[2021-04-21 20:00:46,390] {logging_mixin.py:104} INFO - [2021-04-21 20:00:46,390] {dag.py:1818} INFO - Sync 1 DAGs
[2021-04-21 20:00:46,407] {logging_mixin.py:104} INFO - [2021-04-21 20:00:46,407] {dag.py:2273} INFO - Setting next_dagrun for example_trigger_controller_dag to 2021-04-19 00:00:00+00:00
[2021-04-21 20:00:46,416] {scheduler_job.py:190} INFO - Processing /home/airflow/.local/lib/python3.6/site-packages/airflow/example_dags/example_trigger_controller_dag.py took 0.079 seconds
[2021-04-21 20:01:16,812] {scheduler_job.py:182} INFO - Started process (PID=511) to work on /home/airflow/.local/lib/python3.6/site-packages/airflow/example_dags/example_trigger_controller_dag.py
[2021-04-21 20:01:16,813] {scheduler_job.py:629} INFO - Processing file /home/airflow/.local/lib/python3.6/site-packages/airflow/example_dags/example_trigger_controller_dag.py for tasks to queue
[2021-04-21 20:01:16,814] {logging_mixin.py:104} INFO - [2021-04-21 20:01:16,814] {dagbag.py:448} INFO - Filling up the DagBag from /home/airflow/.local/lib/python3.6/site-packages/airflow/example_dags/example_trigger_controller_dag.py
[2021-04-21 20:01:16,825] {scheduler_job.py:639} INFO - DAG(s) dict_keys(['example_trigger_controller_dag']) retrieved from /home/airflow/.local/lib/python3.6/site-packages/airflow/example_dags/example_trigger_controller_dag.py
[2021-04-21 20:01:16,849] {logging_mixin.py:104} INFO - [2021-04-21 20:01:16,849] {dag.py:1818} INFO - Sync 1 DAGs
[2021-04-21 20:01:16,865] {logging_mixin.py:104} INFO - [2021-04-21 20:01:16,865] {dag.py:2273} INFO - Setting next_dagrun for example_trigger_controller_dag to 2021-04-19 00:00:00+00:00
[2021-04-21 20:01:16,877] {scheduler_job.py:190} INFO - Processing /home/airflow/.local/lib/python3.6/site-packages/airflow/example_dags/example_trigger_controller_dag.py took 0.069 seconds
[2021-04-21 20:01:47,150] {scheduler_job.py:182} INFO - Started process (PID=538) to work on /home/airflow/.local/lib/python3.6/site-packages/airflow/example_dags/example_trigger_controller_dag.py
[2021-04-21 20:01:47,152] {scheduler_job.py:629} INFO - Processing file /home/airflow/.local/lib/python3.6/site-packages/airflow/example_dags/example_trigger_controller_dag.py for tasks to queue
[2021-04-21 20:01:47,153] {logging_mixin.py:104} INFO - [2021-04-21 20:01:47,153] {dagbag.py:448} INFO - Filling up the DagBag from /home/airflow/.local/lib/python3.6/site-packages/airflow/example_dags/example_trigger_controller_dag.py
[2021-04-21 20:01:47,164] {scheduler_job.py:639} INFO - DAG(s) dict_keys(['example_trigger_controller_dag']) retrieved from /home/airflow/.local/lib/python3.6/site-packages/airflow/example_dags/example_trigger_controller_dag.py
[2021-04-21 20:01:47,186] {logging_mixin.py:104} INFO - [2021-04-21 20:01:47,186] {dag.py:1818} INFO - Sync 1 DAGs
[2021-04-21 20:01:47,203] {logging_mixin.py:104} INFO - [2021-04-21 20:01:47,203] {dag.py:2273} INFO - Setting next_dagrun for example_trigger_controller_dag to 2021-04-19 00:00:00+00:00
[2021-04-21 20:01:47,211] {scheduler_job.py:190} INFO - Processing /home/airflow/.local/lib/python3.6/site-packages/airflow/example_dags/example_trigger_controller_dag.py took 0.065 seconds
[2021-04-21 20:02:17,307] {scheduler_job.py:182} INFO - Started process (PID=564) to work on /home/airflow/.local/lib/python3.6/site-packages/airflow/example_dags/example_trigger_controller_dag.py
[2021-04-21 20:02:17,309] {scheduler_job.py:629} INFO - Processing file /home/airflow/.local/lib/python3.6/site-packages/airflow/example_dags/example_trigger_controller_dag.py for tasks to queue
[2021-04-21 20:02:17,310] {logging_mixin.py:104} INFO - [2021-04-21 20:02:17,310] {dagbag.py:448} INFO - Filling up the DagBag from /home/airflow/.local/lib/python3.6/site-packages/airflow/example_dags/example_trigger_controller_dag.py
[2021-04-21 20:02:17,324] {scheduler_job.py:639} INFO - DAG(s) dict_keys(['example_trigger_controller_dag']) retrieved from /home/airflow/.local/lib/python3.6/site-packages/airflow/example_dags/example_trigger_controller_dag.py
[2021-04-21 20:02:17,346] {logging_mixin.py:104} INFO - [2021-04-21 20:02:17,346] {dag.py:1818} INFO - Sync 1 DAGs
[2021-04-21 20:02:17,364] {logging_mixin.py:104} INFO - [2021-04-21 20:02:17,364] {dag.py:2273} INFO - Setting next_dagrun for example_trigger_controller_dag to 2021-04-19 00:00:00+00:00
[2021-04-21 20:02:17,372] {scheduler_job.py:190} INFO - Processing /home/airflow/.local/lib/python3.6/site-packages/airflow/example_dags/example_trigger_controller_dag.py took 0.068 seconds
