[2021-04-21 19:52:41,780] {scheduler_job.py:182} INFO - Started process (PID=37) to work on /home/airflow/.local/lib/python3.6/site-packages/airflow/example_dags/example_subdag_operator.py
[2021-04-21 19:52:41,782] {scheduler_job.py:629} INFO - Processing file /home/airflow/.local/lib/python3.6/site-packages/airflow/example_dags/example_subdag_operator.py for tasks to queue
[2021-04-21 19:52:41,784] {logging_mixin.py:104} INFO - [2021-04-21 19:52:41,784] {dagbag.py:448} INFO - Filling up the DagBag from /home/airflow/.local/lib/python3.6/site-packages/airflow/example_dags/example_subdag_operator.py
[2021-04-21 19:52:41,823] {scheduler_job.py:639} INFO - DAG(s) dict_keys(['example_subdag_operator.section-1', 'example_subdag_operator.section-2', 'example_subdag_operator']) retrieved from /home/airflow/.local/lib/python3.6/site-packages/airflow/example_dags/example_subdag_operator.py
[2021-04-21 19:52:41,837] {logging_mixin.py:104} INFO - [2021-04-21 19:52:41,837] {dag.py:1818} INFO - Sync 3 DAGs
[2021-04-21 19:52:41,853] {logging_mixin.py:104} INFO - [2021-04-21 19:52:41,853] {dag.py:1837} INFO - Creating ORM DAG for example_subdag_operator.section-2
[2021-04-21 19:52:41,855] {logging_mixin.py:104} INFO - [2021-04-21 19:52:41,854] {dag.py:1837} INFO - Creating ORM DAG for example_subdag_operator
[2021-04-21 19:52:41,856] {logging_mixin.py:104} INFO - [2021-04-21 19:52:41,855] {dag.py:1837} INFO - Creating ORM DAG for example_subdag_operator.section-1
[2021-04-21 19:52:41,861] {logging_mixin.py:104} INFO - [2021-04-21 19:52:41,861] {dag.py:2273} INFO - Setting next_dagrun for example_subdag_operator to 2021-04-19 00:00:00+00:00
[2021-04-21 19:52:41,863] {logging_mixin.py:104} INFO - [2021-04-21 19:52:41,862] {dag.py:2273} INFO - Setting next_dagrun for example_subdag_operator.section-1 to None
[2021-04-21 19:52:41,864] {logging_mixin.py:104} INFO - [2021-04-21 19:52:41,864] {dag.py:2273} INFO - Setting next_dagrun for example_subdag_operator.section-2 to None
[2021-04-21 19:52:41,878] {logging_mixin.py:104} INFO - [2021-04-21 19:52:41,878] {dag.py:1818} INFO - Sync 2 DAGs
[2021-04-21 19:52:41,893] {logging_mixin.py:104} INFO - [2021-04-21 19:52:41,892] {dag.py:2273} INFO - Setting next_dagrun for example_subdag_operator.section-1 to None
[2021-04-21 19:52:41,894] {logging_mixin.py:104} INFO - [2021-04-21 19:52:41,894] {dag.py:2273} INFO - Setting next_dagrun for example_subdag_operator.section-2 to None
[2021-04-21 19:52:41,901] {scheduler_job.py:190} INFO - Processing /home/airflow/.local/lib/python3.6/site-packages/airflow/example_dags/example_subdag_operator.py took 0.125 seconds
[2021-04-21 19:53:12,142] {scheduler_job.py:182} INFO - Started process (PID=60) to work on /home/airflow/.local/lib/python3.6/site-packages/airflow/example_dags/example_subdag_operator.py
[2021-04-21 19:53:12,145] {scheduler_job.py:629} INFO - Processing file /home/airflow/.local/lib/python3.6/site-packages/airflow/example_dags/example_subdag_operator.py for tasks to queue
[2021-04-21 19:53:12,146] {logging_mixin.py:104} INFO - [2021-04-21 19:53:12,146] {dagbag.py:448} INFO - Filling up the DagBag from /home/airflow/.local/lib/python3.6/site-packages/airflow/example_dags/example_subdag_operator.py
[2021-04-21 19:53:12,219] {scheduler_job.py:639} INFO - DAG(s) dict_keys(['example_subdag_operator.section-1', 'example_subdag_operator.section-2', 'example_subdag_operator']) retrieved from /home/airflow/.local/lib/python3.6/site-packages/airflow/example_dags/example_subdag_operator.py
[2021-04-21 19:53:12,242] {logging_mixin.py:104} INFO - [2021-04-21 19:53:12,242] {dag.py:1818} INFO - Sync 3 DAGs
[2021-04-21 19:53:12,274] {logging_mixin.py:104} INFO - [2021-04-21 19:53:12,274] {dag.py:2273} INFO - Setting next_dagrun for example_subdag_operator to 2021-04-19 00:00:00+00:00
[2021-04-21 19:53:12,278] {logging_mixin.py:104} INFO - [2021-04-21 19:53:12,277] {dag.py:2273} INFO - Setting next_dagrun for example_subdag_operator.section-1 to None
[2021-04-21 19:53:12,281] {logging_mixin.py:104} INFO - [2021-04-21 19:53:12,280] {dag.py:2273} INFO - Setting next_dagrun for example_subdag_operator.section-2 to None
[2021-04-21 19:53:12,293] {logging_mixin.py:104} INFO - [2021-04-21 19:53:12,293] {dag.py:1818} INFO - Sync 2 DAGs
[2021-04-21 19:53:12,315] {logging_mixin.py:104} INFO - [2021-04-21 19:53:12,315] {dag.py:2273} INFO - Setting next_dagrun for example_subdag_operator.section-1 to None
[2021-04-21 19:53:12,320] {logging_mixin.py:104} INFO - [2021-04-21 19:53:12,320] {dag.py:2273} INFO - Setting next_dagrun for example_subdag_operator.section-2 to None
[2021-04-21 19:53:12,335] {scheduler_job.py:190} INFO - Processing /home/airflow/.local/lib/python3.6/site-packages/airflow/example_dags/example_subdag_operator.py took 0.196 seconds
[2021-04-21 19:53:42,537] {scheduler_job.py:182} INFO - Started process (PID=86) to work on /home/airflow/.local/lib/python3.6/site-packages/airflow/example_dags/example_subdag_operator.py
[2021-04-21 19:53:42,542] {scheduler_job.py:629} INFO - Processing file /home/airflow/.local/lib/python3.6/site-packages/airflow/example_dags/example_subdag_operator.py for tasks to queue
[2021-04-21 19:53:42,544] {logging_mixin.py:104} INFO - [2021-04-21 19:53:42,544] {dagbag.py:448} INFO - Filling up the DagBag from /home/airflow/.local/lib/python3.6/site-packages/airflow/example_dags/example_subdag_operator.py
[2021-04-21 19:53:42,597] {scheduler_job.py:639} INFO - DAG(s) dict_keys(['example_subdag_operator.section-1', 'example_subdag_operator.section-2', 'example_subdag_operator']) retrieved from /home/airflow/.local/lib/python3.6/site-packages/airflow/example_dags/example_subdag_operator.py
[2021-04-21 19:53:42,609] {logging_mixin.py:104} INFO - [2021-04-21 19:53:42,609] {dag.py:1818} INFO - Sync 3 DAGs
[2021-04-21 19:53:42,630] {logging_mixin.py:104} INFO - [2021-04-21 19:53:42,630] {dag.py:2273} INFO - Setting next_dagrun for example_subdag_operator to 2021-04-19 00:00:00+00:00
[2021-04-21 19:53:42,631] {logging_mixin.py:104} INFO - [2021-04-21 19:53:42,631] {dag.py:2273} INFO - Setting next_dagrun for example_subdag_operator.section-1 to None
[2021-04-21 19:53:42,633] {logging_mixin.py:104} INFO - [2021-04-21 19:53:42,633] {dag.py:2273} INFO - Setting next_dagrun for example_subdag_operator.section-2 to None
[2021-04-21 19:53:42,642] {logging_mixin.py:104} INFO - [2021-04-21 19:53:42,642] {dag.py:1818} INFO - Sync 2 DAGs
[2021-04-21 19:53:42,650] {logging_mixin.py:104} INFO - [2021-04-21 19:53:42,650] {dag.py:2273} INFO - Setting next_dagrun for example_subdag_operator.section-1 to None
[2021-04-21 19:53:42,651] {logging_mixin.py:104} INFO - [2021-04-21 19:53:42,651] {dag.py:2273} INFO - Setting next_dagrun for example_subdag_operator.section-2 to None
[2021-04-21 19:53:42,661] {scheduler_job.py:190} INFO - Processing /home/airflow/.local/lib/python3.6/site-packages/airflow/example_dags/example_subdag_operator.py took 0.128 seconds
[2021-04-21 19:54:12,893] {scheduler_job.py:182} INFO - Started process (PID=113) to work on /home/airflow/.local/lib/python3.6/site-packages/airflow/example_dags/example_subdag_operator.py
[2021-04-21 19:54:12,895] {scheduler_job.py:629} INFO - Processing file /home/airflow/.local/lib/python3.6/site-packages/airflow/example_dags/example_subdag_operator.py for tasks to queue
[2021-04-21 19:54:12,897] {logging_mixin.py:104} INFO - [2021-04-21 19:54:12,897] {dagbag.py:448} INFO - Filling up the DagBag from /home/airflow/.local/lib/python3.6/site-packages/airflow/example_dags/example_subdag_operator.py
[2021-04-21 19:54:12,936] {scheduler_job.py:639} INFO - DAG(s) dict_keys(['example_subdag_operator.section-1', 'example_subdag_operator.section-2', 'example_subdag_operator']) retrieved from /home/airflow/.local/lib/python3.6/site-packages/airflow/example_dags/example_subdag_operator.py
[2021-04-21 19:54:12,951] {logging_mixin.py:104} INFO - [2021-04-21 19:54:12,951] {dag.py:1818} INFO - Sync 3 DAGs
[2021-04-21 19:54:12,968] {logging_mixin.py:104} INFO - [2021-04-21 19:54:12,968] {dag.py:2273} INFO - Setting next_dagrun for example_subdag_operator to 2021-04-19 00:00:00+00:00
[2021-04-21 19:54:12,969] {logging_mixin.py:104} INFO - [2021-04-21 19:54:12,969] {dag.py:2273} INFO - Setting next_dagrun for example_subdag_operator.section-1 to None
[2021-04-21 19:54:12,970] {logging_mixin.py:104} INFO - [2021-04-21 19:54:12,970] {dag.py:2273} INFO - Setting next_dagrun for example_subdag_operator.section-2 to None
[2021-04-21 19:54:12,976] {logging_mixin.py:104} INFO - [2021-04-21 19:54:12,976] {dag.py:1818} INFO - Sync 2 DAGs
[2021-04-21 19:54:12,986] {logging_mixin.py:104} INFO - [2021-04-21 19:54:12,986] {dag.py:2273} INFO - Setting next_dagrun for example_subdag_operator.section-1 to None
[2021-04-21 19:54:12,987] {logging_mixin.py:104} INFO - [2021-04-21 19:54:12,987] {dag.py:2273} INFO - Setting next_dagrun for example_subdag_operator.section-2 to None
[2021-04-21 19:54:12,992] {scheduler_job.py:190} INFO - Processing /home/airflow/.local/lib/python3.6/site-packages/airflow/example_dags/example_subdag_operator.py took 0.102 seconds
[2021-04-21 19:54:43,162] {scheduler_job.py:182} INFO - Started process (PID=139) to work on /home/airflow/.local/lib/python3.6/site-packages/airflow/example_dags/example_subdag_operator.py
[2021-04-21 19:54:43,164] {scheduler_job.py:629} INFO - Processing file /home/airflow/.local/lib/python3.6/site-packages/airflow/example_dags/example_subdag_operator.py for tasks to queue
[2021-04-21 19:54:43,166] {logging_mixin.py:104} INFO - [2021-04-21 19:54:43,165] {dagbag.py:448} INFO - Filling up the DagBag from /home/airflow/.local/lib/python3.6/site-packages/airflow/example_dags/example_subdag_operator.py
[2021-04-21 19:54:43,214] {scheduler_job.py:639} INFO - DAG(s) dict_keys(['example_subdag_operator.section-1', 'example_subdag_operator.section-2', 'example_subdag_operator']) retrieved from /home/airflow/.local/lib/python3.6/site-packages/airflow/example_dags/example_subdag_operator.py
[2021-04-21 19:54:43,226] {logging_mixin.py:104} INFO - [2021-04-21 19:54:43,226] {dag.py:1818} INFO - Sync 3 DAGs
[2021-04-21 19:54:43,245] {logging_mixin.py:104} INFO - [2021-04-21 19:54:43,245] {dag.py:2273} INFO - Setting next_dagrun for example_subdag_operator to 2021-04-19 00:00:00+00:00
[2021-04-21 19:54:43,246] {logging_mixin.py:104} INFO - [2021-04-21 19:54:43,246] {dag.py:2273} INFO - Setting next_dagrun for example_subdag_operator.section-1 to None
[2021-04-21 19:54:43,247] {logging_mixin.py:104} INFO - [2021-04-21 19:54:43,247] {dag.py:2273} INFO - Setting next_dagrun for example_subdag_operator.section-2 to None
[2021-04-21 19:54:43,253] {logging_mixin.py:104} INFO - [2021-04-21 19:54:43,253] {dag.py:1818} INFO - Sync 2 DAGs
[2021-04-21 19:54:43,260] {logging_mixin.py:104} INFO - [2021-04-21 19:54:43,260] {dag.py:2273} INFO - Setting next_dagrun for example_subdag_operator.section-1 to None
[2021-04-21 19:54:43,261] {logging_mixin.py:104} INFO - [2021-04-21 19:54:43,261] {dag.py:2273} INFO - Setting next_dagrun for example_subdag_operator.section-2 to None
[2021-04-21 19:54:43,274] {scheduler_job.py:190} INFO - Processing /home/airflow/.local/lib/python3.6/site-packages/airflow/example_dags/example_subdag_operator.py took 0.115 seconds
[2021-04-21 19:55:13,322] {scheduler_job.py:182} INFO - Started process (PID=165) to work on /home/airflow/.local/lib/python3.6/site-packages/airflow/example_dags/example_subdag_operator.py
[2021-04-21 19:55:13,324] {scheduler_job.py:629} INFO - Processing file /home/airflow/.local/lib/python3.6/site-packages/airflow/example_dags/example_subdag_operator.py for tasks to queue
[2021-04-21 19:55:13,325] {logging_mixin.py:104} INFO - [2021-04-21 19:55:13,325] {dagbag.py:448} INFO - Filling up the DagBag from /home/airflow/.local/lib/python3.6/site-packages/airflow/example_dags/example_subdag_operator.py
[2021-04-21 19:55:13,356] {scheduler_job.py:639} INFO - DAG(s) dict_keys(['example_subdag_operator.section-1', 'example_subdag_operator.section-2', 'example_subdag_operator']) retrieved from /home/airflow/.local/lib/python3.6/site-packages/airflow/example_dags/example_subdag_operator.py
[2021-04-21 19:55:13,366] {logging_mixin.py:104} INFO - [2021-04-21 19:55:13,366] {dag.py:1818} INFO - Sync 3 DAGs
[2021-04-21 19:55:13,382] {logging_mixin.py:104} INFO - [2021-04-21 19:55:13,382] {dag.py:2273} INFO - Setting next_dagrun for example_subdag_operator to 2021-04-19 00:00:00+00:00
[2021-04-21 19:55:13,384] {logging_mixin.py:104} INFO - [2021-04-21 19:55:13,384] {dag.py:2273} INFO - Setting next_dagrun for example_subdag_operator.section-1 to None
[2021-04-21 19:55:13,385] {logging_mixin.py:104} INFO - [2021-04-21 19:55:13,385] {dag.py:2273} INFO - Setting next_dagrun for example_subdag_operator.section-2 to None
[2021-04-21 19:55:13,391] {logging_mixin.py:104} INFO - [2021-04-21 19:55:13,391] {dag.py:1818} INFO - Sync 2 DAGs
[2021-04-21 19:55:13,400] {logging_mixin.py:104} INFO - [2021-04-21 19:55:13,399] {dag.py:2273} INFO - Setting next_dagrun for example_subdag_operator.section-1 to None
[2021-04-21 19:55:13,401] {logging_mixin.py:104} INFO - [2021-04-21 19:55:13,401] {dag.py:2273} INFO - Setting next_dagrun for example_subdag_operator.section-2 to None
[2021-04-21 19:55:13,406] {scheduler_job.py:190} INFO - Processing /home/airflow/.local/lib/python3.6/site-packages/airflow/example_dags/example_subdag_operator.py took 0.087 seconds
[2021-04-21 19:55:43,503] {scheduler_job.py:182} INFO - Started process (PID=191) to work on /home/airflow/.local/lib/python3.6/site-packages/airflow/example_dags/example_subdag_operator.py
[2021-04-21 19:55:43,505] {scheduler_job.py:629} INFO - Processing file /home/airflow/.local/lib/python3.6/site-packages/airflow/example_dags/example_subdag_operator.py for tasks to queue
[2021-04-21 19:55:43,506] {logging_mixin.py:104} INFO - [2021-04-21 19:55:43,506] {dagbag.py:448} INFO - Filling up the DagBag from /home/airflow/.local/lib/python3.6/site-packages/airflow/example_dags/example_subdag_operator.py
[2021-04-21 19:55:43,534] {scheduler_job.py:639} INFO - DAG(s) dict_keys(['example_subdag_operator.section-1', 'example_subdag_operator.section-2', 'example_subdag_operator']) retrieved from /home/airflow/.local/lib/python3.6/site-packages/airflow/example_dags/example_subdag_operator.py
[2021-04-21 19:55:43,544] {logging_mixin.py:104} INFO - [2021-04-21 19:55:43,544] {dag.py:1818} INFO - Sync 3 DAGs
[2021-04-21 19:55:43,558] {logging_mixin.py:104} INFO - [2021-04-21 19:55:43,557] {dag.py:2273} INFO - Setting next_dagrun for example_subdag_operator to 2021-04-19 00:00:00+00:00
[2021-04-21 19:55:43,559] {logging_mixin.py:104} INFO - [2021-04-21 19:55:43,559] {dag.py:2273} INFO - Setting next_dagrun for example_subdag_operator.section-1 to None
[2021-04-21 19:55:43,560] {logging_mixin.py:104} INFO - [2021-04-21 19:55:43,560] {dag.py:2273} INFO - Setting next_dagrun for example_subdag_operator.section-2 to None
[2021-04-21 19:55:43,565] {logging_mixin.py:104} INFO - [2021-04-21 19:55:43,565] {dag.py:1818} INFO - Sync 2 DAGs
[2021-04-21 19:55:43,572] {logging_mixin.py:104} INFO - [2021-04-21 19:55:43,572] {dag.py:2273} INFO - Setting next_dagrun for example_subdag_operator.section-1 to None
[2021-04-21 19:55:43,572] {logging_mixin.py:104} INFO - [2021-04-21 19:55:43,572] {dag.py:2273} INFO - Setting next_dagrun for example_subdag_operator.section-2 to None
[2021-04-21 19:55:43,582] {scheduler_job.py:190} INFO - Processing /home/airflow/.local/lib/python3.6/site-packages/airflow/example_dags/example_subdag_operator.py took 0.082 seconds
[2021-04-21 19:56:13,782] {scheduler_job.py:182} INFO - Started process (PID=214) to work on /home/airflow/.local/lib/python3.6/site-packages/airflow/example_dags/example_subdag_operator.py
[2021-04-21 19:56:13,785] {scheduler_job.py:629} INFO - Processing file /home/airflow/.local/lib/python3.6/site-packages/airflow/example_dags/example_subdag_operator.py for tasks to queue
[2021-04-21 19:56:13,786] {logging_mixin.py:104} INFO - [2021-04-21 19:56:13,786] {dagbag.py:448} INFO - Filling up the DagBag from /home/airflow/.local/lib/python3.6/site-packages/airflow/example_dags/example_subdag_operator.py
[2021-04-21 19:56:13,817] {scheduler_job.py:639} INFO - DAG(s) dict_keys(['example_subdag_operator.section-1', 'example_subdag_operator.section-2', 'example_subdag_operator']) retrieved from /home/airflow/.local/lib/python3.6/site-packages/airflow/example_dags/example_subdag_operator.py
[2021-04-21 19:56:13,833] {logging_mixin.py:104} INFO - [2021-04-21 19:56:13,833] {dag.py:1818} INFO - Sync 3 DAGs
[2021-04-21 19:56:13,847] {logging_mixin.py:104} INFO - [2021-04-21 19:56:13,847] {dag.py:2273} INFO - Setting next_dagrun for example_subdag_operator to 2021-04-19 00:00:00+00:00
[2021-04-21 19:56:13,849] {logging_mixin.py:104} INFO - [2021-04-21 19:56:13,849] {dag.py:2273} INFO - Setting next_dagrun for example_subdag_operator.section-1 to None
[2021-04-21 19:56:13,850] {logging_mixin.py:104} INFO - [2021-04-21 19:56:13,850] {dag.py:2273} INFO - Setting next_dagrun for example_subdag_operator.section-2 to None
[2021-04-21 19:56:13,855] {logging_mixin.py:104} INFO - [2021-04-21 19:56:13,855] {dag.py:1818} INFO - Sync 2 DAGs
[2021-04-21 19:56:13,861] {logging_mixin.py:104} INFO - [2021-04-21 19:56:13,861] {dag.py:2273} INFO - Setting next_dagrun for example_subdag_operator.section-1 to None
[2021-04-21 19:56:13,862] {logging_mixin.py:104} INFO - [2021-04-21 19:56:13,862] {dag.py:2273} INFO - Setting next_dagrun for example_subdag_operator.section-2 to None
[2021-04-21 19:56:13,868] {scheduler_job.py:190} INFO - Processing /home/airflow/.local/lib/python3.6/site-packages/airflow/example_dags/example_subdag_operator.py took 0.092 seconds
[2021-04-21 19:56:44,037] {scheduler_job.py:182} INFO - Started process (PID=239) to work on /home/airflow/.local/lib/python3.6/site-packages/airflow/example_dags/example_subdag_operator.py
[2021-04-21 19:56:44,038] {scheduler_job.py:629} INFO - Processing file /home/airflow/.local/lib/python3.6/site-packages/airflow/example_dags/example_subdag_operator.py for tasks to queue
[2021-04-21 19:56:44,039] {logging_mixin.py:104} INFO - [2021-04-21 19:56:44,039] {dagbag.py:448} INFO - Filling up the DagBag from /home/airflow/.local/lib/python3.6/site-packages/airflow/example_dags/example_subdag_operator.py
[2021-04-21 19:56:44,074] {scheduler_job.py:639} INFO - DAG(s) dict_keys(['example_subdag_operator.section-1', 'example_subdag_operator.section-2', 'example_subdag_operator']) retrieved from /home/airflow/.local/lib/python3.6/site-packages/airflow/example_dags/example_subdag_operator.py
[2021-04-21 19:56:44,084] {logging_mixin.py:104} INFO - [2021-04-21 19:56:44,084] {dag.py:1818} INFO - Sync 3 DAGs
[2021-04-21 19:56:44,101] {logging_mixin.py:104} INFO - [2021-04-21 19:56:44,101] {dag.py:2273} INFO - Setting next_dagrun for example_subdag_operator to 2021-04-19 00:00:00+00:00
[2021-04-21 19:56:44,102] {logging_mixin.py:104} INFO - [2021-04-21 19:56:44,102] {dag.py:2273} INFO - Setting next_dagrun for example_subdag_operator.section-1 to None
[2021-04-21 19:56:44,103] {logging_mixin.py:104} INFO - [2021-04-21 19:56:44,103] {dag.py:2273} INFO - Setting next_dagrun for example_subdag_operator.section-2 to None
[2021-04-21 19:56:44,111] {logging_mixin.py:104} INFO - [2021-04-21 19:56:44,111] {dag.py:1818} INFO - Sync 2 DAGs
[2021-04-21 19:56:44,117] {logging_mixin.py:104} INFO - [2021-04-21 19:56:44,117] {dag.py:2273} INFO - Setting next_dagrun for example_subdag_operator.section-1 to None
[2021-04-21 19:56:44,118] {logging_mixin.py:104} INFO - [2021-04-21 19:56:44,117] {dag.py:2273} INFO - Setting next_dagrun for example_subdag_operator.section-2 to None
[2021-04-21 19:56:44,124] {scheduler_job.py:190} INFO - Processing /home/airflow/.local/lib/python3.6/site-packages/airflow/example_dags/example_subdag_operator.py took 0.090 seconds
[2021-04-21 19:57:14,446] {scheduler_job.py:182} INFO - Started process (PID=277) to work on /home/airflow/.local/lib/python3.6/site-packages/airflow/example_dags/example_subdag_operator.py
[2021-04-21 19:57:14,448] {scheduler_job.py:629} INFO - Processing file /home/airflow/.local/lib/python3.6/site-packages/airflow/example_dags/example_subdag_operator.py for tasks to queue
[2021-04-21 19:57:14,450] {logging_mixin.py:104} INFO - [2021-04-21 19:57:14,449] {dagbag.py:448} INFO - Filling up the DagBag from /home/airflow/.local/lib/python3.6/site-packages/airflow/example_dags/example_subdag_operator.py
[2021-04-21 19:57:14,483] {scheduler_job.py:639} INFO - DAG(s) dict_keys(['example_subdag_operator.section-1', 'example_subdag_operator.section-2', 'example_subdag_operator']) retrieved from /home/airflow/.local/lib/python3.6/site-packages/airflow/example_dags/example_subdag_operator.py
[2021-04-21 19:57:14,493] {logging_mixin.py:104} INFO - [2021-04-21 19:57:14,493] {dag.py:1818} INFO - Sync 3 DAGs
[2021-04-21 19:57:14,509] {logging_mixin.py:104} INFO - [2021-04-21 19:57:14,509] {dag.py:2273} INFO - Setting next_dagrun for example_subdag_operator to 2021-04-19 00:00:00+00:00
[2021-04-21 19:57:14,511] {logging_mixin.py:104} INFO - [2021-04-21 19:57:14,511] {dag.py:2273} INFO - Setting next_dagrun for example_subdag_operator.section-1 to None
[2021-04-21 19:57:14,511] {logging_mixin.py:104} INFO - [2021-04-21 19:57:14,511] {dag.py:2273} INFO - Setting next_dagrun for example_subdag_operator.section-2 to None
[2021-04-21 19:57:14,520] {logging_mixin.py:104} INFO - [2021-04-21 19:57:14,520] {dag.py:1818} INFO - Sync 2 DAGs
[2021-04-21 19:57:14,527] {logging_mixin.py:104} INFO - [2021-04-21 19:57:14,527] {dag.py:2273} INFO - Setting next_dagrun for example_subdag_operator.section-1 to None
[2021-04-21 19:57:14,528] {logging_mixin.py:104} INFO - [2021-04-21 19:57:14,528] {dag.py:2273} INFO - Setting next_dagrun for example_subdag_operator.section-2 to None
[2021-04-21 19:57:14,533] {scheduler_job.py:190} INFO - Processing /home/airflow/.local/lib/python3.6/site-packages/airflow/example_dags/example_subdag_operator.py took 0.090 seconds
[2021-04-21 19:57:44,790] {scheduler_job.py:182} INFO - Started process (PID=305) to work on /home/airflow/.local/lib/python3.6/site-packages/airflow/example_dags/example_subdag_operator.py
[2021-04-21 19:57:44,792] {scheduler_job.py:629} INFO - Processing file /home/airflow/.local/lib/python3.6/site-packages/airflow/example_dags/example_subdag_operator.py for tasks to queue
[2021-04-21 19:57:44,793] {logging_mixin.py:104} INFO - [2021-04-21 19:57:44,793] {dagbag.py:448} INFO - Filling up the DagBag from /home/airflow/.local/lib/python3.6/site-packages/airflow/example_dags/example_subdag_operator.py
[2021-04-21 19:57:44,835] {scheduler_job.py:639} INFO - DAG(s) dict_keys(['example_subdag_operator.section-1', 'example_subdag_operator.section-2', 'example_subdag_operator']) retrieved from /home/airflow/.local/lib/python3.6/site-packages/airflow/example_dags/example_subdag_operator.py
[2021-04-21 19:57:44,847] {logging_mixin.py:104} INFO - [2021-04-21 19:57:44,846] {dag.py:1818} INFO - Sync 3 DAGs
[2021-04-21 19:57:44,865] {logging_mixin.py:104} INFO - [2021-04-21 19:57:44,865] {dag.py:2273} INFO - Setting next_dagrun for example_subdag_operator to 2021-04-19 00:00:00+00:00
[2021-04-21 19:57:44,867] {logging_mixin.py:104} INFO - [2021-04-21 19:57:44,867] {dag.py:2273} INFO - Setting next_dagrun for example_subdag_operator.section-1 to None
[2021-04-21 19:57:44,868] {logging_mixin.py:104} INFO - [2021-04-21 19:57:44,868] {dag.py:2273} INFO - Setting next_dagrun for example_subdag_operator.section-2 to None
[2021-04-21 19:57:44,876] {logging_mixin.py:104} INFO - [2021-04-21 19:57:44,876] {dag.py:1818} INFO - Sync 2 DAGs
[2021-04-21 19:57:44,883] {logging_mixin.py:104} INFO - [2021-04-21 19:57:44,883] {dag.py:2273} INFO - Setting next_dagrun for example_subdag_operator.section-1 to None
[2021-04-21 19:57:44,884] {logging_mixin.py:104} INFO - [2021-04-21 19:57:44,884] {dag.py:2273} INFO - Setting next_dagrun for example_subdag_operator.section-2 to None
[2021-04-21 19:57:44,892] {scheduler_job.py:190} INFO - Processing /home/airflow/.local/lib/python3.6/site-packages/airflow/example_dags/example_subdag_operator.py took 0.105 seconds
[2021-04-21 19:58:15,105] {scheduler_job.py:182} INFO - Started process (PID=332) to work on /home/airflow/.local/lib/python3.6/site-packages/airflow/example_dags/example_subdag_operator.py
[2021-04-21 19:58:15,107] {scheduler_job.py:629} INFO - Processing file /home/airflow/.local/lib/python3.6/site-packages/airflow/example_dags/example_subdag_operator.py for tasks to queue
[2021-04-21 19:58:15,108] {logging_mixin.py:104} INFO - [2021-04-21 19:58:15,108] {dagbag.py:448} INFO - Filling up the DagBag from /home/airflow/.local/lib/python3.6/site-packages/airflow/example_dags/example_subdag_operator.py
[2021-04-21 19:58:15,139] {scheduler_job.py:639} INFO - DAG(s) dict_keys(['example_subdag_operator.section-1', 'example_subdag_operator.section-2', 'example_subdag_operator']) retrieved from /home/airflow/.local/lib/python3.6/site-packages/airflow/example_dags/example_subdag_operator.py
[2021-04-21 19:58:15,153] {logging_mixin.py:104} INFO - [2021-04-21 19:58:15,153] {dag.py:1818} INFO - Sync 3 DAGs
[2021-04-21 19:58:15,168] {logging_mixin.py:104} INFO - [2021-04-21 19:58:15,168] {dag.py:2273} INFO - Setting next_dagrun for example_subdag_operator to 2021-04-19 00:00:00+00:00
[2021-04-21 19:58:15,169] {logging_mixin.py:104} INFO - [2021-04-21 19:58:15,169] {dag.py:2273} INFO - Setting next_dagrun for example_subdag_operator.section-1 to None
[2021-04-21 19:58:15,171] {logging_mixin.py:104} INFO - [2021-04-21 19:58:15,171] {dag.py:2273} INFO - Setting next_dagrun for example_subdag_operator.section-2 to None
[2021-04-21 19:58:15,178] {logging_mixin.py:104} INFO - [2021-04-21 19:58:15,178] {dag.py:1818} INFO - Sync 2 DAGs
[2021-04-21 19:58:15,183] {logging_mixin.py:104} INFO - [2021-04-21 19:58:15,183] {dag.py:2273} INFO - Setting next_dagrun for example_subdag_operator.section-1 to None
[2021-04-21 19:58:15,184] {logging_mixin.py:104} INFO - [2021-04-21 19:58:15,184] {dag.py:2273} INFO - Setting next_dagrun for example_subdag_operator.section-2 to None
[2021-04-21 19:58:15,189] {scheduler_job.py:190} INFO - Processing /home/airflow/.local/lib/python3.6/site-packages/airflow/example_dags/example_subdag_operator.py took 0.087 seconds
[2021-04-21 19:58:45,402] {scheduler_job.py:182} INFO - Started process (PID=359) to work on /home/airflow/.local/lib/python3.6/site-packages/airflow/example_dags/example_subdag_operator.py
[2021-04-21 19:58:45,404] {scheduler_job.py:629} INFO - Processing file /home/airflow/.local/lib/python3.6/site-packages/airflow/example_dags/example_subdag_operator.py for tasks to queue
[2021-04-21 19:58:45,405] {logging_mixin.py:104} INFO - [2021-04-21 19:58:45,405] {dagbag.py:448} INFO - Filling up the DagBag from /home/airflow/.local/lib/python3.6/site-packages/airflow/example_dags/example_subdag_operator.py
[2021-04-21 19:58:45,436] {scheduler_job.py:639} INFO - DAG(s) dict_keys(['example_subdag_operator.section-1', 'example_subdag_operator.section-2', 'example_subdag_operator']) retrieved from /home/airflow/.local/lib/python3.6/site-packages/airflow/example_dags/example_subdag_operator.py
[2021-04-21 19:58:45,446] {logging_mixin.py:104} INFO - [2021-04-21 19:58:45,446] {dag.py:1818} INFO - Sync 3 DAGs
[2021-04-21 19:58:45,466] {logging_mixin.py:104} INFO - [2021-04-21 19:58:45,466] {dag.py:2273} INFO - Setting next_dagrun for example_subdag_operator to 2021-04-19 00:00:00+00:00
[2021-04-21 19:58:45,467] {logging_mixin.py:104} INFO - [2021-04-21 19:58:45,467] {dag.py:2273} INFO - Setting next_dagrun for example_subdag_operator.section-1 to None
[2021-04-21 19:58:45,468] {logging_mixin.py:104} INFO - [2021-04-21 19:58:45,468] {dag.py:2273} INFO - Setting next_dagrun for example_subdag_operator.section-2 to None
[2021-04-21 19:58:45,476] {logging_mixin.py:104} INFO - [2021-04-21 19:58:45,476] {dag.py:1818} INFO - Sync 2 DAGs
[2021-04-21 19:58:45,483] {logging_mixin.py:104} INFO - [2021-04-21 19:58:45,482] {dag.py:2273} INFO - Setting next_dagrun for example_subdag_operator.section-1 to None
[2021-04-21 19:58:45,483] {logging_mixin.py:104} INFO - [2021-04-21 19:58:45,483] {dag.py:2273} INFO - Setting next_dagrun for example_subdag_operator.section-2 to None
[2021-04-21 19:58:45,494] {scheduler_job.py:190} INFO - Processing /home/airflow/.local/lib/python3.6/site-packages/airflow/example_dags/example_subdag_operator.py took 0.095 seconds
[2021-04-21 19:59:15,698] {scheduler_job.py:182} INFO - Started process (PID=386) to work on /home/airflow/.local/lib/python3.6/site-packages/airflow/example_dags/example_subdag_operator.py
[2021-04-21 19:59:15,700] {scheduler_job.py:629} INFO - Processing file /home/airflow/.local/lib/python3.6/site-packages/airflow/example_dags/example_subdag_operator.py for tasks to queue
[2021-04-21 19:59:15,701] {logging_mixin.py:104} INFO - [2021-04-21 19:59:15,701] {dagbag.py:448} INFO - Filling up the DagBag from /home/airflow/.local/lib/python3.6/site-packages/airflow/example_dags/example_subdag_operator.py
[2021-04-21 19:59:15,730] {scheduler_job.py:639} INFO - DAG(s) dict_keys(['example_subdag_operator.section-1', 'example_subdag_operator.section-2', 'example_subdag_operator']) retrieved from /home/airflow/.local/lib/python3.6/site-packages/airflow/example_dags/example_subdag_operator.py
[2021-04-21 19:59:15,740] {logging_mixin.py:104} INFO - [2021-04-21 19:59:15,740] {dag.py:1818} INFO - Sync 3 DAGs
[2021-04-21 19:59:15,755] {logging_mixin.py:104} INFO - [2021-04-21 19:59:15,755] {dag.py:2273} INFO - Setting next_dagrun for example_subdag_operator to 2021-04-19 00:00:00+00:00
[2021-04-21 19:59:15,756] {logging_mixin.py:104} INFO - [2021-04-21 19:59:15,756] {dag.py:2273} INFO - Setting next_dagrun for example_subdag_operator.section-1 to None
[2021-04-21 19:59:15,757] {logging_mixin.py:104} INFO - [2021-04-21 19:59:15,757] {dag.py:2273} INFO - Setting next_dagrun for example_subdag_operator.section-2 to None
[2021-04-21 19:59:15,763] {logging_mixin.py:104} INFO - [2021-04-21 19:59:15,763] {dag.py:1818} INFO - Sync 2 DAGs
[2021-04-21 19:59:15,768] {logging_mixin.py:104} INFO - [2021-04-21 19:59:15,768] {dag.py:2273} INFO - Setting next_dagrun for example_subdag_operator.section-1 to None
[2021-04-21 19:59:15,769] {logging_mixin.py:104} INFO - [2021-04-21 19:59:15,769] {dag.py:2273} INFO - Setting next_dagrun for example_subdag_operator.section-2 to None
[2021-04-21 19:59:15,774] {scheduler_job.py:190} INFO - Processing /home/airflow/.local/lib/python3.6/site-packages/airflow/example_dags/example_subdag_operator.py took 0.079 seconds
[2021-04-21 19:59:45,847] {scheduler_job.py:182} INFO - Started process (PID=415) to work on /home/airflow/.local/lib/python3.6/site-packages/airflow/example_dags/example_subdag_operator.py
[2021-04-21 19:59:45,850] {scheduler_job.py:629} INFO - Processing file /home/airflow/.local/lib/python3.6/site-packages/airflow/example_dags/example_subdag_operator.py for tasks to queue
[2021-04-21 19:59:45,851] {logging_mixin.py:104} INFO - [2021-04-21 19:59:45,851] {dagbag.py:448} INFO - Filling up the DagBag from /home/airflow/.local/lib/python3.6/site-packages/airflow/example_dags/example_subdag_operator.py
[2021-04-21 19:59:45,888] {scheduler_job.py:639} INFO - DAG(s) dict_keys(['example_subdag_operator.section-1', 'example_subdag_operator.section-2', 'example_subdag_operator']) retrieved from /home/airflow/.local/lib/python3.6/site-packages/airflow/example_dags/example_subdag_operator.py
[2021-04-21 19:59:45,901] {logging_mixin.py:104} INFO - [2021-04-21 19:59:45,901] {dag.py:1818} INFO - Sync 3 DAGs
[2021-04-21 19:59:45,918] {logging_mixin.py:104} INFO - [2021-04-21 19:59:45,918] {dag.py:2273} INFO - Setting next_dagrun for example_subdag_operator to 2021-04-19 00:00:00+00:00
[2021-04-21 19:59:45,920] {logging_mixin.py:104} INFO - [2021-04-21 19:59:45,920] {dag.py:2273} INFO - Setting next_dagrun for example_subdag_operator.section-1 to None
[2021-04-21 19:59:45,921] {logging_mixin.py:104} INFO - [2021-04-21 19:59:45,921] {dag.py:2273} INFO - Setting next_dagrun for example_subdag_operator.section-2 to None
[2021-04-21 19:59:45,934] {logging_mixin.py:104} INFO - [2021-04-21 19:59:45,934] {dag.py:1818} INFO - Sync 2 DAGs
[2021-04-21 19:59:45,944] {logging_mixin.py:104} INFO - [2021-04-21 19:59:45,944] {dag.py:2273} INFO - Setting next_dagrun for example_subdag_operator.section-1 to None
[2021-04-21 19:59:45,945] {logging_mixin.py:104} INFO - [2021-04-21 19:59:45,945] {dag.py:2273} INFO - Setting next_dagrun for example_subdag_operator.section-2 to None
[2021-04-21 19:59:45,953] {scheduler_job.py:190} INFO - Processing /home/airflow/.local/lib/python3.6/site-packages/airflow/example_dags/example_subdag_operator.py took 0.109 seconds
[2021-04-21 20:00:16,108] {scheduler_job.py:182} INFO - Started process (PID=441) to work on /home/airflow/.local/lib/python3.6/site-packages/airflow/example_dags/example_subdag_operator.py
[2021-04-21 20:00:16,109] {scheduler_job.py:629} INFO - Processing file /home/airflow/.local/lib/python3.6/site-packages/airflow/example_dags/example_subdag_operator.py for tasks to queue
[2021-04-21 20:00:16,110] {logging_mixin.py:104} INFO - [2021-04-21 20:00:16,110] {dagbag.py:448} INFO - Filling up the DagBag from /home/airflow/.local/lib/python3.6/site-packages/airflow/example_dags/example_subdag_operator.py
[2021-04-21 20:00:16,141] {scheduler_job.py:639} INFO - DAG(s) dict_keys(['example_subdag_operator.section-1', 'example_subdag_operator.section-2', 'example_subdag_operator']) retrieved from /home/airflow/.local/lib/python3.6/site-packages/airflow/example_dags/example_subdag_operator.py
[2021-04-21 20:00:16,152] {logging_mixin.py:104} INFO - [2021-04-21 20:00:16,152] {dag.py:1818} INFO - Sync 3 DAGs
[2021-04-21 20:00:16,173] {logging_mixin.py:104} INFO - [2021-04-21 20:00:16,173] {dag.py:2273} INFO - Setting next_dagrun for example_subdag_operator to 2021-04-19 00:00:00+00:00
[2021-04-21 20:00:16,174] {logging_mixin.py:104} INFO - [2021-04-21 20:00:16,174] {dag.py:2273} INFO - Setting next_dagrun for example_subdag_operator.section-1 to None
[2021-04-21 20:00:16,175] {logging_mixin.py:104} INFO - [2021-04-21 20:00:16,175] {dag.py:2273} INFO - Setting next_dagrun for example_subdag_operator.section-2 to None
[2021-04-21 20:00:16,181] {logging_mixin.py:104} INFO - [2021-04-21 20:00:16,181] {dag.py:1818} INFO - Sync 2 DAGs
[2021-04-21 20:00:16,188] {logging_mixin.py:104} INFO - [2021-04-21 20:00:16,188] {dag.py:2273} INFO - Setting next_dagrun for example_subdag_operator.section-1 to None
[2021-04-21 20:00:16,189] {logging_mixin.py:104} INFO - [2021-04-21 20:00:16,189] {dag.py:2273} INFO - Setting next_dagrun for example_subdag_operator.section-2 to None
[2021-04-21 20:00:16,194] {scheduler_job.py:190} INFO - Processing /home/airflow/.local/lib/python3.6/site-packages/airflow/example_dags/example_subdag_operator.py took 0.090 seconds
[2021-04-21 20:00:46,278] {scheduler_job.py:182} INFO - Started process (PID=481) to work on /home/airflow/.local/lib/python3.6/site-packages/airflow/example_dags/example_subdag_operator.py
[2021-04-21 20:00:46,282] {scheduler_job.py:629} INFO - Processing file /home/airflow/.local/lib/python3.6/site-packages/airflow/example_dags/example_subdag_operator.py for tasks to queue
[2021-04-21 20:00:46,283] {logging_mixin.py:104} INFO - [2021-04-21 20:00:46,283] {dagbag.py:448} INFO - Filling up the DagBag from /home/airflow/.local/lib/python3.6/site-packages/airflow/example_dags/example_subdag_operator.py
[2021-04-21 20:00:46,313] {scheduler_job.py:639} INFO - DAG(s) dict_keys(['example_subdag_operator.section-1', 'example_subdag_operator.section-2', 'example_subdag_operator']) retrieved from /home/airflow/.local/lib/python3.6/site-packages/airflow/example_dags/example_subdag_operator.py
[2021-04-21 20:00:46,324] {logging_mixin.py:104} INFO - [2021-04-21 20:00:46,324] {dag.py:1818} INFO - Sync 3 DAGs
[2021-04-21 20:00:46,344] {logging_mixin.py:104} INFO - [2021-04-21 20:00:46,344] {dag.py:2273} INFO - Setting next_dagrun for example_subdag_operator to 2021-04-19 00:00:00+00:00
[2021-04-21 20:00:46,345] {logging_mixin.py:104} INFO - [2021-04-21 20:00:46,345] {dag.py:2273} INFO - Setting next_dagrun for example_subdag_operator.section-1 to None
[2021-04-21 20:00:46,346] {logging_mixin.py:104} INFO - [2021-04-21 20:00:46,346] {dag.py:2273} INFO - Setting next_dagrun for example_subdag_operator.section-2 to None
[2021-04-21 20:00:46,352] {logging_mixin.py:104} INFO - [2021-04-21 20:00:46,352] {dag.py:1818} INFO - Sync 2 DAGs
[2021-04-21 20:00:46,361] {logging_mixin.py:104} INFO - [2021-04-21 20:00:46,361] {dag.py:2273} INFO - Setting next_dagrun for example_subdag_operator.section-1 to None
[2021-04-21 20:00:46,362] {logging_mixin.py:104} INFO - [2021-04-21 20:00:46,362] {dag.py:2273} INFO - Setting next_dagrun for example_subdag_operator.section-2 to None
[2021-04-21 20:00:46,369] {scheduler_job.py:190} INFO - Processing /home/airflow/.local/lib/python3.6/site-packages/airflow/example_dags/example_subdag_operator.py took 0.104 seconds
[2021-04-21 20:01:16,468] {scheduler_job.py:182} INFO - Started process (PID=504) to work on /home/airflow/.local/lib/python3.6/site-packages/airflow/example_dags/example_subdag_operator.py
[2021-04-21 20:01:16,470] {scheduler_job.py:629} INFO - Processing file /home/airflow/.local/lib/python3.6/site-packages/airflow/example_dags/example_subdag_operator.py for tasks to queue
[2021-04-21 20:01:16,471] {logging_mixin.py:104} INFO - [2021-04-21 20:01:16,471] {dagbag.py:448} INFO - Filling up the DagBag from /home/airflow/.local/lib/python3.6/site-packages/airflow/example_dags/example_subdag_operator.py
[2021-04-21 20:01:16,502] {scheduler_job.py:639} INFO - DAG(s) dict_keys(['example_subdag_operator.section-1', 'example_subdag_operator.section-2', 'example_subdag_operator']) retrieved from /home/airflow/.local/lib/python3.6/site-packages/airflow/example_dags/example_subdag_operator.py
[2021-04-21 20:01:16,521] {logging_mixin.py:104} INFO - [2021-04-21 20:01:16,521] {dag.py:1818} INFO - Sync 3 DAGs
[2021-04-21 20:01:16,538] {logging_mixin.py:104} INFO - [2021-04-21 20:01:16,538] {dag.py:2273} INFO - Setting next_dagrun for example_subdag_operator to 2021-04-19 00:00:00+00:00
[2021-04-21 20:01:16,540] {logging_mixin.py:104} INFO - [2021-04-21 20:01:16,540] {dag.py:2273} INFO - Setting next_dagrun for example_subdag_operator.section-1 to None
[2021-04-21 20:01:16,541] {logging_mixin.py:104} INFO - [2021-04-21 20:01:16,540] {dag.py:2273} INFO - Setting next_dagrun for example_subdag_operator.section-2 to None
[2021-04-21 20:01:16,546] {logging_mixin.py:104} INFO - [2021-04-21 20:01:16,546] {dag.py:1818} INFO - Sync 2 DAGs
[2021-04-21 20:01:16,553] {logging_mixin.py:104} INFO - [2021-04-21 20:01:16,553] {dag.py:2273} INFO - Setting next_dagrun for example_subdag_operator.section-1 to None
[2021-04-21 20:01:16,555] {logging_mixin.py:104} INFO - [2021-04-21 20:01:16,555] {dag.py:2273} INFO - Setting next_dagrun for example_subdag_operator.section-2 to None
[2021-04-21 20:01:16,559] {scheduler_job.py:190} INFO - Processing /home/airflow/.local/lib/python3.6/site-packages/airflow/example_dags/example_subdag_operator.py took 0.094 seconds
[2021-04-21 20:01:46,754] {scheduler_job.py:182} INFO - Started process (PID=530) to work on /home/airflow/.local/lib/python3.6/site-packages/airflow/example_dags/example_subdag_operator.py
[2021-04-21 20:01:46,755] {scheduler_job.py:629} INFO - Processing file /home/airflow/.local/lib/python3.6/site-packages/airflow/example_dags/example_subdag_operator.py for tasks to queue
[2021-04-21 20:01:46,756] {logging_mixin.py:104} INFO - [2021-04-21 20:01:46,756] {dagbag.py:448} INFO - Filling up the DagBag from /home/airflow/.local/lib/python3.6/site-packages/airflow/example_dags/example_subdag_operator.py
[2021-04-21 20:01:46,793] {scheduler_job.py:639} INFO - DAG(s) dict_keys(['example_subdag_operator.section-1', 'example_subdag_operator.section-2', 'example_subdag_operator']) retrieved from /home/airflow/.local/lib/python3.6/site-packages/airflow/example_dags/example_subdag_operator.py
[2021-04-21 20:01:46,804] {logging_mixin.py:104} INFO - [2021-04-21 20:01:46,804] {dag.py:1818} INFO - Sync 3 DAGs
[2021-04-21 20:01:46,820] {logging_mixin.py:104} INFO - [2021-04-21 20:01:46,820] {dag.py:2273} INFO - Setting next_dagrun for example_subdag_operator to 2021-04-19 00:00:00+00:00
[2021-04-21 20:01:46,821] {logging_mixin.py:104} INFO - [2021-04-21 20:01:46,821] {dag.py:2273} INFO - Setting next_dagrun for example_subdag_operator.section-1 to None
[2021-04-21 20:01:46,823] {logging_mixin.py:104} INFO - [2021-04-21 20:01:46,822] {dag.py:2273} INFO - Setting next_dagrun for example_subdag_operator.section-2 to None
[2021-04-21 20:01:46,831] {logging_mixin.py:104} INFO - [2021-04-21 20:01:46,830] {dag.py:1818} INFO - Sync 2 DAGs
[2021-04-21 20:01:46,846] {logging_mixin.py:104} INFO - [2021-04-21 20:01:46,845] {dag.py:2273} INFO - Setting next_dagrun for example_subdag_operator.section-1 to None
[2021-04-21 20:01:46,847] {logging_mixin.py:104} INFO - [2021-04-21 20:01:46,847] {dag.py:2273} INFO - Setting next_dagrun for example_subdag_operator.section-2 to None
[2021-04-21 20:01:46,857] {scheduler_job.py:190} INFO - Processing /home/airflow/.local/lib/python3.6/site-packages/airflow/example_dags/example_subdag_operator.py took 0.106 seconds
[2021-04-21 20:02:16,931] {scheduler_job.py:182} INFO - Started process (PID=556) to work on /home/airflow/.local/lib/python3.6/site-packages/airflow/example_dags/example_subdag_operator.py
[2021-04-21 20:02:16,932] {scheduler_job.py:629} INFO - Processing file /home/airflow/.local/lib/python3.6/site-packages/airflow/example_dags/example_subdag_operator.py for tasks to queue
[2021-04-21 20:02:16,933] {logging_mixin.py:104} INFO - [2021-04-21 20:02:16,933] {dagbag.py:448} INFO - Filling up the DagBag from /home/airflow/.local/lib/python3.6/site-packages/airflow/example_dags/example_subdag_operator.py
[2021-04-21 20:02:16,963] {scheduler_job.py:639} INFO - DAG(s) dict_keys(['example_subdag_operator.section-1', 'example_subdag_operator.section-2', 'example_subdag_operator']) retrieved from /home/airflow/.local/lib/python3.6/site-packages/airflow/example_dags/example_subdag_operator.py
[2021-04-21 20:02:16,972] {logging_mixin.py:104} INFO - [2021-04-21 20:02:16,972] {dag.py:1818} INFO - Sync 3 DAGs
[2021-04-21 20:02:16,987] {logging_mixin.py:104} INFO - [2021-04-21 20:02:16,987] {dag.py:2273} INFO - Setting next_dagrun for example_subdag_operator to 2021-04-19 00:00:00+00:00
[2021-04-21 20:02:16,989] {logging_mixin.py:104} INFO - [2021-04-21 20:02:16,989] {dag.py:2273} INFO - Setting next_dagrun for example_subdag_operator.section-1 to None
[2021-04-21 20:02:16,990] {logging_mixin.py:104} INFO - [2021-04-21 20:02:16,990] {dag.py:2273} INFO - Setting next_dagrun for example_subdag_operator.section-2 to None
[2021-04-21 20:02:16,995] {logging_mixin.py:104} INFO - [2021-04-21 20:02:16,995] {dag.py:1818} INFO - Sync 2 DAGs
[2021-04-21 20:02:17,001] {logging_mixin.py:104} INFO - [2021-04-21 20:02:17,001] {dag.py:2273} INFO - Setting next_dagrun for example_subdag_operator.section-1 to None
[2021-04-21 20:02:17,002] {logging_mixin.py:104} INFO - [2021-04-21 20:02:17,002] {dag.py:2273} INFO - Setting next_dagrun for example_subdag_operator.section-2 to None
[2021-04-21 20:02:17,008] {scheduler_job.py:190} INFO - Processing /home/airflow/.local/lib/python3.6/site-packages/airflow/example_dags/example_subdag_operator.py took 0.080 seconds
