[2021-04-21 19:52:42,497] {scheduler_job.py:182} INFO - Started process (PID=49) to work on /home/airflow/.local/lib/python3.6/site-packages/airflow/example_dags/example_nested_branch_dag.py
[2021-04-21 19:52:42,499] {scheduler_job.py:629} INFO - Processing file /home/airflow/.local/lib/python3.6/site-packages/airflow/example_dags/example_nested_branch_dag.py for tasks to queue
[2021-04-21 19:52:42,500] {logging_mixin.py:104} INFO - [2021-04-21 19:52:42,500] {dagbag.py:448} INFO - Filling up the DagBag from /home/airflow/.local/lib/python3.6/site-packages/airflow/example_dags/example_nested_branch_dag.py
[2021-04-21 19:52:42,517] {scheduler_job.py:639} INFO - DAG(s) dict_keys(['example_nested_branch_dag']) retrieved from /home/airflow/.local/lib/python3.6/site-packages/airflow/example_dags/example_nested_branch_dag.py
[2021-04-21 19:52:42,545] {logging_mixin.py:104} INFO - [2021-04-21 19:52:42,545] {dag.py:1818} INFO - Sync 1 DAGs
[2021-04-21 19:52:42,555] {logging_mixin.py:104} INFO - [2021-04-21 19:52:42,555] {dag.py:1837} INFO - Creating ORM DAG for example_nested_branch_dag
[2021-04-21 19:52:42,567] {logging_mixin.py:104} INFO - [2021-04-21 19:52:42,567] {dag.py:2273} INFO - Setting next_dagrun for example_nested_branch_dag to 2021-04-19 00:00:00+00:00
[2021-04-21 19:52:42,584] {scheduler_job.py:190} INFO - Processing /home/airflow/.local/lib/python3.6/site-packages/airflow/example_dags/example_nested_branch_dag.py took 0.090 seconds
[2021-04-21 19:53:13,018] {scheduler_job.py:182} INFO - Started process (PID=75) to work on /home/airflow/.local/lib/python3.6/site-packages/airflow/example_dags/example_nested_branch_dag.py
[2021-04-21 19:53:13,020] {scheduler_job.py:629} INFO - Processing file /home/airflow/.local/lib/python3.6/site-packages/airflow/example_dags/example_nested_branch_dag.py for tasks to queue
[2021-04-21 19:53:13,022] {logging_mixin.py:104} INFO - [2021-04-21 19:53:13,022] {dagbag.py:448} INFO - Filling up the DagBag from /home/airflow/.local/lib/python3.6/site-packages/airflow/example_dags/example_nested_branch_dag.py
[2021-04-21 19:53:13,039] {scheduler_job.py:639} INFO - DAG(s) dict_keys(['example_nested_branch_dag']) retrieved from /home/airflow/.local/lib/python3.6/site-packages/airflow/example_dags/example_nested_branch_dag.py
[2021-04-21 19:53:13,064] {logging_mixin.py:104} INFO - [2021-04-21 19:53:13,063] {dag.py:1818} INFO - Sync 1 DAGs
[2021-04-21 19:53:13,090] {logging_mixin.py:104} INFO - [2021-04-21 19:53:13,090] {dag.py:2273} INFO - Setting next_dagrun for example_nested_branch_dag to 2021-04-19 00:00:00+00:00
[2021-04-21 19:53:13,102] {scheduler_job.py:190} INFO - Processing /home/airflow/.local/lib/python3.6/site-packages/airflow/example_dags/example_nested_branch_dag.py took 0.087 seconds
[2021-04-21 19:53:43,283] {scheduler_job.py:182} INFO - Started process (PID=101) to work on /home/airflow/.local/lib/python3.6/site-packages/airflow/example_dags/example_nested_branch_dag.py
[2021-04-21 19:53:43,285] {scheduler_job.py:629} INFO - Processing file /home/airflow/.local/lib/python3.6/site-packages/airflow/example_dags/example_nested_branch_dag.py for tasks to queue
[2021-04-21 19:53:43,286] {logging_mixin.py:104} INFO - [2021-04-21 19:53:43,286] {dagbag.py:448} INFO - Filling up the DagBag from /home/airflow/.local/lib/python3.6/site-packages/airflow/example_dags/example_nested_branch_dag.py
[2021-04-21 19:53:43,303] {scheduler_job.py:639} INFO - DAG(s) dict_keys(['example_nested_branch_dag']) retrieved from /home/airflow/.local/lib/python3.6/site-packages/airflow/example_dags/example_nested_branch_dag.py
[2021-04-21 19:53:43,325] {logging_mixin.py:104} INFO - [2021-04-21 19:53:43,325] {dag.py:1818} INFO - Sync 1 DAGs
[2021-04-21 19:53:43,351] {logging_mixin.py:104} INFO - [2021-04-21 19:53:43,351] {dag.py:2273} INFO - Setting next_dagrun for example_nested_branch_dag to 2021-04-19 00:00:00+00:00
[2021-04-21 19:53:43,364] {scheduler_job.py:190} INFO - Processing /home/airflow/.local/lib/python3.6/site-packages/airflow/example_dags/example_nested_branch_dag.py took 0.084 seconds
[2021-04-21 19:54:13,645] {scheduler_job.py:182} INFO - Started process (PID=127) to work on /home/airflow/.local/lib/python3.6/site-packages/airflow/example_dags/example_nested_branch_dag.py
[2021-04-21 19:54:13,647] {scheduler_job.py:629} INFO - Processing file /home/airflow/.local/lib/python3.6/site-packages/airflow/example_dags/example_nested_branch_dag.py for tasks to queue
[2021-04-21 19:54:13,648] {logging_mixin.py:104} INFO - [2021-04-21 19:54:13,648] {dagbag.py:448} INFO - Filling up the DagBag from /home/airflow/.local/lib/python3.6/site-packages/airflow/example_dags/example_nested_branch_dag.py
[2021-04-21 19:54:13,666] {scheduler_job.py:639} INFO - DAG(s) dict_keys(['example_nested_branch_dag']) retrieved from /home/airflow/.local/lib/python3.6/site-packages/airflow/example_dags/example_nested_branch_dag.py
[2021-04-21 19:54:13,687] {logging_mixin.py:104} INFO - [2021-04-21 19:54:13,687] {dag.py:1818} INFO - Sync 1 DAGs
[2021-04-21 19:54:13,703] {logging_mixin.py:104} INFO - [2021-04-21 19:54:13,703] {dag.py:2273} INFO - Setting next_dagrun for example_nested_branch_dag to 2021-04-19 00:00:00+00:00
[2021-04-21 19:54:13,711] {scheduler_job.py:190} INFO - Processing /home/airflow/.local/lib/python3.6/site-packages/airflow/example_dags/example_nested_branch_dag.py took 0.069 seconds
[2021-04-21 19:54:43,852] {scheduler_job.py:182} INFO - Started process (PID=153) to work on /home/airflow/.local/lib/python3.6/site-packages/airflow/example_dags/example_nested_branch_dag.py
[2021-04-21 19:54:43,854] {scheduler_job.py:629} INFO - Processing file /home/airflow/.local/lib/python3.6/site-packages/airflow/example_dags/example_nested_branch_dag.py for tasks to queue
[2021-04-21 19:54:43,855] {logging_mixin.py:104} INFO - [2021-04-21 19:54:43,855] {dagbag.py:448} INFO - Filling up the DagBag from /home/airflow/.local/lib/python3.6/site-packages/airflow/example_dags/example_nested_branch_dag.py
[2021-04-21 19:54:43,874] {scheduler_job.py:639} INFO - DAG(s) dict_keys(['example_nested_branch_dag']) retrieved from /home/airflow/.local/lib/python3.6/site-packages/airflow/example_dags/example_nested_branch_dag.py
[2021-04-21 19:54:43,896] {logging_mixin.py:104} INFO - [2021-04-21 19:54:43,896] {dag.py:1818} INFO - Sync 1 DAGs
[2021-04-21 19:54:43,916] {logging_mixin.py:104} INFO - [2021-04-21 19:54:43,916] {dag.py:2273} INFO - Setting next_dagrun for example_nested_branch_dag to 2021-04-19 00:00:00+00:00
[2021-04-21 19:54:43,927] {scheduler_job.py:190} INFO - Processing /home/airflow/.local/lib/python3.6/site-packages/airflow/example_dags/example_nested_branch_dag.py took 0.081 seconds
[2021-04-21 19:55:14,038] {scheduler_job.py:182} INFO - Started process (PID=179) to work on /home/airflow/.local/lib/python3.6/site-packages/airflow/example_dags/example_nested_branch_dag.py
[2021-04-21 19:55:14,040] {scheduler_job.py:629} INFO - Processing file /home/airflow/.local/lib/python3.6/site-packages/airflow/example_dags/example_nested_branch_dag.py for tasks to queue
[2021-04-21 19:55:14,041] {logging_mixin.py:104} INFO - [2021-04-21 19:55:14,041] {dagbag.py:448} INFO - Filling up the DagBag from /home/airflow/.local/lib/python3.6/site-packages/airflow/example_dags/example_nested_branch_dag.py
[2021-04-21 19:55:14,054] {scheduler_job.py:639} INFO - DAG(s) dict_keys(['example_nested_branch_dag']) retrieved from /home/airflow/.local/lib/python3.6/site-packages/airflow/example_dags/example_nested_branch_dag.py
[2021-04-21 19:55:14,074] {logging_mixin.py:104} INFO - [2021-04-21 19:55:14,074] {dag.py:1818} INFO - Sync 1 DAGs
[2021-04-21 19:55:14,091] {logging_mixin.py:104} INFO - [2021-04-21 19:55:14,091] {dag.py:2273} INFO - Setting next_dagrun for example_nested_branch_dag to 2021-04-19 00:00:00+00:00
[2021-04-21 19:55:14,098] {scheduler_job.py:190} INFO - Processing /home/airflow/.local/lib/python3.6/site-packages/airflow/example_dags/example_nested_branch_dag.py took 0.064 seconds
[2021-04-21 19:55:44,300] {scheduler_job.py:182} INFO - Started process (PID=205) to work on /home/airflow/.local/lib/python3.6/site-packages/airflow/example_dags/example_nested_branch_dag.py
[2021-04-21 19:55:44,302] {scheduler_job.py:629} INFO - Processing file /home/airflow/.local/lib/python3.6/site-packages/airflow/example_dags/example_nested_branch_dag.py for tasks to queue
[2021-04-21 19:55:44,303] {logging_mixin.py:104} INFO - [2021-04-21 19:55:44,303] {dagbag.py:448} INFO - Filling up the DagBag from /home/airflow/.local/lib/python3.6/site-packages/airflow/example_dags/example_nested_branch_dag.py
[2021-04-21 19:55:44,318] {scheduler_job.py:639} INFO - DAG(s) dict_keys(['example_nested_branch_dag']) retrieved from /home/airflow/.local/lib/python3.6/site-packages/airflow/example_dags/example_nested_branch_dag.py
[2021-04-21 19:55:44,338] {logging_mixin.py:104} INFO - [2021-04-21 19:55:44,338] {dag.py:1818} INFO - Sync 1 DAGs
[2021-04-21 19:55:44,365] {logging_mixin.py:104} INFO - [2021-04-21 19:55:44,364] {dag.py:2273} INFO - Setting next_dagrun for example_nested_branch_dag to 2021-04-19 00:00:00+00:00
[2021-04-21 19:55:44,412] {scheduler_job.py:190} INFO - Processing /home/airflow/.local/lib/python3.6/site-packages/airflow/example_dags/example_nested_branch_dag.py took 0.115 seconds
[2021-04-21 19:56:14,638] {scheduler_job.py:182} INFO - Started process (PID=231) to work on /home/airflow/.local/lib/python3.6/site-packages/airflow/example_dags/example_nested_branch_dag.py
[2021-04-21 19:56:14,639] {scheduler_job.py:629} INFO - Processing file /home/airflow/.local/lib/python3.6/site-packages/airflow/example_dags/example_nested_branch_dag.py for tasks to queue
[2021-04-21 19:56:14,641] {logging_mixin.py:104} INFO - [2021-04-21 19:56:14,641] {dagbag.py:448} INFO - Filling up the DagBag from /home/airflow/.local/lib/python3.6/site-packages/airflow/example_dags/example_nested_branch_dag.py
[2021-04-21 19:56:14,655] {scheduler_job.py:639} INFO - DAG(s) dict_keys(['example_nested_branch_dag']) retrieved from /home/airflow/.local/lib/python3.6/site-packages/airflow/example_dags/example_nested_branch_dag.py
[2021-04-21 19:56:14,680] {logging_mixin.py:104} INFO - [2021-04-21 19:56:14,679] {dag.py:1818} INFO - Sync 1 DAGs
[2021-04-21 19:56:14,701] {logging_mixin.py:104} INFO - [2021-04-21 19:56:14,701] {dag.py:2273} INFO - Setting next_dagrun for example_nested_branch_dag to 2021-04-19 00:00:00+00:00
[2021-04-21 19:56:14,714] {scheduler_job.py:190} INFO - Processing /home/airflow/.local/lib/python3.6/site-packages/airflow/example_dags/example_nested_branch_dag.py took 0.080 seconds
[2021-04-21 19:56:45,001] {scheduler_job.py:182} INFO - Started process (PID=264) to work on /home/airflow/.local/lib/python3.6/site-packages/airflow/example_dags/example_nested_branch_dag.py
[2021-04-21 19:56:45,002] {scheduler_job.py:629} INFO - Processing file /home/airflow/.local/lib/python3.6/site-packages/airflow/example_dags/example_nested_branch_dag.py for tasks to queue
[2021-04-21 19:56:45,003] {logging_mixin.py:104} INFO - [2021-04-21 19:56:45,003] {dagbag.py:448} INFO - Filling up the DagBag from /home/airflow/.local/lib/python3.6/site-packages/airflow/example_dags/example_nested_branch_dag.py
[2021-04-21 19:56:45,017] {scheduler_job.py:639} INFO - DAG(s) dict_keys(['example_nested_branch_dag']) retrieved from /home/airflow/.local/lib/python3.6/site-packages/airflow/example_dags/example_nested_branch_dag.py
[2021-04-21 19:56:45,038] {logging_mixin.py:104} INFO - [2021-04-21 19:56:45,037] {dag.py:1818} INFO - Sync 1 DAGs
[2021-04-21 19:56:45,054] {logging_mixin.py:104} INFO - [2021-04-21 19:56:45,054] {dag.py:2273} INFO - Setting next_dagrun for example_nested_branch_dag to 2021-04-19 00:00:00+00:00
[2021-04-21 19:56:45,063] {scheduler_job.py:190} INFO - Processing /home/airflow/.local/lib/python3.6/site-packages/airflow/example_dags/example_nested_branch_dag.py took 0.065 seconds
[2021-04-21 19:57:15,166] {scheduler_job.py:182} INFO - Started process (PID=292) to work on /home/airflow/.local/lib/python3.6/site-packages/airflow/example_dags/example_nested_branch_dag.py
[2021-04-21 19:57:15,167] {scheduler_job.py:629} INFO - Processing file /home/airflow/.local/lib/python3.6/site-packages/airflow/example_dags/example_nested_branch_dag.py for tasks to queue
[2021-04-21 19:57:15,168] {logging_mixin.py:104} INFO - [2021-04-21 19:57:15,168] {dagbag.py:448} INFO - Filling up the DagBag from /home/airflow/.local/lib/python3.6/site-packages/airflow/example_dags/example_nested_branch_dag.py
[2021-04-21 19:57:15,183] {scheduler_job.py:639} INFO - DAG(s) dict_keys(['example_nested_branch_dag']) retrieved from /home/airflow/.local/lib/python3.6/site-packages/airflow/example_dags/example_nested_branch_dag.py
[2021-04-21 19:57:15,202] {logging_mixin.py:104} INFO - [2021-04-21 19:57:15,202] {dag.py:1818} INFO - Sync 1 DAGs
[2021-04-21 19:57:15,220] {logging_mixin.py:104} INFO - [2021-04-21 19:57:15,220] {dag.py:2273} INFO - Setting next_dagrun for example_nested_branch_dag to 2021-04-19 00:00:00+00:00
[2021-04-21 19:57:15,229] {scheduler_job.py:190} INFO - Processing /home/airflow/.local/lib/python3.6/site-packages/airflow/example_dags/example_nested_branch_dag.py took 0.067 seconds
[2021-04-21 19:57:45,417] {scheduler_job.py:182} INFO - Started process (PID=318) to work on /home/airflow/.local/lib/python3.6/site-packages/airflow/example_dags/example_nested_branch_dag.py
[2021-04-21 19:57:45,419] {scheduler_job.py:629} INFO - Processing file /home/airflow/.local/lib/python3.6/site-packages/airflow/example_dags/example_nested_branch_dag.py for tasks to queue
[2021-04-21 19:57:45,420] {logging_mixin.py:104} INFO - [2021-04-21 19:57:45,420] {dagbag.py:448} INFO - Filling up the DagBag from /home/airflow/.local/lib/python3.6/site-packages/airflow/example_dags/example_nested_branch_dag.py
[2021-04-21 19:57:45,437] {scheduler_job.py:639} INFO - DAG(s) dict_keys(['example_nested_branch_dag']) retrieved from /home/airflow/.local/lib/python3.6/site-packages/airflow/example_dags/example_nested_branch_dag.py
[2021-04-21 19:57:45,459] {logging_mixin.py:104} INFO - [2021-04-21 19:57:45,459] {dag.py:1818} INFO - Sync 1 DAGs
[2021-04-21 19:57:45,481] {logging_mixin.py:104} INFO - [2021-04-21 19:57:45,481] {dag.py:2273} INFO - Setting next_dagrun for example_nested_branch_dag to 2021-04-19 00:00:00+00:00
[2021-04-21 19:57:45,491] {scheduler_job.py:190} INFO - Processing /home/airflow/.local/lib/python3.6/site-packages/airflow/example_dags/example_nested_branch_dag.py took 0.077 seconds
[2021-04-21 19:58:15,680] {scheduler_job.py:182} INFO - Started process (PID=344) to work on /home/airflow/.local/lib/python3.6/site-packages/airflow/example_dags/example_nested_branch_dag.py
[2021-04-21 19:58:15,682] {scheduler_job.py:629} INFO - Processing file /home/airflow/.local/lib/python3.6/site-packages/airflow/example_dags/example_nested_branch_dag.py for tasks to queue
[2021-04-21 19:58:15,683] {logging_mixin.py:104} INFO - [2021-04-21 19:58:15,683] {dagbag.py:448} INFO - Filling up the DagBag from /home/airflow/.local/lib/python3.6/site-packages/airflow/example_dags/example_nested_branch_dag.py
[2021-04-21 19:58:15,697] {scheduler_job.py:639} INFO - DAG(s) dict_keys(['example_nested_branch_dag']) retrieved from /home/airflow/.local/lib/python3.6/site-packages/airflow/example_dags/example_nested_branch_dag.py
[2021-04-21 19:58:15,717] {logging_mixin.py:104} INFO - [2021-04-21 19:58:15,717] {dag.py:1818} INFO - Sync 1 DAGs
[2021-04-21 19:58:15,739] {logging_mixin.py:104} INFO - [2021-04-21 19:58:15,739] {dag.py:2273} INFO - Setting next_dagrun for example_nested_branch_dag to 2021-04-19 00:00:00+00:00
[2021-04-21 19:58:15,747] {scheduler_job.py:190} INFO - Processing /home/airflow/.local/lib/python3.6/site-packages/airflow/example_dags/example_nested_branch_dag.py took 0.071 seconds
[2021-04-21 19:58:46,046] {scheduler_job.py:182} INFO - Started process (PID=370) to work on /home/airflow/.local/lib/python3.6/site-packages/airflow/example_dags/example_nested_branch_dag.py
[2021-04-21 19:58:46,048] {scheduler_job.py:629} INFO - Processing file /home/airflow/.local/lib/python3.6/site-packages/airflow/example_dags/example_nested_branch_dag.py for tasks to queue
[2021-04-21 19:58:46,049] {logging_mixin.py:104} INFO - [2021-04-21 19:58:46,049] {dagbag.py:448} INFO - Filling up the DagBag from /home/airflow/.local/lib/python3.6/site-packages/airflow/example_dags/example_nested_branch_dag.py
[2021-04-21 19:58:46,064] {scheduler_job.py:639} INFO - DAG(s) dict_keys(['example_nested_branch_dag']) retrieved from /home/airflow/.local/lib/python3.6/site-packages/airflow/example_dags/example_nested_branch_dag.py
[2021-04-21 19:58:46,086] {logging_mixin.py:104} INFO - [2021-04-21 19:58:46,086] {dag.py:1818} INFO - Sync 1 DAGs
[2021-04-21 19:58:46,106] {logging_mixin.py:104} INFO - [2021-04-21 19:58:46,106] {dag.py:2273} INFO - Setting next_dagrun for example_nested_branch_dag to 2021-04-19 00:00:00+00:00
[2021-04-21 19:58:46,114] {scheduler_job.py:190} INFO - Processing /home/airflow/.local/lib/python3.6/site-packages/airflow/example_dags/example_nested_branch_dag.py took 0.071 seconds
[2021-04-21 19:59:16,166] {scheduler_job.py:182} INFO - Started process (PID=397) to work on /home/airflow/.local/lib/python3.6/site-packages/airflow/example_dags/example_nested_branch_dag.py
[2021-04-21 19:59:16,167] {scheduler_job.py:629} INFO - Processing file /home/airflow/.local/lib/python3.6/site-packages/airflow/example_dags/example_nested_branch_dag.py for tasks to queue
[2021-04-21 19:59:16,168] {logging_mixin.py:104} INFO - [2021-04-21 19:59:16,168] {dagbag.py:448} INFO - Filling up the DagBag from /home/airflow/.local/lib/python3.6/site-packages/airflow/example_dags/example_nested_branch_dag.py
[2021-04-21 19:59:16,183] {scheduler_job.py:639} INFO - DAG(s) dict_keys(['example_nested_branch_dag']) retrieved from /home/airflow/.local/lib/python3.6/site-packages/airflow/example_dags/example_nested_branch_dag.py
[2021-04-21 19:59:16,204] {logging_mixin.py:104} INFO - [2021-04-21 19:59:16,204] {dag.py:1818} INFO - Sync 1 DAGs
[2021-04-21 19:59:16,224] {logging_mixin.py:104} INFO - [2021-04-21 19:59:16,224] {dag.py:2273} INFO - Setting next_dagrun for example_nested_branch_dag to 2021-04-19 00:00:00+00:00
[2021-04-21 19:59:16,232] {scheduler_job.py:190} INFO - Processing /home/airflow/.local/lib/python3.6/site-packages/airflow/example_dags/example_nested_branch_dag.py took 0.069 seconds
[2021-04-21 19:59:46,469] {scheduler_job.py:182} INFO - Started process (PID=427) to work on /home/airflow/.local/lib/python3.6/site-packages/airflow/example_dags/example_nested_branch_dag.py
[2021-04-21 19:59:46,471] {scheduler_job.py:629} INFO - Processing file /home/airflow/.local/lib/python3.6/site-packages/airflow/example_dags/example_nested_branch_dag.py for tasks to queue
[2021-04-21 19:59:46,472] {logging_mixin.py:104} INFO - [2021-04-21 19:59:46,472] {dagbag.py:448} INFO - Filling up the DagBag from /home/airflow/.local/lib/python3.6/site-packages/airflow/example_dags/example_nested_branch_dag.py
[2021-04-21 19:59:46,488] {scheduler_job.py:639} INFO - DAG(s) dict_keys(['example_nested_branch_dag']) retrieved from /home/airflow/.local/lib/python3.6/site-packages/airflow/example_dags/example_nested_branch_dag.py
[2021-04-21 19:59:46,508] {logging_mixin.py:104} INFO - [2021-04-21 19:59:46,508] {dag.py:1818} INFO - Sync 1 DAGs
[2021-04-21 19:59:46,532] {logging_mixin.py:104} INFO - [2021-04-21 19:59:46,532] {dag.py:2273} INFO - Setting next_dagrun for example_nested_branch_dag to 2021-04-19 00:00:00+00:00
[2021-04-21 19:59:46,542] {scheduler_job.py:190} INFO - Processing /home/airflow/.local/lib/python3.6/site-packages/airflow/example_dags/example_nested_branch_dag.py took 0.077 seconds
[2021-04-21 20:00:16,675] {scheduler_job.py:182} INFO - Started process (PID=453) to work on /home/airflow/.local/lib/python3.6/site-packages/airflow/example_dags/example_nested_branch_dag.py
[2021-04-21 20:00:16,677] {scheduler_job.py:629} INFO - Processing file /home/airflow/.local/lib/python3.6/site-packages/airflow/example_dags/example_nested_branch_dag.py for tasks to queue
[2021-04-21 20:00:16,678] {logging_mixin.py:104} INFO - [2021-04-21 20:00:16,678] {dagbag.py:448} INFO - Filling up the DagBag from /home/airflow/.local/lib/python3.6/site-packages/airflow/example_dags/example_nested_branch_dag.py
[2021-04-21 20:00:16,694] {scheduler_job.py:639} INFO - DAG(s) dict_keys(['example_nested_branch_dag']) retrieved from /home/airflow/.local/lib/python3.6/site-packages/airflow/example_dags/example_nested_branch_dag.py
[2021-04-21 20:00:16,718] {logging_mixin.py:104} INFO - [2021-04-21 20:00:16,717] {dag.py:1818} INFO - Sync 1 DAGs
[2021-04-21 20:00:16,742] {logging_mixin.py:104} INFO - [2021-04-21 20:00:16,741] {dag.py:2273} INFO - Setting next_dagrun for example_nested_branch_dag to 2021-04-19 00:00:00+00:00
[2021-04-21 20:00:16,750] {scheduler_job.py:190} INFO - Processing /home/airflow/.local/lib/python3.6/site-packages/airflow/example_dags/example_nested_branch_dag.py took 0.081 seconds
[2021-04-21 20:00:47,000] {scheduler_job.py:182} INFO - Started process (PID=493) to work on /home/airflow/.local/lib/python3.6/site-packages/airflow/example_dags/example_nested_branch_dag.py
[2021-04-21 20:00:47,001] {scheduler_job.py:629} INFO - Processing file /home/airflow/.local/lib/python3.6/site-packages/airflow/example_dags/example_nested_branch_dag.py for tasks to queue
[2021-04-21 20:00:47,002] {logging_mixin.py:104} INFO - [2021-04-21 20:00:47,002] {dagbag.py:448} INFO - Filling up the DagBag from /home/airflow/.local/lib/python3.6/site-packages/airflow/example_dags/example_nested_branch_dag.py
[2021-04-21 20:00:47,019] {scheduler_job.py:639} INFO - DAG(s) dict_keys(['example_nested_branch_dag']) retrieved from /home/airflow/.local/lib/python3.6/site-packages/airflow/example_dags/example_nested_branch_dag.py
[2021-04-21 20:00:47,044] {logging_mixin.py:104} INFO - [2021-04-21 20:00:47,044] {dag.py:1818} INFO - Sync 1 DAGs
[2021-04-21 20:00:47,065] {logging_mixin.py:104} INFO - [2021-04-21 20:00:47,064] {dag.py:2273} INFO - Setting next_dagrun for example_nested_branch_dag to 2021-04-19 00:00:00+00:00
[2021-04-21 20:00:47,075] {scheduler_job.py:190} INFO - Processing /home/airflow/.local/lib/python3.6/site-packages/airflow/example_dags/example_nested_branch_dag.py took 0.078 seconds
[2021-04-21 20:01:17,296] {scheduler_job.py:182} INFO - Started process (PID=520) to work on /home/airflow/.local/lib/python3.6/site-packages/airflow/example_dags/example_nested_branch_dag.py
[2021-04-21 20:01:17,315] {scheduler_job.py:629} INFO - Processing file /home/airflow/.local/lib/python3.6/site-packages/airflow/example_dags/example_nested_branch_dag.py for tasks to queue
[2021-04-21 20:01:17,351] {logging_mixin.py:104} INFO - [2021-04-21 20:01:17,351] {dagbag.py:448} INFO - Filling up the DagBag from /home/airflow/.local/lib/python3.6/site-packages/airflow/example_dags/example_nested_branch_dag.py
[2021-04-21 20:01:17,368] {scheduler_job.py:639} INFO - DAG(s) dict_keys(['example_nested_branch_dag']) retrieved from /home/airflow/.local/lib/python3.6/site-packages/airflow/example_dags/example_nested_branch_dag.py
[2021-04-21 20:01:17,388] {logging_mixin.py:104} INFO - [2021-04-21 20:01:17,388] {dag.py:1818} INFO - Sync 1 DAGs
[2021-04-21 20:01:17,408] {logging_mixin.py:104} INFO - [2021-04-21 20:01:17,408] {dag.py:2273} INFO - Setting next_dagrun for example_nested_branch_dag to 2021-04-19 00:00:00+00:00
[2021-04-21 20:01:17,419] {scheduler_job.py:190} INFO - Processing /home/airflow/.local/lib/python3.6/site-packages/airflow/example_dags/example_nested_branch_dag.py took 0.127 seconds
[2021-04-21 20:01:47,570] {scheduler_job.py:182} INFO - Started process (PID=547) to work on /home/airflow/.local/lib/python3.6/site-packages/airflow/example_dags/example_nested_branch_dag.py
[2021-04-21 20:01:47,571] {scheduler_job.py:629} INFO - Processing file /home/airflow/.local/lib/python3.6/site-packages/airflow/example_dags/example_nested_branch_dag.py for tasks to queue
[2021-04-21 20:01:47,573] {logging_mixin.py:104} INFO - [2021-04-21 20:01:47,572] {dagbag.py:448} INFO - Filling up the DagBag from /home/airflow/.local/lib/python3.6/site-packages/airflow/example_dags/example_nested_branch_dag.py
[2021-04-21 20:01:47,587] {scheduler_job.py:639} INFO - DAG(s) dict_keys(['example_nested_branch_dag']) retrieved from /home/airflow/.local/lib/python3.6/site-packages/airflow/example_dags/example_nested_branch_dag.py
[2021-04-21 20:01:47,610] {logging_mixin.py:104} INFO - [2021-04-21 20:01:47,610] {dag.py:1818} INFO - Sync 1 DAGs
[2021-04-21 20:01:47,629] {logging_mixin.py:104} INFO - [2021-04-21 20:01:47,629] {dag.py:2273} INFO - Setting next_dagrun for example_nested_branch_dag to 2021-04-19 00:00:00+00:00
[2021-04-21 20:01:47,638] {scheduler_job.py:190} INFO - Processing /home/airflow/.local/lib/python3.6/site-packages/airflow/example_dags/example_nested_branch_dag.py took 0.071 seconds
[2021-04-21 20:02:17,794] {scheduler_job.py:182} INFO - Started process (PID=572) to work on /home/airflow/.local/lib/python3.6/site-packages/airflow/example_dags/example_nested_branch_dag.py
[2021-04-21 20:02:17,795] {scheduler_job.py:629} INFO - Processing file /home/airflow/.local/lib/python3.6/site-packages/airflow/example_dags/example_nested_branch_dag.py for tasks to queue
[2021-04-21 20:02:17,797] {logging_mixin.py:104} INFO - [2021-04-21 20:02:17,796] {dagbag.py:448} INFO - Filling up the DagBag from /home/airflow/.local/lib/python3.6/site-packages/airflow/example_dags/example_nested_branch_dag.py
[2021-04-21 20:02:17,810] {scheduler_job.py:639} INFO - DAG(s) dict_keys(['example_nested_branch_dag']) retrieved from /home/airflow/.local/lib/python3.6/site-packages/airflow/example_dags/example_nested_branch_dag.py
[2021-04-21 20:02:17,838] {logging_mixin.py:104} INFO - [2021-04-21 20:02:17,838] {dag.py:1818} INFO - Sync 1 DAGs
[2021-04-21 20:02:17,861] {logging_mixin.py:104} INFO - [2021-04-21 20:02:17,861] {dag.py:2273} INFO - Setting next_dagrun for example_nested_branch_dag to 2021-04-19 00:00:00+00:00
[2021-04-21 20:02:17,871] {scheduler_job.py:190} INFO - Processing /home/airflow/.local/lib/python3.6/site-packages/airflow/example_dags/example_nested_branch_dag.py took 0.082 seconds
