[2021-04-21 19:52:41,511] {scheduler_job.py:182} INFO - Started process (PID=34) to work on /home/airflow/.local/lib/python3.6/site-packages/airflow/example_dags/example_complex.py
[2021-04-21 19:52:41,513] {scheduler_job.py:629} INFO - Processing file /home/airflow/.local/lib/python3.6/site-packages/airflow/example_dags/example_complex.py for tasks to queue
[2021-04-21 19:52:41,515] {logging_mixin.py:104} INFO - [2021-04-21 19:52:41,514] {dagbag.py:448} INFO - Filling up the DagBag from /home/airflow/.local/lib/python3.6/site-packages/airflow/example_dags/example_complex.py
[2021-04-21 19:52:41,537] {scheduler_job.py:639} INFO - DAG(s) dict_keys(['example_complex']) retrieved from /home/airflow/.local/lib/python3.6/site-packages/airflow/example_dags/example_complex.py
[2021-04-21 19:52:41,565] {logging_mixin.py:104} INFO - [2021-04-21 19:52:41,565] {dag.py:1818} INFO - Sync 1 DAGs
[2021-04-21 19:52:41,577] {logging_mixin.py:104} INFO - [2021-04-21 19:52:41,577] {dag.py:1837} INFO - Creating ORM DAG for example_complex
[2021-04-21 19:52:41,593] {logging_mixin.py:104} INFO - [2021-04-21 19:52:41,592] {dag.py:2273} INFO - Setting next_dagrun for example_complex to None
[2021-04-21 19:52:41,609] {scheduler_job.py:190} INFO - Processing /home/airflow/.local/lib/python3.6/site-packages/airflow/example_dags/example_complex.py took 0.102 seconds
[2021-04-21 19:53:12,099] {scheduler_job.py:182} INFO - Started process (PID=59) to work on /home/airflow/.local/lib/python3.6/site-packages/airflow/example_dags/example_complex.py
[2021-04-21 19:53:12,101] {scheduler_job.py:629} INFO - Processing file /home/airflow/.local/lib/python3.6/site-packages/airflow/example_dags/example_complex.py for tasks to queue
[2021-04-21 19:53:12,102] {logging_mixin.py:104} INFO - [2021-04-21 19:53:12,102] {dagbag.py:448} INFO - Filling up the DagBag from /home/airflow/.local/lib/python3.6/site-packages/airflow/example_dags/example_complex.py
[2021-04-21 19:53:12,133] {scheduler_job.py:639} INFO - DAG(s) dict_keys(['example_complex']) retrieved from /home/airflow/.local/lib/python3.6/site-packages/airflow/example_dags/example_complex.py
[2021-04-21 19:53:12,180] {logging_mixin.py:104} INFO - [2021-04-21 19:53:12,180] {dag.py:1818} INFO - Sync 1 DAGs
[2021-04-21 19:53:12,206] {logging_mixin.py:104} INFO - [2021-04-21 19:53:12,206] {dag.py:2273} INFO - Setting next_dagrun for example_complex to None
[2021-04-21 19:53:12,231] {scheduler_job.py:190} INFO - Processing /home/airflow/.local/lib/python3.6/site-packages/airflow/example_dags/example_complex.py took 0.136 seconds
[2021-04-21 19:53:42,680] {scheduler_job.py:182} INFO - Started process (PID=88) to work on /home/airflow/.local/lib/python3.6/site-packages/airflow/example_dags/example_complex.py
[2021-04-21 19:53:42,682] {scheduler_job.py:629} INFO - Processing file /home/airflow/.local/lib/python3.6/site-packages/airflow/example_dags/example_complex.py for tasks to queue
[2021-04-21 19:53:42,684] {logging_mixin.py:104} INFO - [2021-04-21 19:53:42,684] {dagbag.py:448} INFO - Filling up the DagBag from /home/airflow/.local/lib/python3.6/site-packages/airflow/example_dags/example_complex.py
[2021-04-21 19:53:42,712] {scheduler_job.py:639} INFO - DAG(s) dict_keys(['example_complex']) retrieved from /home/airflow/.local/lib/python3.6/site-packages/airflow/example_dags/example_complex.py
[2021-04-21 19:53:42,738] {logging_mixin.py:104} INFO - [2021-04-21 19:53:42,738] {dag.py:1818} INFO - Sync 1 DAGs
[2021-04-21 19:53:42,760] {logging_mixin.py:104} INFO - [2021-04-21 19:53:42,760] {dag.py:2273} INFO - Setting next_dagrun for example_complex to None
[2021-04-21 19:53:42,774] {scheduler_job.py:190} INFO - Processing /home/airflow/.local/lib/python3.6/site-packages/airflow/example_dags/example_complex.py took 0.097 seconds
[2021-04-21 19:54:13,011] {scheduler_job.py:182} INFO - Started process (PID=115) to work on /home/airflow/.local/lib/python3.6/site-packages/airflow/example_dags/example_complex.py
[2021-04-21 19:54:13,012] {scheduler_job.py:629} INFO - Processing file /home/airflow/.local/lib/python3.6/site-packages/airflow/example_dags/example_complex.py for tasks to queue
[2021-04-21 19:54:13,014] {logging_mixin.py:104} INFO - [2021-04-21 19:54:13,013] {dagbag.py:448} INFO - Filling up the DagBag from /home/airflow/.local/lib/python3.6/site-packages/airflow/example_dags/example_complex.py
[2021-04-21 19:54:13,032] {scheduler_job.py:639} INFO - DAG(s) dict_keys(['example_complex']) retrieved from /home/airflow/.local/lib/python3.6/site-packages/airflow/example_dags/example_complex.py
[2021-04-21 19:54:13,058] {logging_mixin.py:104} INFO - [2021-04-21 19:54:13,058] {dag.py:1818} INFO - Sync 1 DAGs
[2021-04-21 19:54:13,077] {logging_mixin.py:104} INFO - [2021-04-21 19:54:13,077] {dag.py:2273} INFO - Setting next_dagrun for example_complex to None
[2021-04-21 19:54:13,087] {scheduler_job.py:190} INFO - Processing /home/airflow/.local/lib/python3.6/site-packages/airflow/example_dags/example_complex.py took 0.079 seconds
[2021-04-21 19:54:43,484] {scheduler_job.py:182} INFO - Started process (PID=145) to work on /home/airflow/.local/lib/python3.6/site-packages/airflow/example_dags/example_complex.py
[2021-04-21 19:54:43,489] {scheduler_job.py:629} INFO - Processing file /home/airflow/.local/lib/python3.6/site-packages/airflow/example_dags/example_complex.py for tasks to queue
[2021-04-21 19:54:43,491] {logging_mixin.py:104} INFO - [2021-04-21 19:54:43,491] {dagbag.py:448} INFO - Filling up the DagBag from /home/airflow/.local/lib/python3.6/site-packages/airflow/example_dags/example_complex.py
[2021-04-21 19:54:43,509] {scheduler_job.py:639} INFO - DAG(s) dict_keys(['example_complex']) retrieved from /home/airflow/.local/lib/python3.6/site-packages/airflow/example_dags/example_complex.py
[2021-04-21 19:54:43,536] {logging_mixin.py:104} INFO - [2021-04-21 19:54:43,536] {dag.py:1818} INFO - Sync 1 DAGs
[2021-04-21 19:54:43,550] {logging_mixin.py:104} INFO - [2021-04-21 19:54:43,549] {dag.py:2273} INFO - Setting next_dagrun for example_complex to None
[2021-04-21 19:54:43,560] {scheduler_job.py:190} INFO - Processing /home/airflow/.local/lib/python3.6/site-packages/airflow/example_dags/example_complex.py took 0.080 seconds
[2021-04-21 19:55:13,661] {scheduler_job.py:182} INFO - Started process (PID=172) to work on /home/airflow/.local/lib/python3.6/site-packages/airflow/example_dags/example_complex.py
[2021-04-21 19:55:13,662] {scheduler_job.py:629} INFO - Processing file /home/airflow/.local/lib/python3.6/site-packages/airflow/example_dags/example_complex.py for tasks to queue
[2021-04-21 19:55:13,664] {logging_mixin.py:104} INFO - [2021-04-21 19:55:13,663] {dagbag.py:448} INFO - Filling up the DagBag from /home/airflow/.local/lib/python3.6/site-packages/airflow/example_dags/example_complex.py
[2021-04-21 19:55:13,680] {scheduler_job.py:639} INFO - DAG(s) dict_keys(['example_complex']) retrieved from /home/airflow/.local/lib/python3.6/site-packages/airflow/example_dags/example_complex.py
[2021-04-21 19:55:13,706] {logging_mixin.py:104} INFO - [2021-04-21 19:55:13,706] {dag.py:1818} INFO - Sync 1 DAGs
[2021-04-21 19:55:13,720] {logging_mixin.py:104} INFO - [2021-04-21 19:55:13,720] {dag.py:2273} INFO - Setting next_dagrun for example_complex to None
[2021-04-21 19:55:13,729] {scheduler_job.py:190} INFO - Processing /home/airflow/.local/lib/python3.6/site-packages/airflow/example_dags/example_complex.py took 0.072 seconds
[2021-04-21 19:55:43,884] {scheduler_job.py:182} INFO - Started process (PID=198) to work on /home/airflow/.local/lib/python3.6/site-packages/airflow/example_dags/example_complex.py
[2021-04-21 19:55:43,886] {scheduler_job.py:629} INFO - Processing file /home/airflow/.local/lib/python3.6/site-packages/airflow/example_dags/example_complex.py for tasks to queue
[2021-04-21 19:55:43,889] {logging_mixin.py:104} INFO - [2021-04-21 19:55:43,889] {dagbag.py:448} INFO - Filling up the DagBag from /home/airflow/.local/lib/python3.6/site-packages/airflow/example_dags/example_complex.py
[2021-04-21 19:55:43,909] {scheduler_job.py:639} INFO - DAG(s) dict_keys(['example_complex']) retrieved from /home/airflow/.local/lib/python3.6/site-packages/airflow/example_dags/example_complex.py
[2021-04-21 19:55:43,942] {logging_mixin.py:104} INFO - [2021-04-21 19:55:43,942] {dag.py:1818} INFO - Sync 1 DAGs
[2021-04-21 19:55:43,960] {logging_mixin.py:104} INFO - [2021-04-21 19:55:43,960] {dag.py:2273} INFO - Setting next_dagrun for example_complex to None
[2021-04-21 19:55:43,977] {scheduler_job.py:190} INFO - Processing /home/airflow/.local/lib/python3.6/site-packages/airflow/example_dags/example_complex.py took 0.097 seconds
[2021-04-21 19:56:14,381] {scheduler_job.py:182} INFO - Started process (PID=226) to work on /home/airflow/.local/lib/python3.6/site-packages/airflow/example_dags/example_complex.py
[2021-04-21 19:56:14,383] {scheduler_job.py:629} INFO - Processing file /home/airflow/.local/lib/python3.6/site-packages/airflow/example_dags/example_complex.py for tasks to queue
[2021-04-21 19:56:14,384] {logging_mixin.py:104} INFO - [2021-04-21 19:56:14,384] {dagbag.py:448} INFO - Filling up the DagBag from /home/airflow/.local/lib/python3.6/site-packages/airflow/example_dags/example_complex.py
[2021-04-21 19:56:14,406] {scheduler_job.py:639} INFO - DAG(s) dict_keys(['example_complex']) retrieved from /home/airflow/.local/lib/python3.6/site-packages/airflow/example_dags/example_complex.py
[2021-04-21 19:56:14,434] {logging_mixin.py:104} INFO - [2021-04-21 19:56:14,434] {dag.py:1818} INFO - Sync 1 DAGs
[2021-04-21 19:56:14,455] {logging_mixin.py:104} INFO - [2021-04-21 19:56:14,454] {dag.py:2273} INFO - Setting next_dagrun for example_complex to None
[2021-04-21 19:56:14,467] {scheduler_job.py:190} INFO - Processing /home/airflow/.local/lib/python3.6/site-packages/airflow/example_dags/example_complex.py took 0.089 seconds
[2021-04-21 19:56:44,733] {scheduler_job.py:182} INFO - Started process (PID=259) to work on /home/airflow/.local/lib/python3.6/site-packages/airflow/example_dags/example_complex.py
[2021-04-21 19:56:44,735] {scheduler_job.py:629} INFO - Processing file /home/airflow/.local/lib/python3.6/site-packages/airflow/example_dags/example_complex.py for tasks to queue
[2021-04-21 19:56:44,738] {logging_mixin.py:104} INFO - [2021-04-21 19:56:44,738] {dagbag.py:448} INFO - Filling up the DagBag from /home/airflow/.local/lib/python3.6/site-packages/airflow/example_dags/example_complex.py
[2021-04-21 19:56:44,756] {scheduler_job.py:639} INFO - DAG(s) dict_keys(['example_complex']) retrieved from /home/airflow/.local/lib/python3.6/site-packages/airflow/example_dags/example_complex.py
[2021-04-21 19:56:44,781] {logging_mixin.py:104} INFO - [2021-04-21 19:56:44,781] {dag.py:1818} INFO - Sync 1 DAGs
[2021-04-21 19:56:44,797] {logging_mixin.py:104} INFO - [2021-04-21 19:56:44,797] {dag.py:2273} INFO - Setting next_dagrun for example_complex to None
[2021-04-21 19:56:44,810] {scheduler_job.py:190} INFO - Processing /home/airflow/.local/lib/python3.6/site-packages/airflow/example_dags/example_complex.py took 0.081 seconds
[2021-04-21 19:57:14,937] {scheduler_job.py:182} INFO - Started process (PID=287) to work on /home/airflow/.local/lib/python3.6/site-packages/airflow/example_dags/example_complex.py
[2021-04-21 19:57:14,939] {scheduler_job.py:629} INFO - Processing file /home/airflow/.local/lib/python3.6/site-packages/airflow/example_dags/example_complex.py for tasks to queue
[2021-04-21 19:57:14,940] {logging_mixin.py:104} INFO - [2021-04-21 19:57:14,940] {dagbag.py:448} INFO - Filling up the DagBag from /home/airflow/.local/lib/python3.6/site-packages/airflow/example_dags/example_complex.py
[2021-04-21 19:57:14,957] {scheduler_job.py:639} INFO - DAG(s) dict_keys(['example_complex']) retrieved from /home/airflow/.local/lib/python3.6/site-packages/airflow/example_dags/example_complex.py
[2021-04-21 19:57:14,989] {logging_mixin.py:104} INFO - [2021-04-21 19:57:14,988] {dag.py:1818} INFO - Sync 1 DAGs
[2021-04-21 19:57:15,005] {logging_mixin.py:104} INFO - [2021-04-21 19:57:15,005] {dag.py:2273} INFO - Setting next_dagrun for example_complex to None
[2021-04-21 19:57:15,019] {scheduler_job.py:190} INFO - Processing /home/airflow/.local/lib/python3.6/site-packages/airflow/example_dags/example_complex.py took 0.084 seconds
[2021-04-21 19:57:45,318] {scheduler_job.py:182} INFO - Started process (PID=316) to work on /home/airflow/.local/lib/python3.6/site-packages/airflow/example_dags/example_complex.py
[2021-04-21 19:57:45,320] {scheduler_job.py:629} INFO - Processing file /home/airflow/.local/lib/python3.6/site-packages/airflow/example_dags/example_complex.py for tasks to queue
[2021-04-21 19:57:45,321] {logging_mixin.py:104} INFO - [2021-04-21 19:57:45,321] {dagbag.py:448} INFO - Filling up the DagBag from /home/airflow/.local/lib/python3.6/site-packages/airflow/example_dags/example_complex.py
[2021-04-21 19:57:45,337] {scheduler_job.py:639} INFO - DAG(s) dict_keys(['example_complex']) retrieved from /home/airflow/.local/lib/python3.6/site-packages/airflow/example_dags/example_complex.py
[2021-04-21 19:57:45,364] {logging_mixin.py:104} INFO - [2021-04-21 19:57:45,364] {dag.py:1818} INFO - Sync 1 DAGs
[2021-04-21 19:57:45,386] {logging_mixin.py:104} INFO - [2021-04-21 19:57:45,386] {dag.py:2273} INFO - Setting next_dagrun for example_complex to None
[2021-04-21 19:57:45,395] {scheduler_job.py:190} INFO - Processing /home/airflow/.local/lib/python3.6/site-packages/airflow/example_dags/example_complex.py took 0.080 seconds
[2021-04-21 19:58:15,582] {scheduler_job.py:182} INFO - Started process (PID=342) to work on /home/airflow/.local/lib/python3.6/site-packages/airflow/example_dags/example_complex.py
[2021-04-21 19:58:15,584] {scheduler_job.py:629} INFO - Processing file /home/airflow/.local/lib/python3.6/site-packages/airflow/example_dags/example_complex.py for tasks to queue
[2021-04-21 19:58:15,585] {logging_mixin.py:104} INFO - [2021-04-21 19:58:15,585] {dagbag.py:448} INFO - Filling up the DagBag from /home/airflow/.local/lib/python3.6/site-packages/airflow/example_dags/example_complex.py
[2021-04-21 19:58:15,601] {scheduler_job.py:639} INFO - DAG(s) dict_keys(['example_complex']) retrieved from /home/airflow/.local/lib/python3.6/site-packages/airflow/example_dags/example_complex.py
[2021-04-21 19:58:15,630] {logging_mixin.py:104} INFO - [2021-04-21 19:58:15,630] {dag.py:1818} INFO - Sync 1 DAGs
[2021-04-21 19:58:15,645] {logging_mixin.py:104} INFO - [2021-04-21 19:58:15,645] {dag.py:2273} INFO - Setting next_dagrun for example_complex to None
[2021-04-21 19:58:15,657] {scheduler_job.py:190} INFO - Processing /home/airflow/.local/lib/python3.6/site-packages/airflow/example_dags/example_complex.py took 0.078 seconds
[2021-04-21 19:58:45,952] {scheduler_job.py:182} INFO - Started process (PID=368) to work on /home/airflow/.local/lib/python3.6/site-packages/airflow/example_dags/example_complex.py
[2021-04-21 19:58:45,954] {scheduler_job.py:629} INFO - Processing file /home/airflow/.local/lib/python3.6/site-packages/airflow/example_dags/example_complex.py for tasks to queue
[2021-04-21 19:58:45,955] {logging_mixin.py:104} INFO - [2021-04-21 19:58:45,955] {dagbag.py:448} INFO - Filling up the DagBag from /home/airflow/.local/lib/python3.6/site-packages/airflow/example_dags/example_complex.py
[2021-04-21 19:58:45,974] {scheduler_job.py:639} INFO - DAG(s) dict_keys(['example_complex']) retrieved from /home/airflow/.local/lib/python3.6/site-packages/airflow/example_dags/example_complex.py
[2021-04-21 19:58:46,000] {logging_mixin.py:104} INFO - [2021-04-21 19:58:46,000] {dag.py:1818} INFO - Sync 1 DAGs
[2021-04-21 19:58:46,018] {logging_mixin.py:104} INFO - [2021-04-21 19:58:46,018] {dag.py:2273} INFO - Setting next_dagrun for example_complex to None
[2021-04-21 19:58:46,027] {scheduler_job.py:190} INFO - Processing /home/airflow/.local/lib/python3.6/site-packages/airflow/example_dags/example_complex.py took 0.085 seconds
[2021-04-21 19:59:16,082] {scheduler_job.py:182} INFO - Started process (PID=395) to work on /home/airflow/.local/lib/python3.6/site-packages/airflow/example_dags/example_complex.py
[2021-04-21 19:59:16,083] {scheduler_job.py:629} INFO - Processing file /home/airflow/.local/lib/python3.6/site-packages/airflow/example_dags/example_complex.py for tasks to queue
[2021-04-21 19:59:16,084] {logging_mixin.py:104} INFO - [2021-04-21 19:59:16,084] {dagbag.py:448} INFO - Filling up the DagBag from /home/airflow/.local/lib/python3.6/site-packages/airflow/example_dags/example_complex.py
[2021-04-21 19:59:16,100] {scheduler_job.py:639} INFO - DAG(s) dict_keys(['example_complex']) retrieved from /home/airflow/.local/lib/python3.6/site-packages/airflow/example_dags/example_complex.py
[2021-04-21 19:59:16,124] {logging_mixin.py:104} INFO - [2021-04-21 19:59:16,124] {dag.py:1818} INFO - Sync 1 DAGs
[2021-04-21 19:59:16,139] {logging_mixin.py:104} INFO - [2021-04-21 19:59:16,139] {dag.py:2273} INFO - Setting next_dagrun for example_complex to None
[2021-04-21 19:59:16,148] {scheduler_job.py:190} INFO - Processing /home/airflow/.local/lib/python3.6/site-packages/airflow/example_dags/example_complex.py took 0.069 seconds
[2021-04-21 19:59:46,363] {scheduler_job.py:182} INFO - Started process (PID=425) to work on /home/airflow/.local/lib/python3.6/site-packages/airflow/example_dags/example_complex.py
[2021-04-21 19:59:46,366] {scheduler_job.py:629} INFO - Processing file /home/airflow/.local/lib/python3.6/site-packages/airflow/example_dags/example_complex.py for tasks to queue
[2021-04-21 19:59:46,367] {logging_mixin.py:104} INFO - [2021-04-21 19:59:46,367] {dagbag.py:448} INFO - Filling up the DagBag from /home/airflow/.local/lib/python3.6/site-packages/airflow/example_dags/example_complex.py
[2021-04-21 19:59:46,382] {scheduler_job.py:639} INFO - DAG(s) dict_keys(['example_complex']) retrieved from /home/airflow/.local/lib/python3.6/site-packages/airflow/example_dags/example_complex.py
[2021-04-21 19:59:46,420] {logging_mixin.py:104} INFO - [2021-04-21 19:59:46,420] {dag.py:1818} INFO - Sync 1 DAGs
[2021-04-21 19:59:46,434] {logging_mixin.py:104} INFO - [2021-04-21 19:59:46,434] {dag.py:2273} INFO - Setting next_dagrun for example_complex to None
[2021-04-21 19:59:46,447] {scheduler_job.py:190} INFO - Processing /home/airflow/.local/lib/python3.6/site-packages/airflow/example_dags/example_complex.py took 0.087 seconds
[2021-04-21 20:00:16,560] {scheduler_job.py:182} INFO - Started process (PID=450) to work on /home/airflow/.local/lib/python3.6/site-packages/airflow/example_dags/example_complex.py
[2021-04-21 20:00:16,562] {scheduler_job.py:629} INFO - Processing file /home/airflow/.local/lib/python3.6/site-packages/airflow/example_dags/example_complex.py for tasks to queue
[2021-04-21 20:00:16,563] {logging_mixin.py:104} INFO - [2021-04-21 20:00:16,563] {dagbag.py:448} INFO - Filling up the DagBag from /home/airflow/.local/lib/python3.6/site-packages/airflow/example_dags/example_complex.py
[2021-04-21 20:00:16,579] {scheduler_job.py:639} INFO - DAG(s) dict_keys(['example_complex']) retrieved from /home/airflow/.local/lib/python3.6/site-packages/airflow/example_dags/example_complex.py
[2021-04-21 20:00:16,606] {logging_mixin.py:104} INFO - [2021-04-21 20:00:16,606] {dag.py:1818} INFO - Sync 1 DAGs
[2021-04-21 20:00:16,620] {logging_mixin.py:104} INFO - [2021-04-21 20:00:16,620] {dag.py:2273} INFO - Setting next_dagrun for example_complex to None
[2021-04-21 20:00:16,630] {scheduler_job.py:190} INFO - Processing /home/airflow/.local/lib/python3.6/site-packages/airflow/example_dags/example_complex.py took 0.073 seconds
[2021-04-21 20:00:46,801] {scheduler_job.py:182} INFO - Started process (PID=490) to work on /home/airflow/.local/lib/python3.6/site-packages/airflow/example_dags/example_complex.py
[2021-04-21 20:00:46,804] {scheduler_job.py:629} INFO - Processing file /home/airflow/.local/lib/python3.6/site-packages/airflow/example_dags/example_complex.py for tasks to queue
[2021-04-21 20:00:46,805] {logging_mixin.py:104} INFO - [2021-04-21 20:00:46,805] {dagbag.py:448} INFO - Filling up the DagBag from /home/airflow/.local/lib/python3.6/site-packages/airflow/example_dags/example_complex.py
[2021-04-21 20:00:46,822] {scheduler_job.py:639} INFO - DAG(s) dict_keys(['example_complex']) retrieved from /home/airflow/.local/lib/python3.6/site-packages/airflow/example_dags/example_complex.py
[2021-04-21 20:00:46,847] {logging_mixin.py:104} INFO - [2021-04-21 20:00:46,847] {dag.py:1818} INFO - Sync 1 DAGs
[2021-04-21 20:00:46,863] {logging_mixin.py:104} INFO - [2021-04-21 20:00:46,863] {dag.py:2273} INFO - Setting next_dagrun for example_complex to None
[2021-04-21 20:00:46,877] {scheduler_job.py:190} INFO - Processing /home/airflow/.local/lib/python3.6/site-packages/airflow/example_dags/example_complex.py took 0.079 seconds
[2021-04-21 20:01:17,110] {scheduler_job.py:182} INFO - Started process (PID=517) to work on /home/airflow/.local/lib/python3.6/site-packages/airflow/example_dags/example_complex.py
[2021-04-21 20:01:17,111] {scheduler_job.py:629} INFO - Processing file /home/airflow/.local/lib/python3.6/site-packages/airflow/example_dags/example_complex.py for tasks to queue
[2021-04-21 20:01:17,113] {logging_mixin.py:104} INFO - [2021-04-21 20:01:17,112] {dagbag.py:448} INFO - Filling up the DagBag from /home/airflow/.local/lib/python3.6/site-packages/airflow/example_dags/example_complex.py
[2021-04-21 20:01:17,128] {scheduler_job.py:639} INFO - DAG(s) dict_keys(['example_complex']) retrieved from /home/airflow/.local/lib/python3.6/site-packages/airflow/example_dags/example_complex.py
[2021-04-21 20:01:17,167] {logging_mixin.py:104} INFO - [2021-04-21 20:01:17,166] {dag.py:1818} INFO - Sync 1 DAGs
[2021-04-21 20:01:17,186] {logging_mixin.py:104} INFO - [2021-04-21 20:01:17,186] {dag.py:2273} INFO - Setting next_dagrun for example_complex to None
[2021-04-21 20:01:17,198] {scheduler_job.py:190} INFO - Processing /home/airflow/.local/lib/python3.6/site-packages/airflow/example_dags/example_complex.py took 0.092 seconds
[2021-04-21 20:01:47,444] {scheduler_job.py:182} INFO - Started process (PID=544) to work on /home/airflow/.local/lib/python3.6/site-packages/airflow/example_dags/example_complex.py
[2021-04-21 20:01:47,446] {scheduler_job.py:629} INFO - Processing file /home/airflow/.local/lib/python3.6/site-packages/airflow/example_dags/example_complex.py for tasks to queue
[2021-04-21 20:01:47,447] {logging_mixin.py:104} INFO - [2021-04-21 20:01:47,447] {dagbag.py:448} INFO - Filling up the DagBag from /home/airflow/.local/lib/python3.6/site-packages/airflow/example_dags/example_complex.py
[2021-04-21 20:01:47,463] {scheduler_job.py:639} INFO - DAG(s) dict_keys(['example_complex']) retrieved from /home/airflow/.local/lib/python3.6/site-packages/airflow/example_dags/example_complex.py
[2021-04-21 20:01:47,490] {logging_mixin.py:104} INFO - [2021-04-21 20:01:47,490] {dag.py:1818} INFO - Sync 1 DAGs
[2021-04-21 20:01:47,510] {logging_mixin.py:104} INFO - [2021-04-21 20:01:47,510] {dag.py:2273} INFO - Setting next_dagrun for example_complex to None
[2021-04-21 20:01:47,522] {scheduler_job.py:190} INFO - Processing /home/airflow/.local/lib/python3.6/site-packages/airflow/example_dags/example_complex.py took 0.081 seconds
[2021-04-21 20:02:17,796] {scheduler_job.py:182} INFO - Started process (PID=573) to work on /home/airflow/.local/lib/python3.6/site-packages/airflow/example_dags/example_complex.py
[2021-04-21 20:02:17,798] {scheduler_job.py:629} INFO - Processing file /home/airflow/.local/lib/python3.6/site-packages/airflow/example_dags/example_complex.py for tasks to queue
[2021-04-21 20:02:17,799] {logging_mixin.py:104} INFO - [2021-04-21 20:02:17,799] {dagbag.py:448} INFO - Filling up the DagBag from /home/airflow/.local/lib/python3.6/site-packages/airflow/example_dags/example_complex.py
[2021-04-21 20:02:17,815] {scheduler_job.py:639} INFO - DAG(s) dict_keys(['example_complex']) retrieved from /home/airflow/.local/lib/python3.6/site-packages/airflow/example_dags/example_complex.py
[2021-04-21 20:02:17,851] {logging_mixin.py:104} INFO - [2021-04-21 20:02:17,851] {dag.py:1818} INFO - Sync 1 DAGs
[2021-04-21 20:02:17,868] {logging_mixin.py:104} INFO - [2021-04-21 20:02:17,868] {dag.py:2273} INFO - Setting next_dagrun for example_complex to None
[2021-04-21 20:02:17,881] {scheduler_job.py:190} INFO - Processing /home/airflow/.local/lib/python3.6/site-packages/airflow/example_dags/example_complex.py took 0.089 seconds
