[2021-04-21 19:52:41,371] {scheduler_job.py:182} INFO - Started process (PID=32) to work on /home/airflow/.local/lib/python3.6/site-packages/airflow/example_dags/example_external_task_marker_dag.py
[2021-04-21 19:52:41,374] {scheduler_job.py:629} INFO - Processing file /home/airflow/.local/lib/python3.6/site-packages/airflow/example_dags/example_external_task_marker_dag.py for tasks to queue
[2021-04-21 19:52:41,375] {logging_mixin.py:104} INFO - [2021-04-21 19:52:41,375] {dagbag.py:448} INFO - Filling up the DagBag from /home/airflow/.local/lib/python3.6/site-packages/airflow/example_dags/example_external_task_marker_dag.py
[2021-04-21 19:52:41,397] {scheduler_job.py:639} INFO - DAG(s) dict_keys(['example_external_task_marker_parent', 'example_external_task_marker_child']) retrieved from /home/airflow/.local/lib/python3.6/site-packages/airflow/example_dags/example_external_task_marker_dag.py
[2021-04-21 19:52:41,437] {logging_mixin.py:104} INFO - [2021-04-21 19:52:41,437] {dag.py:1818} INFO - Sync 2 DAGs
[2021-04-21 19:52:41,449] {logging_mixin.py:104} INFO - [2021-04-21 19:52:41,449] {dag.py:1837} INFO - Creating ORM DAG for example_external_task_marker_parent
[2021-04-21 19:52:41,450] {logging_mixin.py:104} INFO - [2021-04-21 19:52:41,450] {dag.py:1837} INFO - Creating ORM DAG for example_external_task_marker_child
[2021-04-21 19:52:41,456] {logging_mixin.py:104} INFO - [2021-04-21 19:52:41,456] {dag.py:2273} INFO - Setting next_dagrun for example_external_task_marker_child to None
[2021-04-21 19:52:41,458] {logging_mixin.py:104} INFO - [2021-04-21 19:52:41,458] {dag.py:2273} INFO - Setting next_dagrun for example_external_task_marker_parent to None
[2021-04-21 19:52:41,480] {scheduler_job.py:190} INFO - Processing /home/airflow/.local/lib/python3.6/site-packages/airflow/example_dags/example_external_task_marker_dag.py took 0.115 seconds
[2021-04-21 19:53:11,964] {scheduler_job.py:182} INFO - Started process (PID=57) to work on /home/airflow/.local/lib/python3.6/site-packages/airflow/example_dags/example_external_task_marker_dag.py
[2021-04-21 19:53:11,966] {scheduler_job.py:629} INFO - Processing file /home/airflow/.local/lib/python3.6/site-packages/airflow/example_dags/example_external_task_marker_dag.py for tasks to queue
[2021-04-21 19:53:11,967] {logging_mixin.py:104} INFO - [2021-04-21 19:53:11,967] {dagbag.py:448} INFO - Filling up the DagBag from /home/airflow/.local/lib/python3.6/site-packages/airflow/example_dags/example_external_task_marker_dag.py
[2021-04-21 19:53:11,984] {scheduler_job.py:639} INFO - DAG(s) dict_keys(['example_external_task_marker_parent', 'example_external_task_marker_child']) retrieved from /home/airflow/.local/lib/python3.6/site-packages/airflow/example_dags/example_external_task_marker_dag.py
[2021-04-21 19:53:12,026] {logging_mixin.py:104} INFO - [2021-04-21 19:53:12,026] {dag.py:1818} INFO - Sync 2 DAGs
[2021-04-21 19:53:12,049] {logging_mixin.py:104} INFO - [2021-04-21 19:53:12,049] {dag.py:2273} INFO - Setting next_dagrun for example_external_task_marker_child to None
[2021-04-21 19:53:12,053] {logging_mixin.py:104} INFO - [2021-04-21 19:53:12,052] {dag.py:2273} INFO - Setting next_dagrun for example_external_task_marker_parent to None
[2021-04-21 19:53:12,068] {scheduler_job.py:190} INFO - Processing /home/airflow/.local/lib/python3.6/site-packages/airflow/example_dags/example_external_task_marker_dag.py took 0.108 seconds
[2021-04-21 19:53:42,423] {scheduler_job.py:182} INFO - Started process (PID=83) to work on /home/airflow/.local/lib/python3.6/site-packages/airflow/example_dags/example_external_task_marker_dag.py
[2021-04-21 19:53:42,425] {scheduler_job.py:629} INFO - Processing file /home/airflow/.local/lib/python3.6/site-packages/airflow/example_dags/example_external_task_marker_dag.py for tasks to queue
[2021-04-21 19:53:42,426] {logging_mixin.py:104} INFO - [2021-04-21 19:53:42,426] {dagbag.py:448} INFO - Filling up the DagBag from /home/airflow/.local/lib/python3.6/site-packages/airflow/example_dags/example_external_task_marker_dag.py
[2021-04-21 19:53:42,439] {scheduler_job.py:639} INFO - DAG(s) dict_keys(['example_external_task_marker_parent', 'example_external_task_marker_child']) retrieved from /home/airflow/.local/lib/python3.6/site-packages/airflow/example_dags/example_external_task_marker_dag.py
[2021-04-21 19:53:42,465] {logging_mixin.py:104} INFO - [2021-04-21 19:53:42,464] {dag.py:1818} INFO - Sync 2 DAGs
[2021-04-21 19:53:42,477] {logging_mixin.py:104} INFO - [2021-04-21 19:53:42,477] {dag.py:2273} INFO - Setting next_dagrun for example_external_task_marker_child to None
[2021-04-21 19:53:42,479] {logging_mixin.py:104} INFO - [2021-04-21 19:53:42,479] {dag.py:2273} INFO - Setting next_dagrun for example_external_task_marker_parent to None
[2021-04-21 19:53:42,490] {scheduler_job.py:190} INFO - Processing /home/airflow/.local/lib/python3.6/site-packages/airflow/example_dags/example_external_task_marker_dag.py took 0.070 seconds
[2021-04-21 19:54:12,708] {scheduler_job.py:182} INFO - Started process (PID=109) to work on /home/airflow/.local/lib/python3.6/site-packages/airflow/example_dags/example_external_task_marker_dag.py
[2021-04-21 19:54:12,709] {scheduler_job.py:629} INFO - Processing file /home/airflow/.local/lib/python3.6/site-packages/airflow/example_dags/example_external_task_marker_dag.py for tasks to queue
[2021-04-21 19:54:12,711] {logging_mixin.py:104} INFO - [2021-04-21 19:54:12,710] {dagbag.py:448} INFO - Filling up the DagBag from /home/airflow/.local/lib/python3.6/site-packages/airflow/example_dags/example_external_task_marker_dag.py
[2021-04-21 19:54:12,722] {scheduler_job.py:639} INFO - DAG(s) dict_keys(['example_external_task_marker_parent', 'example_external_task_marker_child']) retrieved from /home/airflow/.local/lib/python3.6/site-packages/airflow/example_dags/example_external_task_marker_dag.py
[2021-04-21 19:54:12,746] {logging_mixin.py:104} INFO - [2021-04-21 19:54:12,746] {dag.py:1818} INFO - Sync 2 DAGs
[2021-04-21 19:54:12,761] {logging_mixin.py:104} INFO - [2021-04-21 19:54:12,761] {dag.py:2273} INFO - Setting next_dagrun for example_external_task_marker_child to None
[2021-04-21 19:54:12,763] {logging_mixin.py:104} INFO - [2021-04-21 19:54:12,763] {dag.py:2273} INFO - Setting next_dagrun for example_external_task_marker_parent to None
[2021-04-21 19:54:12,771] {scheduler_job.py:190} INFO - Processing /home/airflow/.local/lib/python3.6/site-packages/airflow/example_dags/example_external_task_marker_dag.py took 0.066 seconds
[2021-04-21 19:54:42,972] {scheduler_job.py:182} INFO - Started process (PID=135) to work on /home/airflow/.local/lib/python3.6/site-packages/airflow/example_dags/example_external_task_marker_dag.py
[2021-04-21 19:54:42,973] {scheduler_job.py:629} INFO - Processing file /home/airflow/.local/lib/python3.6/site-packages/airflow/example_dags/example_external_task_marker_dag.py for tasks to queue
[2021-04-21 19:54:42,974] {logging_mixin.py:104} INFO - [2021-04-21 19:54:42,974] {dagbag.py:448} INFO - Filling up the DagBag from /home/airflow/.local/lib/python3.6/site-packages/airflow/example_dags/example_external_task_marker_dag.py
[2021-04-21 19:54:42,988] {scheduler_job.py:639} INFO - DAG(s) dict_keys(['example_external_task_marker_parent', 'example_external_task_marker_child']) retrieved from /home/airflow/.local/lib/python3.6/site-packages/airflow/example_dags/example_external_task_marker_dag.py
[2021-04-21 19:54:43,011] {logging_mixin.py:104} INFO - [2021-04-21 19:54:43,011] {dag.py:1818} INFO - Sync 2 DAGs
[2021-04-21 19:54:43,035] {logging_mixin.py:104} INFO - [2021-04-21 19:54:43,035] {dag.py:2273} INFO - Setting next_dagrun for example_external_task_marker_child to None
[2021-04-21 19:54:43,036] {logging_mixin.py:104} INFO - [2021-04-21 19:54:43,036] {dag.py:2273} INFO - Setting next_dagrun for example_external_task_marker_parent to None
[2021-04-21 19:54:43,044] {scheduler_job.py:190} INFO - Processing /home/airflow/.local/lib/python3.6/site-packages/airflow/example_dags/example_external_task_marker_dag.py took 0.076 seconds
[2021-04-21 19:55:13,088] {scheduler_job.py:182} INFO - Started process (PID=159) to work on /home/airflow/.local/lib/python3.6/site-packages/airflow/example_dags/example_external_task_marker_dag.py
[2021-04-21 19:55:13,089] {scheduler_job.py:629} INFO - Processing file /home/airflow/.local/lib/python3.6/site-packages/airflow/example_dags/example_external_task_marker_dag.py for tasks to queue
[2021-04-21 19:55:13,090] {logging_mixin.py:104} INFO - [2021-04-21 19:55:13,090] {dagbag.py:448} INFO - Filling up the DagBag from /home/airflow/.local/lib/python3.6/site-packages/airflow/example_dags/example_external_task_marker_dag.py
[2021-04-21 19:55:13,101] {scheduler_job.py:639} INFO - DAG(s) dict_keys(['example_external_task_marker_parent', 'example_external_task_marker_child']) retrieved from /home/airflow/.local/lib/python3.6/site-packages/airflow/example_dags/example_external_task_marker_dag.py
[2021-04-21 19:55:13,130] {logging_mixin.py:104} INFO - [2021-04-21 19:55:13,130] {dag.py:1818} INFO - Sync 2 DAGs
[2021-04-21 19:55:13,144] {logging_mixin.py:104} INFO - [2021-04-21 19:55:13,143] {dag.py:2273} INFO - Setting next_dagrun for example_external_task_marker_child to None
[2021-04-21 19:55:13,145] {logging_mixin.py:104} INFO - [2021-04-21 19:55:13,145] {dag.py:2273} INFO - Setting next_dagrun for example_external_task_marker_parent to None
[2021-04-21 19:55:13,153] {scheduler_job.py:190} INFO - Processing /home/airflow/.local/lib/python3.6/site-packages/airflow/example_dags/example_external_task_marker_dag.py took 0.069 seconds
[2021-04-21 19:55:43,261] {scheduler_job.py:182} INFO - Started process (PID=184) to work on /home/airflow/.local/lib/python3.6/site-packages/airflow/example_dags/example_external_task_marker_dag.py
[2021-04-21 19:55:43,263] {scheduler_job.py:629} INFO - Processing file /home/airflow/.local/lib/python3.6/site-packages/airflow/example_dags/example_external_task_marker_dag.py for tasks to queue
[2021-04-21 19:55:43,264] {logging_mixin.py:104} INFO - [2021-04-21 19:55:43,264] {dagbag.py:448} INFO - Filling up the DagBag from /home/airflow/.local/lib/python3.6/site-packages/airflow/example_dags/example_external_task_marker_dag.py
[2021-04-21 19:55:43,276] {scheduler_job.py:639} INFO - DAG(s) dict_keys(['example_external_task_marker_parent', 'example_external_task_marker_child']) retrieved from /home/airflow/.local/lib/python3.6/site-packages/airflow/example_dags/example_external_task_marker_dag.py
[2021-04-21 19:55:43,300] {logging_mixin.py:104} INFO - [2021-04-21 19:55:43,300] {dag.py:1818} INFO - Sync 2 DAGs
[2021-04-21 19:55:43,312] {logging_mixin.py:104} INFO - [2021-04-21 19:55:43,312] {dag.py:2273} INFO - Setting next_dagrun for example_external_task_marker_child to None
[2021-04-21 19:55:43,313] {logging_mixin.py:104} INFO - [2021-04-21 19:55:43,313] {dag.py:2273} INFO - Setting next_dagrun for example_external_task_marker_parent to None
[2021-04-21 19:55:43,321] {scheduler_job.py:190} INFO - Processing /home/airflow/.local/lib/python3.6/site-packages/airflow/example_dags/example_external_task_marker_dag.py took 0.063 seconds
[2021-04-21 19:56:13,695] {scheduler_job.py:182} INFO - Started process (PID=212) to work on /home/airflow/.local/lib/python3.6/site-packages/airflow/example_dags/example_external_task_marker_dag.py
[2021-04-21 19:56:13,697] {scheduler_job.py:629} INFO - Processing file /home/airflow/.local/lib/python3.6/site-packages/airflow/example_dags/example_external_task_marker_dag.py for tasks to queue
[2021-04-21 19:56:13,698] {logging_mixin.py:104} INFO - [2021-04-21 19:56:13,698] {dagbag.py:448} INFO - Filling up the DagBag from /home/airflow/.local/lib/python3.6/site-packages/airflow/example_dags/example_external_task_marker_dag.py
[2021-04-21 19:56:13,714] {scheduler_job.py:639} INFO - DAG(s) dict_keys(['example_external_task_marker_parent', 'example_external_task_marker_child']) retrieved from /home/airflow/.local/lib/python3.6/site-packages/airflow/example_dags/example_external_task_marker_dag.py
[2021-04-21 19:56:13,737] {logging_mixin.py:104} INFO - [2021-04-21 19:56:13,737] {dag.py:1818} INFO - Sync 2 DAGs
[2021-04-21 19:56:13,751] {logging_mixin.py:104} INFO - [2021-04-21 19:56:13,751] {dag.py:2273} INFO - Setting next_dagrun for example_external_task_marker_child to None
[2021-04-21 19:56:13,752] {logging_mixin.py:104} INFO - [2021-04-21 19:56:13,752] {dag.py:2273} INFO - Setting next_dagrun for example_external_task_marker_parent to None
[2021-04-21 19:56:13,760] {scheduler_job.py:190} INFO - Processing /home/airflow/.local/lib/python3.6/site-packages/airflow/example_dags/example_external_task_marker_dag.py took 0.068 seconds
[2021-04-21 19:56:43,952] {scheduler_job.py:182} INFO - Started process (PID=237) to work on /home/airflow/.local/lib/python3.6/site-packages/airflow/example_dags/example_external_task_marker_dag.py
[2021-04-21 19:56:43,953] {scheduler_job.py:629} INFO - Processing file /home/airflow/.local/lib/python3.6/site-packages/airflow/example_dags/example_external_task_marker_dag.py for tasks to queue
[2021-04-21 19:56:43,955] {logging_mixin.py:104} INFO - [2021-04-21 19:56:43,955] {dagbag.py:448} INFO - Filling up the DagBag from /home/airflow/.local/lib/python3.6/site-packages/airflow/example_dags/example_external_task_marker_dag.py
[2021-04-21 19:56:43,966] {scheduler_job.py:639} INFO - DAG(s) dict_keys(['example_external_task_marker_parent', 'example_external_task_marker_child']) retrieved from /home/airflow/.local/lib/python3.6/site-packages/airflow/example_dags/example_external_task_marker_dag.py
[2021-04-21 19:56:43,991] {logging_mixin.py:104} INFO - [2021-04-21 19:56:43,991] {dag.py:1818} INFO - Sync 2 DAGs
[2021-04-21 19:56:44,005] {logging_mixin.py:104} INFO - [2021-04-21 19:56:44,005] {dag.py:2273} INFO - Setting next_dagrun for example_external_task_marker_child to None
[2021-04-21 19:56:44,006] {logging_mixin.py:104} INFO - [2021-04-21 19:56:44,006] {dag.py:2273} INFO - Setting next_dagrun for example_external_task_marker_parent to None
[2021-04-21 19:56:44,016] {scheduler_job.py:190} INFO - Processing /home/airflow/.local/lib/python3.6/site-packages/airflow/example_dags/example_external_task_marker_dag.py took 0.067 seconds
[2021-04-21 19:57:14,234] {scheduler_job.py:182} INFO - Started process (PID=272) to work on /home/airflow/.local/lib/python3.6/site-packages/airflow/example_dags/example_external_task_marker_dag.py
[2021-04-21 19:57:14,236] {scheduler_job.py:629} INFO - Processing file /home/airflow/.local/lib/python3.6/site-packages/airflow/example_dags/example_external_task_marker_dag.py for tasks to queue
[2021-04-21 19:57:14,237] {logging_mixin.py:104} INFO - [2021-04-21 19:57:14,237] {dagbag.py:448} INFO - Filling up the DagBag from /home/airflow/.local/lib/python3.6/site-packages/airflow/example_dags/example_external_task_marker_dag.py
[2021-04-21 19:57:14,247] {scheduler_job.py:639} INFO - DAG(s) dict_keys(['example_external_task_marker_parent', 'example_external_task_marker_child']) retrieved from /home/airflow/.local/lib/python3.6/site-packages/airflow/example_dags/example_external_task_marker_dag.py
[2021-04-21 19:57:14,270] {logging_mixin.py:104} INFO - [2021-04-21 19:57:14,270] {dag.py:1818} INFO - Sync 2 DAGs
[2021-04-21 19:57:14,284] {logging_mixin.py:104} INFO - [2021-04-21 19:57:14,284] {dag.py:2273} INFO - Setting next_dagrun for example_external_task_marker_child to None
[2021-04-21 19:57:14,285] {logging_mixin.py:104} INFO - [2021-04-21 19:57:14,285] {dag.py:2273} INFO - Setting next_dagrun for example_external_task_marker_parent to None
[2021-04-21 19:57:14,298] {scheduler_job.py:190} INFO - Processing /home/airflow/.local/lib/python3.6/site-packages/airflow/example_dags/example_external_task_marker_dag.py took 0.067 seconds
[2021-04-21 19:57:44,500] {scheduler_job.py:182} INFO - Started process (PID=299) to work on /home/airflow/.local/lib/python3.6/site-packages/airflow/example_dags/example_external_task_marker_dag.py
[2021-04-21 19:57:44,501] {scheduler_job.py:629} INFO - Processing file /home/airflow/.local/lib/python3.6/site-packages/airflow/example_dags/example_external_task_marker_dag.py for tasks to queue
[2021-04-21 19:57:44,502] {logging_mixin.py:104} INFO - [2021-04-21 19:57:44,502] {dagbag.py:448} INFO - Filling up the DagBag from /home/airflow/.local/lib/python3.6/site-packages/airflow/example_dags/example_external_task_marker_dag.py
[2021-04-21 19:57:44,513] {scheduler_job.py:639} INFO - DAG(s) dict_keys(['example_external_task_marker_parent', 'example_external_task_marker_child']) retrieved from /home/airflow/.local/lib/python3.6/site-packages/airflow/example_dags/example_external_task_marker_dag.py
[2021-04-21 19:57:44,543] {logging_mixin.py:104} INFO - [2021-04-21 19:57:44,543] {dag.py:1818} INFO - Sync 2 DAGs
[2021-04-21 19:57:44,561] {logging_mixin.py:104} INFO - [2021-04-21 19:57:44,561] {dag.py:2273} INFO - Setting next_dagrun for example_external_task_marker_child to None
[2021-04-21 19:57:44,562] {logging_mixin.py:104} INFO - [2021-04-21 19:57:44,562] {dag.py:2273} INFO - Setting next_dagrun for example_external_task_marker_parent to None
[2021-04-21 19:57:44,573] {scheduler_job.py:190} INFO - Processing /home/airflow/.local/lib/python3.6/site-packages/airflow/example_dags/example_external_task_marker_dag.py took 0.077 seconds
[2021-04-21 19:58:14,793] {scheduler_job.py:182} INFO - Started process (PID=326) to work on /home/airflow/.local/lib/python3.6/site-packages/airflow/example_dags/example_external_task_marker_dag.py
[2021-04-21 19:58:14,794] {scheduler_job.py:629} INFO - Processing file /home/airflow/.local/lib/python3.6/site-packages/airflow/example_dags/example_external_task_marker_dag.py for tasks to queue
[2021-04-21 19:58:14,795] {logging_mixin.py:104} INFO - [2021-04-21 19:58:14,795] {dagbag.py:448} INFO - Filling up the DagBag from /home/airflow/.local/lib/python3.6/site-packages/airflow/example_dags/example_external_task_marker_dag.py
[2021-04-21 19:58:14,811] {scheduler_job.py:639} INFO - DAG(s) dict_keys(['example_external_task_marker_parent', 'example_external_task_marker_child']) retrieved from /home/airflow/.local/lib/python3.6/site-packages/airflow/example_dags/example_external_task_marker_dag.py
[2021-04-21 19:58:14,847] {logging_mixin.py:104} INFO - [2021-04-21 19:58:14,847] {dag.py:1818} INFO - Sync 2 DAGs
[2021-04-21 19:58:14,867] {logging_mixin.py:104} INFO - [2021-04-21 19:58:14,867] {dag.py:2273} INFO - Setting next_dagrun for example_external_task_marker_child to None
[2021-04-21 19:58:14,870] {logging_mixin.py:104} INFO - [2021-04-21 19:58:14,870] {dag.py:2273} INFO - Setting next_dagrun for example_external_task_marker_parent to None
[2021-04-21 19:58:14,886] {scheduler_job.py:190} INFO - Processing /home/airflow/.local/lib/python3.6/site-packages/airflow/example_dags/example_external_task_marker_dag.py took 0.097 seconds
[2021-04-21 19:58:45,011] {scheduler_job.py:182} INFO - Started process (PID=351) to work on /home/airflow/.local/lib/python3.6/site-packages/airflow/example_dags/example_external_task_marker_dag.py
[2021-04-21 19:58:45,012] {scheduler_job.py:629} INFO - Processing file /home/airflow/.local/lib/python3.6/site-packages/airflow/example_dags/example_external_task_marker_dag.py for tasks to queue
[2021-04-21 19:58:45,014] {logging_mixin.py:104} INFO - [2021-04-21 19:58:45,014] {dagbag.py:448} INFO - Filling up the DagBag from /home/airflow/.local/lib/python3.6/site-packages/airflow/example_dags/example_external_task_marker_dag.py
[2021-04-21 19:58:45,037] {scheduler_job.py:639} INFO - DAG(s) dict_keys(['example_external_task_marker_parent', 'example_external_task_marker_child']) retrieved from /home/airflow/.local/lib/python3.6/site-packages/airflow/example_dags/example_external_task_marker_dag.py
[2021-04-21 19:58:45,069] {logging_mixin.py:104} INFO - [2021-04-21 19:58:45,068] {dag.py:1818} INFO - Sync 2 DAGs
[2021-04-21 19:58:45,084] {logging_mixin.py:104} INFO - [2021-04-21 19:58:45,084] {dag.py:2273} INFO - Setting next_dagrun for example_external_task_marker_child to None
[2021-04-21 19:58:45,086] {logging_mixin.py:104} INFO - [2021-04-21 19:58:45,085] {dag.py:2273} INFO - Setting next_dagrun for example_external_task_marker_parent to None
[2021-04-21 19:58:45,099] {scheduler_job.py:190} INFO - Processing /home/airflow/.local/lib/python3.6/site-packages/airflow/example_dags/example_external_task_marker_dag.py took 0.091 seconds
[2021-04-21 19:59:15,388] {scheduler_job.py:182} INFO - Started process (PID=379) to work on /home/airflow/.local/lib/python3.6/site-packages/airflow/example_dags/example_external_task_marker_dag.py
[2021-04-21 19:59:15,389] {scheduler_job.py:629} INFO - Processing file /home/airflow/.local/lib/python3.6/site-packages/airflow/example_dags/example_external_task_marker_dag.py for tasks to queue
[2021-04-21 19:59:15,390] {logging_mixin.py:104} INFO - [2021-04-21 19:59:15,390] {dagbag.py:448} INFO - Filling up the DagBag from /home/airflow/.local/lib/python3.6/site-packages/airflow/example_dags/example_external_task_marker_dag.py
[2021-04-21 19:59:15,401] {scheduler_job.py:639} INFO - DAG(s) dict_keys(['example_external_task_marker_parent', 'example_external_task_marker_child']) retrieved from /home/airflow/.local/lib/python3.6/site-packages/airflow/example_dags/example_external_task_marker_dag.py
[2021-04-21 19:59:15,427] {logging_mixin.py:104} INFO - [2021-04-21 19:59:15,427] {dag.py:1818} INFO - Sync 2 DAGs
[2021-04-21 19:59:15,444] {logging_mixin.py:104} INFO - [2021-04-21 19:59:15,444] {dag.py:2273} INFO - Setting next_dagrun for example_external_task_marker_child to None
[2021-04-21 19:59:15,446] {logging_mixin.py:104} INFO - [2021-04-21 19:59:15,446] {dag.py:2273} INFO - Setting next_dagrun for example_external_task_marker_parent to None
[2021-04-21 19:59:15,456] {scheduler_job.py:190} INFO - Processing /home/airflow/.local/lib/python3.6/site-packages/airflow/example_dags/example_external_task_marker_dag.py took 0.071 seconds
[2021-04-21 19:59:45,564] {scheduler_job.py:182} INFO - Started process (PID=408) to work on /home/airflow/.local/lib/python3.6/site-packages/airflow/example_dags/example_external_task_marker_dag.py
[2021-04-21 19:59:45,566] {scheduler_job.py:629} INFO - Processing file /home/airflow/.local/lib/python3.6/site-packages/airflow/example_dags/example_external_task_marker_dag.py for tasks to queue
[2021-04-21 19:59:45,568] {logging_mixin.py:104} INFO - [2021-04-21 19:59:45,568] {dagbag.py:448} INFO - Filling up the DagBag from /home/airflow/.local/lib/python3.6/site-packages/airflow/example_dags/example_external_task_marker_dag.py
[2021-04-21 19:59:45,580] {scheduler_job.py:639} INFO - DAG(s) dict_keys(['example_external_task_marker_parent', 'example_external_task_marker_child']) retrieved from /home/airflow/.local/lib/python3.6/site-packages/airflow/example_dags/example_external_task_marker_dag.py
[2021-04-21 19:59:45,602] {logging_mixin.py:104} INFO - [2021-04-21 19:59:45,602] {dag.py:1818} INFO - Sync 2 DAGs
[2021-04-21 19:59:45,621] {logging_mixin.py:104} INFO - [2021-04-21 19:59:45,621] {dag.py:2273} INFO - Setting next_dagrun for example_external_task_marker_child to None
[2021-04-21 19:59:45,622] {logging_mixin.py:104} INFO - [2021-04-21 19:59:45,622] {dag.py:2273} INFO - Setting next_dagrun for example_external_task_marker_parent to None
[2021-04-21 19:59:45,631] {scheduler_job.py:190} INFO - Processing /home/airflow/.local/lib/python3.6/site-packages/airflow/example_dags/example_external_task_marker_dag.py took 0.070 seconds
[2021-04-21 20:00:15,773] {scheduler_job.py:182} INFO - Started process (PID=434) to work on /home/airflow/.local/lib/python3.6/site-packages/airflow/example_dags/example_external_task_marker_dag.py
[2021-04-21 20:00:15,775] {scheduler_job.py:629} INFO - Processing file /home/airflow/.local/lib/python3.6/site-packages/airflow/example_dags/example_external_task_marker_dag.py for tasks to queue
[2021-04-21 20:00:15,779] {logging_mixin.py:104} INFO - [2021-04-21 20:00:15,778] {dagbag.py:448} INFO - Filling up the DagBag from /home/airflow/.local/lib/python3.6/site-packages/airflow/example_dags/example_external_task_marker_dag.py
[2021-04-21 20:00:15,792] {scheduler_job.py:639} INFO - DAG(s) dict_keys(['example_external_task_marker_parent', 'example_external_task_marker_child']) retrieved from /home/airflow/.local/lib/python3.6/site-packages/airflow/example_dags/example_external_task_marker_dag.py
[2021-04-21 20:00:15,817] {logging_mixin.py:104} INFO - [2021-04-21 20:00:15,816] {dag.py:1818} INFO - Sync 2 DAGs
[2021-04-21 20:00:15,840] {logging_mixin.py:104} INFO - [2021-04-21 20:00:15,840] {dag.py:2273} INFO - Setting next_dagrun for example_external_task_marker_child to None
[2021-04-21 20:00:15,842] {logging_mixin.py:104} INFO - [2021-04-21 20:00:15,842] {dag.py:2273} INFO - Setting next_dagrun for example_external_task_marker_parent to None
[2021-04-21 20:00:15,851] {scheduler_job.py:190} INFO - Processing /home/airflow/.local/lib/python3.6/site-packages/airflow/example_dags/example_external_task_marker_dag.py took 0.081 seconds
[2021-04-21 20:00:45,987] {scheduler_job.py:182} INFO - Started process (PID=474) to work on /home/airflow/.local/lib/python3.6/site-packages/airflow/example_dags/example_external_task_marker_dag.py
[2021-04-21 20:00:45,989] {scheduler_job.py:629} INFO - Processing file /home/airflow/.local/lib/python3.6/site-packages/airflow/example_dags/example_external_task_marker_dag.py for tasks to queue
[2021-04-21 20:00:45,990] {logging_mixin.py:104} INFO - [2021-04-21 20:00:45,990] {dagbag.py:448} INFO - Filling up the DagBag from /home/airflow/.local/lib/python3.6/site-packages/airflow/example_dags/example_external_task_marker_dag.py
[2021-04-21 20:00:46,001] {scheduler_job.py:639} INFO - DAG(s) dict_keys(['example_external_task_marker_parent', 'example_external_task_marker_child']) retrieved from /home/airflow/.local/lib/python3.6/site-packages/airflow/example_dags/example_external_task_marker_dag.py
[2021-04-21 20:00:46,027] {logging_mixin.py:104} INFO - [2021-04-21 20:00:46,027] {dag.py:1818} INFO - Sync 2 DAGs
[2021-04-21 20:00:46,042] {logging_mixin.py:104} INFO - [2021-04-21 20:00:46,042] {dag.py:2273} INFO - Setting next_dagrun for example_external_task_marker_child to None
[2021-04-21 20:00:46,044] {logging_mixin.py:104} INFO - [2021-04-21 20:00:46,044] {dag.py:2273} INFO - Setting next_dagrun for example_external_task_marker_parent to None
[2021-04-21 20:00:46,054] {scheduler_job.py:190} INFO - Processing /home/airflow/.local/lib/python3.6/site-packages/airflow/example_dags/example_external_task_marker_dag.py took 0.070 seconds
[2021-04-21 20:01:16,385] {scheduler_job.py:182} INFO - Started process (PID=502) to work on /home/airflow/.local/lib/python3.6/site-packages/airflow/example_dags/example_external_task_marker_dag.py
[2021-04-21 20:01:16,387] {scheduler_job.py:629} INFO - Processing file /home/airflow/.local/lib/python3.6/site-packages/airflow/example_dags/example_external_task_marker_dag.py for tasks to queue
[2021-04-21 20:01:16,388] {logging_mixin.py:104} INFO - [2021-04-21 20:01:16,388] {dagbag.py:448} INFO - Filling up the DagBag from /home/airflow/.local/lib/python3.6/site-packages/airflow/example_dags/example_external_task_marker_dag.py
[2021-04-21 20:01:16,399] {scheduler_job.py:639} INFO - DAG(s) dict_keys(['example_external_task_marker_parent', 'example_external_task_marker_child']) retrieved from /home/airflow/.local/lib/python3.6/site-packages/airflow/example_dags/example_external_task_marker_dag.py
[2021-04-21 20:01:16,423] {logging_mixin.py:104} INFO - [2021-04-21 20:01:16,423] {dag.py:1818} INFO - Sync 2 DAGs
[2021-04-21 20:01:16,438] {logging_mixin.py:104} INFO - [2021-04-21 20:01:16,437] {dag.py:2273} INFO - Setting next_dagrun for example_external_task_marker_child to None
[2021-04-21 20:01:16,439] {logging_mixin.py:104} INFO - [2021-04-21 20:01:16,439] {dag.py:2273} INFO - Setting next_dagrun for example_external_task_marker_parent to None
[2021-04-21 20:01:16,450] {scheduler_job.py:190} INFO - Processing /home/airflow/.local/lib/python3.6/site-packages/airflow/example_dags/example_external_task_marker_dag.py took 0.069 seconds
[2021-04-21 20:01:46,883] {scheduler_job.py:182} INFO - Started process (PID=533) to work on /home/airflow/.local/lib/python3.6/site-packages/airflow/example_dags/example_external_task_marker_dag.py
[2021-04-21 20:01:46,885] {scheduler_job.py:629} INFO - Processing file /home/airflow/.local/lib/python3.6/site-packages/airflow/example_dags/example_external_task_marker_dag.py for tasks to queue
[2021-04-21 20:01:46,886] {logging_mixin.py:104} INFO - [2021-04-21 20:01:46,886] {dagbag.py:448} INFO - Filling up the DagBag from /home/airflow/.local/lib/python3.6/site-packages/airflow/example_dags/example_external_task_marker_dag.py
[2021-04-21 20:01:46,898] {scheduler_job.py:639} INFO - DAG(s) dict_keys(['example_external_task_marker_parent', 'example_external_task_marker_child']) retrieved from /home/airflow/.local/lib/python3.6/site-packages/airflow/example_dags/example_external_task_marker_dag.py
[2021-04-21 20:01:46,925] {logging_mixin.py:104} INFO - [2021-04-21 20:01:46,925] {dag.py:1818} INFO - Sync 2 DAGs
[2021-04-21 20:01:46,941] {logging_mixin.py:104} INFO - [2021-04-21 20:01:46,941] {dag.py:2273} INFO - Setting next_dagrun for example_external_task_marker_child to None
[2021-04-21 20:01:46,943] {logging_mixin.py:104} INFO - [2021-04-21 20:01:46,943] {dag.py:2273} INFO - Setting next_dagrun for example_external_task_marker_parent to None
[2021-04-21 20:01:46,955] {scheduler_job.py:190} INFO - Processing /home/airflow/.local/lib/python3.6/site-packages/airflow/example_dags/example_external_task_marker_dag.py took 0.075 seconds
[2021-04-21 20:02:17,123] {scheduler_job.py:182} INFO - Started process (PID=561) to work on /home/airflow/.local/lib/python3.6/site-packages/airflow/example_dags/example_external_task_marker_dag.py
[2021-04-21 20:02:17,125] {scheduler_job.py:629} INFO - Processing file /home/airflow/.local/lib/python3.6/site-packages/airflow/example_dags/example_external_task_marker_dag.py for tasks to queue
[2021-04-21 20:02:17,126] {logging_mixin.py:104} INFO - [2021-04-21 20:02:17,126] {dagbag.py:448} INFO - Filling up the DagBag from /home/airflow/.local/lib/python3.6/site-packages/airflow/example_dags/example_external_task_marker_dag.py
[2021-04-21 20:02:17,137] {scheduler_job.py:639} INFO - DAG(s) dict_keys(['example_external_task_marker_parent', 'example_external_task_marker_child']) retrieved from /home/airflow/.local/lib/python3.6/site-packages/airflow/example_dags/example_external_task_marker_dag.py
[2021-04-21 20:02:17,160] {logging_mixin.py:104} INFO - [2021-04-21 20:02:17,160] {dag.py:1818} INFO - Sync 2 DAGs
[2021-04-21 20:02:17,181] {logging_mixin.py:104} INFO - [2021-04-21 20:02:17,181] {dag.py:2273} INFO - Setting next_dagrun for example_external_task_marker_child to None
[2021-04-21 20:02:17,183] {logging_mixin.py:104} INFO - [2021-04-21 20:02:17,183] {dag.py:2273} INFO - Setting next_dagrun for example_external_task_marker_parent to None
[2021-04-21 20:02:17,199] {scheduler_job.py:190} INFO - Processing /home/airflow/.local/lib/python3.6/site-packages/airflow/example_dags/example_external_task_marker_dag.py took 0.079 seconds
