[2021-04-21 19:52:42,400] {scheduler_job.py:182} INFO - Started process (PID=47) to work on /home/airflow/.local/lib/python3.6/site-packages/airflow/example_dags/example_skip_dag.py
[2021-04-21 19:52:42,401] {scheduler_job.py:629} INFO - Processing file /home/airflow/.local/lib/python3.6/site-packages/airflow/example_dags/example_skip_dag.py for tasks to queue
[2021-04-21 19:52:42,402] {logging_mixin.py:104} INFO - [2021-04-21 19:52:42,402] {dagbag.py:448} INFO - Filling up the DagBag from /home/airflow/.local/lib/python3.6/site-packages/airflow/example_dags/example_skip_dag.py
[2021-04-21 19:52:42,413] {scheduler_job.py:639} INFO - DAG(s) dict_keys(['example_skip_dag']) retrieved from /home/airflow/.local/lib/python3.6/site-packages/airflow/example_dags/example_skip_dag.py
[2021-04-21 19:52:42,434] {logging_mixin.py:104} INFO - [2021-04-21 19:52:42,434] {dag.py:1818} INFO - Sync 1 DAGs
[2021-04-21 19:52:42,443] {logging_mixin.py:104} INFO - [2021-04-21 19:52:42,443] {dag.py:1837} INFO - Creating ORM DAG for example_skip_dag
[2021-04-21 19:52:42,448] {logging_mixin.py:104} INFO - [2021-04-21 19:52:42,448] {dag.py:2273} INFO - Setting next_dagrun for example_skip_dag to 2021-04-19 00:00:00+00:00
[2021-04-21 19:52:42,461] {scheduler_job.py:190} INFO - Processing /home/airflow/.local/lib/python3.6/site-packages/airflow/example_dags/example_skip_dag.py took 0.065 seconds
[2021-04-21 19:53:12,855] {scheduler_job.py:182} INFO - Started process (PID=72) to work on /home/airflow/.local/lib/python3.6/site-packages/airflow/example_dags/example_skip_dag.py
[2021-04-21 19:53:12,857] {scheduler_job.py:629} INFO - Processing file /home/airflow/.local/lib/python3.6/site-packages/airflow/example_dags/example_skip_dag.py for tasks to queue
[2021-04-21 19:53:12,859] {logging_mixin.py:104} INFO - [2021-04-21 19:53:12,859] {dagbag.py:448} INFO - Filling up the DagBag from /home/airflow/.local/lib/python3.6/site-packages/airflow/example_dags/example_skip_dag.py
[2021-04-21 19:53:12,873] {scheduler_job.py:639} INFO - DAG(s) dict_keys(['example_skip_dag']) retrieved from /home/airflow/.local/lib/python3.6/site-packages/airflow/example_dags/example_skip_dag.py
[2021-04-21 19:53:12,903] {logging_mixin.py:104} INFO - [2021-04-21 19:53:12,903] {dag.py:1818} INFO - Sync 1 DAGs
[2021-04-21 19:53:12,926] {logging_mixin.py:104} INFO - [2021-04-21 19:53:12,926] {dag.py:2273} INFO - Setting next_dagrun for example_skip_dag to 2021-04-19 00:00:00+00:00
[2021-04-21 19:53:12,938] {scheduler_job.py:190} INFO - Processing /home/airflow/.local/lib/python3.6/site-packages/airflow/example_dags/example_skip_dag.py took 0.086 seconds
[2021-04-21 19:53:43,267] {scheduler_job.py:182} INFO - Started process (PID=100) to work on /home/airflow/.local/lib/python3.6/site-packages/airflow/example_dags/example_skip_dag.py
[2021-04-21 19:53:43,270] {scheduler_job.py:629} INFO - Processing file /home/airflow/.local/lib/python3.6/site-packages/airflow/example_dags/example_skip_dag.py for tasks to queue
[2021-04-21 19:53:43,272] {logging_mixin.py:104} INFO - [2021-04-21 19:53:43,272] {dagbag.py:448} INFO - Filling up the DagBag from /home/airflow/.local/lib/python3.6/site-packages/airflow/example_dags/example_skip_dag.py
[2021-04-21 19:53:43,288] {scheduler_job.py:639} INFO - DAG(s) dict_keys(['example_skip_dag']) retrieved from /home/airflow/.local/lib/python3.6/site-packages/airflow/example_dags/example_skip_dag.py
[2021-04-21 19:53:43,316] {logging_mixin.py:104} INFO - [2021-04-21 19:53:43,316] {dag.py:1818} INFO - Sync 1 DAGs
[2021-04-21 19:53:43,332] {logging_mixin.py:104} INFO - [2021-04-21 19:53:43,332] {dag.py:2273} INFO - Setting next_dagrun for example_skip_dag to 2021-04-19 00:00:00+00:00
[2021-04-21 19:53:43,341] {scheduler_job.py:190} INFO - Processing /home/airflow/.local/lib/python3.6/site-packages/airflow/example_dags/example_skip_dag.py took 0.079 seconds
[2021-04-21 19:54:13,564] {scheduler_job.py:182} INFO - Started process (PID=126) to work on /home/airflow/.local/lib/python3.6/site-packages/airflow/example_dags/example_skip_dag.py
[2021-04-21 19:54:13,566] {scheduler_job.py:629} INFO - Processing file /home/airflow/.local/lib/python3.6/site-packages/airflow/example_dags/example_skip_dag.py for tasks to queue
[2021-04-21 19:54:13,568] {logging_mixin.py:104} INFO - [2021-04-21 19:54:13,568] {dagbag.py:448} INFO - Filling up the DagBag from /home/airflow/.local/lib/python3.6/site-packages/airflow/example_dags/example_skip_dag.py
[2021-04-21 19:54:13,581] {scheduler_job.py:639} INFO - DAG(s) dict_keys(['example_skip_dag']) retrieved from /home/airflow/.local/lib/python3.6/site-packages/airflow/example_dags/example_skip_dag.py
[2021-04-21 19:54:13,603] {logging_mixin.py:104} INFO - [2021-04-21 19:54:13,603] {dag.py:1818} INFO - Sync 1 DAGs
[2021-04-21 19:54:13,617] {logging_mixin.py:104} INFO - [2021-04-21 19:54:13,617] {dag.py:2273} INFO - Setting next_dagrun for example_skip_dag to 2021-04-19 00:00:00+00:00
[2021-04-21 19:54:13,625] {scheduler_job.py:190} INFO - Processing /home/airflow/.local/lib/python3.6/site-packages/airflow/example_dags/example_skip_dag.py took 0.066 seconds
[2021-04-21 19:54:43,759] {scheduler_job.py:182} INFO - Started process (PID=151) to work on /home/airflow/.local/lib/python3.6/site-packages/airflow/example_dags/example_skip_dag.py
[2021-04-21 19:54:43,760] {scheduler_job.py:629} INFO - Processing file /home/airflow/.local/lib/python3.6/site-packages/airflow/example_dags/example_skip_dag.py for tasks to queue
[2021-04-21 19:54:43,762] {logging_mixin.py:104} INFO - [2021-04-21 19:54:43,762] {dagbag.py:448} INFO - Filling up the DagBag from /home/airflow/.local/lib/python3.6/site-packages/airflow/example_dags/example_skip_dag.py
[2021-04-21 19:54:43,774] {scheduler_job.py:639} INFO - DAG(s) dict_keys(['example_skip_dag']) retrieved from /home/airflow/.local/lib/python3.6/site-packages/airflow/example_dags/example_skip_dag.py
[2021-04-21 19:54:43,796] {logging_mixin.py:104} INFO - [2021-04-21 19:54:43,796] {dag.py:1818} INFO - Sync 1 DAGs
[2021-04-21 19:54:43,812] {logging_mixin.py:104} INFO - [2021-04-21 19:54:43,812] {dag.py:2273} INFO - Setting next_dagrun for example_skip_dag to 2021-04-19 00:00:00+00:00
[2021-04-21 19:54:43,823] {scheduler_job.py:190} INFO - Processing /home/airflow/.local/lib/python3.6/site-packages/airflow/example_dags/example_skip_dag.py took 0.067 seconds
[2021-04-21 19:55:13,959] {scheduler_job.py:182} INFO - Started process (PID=178) to work on /home/airflow/.local/lib/python3.6/site-packages/airflow/example_dags/example_skip_dag.py
[2021-04-21 19:55:13,961] {scheduler_job.py:629} INFO - Processing file /home/airflow/.local/lib/python3.6/site-packages/airflow/example_dags/example_skip_dag.py for tasks to queue
[2021-04-21 19:55:13,962] {logging_mixin.py:104} INFO - [2021-04-21 19:55:13,962] {dagbag.py:448} INFO - Filling up the DagBag from /home/airflow/.local/lib/python3.6/site-packages/airflow/example_dags/example_skip_dag.py
[2021-04-21 19:55:13,976] {scheduler_job.py:639} INFO - DAG(s) dict_keys(['example_skip_dag']) retrieved from /home/airflow/.local/lib/python3.6/site-packages/airflow/example_dags/example_skip_dag.py
[2021-04-21 19:55:13,996] {logging_mixin.py:104} INFO - [2021-04-21 19:55:13,996] {dag.py:1818} INFO - Sync 1 DAGs
[2021-04-21 19:55:14,010] {logging_mixin.py:104} INFO - [2021-04-21 19:55:14,010] {dag.py:2273} INFO - Setting next_dagrun for example_skip_dag to 2021-04-19 00:00:00+00:00
[2021-04-21 19:55:14,019] {scheduler_job.py:190} INFO - Processing /home/airflow/.local/lib/python3.6/site-packages/airflow/example_dags/example_skip_dag.py took 0.063 seconds
[2021-04-21 19:55:44,210] {scheduler_job.py:182} INFO - Started process (PID=203) to work on /home/airflow/.local/lib/python3.6/site-packages/airflow/example_dags/example_skip_dag.py
[2021-04-21 19:55:44,211] {scheduler_job.py:629} INFO - Processing file /home/airflow/.local/lib/python3.6/site-packages/airflow/example_dags/example_skip_dag.py for tasks to queue
[2021-04-21 19:55:44,212] {logging_mixin.py:104} INFO - [2021-04-21 19:55:44,212] {dagbag.py:448} INFO - Filling up the DagBag from /home/airflow/.local/lib/python3.6/site-packages/airflow/example_dags/example_skip_dag.py
[2021-04-21 19:55:44,226] {scheduler_job.py:639} INFO - DAG(s) dict_keys(['example_skip_dag']) retrieved from /home/airflow/.local/lib/python3.6/site-packages/airflow/example_dags/example_skip_dag.py
[2021-04-21 19:55:44,252] {logging_mixin.py:104} INFO - [2021-04-21 19:55:44,252] {dag.py:1818} INFO - Sync 1 DAGs
[2021-04-21 19:55:44,268] {logging_mixin.py:104} INFO - [2021-04-21 19:55:44,268] {dag.py:2273} INFO - Setting next_dagrun for example_skip_dag to 2021-04-19 00:00:00+00:00
[2021-04-21 19:55:44,277] {scheduler_job.py:190} INFO - Processing /home/airflow/.local/lib/python3.6/site-packages/airflow/example_dags/example_skip_dag.py took 0.071 seconds
[2021-04-21 19:56:14,448] {scheduler_job.py:182} INFO - Started process (PID=227) to work on /home/airflow/.local/lib/python3.6/site-packages/airflow/example_dags/example_skip_dag.py
[2021-04-21 19:56:14,450] {scheduler_job.py:629} INFO - Processing file /home/airflow/.local/lib/python3.6/site-packages/airflow/example_dags/example_skip_dag.py for tasks to queue
[2021-04-21 19:56:14,451] {logging_mixin.py:104} INFO - [2021-04-21 19:56:14,451] {dagbag.py:448} INFO - Filling up the DagBag from /home/airflow/.local/lib/python3.6/site-packages/airflow/example_dags/example_skip_dag.py
[2021-04-21 19:56:14,463] {scheduler_job.py:639} INFO - DAG(s) dict_keys(['example_skip_dag']) retrieved from /home/airflow/.local/lib/python3.6/site-packages/airflow/example_dags/example_skip_dag.py
[2021-04-21 19:56:14,491] {logging_mixin.py:104} INFO - [2021-04-21 19:56:14,491] {dag.py:1818} INFO - Sync 1 DAGs
[2021-04-21 19:56:14,509] {logging_mixin.py:104} INFO - [2021-04-21 19:56:14,509] {dag.py:2273} INFO - Setting next_dagrun for example_skip_dag to 2021-04-19 00:00:00+00:00
[2021-04-21 19:56:14,539] {scheduler_job.py:190} INFO - Processing /home/airflow/.local/lib/python3.6/site-packages/airflow/example_dags/example_skip_dag.py took 0.095 seconds
[2021-04-21 19:56:44,823] {scheduler_job.py:182} INFO - Started process (PID=260) to work on /home/airflow/.local/lib/python3.6/site-packages/airflow/example_dags/example_skip_dag.py
[2021-04-21 19:56:44,825] {scheduler_job.py:629} INFO - Processing file /home/airflow/.local/lib/python3.6/site-packages/airflow/example_dags/example_skip_dag.py for tasks to queue
[2021-04-21 19:56:44,826] {logging_mixin.py:104} INFO - [2021-04-21 19:56:44,826] {dagbag.py:448} INFO - Filling up the DagBag from /home/airflow/.local/lib/python3.6/site-packages/airflow/example_dags/example_skip_dag.py
[2021-04-21 19:56:44,839] {scheduler_job.py:639} INFO - DAG(s) dict_keys(['example_skip_dag']) retrieved from /home/airflow/.local/lib/python3.6/site-packages/airflow/example_dags/example_skip_dag.py
[2021-04-21 19:56:44,865] {logging_mixin.py:104} INFO - [2021-04-21 19:56:44,865] {dag.py:1818} INFO - Sync 1 DAGs
[2021-04-21 19:56:44,888] {logging_mixin.py:104} INFO - [2021-04-21 19:56:44,888] {dag.py:2273} INFO - Setting next_dagrun for example_skip_dag to 2021-04-19 00:00:00+00:00
[2021-04-21 19:56:44,899] {scheduler_job.py:190} INFO - Processing /home/airflow/.local/lib/python3.6/site-packages/airflow/example_dags/example_skip_dag.py took 0.079 seconds
[2021-04-21 19:57:15,040] {scheduler_job.py:182} INFO - Started process (PID=289) to work on /home/airflow/.local/lib/python3.6/site-packages/airflow/example_dags/example_skip_dag.py
[2021-04-21 19:57:15,041] {scheduler_job.py:629} INFO - Processing file /home/airflow/.local/lib/python3.6/site-packages/airflow/example_dags/example_skip_dag.py for tasks to queue
[2021-04-21 19:57:15,043] {logging_mixin.py:104} INFO - [2021-04-21 19:57:15,043] {dagbag.py:448} INFO - Filling up the DagBag from /home/airflow/.local/lib/python3.6/site-packages/airflow/example_dags/example_skip_dag.py
[2021-04-21 19:57:15,054] {scheduler_job.py:639} INFO - DAG(s) dict_keys(['example_skip_dag']) retrieved from /home/airflow/.local/lib/python3.6/site-packages/airflow/example_dags/example_skip_dag.py
[2021-04-21 19:57:15,078] {logging_mixin.py:104} INFO - [2021-04-21 19:57:15,077] {dag.py:1818} INFO - Sync 1 DAGs
[2021-04-21 19:57:15,092] {logging_mixin.py:104} INFO - [2021-04-21 19:57:15,092] {dag.py:2273} INFO - Setting next_dagrun for example_skip_dag to 2021-04-19 00:00:00+00:00
[2021-04-21 19:57:15,100] {scheduler_job.py:190} INFO - Processing /home/airflow/.local/lib/python3.6/site-packages/airflow/example_dags/example_skip_dag.py took 0.063 seconds
[2021-04-21 19:57:45,208] {scheduler_job.py:182} INFO - Started process (PID=313) to work on /home/airflow/.local/lib/python3.6/site-packages/airflow/example_dags/example_skip_dag.py
[2021-04-21 19:57:45,210] {scheduler_job.py:629} INFO - Processing file /home/airflow/.local/lib/python3.6/site-packages/airflow/example_dags/example_skip_dag.py for tasks to queue
[2021-04-21 19:57:45,211] {logging_mixin.py:104} INFO - [2021-04-21 19:57:45,211] {dagbag.py:448} INFO - Filling up the DagBag from /home/airflow/.local/lib/python3.6/site-packages/airflow/example_dags/example_skip_dag.py
[2021-04-21 19:57:45,222] {scheduler_job.py:639} INFO - DAG(s) dict_keys(['example_skip_dag']) retrieved from /home/airflow/.local/lib/python3.6/site-packages/airflow/example_dags/example_skip_dag.py
[2021-04-21 19:57:45,246] {logging_mixin.py:104} INFO - [2021-04-21 19:57:45,246] {dag.py:1818} INFO - Sync 1 DAGs
[2021-04-21 19:57:45,262] {logging_mixin.py:104} INFO - [2021-04-21 19:57:45,261] {dag.py:2273} INFO - Setting next_dagrun for example_skip_dag to 2021-04-19 00:00:00+00:00
[2021-04-21 19:57:45,269] {scheduler_job.py:190} INFO - Processing /home/airflow/.local/lib/python3.6/site-packages/airflow/example_dags/example_skip_dag.py took 0.065 seconds
[2021-04-21 19:58:15,495] {scheduler_job.py:182} INFO - Started process (PID=340) to work on /home/airflow/.local/lib/python3.6/site-packages/airflow/example_dags/example_skip_dag.py
[2021-04-21 19:58:15,498] {scheduler_job.py:629} INFO - Processing file /home/airflow/.local/lib/python3.6/site-packages/airflow/example_dags/example_skip_dag.py for tasks to queue
[2021-04-21 19:58:15,499] {logging_mixin.py:104} INFO - [2021-04-21 19:58:15,499] {dagbag.py:448} INFO - Filling up the DagBag from /home/airflow/.local/lib/python3.6/site-packages/airflow/example_dags/example_skip_dag.py
[2021-04-21 19:58:15,509] {scheduler_job.py:639} INFO - DAG(s) dict_keys(['example_skip_dag']) retrieved from /home/airflow/.local/lib/python3.6/site-packages/airflow/example_dags/example_skip_dag.py
[2021-04-21 19:58:15,535] {logging_mixin.py:104} INFO - [2021-04-21 19:58:15,534] {dag.py:1818} INFO - Sync 1 DAGs
[2021-04-21 19:58:15,551] {logging_mixin.py:104} INFO - [2021-04-21 19:58:15,550] {dag.py:2273} INFO - Setting next_dagrun for example_skip_dag to 2021-04-19 00:00:00+00:00
[2021-04-21 19:58:15,561] {scheduler_job.py:190} INFO - Processing /home/airflow/.local/lib/python3.6/site-packages/airflow/example_dags/example_skip_dag.py took 0.070 seconds
[2021-04-21 19:58:45,819] {scheduler_job.py:182} INFO - Started process (PID=366) to work on /home/airflow/.local/lib/python3.6/site-packages/airflow/example_dags/example_skip_dag.py
[2021-04-21 19:58:45,821] {scheduler_job.py:629} INFO - Processing file /home/airflow/.local/lib/python3.6/site-packages/airflow/example_dags/example_skip_dag.py for tasks to queue
[2021-04-21 19:58:45,823] {logging_mixin.py:104} INFO - [2021-04-21 19:58:45,822] {dagbag.py:448} INFO - Filling up the DagBag from /home/airflow/.local/lib/python3.6/site-packages/airflow/example_dags/example_skip_dag.py
[2021-04-21 19:58:45,837] {scheduler_job.py:639} INFO - DAG(s) dict_keys(['example_skip_dag']) retrieved from /home/airflow/.local/lib/python3.6/site-packages/airflow/example_dags/example_skip_dag.py
[2021-04-21 19:58:45,869] {logging_mixin.py:104} INFO - [2021-04-21 19:58:45,869] {dag.py:1818} INFO - Sync 1 DAGs
[2021-04-21 19:58:45,886] {logging_mixin.py:104} INFO - [2021-04-21 19:58:45,886] {dag.py:2273} INFO - Setting next_dagrun for example_skip_dag to 2021-04-19 00:00:00+00:00
[2021-04-21 19:58:45,895] {scheduler_job.py:190} INFO - Processing /home/airflow/.local/lib/python3.6/site-packages/airflow/example_dags/example_skip_dag.py took 0.080 seconds
[2021-04-21 19:59:16,004] {scheduler_job.py:182} INFO - Started process (PID=393) to work on /home/airflow/.local/lib/python3.6/site-packages/airflow/example_dags/example_skip_dag.py
[2021-04-21 19:59:16,006] {scheduler_job.py:629} INFO - Processing file /home/airflow/.local/lib/python3.6/site-packages/airflow/example_dags/example_skip_dag.py for tasks to queue
[2021-04-21 19:59:16,007] {logging_mixin.py:104} INFO - [2021-04-21 19:59:16,007] {dagbag.py:448} INFO - Filling up the DagBag from /home/airflow/.local/lib/python3.6/site-packages/airflow/example_dags/example_skip_dag.py
[2021-04-21 19:59:16,018] {scheduler_job.py:639} INFO - DAG(s) dict_keys(['example_skip_dag']) retrieved from /home/airflow/.local/lib/python3.6/site-packages/airflow/example_dags/example_skip_dag.py
[2021-04-21 19:59:16,037] {logging_mixin.py:104} INFO - [2021-04-21 19:59:16,037] {dag.py:1818} INFO - Sync 1 DAGs
[2021-04-21 19:59:16,051] {logging_mixin.py:104} INFO - [2021-04-21 19:59:16,051] {dag.py:2273} INFO - Setting next_dagrun for example_skip_dag to 2021-04-19 00:00:00+00:00
[2021-04-21 19:59:16,062] {scheduler_job.py:190} INFO - Processing /home/airflow/.local/lib/python3.6/site-packages/airflow/example_dags/example_skip_dag.py took 0.061 seconds
[2021-04-21 19:59:46,209] {scheduler_job.py:182} INFO - Started process (PID=422) to work on /home/airflow/.local/lib/python3.6/site-packages/airflow/example_dags/example_skip_dag.py
[2021-04-21 19:59:46,212] {scheduler_job.py:629} INFO - Processing file /home/airflow/.local/lib/python3.6/site-packages/airflow/example_dags/example_skip_dag.py for tasks to queue
[2021-04-21 19:59:46,213] {logging_mixin.py:104} INFO - [2021-04-21 19:59:46,213] {dagbag.py:448} INFO - Filling up the DagBag from /home/airflow/.local/lib/python3.6/site-packages/airflow/example_dags/example_skip_dag.py
[2021-04-21 19:59:46,225] {scheduler_job.py:639} INFO - DAG(s) dict_keys(['example_skip_dag']) retrieved from /home/airflow/.local/lib/python3.6/site-packages/airflow/example_dags/example_skip_dag.py
[2021-04-21 19:59:46,253] {logging_mixin.py:104} INFO - [2021-04-21 19:59:46,253] {dag.py:1818} INFO - Sync 1 DAGs
[2021-04-21 19:59:46,273] {logging_mixin.py:104} INFO - [2021-04-21 19:59:46,273] {dag.py:2273} INFO - Setting next_dagrun for example_skip_dag to 2021-04-19 00:00:00+00:00
[2021-04-21 19:59:46,282] {scheduler_job.py:190} INFO - Processing /home/airflow/.local/lib/python3.6/site-packages/airflow/example_dags/example_skip_dag.py took 0.076 seconds
[2021-04-21 20:00:16,475] {scheduler_job.py:182} INFO - Started process (PID=448) to work on /home/airflow/.local/lib/python3.6/site-packages/airflow/example_dags/example_skip_dag.py
[2021-04-21 20:00:16,476] {scheduler_job.py:629} INFO - Processing file /home/airflow/.local/lib/python3.6/site-packages/airflow/example_dags/example_skip_dag.py for tasks to queue
[2021-04-21 20:00:16,477] {logging_mixin.py:104} INFO - [2021-04-21 20:00:16,477] {dagbag.py:448} INFO - Filling up the DagBag from /home/airflow/.local/lib/python3.6/site-packages/airflow/example_dags/example_skip_dag.py
[2021-04-21 20:00:16,488] {scheduler_job.py:639} INFO - DAG(s) dict_keys(['example_skip_dag']) retrieved from /home/airflow/.local/lib/python3.6/site-packages/airflow/example_dags/example_skip_dag.py
[2021-04-21 20:00:16,509] {logging_mixin.py:104} INFO - [2021-04-21 20:00:16,509] {dag.py:1818} INFO - Sync 1 DAGs
[2021-04-21 20:00:16,525] {logging_mixin.py:104} INFO - [2021-04-21 20:00:16,525] {dag.py:2273} INFO - Setting next_dagrun for example_skip_dag to 2021-04-19 00:00:00+00:00
[2021-04-21 20:00:16,533] {scheduler_job.py:190} INFO - Processing /home/airflow/.local/lib/python3.6/site-packages/airflow/example_dags/example_skip_dag.py took 0.062 seconds
[2021-04-21 20:00:46,690] {scheduler_job.py:182} INFO - Started process (PID=488) to work on /home/airflow/.local/lib/python3.6/site-packages/airflow/example_dags/example_skip_dag.py
[2021-04-21 20:00:46,693] {scheduler_job.py:629} INFO - Processing file /home/airflow/.local/lib/python3.6/site-packages/airflow/example_dags/example_skip_dag.py for tasks to queue
[2021-04-21 20:00:46,694] {logging_mixin.py:104} INFO - [2021-04-21 20:00:46,694] {dagbag.py:448} INFO - Filling up the DagBag from /home/airflow/.local/lib/python3.6/site-packages/airflow/example_dags/example_skip_dag.py
[2021-04-21 20:00:46,709] {scheduler_job.py:639} INFO - DAG(s) dict_keys(['example_skip_dag']) retrieved from /home/airflow/.local/lib/python3.6/site-packages/airflow/example_dags/example_skip_dag.py
[2021-04-21 20:00:46,740] {logging_mixin.py:104} INFO - [2021-04-21 20:00:46,740] {dag.py:1818} INFO - Sync 1 DAGs
[2021-04-21 20:00:46,761] {logging_mixin.py:104} INFO - [2021-04-21 20:00:46,761] {dag.py:2273} INFO - Setting next_dagrun for example_skip_dag to 2021-04-19 00:00:00+00:00
[2021-04-21 20:00:46,771] {scheduler_job.py:190} INFO - Processing /home/airflow/.local/lib/python3.6/site-packages/airflow/example_dags/example_skip_dag.py took 0.084 seconds
[2021-04-21 20:01:17,096] {scheduler_job.py:182} INFO - Started process (PID=516) to work on /home/airflow/.local/lib/python3.6/site-packages/airflow/example_dags/example_skip_dag.py
[2021-04-21 20:01:17,097] {scheduler_job.py:629} INFO - Processing file /home/airflow/.local/lib/python3.6/site-packages/airflow/example_dags/example_skip_dag.py for tasks to queue
[2021-04-21 20:01:17,098] {logging_mixin.py:104} INFO - [2021-04-21 20:01:17,098] {dagbag.py:448} INFO - Filling up the DagBag from /home/airflow/.local/lib/python3.6/site-packages/airflow/example_dags/example_skip_dag.py
[2021-04-21 20:01:17,110] {scheduler_job.py:639} INFO - DAG(s) dict_keys(['example_skip_dag']) retrieved from /home/airflow/.local/lib/python3.6/site-packages/airflow/example_dags/example_skip_dag.py
[2021-04-21 20:01:17,130] {logging_mixin.py:104} INFO - [2021-04-21 20:01:17,130] {dag.py:1818} INFO - Sync 1 DAGs
[2021-04-21 20:01:17,150] {logging_mixin.py:104} INFO - [2021-04-21 20:01:17,150] {dag.py:2273} INFO - Setting next_dagrun for example_skip_dag to 2021-04-19 00:00:00+00:00
[2021-04-21 20:01:17,162] {scheduler_job.py:190} INFO - Processing /home/airflow/.local/lib/python3.6/site-packages/airflow/example_dags/example_skip_dag.py took 0.071 seconds
[2021-04-21 20:01:47,386] {scheduler_job.py:182} INFO - Started process (PID=543) to work on /home/airflow/.local/lib/python3.6/site-packages/airflow/example_dags/example_skip_dag.py
[2021-04-21 20:01:47,388] {scheduler_job.py:629} INFO - Processing file /home/airflow/.local/lib/python3.6/site-packages/airflow/example_dags/example_skip_dag.py for tasks to queue
[2021-04-21 20:01:47,390] {logging_mixin.py:104} INFO - [2021-04-21 20:01:47,389] {dagbag.py:448} INFO - Filling up the DagBag from /home/airflow/.local/lib/python3.6/site-packages/airflow/example_dags/example_skip_dag.py
[2021-04-21 20:01:47,401] {scheduler_job.py:639} INFO - DAG(s) dict_keys(['example_skip_dag']) retrieved from /home/airflow/.local/lib/python3.6/site-packages/airflow/example_dags/example_skip_dag.py
[2021-04-21 20:01:47,424] {logging_mixin.py:104} INFO - [2021-04-21 20:01:47,424] {dag.py:1818} INFO - Sync 1 DAGs
[2021-04-21 20:01:47,450] {logging_mixin.py:104} INFO - [2021-04-21 20:01:47,450] {dag.py:2273} INFO - Setting next_dagrun for example_skip_dag to 2021-04-19 00:00:00+00:00
[2021-04-21 20:01:47,458] {scheduler_job.py:190} INFO - Processing /home/airflow/.local/lib/python3.6/site-packages/airflow/example_dags/example_skip_dag.py took 0.076 seconds
[2021-04-21 20:02:17,587] {scheduler_job.py:182} INFO - Started process (PID=570) to work on /home/airflow/.local/lib/python3.6/site-packages/airflow/example_dags/example_skip_dag.py
[2021-04-21 20:02:17,589] {scheduler_job.py:629} INFO - Processing file /home/airflow/.local/lib/python3.6/site-packages/airflow/example_dags/example_skip_dag.py for tasks to queue
[2021-04-21 20:02:17,590] {logging_mixin.py:104} INFO - [2021-04-21 20:02:17,590] {dagbag.py:448} INFO - Filling up the DagBag from /home/airflow/.local/lib/python3.6/site-packages/airflow/example_dags/example_skip_dag.py
[2021-04-21 20:02:17,608] {scheduler_job.py:639} INFO - DAG(s) dict_keys(['example_skip_dag']) retrieved from /home/airflow/.local/lib/python3.6/site-packages/airflow/example_dags/example_skip_dag.py
[2021-04-21 20:02:17,634] {logging_mixin.py:104} INFO - [2021-04-21 20:02:17,634] {dag.py:1818} INFO - Sync 1 DAGs
[2021-04-21 20:02:17,656] {logging_mixin.py:104} INFO - [2021-04-21 20:02:17,656] {dag.py:2273} INFO - Setting next_dagrun for example_skip_dag to 2021-04-19 00:00:00+00:00
[2021-04-21 20:02:17,668] {scheduler_job.py:190} INFO - Processing /home/airflow/.local/lib/python3.6/site-packages/airflow/example_dags/example_skip_dag.py took 0.085 seconds
