[2021-04-21 19:52:41,787] {scheduler_job.py:182} INFO - Started process (PID=38) to work on /home/airflow/.local/lib/python3.6/site-packages/airflow/example_dags/example_xcomargs.py
[2021-04-21 19:52:41,789] {scheduler_job.py:629} INFO - Processing file /home/airflow/.local/lib/python3.6/site-packages/airflow/example_dags/example_xcomargs.py for tasks to queue
[2021-04-21 19:52:41,790] {logging_mixin.py:104} INFO - [2021-04-21 19:52:41,790] {dagbag.py:448} INFO - Filling up the DagBag from /home/airflow/.local/lib/python3.6/site-packages/airflow/example_dags/example_xcomargs.py
[2021-04-21 19:52:41,808] {scheduler_job.py:639} INFO - DAG(s) dict_keys(['example_xcom_args', 'example_xcom_args_with_operators']) retrieved from /home/airflow/.local/lib/python3.6/site-packages/airflow/example_dags/example_xcomargs.py
[2021-04-21 19:52:41,838] {logging_mixin.py:104} INFO - [2021-04-21 19:52:41,838] {dag.py:1818} INFO - Sync 2 DAGs
[2021-04-21 19:52:41,865] {logging_mixin.py:104} INFO - [2021-04-21 19:52:41,865] {dag.py:1837} INFO - Creating ORM DAG for example_xcom_args
[2021-04-21 19:52:41,866] {logging_mixin.py:104} INFO - [2021-04-21 19:52:41,866] {dag.py:1837} INFO - Creating ORM DAG for example_xcom_args_with_operators
[2021-04-21 19:52:41,872] {logging_mixin.py:104} INFO - [2021-04-21 19:52:41,872] {dag.py:2273} INFO - Setting next_dagrun for example_xcom_args to None
[2021-04-21 19:52:41,873] {logging_mixin.py:104} INFO - [2021-04-21 19:52:41,873] {dag.py:2273} INFO - Setting next_dagrun for example_xcom_args_with_operators to None
[2021-04-21 19:52:41,898] {scheduler_job.py:190} INFO - Processing /home/airflow/.local/lib/python3.6/site-packages/airflow/example_dags/example_xcomargs.py took 0.115 seconds
[2021-04-21 19:53:12,267] {scheduler_job.py:182} INFO - Started process (PID=61) to work on /home/airflow/.local/lib/python3.6/site-packages/airflow/example_dags/example_xcomargs.py
[2021-04-21 19:53:12,270] {scheduler_job.py:629} INFO - Processing file /home/airflow/.local/lib/python3.6/site-packages/airflow/example_dags/example_xcomargs.py for tasks to queue
[2021-04-21 19:53:12,273] {logging_mixin.py:104} INFO - [2021-04-21 19:53:12,273] {dagbag.py:448} INFO - Filling up the DagBag from /home/airflow/.local/lib/python3.6/site-packages/airflow/example_dags/example_xcomargs.py
[2021-04-21 19:53:12,298] {scheduler_job.py:639} INFO - DAG(s) dict_keys(['example_xcom_args', 'example_xcom_args_with_operators']) retrieved from /home/airflow/.local/lib/python3.6/site-packages/airflow/example_dags/example_xcomargs.py
[2021-04-21 19:53:12,345] {logging_mixin.py:104} INFO - [2021-04-21 19:53:12,345] {dag.py:1818} INFO - Sync 2 DAGs
[2021-04-21 19:53:12,370] {logging_mixin.py:104} INFO - [2021-04-21 19:53:12,370] {dag.py:2273} INFO - Setting next_dagrun for example_xcom_args to None
[2021-04-21 19:53:12,373] {logging_mixin.py:104} INFO - [2021-04-21 19:53:12,372] {dag.py:2273} INFO - Setting next_dagrun for example_xcom_args_with_operators to None
[2021-04-21 19:53:12,385] {scheduler_job.py:190} INFO - Processing /home/airflow/.local/lib/python3.6/site-packages/airflow/example_dags/example_xcomargs.py took 0.127 seconds
[2021-04-21 19:53:42,614] {scheduler_job.py:182} INFO - Started process (PID=87) to work on /home/airflow/.local/lib/python3.6/site-packages/airflow/example_dags/example_xcomargs.py
[2021-04-21 19:53:42,618] {scheduler_job.py:629} INFO - Processing file /home/airflow/.local/lib/python3.6/site-packages/airflow/example_dags/example_xcomargs.py for tasks to queue
[2021-04-21 19:53:42,621] {logging_mixin.py:104} INFO - [2021-04-21 19:53:42,620] {dagbag.py:448} INFO - Filling up the DagBag from /home/airflow/.local/lib/python3.6/site-packages/airflow/example_dags/example_xcomargs.py
[2021-04-21 19:53:42,636] {scheduler_job.py:639} INFO - DAG(s) dict_keys(['example_xcom_args', 'example_xcom_args_with_operators']) retrieved from /home/airflow/.local/lib/python3.6/site-packages/airflow/example_dags/example_xcomargs.py
[2021-04-21 19:53:42,663] {logging_mixin.py:104} INFO - [2021-04-21 19:53:42,663] {dag.py:1818} INFO - Sync 2 DAGs
[2021-04-21 19:53:42,679] {logging_mixin.py:104} INFO - [2021-04-21 19:53:42,679] {dag.py:2273} INFO - Setting next_dagrun for example_xcom_args to None
[2021-04-21 19:53:42,681] {logging_mixin.py:104} INFO - [2021-04-21 19:53:42,681] {dag.py:2273} INFO - Setting next_dagrun for example_xcom_args_with_operators to None
[2021-04-21 19:53:42,698] {scheduler_job.py:190} INFO - Processing /home/airflow/.local/lib/python3.6/site-packages/airflow/example_dags/example_xcomargs.py took 0.088 seconds
[2021-04-21 19:54:12,937] {scheduler_job.py:182} INFO - Started process (PID=114) to work on /home/airflow/.local/lib/python3.6/site-packages/airflow/example_dags/example_xcomargs.py
[2021-04-21 19:54:12,939] {scheduler_job.py:629} INFO - Processing file /home/airflow/.local/lib/python3.6/site-packages/airflow/example_dags/example_xcomargs.py for tasks to queue
[2021-04-21 19:54:12,940] {logging_mixin.py:104} INFO - [2021-04-21 19:54:12,940] {dagbag.py:448} INFO - Filling up the DagBag from /home/airflow/.local/lib/python3.6/site-packages/airflow/example_dags/example_xcomargs.py
[2021-04-21 19:54:12,962] {scheduler_job.py:639} INFO - DAG(s) dict_keys(['example_xcom_args', 'example_xcom_args_with_operators']) retrieved from /home/airflow/.local/lib/python3.6/site-packages/airflow/example_dags/example_xcomargs.py
[2021-04-21 19:54:12,988] {logging_mixin.py:104} INFO - [2021-04-21 19:54:12,988] {dag.py:1818} INFO - Sync 2 DAGs
[2021-04-21 19:54:13,001] {logging_mixin.py:104} INFO - [2021-04-21 19:54:13,001] {dag.py:2273} INFO - Setting next_dagrun for example_xcom_args to None
[2021-04-21 19:54:13,006] {logging_mixin.py:104} INFO - [2021-04-21 19:54:13,006] {dag.py:2273} INFO - Setting next_dagrun for example_xcom_args_with_operators to None
[2021-04-21 19:54:13,015] {scheduler_job.py:190} INFO - Processing /home/airflow/.local/lib/python3.6/site-packages/airflow/example_dags/example_xcomargs.py took 0.084 seconds
[2021-04-21 19:54:43,203] {scheduler_job.py:182} INFO - Started process (PID=140) to work on /home/airflow/.local/lib/python3.6/site-packages/airflow/example_dags/example_xcomargs.py
[2021-04-21 19:54:43,205] {scheduler_job.py:629} INFO - Processing file /home/airflow/.local/lib/python3.6/site-packages/airflow/example_dags/example_xcomargs.py for tasks to queue
[2021-04-21 19:54:43,208] {logging_mixin.py:104} INFO - [2021-04-21 19:54:43,208] {dagbag.py:448} INFO - Filling up the DagBag from /home/airflow/.local/lib/python3.6/site-packages/airflow/example_dags/example_xcomargs.py
[2021-04-21 19:54:43,225] {scheduler_job.py:639} INFO - DAG(s) dict_keys(['example_xcom_args', 'example_xcom_args_with_operators']) retrieved from /home/airflow/.local/lib/python3.6/site-packages/airflow/example_dags/example_xcomargs.py
[2021-04-21 19:54:43,262] {logging_mixin.py:104} INFO - [2021-04-21 19:54:43,261] {dag.py:1818} INFO - Sync 2 DAGs
[2021-04-21 19:54:43,279] {logging_mixin.py:104} INFO - [2021-04-21 19:54:43,279] {dag.py:2273} INFO - Setting next_dagrun for example_xcom_args to None
[2021-04-21 19:54:43,282] {logging_mixin.py:104} INFO - [2021-04-21 19:54:43,282] {dag.py:2273} INFO - Setting next_dagrun for example_xcom_args_with_operators to None
[2021-04-21 19:54:43,295] {scheduler_job.py:190} INFO - Processing /home/airflow/.local/lib/python3.6/site-packages/airflow/example_dags/example_xcomargs.py took 0.097 seconds
[2021-04-21 19:55:13,361] {scheduler_job.py:182} INFO - Started process (PID=166) to work on /home/airflow/.local/lib/python3.6/site-packages/airflow/example_dags/example_xcomargs.py
[2021-04-21 19:55:13,362] {scheduler_job.py:629} INFO - Processing file /home/airflow/.local/lib/python3.6/site-packages/airflow/example_dags/example_xcomargs.py for tasks to queue
[2021-04-21 19:55:13,363] {logging_mixin.py:104} INFO - [2021-04-21 19:55:13,363] {dagbag.py:448} INFO - Filling up the DagBag from /home/airflow/.local/lib/python3.6/site-packages/airflow/example_dags/example_xcomargs.py
[2021-04-21 19:55:13,378] {scheduler_job.py:639} INFO - DAG(s) dict_keys(['example_xcom_args', 'example_xcom_args_with_operators']) retrieved from /home/airflow/.local/lib/python3.6/site-packages/airflow/example_dags/example_xcomargs.py
[2021-04-21 19:55:13,405] {logging_mixin.py:104} INFO - [2021-04-21 19:55:13,405] {dag.py:1818} INFO - Sync 2 DAGs
[2021-04-21 19:55:13,428] {logging_mixin.py:104} INFO - [2021-04-21 19:55:13,428] {dag.py:2273} INFO - Setting next_dagrun for example_xcom_args to None
[2021-04-21 19:55:13,430] {logging_mixin.py:104} INFO - [2021-04-21 19:55:13,430] {dag.py:2273} INFO - Setting next_dagrun for example_xcom_args_with_operators to None
[2021-04-21 19:55:13,441] {scheduler_job.py:190} INFO - Processing /home/airflow/.local/lib/python3.6/site-packages/airflow/example_dags/example_xcomargs.py took 0.084 seconds
[2021-04-21 19:55:43,583] {scheduler_job.py:182} INFO - Started process (PID=192) to work on /home/airflow/.local/lib/python3.6/site-packages/airflow/example_dags/example_xcomargs.py
[2021-04-21 19:55:43,586] {scheduler_job.py:629} INFO - Processing file /home/airflow/.local/lib/python3.6/site-packages/airflow/example_dags/example_xcomargs.py for tasks to queue
[2021-04-21 19:55:43,587] {logging_mixin.py:104} INFO - [2021-04-21 19:55:43,587] {dagbag.py:448} INFO - Filling up the DagBag from /home/airflow/.local/lib/python3.6/site-packages/airflow/example_dags/example_xcomargs.py
[2021-04-21 19:55:43,601] {scheduler_job.py:639} INFO - DAG(s) dict_keys(['example_xcom_args', 'example_xcom_args_with_operators']) retrieved from /home/airflow/.local/lib/python3.6/site-packages/airflow/example_dags/example_xcomargs.py
[2021-04-21 19:55:43,625] {logging_mixin.py:104} INFO - [2021-04-21 19:55:43,625] {dag.py:1818} INFO - Sync 2 DAGs
[2021-04-21 19:55:43,640] {logging_mixin.py:104} INFO - [2021-04-21 19:55:43,640] {dag.py:2273} INFO - Setting next_dagrun for example_xcom_args to None
[2021-04-21 19:55:43,641] {logging_mixin.py:104} INFO - [2021-04-21 19:55:43,641] {dag.py:2273} INFO - Setting next_dagrun for example_xcom_args_with_operators to None
[2021-04-21 19:55:43,653] {scheduler_job.py:190} INFO - Processing /home/airflow/.local/lib/python3.6/site-packages/airflow/example_dags/example_xcomargs.py took 0.076 seconds
[2021-04-21 19:56:13,836] {scheduler_job.py:182} INFO - Started process (PID=215) to work on /home/airflow/.local/lib/python3.6/site-packages/airflow/example_dags/example_xcomargs.py
[2021-04-21 19:56:13,837] {scheduler_job.py:629} INFO - Processing file /home/airflow/.local/lib/python3.6/site-packages/airflow/example_dags/example_xcomargs.py for tasks to queue
[2021-04-21 19:56:13,838] {logging_mixin.py:104} INFO - [2021-04-21 19:56:13,838] {dagbag.py:448} INFO - Filling up the DagBag from /home/airflow/.local/lib/python3.6/site-packages/airflow/example_dags/example_xcomargs.py
[2021-04-21 19:56:13,853] {scheduler_job.py:639} INFO - DAG(s) dict_keys(['example_xcom_args', 'example_xcom_args_with_operators']) retrieved from /home/airflow/.local/lib/python3.6/site-packages/airflow/example_dags/example_xcomargs.py
[2021-04-21 19:56:13,881] {logging_mixin.py:104} INFO - [2021-04-21 19:56:13,881] {dag.py:1818} INFO - Sync 2 DAGs
[2021-04-21 19:56:13,895] {logging_mixin.py:104} INFO - [2021-04-21 19:56:13,894] {dag.py:2273} INFO - Setting next_dagrun for example_xcom_args to None
[2021-04-21 19:56:13,896] {logging_mixin.py:104} INFO - [2021-04-21 19:56:13,896] {dag.py:2273} INFO - Setting next_dagrun for example_xcom_args_with_operators to None
[2021-04-21 19:56:13,909] {scheduler_job.py:190} INFO - Processing /home/airflow/.local/lib/python3.6/site-packages/airflow/example_dags/example_xcomargs.py took 0.076 seconds
[2021-04-21 19:56:44,073] {scheduler_job.py:182} INFO - Started process (PID=240) to work on /home/airflow/.local/lib/python3.6/site-packages/airflow/example_dags/example_xcomargs.py
[2021-04-21 19:56:44,075] {scheduler_job.py:629} INFO - Processing file /home/airflow/.local/lib/python3.6/site-packages/airflow/example_dags/example_xcomargs.py for tasks to queue
[2021-04-21 19:56:44,076] {logging_mixin.py:104} INFO - [2021-04-21 19:56:44,076] {dagbag.py:448} INFO - Filling up the DagBag from /home/airflow/.local/lib/python3.6/site-packages/airflow/example_dags/example_xcomargs.py
[2021-04-21 19:56:44,089] {scheduler_job.py:639} INFO - DAG(s) dict_keys(['example_xcom_args', 'example_xcom_args_with_operators']) retrieved from /home/airflow/.local/lib/python3.6/site-packages/airflow/example_dags/example_xcomargs.py
[2021-04-21 19:56:44,114] {logging_mixin.py:104} INFO - [2021-04-21 19:56:44,114] {dag.py:1818} INFO - Sync 2 DAGs
[2021-04-21 19:56:44,129] {logging_mixin.py:104} INFO - [2021-04-21 19:56:44,129] {dag.py:2273} INFO - Setting next_dagrun for example_xcom_args to None
[2021-04-21 19:56:44,131] {logging_mixin.py:104} INFO - [2021-04-21 19:56:44,130] {dag.py:2273} INFO - Setting next_dagrun for example_xcom_args_with_operators to None
[2021-04-21 19:56:44,144] {scheduler_job.py:190} INFO - Processing /home/airflow/.local/lib/python3.6/site-packages/airflow/example_dags/example_xcomargs.py took 0.074 seconds
[2021-04-21 19:57:14,400] {scheduler_job.py:182} INFO - Started process (PID=276) to work on /home/airflow/.local/lib/python3.6/site-packages/airflow/example_dags/example_xcomargs.py
[2021-04-21 19:57:14,402] {scheduler_job.py:629} INFO - Processing file /home/airflow/.local/lib/python3.6/site-packages/airflow/example_dags/example_xcomargs.py for tasks to queue
[2021-04-21 19:57:14,403] {logging_mixin.py:104} INFO - [2021-04-21 19:57:14,403] {dagbag.py:448} INFO - Filling up the DagBag from /home/airflow/.local/lib/python3.6/site-packages/airflow/example_dags/example_xcomargs.py
[2021-04-21 19:57:14,417] {scheduler_job.py:639} INFO - DAG(s) dict_keys(['example_xcom_args', 'example_xcom_args_with_operators']) retrieved from /home/airflow/.local/lib/python3.6/site-packages/airflow/example_dags/example_xcomargs.py
[2021-04-21 19:57:14,455] {logging_mixin.py:104} INFO - [2021-04-21 19:57:14,455] {dag.py:1818} INFO - Sync 2 DAGs
[2021-04-21 19:57:14,474] {logging_mixin.py:104} INFO - [2021-04-21 19:57:14,474] {dag.py:2273} INFO - Setting next_dagrun for example_xcom_args to None
[2021-04-21 19:57:14,477] {logging_mixin.py:104} INFO - [2021-04-21 19:57:14,477] {dag.py:2273} INFO - Setting next_dagrun for example_xcom_args_with_operators to None
[2021-04-21 19:57:14,489] {scheduler_job.py:190} INFO - Processing /home/airflow/.local/lib/python3.6/site-packages/airflow/example_dags/example_xcomargs.py took 0.092 seconds
[2021-04-21 19:57:44,742] {scheduler_job.py:182} INFO - Started process (PID=304) to work on /home/airflow/.local/lib/python3.6/site-packages/airflow/example_dags/example_xcomargs.py
[2021-04-21 19:57:44,743] {scheduler_job.py:629} INFO - Processing file /home/airflow/.local/lib/python3.6/site-packages/airflow/example_dags/example_xcomargs.py for tasks to queue
[2021-04-21 19:57:44,744] {logging_mixin.py:104} INFO - [2021-04-21 19:57:44,744] {dagbag.py:448} INFO - Filling up the DagBag from /home/airflow/.local/lib/python3.6/site-packages/airflow/example_dags/example_xcomargs.py
[2021-04-21 19:57:44,758] {scheduler_job.py:639} INFO - DAG(s) dict_keys(['example_xcom_args', 'example_xcom_args_with_operators']) retrieved from /home/airflow/.local/lib/python3.6/site-packages/airflow/example_dags/example_xcomargs.py
[2021-04-21 19:57:44,790] {logging_mixin.py:104} INFO - [2021-04-21 19:57:44,790] {dag.py:1818} INFO - Sync 2 DAGs
[2021-04-21 19:57:44,807] {logging_mixin.py:104} INFO - [2021-04-21 19:57:44,807] {dag.py:2273} INFO - Setting next_dagrun for example_xcom_args to None
[2021-04-21 19:57:44,808] {logging_mixin.py:104} INFO - [2021-04-21 19:57:44,808] {dag.py:2273} INFO - Setting next_dagrun for example_xcom_args_with_operators to None
[2021-04-21 19:57:44,823] {scheduler_job.py:190} INFO - Processing /home/airflow/.local/lib/python3.6/site-packages/airflow/example_dags/example_xcomargs.py took 0.088 seconds
[2021-04-21 19:58:15,057] {scheduler_job.py:182} INFO - Started process (PID=331) to work on /home/airflow/.local/lib/python3.6/site-packages/airflow/example_dags/example_xcomargs.py
[2021-04-21 19:58:15,059] {scheduler_job.py:629} INFO - Processing file /home/airflow/.local/lib/python3.6/site-packages/airflow/example_dags/example_xcomargs.py for tasks to queue
[2021-04-21 19:58:15,060] {logging_mixin.py:104} INFO - [2021-04-21 19:58:15,060] {dagbag.py:448} INFO - Filling up the DagBag from /home/airflow/.local/lib/python3.6/site-packages/airflow/example_dags/example_xcomargs.py
[2021-04-21 19:58:15,074] {scheduler_job.py:639} INFO - DAG(s) dict_keys(['example_xcom_args', 'example_xcom_args_with_operators']) retrieved from /home/airflow/.local/lib/python3.6/site-packages/airflow/example_dags/example_xcomargs.py
[2021-04-21 19:58:15,106] {logging_mixin.py:104} INFO - [2021-04-21 19:58:15,106] {dag.py:1818} INFO - Sync 2 DAGs
[2021-04-21 19:58:15,121] {logging_mixin.py:104} INFO - [2021-04-21 19:58:15,121] {dag.py:2273} INFO - Setting next_dagrun for example_xcom_args to None
[2021-04-21 19:58:15,122] {logging_mixin.py:104} INFO - [2021-04-21 19:58:15,122] {dag.py:2273} INFO - Setting next_dagrun for example_xcom_args_with_operators to None
[2021-04-21 19:58:15,132] {scheduler_job.py:190} INFO - Processing /home/airflow/.local/lib/python3.6/site-packages/airflow/example_dags/example_xcomargs.py took 0.078 seconds
[2021-04-21 19:58:45,409] {scheduler_job.py:182} INFO - Started process (PID=360) to work on /home/airflow/.local/lib/python3.6/site-packages/airflow/example_dags/example_xcomargs.py
[2021-04-21 19:58:45,410] {scheduler_job.py:629} INFO - Processing file /home/airflow/.local/lib/python3.6/site-packages/airflow/example_dags/example_xcomargs.py for tasks to queue
[2021-04-21 19:58:45,411] {logging_mixin.py:104} INFO - [2021-04-21 19:58:45,411] {dagbag.py:448} INFO - Filling up the DagBag from /home/airflow/.local/lib/python3.6/site-packages/airflow/example_dags/example_xcomargs.py
[2021-04-21 19:58:45,425] {scheduler_job.py:639} INFO - DAG(s) dict_keys(['example_xcom_args', 'example_xcom_args_with_operators']) retrieved from /home/airflow/.local/lib/python3.6/site-packages/airflow/example_dags/example_xcomargs.py
[2021-04-21 19:58:45,451] {logging_mixin.py:104} INFO - [2021-04-21 19:58:45,451] {dag.py:1818} INFO - Sync 2 DAGs
[2021-04-21 19:58:45,470] {logging_mixin.py:104} INFO - [2021-04-21 19:58:45,470] {dag.py:2273} INFO - Setting next_dagrun for example_xcom_args to None
[2021-04-21 19:58:45,472] {logging_mixin.py:104} INFO - [2021-04-21 19:58:45,472] {dag.py:2273} INFO - Setting next_dagrun for example_xcom_args_with_operators to None
[2021-04-21 19:58:45,482] {scheduler_job.py:190} INFO - Processing /home/airflow/.local/lib/python3.6/site-packages/airflow/example_dags/example_xcomargs.py took 0.077 seconds
[2021-04-21 19:59:15,739] {scheduler_job.py:182} INFO - Started process (PID=387) to work on /home/airflow/.local/lib/python3.6/site-packages/airflow/example_dags/example_xcomargs.py
[2021-04-21 19:59:15,741] {scheduler_job.py:629} INFO - Processing file /home/airflow/.local/lib/python3.6/site-packages/airflow/example_dags/example_xcomargs.py for tasks to queue
[2021-04-21 19:59:15,742] {logging_mixin.py:104} INFO - [2021-04-21 19:59:15,742] {dagbag.py:448} INFO - Filling up the DagBag from /home/airflow/.local/lib/python3.6/site-packages/airflow/example_dags/example_xcomargs.py
[2021-04-21 19:59:15,755] {scheduler_job.py:639} INFO - DAG(s) dict_keys(['example_xcom_args', 'example_xcom_args_with_operators']) retrieved from /home/airflow/.local/lib/python3.6/site-packages/airflow/example_dags/example_xcomargs.py
[2021-04-21 19:59:15,779] {logging_mixin.py:104} INFO - [2021-04-21 19:59:15,779] {dag.py:1818} INFO - Sync 2 DAGs
[2021-04-21 19:59:15,797] {logging_mixin.py:104} INFO - [2021-04-21 19:59:15,797] {dag.py:2273} INFO - Setting next_dagrun for example_xcom_args to None
[2021-04-21 19:59:15,799] {logging_mixin.py:104} INFO - [2021-04-21 19:59:15,799] {dag.py:2273} INFO - Setting next_dagrun for example_xcom_args_with_operators to None
[2021-04-21 19:59:15,809] {scheduler_job.py:190} INFO - Processing /home/airflow/.local/lib/python3.6/site-packages/airflow/example_dags/example_xcomargs.py took 0.073 seconds
[2021-04-21 19:59:46,063] {scheduler_job.py:182} INFO - Started process (PID=419) to work on /home/airflow/.local/lib/python3.6/site-packages/airflow/example_dags/example_xcomargs.py
[2021-04-21 19:59:46,065] {scheduler_job.py:629} INFO - Processing file /home/airflow/.local/lib/python3.6/site-packages/airflow/example_dags/example_xcomargs.py for tasks to queue
[2021-04-21 19:59:46,067] {logging_mixin.py:104} INFO - [2021-04-21 19:59:46,067] {dagbag.py:448} INFO - Filling up the DagBag from /home/airflow/.local/lib/python3.6/site-packages/airflow/example_dags/example_xcomargs.py
[2021-04-21 19:59:46,082] {scheduler_job.py:639} INFO - DAG(s) dict_keys(['example_xcom_args', 'example_xcom_args_with_operators']) retrieved from /home/airflow/.local/lib/python3.6/site-packages/airflow/example_dags/example_xcomargs.py
[2021-04-21 19:59:46,112] {logging_mixin.py:104} INFO - [2021-04-21 19:59:46,112] {dag.py:1818} INFO - Sync 2 DAGs
[2021-04-21 19:59:46,129] {logging_mixin.py:104} INFO - [2021-04-21 19:59:46,129] {dag.py:2273} INFO - Setting next_dagrun for example_xcom_args to None
[2021-04-21 19:59:46,131] {logging_mixin.py:104} INFO - [2021-04-21 19:59:46,130] {dag.py:2273} INFO - Setting next_dagrun for example_xcom_args_with_operators to None
[2021-04-21 19:59:46,144] {scheduler_job.py:190} INFO - Processing /home/airflow/.local/lib/python3.6/site-packages/airflow/example_dags/example_xcomargs.py took 0.085 seconds
[2021-04-21 20:00:16,420] {scheduler_job.py:182} INFO - Started process (PID=447) to work on /home/airflow/.local/lib/python3.6/site-packages/airflow/example_dags/example_xcomargs.py
[2021-04-21 20:00:16,423] {scheduler_job.py:629} INFO - Processing file /home/airflow/.local/lib/python3.6/site-packages/airflow/example_dags/example_xcomargs.py for tasks to queue
[2021-04-21 20:00:16,424] {logging_mixin.py:104} INFO - [2021-04-21 20:00:16,424] {dagbag.py:448} INFO - Filling up the DagBag from /home/airflow/.local/lib/python3.6/site-packages/airflow/example_dags/example_xcomargs.py
[2021-04-21 20:00:16,439] {scheduler_job.py:639} INFO - DAG(s) dict_keys(['example_xcom_args', 'example_xcom_args_with_operators']) retrieved from /home/airflow/.local/lib/python3.6/site-packages/airflow/example_dags/example_xcomargs.py
[2021-04-21 20:00:16,467] {logging_mixin.py:104} INFO - [2021-04-21 20:00:16,467] {dag.py:1818} INFO - Sync 2 DAGs
[2021-04-21 20:00:16,481] {logging_mixin.py:104} INFO - [2021-04-21 20:00:16,481] {dag.py:2273} INFO - Setting next_dagrun for example_xcom_args to None
[2021-04-21 20:00:16,483] {logging_mixin.py:104} INFO - [2021-04-21 20:00:16,483] {dag.py:2273} INFO - Setting next_dagrun for example_xcom_args_with_operators to None
[2021-04-21 20:00:16,492] {scheduler_job.py:190} INFO - Processing /home/airflow/.local/lib/python3.6/site-packages/airflow/example_dags/example_xcomargs.py took 0.076 seconds
[2021-04-21 20:00:46,570] {scheduler_job.py:182} INFO - Started process (PID=486) to work on /home/airflow/.local/lib/python3.6/site-packages/airflow/example_dags/example_xcomargs.py
[2021-04-21 20:00:46,572] {scheduler_job.py:629} INFO - Processing file /home/airflow/.local/lib/python3.6/site-packages/airflow/example_dags/example_xcomargs.py for tasks to queue
[2021-04-21 20:00:46,574] {logging_mixin.py:104} INFO - [2021-04-21 20:00:46,574] {dagbag.py:448} INFO - Filling up the DagBag from /home/airflow/.local/lib/python3.6/site-packages/airflow/example_dags/example_xcomargs.py
[2021-04-21 20:00:46,594] {scheduler_job.py:639} INFO - DAG(s) dict_keys(['example_xcom_args', 'example_xcom_args_with_operators']) retrieved from /home/airflow/.local/lib/python3.6/site-packages/airflow/example_dags/example_xcomargs.py
[2021-04-21 20:00:46,634] {logging_mixin.py:104} INFO - [2021-04-21 20:00:46,634] {dag.py:1818} INFO - Sync 2 DAGs
[2021-04-21 20:00:46,651] {logging_mixin.py:104} INFO - [2021-04-21 20:00:46,651] {dag.py:2273} INFO - Setting next_dagrun for example_xcom_args to None
[2021-04-21 20:00:46,653] {logging_mixin.py:104} INFO - [2021-04-21 20:00:46,653] {dag.py:2273} INFO - Setting next_dagrun for example_xcom_args_with_operators to None
[2021-04-21 20:00:46,665] {scheduler_job.py:190} INFO - Processing /home/airflow/.local/lib/python3.6/site-packages/airflow/example_dags/example_xcomargs.py took 0.099 seconds
[2021-04-21 20:01:16,709] {scheduler_job.py:182} INFO - Started process (PID=509) to work on /home/airflow/.local/lib/python3.6/site-packages/airflow/example_dags/example_xcomargs.py
[2021-04-21 20:01:16,711] {scheduler_job.py:629} INFO - Processing file /home/airflow/.local/lib/python3.6/site-packages/airflow/example_dags/example_xcomargs.py for tasks to queue
[2021-04-21 20:01:16,713] {logging_mixin.py:104} INFO - [2021-04-21 20:01:16,712] {dagbag.py:448} INFO - Filling up the DagBag from /home/airflow/.local/lib/python3.6/site-packages/airflow/example_dags/example_xcomargs.py
[2021-04-21 20:01:16,727] {scheduler_job.py:639} INFO - DAG(s) dict_keys(['example_xcom_args', 'example_xcom_args_with_operators']) retrieved from /home/airflow/.local/lib/python3.6/site-packages/airflow/example_dags/example_xcomargs.py
[2021-04-21 20:01:16,755] {logging_mixin.py:104} INFO - [2021-04-21 20:01:16,755] {dag.py:1818} INFO - Sync 2 DAGs
[2021-04-21 20:01:16,774] {logging_mixin.py:104} INFO - [2021-04-21 20:01:16,773] {dag.py:2273} INFO - Setting next_dagrun for example_xcom_args to None
[2021-04-21 20:01:16,776] {logging_mixin.py:104} INFO - [2021-04-21 20:01:16,776] {dag.py:2273} INFO - Setting next_dagrun for example_xcom_args_with_operators to None
[2021-04-21 20:01:16,790] {scheduler_job.py:190} INFO - Processing /home/airflow/.local/lib/python3.6/site-packages/airflow/example_dags/example_xcomargs.py took 0.085 seconds
[2021-04-21 20:01:47,080] {scheduler_job.py:182} INFO - Started process (PID=537) to work on /home/airflow/.local/lib/python3.6/site-packages/airflow/example_dags/example_xcomargs.py
[2021-04-21 20:01:47,085] {scheduler_job.py:629} INFO - Processing file /home/airflow/.local/lib/python3.6/site-packages/airflow/example_dags/example_xcomargs.py for tasks to queue
[2021-04-21 20:01:47,087] {logging_mixin.py:104} INFO - [2021-04-21 20:01:47,087] {dagbag.py:448} INFO - Filling up the DagBag from /home/airflow/.local/lib/python3.6/site-packages/airflow/example_dags/example_xcomargs.py
[2021-04-21 20:01:47,102] {scheduler_job.py:639} INFO - DAG(s) dict_keys(['example_xcom_args', 'example_xcom_args_with_operators']) retrieved from /home/airflow/.local/lib/python3.6/site-packages/airflow/example_dags/example_xcomargs.py
[2021-04-21 20:01:47,128] {logging_mixin.py:104} INFO - [2021-04-21 20:01:47,128] {dag.py:1818} INFO - Sync 2 DAGs
[2021-04-21 20:01:47,143] {logging_mixin.py:104} INFO - [2021-04-21 20:01:47,143] {dag.py:2273} INFO - Setting next_dagrun for example_xcom_args to None
[2021-04-21 20:01:47,146] {logging_mixin.py:104} INFO - [2021-04-21 20:01:47,146] {dag.py:2273} INFO - Setting next_dagrun for example_xcom_args_with_operators to None
[2021-04-21 20:01:47,155] {scheduler_job.py:190} INFO - Processing /home/airflow/.local/lib/python3.6/site-packages/airflow/example_dags/example_xcomargs.py took 0.079 seconds
[2021-04-21 20:02:17,395] {scheduler_job.py:182} INFO - Started process (PID=566) to work on /home/airflow/.local/lib/python3.6/site-packages/airflow/example_dags/example_xcomargs.py
[2021-04-21 20:02:17,397] {scheduler_job.py:629} INFO - Processing file /home/airflow/.local/lib/python3.6/site-packages/airflow/example_dags/example_xcomargs.py for tasks to queue
[2021-04-21 20:02:17,398] {logging_mixin.py:104} INFO - [2021-04-21 20:02:17,398] {dagbag.py:448} INFO - Filling up the DagBag from /home/airflow/.local/lib/python3.6/site-packages/airflow/example_dags/example_xcomargs.py
[2021-04-21 20:02:17,412] {scheduler_job.py:639} INFO - DAG(s) dict_keys(['example_xcom_args', 'example_xcom_args_with_operators']) retrieved from /home/airflow/.local/lib/python3.6/site-packages/airflow/example_dags/example_xcomargs.py
[2021-04-21 20:02:17,443] {logging_mixin.py:104} INFO - [2021-04-21 20:02:17,443] {dag.py:1818} INFO - Sync 2 DAGs
[2021-04-21 20:02:17,457] {logging_mixin.py:104} INFO - [2021-04-21 20:02:17,457] {dag.py:2273} INFO - Setting next_dagrun for example_xcom_args to None
[2021-04-21 20:02:17,459] {logging_mixin.py:104} INFO - [2021-04-21 20:02:17,458] {dag.py:2273} INFO - Setting next_dagrun for example_xcom_args_with_operators to None
[2021-04-21 20:02:17,468] {scheduler_job.py:190} INFO - Processing /home/airflow/.local/lib/python3.6/site-packages/airflow/example_dags/example_xcomargs.py took 0.076 seconds
