[2021-04-21 19:52:42,050] {scheduler_job.py:182} INFO - Started process (PID=41) to work on /home/airflow/.local/lib/python3.6/site-packages/airflow/example_dags/example_trigger_target_dag.py
[2021-04-21 19:52:42,052] {scheduler_job.py:629} INFO - Processing file /home/airflow/.local/lib/python3.6/site-packages/airflow/example_dags/example_trigger_target_dag.py for tasks to queue
[2021-04-21 19:52:42,053] {logging_mixin.py:104} INFO - [2021-04-21 19:52:42,053] {dagbag.py:448} INFO - Filling up the DagBag from /home/airflow/.local/lib/python3.6/site-packages/airflow/example_dags/example_trigger_target_dag.py
[2021-04-21 19:52:42,066] {scheduler_job.py:639} INFO - DAG(s) dict_keys(['example_trigger_target_dag']) retrieved from /home/airflow/.local/lib/python3.6/site-packages/airflow/example_dags/example_trigger_target_dag.py
[2021-04-21 19:52:42,107] {logging_mixin.py:104} INFO - [2021-04-21 19:52:42,107] {dag.py:1818} INFO - Sync 1 DAGs
[2021-04-21 19:52:42,126] {logging_mixin.py:104} INFO - [2021-04-21 19:52:42,125] {dag.py:1837} INFO - Creating ORM DAG for example_trigger_target_dag
[2021-04-21 19:52:42,138] {logging_mixin.py:104} INFO - [2021-04-21 19:52:42,138] {dag.py:2273} INFO - Setting next_dagrun for example_trigger_target_dag to None
[2021-04-21 19:52:42,170] {scheduler_job.py:190} INFO - Processing /home/airflow/.local/lib/python3.6/site-packages/airflow/example_dags/example_trigger_target_dag.py took 0.131 seconds
[2021-04-21 19:53:12,586] {scheduler_job.py:182} INFO - Started process (PID=66) to work on /home/airflow/.local/lib/python3.6/site-packages/airflow/example_dags/example_trigger_target_dag.py
[2021-04-21 19:53:12,588] {scheduler_job.py:629} INFO - Processing file /home/airflow/.local/lib/python3.6/site-packages/airflow/example_dags/example_trigger_target_dag.py for tasks to queue
[2021-04-21 19:53:12,590] {logging_mixin.py:104} INFO - [2021-04-21 19:53:12,590] {dagbag.py:448} INFO - Filling up the DagBag from /home/airflow/.local/lib/python3.6/site-packages/airflow/example_dags/example_trigger_target_dag.py
[2021-04-21 19:53:12,604] {scheduler_job.py:639} INFO - DAG(s) dict_keys(['example_trigger_target_dag']) retrieved from /home/airflow/.local/lib/python3.6/site-packages/airflow/example_dags/example_trigger_target_dag.py
[2021-04-21 19:53:12,626] {logging_mixin.py:104} INFO - [2021-04-21 19:53:12,626] {dag.py:1818} INFO - Sync 1 DAGs
[2021-04-21 19:53:12,642] {logging_mixin.py:104} INFO - [2021-04-21 19:53:12,641] {dag.py:2273} INFO - Setting next_dagrun for example_trigger_target_dag to None
[2021-04-21 19:53:12,652] {scheduler_job.py:190} INFO - Processing /home/airflow/.local/lib/python3.6/site-packages/airflow/example_dags/example_trigger_target_dag.py took 0.069 seconds
[2021-04-21 19:53:42,724] {scheduler_job.py:182} INFO - Started process (PID=89) to work on /home/airflow/.local/lib/python3.6/site-packages/airflow/example_dags/example_trigger_target_dag.py
[2021-04-21 19:53:42,725] {scheduler_job.py:629} INFO - Processing file /home/airflow/.local/lib/python3.6/site-packages/airflow/example_dags/example_trigger_target_dag.py for tasks to queue
[2021-04-21 19:53:42,726] {logging_mixin.py:104} INFO - [2021-04-21 19:53:42,726] {dagbag.py:448} INFO - Filling up the DagBag from /home/airflow/.local/lib/python3.6/site-packages/airflow/example_dags/example_trigger_target_dag.py
[2021-04-21 19:53:42,739] {scheduler_job.py:639} INFO - DAG(s) dict_keys(['example_trigger_target_dag']) retrieved from /home/airflow/.local/lib/python3.6/site-packages/airflow/example_dags/example_trigger_target_dag.py
[2021-04-21 19:53:42,770] {logging_mixin.py:104} INFO - [2021-04-21 19:53:42,770] {dag.py:1818} INFO - Sync 1 DAGs
[2021-04-21 19:53:42,790] {logging_mixin.py:104} INFO - [2021-04-21 19:53:42,790] {dag.py:2273} INFO - Setting next_dagrun for example_trigger_target_dag to None
[2021-04-21 19:53:42,800] {scheduler_job.py:190} INFO - Processing /home/airflow/.local/lib/python3.6/site-packages/airflow/example_dags/example_trigger_target_dag.py took 0.079 seconds
[2021-04-21 19:54:12,851] {scheduler_job.py:182} INFO - Started process (PID=112) to work on /home/airflow/.local/lib/python3.6/site-packages/airflow/example_dags/example_trigger_target_dag.py
[2021-04-21 19:54:12,853] {scheduler_job.py:629} INFO - Processing file /home/airflow/.local/lib/python3.6/site-packages/airflow/example_dags/example_trigger_target_dag.py for tasks to queue
[2021-04-21 19:54:12,854] {logging_mixin.py:104} INFO - [2021-04-21 19:54:12,854] {dagbag.py:448} INFO - Filling up the DagBag from /home/airflow/.local/lib/python3.6/site-packages/airflow/example_dags/example_trigger_target_dag.py
[2021-04-21 19:54:12,866] {scheduler_job.py:639} INFO - DAG(s) dict_keys(['example_trigger_target_dag']) retrieved from /home/airflow/.local/lib/python3.6/site-packages/airflow/example_dags/example_trigger_target_dag.py
[2021-04-21 19:54:12,885] {logging_mixin.py:104} INFO - [2021-04-21 19:54:12,885] {dag.py:1818} INFO - Sync 1 DAGs
[2021-04-21 19:54:12,899] {logging_mixin.py:104} INFO - [2021-04-21 19:54:12,899] {dag.py:2273} INFO - Setting next_dagrun for example_trigger_target_dag to None
[2021-04-21 19:54:12,909] {scheduler_job.py:190} INFO - Processing /home/airflow/.local/lib/python3.6/site-packages/airflow/example_dags/example_trigger_target_dag.py took 0.061 seconds
[2021-04-21 19:54:43,088] {scheduler_job.py:182} INFO - Started process (PID=138) to work on /home/airflow/.local/lib/python3.6/site-packages/airflow/example_dags/example_trigger_target_dag.py
[2021-04-21 19:54:43,090] {scheduler_job.py:629} INFO - Processing file /home/airflow/.local/lib/python3.6/site-packages/airflow/example_dags/example_trigger_target_dag.py for tasks to queue
[2021-04-21 19:54:43,091] {logging_mixin.py:104} INFO - [2021-04-21 19:54:43,091] {dagbag.py:448} INFO - Filling up the DagBag from /home/airflow/.local/lib/python3.6/site-packages/airflow/example_dags/example_trigger_target_dag.py
[2021-04-21 19:54:43,112] {scheduler_job.py:639} INFO - DAG(s) dict_keys(['example_trigger_target_dag']) retrieved from /home/airflow/.local/lib/python3.6/site-packages/airflow/example_dags/example_trigger_target_dag.py
[2021-04-21 19:54:43,145] {logging_mixin.py:104} INFO - [2021-04-21 19:54:43,145] {dag.py:1818} INFO - Sync 1 DAGs
[2021-04-21 19:54:43,164] {logging_mixin.py:104} INFO - [2021-04-21 19:54:43,164] {dag.py:2273} INFO - Setting next_dagrun for example_trigger_target_dag to None
[2021-04-21 19:54:43,175] {scheduler_job.py:190} INFO - Processing /home/airflow/.local/lib/python3.6/site-packages/airflow/example_dags/example_trigger_target_dag.py took 0.091 seconds
[2021-04-21 19:55:13,247] {scheduler_job.py:182} INFO - Started process (PID=163) to work on /home/airflow/.local/lib/python3.6/site-packages/airflow/example_dags/example_trigger_target_dag.py
[2021-04-21 19:55:13,249] {scheduler_job.py:629} INFO - Processing file /home/airflow/.local/lib/python3.6/site-packages/airflow/example_dags/example_trigger_target_dag.py for tasks to queue
[2021-04-21 19:55:13,250] {logging_mixin.py:104} INFO - [2021-04-21 19:55:13,250] {dagbag.py:448} INFO - Filling up the DagBag from /home/airflow/.local/lib/python3.6/site-packages/airflow/example_dags/example_trigger_target_dag.py
[2021-04-21 19:55:13,261] {scheduler_job.py:639} INFO - DAG(s) dict_keys(['example_trigger_target_dag']) retrieved from /home/airflow/.local/lib/python3.6/site-packages/airflow/example_dags/example_trigger_target_dag.py
[2021-04-21 19:55:13,284] {logging_mixin.py:104} INFO - [2021-04-21 19:55:13,284] {dag.py:1818} INFO - Sync 1 DAGs
[2021-04-21 19:55:13,297] {logging_mixin.py:104} INFO - [2021-04-21 19:55:13,297] {dag.py:2273} INFO - Setting next_dagrun for example_trigger_target_dag to None
[2021-04-21 19:55:13,305] {scheduler_job.py:190} INFO - Processing /home/airflow/.local/lib/python3.6/site-packages/airflow/example_dags/example_trigger_target_dag.py took 0.060 seconds
[2021-04-21 19:55:43,422] {scheduler_job.py:182} INFO - Started process (PID=188) to work on /home/airflow/.local/lib/python3.6/site-packages/airflow/example_dags/example_trigger_target_dag.py
[2021-04-21 19:55:43,424] {scheduler_job.py:629} INFO - Processing file /home/airflow/.local/lib/python3.6/site-packages/airflow/example_dags/example_trigger_target_dag.py for tasks to queue
[2021-04-21 19:55:43,425] {logging_mixin.py:104} INFO - [2021-04-21 19:55:43,425] {dagbag.py:448} INFO - Filling up the DagBag from /home/airflow/.local/lib/python3.6/site-packages/airflow/example_dags/example_trigger_target_dag.py
[2021-04-21 19:55:43,436] {scheduler_job.py:639} INFO - DAG(s) dict_keys(['example_trigger_target_dag']) retrieved from /home/airflow/.local/lib/python3.6/site-packages/airflow/example_dags/example_trigger_target_dag.py
[2021-04-21 19:55:43,459] {logging_mixin.py:104} INFO - [2021-04-21 19:55:43,459] {dag.py:1818} INFO - Sync 1 DAGs
[2021-04-21 19:55:43,472] {logging_mixin.py:104} INFO - [2021-04-21 19:55:43,472] {dag.py:2273} INFO - Setting next_dagrun for example_trigger_target_dag to None
[2021-04-21 19:55:43,480] {scheduler_job.py:190} INFO - Processing /home/airflow/.local/lib/python3.6/site-packages/airflow/example_dags/example_trigger_target_dag.py took 0.061 seconds
[2021-04-21 19:56:13,888] {scheduler_job.py:182} INFO - Started process (PID=216) to work on /home/airflow/.local/lib/python3.6/site-packages/airflow/example_dags/example_trigger_target_dag.py
[2021-04-21 19:56:13,889] {scheduler_job.py:629} INFO - Processing file /home/airflow/.local/lib/python3.6/site-packages/airflow/example_dags/example_trigger_target_dag.py for tasks to queue
[2021-04-21 19:56:13,890] {logging_mixin.py:104} INFO - [2021-04-21 19:56:13,890] {dagbag.py:448} INFO - Filling up the DagBag from /home/airflow/.local/lib/python3.6/site-packages/airflow/example_dags/example_trigger_target_dag.py
[2021-04-21 19:56:13,904] {scheduler_job.py:639} INFO - DAG(s) dict_keys(['example_trigger_target_dag']) retrieved from /home/airflow/.local/lib/python3.6/site-packages/airflow/example_dags/example_trigger_target_dag.py
[2021-04-21 19:56:13,930] {logging_mixin.py:104} INFO - [2021-04-21 19:56:13,930] {dag.py:1818} INFO - Sync 1 DAGs
[2021-04-21 19:56:13,944] {logging_mixin.py:104} INFO - [2021-04-21 19:56:13,943] {dag.py:2273} INFO - Setting next_dagrun for example_trigger_target_dag to None
[2021-04-21 19:56:13,952] {scheduler_job.py:190} INFO - Processing /home/airflow/.local/lib/python3.6/site-packages/airflow/example_dags/example_trigger_target_dag.py took 0.068 seconds
[2021-04-21 19:56:44,147] {scheduler_job.py:182} INFO - Started process (PID=241) to work on /home/airflow/.local/lib/python3.6/site-packages/airflow/example_dags/example_trigger_target_dag.py
[2021-04-21 19:56:44,149] {scheduler_job.py:629} INFO - Processing file /home/airflow/.local/lib/python3.6/site-packages/airflow/example_dags/example_trigger_target_dag.py for tasks to queue
[2021-04-21 19:56:44,150] {logging_mixin.py:104} INFO - [2021-04-21 19:56:44,150] {dagbag.py:448} INFO - Filling up the DagBag from /home/airflow/.local/lib/python3.6/site-packages/airflow/example_dags/example_trigger_target_dag.py
[2021-04-21 19:56:44,164] {scheduler_job.py:639} INFO - DAG(s) dict_keys(['example_trigger_target_dag']) retrieved from /home/airflow/.local/lib/python3.6/site-packages/airflow/example_dags/example_trigger_target_dag.py
[2021-04-21 19:56:44,183] {logging_mixin.py:104} INFO - [2021-04-21 19:56:44,183] {dag.py:1818} INFO - Sync 1 DAGs
[2021-04-21 19:56:44,197] {logging_mixin.py:104} INFO - [2021-04-21 19:56:44,197] {dag.py:2273} INFO - Setting next_dagrun for example_trigger_target_dag to None
[2021-04-21 19:56:44,208] {scheduler_job.py:190} INFO - Processing /home/airflow/.local/lib/python3.6/site-packages/airflow/example_dags/example_trigger_target_dag.py took 0.064 seconds
[2021-04-21 19:57:14,316] {scheduler_job.py:182} INFO - Started process (PID=274) to work on /home/airflow/.local/lib/python3.6/site-packages/airflow/example_dags/example_trigger_target_dag.py
[2021-04-21 19:57:14,317] {scheduler_job.py:629} INFO - Processing file /home/airflow/.local/lib/python3.6/site-packages/airflow/example_dags/example_trigger_target_dag.py for tasks to queue
[2021-04-21 19:57:14,319] {logging_mixin.py:104} INFO - [2021-04-21 19:57:14,319] {dagbag.py:448} INFO - Filling up the DagBag from /home/airflow/.local/lib/python3.6/site-packages/airflow/example_dags/example_trigger_target_dag.py
[2021-04-21 19:57:14,330] {scheduler_job.py:639} INFO - DAG(s) dict_keys(['example_trigger_target_dag']) retrieved from /home/airflow/.local/lib/python3.6/site-packages/airflow/example_dags/example_trigger_target_dag.py
[2021-04-21 19:57:14,355] {logging_mixin.py:104} INFO - [2021-04-21 19:57:14,355] {dag.py:1818} INFO - Sync 1 DAGs
[2021-04-21 19:57:14,372] {logging_mixin.py:104} INFO - [2021-04-21 19:57:14,372] {dag.py:2273} INFO - Setting next_dagrun for example_trigger_target_dag to None
[2021-04-21 19:57:14,380] {scheduler_job.py:190} INFO - Processing /home/airflow/.local/lib/python3.6/site-packages/airflow/example_dags/example_trigger_target_dag.py took 0.067 seconds
[2021-04-21 19:57:44,460] {scheduler_job.py:182} INFO - Started process (PID=298) to work on /home/airflow/.local/lib/python3.6/site-packages/airflow/example_dags/example_trigger_target_dag.py
[2021-04-21 19:57:44,461] {scheduler_job.py:629} INFO - Processing file /home/airflow/.local/lib/python3.6/site-packages/airflow/example_dags/example_trigger_target_dag.py for tasks to queue
[2021-04-21 19:57:44,462] {logging_mixin.py:104} INFO - [2021-04-21 19:57:44,462] {dagbag.py:448} INFO - Filling up the DagBag from /home/airflow/.local/lib/python3.6/site-packages/airflow/example_dags/example_trigger_target_dag.py
[2021-04-21 19:57:44,474] {scheduler_job.py:639} INFO - DAG(s) dict_keys(['example_trigger_target_dag']) retrieved from /home/airflow/.local/lib/python3.6/site-packages/airflow/example_dags/example_trigger_target_dag.py
[2021-04-21 19:57:44,498] {logging_mixin.py:104} INFO - [2021-04-21 19:57:44,498] {dag.py:1818} INFO - Sync 1 DAGs
[2021-04-21 19:57:44,512] {logging_mixin.py:104} INFO - [2021-04-21 19:57:44,512] {dag.py:2273} INFO - Setting next_dagrun for example_trigger_target_dag to None
[2021-04-21 19:57:44,522] {scheduler_job.py:190} INFO - Processing /home/airflow/.local/lib/python3.6/site-packages/airflow/example_dags/example_trigger_target_dag.py took 0.066 seconds
[2021-04-21 19:58:14,711] {scheduler_job.py:182} INFO - Started process (PID=324) to work on /home/airflow/.local/lib/python3.6/site-packages/airflow/example_dags/example_trigger_target_dag.py
[2021-04-21 19:58:14,713] {scheduler_job.py:629} INFO - Processing file /home/airflow/.local/lib/python3.6/site-packages/airflow/example_dags/example_trigger_target_dag.py for tasks to queue
[2021-04-21 19:58:14,715] {logging_mixin.py:104} INFO - [2021-04-21 19:58:14,714] {dagbag.py:448} INFO - Filling up the DagBag from /home/airflow/.local/lib/python3.6/site-packages/airflow/example_dags/example_trigger_target_dag.py
[2021-04-21 19:58:14,727] {scheduler_job.py:639} INFO - DAG(s) dict_keys(['example_trigger_target_dag']) retrieved from /home/airflow/.local/lib/python3.6/site-packages/airflow/example_dags/example_trigger_target_dag.py
[2021-04-21 19:58:14,748] {logging_mixin.py:104} INFO - [2021-04-21 19:58:14,748] {dag.py:1818} INFO - Sync 1 DAGs
[2021-04-21 19:58:14,763] {logging_mixin.py:104} INFO - [2021-04-21 19:58:14,763] {dag.py:2273} INFO - Setting next_dagrun for example_trigger_target_dag to None
[2021-04-21 19:58:14,772] {scheduler_job.py:190} INFO - Processing /home/airflow/.local/lib/python3.6/site-packages/airflow/example_dags/example_trigger_target_dag.py took 0.064 seconds
[2021-04-21 19:58:45,043] {scheduler_job.py:182} INFO - Started process (PID=352) to work on /home/airflow/.local/lib/python3.6/site-packages/airflow/example_dags/example_trigger_target_dag.py
[2021-04-21 19:58:45,045] {scheduler_job.py:629} INFO - Processing file /home/airflow/.local/lib/python3.6/site-packages/airflow/example_dags/example_trigger_target_dag.py for tasks to queue
[2021-04-21 19:58:45,046] {logging_mixin.py:104} INFO - [2021-04-21 19:58:45,046] {dagbag.py:448} INFO - Filling up the DagBag from /home/airflow/.local/lib/python3.6/site-packages/airflow/example_dags/example_trigger_target_dag.py
[2021-04-21 19:58:45,060] {scheduler_job.py:639} INFO - DAG(s) dict_keys(['example_trigger_target_dag']) retrieved from /home/airflow/.local/lib/python3.6/site-packages/airflow/example_dags/example_trigger_target_dag.py
[2021-04-21 19:58:45,082] {logging_mixin.py:104} INFO - [2021-04-21 19:58:45,082] {dag.py:1818} INFO - Sync 1 DAGs
[2021-04-21 19:58:45,098] {logging_mixin.py:104} INFO - [2021-04-21 19:58:45,098] {dag.py:2273} INFO - Setting next_dagrun for example_trigger_target_dag to None
[2021-04-21 19:58:45,112] {scheduler_job.py:190} INFO - Processing /home/airflow/.local/lib/python3.6/site-packages/airflow/example_dags/example_trigger_target_dag.py took 0.073 seconds
[2021-04-21 19:59:15,311] {scheduler_job.py:182} INFO - Started process (PID=377) to work on /home/airflow/.local/lib/python3.6/site-packages/airflow/example_dags/example_trigger_target_dag.py
[2021-04-21 19:59:15,312] {scheduler_job.py:629} INFO - Processing file /home/airflow/.local/lib/python3.6/site-packages/airflow/example_dags/example_trigger_target_dag.py for tasks to queue
[2021-04-21 19:59:15,314] {logging_mixin.py:104} INFO - [2021-04-21 19:59:15,313] {dagbag.py:448} INFO - Filling up the DagBag from /home/airflow/.local/lib/python3.6/site-packages/airflow/example_dags/example_trigger_target_dag.py
[2021-04-21 19:59:15,324] {scheduler_job.py:639} INFO - DAG(s) dict_keys(['example_trigger_target_dag']) retrieved from /home/airflow/.local/lib/python3.6/site-packages/airflow/example_dags/example_trigger_target_dag.py
[2021-04-21 19:59:15,344] {logging_mixin.py:104} INFO - [2021-04-21 19:59:15,344] {dag.py:1818} INFO - Sync 1 DAGs
[2021-04-21 19:59:15,359] {logging_mixin.py:104} INFO - [2021-04-21 19:59:15,359] {dag.py:2273} INFO - Setting next_dagrun for example_trigger_target_dag to None
[2021-04-21 19:59:15,369] {scheduler_job.py:190} INFO - Processing /home/airflow/.local/lib/python3.6/site-packages/airflow/example_dags/example_trigger_target_dag.py took 0.061 seconds
[2021-04-21 19:59:45,430] {scheduler_job.py:182} INFO - Started process (PID=405) to work on /home/airflow/.local/lib/python3.6/site-packages/airflow/example_dags/example_trigger_target_dag.py
[2021-04-21 19:59:45,432] {scheduler_job.py:629} INFO - Processing file /home/airflow/.local/lib/python3.6/site-packages/airflow/example_dags/example_trigger_target_dag.py for tasks to queue
[2021-04-21 19:59:45,433] {logging_mixin.py:104} INFO - [2021-04-21 19:59:45,433] {dagbag.py:448} INFO - Filling up the DagBag from /home/airflow/.local/lib/python3.6/site-packages/airflow/example_dags/example_trigger_target_dag.py
[2021-04-21 19:59:45,444] {scheduler_job.py:639} INFO - DAG(s) dict_keys(['example_trigger_target_dag']) retrieved from /home/airflow/.local/lib/python3.6/site-packages/airflow/example_dags/example_trigger_target_dag.py
[2021-04-21 19:59:45,469] {logging_mixin.py:104} INFO - [2021-04-21 19:59:45,468] {dag.py:1818} INFO - Sync 1 DAGs
[2021-04-21 19:59:45,491] {logging_mixin.py:104} INFO - [2021-04-21 19:59:45,491] {dag.py:2273} INFO - Setting next_dagrun for example_trigger_target_dag to None
[2021-04-21 19:59:45,499] {scheduler_job.py:190} INFO - Processing /home/airflow/.local/lib/python3.6/site-packages/airflow/example_dags/example_trigger_target_dag.py took 0.077 seconds
[2021-04-21 20:00:15,688] {scheduler_job.py:182} INFO - Started process (PID=432) to work on /home/airflow/.local/lib/python3.6/site-packages/airflow/example_dags/example_trigger_target_dag.py
[2021-04-21 20:00:15,690] {scheduler_job.py:629} INFO - Processing file /home/airflow/.local/lib/python3.6/site-packages/airflow/example_dags/example_trigger_target_dag.py for tasks to queue
[2021-04-21 20:00:15,692] {logging_mixin.py:104} INFO - [2021-04-21 20:00:15,692] {dagbag.py:448} INFO - Filling up the DagBag from /home/airflow/.local/lib/python3.6/site-packages/airflow/example_dags/example_trigger_target_dag.py
[2021-04-21 20:00:15,704] {scheduler_job.py:639} INFO - DAG(s) dict_keys(['example_trigger_target_dag']) retrieved from /home/airflow/.local/lib/python3.6/site-packages/airflow/example_dags/example_trigger_target_dag.py
[2021-04-21 20:00:15,724] {logging_mixin.py:104} INFO - [2021-04-21 20:00:15,724] {dag.py:1818} INFO - Sync 1 DAGs
[2021-04-21 20:00:15,740] {logging_mixin.py:104} INFO - [2021-04-21 20:00:15,740] {dag.py:2273} INFO - Setting next_dagrun for example_trigger_target_dag to None
[2021-04-21 20:00:15,752] {scheduler_job.py:190} INFO - Processing /home/airflow/.local/lib/python3.6/site-packages/airflow/example_dags/example_trigger_target_dag.py took 0.069 seconds
[2021-04-21 20:00:45,910] {scheduler_job.py:182} INFO - Started process (PID=472) to work on /home/airflow/.local/lib/python3.6/site-packages/airflow/example_dags/example_trigger_target_dag.py
[2021-04-21 20:00:45,912] {scheduler_job.py:629} INFO - Processing file /home/airflow/.local/lib/python3.6/site-packages/airflow/example_dags/example_trigger_target_dag.py for tasks to queue
[2021-04-21 20:00:45,913] {logging_mixin.py:104} INFO - [2021-04-21 20:00:45,913] {dagbag.py:448} INFO - Filling up the DagBag from /home/airflow/.local/lib/python3.6/site-packages/airflow/example_dags/example_trigger_target_dag.py
[2021-04-21 20:00:45,924] {scheduler_job.py:639} INFO - DAG(s) dict_keys(['example_trigger_target_dag']) retrieved from /home/airflow/.local/lib/python3.6/site-packages/airflow/example_dags/example_trigger_target_dag.py
[2021-04-21 20:00:45,944] {logging_mixin.py:104} INFO - [2021-04-21 20:00:45,944] {dag.py:1818} INFO - Sync 1 DAGs
[2021-04-21 20:00:45,960] {logging_mixin.py:104} INFO - [2021-04-21 20:00:45,960] {dag.py:2273} INFO - Setting next_dagrun for example_trigger_target_dag to None
[2021-04-21 20:00:45,969] {scheduler_job.py:190} INFO - Processing /home/airflow/.local/lib/python3.6/site-packages/airflow/example_dags/example_trigger_target_dag.py took 0.062 seconds
[2021-04-21 20:01:16,271] {scheduler_job.py:182} INFO - Started process (PID=499) to work on /home/airflow/.local/lib/python3.6/site-packages/airflow/example_dags/example_trigger_target_dag.py
[2021-04-21 20:01:16,272] {scheduler_job.py:629} INFO - Processing file /home/airflow/.local/lib/python3.6/site-packages/airflow/example_dags/example_trigger_target_dag.py for tasks to queue
[2021-04-21 20:01:16,273] {logging_mixin.py:104} INFO - [2021-04-21 20:01:16,273] {dagbag.py:448} INFO - Filling up the DagBag from /home/airflow/.local/lib/python3.6/site-packages/airflow/example_dags/example_trigger_target_dag.py
[2021-04-21 20:01:16,284] {scheduler_job.py:639} INFO - DAG(s) dict_keys(['example_trigger_target_dag']) retrieved from /home/airflow/.local/lib/python3.6/site-packages/airflow/example_dags/example_trigger_target_dag.py
[2021-04-21 20:01:16,304] {logging_mixin.py:104} INFO - [2021-04-21 20:01:16,304] {dag.py:1818} INFO - Sync 1 DAGs
[2021-04-21 20:01:16,319] {logging_mixin.py:104} INFO - [2021-04-21 20:01:16,319] {dag.py:2273} INFO - Setting next_dagrun for example_trigger_target_dag to None
[2021-04-21 20:01:16,327] {scheduler_job.py:190} INFO - Processing /home/airflow/.local/lib/python3.6/site-packages/airflow/example_dags/example_trigger_target_dag.py took 0.060 seconds
[2021-04-21 20:01:46,675] {scheduler_job.py:182} INFO - Started process (PID=528) to work on /home/airflow/.local/lib/python3.6/site-packages/airflow/example_dags/example_trigger_target_dag.py
[2021-04-21 20:01:46,676] {scheduler_job.py:629} INFO - Processing file /home/airflow/.local/lib/python3.6/site-packages/airflow/example_dags/example_trigger_target_dag.py for tasks to queue
[2021-04-21 20:01:46,677] {logging_mixin.py:104} INFO - [2021-04-21 20:01:46,677] {dagbag.py:448} INFO - Filling up the DagBag from /home/airflow/.local/lib/python3.6/site-packages/airflow/example_dags/example_trigger_target_dag.py
[2021-04-21 20:01:46,689] {scheduler_job.py:639} INFO - DAG(s) dict_keys(['example_trigger_target_dag']) retrieved from /home/airflow/.local/lib/python3.6/site-packages/airflow/example_dags/example_trigger_target_dag.py
[2021-04-21 20:01:46,712] {logging_mixin.py:104} INFO - [2021-04-21 20:01:46,712] {dag.py:1818} INFO - Sync 1 DAGs
[2021-04-21 20:01:46,727] {logging_mixin.py:104} INFO - [2021-04-21 20:01:46,727] {dag.py:2273} INFO - Setting next_dagrun for example_trigger_target_dag to None
[2021-04-21 20:01:46,736] {scheduler_job.py:190} INFO - Processing /home/airflow/.local/lib/python3.6/site-packages/airflow/example_dags/example_trigger_target_dag.py took 0.064 seconds
[2021-04-21 20:02:17,040] {scheduler_job.py:182} INFO - Started process (PID=559) to work on /home/airflow/.local/lib/python3.6/site-packages/airflow/example_dags/example_trigger_target_dag.py
[2021-04-21 20:02:17,042] {scheduler_job.py:629} INFO - Processing file /home/airflow/.local/lib/python3.6/site-packages/airflow/example_dags/example_trigger_target_dag.py for tasks to queue
[2021-04-21 20:02:17,043] {logging_mixin.py:104} INFO - [2021-04-21 20:02:17,043] {dagbag.py:448} INFO - Filling up the DagBag from /home/airflow/.local/lib/python3.6/site-packages/airflow/example_dags/example_trigger_target_dag.py
[2021-04-21 20:02:17,055] {scheduler_job.py:639} INFO - DAG(s) dict_keys(['example_trigger_target_dag']) retrieved from /home/airflow/.local/lib/python3.6/site-packages/airflow/example_dags/example_trigger_target_dag.py
[2021-04-21 20:02:17,075] {logging_mixin.py:104} INFO - [2021-04-21 20:02:17,075] {dag.py:1818} INFO - Sync 1 DAGs
[2021-04-21 20:02:17,090] {logging_mixin.py:104} INFO - [2021-04-21 20:02:17,090] {dag.py:2273} INFO - Setting next_dagrun for example_trigger_target_dag to None
[2021-04-21 20:02:17,101] {scheduler_job.py:190} INFO - Processing /home/airflow/.local/lib/python3.6/site-packages/airflow/example_dags/example_trigger_target_dag.py took 0.063 seconds
