[2021-04-21 19:52:42,301] {scheduler_job.py:182} INFO - Started process (PID=45) to work on /home/airflow/.local/lib/python3.6/site-packages/airflow/example_dags/example_xcom.py
[2021-04-21 19:52:42,303] {scheduler_job.py:629} INFO - Processing file /home/airflow/.local/lib/python3.6/site-packages/airflow/example_dags/example_xcom.py for tasks to queue
[2021-04-21 19:52:42,304] {logging_mixin.py:104} INFO - [2021-04-21 19:52:42,304] {dagbag.py:448} INFO - Filling up the DagBag from /home/airflow/.local/lib/python3.6/site-packages/airflow/example_dags/example_xcom.py
[2021-04-21 19:52:42,319] {scheduler_job.py:639} INFO - DAG(s) dict_keys(['example_xcom']) retrieved from /home/airflow/.local/lib/python3.6/site-packages/airflow/example_dags/example_xcom.py
[2021-04-21 19:52:42,341] {logging_mixin.py:104} INFO - [2021-04-21 19:52:42,340] {dag.py:1818} INFO - Sync 1 DAGs
[2021-04-21 19:52:42,350] {logging_mixin.py:104} INFO - [2021-04-21 19:52:42,350] {dag.py:1837} INFO - Creating ORM DAG for example_xcom
[2021-04-21 19:52:42,355] {logging_mixin.py:104} INFO - [2021-04-21 19:52:42,355] {dag.py:2273} INFO - Setting next_dagrun for example_xcom to 2021-04-19 00:00:00+00:00
[2021-04-21 19:52:42,368] {scheduler_job.py:190} INFO - Processing /home/airflow/.local/lib/python3.6/site-packages/airflow/example_dags/example_xcom.py took 0.071 seconds
[2021-04-21 19:53:12,760] {scheduler_job.py:182} INFO - Started process (PID=70) to work on /home/airflow/.local/lib/python3.6/site-packages/airflow/example_dags/example_xcom.py
[2021-04-21 19:53:12,762] {scheduler_job.py:629} INFO - Processing file /home/airflow/.local/lib/python3.6/site-packages/airflow/example_dags/example_xcom.py for tasks to queue
[2021-04-21 19:53:12,764] {logging_mixin.py:104} INFO - [2021-04-21 19:53:12,763] {dagbag.py:448} INFO - Filling up the DagBag from /home/airflow/.local/lib/python3.6/site-packages/airflow/example_dags/example_xcom.py
[2021-04-21 19:53:12,777] {scheduler_job.py:639} INFO - DAG(s) dict_keys(['example_xcom']) retrieved from /home/airflow/.local/lib/python3.6/site-packages/airflow/example_dags/example_xcom.py
[2021-04-21 19:53:12,803] {logging_mixin.py:104} INFO - [2021-04-21 19:53:12,803] {dag.py:1818} INFO - Sync 1 DAGs
[2021-04-21 19:53:12,822] {logging_mixin.py:104} INFO - [2021-04-21 19:53:12,822] {dag.py:2273} INFO - Setting next_dagrun for example_xcom to 2021-04-19 00:00:00+00:00
[2021-04-21 19:53:12,835] {scheduler_job.py:190} INFO - Processing /home/airflow/.local/lib/python3.6/site-packages/airflow/example_dags/example_xcom.py took 0.078 seconds
[2021-04-21 19:53:43,018] {scheduler_job.py:182} INFO - Started process (PID=95) to work on /home/airflow/.local/lib/python3.6/site-packages/airflow/example_dags/example_xcom.py
[2021-04-21 19:53:43,019] {scheduler_job.py:629} INFO - Processing file /home/airflow/.local/lib/python3.6/site-packages/airflow/example_dags/example_xcom.py for tasks to queue
[2021-04-21 19:53:43,021] {logging_mixin.py:104} INFO - [2021-04-21 19:53:43,021] {dagbag.py:448} INFO - Filling up the DagBag from /home/airflow/.local/lib/python3.6/site-packages/airflow/example_dags/example_xcom.py
[2021-04-21 19:53:43,031] {scheduler_job.py:639} INFO - DAG(s) dict_keys(['example_xcom']) retrieved from /home/airflow/.local/lib/python3.6/site-packages/airflow/example_dags/example_xcom.py
[2021-04-21 19:53:43,054] {logging_mixin.py:104} INFO - [2021-04-21 19:53:43,053] {dag.py:1818} INFO - Sync 1 DAGs
[2021-04-21 19:53:43,070] {logging_mixin.py:104} INFO - [2021-04-21 19:53:43,069] {dag.py:2273} INFO - Setting next_dagrun for example_xcom to 2021-04-19 00:00:00+00:00
[2021-04-21 19:53:43,079] {scheduler_job.py:190} INFO - Processing /home/airflow/.local/lib/python3.6/site-packages/airflow/example_dags/example_xcom.py took 0.064 seconds
[2021-04-21 19:54:13,216] {scheduler_job.py:182} INFO - Started process (PID=120) to work on /home/airflow/.local/lib/python3.6/site-packages/airflow/example_dags/example_xcom.py
[2021-04-21 19:54:13,218] {scheduler_job.py:629} INFO - Processing file /home/airflow/.local/lib/python3.6/site-packages/airflow/example_dags/example_xcom.py for tasks to queue
[2021-04-21 19:54:13,219] {logging_mixin.py:104} INFO - [2021-04-21 19:54:13,219] {dagbag.py:448} INFO - Filling up the DagBag from /home/airflow/.local/lib/python3.6/site-packages/airflow/example_dags/example_xcom.py
[2021-04-21 19:54:13,232] {scheduler_job.py:639} INFO - DAG(s) dict_keys(['example_xcom']) retrieved from /home/airflow/.local/lib/python3.6/site-packages/airflow/example_dags/example_xcom.py
[2021-04-21 19:54:13,256] {logging_mixin.py:104} INFO - [2021-04-21 19:54:13,256] {dag.py:1818} INFO - Sync 1 DAGs
[2021-04-21 19:54:13,269] {logging_mixin.py:104} INFO - [2021-04-21 19:54:13,268] {dag.py:2273} INFO - Setting next_dagrun for example_xcom to 2021-04-19 00:00:00+00:00
[2021-04-21 19:54:13,277] {scheduler_job.py:190} INFO - Processing /home/airflow/.local/lib/python3.6/site-packages/airflow/example_dags/example_xcom.py took 0.064 seconds
[2021-04-21 19:54:43,320] {scheduler_job.py:182} INFO - Started process (PID=142) to work on /home/airflow/.local/lib/python3.6/site-packages/airflow/example_dags/example_xcom.py
[2021-04-21 19:54:43,322] {scheduler_job.py:629} INFO - Processing file /home/airflow/.local/lib/python3.6/site-packages/airflow/example_dags/example_xcom.py for tasks to queue
[2021-04-21 19:54:43,323] {logging_mixin.py:104} INFO - [2021-04-21 19:54:43,323] {dagbag.py:448} INFO - Filling up the DagBag from /home/airflow/.local/lib/python3.6/site-packages/airflow/example_dags/example_xcom.py
[2021-04-21 19:54:43,336] {scheduler_job.py:639} INFO - DAG(s) dict_keys(['example_xcom']) retrieved from /home/airflow/.local/lib/python3.6/site-packages/airflow/example_dags/example_xcom.py
[2021-04-21 19:54:43,358] {logging_mixin.py:104} INFO - [2021-04-21 19:54:43,358] {dag.py:1818} INFO - Sync 1 DAGs
[2021-04-21 19:54:43,377] {logging_mixin.py:104} INFO - [2021-04-21 19:54:43,376] {dag.py:2273} INFO - Setting next_dagrun for example_xcom to 2021-04-19 00:00:00+00:00
[2021-04-21 19:54:43,386] {scheduler_job.py:190} INFO - Processing /home/airflow/.local/lib/python3.6/site-packages/airflow/example_dags/example_xcom.py took 0.071 seconds
[2021-04-21 19:55:13,464] {scheduler_job.py:182} INFO - Started process (PID=168) to work on /home/airflow/.local/lib/python3.6/site-packages/airflow/example_dags/example_xcom.py
[2021-04-21 19:55:13,466] {scheduler_job.py:629} INFO - Processing file /home/airflow/.local/lib/python3.6/site-packages/airflow/example_dags/example_xcom.py for tasks to queue
[2021-04-21 19:55:13,469] {logging_mixin.py:104} INFO - [2021-04-21 19:55:13,468] {dagbag.py:448} INFO - Filling up the DagBag from /home/airflow/.local/lib/python3.6/site-packages/airflow/example_dags/example_xcom.py
[2021-04-21 19:55:13,483] {scheduler_job.py:639} INFO - DAG(s) dict_keys(['example_xcom']) retrieved from /home/airflow/.local/lib/python3.6/site-packages/airflow/example_dags/example_xcom.py
[2021-04-21 19:55:13,505] {logging_mixin.py:104} INFO - [2021-04-21 19:55:13,504] {dag.py:1818} INFO - Sync 1 DAGs
[2021-04-21 19:55:13,521] {logging_mixin.py:104} INFO - [2021-04-21 19:55:13,521] {dag.py:2273} INFO - Setting next_dagrun for example_xcom to 2021-04-19 00:00:00+00:00
[2021-04-21 19:55:13,536] {scheduler_job.py:190} INFO - Processing /home/airflow/.local/lib/python3.6/site-packages/airflow/example_dags/example_xcom.py took 0.075 seconds
[2021-04-21 19:55:43,677] {scheduler_job.py:182} INFO - Started process (PID=194) to work on /home/airflow/.local/lib/python3.6/site-packages/airflow/example_dags/example_xcom.py
[2021-04-21 19:55:43,680] {scheduler_job.py:629} INFO - Processing file /home/airflow/.local/lib/python3.6/site-packages/airflow/example_dags/example_xcom.py for tasks to queue
[2021-04-21 19:55:43,683] {logging_mixin.py:104} INFO - [2021-04-21 19:55:43,683] {dagbag.py:448} INFO - Filling up the DagBag from /home/airflow/.local/lib/python3.6/site-packages/airflow/example_dags/example_xcom.py
[2021-04-21 19:55:43,695] {scheduler_job.py:639} INFO - DAG(s) dict_keys(['example_xcom']) retrieved from /home/airflow/.local/lib/python3.6/site-packages/airflow/example_dags/example_xcom.py
[2021-04-21 19:55:43,718] {logging_mixin.py:104} INFO - [2021-04-21 19:55:43,718] {dag.py:1818} INFO - Sync 1 DAGs
[2021-04-21 19:55:43,734] {logging_mixin.py:104} INFO - [2021-04-21 19:55:43,734] {dag.py:2273} INFO - Setting next_dagrun for example_xcom to 2021-04-19 00:00:00+00:00
[2021-04-21 19:55:43,745] {scheduler_job.py:190} INFO - Processing /home/airflow/.local/lib/python3.6/site-packages/airflow/example_dags/example_xcom.py took 0.073 seconds
[2021-04-21 19:56:14,022] {scheduler_job.py:182} INFO - Started process (PID=219) to work on /home/airflow/.local/lib/python3.6/site-packages/airflow/example_dags/example_xcom.py
[2021-04-21 19:56:14,024] {scheduler_job.py:629} INFO - Processing file /home/airflow/.local/lib/python3.6/site-packages/airflow/example_dags/example_xcom.py for tasks to queue
[2021-04-21 19:56:14,025] {logging_mixin.py:104} INFO - [2021-04-21 19:56:14,025] {dagbag.py:448} INFO - Filling up the DagBag from /home/airflow/.local/lib/python3.6/site-packages/airflow/example_dags/example_xcom.py
[2021-04-21 19:56:14,038] {scheduler_job.py:639} INFO - DAG(s) dict_keys(['example_xcom']) retrieved from /home/airflow/.local/lib/python3.6/site-packages/airflow/example_dags/example_xcom.py
[2021-04-21 19:56:14,068] {logging_mixin.py:104} INFO - [2021-04-21 19:56:14,068] {dag.py:1818} INFO - Sync 1 DAGs
[2021-04-21 19:56:14,087] {logging_mixin.py:104} INFO - [2021-04-21 19:56:14,087] {dag.py:2273} INFO - Setting next_dagrun for example_xcom to 2021-04-19 00:00:00+00:00
[2021-04-21 19:56:14,096] {scheduler_job.py:190} INFO - Processing /home/airflow/.local/lib/python3.6/site-packages/airflow/example_dags/example_xcom.py took 0.081 seconds
[2021-04-21 19:56:44,437] {scheduler_job.py:182} INFO - Started process (PID=247) to work on /home/airflow/.local/lib/python3.6/site-packages/airflow/example_dags/example_xcom.py
[2021-04-21 19:56:44,439] {scheduler_job.py:629} INFO - Processing file /home/airflow/.local/lib/python3.6/site-packages/airflow/example_dags/example_xcom.py for tasks to queue
[2021-04-21 19:56:44,440] {logging_mixin.py:104} INFO - [2021-04-21 19:56:44,440] {dagbag.py:448} INFO - Filling up the DagBag from /home/airflow/.local/lib/python3.6/site-packages/airflow/example_dags/example_xcom.py
[2021-04-21 19:56:44,454] {scheduler_job.py:639} INFO - DAG(s) dict_keys(['example_xcom']) retrieved from /home/airflow/.local/lib/python3.6/site-packages/airflow/example_dags/example_xcom.py
[2021-04-21 19:56:44,484] {logging_mixin.py:104} INFO - [2021-04-21 19:56:44,484] {dag.py:1818} INFO - Sync 1 DAGs
[2021-04-21 19:56:44,502] {logging_mixin.py:104} INFO - [2021-04-21 19:56:44,502] {dag.py:2273} INFO - Setting next_dagrun for example_xcom to 2021-04-19 00:00:00+00:00
[2021-04-21 19:56:44,512] {scheduler_job.py:190} INFO - Processing /home/airflow/.local/lib/python3.6/site-packages/airflow/example_dags/example_xcom.py took 0.078 seconds
[2021-04-21 19:57:14,644] {scheduler_job.py:182} INFO - Started process (PID=281) to work on /home/airflow/.local/lib/python3.6/site-packages/airflow/example_dags/example_xcom.py
[2021-04-21 19:57:14,646] {scheduler_job.py:629} INFO - Processing file /home/airflow/.local/lib/python3.6/site-packages/airflow/example_dags/example_xcom.py for tasks to queue
[2021-04-21 19:57:14,649] {logging_mixin.py:104} INFO - [2021-04-21 19:57:14,648] {dagbag.py:448} INFO - Filling up the DagBag from /home/airflow/.local/lib/python3.6/site-packages/airflow/example_dags/example_xcom.py
[2021-04-21 19:57:14,664] {scheduler_job.py:639} INFO - DAG(s) dict_keys(['example_xcom']) retrieved from /home/airflow/.local/lib/python3.6/site-packages/airflow/example_dags/example_xcom.py
[2021-04-21 19:57:14,686] {logging_mixin.py:104} INFO - [2021-04-21 19:57:14,686] {dag.py:1818} INFO - Sync 1 DAGs
[2021-04-21 19:57:14,701] {logging_mixin.py:104} INFO - [2021-04-21 19:57:14,701] {dag.py:2273} INFO - Setting next_dagrun for example_xcom to 2021-04-19 00:00:00+00:00
[2021-04-21 19:57:14,715] {scheduler_job.py:190} INFO - Processing /home/airflow/.local/lib/python3.6/site-packages/airflow/example_dags/example_xcom.py took 0.074 seconds
[2021-04-21 19:57:44,843] {scheduler_job.py:182} INFO - Started process (PID=306) to work on /home/airflow/.local/lib/python3.6/site-packages/airflow/example_dags/example_xcom.py
[2021-04-21 19:57:44,844] {scheduler_job.py:629} INFO - Processing file /home/airflow/.local/lib/python3.6/site-packages/airflow/example_dags/example_xcom.py for tasks to queue
[2021-04-21 19:57:44,845] {logging_mixin.py:104} INFO - [2021-04-21 19:57:44,845] {dagbag.py:448} INFO - Filling up the DagBag from /home/airflow/.local/lib/python3.6/site-packages/airflow/example_dags/example_xcom.py
[2021-04-21 19:57:44,856] {scheduler_job.py:639} INFO - DAG(s) dict_keys(['example_xcom']) retrieved from /home/airflow/.local/lib/python3.6/site-packages/airflow/example_dags/example_xcom.py
[2021-04-21 19:57:44,892] {logging_mixin.py:104} INFO - [2021-04-21 19:57:44,892] {dag.py:1818} INFO - Sync 1 DAGs
[2021-04-21 19:57:44,907] {logging_mixin.py:104} INFO - [2021-04-21 19:57:44,907] {dag.py:2273} INFO - Setting next_dagrun for example_xcom to 2021-04-19 00:00:00+00:00
[2021-04-21 19:57:44,917] {scheduler_job.py:190} INFO - Processing /home/airflow/.local/lib/python3.6/site-packages/airflow/example_dags/example_xcom.py took 0.077 seconds
[2021-04-21 19:58:14,964] {scheduler_job.py:182} INFO - Started process (PID=329) to work on /home/airflow/.local/lib/python3.6/site-packages/airflow/example_dags/example_xcom.py
[2021-04-21 19:58:14,967] {scheduler_job.py:629} INFO - Processing file /home/airflow/.local/lib/python3.6/site-packages/airflow/example_dags/example_xcom.py for tasks to queue
[2021-04-21 19:58:14,969] {logging_mixin.py:104} INFO - [2021-04-21 19:58:14,969] {dagbag.py:448} INFO - Filling up the DagBag from /home/airflow/.local/lib/python3.6/site-packages/airflow/example_dags/example_xcom.py
[2021-04-21 19:58:14,984] {scheduler_job.py:639} INFO - DAG(s) dict_keys(['example_xcom']) retrieved from /home/airflow/.local/lib/python3.6/site-packages/airflow/example_dags/example_xcom.py
[2021-04-21 19:58:15,011] {logging_mixin.py:104} INFO - [2021-04-21 19:58:15,011] {dag.py:1818} INFO - Sync 1 DAGs
[2021-04-21 19:58:15,027] {logging_mixin.py:104} INFO - [2021-04-21 19:58:15,026] {dag.py:2273} INFO - Setting next_dagrun for example_xcom to 2021-04-19 00:00:00+00:00
[2021-04-21 19:58:15,037] {scheduler_job.py:190} INFO - Processing /home/airflow/.local/lib/python3.6/site-packages/airflow/example_dags/example_xcom.py took 0.076 seconds
[2021-04-21 19:58:45,120] {scheduler_job.py:182} INFO - Started process (PID=353) to work on /home/airflow/.local/lib/python3.6/site-packages/airflow/example_dags/example_xcom.py
[2021-04-21 19:58:45,122] {scheduler_job.py:629} INFO - Processing file /home/airflow/.local/lib/python3.6/site-packages/airflow/example_dags/example_xcom.py for tasks to queue
[2021-04-21 19:58:45,123] {logging_mixin.py:104} INFO - [2021-04-21 19:58:45,123] {dagbag.py:448} INFO - Filling up the DagBag from /home/airflow/.local/lib/python3.6/site-packages/airflow/example_dags/example_xcom.py
[2021-04-21 19:58:45,140] {scheduler_job.py:639} INFO - DAG(s) dict_keys(['example_xcom']) retrieved from /home/airflow/.local/lib/python3.6/site-packages/airflow/example_dags/example_xcom.py
[2021-04-21 19:58:45,163] {logging_mixin.py:104} INFO - [2021-04-21 19:58:45,163] {dag.py:1818} INFO - Sync 1 DAGs
[2021-04-21 19:58:45,181] {logging_mixin.py:104} INFO - [2021-04-21 19:58:45,181] {dag.py:2273} INFO - Setting next_dagrun for example_xcom to 2021-04-19 00:00:00+00:00
[2021-04-21 19:58:45,200] {scheduler_job.py:190} INFO - Processing /home/airflow/.local/lib/python3.6/site-packages/airflow/example_dags/example_xcom.py took 0.083 seconds
[2021-04-21 19:59:15,439] {scheduler_job.py:182} INFO - Started process (PID=380) to work on /home/airflow/.local/lib/python3.6/site-packages/airflow/example_dags/example_xcom.py
[2021-04-21 19:59:15,441] {scheduler_job.py:629} INFO - Processing file /home/airflow/.local/lib/python3.6/site-packages/airflow/example_dags/example_xcom.py for tasks to queue
[2021-04-21 19:59:15,444] {logging_mixin.py:104} INFO - [2021-04-21 19:59:15,443] {dagbag.py:448} INFO - Filling up the DagBag from /home/airflow/.local/lib/python3.6/site-packages/airflow/example_dags/example_xcom.py
[2021-04-21 19:59:15,461] {scheduler_job.py:639} INFO - DAG(s) dict_keys(['example_xcom']) retrieved from /home/airflow/.local/lib/python3.6/site-packages/airflow/example_dags/example_xcom.py
[2021-04-21 19:59:15,484] {logging_mixin.py:104} INFO - [2021-04-21 19:59:15,483] {dag.py:1818} INFO - Sync 1 DAGs
[2021-04-21 19:59:15,500] {logging_mixin.py:104} INFO - [2021-04-21 19:59:15,499] {dag.py:2273} INFO - Setting next_dagrun for example_xcom to 2021-04-19 00:00:00+00:00
[2021-04-21 19:59:15,508] {scheduler_job.py:190} INFO - Processing /home/airflow/.local/lib/python3.6/site-packages/airflow/example_dags/example_xcom.py took 0.072 seconds
[2021-04-21 19:59:45,601] {scheduler_job.py:182} INFO - Started process (PID=409) to work on /home/airflow/.local/lib/python3.6/site-packages/airflow/example_dags/example_xcom.py
[2021-04-21 19:59:45,604] {scheduler_job.py:629} INFO - Processing file /home/airflow/.local/lib/python3.6/site-packages/airflow/example_dags/example_xcom.py for tasks to queue
[2021-04-21 19:59:45,605] {logging_mixin.py:104} INFO - [2021-04-21 19:59:45,605] {dagbag.py:448} INFO - Filling up the DagBag from /home/airflow/.local/lib/python3.6/site-packages/airflow/example_dags/example_xcom.py
[2021-04-21 19:59:45,617] {scheduler_job.py:639} INFO - DAG(s) dict_keys(['example_xcom']) retrieved from /home/airflow/.local/lib/python3.6/site-packages/airflow/example_dags/example_xcom.py
[2021-04-21 19:59:45,640] {logging_mixin.py:104} INFO - [2021-04-21 19:59:45,640] {dag.py:1818} INFO - Sync 1 DAGs
[2021-04-21 19:59:45,660] {logging_mixin.py:104} INFO - [2021-04-21 19:59:45,660] {dag.py:2273} INFO - Setting next_dagrun for example_xcom to 2021-04-19 00:00:00+00:00
[2021-04-21 19:59:45,670] {scheduler_job.py:190} INFO - Processing /home/airflow/.local/lib/python3.6/site-packages/airflow/example_dags/example_xcom.py took 0.072 seconds
[2021-04-21 20:00:15,825] {scheduler_job.py:182} INFO - Started process (PID=435) to work on /home/airflow/.local/lib/python3.6/site-packages/airflow/example_dags/example_xcom.py
[2021-04-21 20:00:15,827] {scheduler_job.py:629} INFO - Processing file /home/airflow/.local/lib/python3.6/site-packages/airflow/example_dags/example_xcom.py for tasks to queue
[2021-04-21 20:00:15,828] {logging_mixin.py:104} INFO - [2021-04-21 20:00:15,828] {dagbag.py:448} INFO - Filling up the DagBag from /home/airflow/.local/lib/python3.6/site-packages/airflow/example_dags/example_xcom.py
[2021-04-21 20:00:15,841] {scheduler_job.py:639} INFO - DAG(s) dict_keys(['example_xcom']) retrieved from /home/airflow/.local/lib/python3.6/site-packages/airflow/example_dags/example_xcom.py
[2021-04-21 20:00:15,864] {logging_mixin.py:104} INFO - [2021-04-21 20:00:15,864] {dag.py:1818} INFO - Sync 1 DAGs
[2021-04-21 20:00:15,880] {logging_mixin.py:104} INFO - [2021-04-21 20:00:15,880] {dag.py:2273} INFO - Setting next_dagrun for example_xcom to 2021-04-19 00:00:00+00:00
[2021-04-21 20:00:15,888] {scheduler_job.py:190} INFO - Processing /home/airflow/.local/lib/python3.6/site-packages/airflow/example_dags/example_xcom.py took 0.066 seconds
[2021-04-21 20:00:46,025] {scheduler_job.py:182} INFO - Started process (PID=475) to work on /home/airflow/.local/lib/python3.6/site-packages/airflow/example_dags/example_xcom.py
[2021-04-21 20:00:46,026] {scheduler_job.py:629} INFO - Processing file /home/airflow/.local/lib/python3.6/site-packages/airflow/example_dags/example_xcom.py for tasks to queue
[2021-04-21 20:00:46,027] {logging_mixin.py:104} INFO - [2021-04-21 20:00:46,027] {dagbag.py:448} INFO - Filling up the DagBag from /home/airflow/.local/lib/python3.6/site-packages/airflow/example_dags/example_xcom.py
[2021-04-21 20:00:46,039] {scheduler_job.py:639} INFO - DAG(s) dict_keys(['example_xcom']) retrieved from /home/airflow/.local/lib/python3.6/site-packages/airflow/example_dags/example_xcom.py
[2021-04-21 20:00:46,060] {logging_mixin.py:104} INFO - [2021-04-21 20:00:46,060] {dag.py:1818} INFO - Sync 1 DAGs
[2021-04-21 20:00:46,078] {logging_mixin.py:104} INFO - [2021-04-21 20:00:46,078] {dag.py:2273} INFO - Setting next_dagrun for example_xcom to 2021-04-19 00:00:00+00:00
[2021-04-21 20:00:46,087] {scheduler_job.py:190} INFO - Processing /home/airflow/.local/lib/python3.6/site-packages/airflow/example_dags/example_xcom.py took 0.065 seconds
[2021-04-21 20:01:16,345] {scheduler_job.py:182} INFO - Started process (PID=501) to work on /home/airflow/.local/lib/python3.6/site-packages/airflow/example_dags/example_xcom.py
[2021-04-21 20:01:16,347] {scheduler_job.py:629} INFO - Processing file /home/airflow/.local/lib/python3.6/site-packages/airflow/example_dags/example_xcom.py for tasks to queue
[2021-04-21 20:01:16,348] {logging_mixin.py:104} INFO - [2021-04-21 20:01:16,348] {dagbag.py:448} INFO - Filling up the DagBag from /home/airflow/.local/lib/python3.6/site-packages/airflow/example_dags/example_xcom.py
[2021-04-21 20:01:16,359] {scheduler_job.py:639} INFO - DAG(s) dict_keys(['example_xcom']) retrieved from /home/airflow/.local/lib/python3.6/site-packages/airflow/example_dags/example_xcom.py
[2021-04-21 20:01:16,379] {logging_mixin.py:104} INFO - [2021-04-21 20:01:16,379] {dag.py:1818} INFO - Sync 1 DAGs
[2021-04-21 20:01:16,394] {logging_mixin.py:104} INFO - [2021-04-21 20:01:16,394] {dag.py:2273} INFO - Setting next_dagrun for example_xcom to 2021-04-19 00:00:00+00:00
[2021-04-21 20:01:16,403] {scheduler_job.py:190} INFO - Processing /home/airflow/.local/lib/python3.6/site-packages/airflow/example_dags/example_xcom.py took 0.060 seconds
[2021-04-21 20:01:46,432] {scheduler_job.py:182} INFO - Started process (PID=523) to work on /home/airflow/.local/lib/python3.6/site-packages/airflow/example_dags/example_xcom.py
[2021-04-21 20:01:46,434] {scheduler_job.py:629} INFO - Processing file /home/airflow/.local/lib/python3.6/site-packages/airflow/example_dags/example_xcom.py for tasks to queue
[2021-04-21 20:01:46,436] {logging_mixin.py:104} INFO - [2021-04-21 20:01:46,435] {dagbag.py:448} INFO - Filling up the DagBag from /home/airflow/.local/lib/python3.6/site-packages/airflow/example_dags/example_xcom.py
[2021-04-21 20:01:46,446] {scheduler_job.py:639} INFO - DAG(s) dict_keys(['example_xcom']) retrieved from /home/airflow/.local/lib/python3.6/site-packages/airflow/example_dags/example_xcom.py
[2021-04-21 20:01:46,472] {logging_mixin.py:104} INFO - [2021-04-21 20:01:46,472] {dag.py:1818} INFO - Sync 1 DAGs
[2021-04-21 20:01:46,488] {logging_mixin.py:104} INFO - [2021-04-21 20:01:46,488] {dag.py:2273} INFO - Setting next_dagrun for example_xcom to 2021-04-19 00:00:00+00:00
[2021-04-21 20:01:46,497] {scheduler_job.py:190} INFO - Processing /home/airflow/.local/lib/python3.6/site-packages/airflow/example_dags/example_xcom.py took 0.068 seconds
[2021-04-21 20:02:16,696] {scheduler_job.py:182} INFO - Started process (PID=551) to work on /home/airflow/.local/lib/python3.6/site-packages/airflow/example_dags/example_xcom.py
[2021-04-21 20:02:16,698] {scheduler_job.py:629} INFO - Processing file /home/airflow/.local/lib/python3.6/site-packages/airflow/example_dags/example_xcom.py for tasks to queue
[2021-04-21 20:02:16,699] {logging_mixin.py:104} INFO - [2021-04-21 20:02:16,699] {dagbag.py:448} INFO - Filling up the DagBag from /home/airflow/.local/lib/python3.6/site-packages/airflow/example_dags/example_xcom.py
[2021-04-21 20:02:16,712] {scheduler_job.py:639} INFO - DAG(s) dict_keys(['example_xcom']) retrieved from /home/airflow/.local/lib/python3.6/site-packages/airflow/example_dags/example_xcom.py
[2021-04-21 20:02:16,733] {logging_mixin.py:104} INFO - [2021-04-21 20:02:16,733] {dag.py:1818} INFO - Sync 1 DAGs
[2021-04-21 20:02:16,748] {logging_mixin.py:104} INFO - [2021-04-21 20:02:16,748] {dag.py:2273} INFO - Setting next_dagrun for example_xcom to 2021-04-19 00:00:00+00:00
[2021-04-21 20:02:16,757] {scheduler_job.py:190} INFO - Processing /home/airflow/.local/lib/python3.6/site-packages/airflow/example_dags/example_xcom.py took 0.064 seconds
