[2021-04-21 19:52:41,142] {scheduler_job.py:182} INFO - Started process (PID=28) to work on /home/airflow/.local/lib/python3.6/site-packages/airflow/example_dags/example_latest_only_with_trigger.py
[2021-04-21 19:52:41,143] {scheduler_job.py:629} INFO - Processing file /home/airflow/.local/lib/python3.6/site-packages/airflow/example_dags/example_latest_only_with_trigger.py for tasks to queue
[2021-04-21 19:52:41,145] {logging_mixin.py:104} INFO - [2021-04-21 19:52:41,145] {dagbag.py:448} INFO - Filling up the DagBag from /home/airflow/.local/lib/python3.6/site-packages/airflow/example_dags/example_latest_only_with_trigger.py
[2021-04-21 19:52:41,157] {scheduler_job.py:639} INFO - DAG(s) dict_keys(['latest_only_with_trigger']) retrieved from /home/airflow/.local/lib/python3.6/site-packages/airflow/example_dags/example_latest_only_with_trigger.py
[2021-04-21 19:52:41,178] {logging_mixin.py:104} INFO - [2021-04-21 19:52:41,178] {dag.py:1818} INFO - Sync 1 DAGs
[2021-04-21 19:52:41,199] {logging_mixin.py:104} INFO - [2021-04-21 19:52:41,198] {dag.py:1837} INFO - Creating ORM DAG for latest_only_with_trigger
[2021-04-21 19:52:41,206] {logging_mixin.py:104} INFO - [2021-04-21 19:52:41,206] {dag.py:2273} INFO - Setting next_dagrun for latest_only_with_trigger to 2021-04-19 00:00:00+00:00
[2021-04-21 19:52:41,221] {scheduler_job.py:190} INFO - Processing /home/airflow/.local/lib/python3.6/site-packages/airflow/example_dags/example_latest_only_with_trigger.py took 0.083 seconds
[2021-04-21 19:53:11,751] {scheduler_job.py:182} INFO - Started process (PID=53) to work on /home/airflow/.local/lib/python3.6/site-packages/airflow/example_dags/example_latest_only_with_trigger.py
[2021-04-21 19:53:11,753] {scheduler_job.py:629} INFO - Processing file /home/airflow/.local/lib/python3.6/site-packages/airflow/example_dags/example_latest_only_with_trigger.py for tasks to queue
[2021-04-21 19:53:11,754] {logging_mixin.py:104} INFO - [2021-04-21 19:53:11,754] {dagbag.py:448} INFO - Filling up the DagBag from /home/airflow/.local/lib/python3.6/site-packages/airflow/example_dags/example_latest_only_with_trigger.py
[2021-04-21 19:53:11,766] {scheduler_job.py:639} INFO - DAG(s) dict_keys(['latest_only_with_trigger']) retrieved from /home/airflow/.local/lib/python3.6/site-packages/airflow/example_dags/example_latest_only_with_trigger.py
[2021-04-21 19:53:11,794] {logging_mixin.py:104} INFO - [2021-04-21 19:53:11,794] {dag.py:1818} INFO - Sync 1 DAGs
[2021-04-21 19:53:11,815] {logging_mixin.py:104} INFO - [2021-04-21 19:53:11,815] {dag.py:2273} INFO - Setting next_dagrun for latest_only_with_trigger to 2021-04-19 00:00:00+00:00
[2021-04-21 19:53:11,825] {scheduler_job.py:190} INFO - Processing /home/airflow/.local/lib/python3.6/site-packages/airflow/example_dags/example_latest_only_with_trigger.py took 0.078 seconds
[2021-04-21 19:53:42,237] {scheduler_job.py:182} INFO - Started process (PID=79) to work on /home/airflow/.local/lib/python3.6/site-packages/airflow/example_dags/example_latest_only_with_trigger.py
[2021-04-21 19:53:42,239] {scheduler_job.py:629} INFO - Processing file /home/airflow/.local/lib/python3.6/site-packages/airflow/example_dags/example_latest_only_with_trigger.py for tasks to queue
[2021-04-21 19:53:42,240] {logging_mixin.py:104} INFO - [2021-04-21 19:53:42,240] {dagbag.py:448} INFO - Filling up the DagBag from /home/airflow/.local/lib/python3.6/site-packages/airflow/example_dags/example_latest_only_with_trigger.py
[2021-04-21 19:53:42,254] {scheduler_job.py:639} INFO - DAG(s) dict_keys(['latest_only_with_trigger']) retrieved from /home/airflow/.local/lib/python3.6/site-packages/airflow/example_dags/example_latest_only_with_trigger.py
[2021-04-21 19:53:42,278] {logging_mixin.py:104} INFO - [2021-04-21 19:53:42,278] {dag.py:1818} INFO - Sync 1 DAGs
[2021-04-21 19:53:42,296] {logging_mixin.py:104} INFO - [2021-04-21 19:53:42,296] {dag.py:2273} INFO - Setting next_dagrun for latest_only_with_trigger to 2021-04-19 00:00:00+00:00
[2021-04-21 19:53:42,306] {scheduler_job.py:190} INFO - Processing /home/airflow/.local/lib/python3.6/site-packages/airflow/example_dags/example_latest_only_with_trigger.py took 0.072 seconds
[2021-04-21 19:54:12,565] {scheduler_job.py:182} INFO - Started process (PID=106) to work on /home/airflow/.local/lib/python3.6/site-packages/airflow/example_dags/example_latest_only_with_trigger.py
[2021-04-21 19:54:12,567] {scheduler_job.py:629} INFO - Processing file /home/airflow/.local/lib/python3.6/site-packages/airflow/example_dags/example_latest_only_with_trigger.py for tasks to queue
[2021-04-21 19:54:12,568] {logging_mixin.py:104} INFO - [2021-04-21 19:54:12,568] {dagbag.py:448} INFO - Filling up the DagBag from /home/airflow/.local/lib/python3.6/site-packages/airflow/example_dags/example_latest_only_with_trigger.py
[2021-04-21 19:54:12,587] {scheduler_job.py:639} INFO - DAG(s) dict_keys(['latest_only_with_trigger']) retrieved from /home/airflow/.local/lib/python3.6/site-packages/airflow/example_dags/example_latest_only_with_trigger.py
[2021-04-21 19:54:12,611] {logging_mixin.py:104} INFO - [2021-04-21 19:54:12,611] {dag.py:1818} INFO - Sync 1 DAGs
[2021-04-21 19:54:12,626] {logging_mixin.py:104} INFO - [2021-04-21 19:54:12,626] {dag.py:2273} INFO - Setting next_dagrun for latest_only_with_trigger to 2021-04-19 00:00:00+00:00
[2021-04-21 19:54:12,635] {scheduler_job.py:190} INFO - Processing /home/airflow/.local/lib/python3.6/site-packages/airflow/example_dags/example_latest_only_with_trigger.py took 0.073 seconds
[2021-04-21 19:54:42,840] {scheduler_job.py:182} INFO - Started process (PID=132) to work on /home/airflow/.local/lib/python3.6/site-packages/airflow/example_dags/example_latest_only_with_trigger.py
[2021-04-21 19:54:42,842] {scheduler_job.py:629} INFO - Processing file /home/airflow/.local/lib/python3.6/site-packages/airflow/example_dags/example_latest_only_with_trigger.py for tasks to queue
[2021-04-21 19:54:42,843] {logging_mixin.py:104} INFO - [2021-04-21 19:54:42,843] {dagbag.py:448} INFO - Filling up the DagBag from /home/airflow/.local/lib/python3.6/site-packages/airflow/example_dags/example_latest_only_with_trigger.py
[2021-04-21 19:54:42,853] {scheduler_job.py:639} INFO - DAG(s) dict_keys(['latest_only_with_trigger']) retrieved from /home/airflow/.local/lib/python3.6/site-packages/airflow/example_dags/example_latest_only_with_trigger.py
[2021-04-21 19:54:42,873] {logging_mixin.py:104} INFO - [2021-04-21 19:54:42,873] {dag.py:1818} INFO - Sync 1 DAGs
[2021-04-21 19:54:42,890] {logging_mixin.py:104} INFO - [2021-04-21 19:54:42,889] {dag.py:2273} INFO - Setting next_dagrun for latest_only_with_trigger to 2021-04-19 00:00:00+00:00
[2021-04-21 19:54:42,897] {scheduler_job.py:190} INFO - Processing /home/airflow/.local/lib/python3.6/site-packages/airflow/example_dags/example_latest_only_with_trigger.py took 0.060 seconds
[2021-04-21 19:55:13,012] {scheduler_job.py:182} INFO - Started process (PID=157) to work on /home/airflow/.local/lib/python3.6/site-packages/airflow/example_dags/example_latest_only_with_trigger.py
[2021-04-21 19:55:13,013] {scheduler_job.py:629} INFO - Processing file /home/airflow/.local/lib/python3.6/site-packages/airflow/example_dags/example_latest_only_with_trigger.py for tasks to queue
[2021-04-21 19:55:13,015] {logging_mixin.py:104} INFO - [2021-04-21 19:55:13,015] {dagbag.py:448} INFO - Filling up the DagBag from /home/airflow/.local/lib/python3.6/site-packages/airflow/example_dags/example_latest_only_with_trigger.py
[2021-04-21 19:55:13,025] {scheduler_job.py:639} INFO - DAG(s) dict_keys(['latest_only_with_trigger']) retrieved from /home/airflow/.local/lib/python3.6/site-packages/airflow/example_dags/example_latest_only_with_trigger.py
[2021-04-21 19:55:13,046] {logging_mixin.py:104} INFO - [2021-04-21 19:55:13,046] {dag.py:1818} INFO - Sync 1 DAGs
[2021-04-21 19:55:13,060] {logging_mixin.py:104} INFO - [2021-04-21 19:55:13,060] {dag.py:2273} INFO - Setting next_dagrun for latest_only_with_trigger to 2021-04-19 00:00:00+00:00
[2021-04-21 19:55:13,068] {scheduler_job.py:190} INFO - Processing /home/airflow/.local/lib/python3.6/site-packages/airflow/example_dags/example_latest_only_with_trigger.py took 0.060 seconds
[2021-04-21 19:55:43,101] {scheduler_job.py:182} INFO - Started process (PID=180) to work on /home/airflow/.local/lib/python3.6/site-packages/airflow/example_dags/example_latest_only_with_trigger.py
[2021-04-21 19:55:43,103] {scheduler_job.py:629} INFO - Processing file /home/airflow/.local/lib/python3.6/site-packages/airflow/example_dags/example_latest_only_with_trigger.py for tasks to queue
[2021-04-21 19:55:43,104] {logging_mixin.py:104} INFO - [2021-04-21 19:55:43,104] {dagbag.py:448} INFO - Filling up the DagBag from /home/airflow/.local/lib/python3.6/site-packages/airflow/example_dags/example_latest_only_with_trigger.py
[2021-04-21 19:55:43,119] {scheduler_job.py:639} INFO - DAG(s) dict_keys(['latest_only_with_trigger']) retrieved from /home/airflow/.local/lib/python3.6/site-packages/airflow/example_dags/example_latest_only_with_trigger.py
[2021-04-21 19:55:43,142] {logging_mixin.py:104} INFO - [2021-04-21 19:55:43,142] {dag.py:1818} INFO - Sync 1 DAGs
[2021-04-21 19:55:43,157] {logging_mixin.py:104} INFO - [2021-04-21 19:55:43,157] {dag.py:2273} INFO - Setting next_dagrun for latest_only_with_trigger to 2021-04-19 00:00:00+00:00
[2021-04-21 19:55:43,166] {scheduler_job.py:190} INFO - Processing /home/airflow/.local/lib/python3.6/site-packages/airflow/example_dags/example_latest_only_with_trigger.py took 0.068 seconds
[2021-04-21 19:56:13,619] {scheduler_job.py:182} INFO - Started process (PID=210) to work on /home/airflow/.local/lib/python3.6/site-packages/airflow/example_dags/example_latest_only_with_trigger.py
[2021-04-21 19:56:13,620] {scheduler_job.py:629} INFO - Processing file /home/airflow/.local/lib/python3.6/site-packages/airflow/example_dags/example_latest_only_with_trigger.py for tasks to queue
[2021-04-21 19:56:13,622] {logging_mixin.py:104} INFO - [2021-04-21 19:56:13,621] {dagbag.py:448} INFO - Filling up the DagBag from /home/airflow/.local/lib/python3.6/site-packages/airflow/example_dags/example_latest_only_with_trigger.py
[2021-04-21 19:56:13,633] {scheduler_job.py:639} INFO - DAG(s) dict_keys(['latest_only_with_trigger']) retrieved from /home/airflow/.local/lib/python3.6/site-packages/airflow/example_dags/example_latest_only_with_trigger.py
[2021-04-21 19:56:13,653] {logging_mixin.py:104} INFO - [2021-04-21 19:56:13,653] {dag.py:1818} INFO - Sync 1 DAGs
[2021-04-21 19:56:13,669] {logging_mixin.py:104} INFO - [2021-04-21 19:56:13,669] {dag.py:2273} INFO - Setting next_dagrun for latest_only_with_trigger to 2021-04-19 00:00:00+00:00
[2021-04-21 19:56:13,677] {scheduler_job.py:190} INFO - Processing /home/airflow/.local/lib/python3.6/site-packages/airflow/example_dags/example_latest_only_with_trigger.py took 0.062 seconds
[2021-04-21 19:56:43,910] {scheduler_job.py:182} INFO - Started process (PID=236) to work on /home/airflow/.local/lib/python3.6/site-packages/airflow/example_dags/example_latest_only_with_trigger.py
[2021-04-21 19:56:43,912] {scheduler_job.py:629} INFO - Processing file /home/airflow/.local/lib/python3.6/site-packages/airflow/example_dags/example_latest_only_with_trigger.py for tasks to queue
[2021-04-21 19:56:43,913] {logging_mixin.py:104} INFO - [2021-04-21 19:56:43,913] {dagbag.py:448} INFO - Filling up the DagBag from /home/airflow/.local/lib/python3.6/site-packages/airflow/example_dags/example_latest_only_with_trigger.py
[2021-04-21 19:56:43,923] {scheduler_job.py:639} INFO - DAG(s) dict_keys(['latest_only_with_trigger']) retrieved from /home/airflow/.local/lib/python3.6/site-packages/airflow/example_dags/example_latest_only_with_trigger.py
[2021-04-21 19:56:43,943] {logging_mixin.py:104} INFO - [2021-04-21 19:56:43,943] {dag.py:1818} INFO - Sync 1 DAGs
[2021-04-21 19:56:43,958] {logging_mixin.py:104} INFO - [2021-04-21 19:56:43,958] {dag.py:2273} INFO - Setting next_dagrun for latest_only_with_trigger to 2021-04-19 00:00:00+00:00
[2021-04-21 19:56:43,967] {scheduler_job.py:190} INFO - Processing /home/airflow/.local/lib/python3.6/site-packages/airflow/example_dags/example_latest_only_with_trigger.py took 0.060 seconds
[2021-04-21 19:57:14,194] {scheduler_job.py:182} INFO - Started process (PID=271) to work on /home/airflow/.local/lib/python3.6/site-packages/airflow/example_dags/example_latest_only_with_trigger.py
[2021-04-21 19:57:14,196] {scheduler_job.py:629} INFO - Processing file /home/airflow/.local/lib/python3.6/site-packages/airflow/example_dags/example_latest_only_with_trigger.py for tasks to queue
[2021-04-21 19:57:14,197] {logging_mixin.py:104} INFO - [2021-04-21 19:57:14,197] {dagbag.py:448} INFO - Filling up the DagBag from /home/airflow/.local/lib/python3.6/site-packages/airflow/example_dags/example_latest_only_with_trigger.py
[2021-04-21 19:57:14,207] {scheduler_job.py:639} INFO - DAG(s) dict_keys(['latest_only_with_trigger']) retrieved from /home/airflow/.local/lib/python3.6/site-packages/airflow/example_dags/example_latest_only_with_trigger.py
[2021-04-21 19:57:14,227] {logging_mixin.py:104} INFO - [2021-04-21 19:57:14,227] {dag.py:1818} INFO - Sync 1 DAGs
[2021-04-21 19:57:14,241] {logging_mixin.py:104} INFO - [2021-04-21 19:57:14,241] {dag.py:2273} INFO - Setting next_dagrun for latest_only_with_trigger to 2021-04-19 00:00:00+00:00
[2021-04-21 19:57:14,249] {scheduler_job.py:190} INFO - Processing /home/airflow/.local/lib/python3.6/site-packages/airflow/example_dags/example_latest_only_with_trigger.py took 0.058 seconds
[2021-04-21 19:57:44,422] {scheduler_job.py:182} INFO - Started process (PID=297) to work on /home/airflow/.local/lib/python3.6/site-packages/airflow/example_dags/example_latest_only_with_trigger.py
[2021-04-21 19:57:44,424] {scheduler_job.py:629} INFO - Processing file /home/airflow/.local/lib/python3.6/site-packages/airflow/example_dags/example_latest_only_with_trigger.py for tasks to queue
[2021-04-21 19:57:44,425] {logging_mixin.py:104} INFO - [2021-04-21 19:57:44,425] {dagbag.py:448} INFO - Filling up the DagBag from /home/airflow/.local/lib/python3.6/site-packages/airflow/example_dags/example_latest_only_with_trigger.py
[2021-04-21 19:57:44,435] {scheduler_job.py:639} INFO - DAG(s) dict_keys(['latest_only_with_trigger']) retrieved from /home/airflow/.local/lib/python3.6/site-packages/airflow/example_dags/example_latest_only_with_trigger.py
[2021-04-21 19:57:44,456] {logging_mixin.py:104} INFO - [2021-04-21 19:57:44,456] {dag.py:1818} INFO - Sync 1 DAGs
[2021-04-21 19:57:44,470] {logging_mixin.py:104} INFO - [2021-04-21 19:57:44,470] {dag.py:2273} INFO - Setting next_dagrun for latest_only_with_trigger to 2021-04-19 00:00:00+00:00
[2021-04-21 19:57:44,478] {scheduler_job.py:190} INFO - Processing /home/airflow/.local/lib/python3.6/site-packages/airflow/example_dags/example_latest_only_with_trigger.py took 0.059 seconds
[2021-04-21 19:58:14,667] {scheduler_job.py:182} INFO - Started process (PID=323) to work on /home/airflow/.local/lib/python3.6/site-packages/airflow/example_dags/example_latest_only_with_trigger.py
[2021-04-21 19:58:14,669] {scheduler_job.py:629} INFO - Processing file /home/airflow/.local/lib/python3.6/site-packages/airflow/example_dags/example_latest_only_with_trigger.py for tasks to queue
[2021-04-21 19:58:14,670] {logging_mixin.py:104} INFO - [2021-04-21 19:58:14,670] {dagbag.py:448} INFO - Filling up the DagBag from /home/airflow/.local/lib/python3.6/site-packages/airflow/example_dags/example_latest_only_with_trigger.py
[2021-04-21 19:58:14,680] {scheduler_job.py:639} INFO - DAG(s) dict_keys(['latest_only_with_trigger']) retrieved from /home/airflow/.local/lib/python3.6/site-packages/airflow/example_dags/example_latest_only_with_trigger.py
[2021-04-21 19:58:14,702] {logging_mixin.py:104} INFO - [2021-04-21 19:58:14,701] {dag.py:1818} INFO - Sync 1 DAGs
[2021-04-21 19:58:14,717] {logging_mixin.py:104} INFO - [2021-04-21 19:58:14,717] {dag.py:2273} INFO - Setting next_dagrun for latest_only_with_trigger to 2021-04-19 00:00:00+00:00
[2021-04-21 19:58:14,725] {scheduler_job.py:190} INFO - Processing /home/airflow/.local/lib/python3.6/site-packages/airflow/example_dags/example_latest_only_with_trigger.py took 0.061 seconds
[2021-04-21 19:58:44,918] {scheduler_job.py:182} INFO - Started process (PID=349) to work on /home/airflow/.local/lib/python3.6/site-packages/airflow/example_dags/example_latest_only_with_trigger.py
[2021-04-21 19:58:44,922] {scheduler_job.py:629} INFO - Processing file /home/airflow/.local/lib/python3.6/site-packages/airflow/example_dags/example_latest_only_with_trigger.py for tasks to queue
[2021-04-21 19:58:44,924] {logging_mixin.py:104} INFO - [2021-04-21 19:58:44,924] {dagbag.py:448} INFO - Filling up the DagBag from /home/airflow/.local/lib/python3.6/site-packages/airflow/example_dags/example_latest_only_with_trigger.py
[2021-04-21 19:58:44,935] {scheduler_job.py:639} INFO - DAG(s) dict_keys(['latest_only_with_trigger']) retrieved from /home/airflow/.local/lib/python3.6/site-packages/airflow/example_dags/example_latest_only_with_trigger.py
[2021-04-21 19:58:44,959] {logging_mixin.py:104} INFO - [2021-04-21 19:58:44,959] {dag.py:1818} INFO - Sync 1 DAGs
[2021-04-21 19:58:44,974] {logging_mixin.py:104} INFO - [2021-04-21 19:58:44,974] {dag.py:2273} INFO - Setting next_dagrun for latest_only_with_trigger to 2021-04-19 00:00:00+00:00
[2021-04-21 19:58:44,987] {scheduler_job.py:190} INFO - Processing /home/airflow/.local/lib/python3.6/site-packages/airflow/example_dags/example_latest_only_with_trigger.py took 0.073 seconds
[2021-04-21 19:59:15,275] {scheduler_job.py:182} INFO - Started process (PID=376) to work on /home/airflow/.local/lib/python3.6/site-packages/airflow/example_dags/example_latest_only_with_trigger.py
[2021-04-21 19:59:15,277] {scheduler_job.py:629} INFO - Processing file /home/airflow/.local/lib/python3.6/site-packages/airflow/example_dags/example_latest_only_with_trigger.py for tasks to queue
[2021-04-21 19:59:15,278] {logging_mixin.py:104} INFO - [2021-04-21 19:59:15,278] {dagbag.py:448} INFO - Filling up the DagBag from /home/airflow/.local/lib/python3.6/site-packages/airflow/example_dags/example_latest_only_with_trigger.py
[2021-04-21 19:59:15,288] {scheduler_job.py:639} INFO - DAG(s) dict_keys(['latest_only_with_trigger']) retrieved from /home/airflow/.local/lib/python3.6/site-packages/airflow/example_dags/example_latest_only_with_trigger.py
[2021-04-21 19:59:15,310] {logging_mixin.py:104} INFO - [2021-04-21 19:59:15,310] {dag.py:1818} INFO - Sync 1 DAGs
[2021-04-21 19:59:15,324] {logging_mixin.py:104} INFO - [2021-04-21 19:59:15,324] {dag.py:2273} INFO - Setting next_dagrun for latest_only_with_trigger to 2021-04-19 00:00:00+00:00
[2021-04-21 19:59:15,334] {scheduler_job.py:190} INFO - Processing /home/airflow/.local/lib/python3.6/site-packages/airflow/example_dags/example_latest_only_with_trigger.py took 0.062 seconds
[2021-04-21 19:59:45,398] {scheduler_job.py:182} INFO - Started process (PID=404) to work on /home/airflow/.local/lib/python3.6/site-packages/airflow/example_dags/example_latest_only_with_trigger.py
[2021-04-21 19:59:45,401] {scheduler_job.py:629} INFO - Processing file /home/airflow/.local/lib/python3.6/site-packages/airflow/example_dags/example_latest_only_with_trigger.py for tasks to queue
[2021-04-21 19:59:45,402] {logging_mixin.py:104} INFO - [2021-04-21 19:59:45,402] {dagbag.py:448} INFO - Filling up the DagBag from /home/airflow/.local/lib/python3.6/site-packages/airflow/example_dags/example_latest_only_with_trigger.py
[2021-04-21 19:59:45,412] {scheduler_job.py:639} INFO - DAG(s) dict_keys(['latest_only_with_trigger']) retrieved from /home/airflow/.local/lib/python3.6/site-packages/airflow/example_dags/example_latest_only_with_trigger.py
[2021-04-21 19:59:45,436] {logging_mixin.py:104} INFO - [2021-04-21 19:59:45,436] {dag.py:1818} INFO - Sync 1 DAGs
[2021-04-21 19:59:45,450] {logging_mixin.py:104} INFO - [2021-04-21 19:59:45,449] {dag.py:2273} INFO - Setting next_dagrun for latest_only_with_trigger to 2021-04-19 00:00:00+00:00
[2021-04-21 19:59:45,461] {scheduler_job.py:190} INFO - Processing /home/airflow/.local/lib/python3.6/site-packages/airflow/example_dags/example_latest_only_with_trigger.py took 0.066 seconds
[2021-04-21 20:00:15,655] {scheduler_job.py:182} INFO - Started process (PID=431) to work on /home/airflow/.local/lib/python3.6/site-packages/airflow/example_dags/example_latest_only_with_trigger.py
[2021-04-21 20:00:15,657] {scheduler_job.py:629} INFO - Processing file /home/airflow/.local/lib/python3.6/site-packages/airflow/example_dags/example_latest_only_with_trigger.py for tasks to queue
[2021-04-21 20:00:15,658] {logging_mixin.py:104} INFO - [2021-04-21 20:00:15,658] {dagbag.py:448} INFO - Filling up the DagBag from /home/airflow/.local/lib/python3.6/site-packages/airflow/example_dags/example_latest_only_with_trigger.py
[2021-04-21 20:00:15,669] {scheduler_job.py:639} INFO - DAG(s) dict_keys(['latest_only_with_trigger']) retrieved from /home/airflow/.local/lib/python3.6/site-packages/airflow/example_dags/example_latest_only_with_trigger.py
[2021-04-21 20:00:15,695] {logging_mixin.py:104} INFO - [2021-04-21 20:00:15,695] {dag.py:1818} INFO - Sync 1 DAGs
[2021-04-21 20:00:15,711] {logging_mixin.py:104} INFO - [2021-04-21 20:00:15,710] {dag.py:2273} INFO - Setting next_dagrun for latest_only_with_trigger to 2021-04-19 00:00:00+00:00
[2021-04-21 20:00:15,718] {scheduler_job.py:190} INFO - Processing /home/airflow/.local/lib/python3.6/site-packages/airflow/example_dags/example_latest_only_with_trigger.py took 0.067 seconds
[2021-04-21 20:00:45,871] {scheduler_job.py:182} INFO - Started process (PID=471) to work on /home/airflow/.local/lib/python3.6/site-packages/airflow/example_dags/example_latest_only_with_trigger.py
[2021-04-21 20:00:45,872] {scheduler_job.py:629} INFO - Processing file /home/airflow/.local/lib/python3.6/site-packages/airflow/example_dags/example_latest_only_with_trigger.py for tasks to queue
[2021-04-21 20:00:45,873] {logging_mixin.py:104} INFO - [2021-04-21 20:00:45,873] {dagbag.py:448} INFO - Filling up the DagBag from /home/airflow/.local/lib/python3.6/site-packages/airflow/example_dags/example_latest_only_with_trigger.py
[2021-04-21 20:00:45,883] {scheduler_job.py:639} INFO - DAG(s) dict_keys(['latest_only_with_trigger']) retrieved from /home/airflow/.local/lib/python3.6/site-packages/airflow/example_dags/example_latest_only_with_trigger.py
[2021-04-21 20:00:45,904] {logging_mixin.py:104} INFO - [2021-04-21 20:00:45,904] {dag.py:1818} INFO - Sync 1 DAGs
[2021-04-21 20:00:45,919] {logging_mixin.py:104} INFO - [2021-04-21 20:00:45,919] {dag.py:2273} INFO - Setting next_dagrun for latest_only_with_trigger to 2021-04-19 00:00:00+00:00
[2021-04-21 20:00:45,927] {scheduler_job.py:190} INFO - Processing /home/airflow/.local/lib/python3.6/site-packages/airflow/example_dags/example_latest_only_with_trigger.py took 0.060 seconds
[2021-04-21 20:01:16,234] {scheduler_job.py:182} INFO - Started process (PID=498) to work on /home/airflow/.local/lib/python3.6/site-packages/airflow/example_dags/example_latest_only_with_trigger.py
[2021-04-21 20:01:16,236] {scheduler_job.py:629} INFO - Processing file /home/airflow/.local/lib/python3.6/site-packages/airflow/example_dags/example_latest_only_with_trigger.py for tasks to queue
[2021-04-21 20:01:16,237] {logging_mixin.py:104} INFO - [2021-04-21 20:01:16,237] {dagbag.py:448} INFO - Filling up the DagBag from /home/airflow/.local/lib/python3.6/site-packages/airflow/example_dags/example_latest_only_with_trigger.py
[2021-04-21 20:01:16,247] {scheduler_job.py:639} INFO - DAG(s) dict_keys(['latest_only_with_trigger']) retrieved from /home/airflow/.local/lib/python3.6/site-packages/airflow/example_dags/example_latest_only_with_trigger.py
[2021-04-21 20:01:16,267] {logging_mixin.py:104} INFO - [2021-04-21 20:01:16,267] {dag.py:1818} INFO - Sync 1 DAGs
[2021-04-21 20:01:16,283] {logging_mixin.py:104} INFO - [2021-04-21 20:01:16,283] {dag.py:2273} INFO - Setting next_dagrun for latest_only_with_trigger to 2021-04-19 00:00:00+00:00
[2021-04-21 20:01:16,291] {scheduler_job.py:190} INFO - Processing /home/airflow/.local/lib/python3.6/site-packages/airflow/example_dags/example_latest_only_with_trigger.py took 0.061 seconds
[2021-04-21 20:01:46,624] {scheduler_job.py:182} INFO - Started process (PID=527) to work on /home/airflow/.local/lib/python3.6/site-packages/airflow/example_dags/example_latest_only_with_trigger.py
[2021-04-21 20:01:46,627] {scheduler_job.py:629} INFO - Processing file /home/airflow/.local/lib/python3.6/site-packages/airflow/example_dags/example_latest_only_with_trigger.py for tasks to queue
[2021-04-21 20:01:46,628] {logging_mixin.py:104} INFO - [2021-04-21 20:01:46,628] {dagbag.py:448} INFO - Filling up the DagBag from /home/airflow/.local/lib/python3.6/site-packages/airflow/example_dags/example_latest_only_with_trigger.py
[2021-04-21 20:01:46,638] {scheduler_job.py:639} INFO - DAG(s) dict_keys(['latest_only_with_trigger']) retrieved from /home/airflow/.local/lib/python3.6/site-packages/airflow/example_dags/example_latest_only_with_trigger.py
[2021-04-21 20:01:46,659] {logging_mixin.py:104} INFO - [2021-04-21 20:01:46,658] {dag.py:1818} INFO - Sync 1 DAGs
[2021-04-21 20:01:46,674] {logging_mixin.py:104} INFO - [2021-04-21 20:01:46,674] {dag.py:2273} INFO - Setting next_dagrun for latest_only_with_trigger to 2021-04-19 00:00:00+00:00
[2021-04-21 20:01:46,683] {scheduler_job.py:190} INFO - Processing /home/airflow/.local/lib/python3.6/site-packages/airflow/example_dags/example_latest_only_with_trigger.py took 0.062 seconds
[2021-04-21 20:02:17,029] {scheduler_job.py:182} INFO - Started process (PID=558) to work on /home/airflow/.local/lib/python3.6/site-packages/airflow/example_dags/example_latest_only_with_trigger.py
[2021-04-21 20:02:17,031] {scheduler_job.py:629} INFO - Processing file /home/airflow/.local/lib/python3.6/site-packages/airflow/example_dags/example_latest_only_with_trigger.py for tasks to queue
[2021-04-21 20:02:17,032] {logging_mixin.py:104} INFO - [2021-04-21 20:02:17,032] {dagbag.py:448} INFO - Filling up the DagBag from /home/airflow/.local/lib/python3.6/site-packages/airflow/example_dags/example_latest_only_with_trigger.py
[2021-04-21 20:02:17,043] {scheduler_job.py:639} INFO - DAG(s) dict_keys(['latest_only_with_trigger']) retrieved from /home/airflow/.local/lib/python3.6/site-packages/airflow/example_dags/example_latest_only_with_trigger.py
[2021-04-21 20:02:17,062] {logging_mixin.py:104} INFO - [2021-04-21 20:02:17,062] {dag.py:1818} INFO - Sync 1 DAGs
[2021-04-21 20:02:17,077] {logging_mixin.py:104} INFO - [2021-04-21 20:02:17,077] {dag.py:2273} INFO - Setting next_dagrun for latest_only_with_trigger to 2021-04-19 00:00:00+00:00
[2021-04-21 20:02:17,085] {scheduler_job.py:190} INFO - Processing /home/airflow/.local/lib/python3.6/site-packages/airflow/example_dags/example_latest_only_with_trigger.py took 0.062 seconds
