[2021-04-21 19:52:41,373] {scheduler_job.py:182} INFO - Started process (PID=31) to work on /home/airflow/.local/lib/python3.6/site-packages/airflow/example_dags/example_kubernetes_executor.py
[2021-04-21 19:52:41,375] {scheduler_job.py:629} INFO - Processing file /home/airflow/.local/lib/python3.6/site-packages/airflow/example_dags/example_kubernetes_executor.py for tasks to queue
[2021-04-21 19:52:41,377] {logging_mixin.py:104} INFO - [2021-04-21 19:52:41,377] {dagbag.py:448} INFO - Filling up the DagBag from /home/airflow/.local/lib/python3.6/site-packages/airflow/example_dags/example_kubernetes_executor.py
[2021-04-21 19:52:41,390] {scheduler_job.py:639} INFO - DAG(s) dict_keys(['example_kubernetes_executor']) retrieved from /home/airflow/.local/lib/python3.6/site-packages/airflow/example_dags/example_kubernetes_executor.py
[2021-04-21 19:52:41,420] {logging_mixin.py:104} INFO - [2021-04-21 19:52:41,420] {dag.py:1818} INFO - Sync 1 DAGs
[2021-04-21 19:52:41,435] {logging_mixin.py:104} INFO - [2021-04-21 19:52:41,435] {dag.py:1837} INFO - Creating ORM DAG for example_kubernetes_executor
[2021-04-21 19:52:41,441] {logging_mixin.py:104} INFO - [2021-04-21 19:52:41,441] {dag.py:2273} INFO - Setting next_dagrun for example_kubernetes_executor to None
[2021-04-21 19:52:41,454] {scheduler_job.py:190} INFO - Processing /home/airflow/.local/lib/python3.6/site-packages/airflow/example_dags/example_kubernetes_executor.py took 0.089 seconds
[2021-04-21 19:53:11,897] {scheduler_job.py:182} INFO - Started process (PID=56) to work on /home/airflow/.local/lib/python3.6/site-packages/airflow/example_dags/example_kubernetes_executor.py
[2021-04-21 19:53:11,899] {scheduler_job.py:629} INFO - Processing file /home/airflow/.local/lib/python3.6/site-packages/airflow/example_dags/example_kubernetes_executor.py for tasks to queue
[2021-04-21 19:53:11,901] {logging_mixin.py:104} INFO - [2021-04-21 19:53:11,900] {dagbag.py:448} INFO - Filling up the DagBag from /home/airflow/.local/lib/python3.6/site-packages/airflow/example_dags/example_kubernetes_executor.py
[2021-04-21 19:53:11,915] {scheduler_job.py:639} INFO - DAG(s) dict_keys(['example_kubernetes_executor']) retrieved from /home/airflow/.local/lib/python3.6/site-packages/airflow/example_dags/example_kubernetes_executor.py
[2021-04-21 19:53:11,940] {logging_mixin.py:104} INFO - [2021-04-21 19:53:11,940] {dag.py:1818} INFO - Sync 1 DAGs
[2021-04-21 19:53:11,961] {logging_mixin.py:104} INFO - [2021-04-21 19:53:11,961] {dag.py:2273} INFO - Setting next_dagrun for example_kubernetes_executor to None
[2021-04-21 19:53:11,972] {scheduler_job.py:190} INFO - Processing /home/airflow/.local/lib/python3.6/site-packages/airflow/example_dags/example_kubernetes_executor.py took 0.079 seconds
[2021-04-21 19:53:42,359] {scheduler_job.py:182} INFO - Started process (PID=82) to work on /home/airflow/.local/lib/python3.6/site-packages/airflow/example_dags/example_kubernetes_executor.py
[2021-04-21 19:53:42,360] {scheduler_job.py:629} INFO - Processing file /home/airflow/.local/lib/python3.6/site-packages/airflow/example_dags/example_kubernetes_executor.py for tasks to queue
[2021-04-21 19:53:42,362] {logging_mixin.py:104} INFO - [2021-04-21 19:53:42,362] {dagbag.py:448} INFO - Filling up the DagBag from /home/airflow/.local/lib/python3.6/site-packages/airflow/example_dags/example_kubernetes_executor.py
[2021-04-21 19:53:42,374] {scheduler_job.py:639} INFO - DAG(s) dict_keys(['example_kubernetes_executor']) retrieved from /home/airflow/.local/lib/python3.6/site-packages/airflow/example_dags/example_kubernetes_executor.py
[2021-04-21 19:53:42,397] {logging_mixin.py:104} INFO - [2021-04-21 19:53:42,397] {dag.py:1818} INFO - Sync 1 DAGs
[2021-04-21 19:53:42,410] {logging_mixin.py:104} INFO - [2021-04-21 19:53:42,410] {dag.py:2273} INFO - Setting next_dagrun for example_kubernetes_executor to None
[2021-04-21 19:53:42,418] {scheduler_job.py:190} INFO - Processing /home/airflow/.local/lib/python3.6/site-packages/airflow/example_dags/example_kubernetes_executor.py took 0.063 seconds
[2021-04-21 19:54:12,790] {scheduler_job.py:182} INFO - Started process (PID=111) to work on /home/airflow/.local/lib/python3.6/site-packages/airflow/example_dags/example_kubernetes_executor.py
[2021-04-21 19:54:12,792] {scheduler_job.py:629} INFO - Processing file /home/airflow/.local/lib/python3.6/site-packages/airflow/example_dags/example_kubernetes_executor.py for tasks to queue
[2021-04-21 19:54:12,793] {logging_mixin.py:104} INFO - [2021-04-21 19:54:12,793] {dagbag.py:448} INFO - Filling up the DagBag from /home/airflow/.local/lib/python3.6/site-packages/airflow/example_dags/example_kubernetes_executor.py
[2021-04-21 19:54:12,813] {scheduler_job.py:639} INFO - DAG(s) dict_keys(['example_kubernetes_executor']) retrieved from /home/airflow/.local/lib/python3.6/site-packages/airflow/example_dags/example_kubernetes_executor.py
[2021-04-21 19:54:12,846] {logging_mixin.py:104} INFO - [2021-04-21 19:54:12,846] {dag.py:1818} INFO - Sync 1 DAGs
[2021-04-21 19:54:12,862] {logging_mixin.py:104} INFO - [2021-04-21 19:54:12,862] {dag.py:2273} INFO - Setting next_dagrun for example_kubernetes_executor to None
[2021-04-21 19:54:12,873] {scheduler_job.py:190} INFO - Processing /home/airflow/.local/lib/python3.6/site-packages/airflow/example_dags/example_kubernetes_executor.py took 0.086 seconds
[2021-04-21 19:54:43,065] {scheduler_job.py:182} INFO - Started process (PID=137) to work on /home/airflow/.local/lib/python3.6/site-packages/airflow/example_dags/example_kubernetes_executor.py
[2021-04-21 19:54:43,067] {scheduler_job.py:629} INFO - Processing file /home/airflow/.local/lib/python3.6/site-packages/airflow/example_dags/example_kubernetes_executor.py for tasks to queue
[2021-04-21 19:54:43,068] {logging_mixin.py:104} INFO - [2021-04-21 19:54:43,068] {dagbag.py:448} INFO - Filling up the DagBag from /home/airflow/.local/lib/python3.6/site-packages/airflow/example_dags/example_kubernetes_executor.py
[2021-04-21 19:54:43,081] {scheduler_job.py:639} INFO - DAG(s) dict_keys(['example_kubernetes_executor']) retrieved from /home/airflow/.local/lib/python3.6/site-packages/airflow/example_dags/example_kubernetes_executor.py
[2021-04-21 19:54:43,109] {logging_mixin.py:104} INFO - [2021-04-21 19:54:43,109] {dag.py:1818} INFO - Sync 1 DAGs
[2021-04-21 19:54:43,128] {logging_mixin.py:104} INFO - [2021-04-21 19:54:43,128] {dag.py:2273} INFO - Setting next_dagrun for example_kubernetes_executor to None
[2021-04-21 19:54:43,142] {scheduler_job.py:190} INFO - Processing /home/airflow/.local/lib/python3.6/site-packages/airflow/example_dags/example_kubernetes_executor.py took 0.081 seconds
[2021-04-21 19:55:13,281] {scheduler_job.py:182} INFO - Started process (PID=164) to work on /home/airflow/.local/lib/python3.6/site-packages/airflow/example_dags/example_kubernetes_executor.py
[2021-04-21 19:55:13,282] {scheduler_job.py:629} INFO - Processing file /home/airflow/.local/lib/python3.6/site-packages/airflow/example_dags/example_kubernetes_executor.py for tasks to queue
[2021-04-21 19:55:13,283] {logging_mixin.py:104} INFO - [2021-04-21 19:55:13,283] {dagbag.py:448} INFO - Filling up the DagBag from /home/airflow/.local/lib/python3.6/site-packages/airflow/example_dags/example_kubernetes_executor.py
[2021-04-21 19:55:13,295] {scheduler_job.py:639} INFO - DAG(s) dict_keys(['example_kubernetes_executor']) retrieved from /home/airflow/.local/lib/python3.6/site-packages/airflow/example_dags/example_kubernetes_executor.py
[2021-04-21 19:55:13,315] {logging_mixin.py:104} INFO - [2021-04-21 19:55:13,315] {dag.py:1818} INFO - Sync 1 DAGs
[2021-04-21 19:55:13,329] {logging_mixin.py:104} INFO - [2021-04-21 19:55:13,329] {dag.py:2273} INFO - Setting next_dagrun for example_kubernetes_executor to None
[2021-04-21 19:55:13,337] {scheduler_job.py:190} INFO - Processing /home/airflow/.local/lib/python3.6/site-packages/airflow/example_dags/example_kubernetes_executor.py took 0.060 seconds
[2021-04-21 19:55:43,429] {scheduler_job.py:182} INFO - Started process (PID=189) to work on /home/airflow/.local/lib/python3.6/site-packages/airflow/example_dags/example_kubernetes_executor.py
[2021-04-21 19:55:43,431] {scheduler_job.py:629} INFO - Processing file /home/airflow/.local/lib/python3.6/site-packages/airflow/example_dags/example_kubernetes_executor.py for tasks to queue
[2021-04-21 19:55:43,432] {logging_mixin.py:104} INFO - [2021-04-21 19:55:43,432] {dagbag.py:448} INFO - Filling up the DagBag from /home/airflow/.local/lib/python3.6/site-packages/airflow/example_dags/example_kubernetes_executor.py
[2021-04-21 19:55:43,443] {scheduler_job.py:639} INFO - DAG(s) dict_keys(['example_kubernetes_executor']) retrieved from /home/airflow/.local/lib/python3.6/site-packages/airflow/example_dags/example_kubernetes_executor.py
[2021-04-21 19:55:43,462] {logging_mixin.py:104} INFO - [2021-04-21 19:55:43,462] {dag.py:1818} INFO - Sync 1 DAGs
[2021-04-21 19:55:43,475] {logging_mixin.py:104} INFO - [2021-04-21 19:55:43,475] {dag.py:2273} INFO - Setting next_dagrun for example_kubernetes_executor to None
[2021-04-21 19:55:43,484] {scheduler_job.py:190} INFO - Processing /home/airflow/.local/lib/python3.6/site-packages/airflow/example_dags/example_kubernetes_executor.py took 0.058 seconds
[2021-04-21 19:56:14,065] {scheduler_job.py:182} INFO - Started process (PID=220) to work on /home/airflow/.local/lib/python3.6/site-packages/airflow/example_dags/example_kubernetes_executor.py
[2021-04-21 19:56:14,067] {scheduler_job.py:629} INFO - Processing file /home/airflow/.local/lib/python3.6/site-packages/airflow/example_dags/example_kubernetes_executor.py for tasks to queue
[2021-04-21 19:56:14,068] {logging_mixin.py:104} INFO - [2021-04-21 19:56:14,068] {dagbag.py:448} INFO - Filling up the DagBag from /home/airflow/.local/lib/python3.6/site-packages/airflow/example_dags/example_kubernetes_executor.py
[2021-04-21 19:56:14,090] {scheduler_job.py:639} INFO - DAG(s) dict_keys(['example_kubernetes_executor']) retrieved from /home/airflow/.local/lib/python3.6/site-packages/airflow/example_dags/example_kubernetes_executor.py
[2021-04-21 19:56:14,118] {logging_mixin.py:104} INFO - [2021-04-21 19:56:14,118] {dag.py:1818} INFO - Sync 1 DAGs
[2021-04-21 19:56:14,134] {logging_mixin.py:104} INFO - [2021-04-21 19:56:14,134] {dag.py:2273} INFO - Setting next_dagrun for example_kubernetes_executor to None
[2021-04-21 19:56:14,150] {scheduler_job.py:190} INFO - Processing /home/airflow/.local/lib/python3.6/site-packages/airflow/example_dags/example_kubernetes_executor.py took 0.090 seconds
[2021-04-21 19:56:44,437] {scheduler_job.py:182} INFO - Started process (PID=246) to work on /home/airflow/.local/lib/python3.6/site-packages/airflow/example_dags/example_kubernetes_executor.py
[2021-04-21 19:56:44,439] {scheduler_job.py:629} INFO - Processing file /home/airflow/.local/lib/python3.6/site-packages/airflow/example_dags/example_kubernetes_executor.py for tasks to queue
[2021-04-21 19:56:44,440] {logging_mixin.py:104} INFO - [2021-04-21 19:56:44,440] {dagbag.py:448} INFO - Filling up the DagBag from /home/airflow/.local/lib/python3.6/site-packages/airflow/example_dags/example_kubernetes_executor.py
[2021-04-21 19:56:44,458] {scheduler_job.py:639} INFO - DAG(s) dict_keys(['example_kubernetes_executor']) retrieved from /home/airflow/.local/lib/python3.6/site-packages/airflow/example_dags/example_kubernetes_executor.py
[2021-04-21 19:56:44,487] {logging_mixin.py:104} INFO - [2021-04-21 19:56:44,486] {dag.py:1818} INFO - Sync 1 DAGs
[2021-04-21 19:56:44,503] {logging_mixin.py:104} INFO - [2021-04-21 19:56:44,503] {dag.py:2273} INFO - Setting next_dagrun for example_kubernetes_executor to None
[2021-04-21 19:56:44,512] {scheduler_job.py:190} INFO - Processing /home/airflow/.local/lib/python3.6/site-packages/airflow/example_dags/example_kubernetes_executor.py took 0.078 seconds
[2021-04-21 19:57:14,735] {scheduler_job.py:182} INFO - Started process (PID=283) to work on /home/airflow/.local/lib/python3.6/site-packages/airflow/example_dags/example_kubernetes_executor.py
[2021-04-21 19:57:14,739] {scheduler_job.py:629} INFO - Processing file /home/airflow/.local/lib/python3.6/site-packages/airflow/example_dags/example_kubernetes_executor.py for tasks to queue
[2021-04-21 19:57:14,742] {logging_mixin.py:104} INFO - [2021-04-21 19:57:14,741] {dagbag.py:448} INFO - Filling up the DagBag from /home/airflow/.local/lib/python3.6/site-packages/airflow/example_dags/example_kubernetes_executor.py
[2021-04-21 19:57:14,760] {scheduler_job.py:639} INFO - DAG(s) dict_keys(['example_kubernetes_executor']) retrieved from /home/airflow/.local/lib/python3.6/site-packages/airflow/example_dags/example_kubernetes_executor.py
[2021-04-21 19:57:14,788] {logging_mixin.py:104} INFO - [2021-04-21 19:57:14,788] {dag.py:1818} INFO - Sync 1 DAGs
[2021-04-21 19:57:14,801] {logging_mixin.py:104} INFO - [2021-04-21 19:57:14,801] {dag.py:2273} INFO - Setting next_dagrun for example_kubernetes_executor to None
[2021-04-21 19:57:14,810] {scheduler_job.py:190} INFO - Processing /home/airflow/.local/lib/python3.6/site-packages/airflow/example_dags/example_kubernetes_executor.py took 0.078 seconds
[2021-04-21 19:57:44,937] {scheduler_job.py:182} INFO - Started process (PID=308) to work on /home/airflow/.local/lib/python3.6/site-packages/airflow/example_dags/example_kubernetes_executor.py
[2021-04-21 19:57:44,939] {scheduler_job.py:629} INFO - Processing file /home/airflow/.local/lib/python3.6/site-packages/airflow/example_dags/example_kubernetes_executor.py for tasks to queue
[2021-04-21 19:57:44,940] {logging_mixin.py:104} INFO - [2021-04-21 19:57:44,940] {dagbag.py:448} INFO - Filling up the DagBag from /home/airflow/.local/lib/python3.6/site-packages/airflow/example_dags/example_kubernetes_executor.py
[2021-04-21 19:57:44,951] {scheduler_job.py:639} INFO - DAG(s) dict_keys(['example_kubernetes_executor']) retrieved from /home/airflow/.local/lib/python3.6/site-packages/airflow/example_dags/example_kubernetes_executor.py
[2021-04-21 19:57:44,982] {logging_mixin.py:104} INFO - [2021-04-21 19:57:44,981] {dag.py:1818} INFO - Sync 1 DAGs
[2021-04-21 19:57:44,996] {logging_mixin.py:104} INFO - [2021-04-21 19:57:44,996] {dag.py:2273} INFO - Setting next_dagrun for example_kubernetes_executor to None
[2021-04-21 19:57:45,006] {scheduler_job.py:190} INFO - Processing /home/airflow/.local/lib/python3.6/site-packages/airflow/example_dags/example_kubernetes_executor.py took 0.073 seconds
[2021-04-21 19:58:15,234] {scheduler_job.py:182} INFO - Started process (PID=335) to work on /home/airflow/.local/lib/python3.6/site-packages/airflow/example_dags/example_kubernetes_executor.py
[2021-04-21 19:58:15,236] {scheduler_job.py:629} INFO - Processing file /home/airflow/.local/lib/python3.6/site-packages/airflow/example_dags/example_kubernetes_executor.py for tasks to queue
[2021-04-21 19:58:15,238] {logging_mixin.py:104} INFO - [2021-04-21 19:58:15,237] {dagbag.py:448} INFO - Filling up the DagBag from /home/airflow/.local/lib/python3.6/site-packages/airflow/example_dags/example_kubernetes_executor.py
[2021-04-21 19:58:15,256] {scheduler_job.py:639} INFO - DAG(s) dict_keys(['example_kubernetes_executor']) retrieved from /home/airflow/.local/lib/python3.6/site-packages/airflow/example_dags/example_kubernetes_executor.py
[2021-04-21 19:58:15,282] {logging_mixin.py:104} INFO - [2021-04-21 19:58:15,282] {dag.py:1818} INFO - Sync 1 DAGs
[2021-04-21 19:58:15,297] {logging_mixin.py:104} INFO - [2021-04-21 19:58:15,297] {dag.py:2273} INFO - Setting next_dagrun for example_kubernetes_executor to None
[2021-04-21 19:58:15,307] {scheduler_job.py:190} INFO - Processing /home/airflow/.local/lib/python3.6/site-packages/airflow/example_dags/example_kubernetes_executor.py took 0.076 seconds
[2021-04-21 19:58:45,515] {scheduler_job.py:182} INFO - Started process (PID=362) to work on /home/airflow/.local/lib/python3.6/site-packages/airflow/example_dags/example_kubernetes_executor.py
[2021-04-21 19:58:45,517] {scheduler_job.py:629} INFO - Processing file /home/airflow/.local/lib/python3.6/site-packages/airflow/example_dags/example_kubernetes_executor.py for tasks to queue
[2021-04-21 19:58:45,519] {logging_mixin.py:104} INFO - [2021-04-21 19:58:45,518] {dagbag.py:448} INFO - Filling up the DagBag from /home/airflow/.local/lib/python3.6/site-packages/airflow/example_dags/example_kubernetes_executor.py
[2021-04-21 19:58:45,533] {scheduler_job.py:639} INFO - DAG(s) dict_keys(['example_kubernetes_executor']) retrieved from /home/airflow/.local/lib/python3.6/site-packages/airflow/example_dags/example_kubernetes_executor.py
[2021-04-21 19:58:45,563] {logging_mixin.py:104} INFO - [2021-04-21 19:58:45,563] {dag.py:1818} INFO - Sync 1 DAGs
[2021-04-21 19:58:45,586] {logging_mixin.py:104} INFO - [2021-04-21 19:58:45,586] {dag.py:2273} INFO - Setting next_dagrun for example_kubernetes_executor to None
[2021-04-21 19:58:45,596] {scheduler_job.py:190} INFO - Processing /home/airflow/.local/lib/python3.6/site-packages/airflow/example_dags/example_kubernetes_executor.py took 0.084 seconds
[2021-04-21 19:59:15,791] {scheduler_job.py:182} INFO - Started process (PID=388) to work on /home/airflow/.local/lib/python3.6/site-packages/airflow/example_dags/example_kubernetes_executor.py
[2021-04-21 19:59:15,793] {scheduler_job.py:629} INFO - Processing file /home/airflow/.local/lib/python3.6/site-packages/airflow/example_dags/example_kubernetes_executor.py for tasks to queue
[2021-04-21 19:59:15,795] {logging_mixin.py:104} INFO - [2021-04-21 19:59:15,795] {dagbag.py:448} INFO - Filling up the DagBag from /home/airflow/.local/lib/python3.6/site-packages/airflow/example_dags/example_kubernetes_executor.py
[2021-04-21 19:59:15,808] {scheduler_job.py:639} INFO - DAG(s) dict_keys(['example_kubernetes_executor']) retrieved from /home/airflow/.local/lib/python3.6/site-packages/airflow/example_dags/example_kubernetes_executor.py
[2021-04-21 19:59:15,829] {logging_mixin.py:104} INFO - [2021-04-21 19:59:15,829] {dag.py:1818} INFO - Sync 1 DAGs
[2021-04-21 19:59:15,844] {logging_mixin.py:104} INFO - [2021-04-21 19:59:15,844] {dag.py:2273} INFO - Setting next_dagrun for example_kubernetes_executor to None
[2021-04-21 19:59:15,852] {scheduler_job.py:190} INFO - Processing /home/airflow/.local/lib/python3.6/site-packages/airflow/example_dags/example_kubernetes_executor.py took 0.065 seconds
[2021-04-21 19:59:45,998] {scheduler_job.py:182} INFO - Started process (PID=418) to work on /home/airflow/.local/lib/python3.6/site-packages/airflow/example_dags/example_kubernetes_executor.py
[2021-04-21 19:59:46,001] {scheduler_job.py:629} INFO - Processing file /home/airflow/.local/lib/python3.6/site-packages/airflow/example_dags/example_kubernetes_executor.py for tasks to queue
[2021-04-21 19:59:46,002] {logging_mixin.py:104} INFO - [2021-04-21 19:59:46,002] {dagbag.py:448} INFO - Filling up the DagBag from /home/airflow/.local/lib/python3.6/site-packages/airflow/example_dags/example_kubernetes_executor.py
[2021-04-21 19:59:46,014] {scheduler_job.py:639} INFO - DAG(s) dict_keys(['example_kubernetes_executor']) retrieved from /home/airflow/.local/lib/python3.6/site-packages/airflow/example_dags/example_kubernetes_executor.py
[2021-04-21 19:59:46,035] {logging_mixin.py:104} INFO - [2021-04-21 19:59:46,035] {dag.py:1818} INFO - Sync 1 DAGs
[2021-04-21 19:59:46,057] {logging_mixin.py:104} INFO - [2021-04-21 19:59:46,056] {dag.py:2273} INFO - Setting next_dagrun for example_kubernetes_executor to None
[2021-04-21 19:59:46,066] {scheduler_job.py:190} INFO - Processing /home/airflow/.local/lib/python3.6/site-packages/airflow/example_dags/example_kubernetes_executor.py took 0.071 seconds
[2021-04-21 20:00:16,181] {scheduler_job.py:182} INFO - Started process (PID=442) to work on /home/airflow/.local/lib/python3.6/site-packages/airflow/example_dags/example_kubernetes_executor.py
[2021-04-21 20:00:16,183] {scheduler_job.py:629} INFO - Processing file /home/airflow/.local/lib/python3.6/site-packages/airflow/example_dags/example_kubernetes_executor.py for tasks to queue
[2021-04-21 20:00:16,184] {logging_mixin.py:104} INFO - [2021-04-21 20:00:16,184] {dagbag.py:448} INFO - Filling up the DagBag from /home/airflow/.local/lib/python3.6/site-packages/airflow/example_dags/example_kubernetes_executor.py
[2021-04-21 20:00:16,200] {scheduler_job.py:639} INFO - DAG(s) dict_keys(['example_kubernetes_executor']) retrieved from /home/airflow/.local/lib/python3.6/site-packages/airflow/example_dags/example_kubernetes_executor.py
[2021-04-21 20:00:16,226] {logging_mixin.py:104} INFO - [2021-04-21 20:00:16,225] {dag.py:1818} INFO - Sync 1 DAGs
[2021-04-21 20:00:16,243] {logging_mixin.py:104} INFO - [2021-04-21 20:00:16,242] {dag.py:2273} INFO - Setting next_dagrun for example_kubernetes_executor to None
[2021-04-21 20:00:16,252] {scheduler_job.py:190} INFO - Processing /home/airflow/.local/lib/python3.6/site-packages/airflow/example_dags/example_kubernetes_executor.py took 0.075 seconds
[2021-04-21 20:00:46,389] {scheduler_job.py:182} INFO - Started process (PID=483) to work on /home/airflow/.local/lib/python3.6/site-packages/airflow/example_dags/example_kubernetes_executor.py
[2021-04-21 20:00:46,390] {scheduler_job.py:629} INFO - Processing file /home/airflow/.local/lib/python3.6/site-packages/airflow/example_dags/example_kubernetes_executor.py for tasks to queue
[2021-04-21 20:00:46,391] {logging_mixin.py:104} INFO - [2021-04-21 20:00:46,391] {dagbag.py:448} INFO - Filling up the DagBag from /home/airflow/.local/lib/python3.6/site-packages/airflow/example_dags/example_kubernetes_executor.py
[2021-04-21 20:00:46,403] {scheduler_job.py:639} INFO - DAG(s) dict_keys(['example_kubernetes_executor']) retrieved from /home/airflow/.local/lib/python3.6/site-packages/airflow/example_dags/example_kubernetes_executor.py
[2021-04-21 20:00:46,435] {logging_mixin.py:104} INFO - [2021-04-21 20:00:46,434] {dag.py:1818} INFO - Sync 1 DAGs
[2021-04-21 20:00:46,453] {logging_mixin.py:104} INFO - [2021-04-21 20:00:46,453] {dag.py:2273} INFO - Setting next_dagrun for example_kubernetes_executor to None
[2021-04-21 20:00:46,469] {scheduler_job.py:190} INFO - Processing /home/airflow/.local/lib/python3.6/site-packages/airflow/example_dags/example_kubernetes_executor.py took 0.083 seconds
[2021-04-21 20:01:16,800] {scheduler_job.py:182} INFO - Started process (PID=510) to work on /home/airflow/.local/lib/python3.6/site-packages/airflow/example_dags/example_kubernetes_executor.py
[2021-04-21 20:01:16,802] {scheduler_job.py:629} INFO - Processing file /home/airflow/.local/lib/python3.6/site-packages/airflow/example_dags/example_kubernetes_executor.py for tasks to queue
[2021-04-21 20:01:16,803] {logging_mixin.py:104} INFO - [2021-04-21 20:01:16,803] {dagbag.py:448} INFO - Filling up the DagBag from /home/airflow/.local/lib/python3.6/site-packages/airflow/example_dags/example_kubernetes_executor.py
[2021-04-21 20:01:16,815] {scheduler_job.py:639} INFO - DAG(s) dict_keys(['example_kubernetes_executor']) retrieved from /home/airflow/.local/lib/python3.6/site-packages/airflow/example_dags/example_kubernetes_executor.py
[2021-04-21 20:01:16,839] {logging_mixin.py:104} INFO - [2021-04-21 20:01:16,839] {dag.py:1818} INFO - Sync 1 DAGs
[2021-04-21 20:01:16,857] {logging_mixin.py:104} INFO - [2021-04-21 20:01:16,857] {dag.py:2273} INFO - Setting next_dagrun for example_kubernetes_executor to None
[2021-04-21 20:01:16,865] {scheduler_job.py:190} INFO - Processing /home/airflow/.local/lib/python3.6/site-packages/airflow/example_dags/example_kubernetes_executor.py took 0.068 seconds
[2021-04-21 20:01:47,061] {scheduler_job.py:182} INFO - Started process (PID=536) to work on /home/airflow/.local/lib/python3.6/site-packages/airflow/example_dags/example_kubernetes_executor.py
[2021-04-21 20:01:47,063] {scheduler_job.py:629} INFO - Processing file /home/airflow/.local/lib/python3.6/site-packages/airflow/example_dags/example_kubernetes_executor.py for tasks to queue
[2021-04-21 20:01:47,064] {logging_mixin.py:104} INFO - [2021-04-21 20:01:47,064] {dagbag.py:448} INFO - Filling up the DagBag from /home/airflow/.local/lib/python3.6/site-packages/airflow/example_dags/example_kubernetes_executor.py
[2021-04-21 20:01:47,076] {scheduler_job.py:639} INFO - DAG(s) dict_keys(['example_kubernetes_executor']) retrieved from /home/airflow/.local/lib/python3.6/site-packages/airflow/example_dags/example_kubernetes_executor.py
[2021-04-21 20:01:47,099] {logging_mixin.py:104} INFO - [2021-04-21 20:01:47,098] {dag.py:1818} INFO - Sync 1 DAGs
[2021-04-21 20:01:47,117] {logging_mixin.py:104} INFO - [2021-04-21 20:01:47,117] {dag.py:2273} INFO - Setting next_dagrun for example_kubernetes_executor to None
[2021-04-21 20:01:47,126] {scheduler_job.py:190} INFO - Processing /home/airflow/.local/lib/python3.6/site-packages/airflow/example_dags/example_kubernetes_executor.py took 0.069 seconds
[2021-04-21 20:02:17,315] {scheduler_job.py:182} INFO - Started process (PID=565) to work on /home/airflow/.local/lib/python3.6/site-packages/airflow/example_dags/example_kubernetes_executor.py
[2021-04-21 20:02:17,316] {scheduler_job.py:629} INFO - Processing file /home/airflow/.local/lib/python3.6/site-packages/airflow/example_dags/example_kubernetes_executor.py for tasks to queue
[2021-04-21 20:02:17,318] {logging_mixin.py:104} INFO - [2021-04-21 20:02:17,317] {dagbag.py:448} INFO - Filling up the DagBag from /home/airflow/.local/lib/python3.6/site-packages/airflow/example_dags/example_kubernetes_executor.py
[2021-04-21 20:02:17,332] {scheduler_job.py:639} INFO - DAG(s) dict_keys(['example_kubernetes_executor']) retrieved from /home/airflow/.local/lib/python3.6/site-packages/airflow/example_dags/example_kubernetes_executor.py
[2021-04-21 20:02:17,358] {logging_mixin.py:104} INFO - [2021-04-21 20:02:17,358] {dag.py:1818} INFO - Sync 1 DAGs
[2021-04-21 20:02:17,375] {logging_mixin.py:104} INFO - [2021-04-21 20:02:17,374] {dag.py:2273} INFO - Setting next_dagrun for example_kubernetes_executor to None
[2021-04-21 20:02:17,389] {scheduler_job.py:190} INFO - Processing /home/airflow/.local/lib/python3.6/site-packages/airflow/example_dags/example_kubernetes_executor.py took 0.077 seconds
