[2021-04-21 19:52:41,003] {scheduler_job.py:182} INFO - Started process (PID=26) to work on /home/airflow/.local/lib/python3.6/site-packages/airflow/example_dags/example_python_operator.py
[2021-04-21 19:52:41,005] {scheduler_job.py:629} INFO - Processing file /home/airflow/.local/lib/python3.6/site-packages/airflow/example_dags/example_python_operator.py for tasks to queue
[2021-04-21 19:52:41,006] {logging_mixin.py:104} INFO - [2021-04-21 19:52:41,006] {dagbag.py:448} INFO - Filling up the DagBag from /home/airflow/.local/lib/python3.6/site-packages/airflow/example_dags/example_python_operator.py
[2021-04-21 19:52:41,021] {scheduler_job.py:639} INFO - DAG(s) dict_keys(['example_python_operator']) retrieved from /home/airflow/.local/lib/python3.6/site-packages/airflow/example_dags/example_python_operator.py
[2021-04-21 19:52:41,059] {logging_mixin.py:104} INFO - [2021-04-21 19:52:41,059] {dag.py:1818} INFO - Sync 1 DAGs
[2021-04-21 19:52:41,078] {logging_mixin.py:104} INFO - [2021-04-21 19:52:41,078] {dag.py:1837} INFO - Creating ORM DAG for example_python_operator
[2021-04-21 19:52:41,085] {logging_mixin.py:104} INFO - [2021-04-21 19:52:41,085] {dag.py:2273} INFO - Setting next_dagrun for example_python_operator to None
[2021-04-21 19:52:41,108] {scheduler_job.py:190} INFO - Processing /home/airflow/.local/lib/python3.6/site-packages/airflow/example_dags/example_python_operator.py took 0.109 seconds
[2021-04-21 19:53:11,687] {scheduler_job.py:182} INFO - Started process (PID=52) to work on /home/airflow/.local/lib/python3.6/site-packages/airflow/example_dags/example_python_operator.py
[2021-04-21 19:53:11,690] {scheduler_job.py:629} INFO - Processing file /home/airflow/.local/lib/python3.6/site-packages/airflow/example_dags/example_python_operator.py for tasks to queue
[2021-04-21 19:53:11,692] {logging_mixin.py:104} INFO - [2021-04-21 19:53:11,691] {dagbag.py:448} INFO - Filling up the DagBag from /home/airflow/.local/lib/python3.6/site-packages/airflow/example_dags/example_python_operator.py
[2021-04-21 19:53:11,706] {scheduler_job.py:639} INFO - DAG(s) dict_keys(['example_python_operator']) retrieved from /home/airflow/.local/lib/python3.6/site-packages/airflow/example_dags/example_python_operator.py
[2021-04-21 19:53:11,728] {logging_mixin.py:104} INFO - [2021-04-21 19:53:11,728] {dag.py:1818} INFO - Sync 1 DAGs
[2021-04-21 19:53:11,747] {logging_mixin.py:104} INFO - [2021-04-21 19:53:11,747] {dag.py:2273} INFO - Setting next_dagrun for example_python_operator to None
[2021-04-21 19:53:11,757] {scheduler_job.py:190} INFO - Processing /home/airflow/.local/lib/python3.6/site-packages/airflow/example_dags/example_python_operator.py took 0.076 seconds
[2021-04-21 19:53:42,178] {scheduler_job.py:182} INFO - Started process (PID=78) to work on /home/airflow/.local/lib/python3.6/site-packages/airflow/example_dags/example_python_operator.py
[2021-04-21 19:53:42,179] {scheduler_job.py:629} INFO - Processing file /home/airflow/.local/lib/python3.6/site-packages/airflow/example_dags/example_python_operator.py for tasks to queue
[2021-04-21 19:53:42,180] {logging_mixin.py:104} INFO - [2021-04-21 19:53:42,180] {dagbag.py:448} INFO - Filling up the DagBag from /home/airflow/.local/lib/python3.6/site-packages/airflow/example_dags/example_python_operator.py
[2021-04-21 19:53:42,192] {scheduler_job.py:639} INFO - DAG(s) dict_keys(['example_python_operator']) retrieved from /home/airflow/.local/lib/python3.6/site-packages/airflow/example_dags/example_python_operator.py
[2021-04-21 19:53:42,216] {logging_mixin.py:104} INFO - [2021-04-21 19:53:42,216] {dag.py:1818} INFO - Sync 1 DAGs
[2021-04-21 19:53:42,233] {logging_mixin.py:104} INFO - [2021-04-21 19:53:42,232] {dag.py:2273} INFO - Setting next_dagrun for example_python_operator to None
[2021-04-21 19:53:42,240] {scheduler_job.py:190} INFO - Processing /home/airflow/.local/lib/python3.6/site-packages/airflow/example_dags/example_python_operator.py took 0.066 seconds
[2021-04-21 19:54:12,477] {scheduler_job.py:182} INFO - Started process (PID=104) to work on /home/airflow/.local/lib/python3.6/site-packages/airflow/example_dags/example_python_operator.py
[2021-04-21 19:54:12,479] {scheduler_job.py:629} INFO - Processing file /home/airflow/.local/lib/python3.6/site-packages/airflow/example_dags/example_python_operator.py for tasks to queue
[2021-04-21 19:54:12,480] {logging_mixin.py:104} INFO - [2021-04-21 19:54:12,480] {dagbag.py:448} INFO - Filling up the DagBag from /home/airflow/.local/lib/python3.6/site-packages/airflow/example_dags/example_python_operator.py
[2021-04-21 19:54:12,492] {scheduler_job.py:639} INFO - DAG(s) dict_keys(['example_python_operator']) retrieved from /home/airflow/.local/lib/python3.6/site-packages/airflow/example_dags/example_python_operator.py
[2021-04-21 19:54:12,515] {logging_mixin.py:104} INFO - [2021-04-21 19:54:12,514] {dag.py:1818} INFO - Sync 1 DAGs
[2021-04-21 19:54:12,529] {logging_mixin.py:104} INFO - [2021-04-21 19:54:12,529] {dag.py:2273} INFO - Setting next_dagrun for example_python_operator to None
[2021-04-21 19:54:12,537] {scheduler_job.py:190} INFO - Processing /home/airflow/.local/lib/python3.6/site-packages/airflow/example_dags/example_python_operator.py took 0.064 seconds
[2021-04-21 19:54:42,766] {scheduler_job.py:182} INFO - Started process (PID=130) to work on /home/airflow/.local/lib/python3.6/site-packages/airflow/example_dags/example_python_operator.py
[2021-04-21 19:54:42,767] {scheduler_job.py:629} INFO - Processing file /home/airflow/.local/lib/python3.6/site-packages/airflow/example_dags/example_python_operator.py for tasks to queue
[2021-04-21 19:54:42,768] {logging_mixin.py:104} INFO - [2021-04-21 19:54:42,768] {dagbag.py:448} INFO - Filling up the DagBag from /home/airflow/.local/lib/python3.6/site-packages/airflow/example_dags/example_python_operator.py
[2021-04-21 19:54:42,780] {scheduler_job.py:639} INFO - DAG(s) dict_keys(['example_python_operator']) retrieved from /home/airflow/.local/lib/python3.6/site-packages/airflow/example_dags/example_python_operator.py
[2021-04-21 19:54:42,800] {logging_mixin.py:104} INFO - [2021-04-21 19:54:42,800] {dag.py:1818} INFO - Sync 1 DAGs
[2021-04-21 19:54:42,815] {logging_mixin.py:104} INFO - [2021-04-21 19:54:42,815] {dag.py:2273} INFO - Setting next_dagrun for example_python_operator to None
[2021-04-21 19:54:42,822] {scheduler_job.py:190} INFO - Processing /home/airflow/.local/lib/python3.6/site-packages/airflow/example_dags/example_python_operator.py took 0.060 seconds
[2021-04-21 19:55:12,973] {scheduler_job.py:182} INFO - Started process (PID=156) to work on /home/airflow/.local/lib/python3.6/site-packages/airflow/example_dags/example_python_operator.py
[2021-04-21 19:55:12,975] {scheduler_job.py:629} INFO - Processing file /home/airflow/.local/lib/python3.6/site-packages/airflow/example_dags/example_python_operator.py for tasks to queue
[2021-04-21 19:55:12,976] {logging_mixin.py:104} INFO - [2021-04-21 19:55:12,976] {dagbag.py:448} INFO - Filling up the DagBag from /home/airflow/.local/lib/python3.6/site-packages/airflow/example_dags/example_python_operator.py
[2021-04-21 19:55:12,988] {scheduler_job.py:639} INFO - DAG(s) dict_keys(['example_python_operator']) retrieved from /home/airflow/.local/lib/python3.6/site-packages/airflow/example_dags/example_python_operator.py
[2021-04-21 19:55:13,007] {logging_mixin.py:104} INFO - [2021-04-21 19:55:13,007] {dag.py:1818} INFO - Sync 1 DAGs
[2021-04-21 19:55:13,021] {logging_mixin.py:104} INFO - [2021-04-21 19:55:13,021] {dag.py:2273} INFO - Setting next_dagrun for example_python_operator to None
[2021-04-21 19:55:13,029] {scheduler_job.py:190} INFO - Processing /home/airflow/.local/lib/python3.6/site-packages/airflow/example_dags/example_python_operator.py took 0.059 seconds
[2021-04-21 19:55:43,187] {scheduler_job.py:182} INFO - Started process (PID=183) to work on /home/airflow/.local/lib/python3.6/site-packages/airflow/example_dags/example_python_operator.py
[2021-04-21 19:55:43,189] {scheduler_job.py:629} INFO - Processing file /home/airflow/.local/lib/python3.6/site-packages/airflow/example_dags/example_python_operator.py for tasks to queue
[2021-04-21 19:55:43,190] {logging_mixin.py:104} INFO - [2021-04-21 19:55:43,190] {dagbag.py:448} INFO - Filling up the DagBag from /home/airflow/.local/lib/python3.6/site-packages/airflow/example_dags/example_python_operator.py
[2021-04-21 19:55:43,202] {scheduler_job.py:639} INFO - DAG(s) dict_keys(['example_python_operator']) retrieved from /home/airflow/.local/lib/python3.6/site-packages/airflow/example_dags/example_python_operator.py
[2021-04-21 19:55:43,223] {logging_mixin.py:104} INFO - [2021-04-21 19:55:43,222] {dag.py:1818} INFO - Sync 1 DAGs
[2021-04-21 19:55:43,235] {logging_mixin.py:104} INFO - [2021-04-21 19:55:43,235] {dag.py:2273} INFO - Setting next_dagrun for example_python_operator to None
[2021-04-21 19:55:43,244] {scheduler_job.py:190} INFO - Processing /home/airflow/.local/lib/python3.6/site-packages/airflow/example_dags/example_python_operator.py took 0.060 seconds
[2021-04-21 19:56:13,588] {scheduler_job.py:182} INFO - Started process (PID=209) to work on /home/airflow/.local/lib/python3.6/site-packages/airflow/example_dags/example_python_operator.py
[2021-04-21 19:56:13,589] {scheduler_job.py:629} INFO - Processing file /home/airflow/.local/lib/python3.6/site-packages/airflow/example_dags/example_python_operator.py for tasks to queue
[2021-04-21 19:56:13,590] {logging_mixin.py:104} INFO - [2021-04-21 19:56:13,590] {dagbag.py:448} INFO - Filling up the DagBag from /home/airflow/.local/lib/python3.6/site-packages/airflow/example_dags/example_python_operator.py
[2021-04-21 19:56:13,602] {scheduler_job.py:639} INFO - DAG(s) dict_keys(['example_python_operator']) retrieved from /home/airflow/.local/lib/python3.6/site-packages/airflow/example_dags/example_python_operator.py
[2021-04-21 19:56:13,626] {logging_mixin.py:104} INFO - [2021-04-21 19:56:13,626] {dag.py:1818} INFO - Sync 1 DAGs
[2021-04-21 19:56:13,641] {logging_mixin.py:104} INFO - [2021-04-21 19:56:13,641] {dag.py:2273} INFO - Setting next_dagrun for example_python_operator to None
[2021-04-21 19:56:13,649] {scheduler_job.py:190} INFO - Processing /home/airflow/.local/lib/python3.6/site-packages/airflow/example_dags/example_python_operator.py took 0.065 seconds
[2021-04-21 19:56:43,875] {scheduler_job.py:182} INFO - Started process (PID=235) to work on /home/airflow/.local/lib/python3.6/site-packages/airflow/example_dags/example_python_operator.py
[2021-04-21 19:56:43,877] {scheduler_job.py:629} INFO - Processing file /home/airflow/.local/lib/python3.6/site-packages/airflow/example_dags/example_python_operator.py for tasks to queue
[2021-04-21 19:56:43,878] {logging_mixin.py:104} INFO - [2021-04-21 19:56:43,878] {dagbag.py:448} INFO - Filling up the DagBag from /home/airflow/.local/lib/python3.6/site-packages/airflow/example_dags/example_python_operator.py
[2021-04-21 19:56:43,890] {scheduler_job.py:639} INFO - DAG(s) dict_keys(['example_python_operator']) retrieved from /home/airflow/.local/lib/python3.6/site-packages/airflow/example_dags/example_python_operator.py
[2021-04-21 19:56:43,911] {logging_mixin.py:104} INFO - [2021-04-21 19:56:43,911] {dag.py:1818} INFO - Sync 1 DAGs
[2021-04-21 19:56:43,925] {logging_mixin.py:104} INFO - [2021-04-21 19:56:43,925] {dag.py:2273} INFO - Setting next_dagrun for example_python_operator to None
[2021-04-21 19:56:43,934] {scheduler_job.py:190} INFO - Processing /home/airflow/.local/lib/python3.6/site-packages/airflow/example_dags/example_python_operator.py took 0.062 seconds
[2021-04-21 19:57:14,162] {scheduler_job.py:182} INFO - Started process (PID=270) to work on /home/airflow/.local/lib/python3.6/site-packages/airflow/example_dags/example_python_operator.py
[2021-04-21 19:57:14,163] {scheduler_job.py:629} INFO - Processing file /home/airflow/.local/lib/python3.6/site-packages/airflow/example_dags/example_python_operator.py for tasks to queue
[2021-04-21 19:57:14,164] {logging_mixin.py:104} INFO - [2021-04-21 19:57:14,164] {dagbag.py:448} INFO - Filling up the DagBag from /home/airflow/.local/lib/python3.6/site-packages/airflow/example_dags/example_python_operator.py
[2021-04-21 19:57:14,176] {scheduler_job.py:639} INFO - DAG(s) dict_keys(['example_python_operator']) retrieved from /home/airflow/.local/lib/python3.6/site-packages/airflow/example_dags/example_python_operator.py
[2021-04-21 19:57:14,196] {logging_mixin.py:104} INFO - [2021-04-21 19:57:14,196] {dag.py:1818} INFO - Sync 1 DAGs
[2021-04-21 19:57:14,209] {logging_mixin.py:104} INFO - [2021-04-21 19:57:14,208] {dag.py:2273} INFO - Setting next_dagrun for example_python_operator to None
[2021-04-21 19:57:14,216] {scheduler_job.py:190} INFO - Processing /home/airflow/.local/lib/python3.6/site-packages/airflow/example_dags/example_python_operator.py took 0.057 seconds
[2021-04-21 19:57:44,380] {scheduler_job.py:182} INFO - Started process (PID=296) to work on /home/airflow/.local/lib/python3.6/site-packages/airflow/example_dags/example_python_operator.py
[2021-04-21 19:57:44,382] {scheduler_job.py:629} INFO - Processing file /home/airflow/.local/lib/python3.6/site-packages/airflow/example_dags/example_python_operator.py for tasks to queue
[2021-04-21 19:57:44,384] {logging_mixin.py:104} INFO - [2021-04-21 19:57:44,384] {dagbag.py:448} INFO - Filling up the DagBag from /home/airflow/.local/lib/python3.6/site-packages/airflow/example_dags/example_python_operator.py
[2021-04-21 19:57:44,395] {scheduler_job.py:639} INFO - DAG(s) dict_keys(['example_python_operator']) retrieved from /home/airflow/.local/lib/python3.6/site-packages/airflow/example_dags/example_python_operator.py
[2021-04-21 19:57:44,417] {logging_mixin.py:104} INFO - [2021-04-21 19:57:44,417] {dag.py:1818} INFO - Sync 1 DAGs
[2021-04-21 19:57:44,432] {logging_mixin.py:104} INFO - [2021-04-21 19:57:44,431] {dag.py:2273} INFO - Setting next_dagrun for example_python_operator to None
[2021-04-21 19:57:44,441] {scheduler_job.py:190} INFO - Processing /home/airflow/.local/lib/python3.6/site-packages/airflow/example_dags/example_python_operator.py took 0.064 seconds
[2021-04-21 19:58:14,630] {scheduler_job.py:182} INFO - Started process (PID=322) to work on /home/airflow/.local/lib/python3.6/site-packages/airflow/example_dags/example_python_operator.py
[2021-04-21 19:58:14,631] {scheduler_job.py:629} INFO - Processing file /home/airflow/.local/lib/python3.6/site-packages/airflow/example_dags/example_python_operator.py for tasks to queue
[2021-04-21 19:58:14,632] {logging_mixin.py:104} INFO - [2021-04-21 19:58:14,632] {dagbag.py:448} INFO - Filling up the DagBag from /home/airflow/.local/lib/python3.6/site-packages/airflow/example_dags/example_python_operator.py
[2021-04-21 19:58:14,644] {scheduler_job.py:639} INFO - DAG(s) dict_keys(['example_python_operator']) retrieved from /home/airflow/.local/lib/python3.6/site-packages/airflow/example_dags/example_python_operator.py
[2021-04-21 19:58:14,666] {logging_mixin.py:104} INFO - [2021-04-21 19:58:14,666] {dag.py:1818} INFO - Sync 1 DAGs
[2021-04-21 19:58:14,679] {logging_mixin.py:104} INFO - [2021-04-21 19:58:14,679] {dag.py:2273} INFO - Setting next_dagrun for example_python_operator to None
[2021-04-21 19:58:14,692] {scheduler_job.py:190} INFO - Processing /home/airflow/.local/lib/python3.6/site-packages/airflow/example_dags/example_python_operator.py took 0.066 seconds
[2021-04-21 19:58:44,870] {scheduler_job.py:182} INFO - Started process (PID=348) to work on /home/airflow/.local/lib/python3.6/site-packages/airflow/example_dags/example_python_operator.py
[2021-04-21 19:58:44,872] {scheduler_job.py:629} INFO - Processing file /home/airflow/.local/lib/python3.6/site-packages/airflow/example_dags/example_python_operator.py for tasks to queue
[2021-04-21 19:58:44,873] {logging_mixin.py:104} INFO - [2021-04-21 19:58:44,873] {dagbag.py:448} INFO - Filling up the DagBag from /home/airflow/.local/lib/python3.6/site-packages/airflow/example_dags/example_python_operator.py
[2021-04-21 19:58:44,885] {scheduler_job.py:639} INFO - DAG(s) dict_keys(['example_python_operator']) retrieved from /home/airflow/.local/lib/python3.6/site-packages/airflow/example_dags/example_python_operator.py
[2021-04-21 19:58:44,914] {logging_mixin.py:104} INFO - [2021-04-21 19:58:44,914] {dag.py:1818} INFO - Sync 1 DAGs
[2021-04-21 19:58:44,930] {logging_mixin.py:104} INFO - [2021-04-21 19:58:44,930] {dag.py:2273} INFO - Setting next_dagrun for example_python_operator to None
[2021-04-21 19:58:44,938] {scheduler_job.py:190} INFO - Processing /home/airflow/.local/lib/python3.6/site-packages/airflow/example_dags/example_python_operator.py took 0.071 seconds
[2021-04-21 19:59:15,233] {scheduler_job.py:182} INFO - Started process (PID=375) to work on /home/airflow/.local/lib/python3.6/site-packages/airflow/example_dags/example_python_operator.py
[2021-04-21 19:59:15,235] {scheduler_job.py:629} INFO - Processing file /home/airflow/.local/lib/python3.6/site-packages/airflow/example_dags/example_python_operator.py for tasks to queue
[2021-04-21 19:59:15,236] {logging_mixin.py:104} INFO - [2021-04-21 19:59:15,236] {dagbag.py:448} INFO - Filling up the DagBag from /home/airflow/.local/lib/python3.6/site-packages/airflow/example_dags/example_python_operator.py
[2021-04-21 19:59:15,247] {scheduler_job.py:639} INFO - DAG(s) dict_keys(['example_python_operator']) retrieved from /home/airflow/.local/lib/python3.6/site-packages/airflow/example_dags/example_python_operator.py
[2021-04-21 19:59:15,268] {logging_mixin.py:104} INFO - [2021-04-21 19:59:15,268] {dag.py:1818} INFO - Sync 1 DAGs
[2021-04-21 19:59:15,284] {logging_mixin.py:104} INFO - [2021-04-21 19:59:15,284] {dag.py:2273} INFO - Setting next_dagrun for example_python_operator to None
[2021-04-21 19:59:15,293] {scheduler_job.py:190} INFO - Processing /home/airflow/.local/lib/python3.6/site-packages/airflow/example_dags/example_python_operator.py took 0.063 seconds
[2021-04-21 19:59:45,482] {scheduler_job.py:182} INFO - Started process (PID=406) to work on /home/airflow/.local/lib/python3.6/site-packages/airflow/example_dags/example_python_operator.py
[2021-04-21 19:59:45,485] {scheduler_job.py:629} INFO - Processing file /home/airflow/.local/lib/python3.6/site-packages/airflow/example_dags/example_python_operator.py for tasks to queue
[2021-04-21 19:59:45,486] {logging_mixin.py:104} INFO - [2021-04-21 19:59:45,486] {dagbag.py:448} INFO - Filling up the DagBag from /home/airflow/.local/lib/python3.6/site-packages/airflow/example_dags/example_python_operator.py
[2021-04-21 19:59:45,498] {scheduler_job.py:639} INFO - DAG(s) dict_keys(['example_python_operator']) retrieved from /home/airflow/.local/lib/python3.6/site-packages/airflow/example_dags/example_python_operator.py
[2021-04-21 19:59:45,518] {logging_mixin.py:104} INFO - [2021-04-21 19:59:45,518] {dag.py:1818} INFO - Sync 1 DAGs
[2021-04-21 19:59:45,532] {logging_mixin.py:104} INFO - [2021-04-21 19:59:45,532] {dag.py:2273} INFO - Setting next_dagrun for example_python_operator to None
[2021-04-21 19:59:45,544] {scheduler_job.py:190} INFO - Processing /home/airflow/.local/lib/python3.6/site-packages/airflow/example_dags/example_python_operator.py took 0.066 seconds
[2021-04-21 20:00:15,872] {scheduler_job.py:182} INFO - Started process (PID=436) to work on /home/airflow/.local/lib/python3.6/site-packages/airflow/example_dags/example_python_operator.py
[2021-04-21 20:00:15,877] {scheduler_job.py:629} INFO - Processing file /home/airflow/.local/lib/python3.6/site-packages/airflow/example_dags/example_python_operator.py for tasks to queue
[2021-04-21 20:00:15,879] {logging_mixin.py:104} INFO - [2021-04-21 20:00:15,879] {dagbag.py:448} INFO - Filling up the DagBag from /home/airflow/.local/lib/python3.6/site-packages/airflow/example_dags/example_python_operator.py
[2021-04-21 20:00:15,892] {scheduler_job.py:639} INFO - DAG(s) dict_keys(['example_python_operator']) retrieved from /home/airflow/.local/lib/python3.6/site-packages/airflow/example_dags/example_python_operator.py
[2021-04-21 20:00:15,921] {logging_mixin.py:104} INFO - [2021-04-21 20:00:15,921] {dag.py:1818} INFO - Sync 1 DAGs
[2021-04-21 20:00:15,937] {logging_mixin.py:104} INFO - [2021-04-21 20:00:15,937] {dag.py:2273} INFO - Setting next_dagrun for example_python_operator to None
[2021-04-21 20:00:15,946] {scheduler_job.py:190} INFO - Processing /home/airflow/.local/lib/python3.6/site-packages/airflow/example_dags/example_python_operator.py took 0.078 seconds
[2021-04-21 20:00:46,106] {scheduler_job.py:182} INFO - Started process (PID=477) to work on /home/airflow/.local/lib/python3.6/site-packages/airflow/example_dags/example_python_operator.py
[2021-04-21 20:00:46,107] {scheduler_job.py:629} INFO - Processing file /home/airflow/.local/lib/python3.6/site-packages/airflow/example_dags/example_python_operator.py for tasks to queue
[2021-04-21 20:00:46,108] {logging_mixin.py:104} INFO - [2021-04-21 20:00:46,108] {dagbag.py:448} INFO - Filling up the DagBag from /home/airflow/.local/lib/python3.6/site-packages/airflow/example_dags/example_python_operator.py
[2021-04-21 20:00:46,120] {scheduler_job.py:639} INFO - DAG(s) dict_keys(['example_python_operator']) retrieved from /home/airflow/.local/lib/python3.6/site-packages/airflow/example_dags/example_python_operator.py
[2021-04-21 20:00:46,141] {logging_mixin.py:104} INFO - [2021-04-21 20:00:46,141] {dag.py:1818} INFO - Sync 1 DAGs
[2021-04-21 20:00:46,157] {logging_mixin.py:104} INFO - [2021-04-21 20:00:46,157] {dag.py:2273} INFO - Setting next_dagrun for example_python_operator to None
[2021-04-21 20:00:46,165] {scheduler_job.py:190} INFO - Processing /home/airflow/.local/lib/python3.6/site-packages/airflow/example_dags/example_python_operator.py took 0.062 seconds
[2021-04-21 20:01:16,503] {scheduler_job.py:182} INFO - Started process (PID=505) to work on /home/airflow/.local/lib/python3.6/site-packages/airflow/example_dags/example_python_operator.py
[2021-04-21 20:01:16,505] {scheduler_job.py:629} INFO - Processing file /home/airflow/.local/lib/python3.6/site-packages/airflow/example_dags/example_python_operator.py for tasks to queue
[2021-04-21 20:01:16,513] {logging_mixin.py:104} INFO - [2021-04-21 20:01:16,513] {dagbag.py:448} INFO - Filling up the DagBag from /home/airflow/.local/lib/python3.6/site-packages/airflow/example_dags/example_python_operator.py
[2021-04-21 20:01:16,529] {scheduler_job.py:639} INFO - DAG(s) dict_keys(['example_python_operator']) retrieved from /home/airflow/.local/lib/python3.6/site-packages/airflow/example_dags/example_python_operator.py
[2021-04-21 20:01:16,551] {logging_mixin.py:104} INFO - [2021-04-21 20:01:16,551] {dag.py:1818} INFO - Sync 1 DAGs
[2021-04-21 20:01:16,568] {logging_mixin.py:104} INFO - [2021-04-21 20:01:16,568] {dag.py:2273} INFO - Setting next_dagrun for example_python_operator to None
[2021-04-21 20:01:16,579] {scheduler_job.py:190} INFO - Processing /home/airflow/.local/lib/python3.6/site-packages/airflow/example_dags/example_python_operator.py took 0.079 seconds
[2021-04-21 20:01:46,787] {scheduler_job.py:182} INFO - Started process (PID=531) to work on /home/airflow/.local/lib/python3.6/site-packages/airflow/example_dags/example_python_operator.py
[2021-04-21 20:01:46,789] {scheduler_job.py:629} INFO - Processing file /home/airflow/.local/lib/python3.6/site-packages/airflow/example_dags/example_python_operator.py for tasks to queue
[2021-04-21 20:01:46,790] {logging_mixin.py:104} INFO - [2021-04-21 20:01:46,790] {dagbag.py:448} INFO - Filling up the DagBag from /home/airflow/.local/lib/python3.6/site-packages/airflow/example_dags/example_python_operator.py
[2021-04-21 20:01:46,803] {scheduler_job.py:639} INFO - DAG(s) dict_keys(['example_python_operator']) retrieved from /home/airflow/.local/lib/python3.6/site-packages/airflow/example_dags/example_python_operator.py
[2021-04-21 20:01:46,821] {logging_mixin.py:104} INFO - [2021-04-21 20:01:46,821] {dag.py:1818} INFO - Sync 1 DAGs
[2021-04-21 20:01:46,841] {logging_mixin.py:104} INFO - [2021-04-21 20:01:46,841] {dag.py:2273} INFO - Setting next_dagrun for example_python_operator to None
[2021-04-21 20:01:46,862] {scheduler_job.py:190} INFO - Processing /home/airflow/.local/lib/python3.6/site-packages/airflow/example_dags/example_python_operator.py took 0.078 seconds
[2021-04-21 20:02:16,962] {scheduler_job.py:182} INFO - Started process (PID=557) to work on /home/airflow/.local/lib/python3.6/site-packages/airflow/example_dags/example_python_operator.py
[2021-04-21 20:02:16,963] {scheduler_job.py:629} INFO - Processing file /home/airflow/.local/lib/python3.6/site-packages/airflow/example_dags/example_python_operator.py for tasks to queue
[2021-04-21 20:02:16,964] {logging_mixin.py:104} INFO - [2021-04-21 20:02:16,964] {dagbag.py:448} INFO - Filling up the DagBag from /home/airflow/.local/lib/python3.6/site-packages/airflow/example_dags/example_python_operator.py
[2021-04-21 20:02:16,976] {scheduler_job.py:639} INFO - DAG(s) dict_keys(['example_python_operator']) retrieved from /home/airflow/.local/lib/python3.6/site-packages/airflow/example_dags/example_python_operator.py
[2021-04-21 20:02:16,996] {logging_mixin.py:104} INFO - [2021-04-21 20:02:16,996] {dag.py:1818} INFO - Sync 1 DAGs
[2021-04-21 20:02:17,011] {logging_mixin.py:104} INFO - [2021-04-21 20:02:17,010] {dag.py:2273} INFO - Setting next_dagrun for example_python_operator to None
[2021-04-21 20:02:17,019] {scheduler_job.py:190} INFO - Processing /home/airflow/.local/lib/python3.6/site-packages/airflow/example_dags/example_python_operator.py took 0.061 seconds
