[2021-04-21 19:52:41,931] {scheduler_job.py:182} INFO - Started process (PID=39) to work on /home/airflow/.local/lib/python3.6/site-packages/airflow/example_dags/example_task_group.py
[2021-04-21 19:52:41,933] {scheduler_job.py:629} INFO - Processing file /home/airflow/.local/lib/python3.6/site-packages/airflow/example_dags/example_task_group.py for tasks to queue
[2021-04-21 19:52:41,934] {logging_mixin.py:104} INFO - [2021-04-21 19:52:41,934] {dagbag.py:448} INFO - Filling up the DagBag from /home/airflow/.local/lib/python3.6/site-packages/airflow/example_dags/example_task_group.py
[2021-04-21 19:52:41,948] {scheduler_job.py:639} INFO - DAG(s) dict_keys(['example_task_group']) retrieved from /home/airflow/.local/lib/python3.6/site-packages/airflow/example_dags/example_task_group.py
[2021-04-21 19:52:41,983] {logging_mixin.py:104} INFO - [2021-04-21 19:52:41,983] {dag.py:1818} INFO - Sync 1 DAGs
[2021-04-21 19:52:41,997] {logging_mixin.py:104} INFO - [2021-04-21 19:52:41,997] {dag.py:1837} INFO - Creating ORM DAG for example_task_group
[2021-04-21 19:52:42,002] {logging_mixin.py:104} INFO - [2021-04-21 19:52:42,001] {dag.py:2273} INFO - Setting next_dagrun for example_task_group to 2021-04-19 00:00:00+00:00
[2021-04-21 19:52:42,013] {scheduler_job.py:190} INFO - Processing /home/airflow/.local/lib/python3.6/site-packages/airflow/example_dags/example_task_group.py took 0.085 seconds
[2021-04-21 19:53:12,366] {scheduler_job.py:182} INFO - Started process (PID=62) to work on /home/airflow/.local/lib/python3.6/site-packages/airflow/example_dags/example_task_group.py
[2021-04-21 19:53:12,368] {scheduler_job.py:629} INFO - Processing file /home/airflow/.local/lib/python3.6/site-packages/airflow/example_dags/example_task_group.py for tasks to queue
[2021-04-21 19:53:12,370] {logging_mixin.py:104} INFO - [2021-04-21 19:53:12,370] {dagbag.py:448} INFO - Filling up the DagBag from /home/airflow/.local/lib/python3.6/site-packages/airflow/example_dags/example_task_group.py
[2021-04-21 19:53:12,386] {scheduler_job.py:639} INFO - DAG(s) dict_keys(['example_task_group']) retrieved from /home/airflow/.local/lib/python3.6/site-packages/airflow/example_dags/example_task_group.py
[2021-04-21 19:53:12,416] {logging_mixin.py:104} INFO - [2021-04-21 19:53:12,416] {dag.py:1818} INFO - Sync 1 DAGs
[2021-04-21 19:53:12,434] {logging_mixin.py:104} INFO - [2021-04-21 19:53:12,433] {dag.py:2273} INFO - Setting next_dagrun for example_task_group to 2021-04-19 00:00:00+00:00
[2021-04-21 19:53:12,445] {scheduler_job.py:190} INFO - Processing /home/airflow/.local/lib/python3.6/site-packages/airflow/example_dags/example_task_group.py took 0.082 seconds
[2021-04-21 19:53:42,514] {scheduler_job.py:182} INFO - Started process (PID=85) to work on /home/airflow/.local/lib/python3.6/site-packages/airflow/example_dags/example_task_group.py
[2021-04-21 19:53:42,517] {scheduler_job.py:629} INFO - Processing file /home/airflow/.local/lib/python3.6/site-packages/airflow/example_dags/example_task_group.py for tasks to queue
[2021-04-21 19:53:42,518] {logging_mixin.py:104} INFO - [2021-04-21 19:53:42,518] {dagbag.py:448} INFO - Filling up the DagBag from /home/airflow/.local/lib/python3.6/site-packages/airflow/example_dags/example_task_group.py
[2021-04-21 19:53:42,531] {scheduler_job.py:639} INFO - DAG(s) dict_keys(['example_task_group']) retrieved from /home/airflow/.local/lib/python3.6/site-packages/airflow/example_dags/example_task_group.py
[2021-04-21 19:53:42,558] {logging_mixin.py:104} INFO - [2021-04-21 19:53:42,558] {dag.py:1818} INFO - Sync 1 DAGs
[2021-04-21 19:53:42,578] {logging_mixin.py:104} INFO - [2021-04-21 19:53:42,578] {dag.py:2273} INFO - Setting next_dagrun for example_task_group to 2021-04-19 00:00:00+00:00
[2021-04-21 19:53:42,588] {scheduler_job.py:190} INFO - Processing /home/airflow/.local/lib/python3.6/site-packages/airflow/example_dags/example_task_group.py took 0.077 seconds
[2021-04-21 19:54:12,655] {scheduler_job.py:182} INFO - Started process (PID=108) to work on /home/airflow/.local/lib/python3.6/site-packages/airflow/example_dags/example_task_group.py
[2021-04-21 19:54:12,657] {scheduler_job.py:629} INFO - Processing file /home/airflow/.local/lib/python3.6/site-packages/airflow/example_dags/example_task_group.py for tasks to queue
[2021-04-21 19:54:12,660] {logging_mixin.py:104} INFO - [2021-04-21 19:54:12,660] {dagbag.py:448} INFO - Filling up the DagBag from /home/airflow/.local/lib/python3.6/site-packages/airflow/example_dags/example_task_group.py
[2021-04-21 19:54:12,672] {scheduler_job.py:639} INFO - DAG(s) dict_keys(['example_task_group']) retrieved from /home/airflow/.local/lib/python3.6/site-packages/airflow/example_dags/example_task_group.py
[2021-04-21 19:54:12,703] {logging_mixin.py:104} INFO - [2021-04-21 19:54:12,703] {dag.py:1818} INFO - Sync 1 DAGs
[2021-04-21 19:54:12,720] {logging_mixin.py:104} INFO - [2021-04-21 19:54:12,720] {dag.py:2273} INFO - Setting next_dagrun for example_task_group to 2021-04-19 00:00:00+00:00
[2021-04-21 19:54:12,730] {scheduler_job.py:190} INFO - Processing /home/airflow/.local/lib/python3.6/site-packages/airflow/example_dags/example_task_group.py took 0.078 seconds
[2021-04-21 19:54:42,917] {scheduler_job.py:182} INFO - Started process (PID=134) to work on /home/airflow/.local/lib/python3.6/site-packages/airflow/example_dags/example_task_group.py
[2021-04-21 19:54:42,918] {scheduler_job.py:629} INFO - Processing file /home/airflow/.local/lib/python3.6/site-packages/airflow/example_dags/example_task_group.py for tasks to queue
[2021-04-21 19:54:42,920] {logging_mixin.py:104} INFO - [2021-04-21 19:54:42,919] {dagbag.py:448} INFO - Filling up the DagBag from /home/airflow/.local/lib/python3.6/site-packages/airflow/example_dags/example_task_group.py
[2021-04-21 19:54:42,930] {scheduler_job.py:639} INFO - DAG(s) dict_keys(['example_task_group']) retrieved from /home/airflow/.local/lib/python3.6/site-packages/airflow/example_dags/example_task_group.py
[2021-04-21 19:54:42,948] {logging_mixin.py:104} INFO - [2021-04-21 19:54:42,948] {dag.py:1818} INFO - Sync 1 DAGs
[2021-04-21 19:54:42,967] {logging_mixin.py:104} INFO - [2021-04-21 19:54:42,967] {dag.py:2273} INFO - Setting next_dagrun for example_task_group to 2021-04-19 00:00:00+00:00
[2021-04-21 19:54:42,975] {scheduler_job.py:190} INFO - Processing /home/airflow/.local/lib/python3.6/site-packages/airflow/example_dags/example_task_group.py took 0.061 seconds
[2021-04-21 19:55:13,172] {scheduler_job.py:182} INFO - Started process (PID=161) to work on /home/airflow/.local/lib/python3.6/site-packages/airflow/example_dags/example_task_group.py
[2021-04-21 19:55:13,173] {scheduler_job.py:629} INFO - Processing file /home/airflow/.local/lib/python3.6/site-packages/airflow/example_dags/example_task_group.py for tasks to queue
[2021-04-21 19:55:13,174] {logging_mixin.py:104} INFO - [2021-04-21 19:55:13,174] {dagbag.py:448} INFO - Filling up the DagBag from /home/airflow/.local/lib/python3.6/site-packages/airflow/example_dags/example_task_group.py
[2021-04-21 19:55:13,185] {scheduler_job.py:639} INFO - DAG(s) dict_keys(['example_task_group']) retrieved from /home/airflow/.local/lib/python3.6/site-packages/airflow/example_dags/example_task_group.py
[2021-04-21 19:55:13,208] {logging_mixin.py:104} INFO - [2021-04-21 19:55:13,208] {dag.py:1818} INFO - Sync 1 DAGs
[2021-04-21 19:55:13,222] {logging_mixin.py:104} INFO - [2021-04-21 19:55:13,221] {dag.py:2273} INFO - Setting next_dagrun for example_task_group to 2021-04-19 00:00:00+00:00
[2021-04-21 19:55:13,230] {scheduler_job.py:190} INFO - Processing /home/airflow/.local/lib/python3.6/site-packages/airflow/example_dags/example_task_group.py took 0.061 seconds
[2021-04-21 19:55:43,341] {scheduler_job.py:182} INFO - Started process (PID=186) to work on /home/airflow/.local/lib/python3.6/site-packages/airflow/example_dags/example_task_group.py
[2021-04-21 19:55:43,344] {scheduler_job.py:629} INFO - Processing file /home/airflow/.local/lib/python3.6/site-packages/airflow/example_dags/example_task_group.py for tasks to queue
[2021-04-21 19:55:43,346] {logging_mixin.py:104} INFO - [2021-04-21 19:55:43,345] {dagbag.py:448} INFO - Filling up the DagBag from /home/airflow/.local/lib/python3.6/site-packages/airflow/example_dags/example_task_group.py
[2021-04-21 19:55:43,356] {scheduler_job.py:639} INFO - DAG(s) dict_keys(['example_task_group']) retrieved from /home/airflow/.local/lib/python3.6/site-packages/airflow/example_dags/example_task_group.py
[2021-04-21 19:55:43,380] {logging_mixin.py:104} INFO - [2021-04-21 19:55:43,379] {dag.py:1818} INFO - Sync 1 DAGs
[2021-04-21 19:55:43,398] {logging_mixin.py:104} INFO - [2021-04-21 19:55:43,398] {dag.py:2273} INFO - Setting next_dagrun for example_task_group to 2021-04-19 00:00:00+00:00
[2021-04-21 19:55:43,409] {scheduler_job.py:190} INFO - Processing /home/airflow/.local/lib/python3.6/site-packages/airflow/example_dags/example_task_group.py took 0.073 seconds
[2021-04-21 19:56:13,502] {scheduler_job.py:182} INFO - Started process (PID=207) to work on /home/airflow/.local/lib/python3.6/site-packages/airflow/example_dags/example_task_group.py
[2021-04-21 19:56:13,507] {scheduler_job.py:629} INFO - Processing file /home/airflow/.local/lib/python3.6/site-packages/airflow/example_dags/example_task_group.py for tasks to queue
[2021-04-21 19:56:13,508] {logging_mixin.py:104} INFO - [2021-04-21 19:56:13,508] {dagbag.py:448} INFO - Filling up the DagBag from /home/airflow/.local/lib/python3.6/site-packages/airflow/example_dags/example_task_group.py
[2021-04-21 19:56:13,522] {scheduler_job.py:639} INFO - DAG(s) dict_keys(['example_task_group']) retrieved from /home/airflow/.local/lib/python3.6/site-packages/airflow/example_dags/example_task_group.py
[2021-04-21 19:56:13,545] {logging_mixin.py:104} INFO - [2021-04-21 19:56:13,545] {dag.py:1818} INFO - Sync 1 DAGs
[2021-04-21 19:56:13,560] {logging_mixin.py:104} INFO - [2021-04-21 19:56:13,560] {dag.py:2273} INFO - Setting next_dagrun for example_task_group to 2021-04-19 00:00:00+00:00
[2021-04-21 19:56:13,568] {scheduler_job.py:190} INFO - Processing /home/airflow/.local/lib/python3.6/site-packages/airflow/example_dags/example_task_group.py took 0.074 seconds
[2021-04-21 19:56:43,787] {scheduler_job.py:182} INFO - Started process (PID=233) to work on /home/airflow/.local/lib/python3.6/site-packages/airflow/example_dags/example_task_group.py
[2021-04-21 19:56:43,788] {scheduler_job.py:629} INFO - Processing file /home/airflow/.local/lib/python3.6/site-packages/airflow/example_dags/example_task_group.py for tasks to queue
[2021-04-21 19:56:43,790] {logging_mixin.py:104} INFO - [2021-04-21 19:56:43,789] {dagbag.py:448} INFO - Filling up the DagBag from /home/airflow/.local/lib/python3.6/site-packages/airflow/example_dags/example_task_group.py
[2021-04-21 19:56:43,806] {scheduler_job.py:639} INFO - DAG(s) dict_keys(['example_task_group']) retrieved from /home/airflow/.local/lib/python3.6/site-packages/airflow/example_dags/example_task_group.py
[2021-04-21 19:56:43,830] {logging_mixin.py:104} INFO - [2021-04-21 19:56:43,830] {dag.py:1818} INFO - Sync 1 DAGs
[2021-04-21 19:56:43,846] {logging_mixin.py:104} INFO - [2021-04-21 19:56:43,846] {dag.py:2273} INFO - Setting next_dagrun for example_task_group to 2021-04-19 00:00:00+00:00
[2021-04-21 19:56:43,857] {scheduler_job.py:190} INFO - Processing /home/airflow/.local/lib/python3.6/site-packages/airflow/example_dags/example_task_group.py took 0.074 seconds
[2021-04-21 19:57:14,083] {scheduler_job.py:182} INFO - Started process (PID=268) to work on /home/airflow/.local/lib/python3.6/site-packages/airflow/example_dags/example_task_group.py
[2021-04-21 19:57:14,085] {scheduler_job.py:629} INFO - Processing file /home/airflow/.local/lib/python3.6/site-packages/airflow/example_dags/example_task_group.py for tasks to queue
[2021-04-21 19:57:14,086] {logging_mixin.py:104} INFO - [2021-04-21 19:57:14,086] {dagbag.py:448} INFO - Filling up the DagBag from /home/airflow/.local/lib/python3.6/site-packages/airflow/example_dags/example_task_group.py
[2021-04-21 19:57:14,099] {scheduler_job.py:639} INFO - DAG(s) dict_keys(['example_task_group']) retrieved from /home/airflow/.local/lib/python3.6/site-packages/airflow/example_dags/example_task_group.py
[2021-04-21 19:57:14,118] {logging_mixin.py:104} INFO - [2021-04-21 19:57:14,118] {dag.py:1818} INFO - Sync 1 DAGs
[2021-04-21 19:57:14,132] {logging_mixin.py:104} INFO - [2021-04-21 19:57:14,132] {dag.py:2273} INFO - Setting next_dagrun for example_task_group to 2021-04-19 00:00:00+00:00
[2021-04-21 19:57:14,140] {scheduler_job.py:190} INFO - Processing /home/airflow/.local/lib/python3.6/site-packages/airflow/example_dags/example_task_group.py took 0.061 seconds
[2021-04-21 19:57:44,297] {scheduler_job.py:182} INFO - Started process (PID=293) to work on /home/airflow/.local/lib/python3.6/site-packages/airflow/example_dags/example_task_group.py
[2021-04-21 19:57:44,299] {scheduler_job.py:629} INFO - Processing file /home/airflow/.local/lib/python3.6/site-packages/airflow/example_dags/example_task_group.py for tasks to queue
[2021-04-21 19:57:44,300] {logging_mixin.py:104} INFO - [2021-04-21 19:57:44,300] {dagbag.py:448} INFO - Filling up the DagBag from /home/airflow/.local/lib/python3.6/site-packages/airflow/example_dags/example_task_group.py
[2021-04-21 19:57:44,313] {scheduler_job.py:639} INFO - DAG(s) dict_keys(['example_task_group']) retrieved from /home/airflow/.local/lib/python3.6/site-packages/airflow/example_dags/example_task_group.py
[2021-04-21 19:57:44,336] {logging_mixin.py:104} INFO - [2021-04-21 19:57:44,336] {dag.py:1818} INFO - Sync 1 DAGs
[2021-04-21 19:57:44,351] {logging_mixin.py:104} INFO - [2021-04-21 19:57:44,351] {dag.py:2273} INFO - Setting next_dagrun for example_task_group to 2021-04-19 00:00:00+00:00
[2021-04-21 19:57:44,359] {scheduler_job.py:190} INFO - Processing /home/airflow/.local/lib/python3.6/site-packages/airflow/example_dags/example_task_group.py took 0.067 seconds
[2021-04-21 19:58:14,548] {scheduler_job.py:182} INFO - Started process (PID=319) to work on /home/airflow/.local/lib/python3.6/site-packages/airflow/example_dags/example_task_group.py
[2021-04-21 19:58:14,550] {scheduler_job.py:629} INFO - Processing file /home/airflow/.local/lib/python3.6/site-packages/airflow/example_dags/example_task_group.py for tasks to queue
[2021-04-21 19:58:14,551] {logging_mixin.py:104} INFO - [2021-04-21 19:58:14,551] {dagbag.py:448} INFO - Filling up the DagBag from /home/airflow/.local/lib/python3.6/site-packages/airflow/example_dags/example_task_group.py
[2021-04-21 19:58:14,566] {scheduler_job.py:639} INFO - DAG(s) dict_keys(['example_task_group']) retrieved from /home/airflow/.local/lib/python3.6/site-packages/airflow/example_dags/example_task_group.py
[2021-04-21 19:58:14,589] {logging_mixin.py:104} INFO - [2021-04-21 19:58:14,588] {dag.py:1818} INFO - Sync 1 DAGs
[2021-04-21 19:58:14,602] {logging_mixin.py:104} INFO - [2021-04-21 19:58:14,602] {dag.py:2273} INFO - Setting next_dagrun for example_task_group to 2021-04-19 00:00:00+00:00
[2021-04-21 19:58:14,612] {scheduler_job.py:190} INFO - Processing /home/airflow/.local/lib/python3.6/site-packages/airflow/example_dags/example_task_group.py took 0.068 seconds
[2021-04-21 19:58:44,781] {scheduler_job.py:182} INFO - Started process (PID=345) to work on /home/airflow/.local/lib/python3.6/site-packages/airflow/example_dags/example_task_group.py
[2021-04-21 19:58:44,783] {scheduler_job.py:629} INFO - Processing file /home/airflow/.local/lib/python3.6/site-packages/airflow/example_dags/example_task_group.py for tasks to queue
[2021-04-21 19:58:44,784] {logging_mixin.py:104} INFO - [2021-04-21 19:58:44,784] {dagbag.py:448} INFO - Filling up the DagBag from /home/airflow/.local/lib/python3.6/site-packages/airflow/example_dags/example_task_group.py
[2021-04-21 19:58:44,795] {scheduler_job.py:639} INFO - DAG(s) dict_keys(['example_task_group']) retrieved from /home/airflow/.local/lib/python3.6/site-packages/airflow/example_dags/example_task_group.py
[2021-04-21 19:58:44,819] {logging_mixin.py:104} INFO - [2021-04-21 19:58:44,819] {dag.py:1818} INFO - Sync 1 DAGs
[2021-04-21 19:58:44,838] {logging_mixin.py:104} INFO - [2021-04-21 19:58:44,837] {dag.py:2273} INFO - Setting next_dagrun for example_task_group to 2021-04-19 00:00:00+00:00
[2021-04-21 19:58:44,848] {scheduler_job.py:190} INFO - Processing /home/airflow/.local/lib/python3.6/site-packages/airflow/example_dags/example_task_group.py took 0.070 seconds
[2021-04-21 19:59:15,151] {scheduler_job.py:182} INFO - Started process (PID=373) to work on /home/airflow/.local/lib/python3.6/site-packages/airflow/example_dags/example_task_group.py
[2021-04-21 19:59:15,153] {scheduler_job.py:629} INFO - Processing file /home/airflow/.local/lib/python3.6/site-packages/airflow/example_dags/example_task_group.py for tasks to queue
[2021-04-21 19:59:15,154] {logging_mixin.py:104} INFO - [2021-04-21 19:59:15,154] {dagbag.py:448} INFO - Filling up the DagBag from /home/airflow/.local/lib/python3.6/site-packages/airflow/example_dags/example_task_group.py
[2021-04-21 19:59:15,167] {scheduler_job.py:639} INFO - DAG(s) dict_keys(['example_task_group']) retrieved from /home/airflow/.local/lib/python3.6/site-packages/airflow/example_dags/example_task_group.py
[2021-04-21 19:59:15,193] {logging_mixin.py:104} INFO - [2021-04-21 19:59:15,193] {dag.py:1818} INFO - Sync 1 DAGs
[2021-04-21 19:59:15,206] {logging_mixin.py:104} INFO - [2021-04-21 19:59:15,206] {dag.py:2273} INFO - Setting next_dagrun for example_task_group to 2021-04-19 00:00:00+00:00
[2021-04-21 19:59:15,216] {scheduler_job.py:190} INFO - Processing /home/airflow/.local/lib/python3.6/site-packages/airflow/example_dags/example_task_group.py took 0.068 seconds
[2021-04-21 19:59:45,297] {scheduler_job.py:182} INFO - Started process (PID=401) to work on /home/airflow/.local/lib/python3.6/site-packages/airflow/example_dags/example_task_group.py
[2021-04-21 19:59:45,300] {scheduler_job.py:629} INFO - Processing file /home/airflow/.local/lib/python3.6/site-packages/airflow/example_dags/example_task_group.py for tasks to queue
[2021-04-21 19:59:45,302] {logging_mixin.py:104} INFO - [2021-04-21 19:59:45,302] {dagbag.py:448} INFO - Filling up the DagBag from /home/airflow/.local/lib/python3.6/site-packages/airflow/example_dags/example_task_group.py
[2021-04-21 19:59:45,314] {scheduler_job.py:639} INFO - DAG(s) dict_keys(['example_task_group']) retrieved from /home/airflow/.local/lib/python3.6/site-packages/airflow/example_dags/example_task_group.py
[2021-04-21 19:59:45,340] {logging_mixin.py:104} INFO - [2021-04-21 19:59:45,340] {dag.py:1818} INFO - Sync 1 DAGs
[2021-04-21 19:59:45,356] {logging_mixin.py:104} INFO - [2021-04-21 19:59:45,356] {dag.py:2273} INFO - Setting next_dagrun for example_task_group to 2021-04-19 00:00:00+00:00
[2021-04-21 19:59:45,367] {scheduler_job.py:190} INFO - Processing /home/airflow/.local/lib/python3.6/site-packages/airflow/example_dags/example_task_group.py took 0.073 seconds
[2021-04-21 20:00:15,567] {scheduler_job.py:182} INFO - Started process (PID=428) to work on /home/airflow/.local/lib/python3.6/site-packages/airflow/example_dags/example_task_group.py
[2021-04-21 20:00:15,569] {scheduler_job.py:629} INFO - Processing file /home/airflow/.local/lib/python3.6/site-packages/airflow/example_dags/example_task_group.py for tasks to queue
[2021-04-21 20:00:15,570] {logging_mixin.py:104} INFO - [2021-04-21 20:00:15,570] {dagbag.py:448} INFO - Filling up the DagBag from /home/airflow/.local/lib/python3.6/site-packages/airflow/example_dags/example_task_group.py
[2021-04-21 20:00:15,586] {scheduler_job.py:639} INFO - DAG(s) dict_keys(['example_task_group']) retrieved from /home/airflow/.local/lib/python3.6/site-packages/airflow/example_dags/example_task_group.py
[2021-04-21 20:00:15,610] {logging_mixin.py:104} INFO - [2021-04-21 20:00:15,609] {dag.py:1818} INFO - Sync 1 DAGs
[2021-04-21 20:00:15,626] {logging_mixin.py:104} INFO - [2021-04-21 20:00:15,626] {dag.py:2273} INFO - Setting next_dagrun for example_task_group to 2021-04-19 00:00:00+00:00
[2021-04-21 20:00:15,636] {scheduler_job.py:190} INFO - Processing /home/airflow/.local/lib/python3.6/site-packages/airflow/example_dags/example_task_group.py took 0.072 seconds
[2021-04-21 20:00:45,789] {scheduler_job.py:182} INFO - Started process (PID=468) to work on /home/airflow/.local/lib/python3.6/site-packages/airflow/example_dags/example_task_group.py
[2021-04-21 20:00:45,791] {scheduler_job.py:629} INFO - Processing file /home/airflow/.local/lib/python3.6/site-packages/airflow/example_dags/example_task_group.py for tasks to queue
[2021-04-21 20:00:45,792] {logging_mixin.py:104} INFO - [2021-04-21 20:00:45,792] {dagbag.py:448} INFO - Filling up the DagBag from /home/airflow/.local/lib/python3.6/site-packages/airflow/example_dags/example_task_group.py
[2021-04-21 20:00:45,804] {scheduler_job.py:639} INFO - DAG(s) dict_keys(['example_task_group']) retrieved from /home/airflow/.local/lib/python3.6/site-packages/airflow/example_dags/example_task_group.py
[2021-04-21 20:00:45,826] {logging_mixin.py:104} INFO - [2021-04-21 20:00:45,826] {dag.py:1818} INFO - Sync 1 DAGs
[2021-04-21 20:00:45,842] {logging_mixin.py:104} INFO - [2021-04-21 20:00:45,842] {dag.py:2273} INFO - Setting next_dagrun for example_task_group to 2021-04-19 00:00:00+00:00
[2021-04-21 20:00:45,850] {scheduler_job.py:190} INFO - Processing /home/airflow/.local/lib/python3.6/site-packages/airflow/example_dags/example_task_group.py took 0.065 seconds
[2021-04-21 20:01:16,148] {scheduler_job.py:182} INFO - Started process (PID=495) to work on /home/airflow/.local/lib/python3.6/site-packages/airflow/example_dags/example_task_group.py
[2021-04-21 20:01:16,150] {scheduler_job.py:629} INFO - Processing file /home/airflow/.local/lib/python3.6/site-packages/airflow/example_dags/example_task_group.py for tasks to queue
[2021-04-21 20:01:16,152] {logging_mixin.py:104} INFO - [2021-04-21 20:01:16,152] {dagbag.py:448} INFO - Filling up the DagBag from /home/airflow/.local/lib/python3.6/site-packages/airflow/example_dags/example_task_group.py
[2021-04-21 20:01:16,165] {scheduler_job.py:639} INFO - DAG(s) dict_keys(['example_task_group']) retrieved from /home/airflow/.local/lib/python3.6/site-packages/airflow/example_dags/example_task_group.py
[2021-04-21 20:01:16,189] {logging_mixin.py:104} INFO - [2021-04-21 20:01:16,189] {dag.py:1818} INFO - Sync 1 DAGs
[2021-04-21 20:01:16,205] {logging_mixin.py:104} INFO - [2021-04-21 20:01:16,205] {dag.py:2273} INFO - Setting next_dagrun for example_task_group to 2021-04-19 00:00:00+00:00
[2021-04-21 20:01:16,214] {scheduler_job.py:190} INFO - Processing /home/airflow/.local/lib/python3.6/site-packages/airflow/example_dags/example_task_group.py took 0.070 seconds
[2021-04-21 20:01:46,515] {scheduler_job.py:182} INFO - Started process (PID=524) to work on /home/airflow/.local/lib/python3.6/site-packages/airflow/example_dags/example_task_group.py
[2021-04-21 20:01:46,517] {scheduler_job.py:629} INFO - Processing file /home/airflow/.local/lib/python3.6/site-packages/airflow/example_dags/example_task_group.py for tasks to queue
[2021-04-21 20:01:46,518] {logging_mixin.py:104} INFO - [2021-04-21 20:01:46,517] {dagbag.py:448} INFO - Filling up the DagBag from /home/airflow/.local/lib/python3.6/site-packages/airflow/example_dags/example_task_group.py
[2021-04-21 20:01:46,528] {scheduler_job.py:639} INFO - DAG(s) dict_keys(['example_task_group']) retrieved from /home/airflow/.local/lib/python3.6/site-packages/airflow/example_dags/example_task_group.py
[2021-04-21 20:01:46,549] {logging_mixin.py:104} INFO - [2021-04-21 20:01:46,549] {dag.py:1818} INFO - Sync 1 DAGs
[2021-04-21 20:01:46,563] {logging_mixin.py:104} INFO - [2021-04-21 20:01:46,563] {dag.py:2273} INFO - Setting next_dagrun for example_task_group to 2021-04-19 00:00:00+00:00
[2021-04-21 20:01:46,570] {scheduler_job.py:190} INFO - Processing /home/airflow/.local/lib/python3.6/site-packages/airflow/example_dags/example_task_group.py took 0.058 seconds
[2021-04-21 20:02:16,777] {scheduler_job.py:182} INFO - Started process (PID=552) to work on /home/airflow/.local/lib/python3.6/site-packages/airflow/example_dags/example_task_group.py
[2021-04-21 20:02:16,778] {scheduler_job.py:629} INFO - Processing file /home/airflow/.local/lib/python3.6/site-packages/airflow/example_dags/example_task_group.py for tasks to queue
[2021-04-21 20:02:16,779] {logging_mixin.py:104} INFO - [2021-04-21 20:02:16,779] {dagbag.py:448} INFO - Filling up the DagBag from /home/airflow/.local/lib/python3.6/site-packages/airflow/example_dags/example_task_group.py
[2021-04-21 20:02:16,790] {scheduler_job.py:639} INFO - DAG(s) dict_keys(['example_task_group']) retrieved from /home/airflow/.local/lib/python3.6/site-packages/airflow/example_dags/example_task_group.py
[2021-04-21 20:02:16,809] {logging_mixin.py:104} INFO - [2021-04-21 20:02:16,809] {dag.py:1818} INFO - Sync 1 DAGs
[2021-04-21 20:02:16,824] {logging_mixin.py:104} INFO - [2021-04-21 20:02:16,824] {dag.py:2273} INFO - Setting next_dagrun for example_task_group to 2021-04-19 00:00:00+00:00
[2021-04-21 20:02:16,832] {scheduler_job.py:190} INFO - Processing /home/airflow/.local/lib/python3.6/site-packages/airflow/example_dags/example_task_group.py took 0.059 seconds
