[2021-04-21 19:52:42,197] {scheduler_job.py:182} INFO - Started process (PID=43) to work on /home/airflow/.local/lib/python3.6/site-packages/airflow/example_dags/tutorial_etl_dag.py
[2021-04-21 19:52:42,199] {scheduler_job.py:629} INFO - Processing file /home/airflow/.local/lib/python3.6/site-packages/airflow/example_dags/tutorial_etl_dag.py for tasks to queue
[2021-04-21 19:52:42,200] {logging_mixin.py:104} INFO - [2021-04-21 19:52:42,200] {dagbag.py:448} INFO - Filling up the DagBag from /home/airflow/.local/lib/python3.6/site-packages/airflow/example_dags/tutorial_etl_dag.py
[2021-04-21 19:52:42,214] {scheduler_job.py:639} INFO - DAG(s) dict_keys(['tutorial_etl_dag']) retrieved from /home/airflow/.local/lib/python3.6/site-packages/airflow/example_dags/tutorial_etl_dag.py
[2021-04-21 19:52:42,241] {logging_mixin.py:104} INFO - [2021-04-21 19:52:42,241] {dag.py:1818} INFO - Sync 1 DAGs
[2021-04-21 19:52:42,251] {logging_mixin.py:104} INFO - [2021-04-21 19:52:42,250] {dag.py:1837} INFO - Creating ORM DAG for tutorial_etl_dag
[2021-04-21 19:52:42,256] {logging_mixin.py:104} INFO - [2021-04-21 19:52:42,256] {dag.py:2273} INFO - Setting next_dagrun for tutorial_etl_dag to None
[2021-04-21 19:52:42,275] {scheduler_job.py:190} INFO - Processing /home/airflow/.local/lib/python3.6/site-packages/airflow/example_dags/tutorial_etl_dag.py took 0.081 seconds
[2021-04-21 19:53:12,673] {scheduler_job.py:182} INFO - Started process (PID=68) to work on /home/airflow/.local/lib/python3.6/site-packages/airflow/example_dags/tutorial_etl_dag.py
[2021-04-21 19:53:12,675] {scheduler_job.py:629} INFO - Processing file /home/airflow/.local/lib/python3.6/site-packages/airflow/example_dags/tutorial_etl_dag.py for tasks to queue
[2021-04-21 19:53:12,677] {logging_mixin.py:104} INFO - [2021-04-21 19:53:12,677] {dagbag.py:448} INFO - Filling up the DagBag from /home/airflow/.local/lib/python3.6/site-packages/airflow/example_dags/tutorial_etl_dag.py
[2021-04-21 19:53:12,690] {scheduler_job.py:639} INFO - DAG(s) dict_keys(['tutorial_etl_dag']) retrieved from /home/airflow/.local/lib/python3.6/site-packages/airflow/example_dags/tutorial_etl_dag.py
[2021-04-21 19:53:12,713] {logging_mixin.py:104} INFO - [2021-04-21 19:53:12,713] {dag.py:1818} INFO - Sync 1 DAGs
[2021-04-21 19:53:12,729] {logging_mixin.py:104} INFO - [2021-04-21 19:53:12,729] {dag.py:2273} INFO - Setting next_dagrun for tutorial_etl_dag to None
[2021-04-21 19:53:12,739] {scheduler_job.py:190} INFO - Processing /home/airflow/.local/lib/python3.6/site-packages/airflow/example_dags/tutorial_etl_dag.py took 0.069 seconds
[2021-04-21 19:53:43,098] {scheduler_job.py:182} INFO - Started process (PID=97) to work on /home/airflow/.local/lib/python3.6/site-packages/airflow/example_dags/tutorial_etl_dag.py
[2021-04-21 19:53:43,100] {scheduler_job.py:629} INFO - Processing file /home/airflow/.local/lib/python3.6/site-packages/airflow/example_dags/tutorial_etl_dag.py for tasks to queue
[2021-04-21 19:53:43,102] {logging_mixin.py:104} INFO - [2021-04-21 19:53:43,102] {dagbag.py:448} INFO - Filling up the DagBag from /home/airflow/.local/lib/python3.6/site-packages/airflow/example_dags/tutorial_etl_dag.py
[2021-04-21 19:53:43,114] {scheduler_job.py:639} INFO - DAG(s) dict_keys(['tutorial_etl_dag']) retrieved from /home/airflow/.local/lib/python3.6/site-packages/airflow/example_dags/tutorial_etl_dag.py
[2021-04-21 19:53:43,142] {logging_mixin.py:104} INFO - [2021-04-21 19:53:43,142] {dag.py:1818} INFO - Sync 1 DAGs
[2021-04-21 19:53:43,159] {logging_mixin.py:104} INFO - [2021-04-21 19:53:43,159] {dag.py:2273} INFO - Setting next_dagrun for tutorial_etl_dag to None
[2021-04-21 19:53:43,173] {scheduler_job.py:190} INFO - Processing /home/airflow/.local/lib/python3.6/site-packages/airflow/example_dags/tutorial_etl_dag.py took 0.079 seconds
[2021-04-21 19:54:13,388] {scheduler_job.py:182} INFO - Started process (PID=123) to work on /home/airflow/.local/lib/python3.6/site-packages/airflow/example_dags/tutorial_etl_dag.py
[2021-04-21 19:54:13,390] {scheduler_job.py:629} INFO - Processing file /home/airflow/.local/lib/python3.6/site-packages/airflow/example_dags/tutorial_etl_dag.py for tasks to queue
[2021-04-21 19:54:13,392] {logging_mixin.py:104} INFO - [2021-04-21 19:54:13,391] {dagbag.py:448} INFO - Filling up the DagBag from /home/airflow/.local/lib/python3.6/site-packages/airflow/example_dags/tutorial_etl_dag.py
[2021-04-21 19:54:13,406] {scheduler_job.py:639} INFO - DAG(s) dict_keys(['tutorial_etl_dag']) retrieved from /home/airflow/.local/lib/python3.6/site-packages/airflow/example_dags/tutorial_etl_dag.py
[2021-04-21 19:54:13,437] {logging_mixin.py:104} INFO - [2021-04-21 19:54:13,437] {dag.py:1818} INFO - Sync 1 DAGs
[2021-04-21 19:54:13,452] {logging_mixin.py:104} INFO - [2021-04-21 19:54:13,452] {dag.py:2273} INFO - Setting next_dagrun for tutorial_etl_dag to None
[2021-04-21 19:54:13,463] {scheduler_job.py:190} INFO - Processing /home/airflow/.local/lib/python3.6/site-packages/airflow/example_dags/tutorial_etl_dag.py took 0.078 seconds
[2021-04-21 19:54:43,660] {scheduler_job.py:182} INFO - Started process (PID=149) to work on /home/airflow/.local/lib/python3.6/site-packages/airflow/example_dags/tutorial_etl_dag.py
[2021-04-21 19:54:43,662] {scheduler_job.py:629} INFO - Processing file /home/airflow/.local/lib/python3.6/site-packages/airflow/example_dags/tutorial_etl_dag.py for tasks to queue
[2021-04-21 19:54:43,663] {logging_mixin.py:104} INFO - [2021-04-21 19:54:43,663] {dagbag.py:448} INFO - Filling up the DagBag from /home/airflow/.local/lib/python3.6/site-packages/airflow/example_dags/tutorial_etl_dag.py
[2021-04-21 19:54:43,677] {scheduler_job.py:639} INFO - DAG(s) dict_keys(['tutorial_etl_dag']) retrieved from /home/airflow/.local/lib/python3.6/site-packages/airflow/example_dags/tutorial_etl_dag.py
[2021-04-21 19:54:43,705] {logging_mixin.py:104} INFO - [2021-04-21 19:54:43,704] {dag.py:1818} INFO - Sync 1 DAGs
[2021-04-21 19:54:43,720] {logging_mixin.py:104} INFO - [2021-04-21 19:54:43,719] {dag.py:2273} INFO - Setting next_dagrun for tutorial_etl_dag to None
[2021-04-21 19:54:43,728] {scheduler_job.py:190} INFO - Processing /home/airflow/.local/lib/python3.6/site-packages/airflow/example_dags/tutorial_etl_dag.py took 0.072 seconds
[2021-04-21 19:55:13,852] {scheduler_job.py:182} INFO - Started process (PID=176) to work on /home/airflow/.local/lib/python3.6/site-packages/airflow/example_dags/tutorial_etl_dag.py
[2021-04-21 19:55:13,856] {scheduler_job.py:629} INFO - Processing file /home/airflow/.local/lib/python3.6/site-packages/airflow/example_dags/tutorial_etl_dag.py for tasks to queue
[2021-04-21 19:55:13,859] {logging_mixin.py:104} INFO - [2021-04-21 19:55:13,859] {dagbag.py:448} INFO - Filling up the DagBag from /home/airflow/.local/lib/python3.6/site-packages/airflow/example_dags/tutorial_etl_dag.py
[2021-04-21 19:55:13,876] {scheduler_job.py:639} INFO - DAG(s) dict_keys(['tutorial_etl_dag']) retrieved from /home/airflow/.local/lib/python3.6/site-packages/airflow/example_dags/tutorial_etl_dag.py
[2021-04-21 19:55:13,901] {logging_mixin.py:104} INFO - [2021-04-21 19:55:13,901] {dag.py:1818} INFO - Sync 1 DAGs
[2021-04-21 19:55:13,915] {logging_mixin.py:104} INFO - [2021-04-21 19:55:13,915] {dag.py:2273} INFO - Setting next_dagrun for tutorial_etl_dag to None
[2021-04-21 19:55:13,929] {scheduler_job.py:190} INFO - Processing /home/airflow/.local/lib/python3.6/site-packages/airflow/example_dags/tutorial_etl_dag.py took 0.081 seconds
[2021-04-21 19:55:44,296] {scheduler_job.py:182} INFO - Started process (PID=204) to work on /home/airflow/.local/lib/python3.6/site-packages/airflow/example_dags/tutorial_etl_dag.py
[2021-04-21 19:55:44,297] {scheduler_job.py:629} INFO - Processing file /home/airflow/.local/lib/python3.6/site-packages/airflow/example_dags/tutorial_etl_dag.py for tasks to queue
[2021-04-21 19:55:44,299] {logging_mixin.py:104} INFO - [2021-04-21 19:55:44,299] {dagbag.py:448} INFO - Filling up the DagBag from /home/airflow/.local/lib/python3.6/site-packages/airflow/example_dags/tutorial_etl_dag.py
[2021-04-21 19:55:44,311] {scheduler_job.py:639} INFO - DAG(s) dict_keys(['tutorial_etl_dag']) retrieved from /home/airflow/.local/lib/python3.6/site-packages/airflow/example_dags/tutorial_etl_dag.py
[2021-04-21 19:55:44,337] {logging_mixin.py:104} INFO - [2021-04-21 19:55:44,336] {dag.py:1818} INFO - Sync 1 DAGs
[2021-04-21 19:55:44,360] {logging_mixin.py:104} INFO - [2021-04-21 19:55:44,360] {dag.py:2273} INFO - Setting next_dagrun for tutorial_etl_dag to None
[2021-04-21 19:55:44,405] {scheduler_job.py:190} INFO - Processing /home/airflow/.local/lib/python3.6/site-packages/airflow/example_dags/tutorial_etl_dag.py took 0.113 seconds
[2021-04-21 19:56:14,615] {scheduler_job.py:182} INFO - Started process (PID=230) to work on /home/airflow/.local/lib/python3.6/site-packages/airflow/example_dags/tutorial_etl_dag.py
[2021-04-21 19:56:14,616] {scheduler_job.py:629} INFO - Processing file /home/airflow/.local/lib/python3.6/site-packages/airflow/example_dags/tutorial_etl_dag.py for tasks to queue
[2021-04-21 19:56:14,618] {logging_mixin.py:104} INFO - [2021-04-21 19:56:14,618] {dagbag.py:448} INFO - Filling up the DagBag from /home/airflow/.local/lib/python3.6/site-packages/airflow/example_dags/tutorial_etl_dag.py
[2021-04-21 19:56:14,630] {scheduler_job.py:639} INFO - DAG(s) dict_keys(['tutorial_etl_dag']) retrieved from /home/airflow/.local/lib/python3.6/site-packages/airflow/example_dags/tutorial_etl_dag.py
[2021-04-21 19:56:14,651] {logging_mixin.py:104} INFO - [2021-04-21 19:56:14,651] {dag.py:1818} INFO - Sync 1 DAGs
[2021-04-21 19:56:14,668] {logging_mixin.py:104} INFO - [2021-04-21 19:56:14,668] {dag.py:2273} INFO - Setting next_dagrun for tutorial_etl_dag to None
[2021-04-21 19:56:14,679] {scheduler_job.py:190} INFO - Processing /home/airflow/.local/lib/python3.6/site-packages/airflow/example_dags/tutorial_etl_dag.py took 0.068 seconds
[2021-04-21 19:56:44,925] {scheduler_job.py:182} INFO - Started process (PID=263) to work on /home/airflow/.local/lib/python3.6/site-packages/airflow/example_dags/tutorial_etl_dag.py
[2021-04-21 19:56:44,927] {scheduler_job.py:629} INFO - Processing file /home/airflow/.local/lib/python3.6/site-packages/airflow/example_dags/tutorial_etl_dag.py for tasks to queue
[2021-04-21 19:56:44,929] {logging_mixin.py:104} INFO - [2021-04-21 19:56:44,928] {dagbag.py:448} INFO - Filling up the DagBag from /home/airflow/.local/lib/python3.6/site-packages/airflow/example_dags/tutorial_etl_dag.py
[2021-04-21 19:56:44,943] {scheduler_job.py:639} INFO - DAG(s) dict_keys(['tutorial_etl_dag']) retrieved from /home/airflow/.local/lib/python3.6/site-packages/airflow/example_dags/tutorial_etl_dag.py
[2021-04-21 19:56:44,970] {logging_mixin.py:104} INFO - [2021-04-21 19:56:44,970] {dag.py:1818} INFO - Sync 1 DAGs
[2021-04-21 19:56:44,990] {logging_mixin.py:104} INFO - [2021-04-21 19:56:44,990] {dag.py:2273} INFO - Setting next_dagrun for tutorial_etl_dag to None
[2021-04-21 19:56:44,999] {scheduler_job.py:190} INFO - Processing /home/airflow/.local/lib/python3.6/site-packages/airflow/example_dags/tutorial_etl_dag.py took 0.077 seconds
[2021-04-21 19:57:15,120] {scheduler_job.py:182} INFO - Started process (PID=291) to work on /home/airflow/.local/lib/python3.6/site-packages/airflow/example_dags/tutorial_etl_dag.py
[2021-04-21 19:57:15,121] {scheduler_job.py:629} INFO - Processing file /home/airflow/.local/lib/python3.6/site-packages/airflow/example_dags/tutorial_etl_dag.py for tasks to queue
[2021-04-21 19:57:15,123] {logging_mixin.py:104} INFO - [2021-04-21 19:57:15,122] {dagbag.py:448} INFO - Filling up the DagBag from /home/airflow/.local/lib/python3.6/site-packages/airflow/example_dags/tutorial_etl_dag.py
[2021-04-21 19:57:15,134] {scheduler_job.py:639} INFO - DAG(s) dict_keys(['tutorial_etl_dag']) retrieved from /home/airflow/.local/lib/python3.6/site-packages/airflow/example_dags/tutorial_etl_dag.py
[2021-04-21 19:57:15,156] {logging_mixin.py:104} INFO - [2021-04-21 19:57:15,156] {dag.py:1818} INFO - Sync 1 DAGs
[2021-04-21 19:57:15,172] {logging_mixin.py:104} INFO - [2021-04-21 19:57:15,172] {dag.py:2273} INFO - Setting next_dagrun for tutorial_etl_dag to None
[2021-04-21 19:57:15,180] {scheduler_job.py:190} INFO - Processing /home/airflow/.local/lib/python3.6/site-packages/airflow/example_dags/tutorial_etl_dag.py took 0.064 seconds
[2021-04-21 19:57:45,376] {scheduler_job.py:182} INFO - Started process (PID=317) to work on /home/airflow/.local/lib/python3.6/site-packages/airflow/example_dags/tutorial_etl_dag.py
[2021-04-21 19:57:45,378] {scheduler_job.py:629} INFO - Processing file /home/airflow/.local/lib/python3.6/site-packages/airflow/example_dags/tutorial_etl_dag.py for tasks to queue
[2021-04-21 19:57:45,380] {logging_mixin.py:104} INFO - [2021-04-21 19:57:45,380] {dagbag.py:448} INFO - Filling up the DagBag from /home/airflow/.local/lib/python3.6/site-packages/airflow/example_dags/tutorial_etl_dag.py
[2021-04-21 19:57:45,394] {scheduler_job.py:639} INFO - DAG(s) dict_keys(['tutorial_etl_dag']) retrieved from /home/airflow/.local/lib/python3.6/site-packages/airflow/example_dags/tutorial_etl_dag.py
[2021-04-21 19:57:45,425] {logging_mixin.py:104} INFO - [2021-04-21 19:57:45,425] {dag.py:1818} INFO - Sync 1 DAGs
[2021-04-21 19:57:45,443] {logging_mixin.py:104} INFO - [2021-04-21 19:57:45,443] {dag.py:2273} INFO - Setting next_dagrun for tutorial_etl_dag to None
[2021-04-21 19:57:45,460] {scheduler_job.py:190} INFO - Processing /home/airflow/.local/lib/python3.6/site-packages/airflow/example_dags/tutorial_etl_dag.py took 0.087 seconds
[2021-04-21 19:58:15,627] {scheduler_job.py:182} INFO - Started process (PID=343) to work on /home/airflow/.local/lib/python3.6/site-packages/airflow/example_dags/tutorial_etl_dag.py
[2021-04-21 19:58:15,630] {scheduler_job.py:629} INFO - Processing file /home/airflow/.local/lib/python3.6/site-packages/airflow/example_dags/tutorial_etl_dag.py for tasks to queue
[2021-04-21 19:58:15,632] {logging_mixin.py:104} INFO - [2021-04-21 19:58:15,632] {dagbag.py:448} INFO - Filling up the DagBag from /home/airflow/.local/lib/python3.6/site-packages/airflow/example_dags/tutorial_etl_dag.py
[2021-04-21 19:58:15,643] {scheduler_job.py:639} INFO - DAG(s) dict_keys(['tutorial_etl_dag']) retrieved from /home/airflow/.local/lib/python3.6/site-packages/airflow/example_dags/tutorial_etl_dag.py
[2021-04-21 19:58:15,666] {logging_mixin.py:104} INFO - [2021-04-21 19:58:15,666] {dag.py:1818} INFO - Sync 1 DAGs
[2021-04-21 19:58:15,685] {logging_mixin.py:104} INFO - [2021-04-21 19:58:15,685] {dag.py:2273} INFO - Setting next_dagrun for tutorial_etl_dag to None
[2021-04-21 19:58:15,694] {scheduler_job.py:190} INFO - Processing /home/airflow/.local/lib/python3.6/site-packages/airflow/example_dags/tutorial_etl_dag.py took 0.071 seconds
[2021-04-21 19:58:46,013] {scheduler_job.py:182} INFO - Started process (PID=369) to work on /home/airflow/.local/lib/python3.6/site-packages/airflow/example_dags/tutorial_etl_dag.py
[2021-04-21 19:58:46,015] {scheduler_job.py:629} INFO - Processing file /home/airflow/.local/lib/python3.6/site-packages/airflow/example_dags/tutorial_etl_dag.py for tasks to queue
[2021-04-21 19:58:46,016] {logging_mixin.py:104} INFO - [2021-04-21 19:58:46,015] {dagbag.py:448} INFO - Filling up the DagBag from /home/airflow/.local/lib/python3.6/site-packages/airflow/example_dags/tutorial_etl_dag.py
[2021-04-21 19:58:46,029] {scheduler_job.py:639} INFO - DAG(s) dict_keys(['tutorial_etl_dag']) retrieved from /home/airflow/.local/lib/python3.6/site-packages/airflow/example_dags/tutorial_etl_dag.py
[2021-04-21 19:58:46,050] {logging_mixin.py:104} INFO - [2021-04-21 19:58:46,050] {dag.py:1818} INFO - Sync 1 DAGs
[2021-04-21 19:58:46,064] {logging_mixin.py:104} INFO - [2021-04-21 19:58:46,064] {dag.py:2273} INFO - Setting next_dagrun for tutorial_etl_dag to None
[2021-04-21 19:58:46,077] {scheduler_job.py:190} INFO - Processing /home/airflow/.local/lib/python3.6/site-packages/airflow/example_dags/tutorial_etl_dag.py took 0.068 seconds
[2021-04-21 19:59:16,157] {scheduler_job.py:182} INFO - Started process (PID=396) to work on /home/airflow/.local/lib/python3.6/site-packages/airflow/example_dags/tutorial_etl_dag.py
[2021-04-21 19:59:16,159] {scheduler_job.py:629} INFO - Processing file /home/airflow/.local/lib/python3.6/site-packages/airflow/example_dags/tutorial_etl_dag.py for tasks to queue
[2021-04-21 19:59:16,160] {logging_mixin.py:104} INFO - [2021-04-21 19:59:16,160] {dagbag.py:448} INFO - Filling up the DagBag from /home/airflow/.local/lib/python3.6/site-packages/airflow/example_dags/tutorial_etl_dag.py
[2021-04-21 19:59:16,172] {scheduler_job.py:639} INFO - DAG(s) dict_keys(['tutorial_etl_dag']) retrieved from /home/airflow/.local/lib/python3.6/site-packages/airflow/example_dags/tutorial_etl_dag.py
[2021-04-21 19:59:16,190] {logging_mixin.py:104} INFO - [2021-04-21 19:59:16,190] {dag.py:1818} INFO - Sync 1 DAGs
[2021-04-21 19:59:16,205] {logging_mixin.py:104} INFO - [2021-04-21 19:59:16,205] {dag.py:2273} INFO - Setting next_dagrun for tutorial_etl_dag to None
[2021-04-21 19:59:16,213] {scheduler_job.py:190} INFO - Processing /home/airflow/.local/lib/python3.6/site-packages/airflow/example_dags/tutorial_etl_dag.py took 0.059 seconds
[2021-04-21 19:59:46,412] {scheduler_job.py:182} INFO - Started process (PID=426) to work on /home/airflow/.local/lib/python3.6/site-packages/airflow/example_dags/tutorial_etl_dag.py
[2021-04-21 19:59:46,414] {scheduler_job.py:629} INFO - Processing file /home/airflow/.local/lib/python3.6/site-packages/airflow/example_dags/tutorial_etl_dag.py for tasks to queue
[2021-04-21 19:59:46,416] {logging_mixin.py:104} INFO - [2021-04-21 19:59:46,416] {dagbag.py:448} INFO - Filling up the DagBag from /home/airflow/.local/lib/python3.6/site-packages/airflow/example_dags/tutorial_etl_dag.py
[2021-04-21 19:59:46,428] {scheduler_job.py:639} INFO - DAG(s) dict_keys(['tutorial_etl_dag']) retrieved from /home/airflow/.local/lib/python3.6/site-packages/airflow/example_dags/tutorial_etl_dag.py
[2021-04-21 19:59:46,452] {logging_mixin.py:104} INFO - [2021-04-21 19:59:46,452] {dag.py:1818} INFO - Sync 1 DAGs
[2021-04-21 19:59:46,468] {logging_mixin.py:104} INFO - [2021-04-21 19:59:46,468] {dag.py:2273} INFO - Setting next_dagrun for tutorial_etl_dag to None
[2021-04-21 19:59:46,477] {scheduler_job.py:190} INFO - Processing /home/airflow/.local/lib/python3.6/site-packages/airflow/example_dags/tutorial_etl_dag.py took 0.068 seconds
[2021-04-21 20:00:16,591] {scheduler_job.py:182} INFO - Started process (PID=451) to work on /home/airflow/.local/lib/python3.6/site-packages/airflow/example_dags/tutorial_etl_dag.py
[2021-04-21 20:00:16,593] {scheduler_job.py:629} INFO - Processing file /home/airflow/.local/lib/python3.6/site-packages/airflow/example_dags/tutorial_etl_dag.py for tasks to queue
[2021-04-21 20:00:16,594] {logging_mixin.py:104} INFO - [2021-04-21 20:00:16,594] {dagbag.py:448} INFO - Filling up the DagBag from /home/airflow/.local/lib/python3.6/site-packages/airflow/example_dags/tutorial_etl_dag.py
[2021-04-21 20:00:16,605] {scheduler_job.py:639} INFO - DAG(s) dict_keys(['tutorial_etl_dag']) retrieved from /home/airflow/.local/lib/python3.6/site-packages/airflow/example_dags/tutorial_etl_dag.py
[2021-04-21 20:00:16,626] {logging_mixin.py:104} INFO - [2021-04-21 20:00:16,626] {dag.py:1818} INFO - Sync 1 DAGs
[2021-04-21 20:00:16,642] {logging_mixin.py:104} INFO - [2021-04-21 20:00:16,642] {dag.py:2273} INFO - Setting next_dagrun for tutorial_etl_dag to None
[2021-04-21 20:00:16,651] {scheduler_job.py:190} INFO - Processing /home/airflow/.local/lib/python3.6/site-packages/airflow/example_dags/tutorial_etl_dag.py took 0.063 seconds
[2021-04-21 20:00:46,900] {scheduler_job.py:182} INFO - Started process (PID=491) to work on /home/airflow/.local/lib/python3.6/site-packages/airflow/example_dags/tutorial_etl_dag.py
[2021-04-21 20:00:46,902] {scheduler_job.py:629} INFO - Processing file /home/airflow/.local/lib/python3.6/site-packages/airflow/example_dags/tutorial_etl_dag.py for tasks to queue
[2021-04-21 20:00:46,903] {logging_mixin.py:104} INFO - [2021-04-21 20:00:46,903] {dagbag.py:448} INFO - Filling up the DagBag from /home/airflow/.local/lib/python3.6/site-packages/airflow/example_dags/tutorial_etl_dag.py
[2021-04-21 20:00:46,915] {scheduler_job.py:639} INFO - DAG(s) dict_keys(['tutorial_etl_dag']) retrieved from /home/airflow/.local/lib/python3.6/site-packages/airflow/example_dags/tutorial_etl_dag.py
[2021-04-21 20:00:46,948] {logging_mixin.py:104} INFO - [2021-04-21 20:00:46,948] {dag.py:1818} INFO - Sync 1 DAGs
[2021-04-21 20:00:46,965] {logging_mixin.py:104} INFO - [2021-04-21 20:00:46,965] {dag.py:2273} INFO - Setting next_dagrun for tutorial_etl_dag to None
[2021-04-21 20:00:46,975] {scheduler_job.py:190} INFO - Processing /home/airflow/.local/lib/python3.6/site-packages/airflow/example_dags/tutorial_etl_dag.py took 0.078 seconds
[2021-04-21 20:01:17,207] {scheduler_job.py:182} INFO - Started process (PID=518) to work on /home/airflow/.local/lib/python3.6/site-packages/airflow/example_dags/tutorial_etl_dag.py
[2021-04-21 20:01:17,209] {scheduler_job.py:629} INFO - Processing file /home/airflow/.local/lib/python3.6/site-packages/airflow/example_dags/tutorial_etl_dag.py for tasks to queue
[2021-04-21 20:01:17,210] {logging_mixin.py:104} INFO - [2021-04-21 20:01:17,210] {dagbag.py:448} INFO - Filling up the DagBag from /home/airflow/.local/lib/python3.6/site-packages/airflow/example_dags/tutorial_etl_dag.py
[2021-04-21 20:01:17,226] {scheduler_job.py:639} INFO - DAG(s) dict_keys(['tutorial_etl_dag']) retrieved from /home/airflow/.local/lib/python3.6/site-packages/airflow/example_dags/tutorial_etl_dag.py
[2021-04-21 20:01:17,247] {logging_mixin.py:104} INFO - [2021-04-21 20:01:17,247] {dag.py:1818} INFO - Sync 1 DAGs
[2021-04-21 20:01:17,264] {logging_mixin.py:104} INFO - [2021-04-21 20:01:17,264] {dag.py:2273} INFO - Setting next_dagrun for tutorial_etl_dag to None
[2021-04-21 20:01:17,275] {scheduler_job.py:190} INFO - Processing /home/airflow/.local/lib/python3.6/site-packages/airflow/example_dags/tutorial_etl_dag.py took 0.075 seconds
[2021-04-21 20:01:47,477] {scheduler_job.py:182} INFO - Started process (PID=545) to work on /home/airflow/.local/lib/python3.6/site-packages/airflow/example_dags/tutorial_etl_dag.py
[2021-04-21 20:01:47,479] {scheduler_job.py:629} INFO - Processing file /home/airflow/.local/lib/python3.6/site-packages/airflow/example_dags/tutorial_etl_dag.py for tasks to queue
[2021-04-21 20:01:47,480] {logging_mixin.py:104} INFO - [2021-04-21 20:01:47,480] {dagbag.py:448} INFO - Filling up the DagBag from /home/airflow/.local/lib/python3.6/site-packages/airflow/example_dags/tutorial_etl_dag.py
[2021-04-21 20:01:47,493] {scheduler_job.py:639} INFO - DAG(s) dict_keys(['tutorial_etl_dag']) retrieved from /home/airflow/.local/lib/python3.6/site-packages/airflow/example_dags/tutorial_etl_dag.py
[2021-04-21 20:01:47,519] {logging_mixin.py:104} INFO - [2021-04-21 20:01:47,519] {dag.py:1818} INFO - Sync 1 DAGs
[2021-04-21 20:01:47,541] {logging_mixin.py:104} INFO - [2021-04-21 20:01:47,541] {dag.py:2273} INFO - Setting next_dagrun for tutorial_etl_dag to None
[2021-04-21 20:01:47,550] {scheduler_job.py:190} INFO - Processing /home/airflow/.local/lib/python3.6/site-packages/airflow/example_dags/tutorial_etl_dag.py took 0.076 seconds
[2021-04-21 20:02:17,895] {scheduler_job.py:182} INFO - Started process (PID=574) to work on /home/airflow/.local/lib/python3.6/site-packages/airflow/example_dags/tutorial_etl_dag.py
[2021-04-21 20:02:17,897] {scheduler_job.py:629} INFO - Processing file /home/airflow/.local/lib/python3.6/site-packages/airflow/example_dags/tutorial_etl_dag.py for tasks to queue
[2021-04-21 20:02:17,898] {logging_mixin.py:104} INFO - [2021-04-21 20:02:17,898] {dagbag.py:448} INFO - Filling up the DagBag from /home/airflow/.local/lib/python3.6/site-packages/airflow/example_dags/tutorial_etl_dag.py
[2021-04-21 20:02:17,911] {scheduler_job.py:639} INFO - DAG(s) dict_keys(['tutorial_etl_dag']) retrieved from /home/airflow/.local/lib/python3.6/site-packages/airflow/example_dags/tutorial_etl_dag.py
[2021-04-21 20:02:17,935] {logging_mixin.py:104} INFO - [2021-04-21 20:02:17,934] {dag.py:1818} INFO - Sync 1 DAGs
[2021-04-21 20:02:17,950] {logging_mixin.py:104} INFO - [2021-04-21 20:02:17,950] {dag.py:2273} INFO - Setting next_dagrun for tutorial_etl_dag to None
[2021-04-21 20:02:17,958] {scheduler_job.py:190} INFO - Processing /home/airflow/.local/lib/python3.6/site-packages/airflow/example_dags/tutorial_etl_dag.py took 0.065 seconds
