[2021-04-21 19:52:41,261] {scheduler_job.py:182} INFO - Started process (PID=30) to work on /home/airflow/.local/lib/python3.6/site-packages/airflow/example_dags/tutorial_taskflow_api_etl.py
[2021-04-21 19:52:41,263] {scheduler_job.py:629} INFO - Processing file /home/airflow/.local/lib/python3.6/site-packages/airflow/example_dags/tutorial_taskflow_api_etl.py for tasks to queue
[2021-04-21 19:52:41,264] {logging_mixin.py:104} INFO - [2021-04-21 19:52:41,264] {dagbag.py:448} INFO - Filling up the DagBag from /home/airflow/.local/lib/python3.6/site-packages/airflow/example_dags/tutorial_taskflow_api_etl.py
[2021-04-21 19:52:41,277] {scheduler_job.py:639} INFO - DAG(s) dict_keys(['tutorial_taskflow_api_etl']) retrieved from /home/airflow/.local/lib/python3.6/site-packages/airflow/example_dags/tutorial_taskflow_api_etl.py
[2021-04-21 19:52:41,307] {logging_mixin.py:104} INFO - [2021-04-21 19:52:41,307] {dag.py:1818} INFO - Sync 1 DAGs
[2021-04-21 19:52:41,317] {logging_mixin.py:104} INFO - [2021-04-21 19:52:41,317] {dag.py:1837} INFO - Creating ORM DAG for tutorial_taskflow_api_etl
[2021-04-21 19:52:41,322] {logging_mixin.py:104} INFO - [2021-04-21 19:52:41,322] {dag.py:2273} INFO - Setting next_dagrun for tutorial_taskflow_api_etl to None
[2021-04-21 19:52:41,337] {scheduler_job.py:190} INFO - Processing /home/airflow/.local/lib/python3.6/site-packages/airflow/example_dags/tutorial_taskflow_api_etl.py took 0.081 seconds
[2021-04-21 19:53:11,850] {scheduler_job.py:182} INFO - Started process (PID=55) to work on /home/airflow/.local/lib/python3.6/site-packages/airflow/example_dags/tutorial_taskflow_api_etl.py
[2021-04-21 19:53:11,853] {scheduler_job.py:629} INFO - Processing file /home/airflow/.local/lib/python3.6/site-packages/airflow/example_dags/tutorial_taskflow_api_etl.py for tasks to queue
[2021-04-21 19:53:11,855] {logging_mixin.py:104} INFO - [2021-04-21 19:53:11,854] {dagbag.py:448} INFO - Filling up the DagBag from /home/airflow/.local/lib/python3.6/site-packages/airflow/example_dags/tutorial_taskflow_api_etl.py
[2021-04-21 19:53:11,869] {scheduler_job.py:639} INFO - DAG(s) dict_keys(['tutorial_taskflow_api_etl']) retrieved from /home/airflow/.local/lib/python3.6/site-packages/airflow/example_dags/tutorial_taskflow_api_etl.py
[2021-04-21 19:53:11,899] {logging_mixin.py:104} INFO - [2021-04-21 19:53:11,899] {dag.py:1818} INFO - Sync 1 DAGs
[2021-04-21 19:53:11,920] {logging_mixin.py:104} INFO - [2021-04-21 19:53:11,920] {dag.py:2273} INFO - Setting next_dagrun for tutorial_taskflow_api_etl to None
[2021-04-21 19:53:11,933] {scheduler_job.py:190} INFO - Processing /home/airflow/.local/lib/python3.6/site-packages/airflow/example_dags/tutorial_taskflow_api_etl.py took 0.091 seconds
[2021-04-21 19:53:42,326] {scheduler_job.py:182} INFO - Started process (PID=81) to work on /home/airflow/.local/lib/python3.6/site-packages/airflow/example_dags/tutorial_taskflow_api_etl.py
[2021-04-21 19:53:42,329] {scheduler_job.py:629} INFO - Processing file /home/airflow/.local/lib/python3.6/site-packages/airflow/example_dags/tutorial_taskflow_api_etl.py for tasks to queue
[2021-04-21 19:53:42,330] {logging_mixin.py:104} INFO - [2021-04-21 19:53:42,330] {dagbag.py:448} INFO - Filling up the DagBag from /home/airflow/.local/lib/python3.6/site-packages/airflow/example_dags/tutorial_taskflow_api_etl.py
[2021-04-21 19:53:42,345] {scheduler_job.py:639} INFO - DAG(s) dict_keys(['tutorial_taskflow_api_etl']) retrieved from /home/airflow/.local/lib/python3.6/site-packages/airflow/example_dags/tutorial_taskflow_api_etl.py
[2021-04-21 19:53:42,372] {logging_mixin.py:104} INFO - [2021-04-21 19:53:42,372] {dag.py:1818} INFO - Sync 1 DAGs
[2021-04-21 19:53:42,388] {logging_mixin.py:104} INFO - [2021-04-21 19:53:42,388] {dag.py:2273} INFO - Setting next_dagrun for tutorial_taskflow_api_etl to None
[2021-04-21 19:53:42,398] {scheduler_job.py:190} INFO - Processing /home/airflow/.local/lib/python3.6/site-packages/airflow/example_dags/tutorial_taskflow_api_etl.py took 0.075 seconds
[2021-04-21 19:54:12,527] {scheduler_job.py:182} INFO - Started process (PID=105) to work on /home/airflow/.local/lib/python3.6/site-packages/airflow/example_dags/tutorial_taskflow_api_etl.py
[2021-04-21 19:54:12,528] {scheduler_job.py:629} INFO - Processing file /home/airflow/.local/lib/python3.6/site-packages/airflow/example_dags/tutorial_taskflow_api_etl.py for tasks to queue
[2021-04-21 19:54:12,529] {logging_mixin.py:104} INFO - [2021-04-21 19:54:12,529] {dagbag.py:448} INFO - Filling up the DagBag from /home/airflow/.local/lib/python3.6/site-packages/airflow/example_dags/tutorial_taskflow_api_etl.py
[2021-04-21 19:54:12,542] {scheduler_job.py:639} INFO - DAG(s) dict_keys(['tutorial_taskflow_api_etl']) retrieved from /home/airflow/.local/lib/python3.6/site-packages/airflow/example_dags/tutorial_taskflow_api_etl.py
[2021-04-21 19:54:12,566] {logging_mixin.py:104} INFO - [2021-04-21 19:54:12,565] {dag.py:1818} INFO - Sync 1 DAGs
[2021-04-21 19:54:12,585] {logging_mixin.py:104} INFO - [2021-04-21 19:54:12,584] {dag.py:2273} INFO - Setting next_dagrun for tutorial_taskflow_api_etl to None
[2021-04-21 19:54:12,595] {scheduler_job.py:190} INFO - Processing /home/airflow/.local/lib/python3.6/site-packages/airflow/example_dags/tutorial_taskflow_api_etl.py took 0.072 seconds
[2021-04-21 19:54:42,809] {scheduler_job.py:182} INFO - Started process (PID=131) to work on /home/airflow/.local/lib/python3.6/site-packages/airflow/example_dags/tutorial_taskflow_api_etl.py
[2021-04-21 19:54:42,811] {scheduler_job.py:629} INFO - Processing file /home/airflow/.local/lib/python3.6/site-packages/airflow/example_dags/tutorial_taskflow_api_etl.py for tasks to queue
[2021-04-21 19:54:42,812] {logging_mixin.py:104} INFO - [2021-04-21 19:54:42,812] {dagbag.py:448} INFO - Filling up the DagBag from /home/airflow/.local/lib/python3.6/site-packages/airflow/example_dags/tutorial_taskflow_api_etl.py
[2021-04-21 19:54:42,824] {scheduler_job.py:639} INFO - DAG(s) dict_keys(['tutorial_taskflow_api_etl']) retrieved from /home/airflow/.local/lib/python3.6/site-packages/airflow/example_dags/tutorial_taskflow_api_etl.py
[2021-04-21 19:54:42,848] {logging_mixin.py:104} INFO - [2021-04-21 19:54:42,847] {dag.py:1818} INFO - Sync 1 DAGs
[2021-04-21 19:54:42,861] {logging_mixin.py:104} INFO - [2021-04-21 19:54:42,861] {dag.py:2273} INFO - Setting next_dagrun for tutorial_taskflow_api_etl to None
[2021-04-21 19:54:42,870] {scheduler_job.py:190} INFO - Processing /home/airflow/.local/lib/python3.6/site-packages/airflow/example_dags/tutorial_taskflow_api_etl.py took 0.064 seconds
[2021-04-21 19:55:13,047] {scheduler_job.py:182} INFO - Started process (PID=158) to work on /home/airflow/.local/lib/python3.6/site-packages/airflow/example_dags/tutorial_taskflow_api_etl.py
[2021-04-21 19:55:13,049] {scheduler_job.py:629} INFO - Processing file /home/airflow/.local/lib/python3.6/site-packages/airflow/example_dags/tutorial_taskflow_api_etl.py for tasks to queue
[2021-04-21 19:55:13,050] {logging_mixin.py:104} INFO - [2021-04-21 19:55:13,050] {dagbag.py:448} INFO - Filling up the DagBag from /home/airflow/.local/lib/python3.6/site-packages/airflow/example_dags/tutorial_taskflow_api_etl.py
[2021-04-21 19:55:13,062] {scheduler_job.py:639} INFO - DAG(s) dict_keys(['tutorial_taskflow_api_etl']) retrieved from /home/airflow/.local/lib/python3.6/site-packages/airflow/example_dags/tutorial_taskflow_api_etl.py
[2021-04-21 19:55:13,083] {logging_mixin.py:104} INFO - [2021-04-21 19:55:13,083] {dag.py:1818} INFO - Sync 1 DAGs
[2021-04-21 19:55:13,096] {logging_mixin.py:104} INFO - [2021-04-21 19:55:13,096] {dag.py:2273} INFO - Setting next_dagrun for tutorial_taskflow_api_etl to None
[2021-04-21 19:55:13,105] {scheduler_job.py:190} INFO - Processing /home/airflow/.local/lib/python3.6/site-packages/airflow/example_dags/tutorial_taskflow_api_etl.py took 0.061 seconds
[2021-04-21 19:55:43,343] {scheduler_job.py:182} INFO - Started process (PID=187) to work on /home/airflow/.local/lib/python3.6/site-packages/airflow/example_dags/tutorial_taskflow_api_etl.py
[2021-04-21 19:55:43,345] {scheduler_job.py:629} INFO - Processing file /home/airflow/.local/lib/python3.6/site-packages/airflow/example_dags/tutorial_taskflow_api_etl.py for tasks to queue
[2021-04-21 19:55:43,346] {logging_mixin.py:104} INFO - [2021-04-21 19:55:43,346] {dagbag.py:448} INFO - Filling up the DagBag from /home/airflow/.local/lib/python3.6/site-packages/airflow/example_dags/tutorial_taskflow_api_etl.py
[2021-04-21 19:55:43,357] {scheduler_job.py:639} INFO - DAG(s) dict_keys(['tutorial_taskflow_api_etl']) retrieved from /home/airflow/.local/lib/python3.6/site-packages/airflow/example_dags/tutorial_taskflow_api_etl.py
[2021-04-21 19:55:43,381] {logging_mixin.py:104} INFO - [2021-04-21 19:55:43,381] {dag.py:1818} INFO - Sync 1 DAGs
[2021-04-21 19:55:43,394] {logging_mixin.py:104} INFO - [2021-04-21 19:55:43,394] {dag.py:2273} INFO - Setting next_dagrun for tutorial_taskflow_api_etl to None
[2021-04-21 19:55:43,404] {scheduler_job.py:190} INFO - Processing /home/airflow/.local/lib/python3.6/site-packages/airflow/example_dags/tutorial_taskflow_api_etl.py took 0.064 seconds
[2021-04-21 19:56:13,667] {scheduler_job.py:182} INFO - Started process (PID=211) to work on /home/airflow/.local/lib/python3.6/site-packages/airflow/example_dags/tutorial_taskflow_api_etl.py
[2021-04-21 19:56:13,669] {scheduler_job.py:629} INFO - Processing file /home/airflow/.local/lib/python3.6/site-packages/airflow/example_dags/tutorial_taskflow_api_etl.py for tasks to queue
[2021-04-21 19:56:13,670] {logging_mixin.py:104} INFO - [2021-04-21 19:56:13,670] {dagbag.py:448} INFO - Filling up the DagBag from /home/airflow/.local/lib/python3.6/site-packages/airflow/example_dags/tutorial_taskflow_api_etl.py
[2021-04-21 19:56:13,683] {scheduler_job.py:639} INFO - DAG(s) dict_keys(['tutorial_taskflow_api_etl']) retrieved from /home/airflow/.local/lib/python3.6/site-packages/airflow/example_dags/tutorial_taskflow_api_etl.py
[2021-04-21 19:56:13,706] {logging_mixin.py:104} INFO - [2021-04-21 19:56:13,706] {dag.py:1818} INFO - Sync 1 DAGs
[2021-04-21 19:56:13,720] {logging_mixin.py:104} INFO - [2021-04-21 19:56:13,720] {dag.py:2273} INFO - Setting next_dagrun for tutorial_taskflow_api_etl to None
[2021-04-21 19:56:13,729] {scheduler_job.py:190} INFO - Processing /home/airflow/.local/lib/python3.6/site-packages/airflow/example_dags/tutorial_taskflow_api_etl.py took 0.065 seconds
[2021-04-21 19:56:43,987] {scheduler_job.py:182} INFO - Started process (PID=238) to work on /home/airflow/.local/lib/python3.6/site-packages/airflow/example_dags/tutorial_taskflow_api_etl.py
[2021-04-21 19:56:43,989] {scheduler_job.py:629} INFO - Processing file /home/airflow/.local/lib/python3.6/site-packages/airflow/example_dags/tutorial_taskflow_api_etl.py for tasks to queue
[2021-04-21 19:56:43,990] {logging_mixin.py:104} INFO - [2021-04-21 19:56:43,990] {dagbag.py:448} INFO - Filling up the DagBag from /home/airflow/.local/lib/python3.6/site-packages/airflow/example_dags/tutorial_taskflow_api_etl.py
[2021-04-21 19:56:44,003] {scheduler_job.py:639} INFO - DAG(s) dict_keys(['tutorial_taskflow_api_etl']) retrieved from /home/airflow/.local/lib/python3.6/site-packages/airflow/example_dags/tutorial_taskflow_api_etl.py
[2021-04-21 19:56:44,027] {logging_mixin.py:104} INFO - [2021-04-21 19:56:44,027] {dag.py:1818} INFO - Sync 1 DAGs
[2021-04-21 19:56:44,041] {logging_mixin.py:104} INFO - [2021-04-21 19:56:44,041] {dag.py:2273} INFO - Setting next_dagrun for tutorial_taskflow_api_etl to None
[2021-04-21 19:56:44,050] {scheduler_job.py:190} INFO - Processing /home/airflow/.local/lib/python3.6/site-packages/airflow/example_dags/tutorial_taskflow_api_etl.py took 0.066 seconds
[2021-04-21 19:57:14,267] {scheduler_job.py:182} INFO - Started process (PID=273) to work on /home/airflow/.local/lib/python3.6/site-packages/airflow/example_dags/tutorial_taskflow_api_etl.py
[2021-04-21 19:57:14,268] {scheduler_job.py:629} INFO - Processing file /home/airflow/.local/lib/python3.6/site-packages/airflow/example_dags/tutorial_taskflow_api_etl.py for tasks to queue
[2021-04-21 19:57:14,269] {logging_mixin.py:104} INFO - [2021-04-21 19:57:14,269] {dagbag.py:448} INFO - Filling up the DagBag from /home/airflow/.local/lib/python3.6/site-packages/airflow/example_dags/tutorial_taskflow_api_etl.py
[2021-04-21 19:57:14,281] {scheduler_job.py:639} INFO - DAG(s) dict_keys(['tutorial_taskflow_api_etl']) retrieved from /home/airflow/.local/lib/python3.6/site-packages/airflow/example_dags/tutorial_taskflow_api_etl.py
[2021-04-21 19:57:14,306] {logging_mixin.py:104} INFO - [2021-04-21 19:57:14,306] {dag.py:1818} INFO - Sync 1 DAGs
[2021-04-21 19:57:14,319] {logging_mixin.py:104} INFO - [2021-04-21 19:57:14,319] {dag.py:2273} INFO - Setting next_dagrun for tutorial_taskflow_api_etl to None
[2021-04-21 19:57:14,329] {scheduler_job.py:190} INFO - Processing /home/airflow/.local/lib/python3.6/site-packages/airflow/example_dags/tutorial_taskflow_api_etl.py took 0.065 seconds
[2021-04-21 19:57:44,594] {scheduler_job.py:182} INFO - Started process (PID=301) to work on /home/airflow/.local/lib/python3.6/site-packages/airflow/example_dags/tutorial_taskflow_api_etl.py
[2021-04-21 19:57:44,595] {scheduler_job.py:629} INFO - Processing file /home/airflow/.local/lib/python3.6/site-packages/airflow/example_dags/tutorial_taskflow_api_etl.py for tasks to queue
[2021-04-21 19:57:44,596] {logging_mixin.py:104} INFO - [2021-04-21 19:57:44,596] {dagbag.py:448} INFO - Filling up the DagBag from /home/airflow/.local/lib/python3.6/site-packages/airflow/example_dags/tutorial_taskflow_api_etl.py
[2021-04-21 19:57:44,611] {scheduler_job.py:639} INFO - DAG(s) dict_keys(['tutorial_taskflow_api_etl']) retrieved from /home/airflow/.local/lib/python3.6/site-packages/airflow/example_dags/tutorial_taskflow_api_etl.py
[2021-04-21 19:57:44,648] {logging_mixin.py:104} INFO - [2021-04-21 19:57:44,648] {dag.py:1818} INFO - Sync 1 DAGs
[2021-04-21 19:57:44,663] {logging_mixin.py:104} INFO - [2021-04-21 19:57:44,663] {dag.py:2273} INFO - Setting next_dagrun for tutorial_taskflow_api_etl to None
[2021-04-21 19:57:44,673] {scheduler_job.py:190} INFO - Processing /home/airflow/.local/lib/python3.6/site-packages/airflow/example_dags/tutorial_taskflow_api_etl.py took 0.083 seconds
[2021-04-21 19:58:14,912] {scheduler_job.py:182} INFO - Started process (PID=328) to work on /home/airflow/.local/lib/python3.6/site-packages/airflow/example_dags/tutorial_taskflow_api_etl.py
[2021-04-21 19:58:14,914] {scheduler_job.py:629} INFO - Processing file /home/airflow/.local/lib/python3.6/site-packages/airflow/example_dags/tutorial_taskflow_api_etl.py for tasks to queue
[2021-04-21 19:58:14,916] {logging_mixin.py:104} INFO - [2021-04-21 19:58:14,915] {dagbag.py:448} INFO - Filling up the DagBag from /home/airflow/.local/lib/python3.6/site-packages/airflow/example_dags/tutorial_taskflow_api_etl.py
[2021-04-21 19:58:14,933] {scheduler_job.py:639} INFO - DAG(s) dict_keys(['tutorial_taskflow_api_etl']) retrieved from /home/airflow/.local/lib/python3.6/site-packages/airflow/example_dags/tutorial_taskflow_api_etl.py
[2021-04-21 19:58:14,957] {logging_mixin.py:104} INFO - [2021-04-21 19:58:14,957] {dag.py:1818} INFO - Sync 1 DAGs
[2021-04-21 19:58:14,977] {logging_mixin.py:104} INFO - [2021-04-21 19:58:14,977] {dag.py:2273} INFO - Setting next_dagrun for tutorial_taskflow_api_etl to None
[2021-04-21 19:58:14,988] {scheduler_job.py:190} INFO - Processing /home/airflow/.local/lib/python3.6/site-packages/airflow/example_dags/tutorial_taskflow_api_etl.py took 0.080 seconds
[2021-04-21 19:58:45,244] {scheduler_job.py:182} INFO - Started process (PID=356) to work on /home/airflow/.local/lib/python3.6/site-packages/airflow/example_dags/tutorial_taskflow_api_etl.py
[2021-04-21 19:58:45,245] {scheduler_job.py:629} INFO - Processing file /home/airflow/.local/lib/python3.6/site-packages/airflow/example_dags/tutorial_taskflow_api_etl.py for tasks to queue
[2021-04-21 19:58:45,246] {logging_mixin.py:104} INFO - [2021-04-21 19:58:45,246] {dagbag.py:448} INFO - Filling up the DagBag from /home/airflow/.local/lib/python3.6/site-packages/airflow/example_dags/tutorial_taskflow_api_etl.py
[2021-04-21 19:58:45,259] {scheduler_job.py:639} INFO - DAG(s) dict_keys(['tutorial_taskflow_api_etl']) retrieved from /home/airflow/.local/lib/python3.6/site-packages/airflow/example_dags/tutorial_taskflow_api_etl.py
[2021-04-21 19:58:45,283] {logging_mixin.py:104} INFO - [2021-04-21 19:58:45,283] {dag.py:1818} INFO - Sync 1 DAGs
[2021-04-21 19:58:45,298] {logging_mixin.py:104} INFO - [2021-04-21 19:58:45,298] {dag.py:2273} INFO - Setting next_dagrun for tutorial_taskflow_api_etl to None
[2021-04-21 19:58:45,309] {scheduler_job.py:190} INFO - Processing /home/airflow/.local/lib/python3.6/site-packages/airflow/example_dags/tutorial_taskflow_api_etl.py took 0.068 seconds
[2021-04-21 19:59:15,655] {scheduler_job.py:182} INFO - Started process (PID=385) to work on /home/airflow/.local/lib/python3.6/site-packages/airflow/example_dags/tutorial_taskflow_api_etl.py
[2021-04-21 19:59:15,656] {scheduler_job.py:629} INFO - Processing file /home/airflow/.local/lib/python3.6/site-packages/airflow/example_dags/tutorial_taskflow_api_etl.py for tasks to queue
[2021-04-21 19:59:15,657] {logging_mixin.py:104} INFO - [2021-04-21 19:59:15,657] {dagbag.py:448} INFO - Filling up the DagBag from /home/airflow/.local/lib/python3.6/site-packages/airflow/example_dags/tutorial_taskflow_api_etl.py
[2021-04-21 19:59:15,670] {scheduler_job.py:639} INFO - DAG(s) dict_keys(['tutorial_taskflow_api_etl']) retrieved from /home/airflow/.local/lib/python3.6/site-packages/airflow/example_dags/tutorial_taskflow_api_etl.py
[2021-04-21 19:59:15,693] {logging_mixin.py:104} INFO - [2021-04-21 19:59:15,693] {dag.py:1818} INFO - Sync 1 DAGs
[2021-04-21 19:59:15,708] {logging_mixin.py:104} INFO - [2021-04-21 19:59:15,708] {dag.py:2273} INFO - Setting next_dagrun for tutorial_taskflow_api_etl to None
[2021-04-21 19:59:15,720] {scheduler_job.py:190} INFO - Processing /home/airflow/.local/lib/python3.6/site-packages/airflow/example_dags/tutorial_taskflow_api_etl.py took 0.068 seconds
[2021-04-21 19:59:45,899] {scheduler_job.py:182} INFO - Started process (PID=416) to work on /home/airflow/.local/lib/python3.6/site-packages/airflow/example_dags/tutorial_taskflow_api_etl.py
[2021-04-21 19:59:45,902] {scheduler_job.py:629} INFO - Processing file /home/airflow/.local/lib/python3.6/site-packages/airflow/example_dags/tutorial_taskflow_api_etl.py for tasks to queue
[2021-04-21 19:59:45,904] {logging_mixin.py:104} INFO - [2021-04-21 19:59:45,904] {dagbag.py:448} INFO - Filling up the DagBag from /home/airflow/.local/lib/python3.6/site-packages/airflow/example_dags/tutorial_taskflow_api_etl.py
[2021-04-21 19:59:45,926] {scheduler_job.py:639} INFO - DAG(s) dict_keys(['tutorial_taskflow_api_etl']) retrieved from /home/airflow/.local/lib/python3.6/site-packages/airflow/example_dags/tutorial_taskflow_api_etl.py
[2021-04-21 19:59:45,950] {logging_mixin.py:104} INFO - [2021-04-21 19:59:45,950] {dag.py:1818} INFO - Sync 1 DAGs
[2021-04-21 19:59:45,967] {logging_mixin.py:104} INFO - [2021-04-21 19:59:45,967] {dag.py:2273} INFO - Setting next_dagrun for tutorial_taskflow_api_etl to None
[2021-04-21 19:59:45,978] {scheduler_job.py:190} INFO - Processing /home/airflow/.local/lib/python3.6/site-packages/airflow/example_dags/tutorial_taskflow_api_etl.py took 0.083 seconds
[2021-04-21 20:00:16,278] {scheduler_job.py:182} INFO - Started process (PID=444) to work on /home/airflow/.local/lib/python3.6/site-packages/airflow/example_dags/tutorial_taskflow_api_etl.py
[2021-04-21 20:00:16,280] {scheduler_job.py:629} INFO - Processing file /home/airflow/.local/lib/python3.6/site-packages/airflow/example_dags/tutorial_taskflow_api_etl.py for tasks to queue
[2021-04-21 20:00:16,281] {logging_mixin.py:104} INFO - [2021-04-21 20:00:16,281] {dagbag.py:448} INFO - Filling up the DagBag from /home/airflow/.local/lib/python3.6/site-packages/airflow/example_dags/tutorial_taskflow_api_etl.py
[2021-04-21 20:00:16,295] {scheduler_job.py:639} INFO - DAG(s) dict_keys(['tutorial_taskflow_api_etl']) retrieved from /home/airflow/.local/lib/python3.6/site-packages/airflow/example_dags/tutorial_taskflow_api_etl.py
[2021-04-21 20:00:16,328] {logging_mixin.py:104} INFO - [2021-04-21 20:00:16,328] {dag.py:1818} INFO - Sync 1 DAGs
[2021-04-21 20:00:16,345] {logging_mixin.py:104} INFO - [2021-04-21 20:00:16,345] {dag.py:2273} INFO - Setting next_dagrun for tutorial_taskflow_api_etl to None
[2021-04-21 20:00:16,355] {scheduler_job.py:190} INFO - Processing /home/airflow/.local/lib/python3.6/site-packages/airflow/example_dags/tutorial_taskflow_api_etl.py took 0.080 seconds
[2021-04-21 20:00:46,492] {scheduler_job.py:182} INFO - Started process (PID=485) to work on /home/airflow/.local/lib/python3.6/site-packages/airflow/example_dags/tutorial_taskflow_api_etl.py
[2021-04-21 20:00:46,494] {scheduler_job.py:629} INFO - Processing file /home/airflow/.local/lib/python3.6/site-packages/airflow/example_dags/tutorial_taskflow_api_etl.py for tasks to queue
[2021-04-21 20:00:46,495] {logging_mixin.py:104} INFO - [2021-04-21 20:00:46,495] {dagbag.py:448} INFO - Filling up the DagBag from /home/airflow/.local/lib/python3.6/site-packages/airflow/example_dags/tutorial_taskflow_api_etl.py
[2021-04-21 20:00:46,509] {scheduler_job.py:639} INFO - DAG(s) dict_keys(['tutorial_taskflow_api_etl']) retrieved from /home/airflow/.local/lib/python3.6/site-packages/airflow/example_dags/tutorial_taskflow_api_etl.py
[2021-04-21 20:00:46,536] {logging_mixin.py:104} INFO - [2021-04-21 20:00:46,536] {dag.py:1818} INFO - Sync 1 DAGs
[2021-04-21 20:00:46,561] {logging_mixin.py:104} INFO - [2021-04-21 20:00:46,561] {dag.py:2273} INFO - Setting next_dagrun for tutorial_taskflow_api_etl to None
[2021-04-21 20:00:46,573] {scheduler_job.py:190} INFO - Processing /home/airflow/.local/lib/python3.6/site-packages/airflow/example_dags/tutorial_taskflow_api_etl.py took 0.085 seconds
[2021-04-21 20:01:16,990] {scheduler_job.py:182} INFO - Started process (PID=514) to work on /home/airflow/.local/lib/python3.6/site-packages/airflow/example_dags/tutorial_taskflow_api_etl.py
[2021-04-21 20:01:16,991] {scheduler_job.py:629} INFO - Processing file /home/airflow/.local/lib/python3.6/site-packages/airflow/example_dags/tutorial_taskflow_api_etl.py for tasks to queue
[2021-04-21 20:01:16,993] {logging_mixin.py:104} INFO - [2021-04-21 20:01:16,993] {dagbag.py:448} INFO - Filling up the DagBag from /home/airflow/.local/lib/python3.6/site-packages/airflow/example_dags/tutorial_taskflow_api_etl.py
[2021-04-21 20:01:17,015] {scheduler_job.py:639} INFO - DAG(s) dict_keys(['tutorial_taskflow_api_etl']) retrieved from /home/airflow/.local/lib/python3.6/site-packages/airflow/example_dags/tutorial_taskflow_api_etl.py
[2021-04-21 20:01:17,047] {logging_mixin.py:104} INFO - [2021-04-21 20:01:17,047] {dag.py:1818} INFO - Sync 1 DAGs
[2021-04-21 20:01:17,062] {logging_mixin.py:104} INFO - [2021-04-21 20:01:17,062] {dag.py:2273} INFO - Setting next_dagrun for tutorial_taskflow_api_etl to None
[2021-04-21 20:01:17,073] {scheduler_job.py:190} INFO - Processing /home/airflow/.local/lib/python3.6/site-packages/airflow/example_dags/tutorial_taskflow_api_etl.py took 0.087 seconds
[2021-04-21 20:01:47,349] {scheduler_job.py:182} INFO - Started process (PID=542) to work on /home/airflow/.local/lib/python3.6/site-packages/airflow/example_dags/tutorial_taskflow_api_etl.py
[2021-04-21 20:01:47,351] {scheduler_job.py:629} INFO - Processing file /home/airflow/.local/lib/python3.6/site-packages/airflow/example_dags/tutorial_taskflow_api_etl.py for tasks to queue
[2021-04-21 20:01:47,352] {logging_mixin.py:104} INFO - [2021-04-21 20:01:47,352] {dagbag.py:448} INFO - Filling up the DagBag from /home/airflow/.local/lib/python3.6/site-packages/airflow/example_dags/tutorial_taskflow_api_etl.py
[2021-04-21 20:01:47,365] {scheduler_job.py:639} INFO - DAG(s) dict_keys(['tutorial_taskflow_api_etl']) retrieved from /home/airflow/.local/lib/python3.6/site-packages/airflow/example_dags/tutorial_taskflow_api_etl.py
[2021-04-21 20:01:47,394] {logging_mixin.py:104} INFO - [2021-04-21 20:01:47,394] {dag.py:1818} INFO - Sync 1 DAGs
[2021-04-21 20:01:47,408] {logging_mixin.py:104} INFO - [2021-04-21 20:01:47,408] {dag.py:2273} INFO - Setting next_dagrun for tutorial_taskflow_api_etl to None
[2021-04-21 20:01:47,418] {scheduler_job.py:190} INFO - Processing /home/airflow/.local/lib/python3.6/site-packages/airflow/example_dags/tutorial_taskflow_api_etl.py took 0.074 seconds
[2021-04-21 20:02:17,701] {scheduler_job.py:182} INFO - Started process (PID=571) to work on /home/airflow/.local/lib/python3.6/site-packages/airflow/example_dags/tutorial_taskflow_api_etl.py
[2021-04-21 20:02:17,703] {scheduler_job.py:629} INFO - Processing file /home/airflow/.local/lib/python3.6/site-packages/airflow/example_dags/tutorial_taskflow_api_etl.py for tasks to queue
[2021-04-21 20:02:17,705] {logging_mixin.py:104} INFO - [2021-04-21 20:02:17,705] {dagbag.py:448} INFO - Filling up the DagBag from /home/airflow/.local/lib/python3.6/site-packages/airflow/example_dags/tutorial_taskflow_api_etl.py
[2021-04-21 20:02:17,718] {scheduler_job.py:639} INFO - DAG(s) dict_keys(['tutorial_taskflow_api_etl']) retrieved from /home/airflow/.local/lib/python3.6/site-packages/airflow/example_dags/tutorial_taskflow_api_etl.py
[2021-04-21 20:02:17,746] {logging_mixin.py:104} INFO - [2021-04-21 20:02:17,746] {dag.py:1818} INFO - Sync 1 DAGs
[2021-04-21 20:02:17,759] {logging_mixin.py:104} INFO - [2021-04-21 20:02:17,759] {dag.py:2273} INFO - Setting next_dagrun for tutorial_taskflow_api_etl to None
[2021-04-21 20:02:17,769] {scheduler_job.py:190} INFO - Processing /home/airflow/.local/lib/python3.6/site-packages/airflow/example_dags/tutorial_taskflow_api_etl.py took 0.074 seconds
