[2021-04-21 19:52:42,290] {scheduler_job.py:182} INFO - Started process (PID=44) to work on /home/airflow/.local/lib/python3.6/site-packages/airflow/example_dags/tutorial.py
[2021-04-21 19:52:42,292] {scheduler_job.py:629} INFO - Processing file /home/airflow/.local/lib/python3.6/site-packages/airflow/example_dags/tutorial.py for tasks to queue
[2021-04-21 19:52:42,297] {logging_mixin.py:104} INFO - [2021-04-21 19:52:42,293] {dagbag.py:448} INFO - Filling up the DagBag from /home/airflow/.local/lib/python3.6/site-packages/airflow/example_dags/tutorial.py
[2021-04-21 19:52:42,307] {scheduler_job.py:639} INFO - DAG(s) dict_keys(['tutorial']) retrieved from /home/airflow/.local/lib/python3.6/site-packages/airflow/example_dags/tutorial.py
[2021-04-21 19:52:42,336] {logging_mixin.py:104} INFO - [2021-04-21 19:52:42,335] {dag.py:1818} INFO - Sync 1 DAGs
[2021-04-21 19:52:42,349] {logging_mixin.py:104} INFO - [2021-04-21 19:52:42,349] {dag.py:1837} INFO - Creating ORM DAG for tutorial
[2021-04-21 19:52:42,357] {logging_mixin.py:104} INFO - [2021-04-21 19:52:42,357] {dag.py:2273} INFO - Setting next_dagrun for tutorial to 2021-04-19 00:00:00+00:00
[2021-04-21 19:52:42,376] {scheduler_job.py:190} INFO - Processing /home/airflow/.local/lib/python3.6/site-packages/airflow/example_dags/tutorial.py took 0.090 seconds
[2021-04-21 19:53:12,728] {scheduler_job.py:182} INFO - Started process (PID=69) to work on /home/airflow/.local/lib/python3.6/site-packages/airflow/example_dags/tutorial.py
[2021-04-21 19:53:12,729] {scheduler_job.py:629} INFO - Processing file /home/airflow/.local/lib/python3.6/site-packages/airflow/example_dags/tutorial.py for tasks to queue
[2021-04-21 19:53:12,731] {logging_mixin.py:104} INFO - [2021-04-21 19:53:12,731] {dagbag.py:448} INFO - Filling up the DagBag from /home/airflow/.local/lib/python3.6/site-packages/airflow/example_dags/tutorial.py
[2021-04-21 19:53:12,742] {scheduler_job.py:639} INFO - DAG(s) dict_keys(['tutorial']) retrieved from /home/airflow/.local/lib/python3.6/site-packages/airflow/example_dags/tutorial.py
[2021-04-21 19:53:12,766] {logging_mixin.py:104} INFO - [2021-04-21 19:53:12,766] {dag.py:1818} INFO - Sync 1 DAGs
[2021-04-21 19:53:12,781] {logging_mixin.py:104} INFO - [2021-04-21 19:53:12,781] {dag.py:2273} INFO - Setting next_dagrun for tutorial to 2021-04-19 00:00:00+00:00
[2021-04-21 19:53:12,791] {scheduler_job.py:190} INFO - Processing /home/airflow/.local/lib/python3.6/site-packages/airflow/example_dags/tutorial.py took 0.067 seconds
[2021-04-21 19:53:42,936] {scheduler_job.py:182} INFO - Started process (PID=93) to work on /home/airflow/.local/lib/python3.6/site-packages/airflow/example_dags/tutorial.py
[2021-04-21 19:53:42,938] {scheduler_job.py:629} INFO - Processing file /home/airflow/.local/lib/python3.6/site-packages/airflow/example_dags/tutorial.py for tasks to queue
[2021-04-21 19:53:42,939] {logging_mixin.py:104} INFO - [2021-04-21 19:53:42,939] {dagbag.py:448} INFO - Filling up the DagBag from /home/airflow/.local/lib/python3.6/site-packages/airflow/example_dags/tutorial.py
[2021-04-21 19:53:42,948] {scheduler_job.py:639} INFO - DAG(s) dict_keys(['tutorial']) retrieved from /home/airflow/.local/lib/python3.6/site-packages/airflow/example_dags/tutorial.py
[2021-04-21 19:53:42,971] {logging_mixin.py:104} INFO - [2021-04-21 19:53:42,971] {dag.py:1818} INFO - Sync 1 DAGs
[2021-04-21 19:53:42,989] {logging_mixin.py:104} INFO - [2021-04-21 19:53:42,989] {dag.py:2273} INFO - Setting next_dagrun for tutorial to 2021-04-19 00:00:00+00:00
[2021-04-21 19:53:43,000] {scheduler_job.py:190} INFO - Processing /home/airflow/.local/lib/python3.6/site-packages/airflow/example_dags/tutorial.py took 0.068 seconds
[2021-04-21 19:54:13,037] {scheduler_job.py:182} INFO - Started process (PID=116) to work on /home/airflow/.local/lib/python3.6/site-packages/airflow/example_dags/tutorial.py
[2021-04-21 19:54:13,039] {scheduler_job.py:629} INFO - Processing file /home/airflow/.local/lib/python3.6/site-packages/airflow/example_dags/tutorial.py for tasks to queue
[2021-04-21 19:54:13,040] {logging_mixin.py:104} INFO - [2021-04-21 19:54:13,040] {dagbag.py:448} INFO - Filling up the DagBag from /home/airflow/.local/lib/python3.6/site-packages/airflow/example_dags/tutorial.py
[2021-04-21 19:54:13,049] {scheduler_job.py:639} INFO - DAG(s) dict_keys(['tutorial']) retrieved from /home/airflow/.local/lib/python3.6/site-packages/airflow/example_dags/tutorial.py
[2021-04-21 19:54:13,072] {logging_mixin.py:104} INFO - [2021-04-21 19:54:13,072] {dag.py:1818} INFO - Sync 1 DAGs
[2021-04-21 19:54:13,088] {logging_mixin.py:104} INFO - [2021-04-21 19:54:13,088] {dag.py:2273} INFO - Setting next_dagrun for tutorial to 2021-04-19 00:00:00+00:00
[2021-04-21 19:54:13,098] {scheduler_job.py:190} INFO - Processing /home/airflow/.local/lib/python3.6/site-packages/airflow/example_dags/tutorial.py took 0.064 seconds
[2021-04-21 19:54:43,299] {scheduler_job.py:182} INFO - Started process (PID=141) to work on /home/airflow/.local/lib/python3.6/site-packages/airflow/example_dags/tutorial.py
[2021-04-21 19:54:43,301] {scheduler_job.py:629} INFO - Processing file /home/airflow/.local/lib/python3.6/site-packages/airflow/example_dags/tutorial.py for tasks to queue
[2021-04-21 19:54:43,303] {logging_mixin.py:104} INFO - [2021-04-21 19:54:43,302] {dagbag.py:448} INFO - Filling up the DagBag from /home/airflow/.local/lib/python3.6/site-packages/airflow/example_dags/tutorial.py
[2021-04-21 19:54:43,313] {scheduler_job.py:639} INFO - DAG(s) dict_keys(['tutorial']) retrieved from /home/airflow/.local/lib/python3.6/site-packages/airflow/example_dags/tutorial.py
[2021-04-21 19:54:43,340] {logging_mixin.py:104} INFO - [2021-04-21 19:54:43,340] {dag.py:1818} INFO - Sync 1 DAGs
[2021-04-21 19:54:43,356] {logging_mixin.py:104} INFO - [2021-04-21 19:54:43,356] {dag.py:2273} INFO - Setting next_dagrun for tutorial to 2021-04-19 00:00:00+00:00
[2021-04-21 19:54:43,365] {scheduler_job.py:190} INFO - Processing /home/airflow/.local/lib/python3.6/site-packages/airflow/example_dags/tutorial.py took 0.070 seconds
[2021-04-21 19:55:13,431] {scheduler_job.py:182} INFO - Started process (PID=167) to work on /home/airflow/.local/lib/python3.6/site-packages/airflow/example_dags/tutorial.py
[2021-04-21 19:55:13,433] {scheduler_job.py:629} INFO - Processing file /home/airflow/.local/lib/python3.6/site-packages/airflow/example_dags/tutorial.py for tasks to queue
[2021-04-21 19:55:13,435] {logging_mixin.py:104} INFO - [2021-04-21 19:55:13,434] {dagbag.py:448} INFO - Filling up the DagBag from /home/airflow/.local/lib/python3.6/site-packages/airflow/example_dags/tutorial.py
[2021-04-21 19:55:13,446] {scheduler_job.py:639} INFO - DAG(s) dict_keys(['tutorial']) retrieved from /home/airflow/.local/lib/python3.6/site-packages/airflow/example_dags/tutorial.py
[2021-04-21 19:55:13,476] {logging_mixin.py:104} INFO - [2021-04-21 19:55:13,475] {dag.py:1818} INFO - Sync 1 DAGs
[2021-04-21 19:55:13,492] {logging_mixin.py:104} INFO - [2021-04-21 19:55:13,492] {dag.py:2273} INFO - Setting next_dagrun for tutorial to 2021-04-19 00:00:00+00:00
[2021-04-21 19:55:13,500] {scheduler_job.py:190} INFO - Processing /home/airflow/.local/lib/python3.6/site-packages/airflow/example_dags/tutorial.py took 0.073 seconds
[2021-04-21 19:55:43,604] {scheduler_job.py:182} INFO - Started process (PID=193) to work on /home/airflow/.local/lib/python3.6/site-packages/airflow/example_dags/tutorial.py
[2021-04-21 19:55:43,606] {scheduler_job.py:629} INFO - Processing file /home/airflow/.local/lib/python3.6/site-packages/airflow/example_dags/tutorial.py for tasks to queue
[2021-04-21 19:55:43,607] {logging_mixin.py:104} INFO - [2021-04-21 19:55:43,607] {dagbag.py:448} INFO - Filling up the DagBag from /home/airflow/.local/lib/python3.6/site-packages/airflow/example_dags/tutorial.py
[2021-04-21 19:55:43,616] {scheduler_job.py:639} INFO - DAG(s) dict_keys(['tutorial']) retrieved from /home/airflow/.local/lib/python3.6/site-packages/airflow/example_dags/tutorial.py
[2021-04-21 19:55:43,638] {logging_mixin.py:104} INFO - [2021-04-21 19:55:43,638] {dag.py:1818} INFO - Sync 1 DAGs
[2021-04-21 19:55:43,655] {logging_mixin.py:104} INFO - [2021-04-21 19:55:43,654] {dag.py:2273} INFO - Setting next_dagrun for tutorial to 2021-04-19 00:00:00+00:00
[2021-04-21 19:55:43,665] {scheduler_job.py:190} INFO - Processing /home/airflow/.local/lib/python3.6/site-packages/airflow/example_dags/tutorial.py took 0.065 seconds
[2021-04-21 19:56:13,972] {scheduler_job.py:182} INFO - Started process (PID=218) to work on /home/airflow/.local/lib/python3.6/site-packages/airflow/example_dags/tutorial.py
[2021-04-21 19:56:13,974] {scheduler_job.py:629} INFO - Processing file /home/airflow/.local/lib/python3.6/site-packages/airflow/example_dags/tutorial.py for tasks to queue
[2021-04-21 19:56:13,975] {logging_mixin.py:104} INFO - [2021-04-21 19:56:13,975] {dagbag.py:448} INFO - Filling up the DagBag from /home/airflow/.local/lib/python3.6/site-packages/airflow/example_dags/tutorial.py
[2021-04-21 19:56:13,985] {scheduler_job.py:639} INFO - DAG(s) dict_keys(['tutorial']) retrieved from /home/airflow/.local/lib/python3.6/site-packages/airflow/example_dags/tutorial.py
[2021-04-21 19:56:14,010] {logging_mixin.py:104} INFO - [2021-04-21 19:56:14,010] {dag.py:1818} INFO - Sync 1 DAGs
[2021-04-21 19:56:14,027] {logging_mixin.py:104} INFO - [2021-04-21 19:56:14,027] {dag.py:2273} INFO - Setting next_dagrun for tutorial to 2021-04-19 00:00:00+00:00
[2021-04-21 19:56:14,035] {scheduler_job.py:190} INFO - Processing /home/airflow/.local/lib/python3.6/site-packages/airflow/example_dags/tutorial.py took 0.066 seconds
[2021-04-21 19:56:44,261] {scheduler_job.py:182} INFO - Started process (PID=244) to work on /home/airflow/.local/lib/python3.6/site-packages/airflow/example_dags/tutorial.py
[2021-04-21 19:56:44,262] {scheduler_job.py:629} INFO - Processing file /home/airflow/.local/lib/python3.6/site-packages/airflow/example_dags/tutorial.py for tasks to queue
[2021-04-21 19:56:44,263] {logging_mixin.py:104} INFO - [2021-04-21 19:56:44,263] {dagbag.py:448} INFO - Filling up the DagBag from /home/airflow/.local/lib/python3.6/site-packages/airflow/example_dags/tutorial.py
[2021-04-21 19:56:44,275] {scheduler_job.py:639} INFO - DAG(s) dict_keys(['tutorial']) retrieved from /home/airflow/.local/lib/python3.6/site-packages/airflow/example_dags/tutorial.py
[2021-04-21 19:56:44,300] {logging_mixin.py:104} INFO - [2021-04-21 19:56:44,300] {dag.py:1818} INFO - Sync 1 DAGs
[2021-04-21 19:56:44,313] {logging_mixin.py:104} INFO - [2021-04-21 19:56:44,313] {dag.py:2273} INFO - Setting next_dagrun for tutorial to 2021-04-19 00:00:00+00:00
[2021-04-21 19:56:44,321] {scheduler_job.py:190} INFO - Processing /home/airflow/.local/lib/python3.6/site-packages/airflow/example_dags/tutorial.py took 0.064 seconds
[2021-04-21 19:57:14,510] {scheduler_job.py:182} INFO - Started process (PID=278) to work on /home/airflow/.local/lib/python3.6/site-packages/airflow/example_dags/tutorial.py
[2021-04-21 19:57:14,512] {scheduler_job.py:629} INFO - Processing file /home/airflow/.local/lib/python3.6/site-packages/airflow/example_dags/tutorial.py for tasks to queue
[2021-04-21 19:57:14,513] {logging_mixin.py:104} INFO - [2021-04-21 19:57:14,513] {dagbag.py:448} INFO - Filling up the DagBag from /home/airflow/.local/lib/python3.6/site-packages/airflow/example_dags/tutorial.py
[2021-04-21 19:57:14,530] {scheduler_job.py:639} INFO - DAG(s) dict_keys(['tutorial']) retrieved from /home/airflow/.local/lib/python3.6/site-packages/airflow/example_dags/tutorial.py
[2021-04-21 19:57:14,553] {logging_mixin.py:104} INFO - [2021-04-21 19:57:14,553] {dag.py:1818} INFO - Sync 1 DAGs
[2021-04-21 19:57:14,571] {logging_mixin.py:104} INFO - [2021-04-21 19:57:14,571] {dag.py:2273} INFO - Setting next_dagrun for tutorial to 2021-04-19 00:00:00+00:00
[2021-04-21 19:57:14,580] {scheduler_job.py:190} INFO - Processing /home/airflow/.local/lib/python3.6/site-packages/airflow/example_dags/tutorial.py took 0.074 seconds
[2021-04-21 19:57:44,654] {scheduler_job.py:182} INFO - Started process (PID=302) to work on /home/airflow/.local/lib/python3.6/site-packages/airflow/example_dags/tutorial.py
[2021-04-21 19:57:44,656] {scheduler_job.py:629} INFO - Processing file /home/airflow/.local/lib/python3.6/site-packages/airflow/example_dags/tutorial.py for tasks to queue
[2021-04-21 19:57:44,657] {logging_mixin.py:104} INFO - [2021-04-21 19:57:44,657] {dagbag.py:448} INFO - Filling up the DagBag from /home/airflow/.local/lib/python3.6/site-packages/airflow/example_dags/tutorial.py
[2021-04-21 19:57:44,666] {scheduler_job.py:639} INFO - DAG(s) dict_keys(['tutorial']) retrieved from /home/airflow/.local/lib/python3.6/site-packages/airflow/example_dags/tutorial.py
[2021-04-21 19:57:44,693] {logging_mixin.py:104} INFO - [2021-04-21 19:57:44,693] {dag.py:1818} INFO - Sync 1 DAGs
[2021-04-21 19:57:44,707] {logging_mixin.py:104} INFO - [2021-04-21 19:57:44,707] {dag.py:2273} INFO - Setting next_dagrun for tutorial to 2021-04-19 00:00:00+00:00
[2021-04-21 19:57:44,719] {scheduler_job.py:190} INFO - Processing /home/airflow/.local/lib/python3.6/site-packages/airflow/example_dags/tutorial.py took 0.069 seconds
[2021-04-21 19:58:14,743] {scheduler_job.py:182} INFO - Started process (PID=325) to work on /home/airflow/.local/lib/python3.6/site-packages/airflow/example_dags/tutorial.py
[2021-04-21 19:58:14,745] {scheduler_job.py:629} INFO - Processing file /home/airflow/.local/lib/python3.6/site-packages/airflow/example_dags/tutorial.py for tasks to queue
[2021-04-21 19:58:14,746] {logging_mixin.py:104} INFO - [2021-04-21 19:58:14,746] {dagbag.py:448} INFO - Filling up the DagBag from /home/airflow/.local/lib/python3.6/site-packages/airflow/example_dags/tutorial.py
[2021-04-21 19:58:14,756] {scheduler_job.py:639} INFO - DAG(s) dict_keys(['tutorial']) retrieved from /home/airflow/.local/lib/python3.6/site-packages/airflow/example_dags/tutorial.py
[2021-04-21 19:58:14,778] {logging_mixin.py:104} INFO - [2021-04-21 19:58:14,778] {dag.py:1818} INFO - Sync 1 DAGs
[2021-04-21 19:58:14,793] {logging_mixin.py:104} INFO - [2021-04-21 19:58:14,793] {dag.py:2273} INFO - Setting next_dagrun for tutorial to 2021-04-19 00:00:00+00:00
[2021-04-21 19:58:14,815] {scheduler_job.py:190} INFO - Processing /home/airflow/.local/lib/python3.6/site-packages/airflow/example_dags/tutorial.py took 0.075 seconds
[2021-04-21 19:58:44,959] {scheduler_job.py:182} INFO - Started process (PID=350) to work on /home/airflow/.local/lib/python3.6/site-packages/airflow/example_dags/tutorial.py
[2021-04-21 19:58:44,961] {scheduler_job.py:629} INFO - Processing file /home/airflow/.local/lib/python3.6/site-packages/airflow/example_dags/tutorial.py for tasks to queue
[2021-04-21 19:58:44,962] {logging_mixin.py:104} INFO - [2021-04-21 19:58:44,962] {dagbag.py:448} INFO - Filling up the DagBag from /home/airflow/.local/lib/python3.6/site-packages/airflow/example_dags/tutorial.py
[2021-04-21 19:58:44,971] {scheduler_job.py:639} INFO - DAG(s) dict_keys(['tutorial']) retrieved from /home/airflow/.local/lib/python3.6/site-packages/airflow/example_dags/tutorial.py
[2021-04-21 19:58:44,993] {logging_mixin.py:104} INFO - [2021-04-21 19:58:44,993] {dag.py:1818} INFO - Sync 1 DAGs
[2021-04-21 19:58:45,012] {logging_mixin.py:104} INFO - [2021-04-21 19:58:45,011] {dag.py:2273} INFO - Setting next_dagrun for tutorial to 2021-04-19 00:00:00+00:00
[2021-04-21 19:58:45,020] {scheduler_job.py:190} INFO - Processing /home/airflow/.local/lib/python3.6/site-packages/airflow/example_dags/tutorial.py took 0.064 seconds
[2021-04-21 19:59:15,352] {scheduler_job.py:182} INFO - Started process (PID=378) to work on /home/airflow/.local/lib/python3.6/site-packages/airflow/example_dags/tutorial.py
[2021-04-21 19:59:15,354] {scheduler_job.py:629} INFO - Processing file /home/airflow/.local/lib/python3.6/site-packages/airflow/example_dags/tutorial.py for tasks to queue
[2021-04-21 19:59:15,355] {logging_mixin.py:104} INFO - [2021-04-21 19:59:15,355] {dagbag.py:448} INFO - Filling up the DagBag from /home/airflow/.local/lib/python3.6/site-packages/airflow/example_dags/tutorial.py
[2021-04-21 19:59:15,369] {scheduler_job.py:639} INFO - DAG(s) dict_keys(['tutorial']) retrieved from /home/airflow/.local/lib/python3.6/site-packages/airflow/example_dags/tutorial.py
[2021-04-21 19:59:15,396] {logging_mixin.py:104} INFO - [2021-04-21 19:59:15,395] {dag.py:1818} INFO - Sync 1 DAGs
[2021-04-21 19:59:15,409] {logging_mixin.py:104} INFO - [2021-04-21 19:59:15,409] {dag.py:2273} INFO - Setting next_dagrun for tutorial to 2021-04-19 00:00:00+00:00
[2021-04-21 19:59:15,420] {scheduler_job.py:190} INFO - Processing /home/airflow/.local/lib/python3.6/site-packages/airflow/example_dags/tutorial.py took 0.071 seconds
[2021-04-21 19:59:45,519] {scheduler_job.py:182} INFO - Started process (PID=407) to work on /home/airflow/.local/lib/python3.6/site-packages/airflow/example_dags/tutorial.py
[2021-04-21 19:59:45,521] {scheduler_job.py:629} INFO - Processing file /home/airflow/.local/lib/python3.6/site-packages/airflow/example_dags/tutorial.py for tasks to queue
[2021-04-21 19:59:45,522] {logging_mixin.py:104} INFO - [2021-04-21 19:59:45,522] {dagbag.py:448} INFO - Filling up the DagBag from /home/airflow/.local/lib/python3.6/site-packages/airflow/example_dags/tutorial.py
[2021-04-21 19:59:45,530] {scheduler_job.py:639} INFO - DAG(s) dict_keys(['tutorial']) retrieved from /home/airflow/.local/lib/python3.6/site-packages/airflow/example_dags/tutorial.py
[2021-04-21 19:59:45,555] {logging_mixin.py:104} INFO - [2021-04-21 19:59:45,554] {dag.py:1818} INFO - Sync 1 DAGs
[2021-04-21 19:59:45,570] {logging_mixin.py:104} INFO - [2021-04-21 19:59:45,569] {dag.py:2273} INFO - Setting next_dagrun for tutorial to 2021-04-19 00:00:00+00:00
[2021-04-21 19:59:45,580] {scheduler_job.py:190} INFO - Processing /home/airflow/.local/lib/python3.6/site-packages/airflow/example_dags/tutorial.py took 0.064 seconds
[2021-04-21 20:00:15,742] {scheduler_job.py:182} INFO - Started process (PID=433) to work on /home/airflow/.local/lib/python3.6/site-packages/airflow/example_dags/tutorial.py
[2021-04-21 20:00:15,745] {scheduler_job.py:629} INFO - Processing file /home/airflow/.local/lib/python3.6/site-packages/airflow/example_dags/tutorial.py for tasks to queue
[2021-04-21 20:00:15,747] {logging_mixin.py:104} INFO - [2021-04-21 20:00:15,747] {dagbag.py:448} INFO - Filling up the DagBag from /home/airflow/.local/lib/python3.6/site-packages/airflow/example_dags/tutorial.py
[2021-04-21 20:00:15,756] {scheduler_job.py:639} INFO - DAG(s) dict_keys(['tutorial']) retrieved from /home/airflow/.local/lib/python3.6/site-packages/airflow/example_dags/tutorial.py
[2021-04-21 20:00:15,780] {logging_mixin.py:104} INFO - [2021-04-21 20:00:15,780] {dag.py:1818} INFO - Sync 1 DAGs
[2021-04-21 20:00:15,796] {logging_mixin.py:104} INFO - [2021-04-21 20:00:15,796] {dag.py:2273} INFO - Setting next_dagrun for tutorial to 2021-04-19 00:00:00+00:00
[2021-04-21 20:00:15,804] {scheduler_job.py:190} INFO - Processing /home/airflow/.local/lib/python3.6/site-packages/airflow/example_dags/tutorial.py took 0.065 seconds
[2021-04-21 20:00:45,947] {scheduler_job.py:182} INFO - Started process (PID=473) to work on /home/airflow/.local/lib/python3.6/site-packages/airflow/example_dags/tutorial.py
[2021-04-21 20:00:45,948] {scheduler_job.py:629} INFO - Processing file /home/airflow/.local/lib/python3.6/site-packages/airflow/example_dags/tutorial.py for tasks to queue
[2021-04-21 20:00:45,950] {logging_mixin.py:104} INFO - [2021-04-21 20:00:45,949] {dagbag.py:448} INFO - Filling up the DagBag from /home/airflow/.local/lib/python3.6/site-packages/airflow/example_dags/tutorial.py
[2021-04-21 20:00:45,959] {scheduler_job.py:639} INFO - DAG(s) dict_keys(['tutorial']) retrieved from /home/airflow/.local/lib/python3.6/site-packages/airflow/example_dags/tutorial.py
[2021-04-21 20:00:45,982] {logging_mixin.py:104} INFO - [2021-04-21 20:00:45,982] {dag.py:1818} INFO - Sync 1 DAGs
[2021-04-21 20:00:45,998] {logging_mixin.py:104} INFO - [2021-04-21 20:00:45,998] {dag.py:2273} INFO - Setting next_dagrun for tutorial to 2021-04-19 00:00:00+00:00
[2021-04-21 20:00:46,007] {scheduler_job.py:190} INFO - Processing /home/airflow/.local/lib/python3.6/site-packages/airflow/example_dags/tutorial.py took 0.063 seconds
[2021-04-21 20:01:16,310] {scheduler_job.py:182} INFO - Started process (PID=500) to work on /home/airflow/.local/lib/python3.6/site-packages/airflow/example_dags/tutorial.py
[2021-04-21 20:01:16,312] {scheduler_job.py:629} INFO - Processing file /home/airflow/.local/lib/python3.6/site-packages/airflow/example_dags/tutorial.py for tasks to queue
[2021-04-21 20:01:16,313] {logging_mixin.py:104} INFO - [2021-04-21 20:01:16,313] {dagbag.py:448} INFO - Filling up the DagBag from /home/airflow/.local/lib/python3.6/site-packages/airflow/example_dags/tutorial.py
[2021-04-21 20:01:16,322] {scheduler_job.py:639} INFO - DAG(s) dict_keys(['tutorial']) retrieved from /home/airflow/.local/lib/python3.6/site-packages/airflow/example_dags/tutorial.py
[2021-04-21 20:01:16,344] {logging_mixin.py:104} INFO - [2021-04-21 20:01:16,343] {dag.py:1818} INFO - Sync 1 DAGs
[2021-04-21 20:01:16,359] {logging_mixin.py:104} INFO - [2021-04-21 20:01:16,358] {dag.py:2273} INFO - Setting next_dagrun for tutorial to 2021-04-19 00:00:00+00:00
[2021-04-21 20:01:16,366] {scheduler_job.py:190} INFO - Processing /home/airflow/.local/lib/python3.6/site-packages/airflow/example_dags/tutorial.py took 0.059 seconds
[2021-04-21 20:01:46,431] {scheduler_job.py:182} INFO - Started process (PID=522) to work on /home/airflow/.local/lib/python3.6/site-packages/airflow/example_dags/tutorial.py
[2021-04-21 20:01:46,433] {scheduler_job.py:629} INFO - Processing file /home/airflow/.local/lib/python3.6/site-packages/airflow/example_dags/tutorial.py for tasks to queue
[2021-04-21 20:01:46,435] {logging_mixin.py:104} INFO - [2021-04-21 20:01:46,434] {dagbag.py:448} INFO - Filling up the DagBag from /home/airflow/.local/lib/python3.6/site-packages/airflow/example_dags/tutorial.py
[2021-04-21 20:01:46,444] {scheduler_job.py:639} INFO - DAG(s) dict_keys(['tutorial']) retrieved from /home/airflow/.local/lib/python3.6/site-packages/airflow/example_dags/tutorial.py
[2021-04-21 20:01:46,468] {logging_mixin.py:104} INFO - [2021-04-21 20:01:46,468] {dag.py:1818} INFO - Sync 1 DAGs
[2021-04-21 20:01:46,484] {logging_mixin.py:104} INFO - [2021-04-21 20:01:46,484] {dag.py:2273} INFO - Setting next_dagrun for tutorial to 2021-04-19 00:00:00+00:00
[2021-04-21 20:01:46,494] {scheduler_job.py:190} INFO - Processing /home/airflow/.local/lib/python3.6/site-packages/airflow/example_dags/tutorial.py took 0.068 seconds
[2021-04-21 20:02:16,694] {scheduler_job.py:182} INFO - Started process (PID=550) to work on /home/airflow/.local/lib/python3.6/site-packages/airflow/example_dags/tutorial.py
[2021-04-21 20:02:16,696] {scheduler_job.py:629} INFO - Processing file /home/airflow/.local/lib/python3.6/site-packages/airflow/example_dags/tutorial.py for tasks to queue
[2021-04-21 20:02:16,697] {logging_mixin.py:104} INFO - [2021-04-21 20:02:16,697] {dagbag.py:448} INFO - Filling up the DagBag from /home/airflow/.local/lib/python3.6/site-packages/airflow/example_dags/tutorial.py
[2021-04-21 20:02:16,708] {scheduler_job.py:639} INFO - DAG(s) dict_keys(['tutorial']) retrieved from /home/airflow/.local/lib/python3.6/site-packages/airflow/example_dags/tutorial.py
[2021-04-21 20:02:16,730] {logging_mixin.py:104} INFO - [2021-04-21 20:02:16,730] {dag.py:1818} INFO - Sync 1 DAGs
[2021-04-21 20:02:16,745] {logging_mixin.py:104} INFO - [2021-04-21 20:02:16,745] {dag.py:2273} INFO - Setting next_dagrun for tutorial to 2021-04-19 00:00:00+00:00
[2021-04-21 20:02:16,757] {scheduler_job.py:190} INFO - Processing /home/airflow/.local/lib/python3.6/site-packages/airflow/example_dags/tutorial.py took 0.067 seconds
