[2021-04-21 20:06:26,011] {taskinstance.py:851} INFO - Dependencies all met for <TaskInstance: docker_sample.sleep 2021-04-19T02:30:00+00:00 [queued]>
[2021-04-21 20:06:26,021] {taskinstance.py:851} INFO - Dependencies all met for <TaskInstance: docker_sample.sleep 2021-04-19T02:30:00+00:00 [queued]>
[2021-04-21 20:06:26,022] {taskinstance.py:1042} INFO - 
--------------------------------------------------------------------------------
[2021-04-21 20:06:26,023] {taskinstance.py:1043} INFO - Starting attempt 1 of 4
[2021-04-21 20:06:26,024] {taskinstance.py:1044} INFO - 
--------------------------------------------------------------------------------
[2021-04-21 20:06:26,039] {taskinstance.py:1063} INFO - Executing <Task(BashOperator): sleep> on 2021-04-19T02:30:00+00:00
[2021-04-21 20:06:26,051] {standard_task_runner.py:76} INFO - Running: ['airflow', 'tasks', 'run', 'docker_sample', 'sleep', '2021-04-19T02:30:00+00:00', '--job-id', '48', '--pool', 'default_pool', '--raw', '--subdir', 'DAGS_FOLDER/dockerOperator.py', '--cfg-path', '/tmp/tmp0fdz75dg', '--error-file', '/tmp/tmp_43_bv5r']
[2021-04-21 20:06:26,047] {standard_task_runner.py:52} INFO - Started process 166 to run task
[2021-04-21 20:06:26,052] {standard_task_runner.py:77} INFO - Job 48: Subtask sleep
[2021-04-21 20:06:26,104] {logging_mixin.py:104} INFO - Running <TaskInstance: docker_sample.sleep 2021-04-19T02:30:00+00:00 [running]> on host 5af2b1cab26e
[2021-04-21 20:06:26,158] {taskinstance.py:1257} INFO - Exporting the following env vars:
AIRFLOW_CTX_DAG_EMAIL=airflow@example.com
AIRFLOW_CTX_DAG_OWNER=airflow
AIRFLOW_CTX_DAG_ID=docker_sample
AIRFLOW_CTX_TASK_ID=sleep
AIRFLOW_CTX_EXECUTION_DATE=2021-04-19T02:30:00+00:00
AIRFLOW_CTX_DAG_RUN_ID=scheduled__2021-04-19T02:30:00+00:00
[2021-04-21 20:06:26,160] {bash.py:135} INFO - Tmp dir root location: 
 /tmp
[2021-04-21 20:06:26,162] {bash.py:158} INFO - Running command: sleep 5
[2021-04-21 20:06:26,171] {bash.py:169} INFO - Output:
[2021-04-21 20:06:31,173] {bash.py:177} INFO - Command exited with return code 0
[2021-04-21 20:06:31,211] {taskinstance.py:1166} INFO - Marking task as SUCCESS. dag_id=docker_sample, task_id=sleep, execution_date=20210419T023000, start_date=20210421T200626, end_date=20210421T200631
[2021-04-21 20:06:31,238] {taskinstance.py:1220} INFO - 0 downstream tasks scheduled from follow-on schedule check
[2021-04-21 20:06:31,272] {local_task_job.py:146} INFO - Task exited with return code 0
[2021-04-21 20:13:16,289] {taskinstance.py:851} INFO - Dependencies all met for <TaskInstance: docker_sample.sleep 2021-04-19T02:30:00+00:00 [queued]>
[2021-04-21 20:13:16,304] {taskinstance.py:851} INFO - Dependencies all met for <TaskInstance: docker_sample.sleep 2021-04-19T02:30:00+00:00 [queued]>
[2021-04-21 20:13:16,305] {taskinstance.py:1042} INFO - 
--------------------------------------------------------------------------------
[2021-04-21 20:13:16,306] {taskinstance.py:1043} INFO - Starting attempt 1 of 4
[2021-04-21 20:13:16,306] {taskinstance.py:1044} INFO - 
--------------------------------------------------------------------------------
[2021-04-21 20:13:16,316] {taskinstance.py:1063} INFO - Executing <Task(BashOperator): sleep> on 2021-04-19T02:30:00+00:00
[2021-04-21 20:13:16,322] {standard_task_runner.py:52} INFO - Started process 213 to run task
[2021-04-21 20:13:16,326] {standard_task_runner.py:76} INFO - Running: ['airflow', 'tasks', 'run', 'docker_sample', 'sleep', '2021-04-19T02:30:00+00:00', '--job-id', '114', '--pool', 'default_pool', '--raw', '--subdir', 'DAGS_FOLDER/dockerOperator.py', '--cfg-path', '/tmp/tmpe8t7opj4', '--error-file', '/tmp/tmprrq9tr7b']
[2021-04-21 20:13:16,328] {standard_task_runner.py:77} INFO - Job 114: Subtask sleep
[2021-04-21 20:13:16,379] {logging_mixin.py:104} INFO - Running <TaskInstance: docker_sample.sleep 2021-04-19T02:30:00+00:00 [running]> on host 5af2b1cab26e
[2021-04-21 20:13:16,440] {taskinstance.py:1257} INFO - Exporting the following env vars:
AIRFLOW_CTX_DAG_EMAIL=airflow@example.com
AIRFLOW_CTX_DAG_OWNER=airflow
AIRFLOW_CTX_DAG_ID=docker_sample
AIRFLOW_CTX_TASK_ID=sleep
AIRFLOW_CTX_EXECUTION_DATE=2021-04-19T02:30:00+00:00
AIRFLOW_CTX_DAG_RUN_ID=scheduled__2021-04-19T02:30:00+00:00
[2021-04-21 20:13:16,441] {bash.py:135} INFO - Tmp dir root location: 
 /tmp
[2021-04-21 20:13:16,442] {bash.py:158} INFO - Running command: sleep 5
[2021-04-21 20:13:16,451] {bash.py:169} INFO - Output:
[2021-04-21 20:13:21,419] {bash.py:177} INFO - Command exited with return code 0
[2021-04-21 20:13:21,445] {taskinstance.py:1166} INFO - Marking task as SUCCESS. dag_id=docker_sample, task_id=sleep, execution_date=20210419T023000, start_date=20210421T201316, end_date=20210421T201321
[2021-04-21 20:13:21,468] {taskinstance.py:1220} INFO - 0 downstream tasks scheduled from follow-on schedule check
[2021-04-21 20:13:21,490] {local_task_job.py:146} INFO - Task exited with return code 0
