[2021-04-27 17:58:56,545] {taskinstance.py:851} INFO - Dependencies all met for <TaskInstance: docker_sample.sleep 2021-04-25T04:50:00+00:00 [queued]>
[2021-04-27 17:58:56,580] {taskinstance.py:851} INFO - Dependencies all met for <TaskInstance: docker_sample.sleep 2021-04-25T04:50:00+00:00 [queued]>
[2021-04-27 17:58:56,581] {taskinstance.py:1042} INFO - 
--------------------------------------------------------------------------------
[2021-04-27 17:58:56,582] {taskinstance.py:1043} INFO - Starting attempt 1 of 4
[2021-04-27 17:58:56,583] {taskinstance.py:1044} INFO - 
--------------------------------------------------------------------------------
[2021-04-27 17:58:56,598] {taskinstance.py:1063} INFO - Executing <Task(BashOperator): sleep> on 2021-04-25T04:50:00+00:00
[2021-04-27 17:58:56,610] {standard_task_runner.py:76} INFO - Running: ['airflow', 'tasks', 'run', 'docker_sample', 'sleep', '2021-04-25T04:50:00+00:00', '--job-id', '118', '--pool', 'default_pool', '--raw', '--subdir', 'DAGS_FOLDER/dockerOperator.py', '--cfg-path', '/tmp/tmpqk_1kq23', '--error-file', '/tmp/tmpuoti_uxy']
[2021-04-27 17:58:56,611] {standard_task_runner.py:77} INFO - Job 118: Subtask sleep
[2021-04-27 17:58:56,605] {standard_task_runner.py:52} INFO - Started process 357 to run task
[2021-04-27 17:58:56,685] {logging_mixin.py:104} INFO - Running <TaskInstance: docker_sample.sleep 2021-04-25T04:50:00+00:00 [running]> on host 44e91a58ae1b
[2021-04-27 17:58:56,752] {taskinstance.py:1257} INFO - Exporting the following env vars:
AIRFLOW_CTX_DAG_EMAIL=airflow@example.com
AIRFLOW_CTX_DAG_OWNER=airflow
AIRFLOW_CTX_DAG_ID=docker_sample
AIRFLOW_CTX_TASK_ID=sleep
AIRFLOW_CTX_EXECUTION_DATE=2021-04-25T04:50:00+00:00
AIRFLOW_CTX_DAG_RUN_ID=scheduled__2021-04-25T04:50:00+00:00
[2021-04-27 17:58:56,754] {bash.py:135} INFO - Tmp dir root location: 
 /tmp
[2021-04-27 17:58:56,755] {bash.py:158} INFO - Running command: sleep 5
[2021-04-27 17:58:56,765] {bash.py:169} INFO - Output:
[2021-04-27 17:59:01,733] {bash.py:177} INFO - Command exited with return code 0
[2021-04-27 17:59:01,800] {taskinstance.py:1166} INFO - Marking task as SUCCESS. dag_id=docker_sample, task_id=sleep, execution_date=20210425T045000, start_date=20210427T175856, end_date=20210427T175901
[2021-04-27 17:59:01,856] {taskinstance.py:1220} INFO - 0 downstream tasks scheduled from follow-on schedule check
[2021-04-27 17:59:01,875] {local_task_job.py:146} INFO - Task exited with return code 0
