[2021-04-21 20:15:13,474] {taskinstance.py:851} INFO - Dependencies all met for <TaskInstance: docker_sample.print_hello 2021-04-19T07:10:00+00:00 [queued]>
[2021-04-21 20:15:13,520] {taskinstance.py:851} INFO - Dependencies all met for <TaskInstance: docker_sample.print_hello 2021-04-19T07:10:00+00:00 [queued]>
[2021-04-21 20:15:13,521] {taskinstance.py:1042} INFO - 
--------------------------------------------------------------------------------
[2021-04-21 20:15:13,522] {taskinstance.py:1043} INFO - Starting attempt 1 of 2
[2021-04-21 20:15:13,523] {taskinstance.py:1044} INFO - 
--------------------------------------------------------------------------------
[2021-04-21 20:15:13,545] {taskinstance.py:1063} INFO - Executing <Task(BashOperator): print_hello> on 2021-04-19T07:10:00+00:00
[2021-04-21 20:15:13,555] {standard_task_runner.py:52} INFO - Started process 560 to run task
[2021-04-21 20:15:13,569] {standard_task_runner.py:76} INFO - Running: ['airflow', 'tasks', 'run', 'docker_sample', 'print_hello', '2021-04-19T07:10:00+00:00', '--job-id', '242', '--pool', 'default_pool', '--raw', '--subdir', 'DAGS_FOLDER/dockerOperator.py', '--cfg-path', '/tmp/tmp98jiaztq', '--error-file', '/tmp/tmp_1663p8a']
[2021-04-21 20:15:13,571] {standard_task_runner.py:77} INFO - Job 242: Subtask print_hello
[2021-04-21 20:15:13,647] {logging_mixin.py:104} INFO - Running <TaskInstance: docker_sample.print_hello 2021-04-19T07:10:00+00:00 [running]> on host 5af2b1cab26e
[2021-04-21 20:15:13,741] {taskinstance.py:1257} INFO - Exporting the following env vars:
AIRFLOW_CTX_DAG_EMAIL=airflow@example.com
AIRFLOW_CTX_DAG_OWNER=airflow
AIRFLOW_CTX_DAG_ID=docker_sample
AIRFLOW_CTX_TASK_ID=print_hello
AIRFLOW_CTX_EXECUTION_DATE=2021-04-19T07:10:00+00:00
AIRFLOW_CTX_DAG_RUN_ID=scheduled__2021-04-19T07:10:00+00:00
[2021-04-21 20:15:13,743] {bash.py:135} INFO - Tmp dir root location: 
 /tmp
[2021-04-21 20:15:13,745] {bash.py:158} INFO - Running command: echo "hello world!!!"
[2021-04-21 20:15:13,761] {bash.py:169} INFO - Output:
[2021-04-21 20:15:13,763] {bash.py:173} INFO - hello world!!!
[2021-04-21 20:15:13,764] {bash.py:177} INFO - Command exited with return code 0
[2021-04-21 20:15:13,832] {taskinstance.py:1166} INFO - Marking task as SUCCESS. dag_id=docker_sample, task_id=print_hello, execution_date=20210419T071000, start_date=20210421T201513, end_date=20210421T201513
[2021-04-21 20:15:13,915] {taskinstance.py:1220} INFO - 0 downstream tasks scheduled from follow-on schedule check
[2021-04-21 20:15:13,943] {local_task_job.py:146} INFO - Task exited with return code 0
