[2021-04-27 17:58:11,946] {taskinstance.py:851} INFO - Dependencies all met for <TaskInstance: docker_sample.print_hello 2021-04-25T02:30:00+00:00 [queued]>
[2021-04-27 17:58:11,961] {taskinstance.py:851} INFO - Dependencies all met for <TaskInstance: docker_sample.print_hello 2021-04-25T02:30:00+00:00 [queued]>
[2021-04-27 17:58:11,962] {taskinstance.py:1042} INFO - 
--------------------------------------------------------------------------------
[2021-04-27 17:58:11,963] {taskinstance.py:1043} INFO - Starting attempt 1 of 2
[2021-04-27 17:58:11,963] {taskinstance.py:1044} INFO - 
--------------------------------------------------------------------------------
[2021-04-27 17:58:11,972] {taskinstance.py:1063} INFO - Executing <Task(BashOperator): print_hello> on 2021-04-25T02:30:00+00:00
[2021-04-27 17:58:11,977] {standard_task_runner.py:52} INFO - Started process 216 to run task
[2021-04-27 17:58:11,981] {standard_task_runner.py:76} INFO - Running: ['airflow', 'tasks', 'run', 'docker_sample', 'print_hello', '2021-04-25T02:30:00+00:00', '--job-id', '65', '--pool', 'default_pool', '--raw', '--subdir', 'DAGS_FOLDER/dockerOperator.py', '--cfg-path', '/tmp/tmp1e6hnz2k', '--error-file', '/tmp/tmpxqbt8umx']
[2021-04-27 17:58:11,983] {standard_task_runner.py:77} INFO - Job 65: Subtask print_hello
[2021-04-27 17:58:12,039] {logging_mixin.py:104} INFO - Running <TaskInstance: docker_sample.print_hello 2021-04-25T02:30:00+00:00 [running]> on host 44e91a58ae1b
[2021-04-27 17:58:12,082] {taskinstance.py:1257} INFO - Exporting the following env vars:
AIRFLOW_CTX_DAG_EMAIL=airflow@example.com
AIRFLOW_CTX_DAG_OWNER=airflow
AIRFLOW_CTX_DAG_ID=docker_sample
AIRFLOW_CTX_TASK_ID=print_hello
AIRFLOW_CTX_EXECUTION_DATE=2021-04-25T02:30:00+00:00
AIRFLOW_CTX_DAG_RUN_ID=scheduled__2021-04-25T02:30:00+00:00
[2021-04-27 17:58:12,083] {bash.py:135} INFO - Tmp dir root location: 
 /tmp
[2021-04-27 17:58:12,085] {bash.py:158} INFO - Running command: echo "hello world!!!"
[2021-04-27 17:58:12,096] {bash.py:169} INFO - Output:
[2021-04-27 17:58:12,098] {bash.py:173} INFO - hello world!!!
[2021-04-27 17:58:12,099] {bash.py:177} INFO - Command exited with return code 0
[2021-04-27 17:58:12,134] {taskinstance.py:1166} INFO - Marking task as SUCCESS. dag_id=docker_sample, task_id=print_hello, execution_date=20210425T023000, start_date=20210427T175811, end_date=20210427T175812
[2021-04-27 17:58:12,163] {taskinstance.py:1220} INFO - 0 downstream tasks scheduled from follow-on schedule check
[2021-04-27 17:58:12,198] {local_task_job.py:146} INFO - Task exited with return code 0
