[2021-05-02 11:27:22,895] {taskinstance.py:851} INFO - Dependencies all met for <TaskInstance: docker_ansible_sample.sleep 2021-05-02T11:27:21.026492+00:00 [queued]>
[2021-05-02 11:27:22,908] {taskinstance.py:851} INFO - Dependencies all met for <TaskInstance: docker_ansible_sample.sleep 2021-05-02T11:27:21.026492+00:00 [queued]>
[2021-05-02 11:27:22,909] {taskinstance.py:1042} INFO - 
--------------------------------------------------------------------------------
[2021-05-02 11:27:22,910] {taskinstance.py:1043} INFO - Starting attempt 1 of 4
[2021-05-02 11:27:22,911] {taskinstance.py:1044} INFO - 
--------------------------------------------------------------------------------
[2021-05-02 11:27:22,925] {taskinstance.py:1063} INFO - Executing <Task(BashOperator): sleep> on 2021-05-02T11:27:21.026492+00:00
[2021-05-02 11:27:22,929] {standard_task_runner.py:52} INFO - Started process 69 to run task
[2021-05-02 11:27:22,935] {standard_task_runner.py:76} INFO - Running: ['airflow', 'tasks', 'run', 'docker_ansible_sample', 'sleep', '2021-05-02T11:27:21.026492+00:00', '--job-id', '13', '--pool', 'default_pool', '--raw', '--subdir', 'DAGS_FOLDER/dockerAnsibleOperator.py', '--cfg-path', '/tmp/tmplevaabvw', '--error-file', '/tmp/tmp513ggt2y']
[2021-05-02 11:27:22,936] {standard_task_runner.py:77} INFO - Job 13: Subtask sleep
[2021-05-02 11:27:22,985] {logging_mixin.py:104} INFO - Running <TaskInstance: docker_ansible_sample.sleep 2021-05-02T11:27:21.026492+00:00 [running]> on host 04b8837eb843
[2021-05-02 11:27:23,038] {taskinstance.py:1257} INFO - Exporting the following env vars:
AIRFLOW_CTX_DAG_EMAIL=airflow@example.com
AIRFLOW_CTX_DAG_OWNER=airflow
AIRFLOW_CTX_DAG_ID=docker_ansible_sample
AIRFLOW_CTX_TASK_ID=sleep
AIRFLOW_CTX_EXECUTION_DATE=2021-05-02T11:27:21.026492+00:00
AIRFLOW_CTX_DAG_RUN_ID=manual__2021-05-02T11:27:21.026492+00:00
[2021-05-02 11:27:23,040] {bash.py:135} INFO - Tmp dir root location: 
 /tmp
[2021-05-02 11:27:23,041] {bash.py:158} INFO - Running command: sleep 5
[2021-05-02 11:27:23,050] {bash.py:169} INFO - Output:
[2021-05-02 11:27:28,053] {bash.py:177} INFO - Command exited with return code 0
[2021-05-02 11:27:28,082] {taskinstance.py:1166} INFO - Marking task as SUCCESS. dag_id=docker_ansible_sample, task_id=sleep, execution_date=20210502T112721, start_date=20210502T112722, end_date=20210502T112728
[2021-05-02 11:27:28,108] {taskinstance.py:1220} INFO - 0 downstream tasks scheduled from follow-on schedule check
[2021-05-02 11:27:28,131] {local_task_job.py:146} INFO - Task exited with return code 0
