[2021-04-21 20:16:38,763] {taskinstance.py:851} INFO - Dependencies all met for <TaskInstance: docker_sample.print_date 2021-04-19T12:50:00+00:00 [queued]>
[2021-04-21 20:16:38,779] {taskinstance.py:851} INFO - Dependencies all met for <TaskInstance: docker_sample.print_date 2021-04-19T12:50:00+00:00 [queued]>
[2021-04-21 20:16:38,780] {taskinstance.py:1042} INFO - 
--------------------------------------------------------------------------------
[2021-04-21 20:16:38,781] {taskinstance.py:1043} INFO - Starting attempt 1 of 2
[2021-04-21 20:16:38,781] {taskinstance.py:1044} INFO - 
--------------------------------------------------------------------------------
[2021-04-21 20:16:38,790] {taskinstance.py:1063} INFO - Executing <Task(BashOperator): print_date> on 2021-04-19T12:50:00+00:00
[2021-04-21 20:16:38,799] {standard_task_runner.py:76} INFO - Running: ['airflow', 'tasks', 'run', 'docker_sample', 'print_date', '2021-04-19T12:50:00+00:00', '--job-id', '333', '--pool', 'default_pool', '--raw', '--subdir', 'DAGS_FOLDER/dockerOperator.py', '--cfg-path', '/tmp/tmpe1hvjxtq', '--error-file', '/tmp/tmpgcoy0yzz']
[2021-04-21 20:16:38,800] {standard_task_runner.py:77} INFO - Job 333: Subtask print_date
[2021-04-21 20:16:38,794] {standard_task_runner.py:52} INFO - Started process 818 to run task
[2021-04-21 20:16:38,846] {logging_mixin.py:104} INFO - Running <TaskInstance: docker_sample.print_date 2021-04-19T12:50:00+00:00 [running]> on host 5af2b1cab26e
[2021-04-21 20:16:38,884] {taskinstance.py:1257} INFO - Exporting the following env vars:
AIRFLOW_CTX_DAG_EMAIL=airflow@example.com
AIRFLOW_CTX_DAG_OWNER=airflow
AIRFLOW_CTX_DAG_ID=docker_sample
AIRFLOW_CTX_TASK_ID=print_date
AIRFLOW_CTX_EXECUTION_DATE=2021-04-19T12:50:00+00:00
AIRFLOW_CTX_DAG_RUN_ID=scheduled__2021-04-19T12:50:00+00:00
[2021-04-21 20:16:38,885] {bash.py:135} INFO - Tmp dir root location: 
 /tmp
[2021-04-21 20:16:38,887] {bash.py:158} INFO - Running command: date
[2021-04-21 20:16:38,897] {bash.py:169} INFO - Output:
[2021-04-21 20:16:38,898] {bash.py:173} INFO - Wed Apr 21 20:16:38 UTC 2021
[2021-04-21 20:16:38,899] {bash.py:177} INFO - Command exited with return code 0
[2021-04-21 20:16:38,926] {taskinstance.py:1166} INFO - Marking task as SUCCESS. dag_id=docker_sample, task_id=print_date, execution_date=20210419T125000, start_date=20210421T201638, end_date=20210421T201638
[2021-04-21 20:16:38,955] {taskinstance.py:1220} INFO - 2 downstream tasks scheduled from follow-on schedule check
[2021-04-21 20:16:38,976] {local_task_job.py:146} INFO - Task exited with return code 0
