[2021-04-21 20:06:19,806] {taskinstance.py:851} INFO - Dependencies all met for <TaskInstance: docker_sample.sleep 2021-04-19T00:50:00+00:00 [queued]>
[2021-04-21 20:06:19,841] {taskinstance.py:851} INFO - Dependencies all met for <TaskInstance: docker_sample.sleep 2021-04-19T00:50:00+00:00 [queued]>
[2021-04-21 20:06:19,842] {taskinstance.py:1042} INFO - 
--------------------------------------------------------------------------------
[2021-04-21 20:06:19,846] {taskinstance.py:1043} INFO - Starting attempt 1 of 4
[2021-04-21 20:06:19,847] {taskinstance.py:1044} INFO - 
--------------------------------------------------------------------------------
[2021-04-21 20:06:19,919] {taskinstance.py:1063} INFO - Executing <Task(BashOperator): sleep> on 2021-04-19T00:50:00+00:00
[2021-04-21 20:06:19,928] {standard_task_runner.py:52} INFO - Started process 92 to run task
[2021-04-21 20:06:19,950] {standard_task_runner.py:76} INFO - Running: ['airflow', 'tasks', 'run', 'docker_sample', 'sleep', '2021-04-19T00:50:00+00:00', '--job-id', '18', '--pool', 'default_pool', '--raw', '--subdir', 'DAGS_FOLDER/dockerOperator.py', '--cfg-path', '/tmp/tmpa1_s7rck', '--error-file', '/tmp/tmpmzqi2w63']
[2021-04-21 20:06:19,953] {standard_task_runner.py:77} INFO - Job 18: Subtask sleep
[2021-04-21 20:06:20,078] {logging_mixin.py:104} INFO - Running <TaskInstance: docker_sample.sleep 2021-04-19T00:50:00+00:00 [running]> on host 5af2b1cab26e
[2021-04-21 20:06:20,170] {taskinstance.py:1257} INFO - Exporting the following env vars:
AIRFLOW_CTX_DAG_EMAIL=airflow@example.com
AIRFLOW_CTX_DAG_OWNER=airflow
AIRFLOW_CTX_DAG_ID=docker_sample
AIRFLOW_CTX_TASK_ID=sleep
AIRFLOW_CTX_EXECUTION_DATE=2021-04-19T00:50:00+00:00
AIRFLOW_CTX_DAG_RUN_ID=scheduled__2021-04-19T00:50:00+00:00
[2021-04-21 20:06:20,171] {bash.py:135} INFO - Tmp dir root location: 
 /tmp
[2021-04-21 20:06:20,178] {bash.py:158} INFO - Running command: sleep 5
[2021-04-21 20:06:20,299] {bash.py:169} INFO - Output:
[2021-04-21 20:06:25,274] {bash.py:177} INFO - Command exited with return code 0
[2021-04-21 20:06:25,307] {taskinstance.py:1166} INFO - Marking task as SUCCESS. dag_id=docker_sample, task_id=sleep, execution_date=20210419T005000, start_date=20210421T200619, end_date=20210421T200625
[2021-04-21 20:06:25,339] {taskinstance.py:1220} INFO - 0 downstream tasks scheduled from follow-on schedule check
[2021-04-21 20:06:25,385] {local_task_job.py:146} INFO - Task exited with return code 0
[2021-04-21 20:12:26,226] {taskinstance.py:851} INFO - Dependencies all met for <TaskInstance: docker_sample.sleep 2021-04-19T00:50:00+00:00 [queued]>
[2021-04-21 20:12:26,265] {taskinstance.py:851} INFO - Dependencies all met for <TaskInstance: docker_sample.sleep 2021-04-19T00:50:00+00:00 [queued]>
[2021-04-21 20:12:26,270] {taskinstance.py:1042} INFO - 
--------------------------------------------------------------------------------
[2021-04-21 20:12:26,271] {taskinstance.py:1043} INFO - Starting attempt 1 of 4
[2021-04-21 20:12:26,271] {taskinstance.py:1044} INFO - 
--------------------------------------------------------------------------------
[2021-04-21 20:12:26,282] {taskinstance.py:1063} INFO - Executing <Task(BashOperator): sleep> on 2021-04-19T00:50:00+00:00
[2021-04-21 20:12:26,293] {standard_task_runner.py:52} INFO - Started process 96 to run task
[2021-04-21 20:12:26,311] {standard_task_runner.py:76} INFO - Running: ['airflow', 'tasks', 'run', 'docker_sample', 'sleep', '2021-04-19T00:50:00+00:00', '--job-id', '71', '--pool', 'default_pool', '--raw', '--subdir', 'DAGS_FOLDER/dockerOperator.py', '--cfg-path', '/tmp/tmpp0s14xv0', '--error-file', '/tmp/tmpghobg3kj']
[2021-04-21 20:12:26,320] {standard_task_runner.py:77} INFO - Job 71: Subtask sleep
[2021-04-21 20:12:26,402] {logging_mixin.py:104} INFO - Running <TaskInstance: docker_sample.sleep 2021-04-19T00:50:00+00:00 [running]> on host 5af2b1cab26e
[2021-04-21 20:12:26,456] {taskinstance.py:1257} INFO - Exporting the following env vars:
AIRFLOW_CTX_DAG_EMAIL=airflow@example.com
AIRFLOW_CTX_DAG_OWNER=airflow
AIRFLOW_CTX_DAG_ID=docker_sample
AIRFLOW_CTX_TASK_ID=sleep
AIRFLOW_CTX_EXECUTION_DATE=2021-04-19T00:50:00+00:00
AIRFLOW_CTX_DAG_RUN_ID=scheduled__2021-04-19T00:50:00+00:00
[2021-04-21 20:12:26,458] {bash.py:135} INFO - Tmp dir root location: 
 /tmp
[2021-04-21 20:12:26,459] {bash.py:158} INFO - Running command: sleep 5
[2021-04-21 20:12:26,473] {bash.py:169} INFO - Output:
[2021-04-21 20:12:31,479] {bash.py:177} INFO - Command exited with return code 0
[2021-04-21 20:12:31,508] {taskinstance.py:1166} INFO - Marking task as SUCCESS. dag_id=docker_sample, task_id=sleep, execution_date=20210419T005000, start_date=20210421T201226, end_date=20210421T201231
[2021-04-21 20:12:31,530] {taskinstance.py:1220} INFO - 0 downstream tasks scheduled from follow-on schedule check
[2021-04-21 20:12:31,541] {local_task_job.py:146} INFO - Task exited with return code 0
