[2021-04-21 20:06:21,930] {taskinstance.py:851} INFO - Dependencies all met for <TaskInstance: docker_sample.sleep 2021-04-19T01:20:00+00:00 [queued]>
[2021-04-21 20:06:21,969] {taskinstance.py:851} INFO - Dependencies all met for <TaskInstance: docker_sample.sleep 2021-04-19T01:20:00+00:00 [queued]>
[2021-04-21 20:06:21,972] {taskinstance.py:1042} INFO - 
--------------------------------------------------------------------------------
[2021-04-21 20:06:21,973] {taskinstance.py:1043} INFO - Starting attempt 1 of 4
[2021-04-21 20:06:21,974] {taskinstance.py:1044} INFO - 
--------------------------------------------------------------------------------
[2021-04-21 20:06:22,003] {taskinstance.py:1063} INFO - Executing <Task(BashOperator): sleep> on 2021-04-19T01:20:00+00:00
[2021-04-21 20:06:22,011] {standard_task_runner.py:52} INFO - Started process 126 to run task
[2021-04-21 20:06:22,048] {standard_task_runner.py:76} INFO - Running: ['airflow', 'tasks', 'run', 'docker_sample', 'sleep', '2021-04-19T01:20:00+00:00', '--job-id', '31', '--pool', 'default_pool', '--raw', '--subdir', 'DAGS_FOLDER/dockerOperator.py', '--cfg-path', '/tmp/tmp8qawiagz', '--error-file', '/tmp/tmpk6m_2vq9']
[2021-04-21 20:06:22,050] {standard_task_runner.py:77} INFO - Job 31: Subtask sleep
[2021-04-21 20:06:22,181] {logging_mixin.py:104} INFO - Running <TaskInstance: docker_sample.sleep 2021-04-19T01:20:00+00:00 [running]> on host 5af2b1cab26e
[2021-04-21 20:06:22,273] {taskinstance.py:1257} INFO - Exporting the following env vars:
AIRFLOW_CTX_DAG_EMAIL=airflow@example.com
AIRFLOW_CTX_DAG_OWNER=airflow
AIRFLOW_CTX_DAG_ID=docker_sample
AIRFLOW_CTX_TASK_ID=sleep
AIRFLOW_CTX_EXECUTION_DATE=2021-04-19T01:20:00+00:00
AIRFLOW_CTX_DAG_RUN_ID=scheduled__2021-04-19T01:20:00+00:00
[2021-04-21 20:06:22,275] {bash.py:135} INFO - Tmp dir root location: 
 /tmp
[2021-04-21 20:06:22,278] {bash.py:158} INFO - Running command: sleep 5
[2021-04-21 20:06:22,306] {bash.py:169} INFO - Output:
[2021-04-21 20:06:27,311] {bash.py:177} INFO - Command exited with return code 0
[2021-04-21 20:06:27,339] {taskinstance.py:1166} INFO - Marking task as SUCCESS. dag_id=docker_sample, task_id=sleep, execution_date=20210419T012000, start_date=20210421T200621, end_date=20210421T200627
[2021-04-21 20:06:27,361] {taskinstance.py:1220} INFO - 0 downstream tasks scheduled from follow-on schedule check
[2021-04-21 20:06:27,401] {local_task_job.py:146} INFO - Task exited with return code 0
[2021-04-21 20:13:13,807] {taskinstance.py:851} INFO - Dependencies all met for <TaskInstance: docker_sample.sleep 2021-04-19T01:20:00+00:00 [queued]>
[2021-04-21 20:13:13,874] {taskinstance.py:851} INFO - Dependencies all met for <TaskInstance: docker_sample.sleep 2021-04-19T01:20:00+00:00 [queued]>
[2021-04-21 20:13:13,879] {taskinstance.py:1042} INFO - 
--------------------------------------------------------------------------------
[2021-04-21 20:13:13,880] {taskinstance.py:1043} INFO - Starting attempt 1 of 4
[2021-04-21 20:13:13,881] {taskinstance.py:1044} INFO - 
--------------------------------------------------------------------------------
[2021-04-21 20:13:13,898] {taskinstance.py:1063} INFO - Executing <Task(BashOperator): sleep> on 2021-04-19T01:20:00+00:00
[2021-04-21 20:13:13,907] {standard_task_runner.py:52} INFO - Started process 166 to run task
[2021-04-21 20:13:13,940] {standard_task_runner.py:76} INFO - Running: ['airflow', 'tasks', 'run', 'docker_sample', 'sleep', '2021-04-19T01:20:00+00:00', '--job-id', '95', '--pool', 'default_pool', '--raw', '--subdir', 'DAGS_FOLDER/dockerOperator.py', '--cfg-path', '/tmp/tmpup3p8stn', '--error-file', '/tmp/tmpf05lxod_']
[2021-04-21 20:13:13,943] {standard_task_runner.py:77} INFO - Job 95: Subtask sleep
[2021-04-21 20:13:14,077] {logging_mixin.py:104} INFO - Running <TaskInstance: docker_sample.sleep 2021-04-19T01:20:00+00:00 [running]> on host 5af2b1cab26e
[2021-04-21 20:13:14,176] {taskinstance.py:1257} INFO - Exporting the following env vars:
AIRFLOW_CTX_DAG_EMAIL=airflow@example.com
AIRFLOW_CTX_DAG_OWNER=airflow
AIRFLOW_CTX_DAG_ID=docker_sample
AIRFLOW_CTX_TASK_ID=sleep
AIRFLOW_CTX_EXECUTION_DATE=2021-04-19T01:20:00+00:00
AIRFLOW_CTX_DAG_RUN_ID=scheduled__2021-04-19T01:20:00+00:00
[2021-04-21 20:13:14,178] {bash.py:135} INFO - Tmp dir root location: 
 /tmp
[2021-04-21 20:13:14,180] {bash.py:158} INFO - Running command: sleep 5
[2021-04-21 20:13:14,237] {bash.py:169} INFO - Output:
[2021-04-21 20:13:19,241] {bash.py:177} INFO - Command exited with return code 0
[2021-04-21 20:13:19,268] {taskinstance.py:1166} INFO - Marking task as SUCCESS. dag_id=docker_sample, task_id=sleep, execution_date=20210419T012000, start_date=20210421T201313, end_date=20210421T201319
[2021-04-21 20:13:19,294] {taskinstance.py:1220} INFO - 0 downstream tasks scheduled from follow-on schedule check
[2021-04-21 20:13:19,304] {local_task_job.py:146} INFO - Task exited with return code 0
