[2021-04-21 20:17:34,613] {taskinstance.py:851} INFO - Dependencies all met for <TaskInstance: docker_sample.sleep 2021-04-19T13:40:00+00:00 [queued]>
[2021-04-21 20:17:34,639] {taskinstance.py:851} INFO - Dependencies all met for <TaskInstance: docker_sample.sleep 2021-04-19T13:40:00+00:00 [queued]>
[2021-04-21 20:17:34,640] {taskinstance.py:1042} INFO - 
--------------------------------------------------------------------------------
[2021-04-21 20:17:34,642] {taskinstance.py:1043} INFO - Starting attempt 1 of 4
[2021-04-21 20:17:34,643] {taskinstance.py:1044} INFO - 
--------------------------------------------------------------------------------
[2021-04-21 20:17:34,682] {taskinstance.py:1063} INFO - Executing <Task(BashOperator): sleep> on 2021-04-19T13:40:00+00:00
[2021-04-21 20:17:34,704] {standard_task_runner.py:76} INFO - Running: ['airflow', 'tasks', 'run', 'docker_sample', 'sleep', '2021-04-19T13:40:00+00:00', '--job-id', '384', '--pool', 'default_pool', '--raw', '--subdir', 'DAGS_FOLDER/dockerOperator.py', '--cfg-path', '/tmp/tmpk1ysjv1t', '--error-file', '/tmp/tmpzk36bh20']
[2021-04-21 20:17:34,706] {standard_task_runner.py:77} INFO - Job 384: Subtask sleep
[2021-04-21 20:17:34,692] {standard_task_runner.py:52} INFO - Started process 960 to run task
[2021-04-21 20:17:34,806] {logging_mixin.py:104} INFO - Running <TaskInstance: docker_sample.sleep 2021-04-19T13:40:00+00:00 [running]> on host 5af2b1cab26e
[2021-04-21 20:17:34,885] {taskinstance.py:1257} INFO - Exporting the following env vars:
AIRFLOW_CTX_DAG_EMAIL=airflow@example.com
AIRFLOW_CTX_DAG_OWNER=airflow
AIRFLOW_CTX_DAG_ID=docker_sample
AIRFLOW_CTX_TASK_ID=sleep
AIRFLOW_CTX_EXECUTION_DATE=2021-04-19T13:40:00+00:00
AIRFLOW_CTX_DAG_RUN_ID=scheduled__2021-04-19T13:40:00+00:00
[2021-04-21 20:17:34,887] {bash.py:135} INFO - Tmp dir root location: 
 /tmp
[2021-04-21 20:17:34,888] {bash.py:158} INFO - Running command: sleep 5
[2021-04-21 20:17:34,920] {bash.py:169} INFO - Output:
[2021-04-21 20:17:39,929] {bash.py:177} INFO - Command exited with return code 0
[2021-04-21 20:17:39,963] {taskinstance.py:1166} INFO - Marking task as SUCCESS. dag_id=docker_sample, task_id=sleep, execution_date=20210419T134000, start_date=20210421T201734, end_date=20210421T201739
[2021-04-21 20:17:39,997] {taskinstance.py:1220} INFO - 0 downstream tasks scheduled from follow-on schedule check
[2021-04-21 20:17:40,047] {local_task_job.py:146} INFO - Task exited with return code 0
