[2021-04-21 20:06:20,303] {taskinstance.py:851} INFO - Dependencies all met for <TaskInstance: docker_sample.print_date 2021-04-19T01:20:00+00:00 [queued]>
[2021-04-21 20:06:20,410] {taskinstance.py:851} INFO - Dependencies all met for <TaskInstance: docker_sample.print_date 2021-04-19T01:20:00+00:00 [queued]>
[2021-04-21 20:06:20,411] {taskinstance.py:1042} INFO - 
--------------------------------------------------------------------------------
[2021-04-21 20:06:20,412] {taskinstance.py:1043} INFO - Starting attempt 1 of 2
[2021-04-21 20:06:20,414] {taskinstance.py:1044} INFO - 
--------------------------------------------------------------------------------
[2021-04-21 20:06:20,451] {taskinstance.py:1063} INFO - Executing <Task(BashOperator): print_date> on 2021-04-19T01:20:00+00:00
[2021-04-21 20:06:20,483] {standard_task_runner.py:76} INFO - Running: ['airflow', 'tasks', 'run', 'docker_sample', 'print_date', '2021-04-19T01:20:00+00:00', '--job-id', '22', '--pool', 'default_pool', '--raw', '--subdir', 'DAGS_FOLDER/dockerOperator.py', '--cfg-path', '/tmp/tmpgbn1_f5y', '--error-file', '/tmp/tmpfwkliyiu']
[2021-04-21 20:06:20,486] {standard_task_runner.py:77} INFO - Job 22: Subtask print_date
[2021-04-21 20:06:20,476] {standard_task_runner.py:52} INFO - Started process 101 to run task
[2021-04-21 20:06:20,679] {logging_mixin.py:104} INFO - Running <TaskInstance: docker_sample.print_date 2021-04-19T01:20:00+00:00 [running]> on host 5af2b1cab26e
[2021-04-21 20:06:20,795] {taskinstance.py:1257} INFO - Exporting the following env vars:
AIRFLOW_CTX_DAG_EMAIL=airflow@example.com
AIRFLOW_CTX_DAG_OWNER=airflow
AIRFLOW_CTX_DAG_ID=docker_sample
AIRFLOW_CTX_TASK_ID=print_date
AIRFLOW_CTX_EXECUTION_DATE=2021-04-19T01:20:00+00:00
AIRFLOW_CTX_DAG_RUN_ID=scheduled__2021-04-19T01:20:00+00:00
[2021-04-21 20:06:20,798] {bash.py:135} INFO - Tmp dir root location: 
 /tmp
[2021-04-21 20:06:20,800] {bash.py:158} INFO - Running command: date
[2021-04-21 20:06:20,821] {bash.py:169} INFO - Output:
[2021-04-21 20:06:20,825] {bash.py:173} INFO - Wed Apr 21 20:06:20 UTC 2021
[2021-04-21 20:06:20,827] {bash.py:177} INFO - Command exited with return code 0
[2021-04-21 20:06:20,899] {taskinstance.py:1166} INFO - Marking task as SUCCESS. dag_id=docker_sample, task_id=print_date, execution_date=20210419T012000, start_date=20210421T200620, end_date=20210421T200620
[2021-04-21 20:06:20,976] {taskinstance.py:1220} INFO - 2 downstream tasks scheduled from follow-on schedule check
[2021-04-21 20:06:21,023] {local_task_job.py:146} INFO - Task exited with return code 0
[2021-04-21 20:12:26,100] {taskinstance.py:851} INFO - Dependencies all met for <TaskInstance: docker_sample.print_date 2021-04-19T01:20:00+00:00 [queued]>
[2021-04-21 20:12:26,122] {taskinstance.py:851} INFO - Dependencies all met for <TaskInstance: docker_sample.print_date 2021-04-19T01:20:00+00:00 [queued]>
[2021-04-21 20:12:26,122] {taskinstance.py:1042} INFO - 
--------------------------------------------------------------------------------
[2021-04-21 20:12:26,123] {taskinstance.py:1043} INFO - Starting attempt 1 of 2
[2021-04-21 20:12:26,124] {taskinstance.py:1044} INFO - 
--------------------------------------------------------------------------------
[2021-04-21 20:12:26,144] {taskinstance.py:1063} INFO - Executing <Task(BashOperator): print_date> on 2021-04-19T01:20:00+00:00
[2021-04-21 20:12:26,151] {standard_task_runner.py:52} INFO - Started process 93 to run task
[2021-04-21 20:12:26,158] {standard_task_runner.py:76} INFO - Running: ['airflow', 'tasks', 'run', 'docker_sample', 'print_date', '2021-04-19T01:20:00+00:00', '--job-id', '69', '--pool', 'default_pool', '--raw', '--subdir', 'DAGS_FOLDER/dockerOperator.py', '--cfg-path', '/tmp/tmp7gbir1os', '--error-file', '/tmp/tmpg23oodf8']
[2021-04-21 20:12:26,159] {standard_task_runner.py:77} INFO - Job 69: Subtask print_date
[2021-04-21 20:12:26,243] {logging_mixin.py:104} INFO - Running <TaskInstance: docker_sample.print_date 2021-04-19T01:20:00+00:00 [running]> on host 5af2b1cab26e
[2021-04-21 20:12:26,314] {taskinstance.py:1257} INFO - Exporting the following env vars:
AIRFLOW_CTX_DAG_EMAIL=airflow@example.com
AIRFLOW_CTX_DAG_OWNER=airflow
AIRFLOW_CTX_DAG_ID=docker_sample
AIRFLOW_CTX_TASK_ID=print_date
AIRFLOW_CTX_EXECUTION_DATE=2021-04-19T01:20:00+00:00
AIRFLOW_CTX_DAG_RUN_ID=scheduled__2021-04-19T01:20:00+00:00
[2021-04-21 20:12:26,316] {bash.py:135} INFO - Tmp dir root location: 
 /tmp
[2021-04-21 20:12:26,318] {bash.py:158} INFO - Running command: date
[2021-04-21 20:12:26,330] {bash.py:169} INFO - Output:
[2021-04-21 20:12:26,333] {bash.py:173} INFO - Wed Apr 21 20:12:26 UTC 2021
[2021-04-21 20:12:26,334] {bash.py:177} INFO - Command exited with return code 0
[2021-04-21 20:12:26,371] {taskinstance.py:1166} INFO - Marking task as SUCCESS. dag_id=docker_sample, task_id=print_date, execution_date=20210419T012000, start_date=20210421T201226, end_date=20210421T201226
[2021-04-21 20:12:26,435] {taskinstance.py:1220} INFO - 2 downstream tasks scheduled from follow-on schedule check
[2021-04-21 20:12:26,455] {local_task_job.py:146} INFO - Task exited with return code 0
