[2021-04-21 20:22:09,693] {taskinstance.py:851} INFO - Dependencies all met for <TaskInstance: docker_sample.sleep 2021-04-20T01:30:00+00:00 [queued]>
[2021-04-21 20:22:09,715] {taskinstance.py:851} INFO - Dependencies all met for <TaskInstance: docker_sample.sleep 2021-04-20T01:30:00+00:00 [queued]>
[2021-04-21 20:22:09,716] {taskinstance.py:1042} INFO - 
--------------------------------------------------------------------------------
[2021-04-21 20:22:09,717] {taskinstance.py:1043} INFO - Starting attempt 1 of 4
[2021-04-21 20:22:09,718] {taskinstance.py:1044} INFO - 
--------------------------------------------------------------------------------
[2021-04-21 20:22:09,735] {taskinstance.py:1063} INFO - Executing <Task(BashOperator): sleep> on 2021-04-20T01:30:00+00:00
[2021-04-21 20:22:09,746] {standard_task_runner.py:76} INFO - Running: ['airflow', 'tasks', 'run', 'docker_sample', 'sleep', '2021-04-20T01:30:00+00:00', '--job-id', '675', '--pool', 'default_pool', '--raw', '--subdir', 'DAGS_FOLDER/dockerOperator.py', '--cfg-path', '/tmp/tmp4v8z5896', '--error-file', '/tmp/tmpcy_99o0u']
[2021-04-21 20:22:09,742] {standard_task_runner.py:52} INFO - Started process 1755 to run task
[2021-04-21 20:22:09,748] {standard_task_runner.py:77} INFO - Job 675: Subtask sleep
[2021-04-21 20:22:09,804] {logging_mixin.py:104} INFO - Running <TaskInstance: docker_sample.sleep 2021-04-20T01:30:00+00:00 [running]> on host 5af2b1cab26e
[2021-04-21 20:22:09,859] {taskinstance.py:1257} INFO - Exporting the following env vars:
AIRFLOW_CTX_DAG_EMAIL=airflow@example.com
AIRFLOW_CTX_DAG_OWNER=airflow
AIRFLOW_CTX_DAG_ID=docker_sample
AIRFLOW_CTX_TASK_ID=sleep
AIRFLOW_CTX_EXECUTION_DATE=2021-04-20T01:30:00+00:00
AIRFLOW_CTX_DAG_RUN_ID=scheduled__2021-04-20T01:30:00+00:00
[2021-04-21 20:22:09,862] {bash.py:135} INFO - Tmp dir root location: 
 /tmp
[2021-04-21 20:22:09,864] {bash.py:158} INFO - Running command: sleep 5
[2021-04-21 20:22:09,875] {bash.py:169} INFO - Output:
[2021-04-21 20:22:14,878] {bash.py:177} INFO - Command exited with return code 0
[2021-04-21 20:22:14,911] {taskinstance.py:1166} INFO - Marking task as SUCCESS. dag_id=docker_sample, task_id=sleep, execution_date=20210420T013000, start_date=20210421T202209, end_date=20210421T202214
[2021-04-21 20:22:14,957] {taskinstance.py:1220} INFO - 0 downstream tasks scheduled from follow-on schedule check
[2021-04-21 20:22:14,993] {local_task_job.py:146} INFO - Task exited with return code 0
