[2021-04-27 17:57:32,657] {taskinstance.py:851} INFO - Dependencies all met for <TaskInstance: docker_sample.sleep 2021-04-25T00:10:00+00:00 [queued]>
[2021-04-27 17:57:32,740] {taskinstance.py:851} INFO - Dependencies all met for <TaskInstance: docker_sample.sleep 2021-04-25T00:10:00+00:00 [queued]>
[2021-04-27 17:57:32,745] {taskinstance.py:1042} INFO - 
--------------------------------------------------------------------------------
[2021-04-27 17:57:32,746] {taskinstance.py:1043} INFO - Starting attempt 1 of 4
[2021-04-27 17:57:32,747] {taskinstance.py:1044} INFO - 
--------------------------------------------------------------------------------
[2021-04-27 17:57:32,866] {taskinstance.py:1063} INFO - Executing <Task(BashOperator): sleep> on 2021-04-25T00:10:00+00:00
[2021-04-27 17:57:32,921] {standard_task_runner.py:52} INFO - Started process 90 to run task
[2021-04-27 17:57:32,956] {standard_task_runner.py:76} INFO - Running: ['airflow', 'tasks', 'run', 'docker_sample', 'sleep', '2021-04-25T00:10:00+00:00', '--job-id', '16', '--pool', 'default_pool', '--raw', '--subdir', 'DAGS_FOLDER/dockerOperator.py', '--cfg-path', '/tmp/tmpfs9n1269', '--error-file', '/tmp/tmp5k9x2wge']
[2021-04-27 17:57:32,965] {standard_task_runner.py:77} INFO - Job 16: Subtask sleep
[2021-04-27 17:57:33,123] {logging_mixin.py:104} INFO - Running <TaskInstance: docker_sample.sleep 2021-04-25T00:10:00+00:00 [running]> on host 44e91a58ae1b
[2021-04-27 17:57:33,281] {taskinstance.py:1257} INFO - Exporting the following env vars:
AIRFLOW_CTX_DAG_EMAIL=airflow@example.com
AIRFLOW_CTX_DAG_OWNER=airflow
AIRFLOW_CTX_DAG_ID=docker_sample
AIRFLOW_CTX_TASK_ID=sleep
AIRFLOW_CTX_EXECUTION_DATE=2021-04-25T00:10:00+00:00
AIRFLOW_CTX_DAG_RUN_ID=scheduled__2021-04-25T00:10:00+00:00
[2021-04-27 17:57:33,283] {bash.py:135} INFO - Tmp dir root location: 
 /tmp
[2021-04-27 17:57:33,285] {bash.py:158} INFO - Running command: sleep 5
[2021-04-27 17:57:33,360] {bash.py:169} INFO - Output:
[2021-04-27 17:57:38,372] {bash.py:177} INFO - Command exited with return code 0
[2021-04-27 17:57:38,408] {taskinstance.py:1166} INFO - Marking task as SUCCESS. dag_id=docker_sample, task_id=sleep, execution_date=20210425T001000, start_date=20210427T175732, end_date=20210427T175738
[2021-04-27 17:57:38,502] {taskinstance.py:1220} INFO - 0 downstream tasks scheduled from follow-on schedule check
[2021-04-27 17:57:38,551] {local_task_job.py:146} INFO - Task exited with return code 0
