[2021-04-21 20:18:33,626] {taskinstance.py:851} INFO - Dependencies all met for <TaskInstance: docker_sample.print_date 2021-04-19T16:40:00+00:00 [queued]>
[2021-04-21 20:18:33,657] {taskinstance.py:851} INFO - Dependencies all met for <TaskInstance: docker_sample.print_date 2021-04-19T16:40:00+00:00 [queued]>
[2021-04-21 20:18:33,658] {taskinstance.py:1042} INFO - 
--------------------------------------------------------------------------------
[2021-04-21 20:18:33,659] {taskinstance.py:1043} INFO - Starting attempt 1 of 2
[2021-04-21 20:18:33,660] {taskinstance.py:1044} INFO - 
--------------------------------------------------------------------------------
[2021-04-21 20:18:33,678] {taskinstance.py:1063} INFO - Executing <Task(BashOperator): print_date> on 2021-04-19T16:40:00+00:00
[2021-04-21 20:18:33,682] {standard_task_runner.py:52} INFO - Started process 1112 to run task
[2021-04-21 20:18:33,698] {standard_task_runner.py:76} INFO - Running: ['airflow', 'tasks', 'run', 'docker_sample', 'print_date', '2021-04-19T16:40:00+00:00', '--job-id', '439', '--pool', 'default_pool', '--raw', '--subdir', 'DAGS_FOLDER/dockerOperator.py', '--cfg-path', '/tmp/tmp8ceihe3_', '--error-file', '/tmp/tmpuyv4m2s9']
[2021-04-21 20:18:33,699] {standard_task_runner.py:77} INFO - Job 439: Subtask print_date
[2021-04-21 20:18:33,756] {logging_mixin.py:104} INFO - Running <TaskInstance: docker_sample.print_date 2021-04-19T16:40:00+00:00 [running]> on host 5af2b1cab26e
[2021-04-21 20:18:33,820] {taskinstance.py:1257} INFO - Exporting the following env vars:
AIRFLOW_CTX_DAG_EMAIL=airflow@example.com
AIRFLOW_CTX_DAG_OWNER=airflow
AIRFLOW_CTX_DAG_ID=docker_sample
AIRFLOW_CTX_TASK_ID=print_date
AIRFLOW_CTX_EXECUTION_DATE=2021-04-19T16:40:00+00:00
AIRFLOW_CTX_DAG_RUN_ID=scheduled__2021-04-19T16:40:00+00:00
[2021-04-21 20:18:33,822] {bash.py:135} INFO - Tmp dir root location: 
 /tmp
[2021-04-21 20:18:33,824] {bash.py:158} INFO - Running command: date
[2021-04-21 20:18:33,838] {bash.py:169} INFO - Output:
[2021-04-21 20:18:33,841] {bash.py:173} INFO - Wed Apr 21 20:18:33 UTC 2021
[2021-04-21 20:18:33,841] {bash.py:177} INFO - Command exited with return code 0
[2021-04-21 20:18:33,899] {taskinstance.py:1166} INFO - Marking task as SUCCESS. dag_id=docker_sample, task_id=print_date, execution_date=20210419T164000, start_date=20210421T201833, end_date=20210421T201833
[2021-04-21 20:18:33,961] {taskinstance.py:1220} INFO - 2 downstream tasks scheduled from follow-on schedule check
[2021-04-21 20:18:33,993] {local_task_job.py:146} INFO - Task exited with return code 0
