[2021-04-21 20:20:12,871] {taskinstance.py:851} INFO - Dependencies all met for <TaskInstance: docker_sample.sleep 2021-04-19T21:00:00+00:00 [queued]>
[2021-04-21 20:20:12,905] {taskinstance.py:851} INFO - Dependencies all met for <TaskInstance: docker_sample.sleep 2021-04-19T21:00:00+00:00 [queued]>
[2021-04-21 20:20:12,906] {taskinstance.py:1042} INFO - 
--------------------------------------------------------------------------------
[2021-04-21 20:20:12,910] {taskinstance.py:1043} INFO - Starting attempt 1 of 4
[2021-04-21 20:20:12,910] {taskinstance.py:1044} INFO - 
--------------------------------------------------------------------------------
[2021-04-21 20:20:12,929] {taskinstance.py:1063} INFO - Executing <Task(BashOperator): sleep> on 2021-04-19T21:00:00+00:00
[2021-04-21 20:20:12,944] {standard_task_runner.py:76} INFO - Running: ['airflow', 'tasks', 'run', 'docker_sample', 'sleep', '2021-04-19T21:00:00+00:00', '--job-id', '556', '--pool', 'default_pool', '--raw', '--subdir', 'DAGS_FOLDER/dockerOperator.py', '--cfg-path', '/tmp/tmpap0vt5r6', '--error-file', '/tmp/tmpi0wdqgkg']
[2021-04-21 20:20:12,950] {standard_task_runner.py:77} INFO - Job 556: Subtask sleep
[2021-04-21 20:20:12,939] {standard_task_runner.py:52} INFO - Started process 1428 to run task
[2021-04-21 20:20:13,098] {logging_mixin.py:104} INFO - Running <TaskInstance: docker_sample.sleep 2021-04-19T21:00:00+00:00 [running]> on host 5af2b1cab26e
[2021-04-21 20:20:13,223] {taskinstance.py:1257} INFO - Exporting the following env vars:
AIRFLOW_CTX_DAG_EMAIL=airflow@example.com
AIRFLOW_CTX_DAG_OWNER=airflow
AIRFLOW_CTX_DAG_ID=docker_sample
AIRFLOW_CTX_TASK_ID=sleep
AIRFLOW_CTX_EXECUTION_DATE=2021-04-19T21:00:00+00:00
AIRFLOW_CTX_DAG_RUN_ID=scheduled__2021-04-19T21:00:00+00:00
[2021-04-21 20:20:13,227] {bash.py:135} INFO - Tmp dir root location: 
 /tmp
[2021-04-21 20:20:13,229] {bash.py:158} INFO - Running command: sleep 5
[2021-04-21 20:20:13,265] {bash.py:169} INFO - Output:
[2021-04-21 20:20:18,272] {bash.py:177} INFO - Command exited with return code 0
[2021-04-21 20:20:18,306] {taskinstance.py:1166} INFO - Marking task as SUCCESS. dag_id=docker_sample, task_id=sleep, execution_date=20210419T210000, start_date=20210421T202012, end_date=20210421T202018
[2021-04-21 20:20:18,337] {taskinstance.py:1220} INFO - 0 downstream tasks scheduled from follow-on schedule check
[2021-04-21 20:20:18,382] {local_task_job.py:146} INFO - Task exited with return code 0
