[2021-04-21 20:06:21,621] {taskinstance.py:851} INFO - Dependencies all met for <TaskInstance: docker_sample.print_date 2021-04-19T02:00:00+00:00 [queued]>
[2021-04-21 20:06:21,689] {taskinstance.py:851} INFO - Dependencies all met for <TaskInstance: docker_sample.print_date 2021-04-19T02:00:00+00:00 [queued]>
[2021-04-21 20:06:21,689] {taskinstance.py:1042} INFO - 
--------------------------------------------------------------------------------
[2021-04-21 20:06:21,690] {taskinstance.py:1043} INFO - Starting attempt 1 of 2
[2021-04-21 20:06:21,691] {taskinstance.py:1044} INFO - 
--------------------------------------------------------------------------------
[2021-04-21 20:06:21,712] {taskinstance.py:1063} INFO - Executing <Task(BashOperator): print_date> on 2021-04-19T02:00:00+00:00
[2021-04-21 20:06:21,720] {standard_task_runner.py:52} INFO - Started process 119 to run task
[2021-04-21 20:06:21,736] {standard_task_runner.py:76} INFO - Running: ['airflow', 'tasks', 'run', 'docker_sample', 'print_date', '2021-04-19T02:00:00+00:00', '--job-id', '30', '--pool', 'default_pool', '--raw', '--subdir', 'DAGS_FOLDER/dockerOperator.py', '--cfg-path', '/tmp/tmpavgf6oyo', '--error-file', '/tmp/tmp3up0zl3l']
[2021-04-21 20:06:21,708] {standard_task_runner.py:77} INFO - Job 30: Subtask print_date
[2021-04-21 20:06:21,874] {logging_mixin.py:104} INFO - Running <TaskInstance: docker_sample.print_date 2021-04-19T02:00:00+00:00 [running]> on host 5af2b1cab26e
[2021-04-21 20:06:21,948] {taskinstance.py:1257} INFO - Exporting the following env vars:
AIRFLOW_CTX_DAG_EMAIL=airflow@example.com
AIRFLOW_CTX_DAG_OWNER=airflow
AIRFLOW_CTX_DAG_ID=docker_sample
AIRFLOW_CTX_TASK_ID=print_date
AIRFLOW_CTX_EXECUTION_DATE=2021-04-19T02:00:00+00:00
AIRFLOW_CTX_DAG_RUN_ID=scheduled__2021-04-19T02:00:00+00:00
[2021-04-21 20:06:21,951] {bash.py:135} INFO - Tmp dir root location: 
 /tmp
[2021-04-21 20:06:21,955] {bash.py:158} INFO - Running command: date
[2021-04-21 20:06:22,004] {bash.py:169} INFO - Output:
[2021-04-21 20:06:22,006] {bash.py:173} INFO - Wed Apr 21 20:06:22 UTC 2021
[2021-04-21 20:06:22,007] {bash.py:177} INFO - Command exited with return code 0
[2021-04-21 20:06:22,066] {taskinstance.py:1166} INFO - Marking task as SUCCESS. dag_id=docker_sample, task_id=print_date, execution_date=20210419T020000, start_date=20210421T200621, end_date=20210421T200622
[2021-04-21 20:06:22,269] {taskinstance.py:1220} INFO - 0 downstream tasks scheduled from follow-on schedule check
[2021-04-21 20:06:22,347] {local_task_job.py:146} INFO - Task exited with return code 0
[2021-04-21 20:12:28,403] {taskinstance.py:851} INFO - Dependencies all met for <TaskInstance: docker_sample.print_date 2021-04-19T02:00:00+00:00 [queued]>
[2021-04-21 20:12:28,425] {taskinstance.py:851} INFO - Dependencies all met for <TaskInstance: docker_sample.print_date 2021-04-19T02:00:00+00:00 [queued]>
[2021-04-21 20:12:28,425] {taskinstance.py:1042} INFO - 
--------------------------------------------------------------------------------
[2021-04-21 20:12:28,426] {taskinstance.py:1043} INFO - Starting attempt 1 of 2
[2021-04-21 20:12:28,427] {taskinstance.py:1044} INFO - 
--------------------------------------------------------------------------------
[2021-04-21 20:12:28,437] {taskinstance.py:1063} INFO - Executing <Task(BashOperator): print_date> on 2021-04-19T02:00:00+00:00
[2021-04-21 20:12:28,448] {standard_task_runner.py:76} INFO - Running: ['airflow', 'tasks', 'run', 'docker_sample', 'print_date', '2021-04-19T02:00:00+00:00', '--job-id', '78', '--pool', 'default_pool', '--raw', '--subdir', 'DAGS_FOLDER/dockerOperator.py', '--cfg-path', '/tmp/tmpykwydzmk', '--error-file', '/tmp/tmp0fju5lz5']
[2021-04-21 20:12:28,450] {standard_task_runner.py:77} INFO - Job 78: Subtask print_date
[2021-04-21 20:12:28,441] {standard_task_runner.py:52} INFO - Started process 113 to run task
[2021-04-21 20:12:28,500] {logging_mixin.py:104} INFO - Running <TaskInstance: docker_sample.print_date 2021-04-19T02:00:00+00:00 [running]> on host 5af2b1cab26e
[2021-04-21 20:12:28,545] {taskinstance.py:1257} INFO - Exporting the following env vars:
AIRFLOW_CTX_DAG_EMAIL=airflow@example.com
AIRFLOW_CTX_DAG_OWNER=airflow
AIRFLOW_CTX_DAG_ID=docker_sample
AIRFLOW_CTX_TASK_ID=print_date
AIRFLOW_CTX_EXECUTION_DATE=2021-04-19T02:00:00+00:00
AIRFLOW_CTX_DAG_RUN_ID=scheduled__2021-04-19T02:00:00+00:00
[2021-04-21 20:12:28,547] {bash.py:135} INFO - Tmp dir root location: 
 /tmp
[2021-04-21 20:12:28,548] {bash.py:158} INFO - Running command: date
[2021-04-21 20:12:28,559] {bash.py:169} INFO - Output:
[2021-04-21 20:12:28,561] {bash.py:173} INFO - Wed Apr 21 20:12:28 UTC 2021
[2021-04-21 20:12:28,562] {bash.py:177} INFO - Command exited with return code 0
[2021-04-21 20:12:28,592] {taskinstance.py:1166} INFO - Marking task as SUCCESS. dag_id=docker_sample, task_id=print_date, execution_date=20210419T020000, start_date=20210421T201228, end_date=20210421T201228
[2021-04-21 20:12:28,623] {taskinstance.py:1220} INFO - 2 downstream tasks scheduled from follow-on schedule check
[2021-04-21 20:12:28,636] {local_task_job.py:146} INFO - Task exited with return code 0
