[2021-04-21 20:22:07,893] {taskinstance.py:851} INFO - Dependencies all met for <TaskInstance: docker_sample.print_hello 2021-04-20T00:40:00+00:00 [queued]>
[2021-04-21 20:22:07,944] {taskinstance.py:851} INFO - Dependencies all met for <TaskInstance: docker_sample.print_hello 2021-04-20T00:40:00+00:00 [queued]>
[2021-04-21 20:22:07,946] {taskinstance.py:1042} INFO - 
--------------------------------------------------------------------------------
[2021-04-21 20:22:07,947] {taskinstance.py:1043} INFO - Starting attempt 1 of 2
[2021-04-21 20:22:07,950] {taskinstance.py:1044} INFO - 
--------------------------------------------------------------------------------
[2021-04-21 20:22:07,970] {taskinstance.py:1063} INFO - Executing <Task(BashOperator): print_hello> on 2021-04-20T00:40:00+00:00
[2021-04-21 20:22:07,985] {standard_task_runner.py:76} INFO - Running: ['airflow', 'tasks', 'run', 'docker_sample', 'print_hello', '2021-04-20T00:40:00+00:00', '--job-id', '670', '--pool', 'default_pool', '--raw', '--subdir', 'DAGS_FOLDER/dockerOperator.py', '--cfg-path', '/tmp/tmprp7bjkf7', '--error-file', '/tmp/tmpzvo8h9id']
[2021-04-21 20:22:07,988] {standard_task_runner.py:77} INFO - Job 670: Subtask print_hello
[2021-04-21 20:22:07,979] {standard_task_runner.py:52} INFO - Started process 1737 to run task
[2021-04-21 20:22:08,089] {logging_mixin.py:104} INFO - Running <TaskInstance: docker_sample.print_hello 2021-04-20T00:40:00+00:00 [running]> on host 5af2b1cab26e
[2021-04-21 20:22:08,217] {taskinstance.py:1257} INFO - Exporting the following env vars:
AIRFLOW_CTX_DAG_EMAIL=airflow@example.com
AIRFLOW_CTX_DAG_OWNER=airflow
AIRFLOW_CTX_DAG_ID=docker_sample
AIRFLOW_CTX_TASK_ID=print_hello
AIRFLOW_CTX_EXECUTION_DATE=2021-04-20T00:40:00+00:00
AIRFLOW_CTX_DAG_RUN_ID=scheduled__2021-04-20T00:40:00+00:00
[2021-04-21 20:22:08,218] {bash.py:135} INFO - Tmp dir root location: 
 /tmp
[2021-04-21 20:22:08,220] {bash.py:158} INFO - Running command: echo "hello world!!!"
[2021-04-21 20:22:08,231] {bash.py:169} INFO - Output:
[2021-04-21 20:22:08,232] {bash.py:173} INFO - hello world!!!
[2021-04-21 20:22:08,233] {bash.py:177} INFO - Command exited with return code 0
[2021-04-21 20:22:08,291] {taskinstance.py:1166} INFO - Marking task as SUCCESS. dag_id=docker_sample, task_id=print_hello, execution_date=20210420T004000, start_date=20210421T202207, end_date=20210421T202208
[2021-04-21 20:22:08,331] {taskinstance.py:1220} INFO - 0 downstream tasks scheduled from follow-on schedule check
[2021-04-21 20:22:08,351] {local_task_job.py:146} INFO - Task exited with return code 0
