[2021-04-21 20:06:22,607] {taskinstance.py:851} INFO - Dependencies all met for <TaskInstance: docker_sample.print_date 2021-04-19T02:20:00+00:00 [queued]>
[2021-04-21 20:06:22,631] {taskinstance.py:851} INFO - Dependencies all met for <TaskInstance: docker_sample.print_date 2021-04-19T02:20:00+00:00 [queued]>
[2021-04-21 20:06:22,636] {taskinstance.py:1042} INFO - 
--------------------------------------------------------------------------------
[2021-04-21 20:06:22,650] {taskinstance.py:1043} INFO - Starting attempt 1 of 2
[2021-04-21 20:06:22,651] {taskinstance.py:1044} INFO - 
--------------------------------------------------------------------------------
[2021-04-21 20:06:22,674] {taskinstance.py:1063} INFO - Executing <Task(BashOperator): print_date> on 2021-04-19T02:20:00+00:00
[2021-04-21 20:06:22,680] {standard_task_runner.py:52} INFO - Started process 135 to run task
[2021-04-21 20:06:22,698] {standard_task_runner.py:76} INFO - Running: ['airflow', 'tasks', 'run', 'docker_sample', 'print_date', '2021-04-19T02:20:00+00:00', '--job-id', '36', '--pool', 'default_pool', '--raw', '--subdir', 'DAGS_FOLDER/dockerOperator.py', '--cfg-path', '/tmp/tmp2hchj4ml', '--error-file', '/tmp/tmp1bikm4lq']
[2021-04-21 20:06:22,705] {standard_task_runner.py:77} INFO - Job 36: Subtask print_date
[2021-04-21 20:06:22,798] {logging_mixin.py:104} INFO - Running <TaskInstance: docker_sample.print_date 2021-04-19T02:20:00+00:00 [running]> on host 5af2b1cab26e
[2021-04-21 20:06:22,911] {taskinstance.py:1257} INFO - Exporting the following env vars:
AIRFLOW_CTX_DAG_EMAIL=airflow@example.com
AIRFLOW_CTX_DAG_OWNER=airflow
AIRFLOW_CTX_DAG_ID=docker_sample
AIRFLOW_CTX_TASK_ID=print_date
AIRFLOW_CTX_EXECUTION_DATE=2021-04-19T02:20:00+00:00
AIRFLOW_CTX_DAG_RUN_ID=scheduled__2021-04-19T02:20:00+00:00
[2021-04-21 20:06:22,915] {bash.py:135} INFO - Tmp dir root location: 
 /tmp
[2021-04-21 20:06:22,916] {bash.py:158} INFO - Running command: date
[2021-04-21 20:06:22,973] {bash.py:169} INFO - Output:
[2021-04-21 20:06:22,991] {bash.py:173} INFO - Wed Apr 21 20:06:22 UTC 2021
[2021-04-21 20:06:22,992] {bash.py:177} INFO - Command exited with return code 0
[2021-04-21 20:06:23,045] {taskinstance.py:1166} INFO - Marking task as SUCCESS. dag_id=docker_sample, task_id=print_date, execution_date=20210419T022000, start_date=20210421T200622, end_date=20210421T200623
[2021-04-21 20:06:23,110] {taskinstance.py:1220} INFO - 2 downstream tasks scheduled from follow-on schedule check
[2021-04-21 20:06:23,134] {local_task_job.py:146} INFO - Task exited with return code 0
[2021-04-21 20:12:29,872] {taskinstance.py:851} INFO - Dependencies all met for <TaskInstance: docker_sample.print_date 2021-04-19T02:20:00+00:00 [queued]>
[2021-04-21 20:12:29,888] {taskinstance.py:851} INFO - Dependencies all met for <TaskInstance: docker_sample.print_date 2021-04-19T02:20:00+00:00 [queued]>
[2021-04-21 20:12:29,889] {taskinstance.py:1042} INFO - 
--------------------------------------------------------------------------------
[2021-04-21 20:12:29,889] {taskinstance.py:1043} INFO - Starting attempt 1 of 2
[2021-04-21 20:12:29,890] {taskinstance.py:1044} INFO - 
--------------------------------------------------------------------------------
[2021-04-21 20:12:29,898] {taskinstance.py:1063} INFO - Executing <Task(BashOperator): print_date> on 2021-04-19T02:20:00+00:00
[2021-04-21 20:12:29,902] {standard_task_runner.py:52} INFO - Started process 119 to run task
[2021-04-21 20:12:29,908] {standard_task_runner.py:76} INFO - Running: ['airflow', 'tasks', 'run', 'docker_sample', 'print_date', '2021-04-19T02:20:00+00:00', '--job-id', '80', '--pool', 'default_pool', '--raw', '--subdir', 'DAGS_FOLDER/dockerOperator.py', '--cfg-path', '/tmp/tmpn6gb1tm_', '--error-file', '/tmp/tmptf_o5_7j']
[2021-04-21 20:12:29,910] {standard_task_runner.py:77} INFO - Job 80: Subtask print_date
[2021-04-21 20:12:29,964] {logging_mixin.py:104} INFO - Running <TaskInstance: docker_sample.print_date 2021-04-19T02:20:00+00:00 [running]> on host 5af2b1cab26e
[2021-04-21 20:12:30,013] {taskinstance.py:1257} INFO - Exporting the following env vars:
AIRFLOW_CTX_DAG_EMAIL=airflow@example.com
AIRFLOW_CTX_DAG_OWNER=airflow
AIRFLOW_CTX_DAG_ID=docker_sample
AIRFLOW_CTX_TASK_ID=print_date
AIRFLOW_CTX_EXECUTION_DATE=2021-04-19T02:20:00+00:00
AIRFLOW_CTX_DAG_RUN_ID=scheduled__2021-04-19T02:20:00+00:00
[2021-04-21 20:12:30,014] {bash.py:135} INFO - Tmp dir root location: 
 /tmp
[2021-04-21 20:12:30,016] {bash.py:158} INFO - Running command: date
[2021-04-21 20:12:30,032] {bash.py:169} INFO - Output:
[2021-04-21 20:12:30,037] {bash.py:173} INFO - Wed Apr 21 20:12:30 UTC 2021
[2021-04-21 20:12:30,038] {bash.py:177} INFO - Command exited with return code 0
[2021-04-21 20:12:30,085] {taskinstance.py:1166} INFO - Marking task as SUCCESS. dag_id=docker_sample, task_id=print_date, execution_date=20210419T022000, start_date=20210421T201229, end_date=20210421T201230
[2021-04-21 20:12:30,117] {taskinstance.py:1220} INFO - 2 downstream tasks scheduled from follow-on schedule check
[2021-04-21 20:12:30,165] {local_task_job.py:146} INFO - Task exited with return code 0
