[2021-04-27 17:57:33,565] {taskinstance.py:851} INFO - Dependencies all met for <TaskInstance: docker_sample.sleep 2021-04-25T00:30:00+00:00 [queued]>
[2021-04-27 17:57:33,611] {taskinstance.py:851} INFO - Dependencies all met for <TaskInstance: docker_sample.sleep 2021-04-25T00:30:00+00:00 [queued]>
[2021-04-27 17:57:33,612] {taskinstance.py:1042} INFO - 
--------------------------------------------------------------------------------
[2021-04-27 17:57:33,615] {taskinstance.py:1043} INFO - Starting attempt 1 of 4
[2021-04-27 17:57:33,616] {taskinstance.py:1044} INFO - 
--------------------------------------------------------------------------------
[2021-04-27 17:57:33,649] {taskinstance.py:1063} INFO - Executing <Task(BashOperator): sleep> on 2021-04-25T00:30:00+00:00
[2021-04-27 17:57:33,666] {standard_task_runner.py:52} INFO - Started process 99 to run task
[2021-04-27 17:57:33,711] {standard_task_runner.py:76} INFO - Running: ['airflow', 'tasks', 'run', 'docker_sample', 'sleep', '2021-04-25T00:30:00+00:00', '--job-id', '21', '--pool', 'default_pool', '--raw', '--subdir', 'DAGS_FOLDER/dockerOperator.py', '--cfg-path', '/tmp/tmpml3aw6e2', '--error-file', '/tmp/tmpg3ze0dsi']
[2021-04-27 17:57:33,714] {standard_task_runner.py:77} INFO - Job 21: Subtask sleep
[2021-04-27 17:57:33,949] {logging_mixin.py:104} INFO - Running <TaskInstance: docker_sample.sleep 2021-04-25T00:30:00+00:00 [running]> on host 44e91a58ae1b
[2021-04-27 17:57:34,100] {taskinstance.py:1257} INFO - Exporting the following env vars:
AIRFLOW_CTX_DAG_EMAIL=airflow@example.com
AIRFLOW_CTX_DAG_OWNER=airflow
AIRFLOW_CTX_DAG_ID=docker_sample
AIRFLOW_CTX_TASK_ID=sleep
AIRFLOW_CTX_EXECUTION_DATE=2021-04-25T00:30:00+00:00
AIRFLOW_CTX_DAG_RUN_ID=scheduled__2021-04-25T00:30:00+00:00
[2021-04-27 17:57:34,102] {bash.py:135} INFO - Tmp dir root location: 
 /tmp
[2021-04-27 17:57:34,104] {bash.py:158} INFO - Running command: sleep 5
[2021-04-27 17:57:34,138] {bash.py:169} INFO - Output:
[2021-04-27 17:57:39,144] {bash.py:177} INFO - Command exited with return code 0
[2021-04-27 17:57:39,180] {taskinstance.py:1166} INFO - Marking task as SUCCESS. dag_id=docker_sample, task_id=sleep, execution_date=20210425T003000, start_date=20210427T175733, end_date=20210427T175739
[2021-04-27 17:57:39,205] {taskinstance.py:1220} INFO - 0 downstream tasks scheduled from follow-on schedule check
[2021-04-27 17:57:39,254] {local_task_job.py:146} INFO - Task exited with return code 0
