[2021-04-21 20:21:33,995] {taskinstance.py:851} INFO - Dependencies all met for <TaskInstance: docker_sample.print_date 2021-04-20T00:20:00+00:00 [queued]>
[2021-04-21 20:21:34,034] {taskinstance.py:851} INFO - Dependencies all met for <TaskInstance: docker_sample.print_date 2021-04-20T00:20:00+00:00 [queued]>
[2021-04-21 20:21:34,034] {taskinstance.py:1042} INFO - 
--------------------------------------------------------------------------------
[2021-04-21 20:21:34,035] {taskinstance.py:1043} INFO - Starting attempt 1 of 2
[2021-04-21 20:21:34,036] {taskinstance.py:1044} INFO - 
--------------------------------------------------------------------------------
[2021-04-21 20:21:34,043] {taskinstance.py:1063} INFO - Executing <Task(BashOperator): print_date> on 2021-04-20T00:20:00+00:00
[2021-04-21 20:21:34,048] {standard_task_runner.py:52} INFO - Started process 1632 to run task
[2021-04-21 20:21:34,055] {standard_task_runner.py:76} INFO - Running: ['airflow', 'tasks', 'run', 'docker_sample', 'print_date', '2021-04-20T00:20:00+00:00', '--job-id', '629', '--pool', 'default_pool', '--raw', '--subdir', 'DAGS_FOLDER/dockerOperator.py', '--cfg-path', '/tmp/tmp2p9m4opr', '--error-file', '/tmp/tmp2jdiy_q6']
[2021-04-21 20:21:34,056] {standard_task_runner.py:77} INFO - Job 629: Subtask print_date
[2021-04-21 20:21:34,122] {logging_mixin.py:104} INFO - Running <TaskInstance: docker_sample.print_date 2021-04-20T00:20:00+00:00 [running]> on host 5af2b1cab26e
[2021-04-21 20:21:34,185] {taskinstance.py:1257} INFO - Exporting the following env vars:
AIRFLOW_CTX_DAG_EMAIL=airflow@example.com
AIRFLOW_CTX_DAG_OWNER=airflow
AIRFLOW_CTX_DAG_ID=docker_sample
AIRFLOW_CTX_TASK_ID=print_date
AIRFLOW_CTX_EXECUTION_DATE=2021-04-20T00:20:00+00:00
AIRFLOW_CTX_DAG_RUN_ID=scheduled__2021-04-20T00:20:00+00:00
[2021-04-21 20:21:34,189] {bash.py:135} INFO - Tmp dir root location: 
 /tmp
[2021-04-21 20:21:34,190] {bash.py:158} INFO - Running command: date
[2021-04-21 20:21:34,203] {bash.py:169} INFO - Output:
[2021-04-21 20:21:34,205] {bash.py:173} INFO - Wed Apr 21 20:21:34 UTC 2021
[2021-04-21 20:21:34,207] {bash.py:177} INFO - Command exited with return code 0
[2021-04-21 20:21:34,269] {taskinstance.py:1166} INFO - Marking task as SUCCESS. dag_id=docker_sample, task_id=print_date, execution_date=20210420T002000, start_date=20210421T202133, end_date=20210421T202134
[2021-04-21 20:21:34,342] {taskinstance.py:1220} INFO - 2 downstream tasks scheduled from follow-on schedule check
[2021-04-21 20:21:34,394] {local_task_job.py:146} INFO - Task exited with return code 0
