[2021-04-21 20:06:21,257] {taskinstance.py:851} INFO - Dependencies all met for <TaskInstance: docker_sample.sleep 2021-04-19T01:10:00+00:00 [queued]>
[2021-04-21 20:06:21,352] {taskinstance.py:851} INFO - Dependencies all met for <TaskInstance: docker_sample.sleep 2021-04-19T01:10:00+00:00 [queued]>
[2021-04-21 20:06:21,357] {taskinstance.py:1042} INFO - 
--------------------------------------------------------------------------------
[2021-04-21 20:06:21,359] {taskinstance.py:1043} INFO - Starting attempt 1 of 4
[2021-04-21 20:06:21,362] {taskinstance.py:1044} INFO - 
--------------------------------------------------------------------------------
[2021-04-21 20:06:21,452] {taskinstance.py:1063} INFO - Executing <Task(BashOperator): sleep> on 2021-04-19T01:10:00+00:00
[2021-04-21 20:06:21,463] {standard_task_runner.py:52} INFO - Started process 116 to run task
[2021-04-21 20:06:21,519] {standard_task_runner.py:76} INFO - Running: ['airflow', 'tasks', 'run', 'docker_sample', 'sleep', '2021-04-19T01:10:00+00:00', '--job-id', '28', '--pool', 'default_pool', '--raw', '--subdir', 'DAGS_FOLDER/dockerOperator.py', '--cfg-path', '/tmp/tmpw_t3qzpf', '--error-file', '/tmp/tmprwbndnbc']
[2021-04-21 20:06:21,528] {standard_task_runner.py:77} INFO - Job 28: Subtask sleep
[2021-04-21 20:06:21,666] {logging_mixin.py:104} INFO - Running <TaskInstance: docker_sample.sleep 2021-04-19T01:10:00+00:00 [running]> on host 5af2b1cab26e
[2021-04-21 20:06:21,813] {taskinstance.py:1257} INFO - Exporting the following env vars:
AIRFLOW_CTX_DAG_EMAIL=airflow@example.com
AIRFLOW_CTX_DAG_OWNER=airflow
AIRFLOW_CTX_DAG_ID=docker_sample
AIRFLOW_CTX_TASK_ID=sleep
AIRFLOW_CTX_EXECUTION_DATE=2021-04-19T01:10:00+00:00
AIRFLOW_CTX_DAG_RUN_ID=scheduled__2021-04-19T01:10:00+00:00
[2021-04-21 20:06:21,815] {bash.py:135} INFO - Tmp dir root location: 
 /tmp
[2021-04-21 20:06:21,817] {bash.py:158} INFO - Running command: sleep 5
[2021-04-21 20:06:21,853] {bash.py:169} INFO - Output:
[2021-04-21 20:06:26,858] {bash.py:177} INFO - Command exited with return code 0
[2021-04-21 20:06:26,892] {taskinstance.py:1166} INFO - Marking task as SUCCESS. dag_id=docker_sample, task_id=sleep, execution_date=20210419T011000, start_date=20210421T200621, end_date=20210421T200626
[2021-04-21 20:06:26,921] {taskinstance.py:1220} INFO - 0 downstream tasks scheduled from follow-on schedule check
[2021-04-21 20:06:26,946] {local_task_job.py:146} INFO - Task exited with return code 0
[2021-04-21 20:13:12,286] {taskinstance.py:851} INFO - Dependencies all met for <TaskInstance: docker_sample.sleep 2021-04-19T01:10:00+00:00 [queued]>
[2021-04-21 20:13:12,304] {taskinstance.py:851} INFO - Dependencies all met for <TaskInstance: docker_sample.sleep 2021-04-19T01:10:00+00:00 [queued]>
[2021-04-21 20:13:12,306] {taskinstance.py:1042} INFO - 
--------------------------------------------------------------------------------
[2021-04-21 20:13:12,306] {taskinstance.py:1043} INFO - Starting attempt 1 of 4
[2021-04-21 20:13:12,307] {taskinstance.py:1044} INFO - 
--------------------------------------------------------------------------------
[2021-04-21 20:13:12,317] {taskinstance.py:1063} INFO - Executing <Task(BashOperator): sleep> on 2021-04-19T01:10:00+00:00
[2021-04-21 20:13:12,330] {standard_task_runner.py:76} INFO - Running: ['airflow', 'tasks', 'run', 'docker_sample', 'sleep', '2021-04-19T01:10:00+00:00', '--job-id', '90', '--pool', 'default_pool', '--raw', '--subdir', 'DAGS_FOLDER/dockerOperator.py', '--cfg-path', '/tmp/tmpu_bu5kw5', '--error-file', '/tmp/tmpfepcwpfu']
[2021-04-21 20:13:12,326] {standard_task_runner.py:52} INFO - Started process 141 to run task
[2021-04-21 20:13:12,336] {standard_task_runner.py:77} INFO - Job 90: Subtask sleep
[2021-04-21 20:13:12,422] {logging_mixin.py:104} INFO - Running <TaskInstance: docker_sample.sleep 2021-04-19T01:10:00+00:00 [running]> on host 5af2b1cab26e
[2021-04-21 20:13:12,479] {taskinstance.py:1257} INFO - Exporting the following env vars:
AIRFLOW_CTX_DAG_EMAIL=airflow@example.com
AIRFLOW_CTX_DAG_OWNER=airflow
AIRFLOW_CTX_DAG_ID=docker_sample
AIRFLOW_CTX_TASK_ID=sleep
AIRFLOW_CTX_EXECUTION_DATE=2021-04-19T01:10:00+00:00
AIRFLOW_CTX_DAG_RUN_ID=scheduled__2021-04-19T01:10:00+00:00
[2021-04-21 20:13:12,482] {bash.py:135} INFO - Tmp dir root location: 
 /tmp
[2021-04-21 20:13:12,483] {bash.py:158} INFO - Running command: sleep 5
[2021-04-21 20:13:12,496] {bash.py:169} INFO - Output:
[2021-04-21 20:13:17,507] {bash.py:177} INFO - Command exited with return code 0
[2021-04-21 20:13:17,530] {taskinstance.py:1166} INFO - Marking task as SUCCESS. dag_id=docker_sample, task_id=sleep, execution_date=20210419T011000, start_date=20210421T201312, end_date=20210421T201317
[2021-04-21 20:13:17,562] {taskinstance.py:1220} INFO - 0 downstream tasks scheduled from follow-on schedule check
[2021-04-21 20:13:17,611] {local_task_job.py:146} INFO - Task exited with return code 0
