[2021-04-21 20:06:24,385] {taskinstance.py:851} INFO - Dependencies all met for <TaskInstance: docker_sample.sleep 2021-04-19T02:00:00+00:00 [queued]>
[2021-04-21 20:06:24,396] {taskinstance.py:851} INFO - Dependencies all met for <TaskInstance: docker_sample.sleep 2021-04-19T02:00:00+00:00 [queued]>
[2021-04-21 20:06:24,397] {taskinstance.py:1042} INFO - 
--------------------------------------------------------------------------------
[2021-04-21 20:06:24,398] {taskinstance.py:1043} INFO - Starting attempt 1 of 4
[2021-04-21 20:06:24,399] {taskinstance.py:1044} INFO - 
--------------------------------------------------------------------------------
[2021-04-21 20:06:24,415] {taskinstance.py:1063} INFO - Executing <Task(BashOperator): sleep> on 2021-04-19T02:00:00+00:00
[2021-04-21 20:06:24,421] {standard_task_runner.py:52} INFO - Started process 155 to run task
[2021-04-21 20:06:24,432] {standard_task_runner.py:76} INFO - Running: ['airflow', 'tasks', 'run', 'docker_sample', 'sleep', '2021-04-19T02:00:00+00:00', '--job-id', '46', '--pool', 'default_pool', '--raw', '--subdir', 'DAGS_FOLDER/dockerOperator.py', '--cfg-path', '/tmp/tmpemj6kq1i', '--error-file', '/tmp/tmpkj339apr']
[2021-04-21 20:06:24,433] {standard_task_runner.py:77} INFO - Job 46: Subtask sleep
[2021-04-21 20:06:24,510] {logging_mixin.py:104} INFO - Running <TaskInstance: docker_sample.sleep 2021-04-19T02:00:00+00:00 [running]> on host 5af2b1cab26e
[2021-04-21 20:06:24,564] {taskinstance.py:1257} INFO - Exporting the following env vars:
AIRFLOW_CTX_DAG_EMAIL=airflow@example.com
AIRFLOW_CTX_DAG_OWNER=airflow
AIRFLOW_CTX_DAG_ID=docker_sample
AIRFLOW_CTX_TASK_ID=sleep
AIRFLOW_CTX_EXECUTION_DATE=2021-04-19T02:00:00+00:00
AIRFLOW_CTX_DAG_RUN_ID=scheduled__2021-04-19T02:00:00+00:00
[2021-04-21 20:06:24,566] {bash.py:135} INFO - Tmp dir root location: 
 /tmp
[2021-04-21 20:06:24,567] {bash.py:158} INFO - Running command: sleep 5
[2021-04-21 20:06:24,580] {bash.py:169} INFO - Output:
[2021-04-21 20:06:29,584] {bash.py:177} INFO - Command exited with return code 0
[2021-04-21 20:06:29,615] {taskinstance.py:1166} INFO - Marking task as SUCCESS. dag_id=docker_sample, task_id=sleep, execution_date=20210419T020000, start_date=20210421T200624, end_date=20210421T200629
[2021-04-21 20:06:29,637] {taskinstance.py:1220} INFO - 0 downstream tasks scheduled from follow-on schedule check
[2021-04-21 20:06:29,656] {local_task_job.py:146} INFO - Task exited with return code 0
[2021-04-21 20:13:14,540] {taskinstance.py:851} INFO - Dependencies all met for <TaskInstance: docker_sample.sleep 2021-04-19T02:00:00+00:00 [queued]>
[2021-04-21 20:13:14,591] {taskinstance.py:851} INFO - Dependencies all met for <TaskInstance: docker_sample.sleep 2021-04-19T02:00:00+00:00 [queued]>
[2021-04-21 20:13:14,593] {taskinstance.py:1042} INFO - 
--------------------------------------------------------------------------------
[2021-04-21 20:13:14,597] {taskinstance.py:1043} INFO - Starting attempt 1 of 4
[2021-04-21 20:13:14,599] {taskinstance.py:1044} INFO - 
--------------------------------------------------------------------------------
[2021-04-21 20:13:14,623] {taskinstance.py:1063} INFO - Executing <Task(BashOperator): sleep> on 2021-04-19T02:00:00+00:00
[2021-04-21 20:13:14,639] {standard_task_runner.py:52} INFO - Started process 176 to run task
[2021-04-21 20:13:14,654] {standard_task_runner.py:76} INFO - Running: ['airflow', 'tasks', 'run', 'docker_sample', 'sleep', '2021-04-19T02:00:00+00:00', '--job-id', '100', '--pool', 'default_pool', '--raw', '--subdir', 'DAGS_FOLDER/dockerOperator.py', '--cfg-path', '/tmp/tmp6fr2m23p', '--error-file', '/tmp/tmpcxnuk1az']
[2021-04-21 20:13:14,656] {standard_task_runner.py:77} INFO - Job 100: Subtask sleep
[2021-04-21 20:13:14,805] {logging_mixin.py:104} INFO - Running <TaskInstance: docker_sample.sleep 2021-04-19T02:00:00+00:00 [running]> on host 5af2b1cab26e
[2021-04-21 20:13:14,907] {taskinstance.py:1257} INFO - Exporting the following env vars:
AIRFLOW_CTX_DAG_EMAIL=airflow@example.com
AIRFLOW_CTX_DAG_OWNER=airflow
AIRFLOW_CTX_DAG_ID=docker_sample
AIRFLOW_CTX_TASK_ID=sleep
AIRFLOW_CTX_EXECUTION_DATE=2021-04-19T02:00:00+00:00
AIRFLOW_CTX_DAG_RUN_ID=scheduled__2021-04-19T02:00:00+00:00
[2021-04-21 20:13:14,910] {bash.py:135} INFO - Tmp dir root location: 
 /tmp
[2021-04-21 20:13:14,911] {bash.py:158} INFO - Running command: sleep 5
[2021-04-21 20:13:14,951] {bash.py:169} INFO - Output:
[2021-04-21 20:13:19,956] {bash.py:177} INFO - Command exited with return code 0
[2021-04-21 20:13:19,984] {taskinstance.py:1166} INFO - Marking task as SUCCESS. dag_id=docker_sample, task_id=sleep, execution_date=20210419T020000, start_date=20210421T201314, end_date=20210421T201319
[2021-04-21 20:13:20,007] {taskinstance.py:1220} INFO - 0 downstream tasks scheduled from follow-on schedule check
[2021-04-21 20:13:20,030] {local_task_job.py:146} INFO - Task exited with return code 0
