[2021-04-21 20:06:20,460] {taskinstance.py:851} INFO - Dependencies all met for <TaskInstance: docker_sample.print_date 2021-04-19T01:30:00+00:00 [queued]>
[2021-04-21 20:06:20,519] {taskinstance.py:851} INFO - Dependencies all met for <TaskInstance: docker_sample.print_date 2021-04-19T01:30:00+00:00 [queued]>
[2021-04-21 20:06:20,521] {taskinstance.py:1042} INFO - 
--------------------------------------------------------------------------------
[2021-04-21 20:06:20,527] {taskinstance.py:1043} INFO - Starting attempt 1 of 2
[2021-04-21 20:06:20,531] {taskinstance.py:1044} INFO - 
--------------------------------------------------------------------------------
[2021-04-21 20:06:20,555] {taskinstance.py:1063} INFO - Executing <Task(BashOperator): print_date> on 2021-04-19T01:30:00+00:00
[2021-04-21 20:06:20,565] {standard_task_runner.py:52} INFO - Started process 104 to run task
[2021-04-21 20:06:20,624] {standard_task_runner.py:76} INFO - Running: ['airflow', 'tasks', 'run', 'docker_sample', 'print_date', '2021-04-19T01:30:00+00:00', '--job-id', '23', '--pool', 'default_pool', '--raw', '--subdir', 'DAGS_FOLDER/dockerOperator.py', '--cfg-path', '/tmp/tmpqsbnk656', '--error-file', '/tmp/tmpmtpxxv16']
[2021-04-21 20:06:20,632] {standard_task_runner.py:77} INFO - Job 23: Subtask print_date
[2021-04-21 20:06:20,811] {logging_mixin.py:104} INFO - Running <TaskInstance: docker_sample.print_date 2021-04-19T01:30:00+00:00 [running]> on host 5af2b1cab26e
[2021-04-21 20:06:20,929] {taskinstance.py:1257} INFO - Exporting the following env vars:
AIRFLOW_CTX_DAG_EMAIL=airflow@example.com
AIRFLOW_CTX_DAG_OWNER=airflow
AIRFLOW_CTX_DAG_ID=docker_sample
AIRFLOW_CTX_TASK_ID=print_date
AIRFLOW_CTX_EXECUTION_DATE=2021-04-19T01:30:00+00:00
AIRFLOW_CTX_DAG_RUN_ID=scheduled__2021-04-19T01:30:00+00:00
[2021-04-21 20:06:20,934] {bash.py:135} INFO - Tmp dir root location: 
 /tmp
[2021-04-21 20:06:20,935] {bash.py:158} INFO - Running command: date
[2021-04-21 20:06:20,973] {bash.py:169} INFO - Output:
[2021-04-21 20:06:20,980] {bash.py:173} INFO - Wed Apr 21 20:06:20 UTC 2021
[2021-04-21 20:06:20,982] {bash.py:177} INFO - Command exited with return code 0
[2021-04-21 20:06:21,111] {taskinstance.py:1166} INFO - Marking task as SUCCESS. dag_id=docker_sample, task_id=print_date, execution_date=20210419T013000, start_date=20210421T200620, end_date=20210421T200621
[2021-04-21 20:06:21,239] {taskinstance.py:1220} INFO - 2 downstream tasks scheduled from follow-on schedule check
[2021-04-21 20:06:21,268] {local_task_job.py:146} INFO - Task exited with return code 0
[2021-04-21 20:12:26,488] {taskinstance.py:851} INFO - Dependencies all met for <TaskInstance: docker_sample.print_date 2021-04-19T01:30:00+00:00 [queued]>
[2021-04-21 20:12:26,506] {taskinstance.py:851} INFO - Dependencies all met for <TaskInstance: docker_sample.print_date 2021-04-19T01:30:00+00:00 [queued]>
[2021-04-21 20:12:26,507] {taskinstance.py:1042} INFO - 
--------------------------------------------------------------------------------
[2021-04-21 20:12:26,508] {taskinstance.py:1043} INFO - Starting attempt 1 of 2
[2021-04-21 20:12:26,509] {taskinstance.py:1044} INFO - 
--------------------------------------------------------------------------------
[2021-04-21 20:12:26,519] {taskinstance.py:1063} INFO - Executing <Task(BashOperator): print_date> on 2021-04-19T01:30:00+00:00
[2021-04-21 20:12:26,524] {standard_task_runner.py:52} INFO - Started process 101 to run task
[2021-04-21 20:12:26,529] {standard_task_runner.py:76} INFO - Running: ['airflow', 'tasks', 'run', 'docker_sample', 'print_date', '2021-04-19T01:30:00+00:00', '--job-id', '72', '--pool', 'default_pool', '--raw', '--subdir', 'DAGS_FOLDER/dockerOperator.py', '--cfg-path', '/tmp/tmp87flq48b', '--error-file', '/tmp/tmpjuayvwjw']
[2021-04-21 20:12:26,530] {standard_task_runner.py:77} INFO - Job 72: Subtask print_date
[2021-04-21 20:12:26,593] {logging_mixin.py:104} INFO - Running <TaskInstance: docker_sample.print_date 2021-04-19T01:30:00+00:00 [running]> on host 5af2b1cab26e
[2021-04-21 20:12:26,661] {taskinstance.py:1257} INFO - Exporting the following env vars:
AIRFLOW_CTX_DAG_EMAIL=airflow@example.com
AIRFLOW_CTX_DAG_OWNER=airflow
AIRFLOW_CTX_DAG_ID=docker_sample
AIRFLOW_CTX_TASK_ID=print_date
AIRFLOW_CTX_EXECUTION_DATE=2021-04-19T01:30:00+00:00
AIRFLOW_CTX_DAG_RUN_ID=scheduled__2021-04-19T01:30:00+00:00
[2021-04-21 20:12:26,663] {bash.py:135} INFO - Tmp dir root location: 
 /tmp
[2021-04-21 20:12:26,665] {bash.py:158} INFO - Running command: date
[2021-04-21 20:12:26,675] {bash.py:169} INFO - Output:
[2021-04-21 20:12:26,677] {bash.py:173} INFO - Wed Apr 21 20:12:26 UTC 2021
[2021-04-21 20:12:26,678] {bash.py:177} INFO - Command exited with return code 0
[2021-04-21 20:12:26,713] {taskinstance.py:1166} INFO - Marking task as SUCCESS. dag_id=docker_sample, task_id=print_date, execution_date=20210419T013000, start_date=20210421T201226, end_date=20210421T201226
[2021-04-21 20:12:26,775] {taskinstance.py:1220} INFO - 2 downstream tasks scheduled from follow-on schedule check
[2021-04-21 20:12:26,788] {local_task_job.py:146} INFO - Task exited with return code 0
