[2021-04-27 17:58:04,722] {taskinstance.py:851} INFO - Dependencies all met for <TaskInstance: docker_sample.sleep 2021-04-25T00:50:00+00:00 [queued]>
[2021-04-27 17:58:04,748] {taskinstance.py:851} INFO - Dependencies all met for <TaskInstance: docker_sample.sleep 2021-04-25T00:50:00+00:00 [queued]>
[2021-04-27 17:58:04,749] {taskinstance.py:1042} INFO - 
--------------------------------------------------------------------------------
[2021-04-27 17:58:04,750] {taskinstance.py:1043} INFO - Starting attempt 1 of 4
[2021-04-27 17:58:04,751] {taskinstance.py:1044} INFO - 
--------------------------------------------------------------------------------
[2021-04-27 17:58:04,767] {taskinstance.py:1063} INFO - Executing <Task(BashOperator): sleep> on 2021-04-25T00:50:00+00:00
[2021-04-27 17:58:04,777] {standard_task_runner.py:76} INFO - Running: ['airflow', 'tasks', 'run', 'docker_sample', 'sleep', '2021-04-25T00:50:00+00:00', '--job-id', '40', '--pool', 'default_pool', '--raw', '--subdir', 'DAGS_FOLDER/dockerOperator.py', '--cfg-path', '/tmp/tmpmmsvsa1f', '--error-file', '/tmp/tmp2w3uneyg']
[2021-04-27 17:58:04,778] {standard_task_runner.py:77} INFO - Job 40: Subtask sleep
[2021-04-27 17:58:04,772] {standard_task_runner.py:52} INFO - Started process 142 to run task
[2021-04-27 17:58:04,841] {logging_mixin.py:104} INFO - Running <TaskInstance: docker_sample.sleep 2021-04-25T00:50:00+00:00 [running]> on host 44e91a58ae1b
[2021-04-27 17:58:04,898] {taskinstance.py:1257} INFO - Exporting the following env vars:
AIRFLOW_CTX_DAG_EMAIL=airflow@example.com
AIRFLOW_CTX_DAG_OWNER=airflow
AIRFLOW_CTX_DAG_ID=docker_sample
AIRFLOW_CTX_TASK_ID=sleep
AIRFLOW_CTX_EXECUTION_DATE=2021-04-25T00:50:00+00:00
AIRFLOW_CTX_DAG_RUN_ID=scheduled__2021-04-25T00:50:00+00:00
[2021-04-27 17:58:04,900] {bash.py:135} INFO - Tmp dir root location: 
 /tmp
[2021-04-27 17:58:04,901] {bash.py:158} INFO - Running command: sleep 5
[2021-04-27 17:58:04,916] {bash.py:169} INFO - Output:
[2021-04-27 17:58:09,923] {bash.py:177} INFO - Command exited with return code 0
[2021-04-27 17:58:09,989] {taskinstance.py:1166} INFO - Marking task as SUCCESS. dag_id=docker_sample, task_id=sleep, execution_date=20210425T005000, start_date=20210427T175804, end_date=20210427T175809
[2021-04-27 17:58:10,124] {taskinstance.py:1220} INFO - 0 downstream tasks scheduled from follow-on schedule check
[2021-04-27 17:58:10,172] {local_task_job.py:146} INFO - Task exited with return code 0
