[2021-04-23 18:40:01,357] {scheduler_job.py:182} INFO - Started process (PID=247) to work on /opt/airflow/dags/kubernetesOperator3.py
[2021-04-23 18:40:01,358] {scheduler_job.py:629} INFO - Processing file /opt/airflow/dags/kubernetesOperator3.py for tasks to queue
[2021-04-23 18:40:01,359] {logging_mixin.py:104} INFO - [2021-04-23 18:40:01,359] {dagbag.py:448} INFO - Filling up the DagBag from /opt/airflow/dags/kubernetesOperator3.py
[2021-04-23 18:40:01,431] {logging_mixin.py:104} WARNING - /home/airflow/.local/lib/python3.6/site-packages/airflow/providers/cncf/kubernetes/backcompat/backwards_compat_converters.py:26 DeprecationWarning: This module is deprecated. Please use `kubernetes.client.models.V1Volume`.
[2021-04-23 18:40:01,433] {logging_mixin.py:104} WARNING - /home/airflow/.local/lib/python3.6/site-packages/airflow/providers/cncf/kubernetes/backcompat/backwards_compat_converters.py:27 DeprecationWarning: This module is deprecated. Please use `kubernetes.client.models.V1VolumeMount`.
[2021-04-23 18:40:01,444] {scheduler_job.py:639} INFO - DAG(s) dict_keys(['ks-5-example_kubernetes_pod']) retrieved from /opt/airflow/dags/kubernetesOperator3.py
[2021-04-23 18:40:01,467] {logging_mixin.py:104} INFO - [2021-04-23 18:40:01,467] {dag.py:1818} INFO - Sync 1 DAGs
[2021-04-23 18:40:01,478] {logging_mixin.py:104} INFO - [2021-04-23 18:40:01,478] {dag.py:1837} INFO - Creating ORM DAG for ks-5-example_kubernetes_pod
[2021-04-23 18:40:01,484] {logging_mixin.py:104} INFO - [2021-04-23 18:40:01,484] {dag.py:2273} INFO - Setting next_dagrun for ks-5-example_kubernetes_pod to 2019-01-01T00:00:00+00:00
[2021-04-23 18:40:01,495] {scheduler_job.py:190} INFO - Processing /opt/airflow/dags/kubernetesOperator3.py took 0.141 seconds
[2021-04-23 18:40:31,527] {scheduler_job.py:182} INFO - Started process (PID=250) to work on /opt/airflow/dags/kubernetesOperator3.py
[2021-04-23 18:40:31,528] {scheduler_job.py:629} INFO - Processing file /opt/airflow/dags/kubernetesOperator3.py for tasks to queue
[2021-04-23 18:40:31,530] {logging_mixin.py:104} INFO - [2021-04-23 18:40:31,530] {dagbag.py:448} INFO - Filling up the DagBag from /opt/airflow/dags/kubernetesOperator3.py
[2021-04-23 18:40:31,581] {logging_mixin.py:104} WARNING - /home/airflow/.local/lib/python3.6/site-packages/airflow/providers/cncf/kubernetes/backcompat/backwards_compat_converters.py:26 DeprecationWarning: This module is deprecated. Please use `kubernetes.client.models.V1Volume`.
[2021-04-23 18:40:31,583] {logging_mixin.py:104} WARNING - /home/airflow/.local/lib/python3.6/site-packages/airflow/providers/cncf/kubernetes/backcompat/backwards_compat_converters.py:27 DeprecationWarning: This module is deprecated. Please use `kubernetes.client.models.V1VolumeMount`.
[2021-04-23 18:40:31,595] {scheduler_job.py:639} INFO - DAG(s) dict_keys(['ks-5-example_kubernetes_pod']) retrieved from /opt/airflow/dags/kubernetesOperator3.py
[2021-04-23 18:40:31,616] {logging_mixin.py:104} INFO - [2021-04-23 18:40:31,616] {dag.py:1818} INFO - Sync 1 DAGs
[2021-04-23 18:40:31,631] {logging_mixin.py:104} INFO - [2021-04-23 18:40:31,630] {dag.py:2273} INFO - Setting next_dagrun for ks-5-example_kubernetes_pod to 2019-01-01T00:00:00+00:00
[2021-04-23 18:40:31,639] {scheduler_job.py:190} INFO - Processing /opt/airflow/dags/kubernetesOperator3.py took 0.116 seconds
[2021-04-23 18:41:01,682] {scheduler_job.py:182} INFO - Started process (PID=253) to work on /opt/airflow/dags/kubernetesOperator3.py
[2021-04-23 18:41:01,685] {scheduler_job.py:629} INFO - Processing file /opt/airflow/dags/kubernetesOperator3.py for tasks to queue
[2021-04-23 18:41:01,686] {logging_mixin.py:104} INFO - [2021-04-23 18:41:01,686] {dagbag.py:448} INFO - Filling up the DagBag from /opt/airflow/dags/kubernetesOperator3.py
[2021-04-23 18:41:01,739] {logging_mixin.py:104} WARNING - /home/airflow/.local/lib/python3.6/site-packages/airflow/providers/cncf/kubernetes/backcompat/backwards_compat_converters.py:26 DeprecationWarning: This module is deprecated. Please use `kubernetes.client.models.V1Volume`.
[2021-04-23 18:41:01,741] {logging_mixin.py:104} WARNING - /home/airflow/.local/lib/python3.6/site-packages/airflow/providers/cncf/kubernetes/backcompat/backwards_compat_converters.py:27 DeprecationWarning: This module is deprecated. Please use `kubernetes.client.models.V1VolumeMount`.
[2021-04-23 18:41:01,751] {scheduler_job.py:639} INFO - DAG(s) dict_keys(['ks-5-example_kubernetes_pod']) retrieved from /opt/airflow/dags/kubernetesOperator3.py
[2021-04-23 18:41:01,771] {logging_mixin.py:104} INFO - [2021-04-23 18:41:01,771] {dag.py:1818} INFO - Sync 1 DAGs
[2021-04-23 18:41:01,785] {logging_mixin.py:104} INFO - [2021-04-23 18:41:01,785] {dag.py:2273} INFO - Setting next_dagrun for ks-5-example_kubernetes_pod to None
[2021-04-23 18:41:01,793] {scheduler_job.py:190} INFO - Processing /opt/airflow/dags/kubernetesOperator3.py took 0.115 seconds
[2021-04-23 18:41:31,870] {scheduler_job.py:182} INFO - Started process (PID=256) to work on /opt/airflow/dags/kubernetesOperator3.py
[2021-04-23 18:41:31,872] {scheduler_job.py:629} INFO - Processing file /opt/airflow/dags/kubernetesOperator3.py for tasks to queue
[2021-04-23 18:41:31,874] {logging_mixin.py:104} INFO - [2021-04-23 18:41:31,874] {dagbag.py:448} INFO - Filling up the DagBag from /opt/airflow/dags/kubernetesOperator3.py
[2021-04-23 18:41:31,923] {logging_mixin.py:104} WARNING - /home/airflow/.local/lib/python3.6/site-packages/airflow/providers/cncf/kubernetes/backcompat/backwards_compat_converters.py:26 DeprecationWarning: This module is deprecated. Please use `kubernetes.client.models.V1Volume`.
[2021-04-23 18:41:31,925] {logging_mixin.py:104} WARNING - /home/airflow/.local/lib/python3.6/site-packages/airflow/providers/cncf/kubernetes/backcompat/backwards_compat_converters.py:27 DeprecationWarning: This module is deprecated. Please use `kubernetes.client.models.V1VolumeMount`.
[2021-04-23 18:41:31,936] {scheduler_job.py:639} INFO - DAG(s) dict_keys(['ks-5-example_kubernetes_pod']) retrieved from /opt/airflow/dags/kubernetesOperator3.py
[2021-04-23 18:41:31,959] {logging_mixin.py:104} INFO - [2021-04-23 18:41:31,959] {dag.py:1818} INFO - Sync 1 DAGs
[2021-04-23 18:41:31,973] {logging_mixin.py:104} INFO - [2021-04-23 18:41:31,973] {dag.py:2273} INFO - Setting next_dagrun for ks-5-example_kubernetes_pod to None
[2021-04-23 18:41:31,979] {scheduler_job.py:190} INFO - Processing /opt/airflow/dags/kubernetesOperator3.py took 0.113 seconds
[2021-04-23 18:42:02,037] {scheduler_job.py:182} INFO - Started process (PID=259) to work on /opt/airflow/dags/kubernetesOperator3.py
[2021-04-23 18:42:02,038] {scheduler_job.py:629} INFO - Processing file /opt/airflow/dags/kubernetesOperator3.py for tasks to queue
[2021-04-23 18:42:02,040] {logging_mixin.py:104} INFO - [2021-04-23 18:42:02,039] {dagbag.py:448} INFO - Filling up the DagBag from /opt/airflow/dags/kubernetesOperator3.py
[2021-04-23 18:42:02,091] {logging_mixin.py:104} WARNING - /home/airflow/.local/lib/python3.6/site-packages/airflow/providers/cncf/kubernetes/backcompat/backwards_compat_converters.py:26 DeprecationWarning: This module is deprecated. Please use `kubernetes.client.models.V1Volume`.
[2021-04-23 18:42:02,092] {logging_mixin.py:104} WARNING - /home/airflow/.local/lib/python3.6/site-packages/airflow/providers/cncf/kubernetes/backcompat/backwards_compat_converters.py:27 DeprecationWarning: This module is deprecated. Please use `kubernetes.client.models.V1VolumeMount`.
[2021-04-23 18:42:02,103] {scheduler_job.py:639} INFO - DAG(s) dict_keys(['ks-5-example_kubernetes_pod']) retrieved from /opt/airflow/dags/kubernetesOperator3.py
[2021-04-23 18:42:02,127] {logging_mixin.py:104} INFO - [2021-04-23 18:42:02,127] {dag.py:1818} INFO - Sync 1 DAGs
[2021-04-23 18:42:02,135] {logging_mixin.py:104} INFO - [2021-04-23 18:42:02,135] {dag.py:1837} INFO - Creating ORM DAG for ks-5-example_kubernetes_pod
[2021-04-23 18:42:02,140] {logging_mixin.py:104} INFO - [2021-04-23 18:42:02,140] {dag.py:2273} INFO - Setting next_dagrun for ks-5-example_kubernetes_pod to 2019-01-01T00:00:00+00:00
[2021-04-23 18:42:02,149] {scheduler_job.py:190} INFO - Processing /opt/airflow/dags/kubernetesOperator3.py took 0.116 seconds
[2021-04-23 18:42:32,200] {scheduler_job.py:182} INFO - Started process (PID=262) to work on /opt/airflow/dags/kubernetesOperator3.py
[2021-04-23 18:42:32,202] {scheduler_job.py:629} INFO - Processing file /opt/airflow/dags/kubernetesOperator3.py for tasks to queue
[2021-04-23 18:42:32,203] {logging_mixin.py:104} INFO - [2021-04-23 18:42:32,203] {dagbag.py:448} INFO - Filling up the DagBag from /opt/airflow/dags/kubernetesOperator3.py
[2021-04-23 18:42:32,256] {logging_mixin.py:104} WARNING - /home/airflow/.local/lib/python3.6/site-packages/airflow/providers/cncf/kubernetes/backcompat/backwards_compat_converters.py:26 DeprecationWarning: This module is deprecated. Please use `kubernetes.client.models.V1Volume`.
[2021-04-23 18:42:32,257] {logging_mixin.py:104} WARNING - /home/airflow/.local/lib/python3.6/site-packages/airflow/providers/cncf/kubernetes/backcompat/backwards_compat_converters.py:27 DeprecationWarning: This module is deprecated. Please use `kubernetes.client.models.V1VolumeMount`.
[2021-04-23 18:42:32,266] {scheduler_job.py:639} INFO - DAG(s) dict_keys(['ks-5-example_kubernetes_pod']) retrieved from /opt/airflow/dags/kubernetesOperator3.py
[2021-04-23 18:42:32,287] {logging_mixin.py:104} INFO - [2021-04-23 18:42:32,286] {dag.py:1818} INFO - Sync 1 DAGs
[2021-04-23 18:42:32,300] {logging_mixin.py:104} INFO - [2021-04-23 18:42:32,300] {dag.py:2273} INFO - Setting next_dagrun for ks-5-example_kubernetes_pod to 2019-01-01T00:00:00+00:00
[2021-04-23 18:42:32,307] {scheduler_job.py:190} INFO - Processing /opt/airflow/dags/kubernetesOperator3.py took 0.111 seconds
[2021-04-23 18:43:02,370] {scheduler_job.py:182} INFO - Started process (PID=265) to work on /opt/airflow/dags/kubernetesOperator3.py
[2021-04-23 18:43:02,372] {scheduler_job.py:629} INFO - Processing file /opt/airflow/dags/kubernetesOperator3.py for tasks to queue
[2021-04-23 18:43:02,373] {logging_mixin.py:104} INFO - [2021-04-23 18:43:02,373] {dagbag.py:448} INFO - Filling up the DagBag from /opt/airflow/dags/kubernetesOperator3.py
[2021-04-23 18:43:02,375] {scheduler_job.py:641} WARNING - No viable dags retrieved from /opt/airflow/dags/kubernetesOperator3.py
[2021-04-23 18:43:02,376] {scheduler_job.py:190} INFO - Processing /opt/airflow/dags/kubernetesOperator3.py took 0.010 seconds
[2021-04-23 18:43:32,545] {scheduler_job.py:182} INFO - Started process (PID=268) to work on /opt/airflow/dags/kubernetesOperator3.py
[2021-04-23 18:43:32,547] {scheduler_job.py:629} INFO - Processing file /opt/airflow/dags/kubernetesOperator3.py for tasks to queue
[2021-04-23 18:43:32,548] {logging_mixin.py:104} INFO - [2021-04-23 18:43:32,548] {dagbag.py:448} INFO - Filling up the DagBag from /opt/airflow/dags/kubernetesOperator3.py
[2021-04-23 18:43:32,550] {scheduler_job.py:641} WARNING - No viable dags retrieved from /opt/airflow/dags/kubernetesOperator3.py
[2021-04-23 18:43:32,551] {scheduler_job.py:190} INFO - Processing /opt/airflow/dags/kubernetesOperator3.py took 0.010 seconds
[2021-04-23 18:44:02,723] {scheduler_job.py:182} INFO - Started process (PID=271) to work on /opt/airflow/dags/kubernetesOperator3.py
[2021-04-23 18:44:02,726] {scheduler_job.py:629} INFO - Processing file /opt/airflow/dags/kubernetesOperator3.py for tasks to queue
[2021-04-23 18:44:02,727] {logging_mixin.py:104} INFO - [2021-04-23 18:44:02,727] {dagbag.py:448} INFO - Filling up the DagBag from /opt/airflow/dags/kubernetesOperator3.py
[2021-04-23 18:44:02,729] {scheduler_job.py:641} WARNING - No viable dags retrieved from /opt/airflow/dags/kubernetesOperator3.py
[2021-04-23 18:44:02,730] {scheduler_job.py:190} INFO - Processing /opt/airflow/dags/kubernetesOperator3.py took 0.011 seconds
[2021-04-23 18:44:32,911] {scheduler_job.py:182} INFO - Started process (PID=274) to work on /opt/airflow/dags/kubernetesOperator3.py
[2021-04-23 18:44:32,913] {scheduler_job.py:629} INFO - Processing file /opt/airflow/dags/kubernetesOperator3.py for tasks to queue
[2021-04-23 18:44:32,914] {logging_mixin.py:104} INFO - [2021-04-23 18:44:32,914] {dagbag.py:448} INFO - Filling up the DagBag from /opt/airflow/dags/kubernetesOperator3.py
[2021-04-23 18:44:32,916] {scheduler_job.py:641} WARNING - No viable dags retrieved from /opt/airflow/dags/kubernetesOperator3.py
[2021-04-23 18:44:32,917] {scheduler_job.py:190} INFO - Processing /opt/airflow/dags/kubernetesOperator3.py took 0.009 seconds
