[2021-04-23 17:31:35,096] {scheduler_job.py:182} INFO - Started process (PID=56) to work on /opt/airflow/dags/kubernetesOperator2.py
[2021-04-23 17:31:35,098] {scheduler_job.py:629} INFO - Processing file /opt/airflow/dags/kubernetesOperator2.py for tasks to queue
[2021-04-23 17:31:35,099] {logging_mixin.py:104} INFO - [2021-04-23 17:31:35,099] {dagbag.py:448} INFO - Filling up the DagBag from /opt/airflow/dags/kubernetesOperator2.py
[2021-04-23 17:31:35,163] {logging_mixin.py:104} WARNING - /home/airflow/.local/lib/python3.6/site-packages/airflow/providers/cncf/kubernetes/backcompat/backwards_compat_converters.py:26 DeprecationWarning: This module is deprecated. Please use `kubernetes.client.models.V1Volume`.
[2021-04-23 17:31:35,165] {logging_mixin.py:104} WARNING - /home/airflow/.local/lib/python3.6/site-packages/airflow/providers/cncf/kubernetes/backcompat/backwards_compat_converters.py:27 DeprecationWarning: This module is deprecated. Please use `kubernetes.client.models.V1VolumeMount`.
[2021-04-23 17:31:35,178] {scheduler_job.py:639} INFO - DAG(s) dict_keys(['ks-4-example_kubernetes_pod']) retrieved from /opt/airflow/dags/kubernetesOperator2.py
[2021-04-23 17:31:35,201] {logging_mixin.py:104} INFO - [2021-04-23 17:31:35,201] {dag.py:1818} INFO - Sync 1 DAGs
[2021-04-23 17:31:35,215] {logging_mixin.py:104} INFO - [2021-04-23 17:31:35,215] {dag.py:2273} INFO - Setting next_dagrun for ks-4-example_kubernetes_pod to None
[2021-04-23 17:31:35,229] {scheduler_job.py:190} INFO - Processing /opt/airflow/dags/kubernetesOperator2.py took 0.135 seconds
[2021-04-23 17:32:05,277] {scheduler_job.py:182} INFO - Started process (PID=59) to work on /opt/airflow/dags/kubernetesOperator2.py
[2021-04-23 17:32:05,280] {scheduler_job.py:629} INFO - Processing file /opt/airflow/dags/kubernetesOperator2.py for tasks to queue
[2021-04-23 17:32:05,281] {logging_mixin.py:104} INFO - [2021-04-23 17:32:05,281] {dagbag.py:448} INFO - Filling up the DagBag from /opt/airflow/dags/kubernetesOperator2.py
[2021-04-23 17:32:05,334] {logging_mixin.py:104} WARNING - /home/airflow/.local/lib/python3.6/site-packages/airflow/providers/cncf/kubernetes/backcompat/backwards_compat_converters.py:26 DeprecationWarning: This module is deprecated. Please use `kubernetes.client.models.V1Volume`.
[2021-04-23 17:32:05,336] {logging_mixin.py:104} WARNING - /home/airflow/.local/lib/python3.6/site-packages/airflow/providers/cncf/kubernetes/backcompat/backwards_compat_converters.py:27 DeprecationWarning: This module is deprecated. Please use `kubernetes.client.models.V1VolumeMount`.
[2021-04-23 17:32:05,346] {scheduler_job.py:639} INFO - DAG(s) dict_keys(['ks-4-example_kubernetes_pod']) retrieved from /opt/airflow/dags/kubernetesOperator2.py
[2021-04-23 17:32:05,365] {logging_mixin.py:104} INFO - [2021-04-23 17:32:05,365] {dag.py:1818} INFO - Sync 1 DAGs
[2021-04-23 17:32:05,379] {logging_mixin.py:104} INFO - [2021-04-23 17:32:05,379] {dag.py:2273} INFO - Setting next_dagrun for ks-4-example_kubernetes_pod to None
[2021-04-23 17:32:05,386] {scheduler_job.py:190} INFO - Processing /opt/airflow/dags/kubernetesOperator2.py took 0.113 seconds
[2021-04-23 17:32:35,439] {scheduler_job.py:182} INFO - Started process (PID=62) to work on /opt/airflow/dags/kubernetesOperator2.py
[2021-04-23 17:32:35,441] {scheduler_job.py:629} INFO - Processing file /opt/airflow/dags/kubernetesOperator2.py for tasks to queue
[2021-04-23 17:32:35,442] {logging_mixin.py:104} INFO - [2021-04-23 17:32:35,442] {dagbag.py:448} INFO - Filling up the DagBag from /opt/airflow/dags/kubernetesOperator2.py
[2021-04-23 17:32:35,493] {logging_mixin.py:104} WARNING - /home/airflow/.local/lib/python3.6/site-packages/airflow/providers/cncf/kubernetes/backcompat/backwards_compat_converters.py:26 DeprecationWarning: This module is deprecated. Please use `kubernetes.client.models.V1Volume`.
[2021-04-23 17:32:35,494] {logging_mixin.py:104} WARNING - /home/airflow/.local/lib/python3.6/site-packages/airflow/providers/cncf/kubernetes/backcompat/backwards_compat_converters.py:27 DeprecationWarning: This module is deprecated. Please use `kubernetes.client.models.V1VolumeMount`.
[2021-04-23 17:32:35,504] {scheduler_job.py:639} INFO - DAG(s) dict_keys(['ks-4-example_kubernetes_pod']) retrieved from /opt/airflow/dags/kubernetesOperator2.py
[2021-04-23 17:32:35,526] {logging_mixin.py:104} INFO - [2021-04-23 17:32:35,526] {dag.py:1818} INFO - Sync 1 DAGs
[2021-04-23 17:32:35,540] {logging_mixin.py:104} INFO - [2021-04-23 17:32:35,540] {dag.py:2273} INFO - Setting next_dagrun for ks-4-example_kubernetes_pod to None
[2021-04-23 17:32:35,548] {scheduler_job.py:190} INFO - Processing /opt/airflow/dags/kubernetesOperator2.py took 0.112 seconds
[2021-04-23 17:33:05,610] {scheduler_job.py:182} INFO - Started process (PID=65) to work on /opt/airflow/dags/kubernetesOperator2.py
[2021-04-23 17:33:05,611] {scheduler_job.py:629} INFO - Processing file /opt/airflow/dags/kubernetesOperator2.py for tasks to queue
[2021-04-23 17:33:05,613] {logging_mixin.py:104} INFO - [2021-04-23 17:33:05,612] {dagbag.py:448} INFO - Filling up the DagBag from /opt/airflow/dags/kubernetesOperator2.py
[2021-04-23 17:33:05,667] {logging_mixin.py:104} WARNING - /home/airflow/.local/lib/python3.6/site-packages/airflow/providers/cncf/kubernetes/backcompat/backwards_compat_converters.py:26 DeprecationWarning: This module is deprecated. Please use `kubernetes.client.models.V1Volume`.
[2021-04-23 17:33:05,669] {logging_mixin.py:104} WARNING - /home/airflow/.local/lib/python3.6/site-packages/airflow/providers/cncf/kubernetes/backcompat/backwards_compat_converters.py:27 DeprecationWarning: This module is deprecated. Please use `kubernetes.client.models.V1VolumeMount`.
[2021-04-23 17:33:05,679] {scheduler_job.py:639} INFO - DAG(s) dict_keys(['ks-4-example_kubernetes_pod']) retrieved from /opt/airflow/dags/kubernetesOperator2.py
[2021-04-23 17:33:05,702] {logging_mixin.py:104} INFO - [2021-04-23 17:33:05,701] {dag.py:1818} INFO - Sync 1 DAGs
[2021-04-23 17:33:05,717] {logging_mixin.py:104} INFO - [2021-04-23 17:33:05,717] {dag.py:2273} INFO - Setting next_dagrun for ks-4-example_kubernetes_pod to None
[2021-04-23 17:33:05,725] {scheduler_job.py:190} INFO - Processing /opt/airflow/dags/kubernetesOperator2.py took 0.119 seconds
[2021-04-23 17:33:35,813] {scheduler_job.py:182} INFO - Started process (PID=68) to work on /opt/airflow/dags/kubernetesOperator2.py
[2021-04-23 17:33:35,815] {scheduler_job.py:629} INFO - Processing file /opt/airflow/dags/kubernetesOperator2.py for tasks to queue
[2021-04-23 17:33:35,816] {logging_mixin.py:104} INFO - [2021-04-23 17:33:35,816] {dagbag.py:448} INFO - Filling up the DagBag from /opt/airflow/dags/kubernetesOperator2.py
[2021-04-23 17:33:35,866] {logging_mixin.py:104} WARNING - /home/airflow/.local/lib/python3.6/site-packages/airflow/providers/cncf/kubernetes/backcompat/backwards_compat_converters.py:26 DeprecationWarning: This module is deprecated. Please use `kubernetes.client.models.V1Volume`.
[2021-04-23 17:33:35,921] {logging_mixin.py:104} WARNING - /home/airflow/.local/lib/python3.6/site-packages/airflow/providers/cncf/kubernetes/backcompat/backwards_compat_converters.py:27 DeprecationWarning: This module is deprecated. Please use `kubernetes.client.models.V1VolumeMount`.
[2021-04-23 17:33:35,970] {scheduler_job.py:639} INFO - DAG(s) dict_keys(['ks-4-example_kubernetes_pod']) retrieved from /opt/airflow/dags/kubernetesOperator2.py
[2021-04-23 17:33:35,990] {logging_mixin.py:104} INFO - [2021-04-23 17:33:35,990] {dag.py:1818} INFO - Sync 1 DAGs
[2021-04-23 17:33:36,005] {logging_mixin.py:104} INFO - [2021-04-23 17:33:36,005] {dag.py:2273} INFO - Setting next_dagrun for ks-4-example_kubernetes_pod to None
[2021-04-23 17:33:36,041] {scheduler_job.py:190} INFO - Processing /opt/airflow/dags/kubernetesOperator2.py took 0.231 seconds
[2021-04-23 17:34:06,993] {scheduler_job.py:182} INFO - Started process (PID=71) to work on /opt/airflow/dags/kubernetesOperator2.py
[2021-04-23 17:34:06,995] {scheduler_job.py:629} INFO - Processing file /opt/airflow/dags/kubernetesOperator2.py for tasks to queue
[2021-04-23 17:34:06,996] {logging_mixin.py:104} INFO - [2021-04-23 17:34:06,996] {dagbag.py:448} INFO - Filling up the DagBag from /opt/airflow/dags/kubernetesOperator2.py
[2021-04-23 17:34:07,047] {logging_mixin.py:104} WARNING - /home/airflow/.local/lib/python3.6/site-packages/airflow/providers/cncf/kubernetes/backcompat/backwards_compat_converters.py:26 DeprecationWarning: This module is deprecated. Please use `kubernetes.client.models.V1Volume`.
[2021-04-23 17:34:07,048] {logging_mixin.py:104} WARNING - /home/airflow/.local/lib/python3.6/site-packages/airflow/providers/cncf/kubernetes/backcompat/backwards_compat_converters.py:27 DeprecationWarning: This module is deprecated. Please use `kubernetes.client.models.V1VolumeMount`.
[2021-04-23 17:34:07,058] {scheduler_job.py:639} INFO - DAG(s) dict_keys(['ks-4-example_kubernetes_pod']) retrieved from /opt/airflow/dags/kubernetesOperator2.py
[2021-04-23 17:34:07,080] {logging_mixin.py:104} INFO - [2021-04-23 17:34:07,080] {dag.py:1818} INFO - Sync 1 DAGs
[2021-04-23 17:34:07,096] {logging_mixin.py:104} INFO - [2021-04-23 17:34:07,095] {dag.py:2273} INFO - Setting next_dagrun for ks-4-example_kubernetes_pod to None
[2021-04-23 17:34:07,102] {scheduler_job.py:190} INFO - Processing /opt/airflow/dags/kubernetesOperator2.py took 0.112 seconds
[2021-04-23 17:34:37,124] {scheduler_job.py:182} INFO - Started process (PID=74) to work on /opt/airflow/dags/kubernetesOperator2.py
[2021-04-23 17:34:37,125] {scheduler_job.py:629} INFO - Processing file /opt/airflow/dags/kubernetesOperator2.py for tasks to queue
[2021-04-23 17:34:37,126] {logging_mixin.py:104} INFO - [2021-04-23 17:34:37,126] {dagbag.py:448} INFO - Filling up the DagBag from /opt/airflow/dags/kubernetesOperator2.py
[2021-04-23 17:34:37,185] {logging_mixin.py:104} WARNING - /home/airflow/.local/lib/python3.6/site-packages/airflow/providers/cncf/kubernetes/backcompat/backwards_compat_converters.py:26 DeprecationWarning: This module is deprecated. Please use `kubernetes.client.models.V1Volume`.
[2021-04-23 17:34:37,186] {logging_mixin.py:104} WARNING - /home/airflow/.local/lib/python3.6/site-packages/airflow/providers/cncf/kubernetes/backcompat/backwards_compat_converters.py:27 DeprecationWarning: This module is deprecated. Please use `kubernetes.client.models.V1VolumeMount`.
[2021-04-23 17:34:37,198] {scheduler_job.py:639} INFO - DAG(s) dict_keys(['ks-4-example_kubernetes_pod']) retrieved from /opt/airflow/dags/kubernetesOperator2.py
[2021-04-23 17:34:37,218] {logging_mixin.py:104} INFO - [2021-04-23 17:34:37,218] {dag.py:1818} INFO - Sync 1 DAGs
[2021-04-23 17:34:37,232] {logging_mixin.py:104} INFO - [2021-04-23 17:34:37,232] {dag.py:2273} INFO - Setting next_dagrun for ks-4-example_kubernetes_pod to None
[2021-04-23 17:34:37,240] {scheduler_job.py:190} INFO - Processing /opt/airflow/dags/kubernetesOperator2.py took 0.120 seconds
[2021-04-23 17:35:07,288] {scheduler_job.py:182} INFO - Started process (PID=77) to work on /opt/airflow/dags/kubernetesOperator2.py
[2021-04-23 17:35:07,290] {scheduler_job.py:629} INFO - Processing file /opt/airflow/dags/kubernetesOperator2.py for tasks to queue
[2021-04-23 17:35:07,291] {logging_mixin.py:104} INFO - [2021-04-23 17:35:07,291] {dagbag.py:448} INFO - Filling up the DagBag from /opt/airflow/dags/kubernetesOperator2.py
[2021-04-23 17:35:07,344] {logging_mixin.py:104} WARNING - /home/airflow/.local/lib/python3.6/site-packages/airflow/providers/cncf/kubernetes/backcompat/backwards_compat_converters.py:26 DeprecationWarning: This module is deprecated. Please use `kubernetes.client.models.V1Volume`.
[2021-04-23 17:35:07,346] {logging_mixin.py:104} WARNING - /home/airflow/.local/lib/python3.6/site-packages/airflow/providers/cncf/kubernetes/backcompat/backwards_compat_converters.py:27 DeprecationWarning: This module is deprecated. Please use `kubernetes.client.models.V1VolumeMount`.
[2021-04-23 17:35:07,356] {scheduler_job.py:639} INFO - DAG(s) dict_keys(['ks-4-example_kubernetes_pod']) retrieved from /opt/airflow/dags/kubernetesOperator2.py
[2021-04-23 17:35:07,378] {logging_mixin.py:104} INFO - [2021-04-23 17:35:07,377] {dag.py:1818} INFO - Sync 1 DAGs
[2021-04-23 17:35:07,391] {logging_mixin.py:104} INFO - [2021-04-23 17:35:07,391] {dag.py:2273} INFO - Setting next_dagrun for ks-4-example_kubernetes_pod to None
[2021-04-23 17:35:07,398] {scheduler_job.py:190} INFO - Processing /opt/airflow/dags/kubernetesOperator2.py took 0.113 seconds
[2021-04-23 17:35:37,479] {scheduler_job.py:182} INFO - Started process (PID=80) to work on /opt/airflow/dags/kubernetesOperator2.py
[2021-04-23 17:35:37,480] {scheduler_job.py:629} INFO - Processing file /opt/airflow/dags/kubernetesOperator2.py for tasks to queue
[2021-04-23 17:35:37,482] {logging_mixin.py:104} INFO - [2021-04-23 17:35:37,482] {dagbag.py:448} INFO - Filling up the DagBag from /opt/airflow/dags/kubernetesOperator2.py
[2021-04-23 17:35:37,535] {logging_mixin.py:104} WARNING - /home/airflow/.local/lib/python3.6/site-packages/airflow/providers/cncf/kubernetes/backcompat/backwards_compat_converters.py:26 DeprecationWarning: This module is deprecated. Please use `kubernetes.client.models.V1Volume`.
[2021-04-23 17:35:37,537] {logging_mixin.py:104} WARNING - /home/airflow/.local/lib/python3.6/site-packages/airflow/providers/cncf/kubernetes/backcompat/backwards_compat_converters.py:27 DeprecationWarning: This module is deprecated. Please use `kubernetes.client.models.V1VolumeMount`.
[2021-04-23 17:35:37,546] {scheduler_job.py:639} INFO - DAG(s) dict_keys(['ks-4-example_kubernetes_pod']) retrieved from /opt/airflow/dags/kubernetesOperator2.py
[2021-04-23 17:35:37,568] {logging_mixin.py:104} INFO - [2021-04-23 17:35:37,568] {dag.py:1818} INFO - Sync 1 DAGs
[2021-04-23 17:35:37,580] {logging_mixin.py:104} INFO - [2021-04-23 17:35:37,580] {dag.py:2273} INFO - Setting next_dagrun for ks-4-example_kubernetes_pod to None
[2021-04-23 17:35:37,588] {scheduler_job.py:190} INFO - Processing /opt/airflow/dags/kubernetesOperator2.py took 0.113 seconds
[2021-04-23 17:36:07,653] {scheduler_job.py:182} INFO - Started process (PID=83) to work on /opt/airflow/dags/kubernetesOperator2.py
[2021-04-23 17:36:07,655] {scheduler_job.py:629} INFO - Processing file /opt/airflow/dags/kubernetesOperator2.py for tasks to queue
[2021-04-23 17:36:07,656] {logging_mixin.py:104} INFO - [2021-04-23 17:36:07,656] {dagbag.py:448} INFO - Filling up the DagBag from /opt/airflow/dags/kubernetesOperator2.py
[2021-04-23 17:36:07,704] {logging_mixin.py:104} WARNING - /home/airflow/.local/lib/python3.6/site-packages/airflow/providers/cncf/kubernetes/backcompat/backwards_compat_converters.py:26 DeprecationWarning: This module is deprecated. Please use `kubernetes.client.models.V1Volume`.
[2021-04-23 17:36:07,706] {logging_mixin.py:104} WARNING - /home/airflow/.local/lib/python3.6/site-packages/airflow/providers/cncf/kubernetes/backcompat/backwards_compat_converters.py:27 DeprecationWarning: This module is deprecated. Please use `kubernetes.client.models.V1VolumeMount`.
[2021-04-23 17:36:07,715] {scheduler_job.py:639} INFO - DAG(s) dict_keys(['ks-4-example_kubernetes_pod']) retrieved from /opt/airflow/dags/kubernetesOperator2.py
[2021-04-23 17:36:07,733] {logging_mixin.py:104} INFO - [2021-04-23 17:36:07,733] {dag.py:1818} INFO - Sync 1 DAGs
[2021-04-23 17:36:07,747] {logging_mixin.py:104} INFO - [2021-04-23 17:36:07,747] {dag.py:2273} INFO - Setting next_dagrun for ks-4-example_kubernetes_pod to None
[2021-04-23 17:36:07,758] {scheduler_job.py:190} INFO - Processing /opt/airflow/dags/kubernetesOperator2.py took 0.109 seconds
[2021-04-23 17:36:37,847] {scheduler_job.py:182} INFO - Started process (PID=86) to work on /opt/airflow/dags/kubernetesOperator2.py
[2021-04-23 17:36:37,849] {scheduler_job.py:629} INFO - Processing file /opt/airflow/dags/kubernetesOperator2.py for tasks to queue
[2021-04-23 17:36:37,850] {logging_mixin.py:104} INFO - [2021-04-23 17:36:37,850] {dagbag.py:448} INFO - Filling up the DagBag from /opt/airflow/dags/kubernetesOperator2.py
[2021-04-23 17:36:37,900] {logging_mixin.py:104} WARNING - /home/airflow/.local/lib/python3.6/site-packages/airflow/providers/cncf/kubernetes/backcompat/backwards_compat_converters.py:26 DeprecationWarning: This module is deprecated. Please use `kubernetes.client.models.V1Volume`.
[2021-04-23 17:36:37,902] {logging_mixin.py:104} WARNING - /home/airflow/.local/lib/python3.6/site-packages/airflow/providers/cncf/kubernetes/backcompat/backwards_compat_converters.py:27 DeprecationWarning: This module is deprecated. Please use `kubernetes.client.models.V1VolumeMount`.
[2021-04-23 17:36:37,911] {scheduler_job.py:639} INFO - DAG(s) dict_keys(['ks-4-example_kubernetes_pod']) retrieved from /opt/airflow/dags/kubernetesOperator2.py
[2021-04-23 17:36:37,929] {logging_mixin.py:104} INFO - [2021-04-23 17:36:37,929] {dag.py:1818} INFO - Sync 1 DAGs
[2021-04-23 17:36:37,942] {logging_mixin.py:104} INFO - [2021-04-23 17:36:37,942] {dag.py:2273} INFO - Setting next_dagrun for ks-4-example_kubernetes_pod to None
[2021-04-23 17:36:37,949] {scheduler_job.py:190} INFO - Processing /opt/airflow/dags/kubernetesOperator2.py took 0.105 seconds
[2021-04-23 17:37:08,044] {scheduler_job.py:182} INFO - Started process (PID=89) to work on /opt/airflow/dags/kubernetesOperator2.py
[2021-04-23 17:37:08,046] {scheduler_job.py:629} INFO - Processing file /opt/airflow/dags/kubernetesOperator2.py for tasks to queue
[2021-04-23 17:37:08,049] {logging_mixin.py:104} INFO - [2021-04-23 17:37:08,049] {dagbag.py:448} INFO - Filling up the DagBag from /opt/airflow/dags/kubernetesOperator2.py
[2021-04-23 17:37:08,100] {logging_mixin.py:104} WARNING - /home/airflow/.local/lib/python3.6/site-packages/airflow/providers/cncf/kubernetes/backcompat/backwards_compat_converters.py:26 DeprecationWarning: This module is deprecated. Please use `kubernetes.client.models.V1Volume`.
[2021-04-23 17:37:08,102] {logging_mixin.py:104} WARNING - /home/airflow/.local/lib/python3.6/site-packages/airflow/providers/cncf/kubernetes/backcompat/backwards_compat_converters.py:27 DeprecationWarning: This module is deprecated. Please use `kubernetes.client.models.V1VolumeMount`.
[2021-04-23 17:37:08,111] {scheduler_job.py:639} INFO - DAG(s) dict_keys(['ks-4-example_kubernetes_pod']) retrieved from /opt/airflow/dags/kubernetesOperator2.py
[2021-04-23 17:37:08,128] {logging_mixin.py:104} INFO - [2021-04-23 17:37:08,128] {dag.py:1818} INFO - Sync 1 DAGs
[2021-04-23 17:37:08,140] {logging_mixin.py:104} INFO - [2021-04-23 17:37:08,140] {dag.py:2273} INFO - Setting next_dagrun for ks-4-example_kubernetes_pod to None
[2021-04-23 17:37:08,146] {scheduler_job.py:190} INFO - Processing /opt/airflow/dags/kubernetesOperator2.py took 0.106 seconds
[2021-04-23 17:37:38,218] {scheduler_job.py:182} INFO - Started process (PID=92) to work on /opt/airflow/dags/kubernetesOperator2.py
[2021-04-23 17:37:38,220] {scheduler_job.py:629} INFO - Processing file /opt/airflow/dags/kubernetesOperator2.py for tasks to queue
[2021-04-23 17:37:38,221] {logging_mixin.py:104} INFO - [2021-04-23 17:37:38,221] {dagbag.py:448} INFO - Filling up the DagBag from /opt/airflow/dags/kubernetesOperator2.py
[2021-04-23 17:37:38,275] {logging_mixin.py:104} WARNING - /home/airflow/.local/lib/python3.6/site-packages/airflow/providers/cncf/kubernetes/backcompat/backwards_compat_converters.py:26 DeprecationWarning: This module is deprecated. Please use `kubernetes.client.models.V1Volume`.
[2021-04-23 17:37:38,277] {logging_mixin.py:104} WARNING - /home/airflow/.local/lib/python3.6/site-packages/airflow/providers/cncf/kubernetes/backcompat/backwards_compat_converters.py:27 DeprecationWarning: This module is deprecated. Please use `kubernetes.client.models.V1VolumeMount`.
[2021-04-23 17:37:38,286] {scheduler_job.py:639} INFO - DAG(s) dict_keys(['ks-4-example_kubernetes_pod']) retrieved from /opt/airflow/dags/kubernetesOperator2.py
[2021-04-23 17:37:38,302] {logging_mixin.py:104} INFO - [2021-04-23 17:37:38,302] {dag.py:1818} INFO - Sync 1 DAGs
[2021-04-23 17:37:38,314] {logging_mixin.py:104} INFO - [2021-04-23 17:37:38,314] {dag.py:2273} INFO - Setting next_dagrun for ks-4-example_kubernetes_pod to None
[2021-04-23 17:37:38,321] {scheduler_job.py:190} INFO - Processing /opt/airflow/dags/kubernetesOperator2.py took 0.106 seconds
[2021-04-23 17:38:08,390] {scheduler_job.py:182} INFO - Started process (PID=95) to work on /opt/airflow/dags/kubernetesOperator2.py
[2021-04-23 17:38:08,392] {scheduler_job.py:629} INFO - Processing file /opt/airflow/dags/kubernetesOperator2.py for tasks to queue
[2021-04-23 17:38:08,393] {logging_mixin.py:104} INFO - [2021-04-23 17:38:08,393] {dagbag.py:448} INFO - Filling up the DagBag from /opt/airflow/dags/kubernetesOperator2.py
[2021-04-23 17:38:08,445] {logging_mixin.py:104} WARNING - /home/airflow/.local/lib/python3.6/site-packages/airflow/providers/cncf/kubernetes/backcompat/backwards_compat_converters.py:26 DeprecationWarning: This module is deprecated. Please use `kubernetes.client.models.V1Volume`.
[2021-04-23 17:38:08,447] {logging_mixin.py:104} WARNING - /home/airflow/.local/lib/python3.6/site-packages/airflow/providers/cncf/kubernetes/backcompat/backwards_compat_converters.py:27 DeprecationWarning: This module is deprecated. Please use `kubernetes.client.models.V1VolumeMount`.
[2021-04-23 17:38:08,456] {scheduler_job.py:639} INFO - DAG(s) dict_keys(['ks-4-example_kubernetes_pod']) retrieved from /opt/airflow/dags/kubernetesOperator2.py
[2021-04-23 17:38:08,473] {logging_mixin.py:104} INFO - [2021-04-23 17:38:08,473] {dag.py:1818} INFO - Sync 1 DAGs
[2021-04-23 17:38:08,484] {logging_mixin.py:104} INFO - [2021-04-23 17:38:08,484] {dag.py:2273} INFO - Setting next_dagrun for ks-4-example_kubernetes_pod to None
[2021-04-23 17:38:08,490] {scheduler_job.py:190} INFO - Processing /opt/airflow/dags/kubernetesOperator2.py took 0.104 seconds
[2021-04-23 17:38:38,575] {scheduler_job.py:182} INFO - Started process (PID=98) to work on /opt/airflow/dags/kubernetesOperator2.py
[2021-04-23 17:38:38,577] {scheduler_job.py:629} INFO - Processing file /opt/airflow/dags/kubernetesOperator2.py for tasks to queue
[2021-04-23 17:38:38,579] {logging_mixin.py:104} INFO - [2021-04-23 17:38:38,578] {dagbag.py:448} INFO - Filling up the DagBag from /opt/airflow/dags/kubernetesOperator2.py
[2021-04-23 17:38:38,628] {logging_mixin.py:104} WARNING - /home/airflow/.local/lib/python3.6/site-packages/airflow/providers/cncf/kubernetes/backcompat/backwards_compat_converters.py:26 DeprecationWarning: This module is deprecated. Please use `kubernetes.client.models.V1Volume`.
[2021-04-23 17:38:38,631] {logging_mixin.py:104} WARNING - /home/airflow/.local/lib/python3.6/site-packages/airflow/providers/cncf/kubernetes/backcompat/backwards_compat_converters.py:27 DeprecationWarning: This module is deprecated. Please use `kubernetes.client.models.V1VolumeMount`.
[2021-04-23 17:38:38,645] {scheduler_job.py:639} INFO - DAG(s) dict_keys(['ks-4-example_kubernetes_pod']) retrieved from /opt/airflow/dags/kubernetesOperator2.py
[2021-04-23 17:38:38,667] {logging_mixin.py:104} INFO - [2021-04-23 17:38:38,667] {dag.py:1818} INFO - Sync 1 DAGs
[2021-04-23 17:38:38,679] {logging_mixin.py:104} INFO - [2021-04-23 17:38:38,679] {dag.py:2273} INFO - Setting next_dagrun for ks-4-example_kubernetes_pod to None
[2021-04-23 17:38:38,684] {scheduler_job.py:190} INFO - Processing /opt/airflow/dags/kubernetesOperator2.py took 0.113 seconds
[2021-04-23 17:39:08,740] {scheduler_job.py:182} INFO - Started process (PID=101) to work on /opt/airflow/dags/kubernetesOperator2.py
[2021-04-23 17:39:08,742] {scheduler_job.py:629} INFO - Processing file /opt/airflow/dags/kubernetesOperator2.py for tasks to queue
[2021-04-23 17:39:08,743] {logging_mixin.py:104} INFO - [2021-04-23 17:39:08,743] {dagbag.py:448} INFO - Filling up the DagBag from /opt/airflow/dags/kubernetesOperator2.py
[2021-04-23 17:39:08,794] {logging_mixin.py:104} WARNING - /home/airflow/.local/lib/python3.6/site-packages/airflow/providers/cncf/kubernetes/backcompat/backwards_compat_converters.py:26 DeprecationWarning: This module is deprecated. Please use `kubernetes.client.models.V1Volume`.
[2021-04-23 17:39:08,796] {logging_mixin.py:104} WARNING - /home/airflow/.local/lib/python3.6/site-packages/airflow/providers/cncf/kubernetes/backcompat/backwards_compat_converters.py:27 DeprecationWarning: This module is deprecated. Please use `kubernetes.client.models.V1VolumeMount`.
[2021-04-23 17:39:08,806] {scheduler_job.py:639} INFO - DAG(s) dict_keys(['ks-4-example_kubernetes_pod']) retrieved from /opt/airflow/dags/kubernetesOperator2.py
[2021-04-23 17:39:08,822] {logging_mixin.py:104} INFO - [2021-04-23 17:39:08,822] {dag.py:1818} INFO - Sync 1 DAGs
[2021-04-23 17:39:08,833] {logging_mixin.py:104} INFO - [2021-04-23 17:39:08,833] {dag.py:2273} INFO - Setting next_dagrun for ks-4-example_kubernetes_pod to None
[2021-04-23 17:39:08,840] {scheduler_job.py:190} INFO - Processing /opt/airflow/dags/kubernetesOperator2.py took 0.104 seconds
[2021-04-23 17:39:38,917] {scheduler_job.py:182} INFO - Started process (PID=104) to work on /opt/airflow/dags/kubernetesOperator2.py
[2021-04-23 17:39:38,919] {scheduler_job.py:629} INFO - Processing file /opt/airflow/dags/kubernetesOperator2.py for tasks to queue
[2021-04-23 17:39:38,920] {logging_mixin.py:104} INFO - [2021-04-23 17:39:38,920] {dagbag.py:448} INFO - Filling up the DagBag from /opt/airflow/dags/kubernetesOperator2.py
[2021-04-23 17:39:38,970] {logging_mixin.py:104} WARNING - /home/airflow/.local/lib/python3.6/site-packages/airflow/providers/cncf/kubernetes/backcompat/backwards_compat_converters.py:26 DeprecationWarning: This module is deprecated. Please use `kubernetes.client.models.V1Volume`.
[2021-04-23 17:39:38,972] {logging_mixin.py:104} WARNING - /home/airflow/.local/lib/python3.6/site-packages/airflow/providers/cncf/kubernetes/backcompat/backwards_compat_converters.py:27 DeprecationWarning: This module is deprecated. Please use `kubernetes.client.models.V1VolumeMount`.
[2021-04-23 17:39:38,982] {scheduler_job.py:639} INFO - DAG(s) dict_keys(['ks-4-example_kubernetes_pod']) retrieved from /opt/airflow/dags/kubernetesOperator2.py
[2021-04-23 17:39:39,000] {logging_mixin.py:104} INFO - [2021-04-23 17:39:39,000] {dag.py:1818} INFO - Sync 1 DAGs
[2021-04-23 17:39:39,012] {logging_mixin.py:104} INFO - [2021-04-23 17:39:39,012] {dag.py:2273} INFO - Setting next_dagrun for ks-4-example_kubernetes_pod to None
[2021-04-23 17:39:39,019] {scheduler_job.py:190} INFO - Processing /opt/airflow/dags/kubernetesOperator2.py took 0.106 seconds
[2021-04-23 17:40:09,114] {scheduler_job.py:182} INFO - Started process (PID=107) to work on /opt/airflow/dags/kubernetesOperator2.py
[2021-04-23 17:40:09,116] {scheduler_job.py:629} INFO - Processing file /opt/airflow/dags/kubernetesOperator2.py for tasks to queue
[2021-04-23 17:40:09,117] {logging_mixin.py:104} INFO - [2021-04-23 17:40:09,117] {dagbag.py:448} INFO - Filling up the DagBag from /opt/airflow/dags/kubernetesOperator2.py
[2021-04-23 17:40:09,168] {logging_mixin.py:104} WARNING - /home/airflow/.local/lib/python3.6/site-packages/airflow/providers/cncf/kubernetes/backcompat/backwards_compat_converters.py:26 DeprecationWarning: This module is deprecated. Please use `kubernetes.client.models.V1Volume`.
[2021-04-23 17:40:09,169] {logging_mixin.py:104} WARNING - /home/airflow/.local/lib/python3.6/site-packages/airflow/providers/cncf/kubernetes/backcompat/backwards_compat_converters.py:27 DeprecationWarning: This module is deprecated. Please use `kubernetes.client.models.V1VolumeMount`.
[2021-04-23 17:40:09,178] {scheduler_job.py:639} INFO - DAG(s) dict_keys(['ks-4-example_kubernetes_pod']) retrieved from /opt/airflow/dags/kubernetesOperator2.py
[2021-04-23 17:40:09,195] {logging_mixin.py:104} INFO - [2021-04-23 17:40:09,195] {dag.py:1818} INFO - Sync 1 DAGs
[2021-04-23 17:40:09,207] {logging_mixin.py:104} INFO - [2021-04-23 17:40:09,207] {dag.py:2273} INFO - Setting next_dagrun for ks-4-example_kubernetes_pod to None
[2021-04-23 17:40:09,214] {scheduler_job.py:190} INFO - Processing /opt/airflow/dags/kubernetesOperator2.py took 0.103 seconds
[2021-04-23 17:40:39,312] {scheduler_job.py:182} INFO - Started process (PID=110) to work on /opt/airflow/dags/kubernetesOperator2.py
[2021-04-23 17:40:39,314] {scheduler_job.py:629} INFO - Processing file /opt/airflow/dags/kubernetesOperator2.py for tasks to queue
[2021-04-23 17:40:39,315] {logging_mixin.py:104} INFO - [2021-04-23 17:40:39,315] {dagbag.py:448} INFO - Filling up the DagBag from /opt/airflow/dags/kubernetesOperator2.py
[2021-04-23 17:40:39,368] {logging_mixin.py:104} WARNING - /home/airflow/.local/lib/python3.6/site-packages/airflow/providers/cncf/kubernetes/backcompat/backwards_compat_converters.py:26 DeprecationWarning: This module is deprecated. Please use `kubernetes.client.models.V1Volume`.
[2021-04-23 17:40:39,369] {logging_mixin.py:104} WARNING - /home/airflow/.local/lib/python3.6/site-packages/airflow/providers/cncf/kubernetes/backcompat/backwards_compat_converters.py:27 DeprecationWarning: This module is deprecated. Please use `kubernetes.client.models.V1VolumeMount`.
[2021-04-23 17:40:39,379] {scheduler_job.py:639} INFO - DAG(s) dict_keys(['ks-4-example_kubernetes_pod']) retrieved from /opt/airflow/dags/kubernetesOperator2.py
[2021-04-23 17:40:39,397] {logging_mixin.py:104} INFO - [2021-04-23 17:40:39,397] {dag.py:1818} INFO - Sync 1 DAGs
[2021-04-23 17:40:39,409] {logging_mixin.py:104} INFO - [2021-04-23 17:40:39,409] {dag.py:2273} INFO - Setting next_dagrun for ks-4-example_kubernetes_pod to None
[2021-04-23 17:40:39,416] {scheduler_job.py:190} INFO - Processing /opt/airflow/dags/kubernetesOperator2.py took 0.108 seconds
[2021-04-23 17:41:09,516] {scheduler_job.py:182} INFO - Started process (PID=113) to work on /opt/airflow/dags/kubernetesOperator2.py
[2021-04-23 17:41:09,518] {scheduler_job.py:629} INFO - Processing file /opt/airflow/dags/kubernetesOperator2.py for tasks to queue
[2021-04-23 17:41:09,519] {logging_mixin.py:104} INFO - [2021-04-23 17:41:09,519] {dagbag.py:448} INFO - Filling up the DagBag from /opt/airflow/dags/kubernetesOperator2.py
[2021-04-23 17:41:09,567] {logging_mixin.py:104} WARNING - /home/airflow/.local/lib/python3.6/site-packages/airflow/providers/cncf/kubernetes/backcompat/backwards_compat_converters.py:26 DeprecationWarning: This module is deprecated. Please use `kubernetes.client.models.V1Volume`.
[2021-04-23 17:41:09,569] {logging_mixin.py:104} WARNING - /home/airflow/.local/lib/python3.6/site-packages/airflow/providers/cncf/kubernetes/backcompat/backwards_compat_converters.py:27 DeprecationWarning: This module is deprecated. Please use `kubernetes.client.models.V1VolumeMount`.
[2021-04-23 17:41:09,578] {scheduler_job.py:639} INFO - DAG(s) dict_keys(['ks-4-example_kubernetes_pod']) retrieved from /opt/airflow/dags/kubernetesOperator2.py
[2021-04-23 17:41:09,597] {logging_mixin.py:104} INFO - [2021-04-23 17:41:09,597] {dag.py:1818} INFO - Sync 1 DAGs
[2021-04-23 17:41:09,609] {logging_mixin.py:104} INFO - [2021-04-23 17:41:09,609] {dag.py:2273} INFO - Setting next_dagrun for ks-4-example_kubernetes_pod to None
[2021-04-23 17:41:09,615] {scheduler_job.py:190} INFO - Processing /opt/airflow/dags/kubernetesOperator2.py took 0.103 seconds
[2021-04-23 17:41:39,731] {scheduler_job.py:182} INFO - Started process (PID=116) to work on /opt/airflow/dags/kubernetesOperator2.py
[2021-04-23 17:41:39,733] {scheduler_job.py:629} INFO - Processing file /opt/airflow/dags/kubernetesOperator2.py for tasks to queue
[2021-04-23 17:41:39,734] {logging_mixin.py:104} INFO - [2021-04-23 17:41:39,734] {dagbag.py:448} INFO - Filling up the DagBag from /opt/airflow/dags/kubernetesOperator2.py
[2021-04-23 17:41:39,786] {logging_mixin.py:104} WARNING - /home/airflow/.local/lib/python3.6/site-packages/airflow/providers/cncf/kubernetes/backcompat/backwards_compat_converters.py:26 DeprecationWarning: This module is deprecated. Please use `kubernetes.client.models.V1Volume`.
[2021-04-23 17:41:39,788] {logging_mixin.py:104} WARNING - /home/airflow/.local/lib/python3.6/site-packages/airflow/providers/cncf/kubernetes/backcompat/backwards_compat_converters.py:27 DeprecationWarning: This module is deprecated. Please use `kubernetes.client.models.V1VolumeMount`.
[2021-04-23 17:41:39,798] {scheduler_job.py:639} INFO - DAG(s) dict_keys(['ks-4-example_kubernetes_pod']) retrieved from /opt/airflow/dags/kubernetesOperator2.py
[2021-04-23 17:41:39,817] {logging_mixin.py:104} INFO - [2021-04-23 17:41:39,816] {dag.py:1818} INFO - Sync 1 DAGs
[2021-04-23 17:41:39,833] {logging_mixin.py:104} INFO - [2021-04-23 17:41:39,833] {dag.py:2273} INFO - Setting next_dagrun for ks-4-example_kubernetes_pod to None
[2021-04-23 17:41:39,839] {scheduler_job.py:190} INFO - Processing /opt/airflow/dags/kubernetesOperator2.py took 0.112 seconds
[2021-04-23 17:42:09,903] {scheduler_job.py:182} INFO - Started process (PID=119) to work on /opt/airflow/dags/kubernetesOperator2.py
[2021-04-23 17:42:09,905] {scheduler_job.py:629} INFO - Processing file /opt/airflow/dags/kubernetesOperator2.py for tasks to queue
[2021-04-23 17:42:09,906] {logging_mixin.py:104} INFO - [2021-04-23 17:42:09,906] {dagbag.py:448} INFO - Filling up the DagBag from /opt/airflow/dags/kubernetesOperator2.py
[2021-04-23 17:42:09,956] {logging_mixin.py:104} WARNING - /home/airflow/.local/lib/python3.6/site-packages/airflow/providers/cncf/kubernetes/backcompat/backwards_compat_converters.py:26 DeprecationWarning: This module is deprecated. Please use `kubernetes.client.models.V1Volume`.
[2021-04-23 17:42:09,957] {logging_mixin.py:104} WARNING - /home/airflow/.local/lib/python3.6/site-packages/airflow/providers/cncf/kubernetes/backcompat/backwards_compat_converters.py:27 DeprecationWarning: This module is deprecated. Please use `kubernetes.client.models.V1VolumeMount`.
[2021-04-23 17:42:09,966] {scheduler_job.py:639} INFO - DAG(s) dict_keys(['ks-4-example_kubernetes_pod']) retrieved from /opt/airflow/dags/kubernetesOperator2.py
[2021-04-23 17:42:09,982] {logging_mixin.py:104} INFO - [2021-04-23 17:42:09,982] {dag.py:1818} INFO - Sync 1 DAGs
[2021-04-23 17:42:09,994] {logging_mixin.py:104} INFO - [2021-04-23 17:42:09,993] {dag.py:2273} INFO - Setting next_dagrun for ks-4-example_kubernetes_pod to None
[2021-04-23 17:42:09,999] {scheduler_job.py:190} INFO - Processing /opt/airflow/dags/kubernetesOperator2.py took 0.099 seconds
[2021-04-23 17:42:40,121] {scheduler_job.py:182} INFO - Started process (PID=122) to work on /opt/airflow/dags/kubernetesOperator2.py
[2021-04-23 17:42:40,122] {scheduler_job.py:629} INFO - Processing file /opt/airflow/dags/kubernetesOperator2.py for tasks to queue
[2021-04-23 17:42:40,123] {logging_mixin.py:104} INFO - [2021-04-23 17:42:40,123] {dagbag.py:448} INFO - Filling up the DagBag from /opt/airflow/dags/kubernetesOperator2.py
[2021-04-23 17:42:40,172] {logging_mixin.py:104} WARNING - /home/airflow/.local/lib/python3.6/site-packages/airflow/providers/cncf/kubernetes/backcompat/backwards_compat_converters.py:26 DeprecationWarning: This module is deprecated. Please use `kubernetes.client.models.V1Volume`.
[2021-04-23 17:42:40,174] {logging_mixin.py:104} WARNING - /home/airflow/.local/lib/python3.6/site-packages/airflow/providers/cncf/kubernetes/backcompat/backwards_compat_converters.py:27 DeprecationWarning: This module is deprecated. Please use `kubernetes.client.models.V1VolumeMount`.
[2021-04-23 17:42:40,185] {scheduler_job.py:639} INFO - DAG(s) dict_keys(['ks-4-example_kubernetes_pod']) retrieved from /opt/airflow/dags/kubernetesOperator2.py
[2021-04-23 17:42:40,205] {logging_mixin.py:104} INFO - [2021-04-23 17:42:40,205] {dag.py:1818} INFO - Sync 1 DAGs
[2021-04-23 17:42:40,218] {logging_mixin.py:104} INFO - [2021-04-23 17:42:40,218] {dag.py:2273} INFO - Setting next_dagrun for ks-4-example_kubernetes_pod to None
[2021-04-23 17:42:40,224] {scheduler_job.py:190} INFO - Processing /opt/airflow/dags/kubernetesOperator2.py took 0.107 seconds
[2021-04-23 17:43:10,328] {scheduler_job.py:182} INFO - Started process (PID=125) to work on /opt/airflow/dags/kubernetesOperator2.py
[2021-04-23 17:43:10,330] {scheduler_job.py:629} INFO - Processing file /opt/airflow/dags/kubernetesOperator2.py for tasks to queue
[2021-04-23 17:43:10,331] {logging_mixin.py:104} INFO - [2021-04-23 17:43:10,331] {dagbag.py:448} INFO - Filling up the DagBag from /opt/airflow/dags/kubernetesOperator2.py
[2021-04-23 17:43:10,380] {logging_mixin.py:104} WARNING - /home/airflow/.local/lib/python3.6/site-packages/airflow/providers/cncf/kubernetes/backcompat/backwards_compat_converters.py:26 DeprecationWarning: This module is deprecated. Please use `kubernetes.client.models.V1Volume`.
[2021-04-23 17:43:10,382] {logging_mixin.py:104} WARNING - /home/airflow/.local/lib/python3.6/site-packages/airflow/providers/cncf/kubernetes/backcompat/backwards_compat_converters.py:27 DeprecationWarning: This module is deprecated. Please use `kubernetes.client.models.V1VolumeMount`.
[2021-04-23 17:43:10,391] {scheduler_job.py:639} INFO - DAG(s) dict_keys(['ks-4-example_kubernetes_pod']) retrieved from /opt/airflow/dags/kubernetesOperator2.py
[2021-04-23 17:43:10,411] {logging_mixin.py:104} INFO - [2021-04-23 17:43:10,411] {dag.py:1818} INFO - Sync 1 DAGs
[2021-04-23 17:43:10,424] {logging_mixin.py:104} INFO - [2021-04-23 17:43:10,424] {dag.py:2273} INFO - Setting next_dagrun for ks-4-example_kubernetes_pod to None
[2021-04-23 17:43:10,430] {scheduler_job.py:190} INFO - Processing /opt/airflow/dags/kubernetesOperator2.py took 0.106 seconds
[2021-04-23 17:43:40,497] {scheduler_job.py:182} INFO - Started process (PID=128) to work on /opt/airflow/dags/kubernetesOperator2.py
[2021-04-23 17:43:40,499] {scheduler_job.py:629} INFO - Processing file /opt/airflow/dags/kubernetesOperator2.py for tasks to queue
[2021-04-23 17:43:40,502] {logging_mixin.py:104} INFO - [2021-04-23 17:43:40,502] {dagbag.py:448} INFO - Filling up the DagBag from /opt/airflow/dags/kubernetesOperator2.py
[2021-04-23 17:43:40,550] {logging_mixin.py:104} WARNING - /home/airflow/.local/lib/python3.6/site-packages/airflow/providers/cncf/kubernetes/backcompat/backwards_compat_converters.py:26 DeprecationWarning: This module is deprecated. Please use `kubernetes.client.models.V1Volume`.
[2021-04-23 17:43:40,552] {logging_mixin.py:104} WARNING - /home/airflow/.local/lib/python3.6/site-packages/airflow/providers/cncf/kubernetes/backcompat/backwards_compat_converters.py:27 DeprecationWarning: This module is deprecated. Please use `kubernetes.client.models.V1VolumeMount`.
[2021-04-23 17:43:40,562] {scheduler_job.py:639} INFO - DAG(s) dict_keys(['ks-4-example_kubernetes_pod']) retrieved from /opt/airflow/dags/kubernetesOperator2.py
[2021-04-23 17:43:40,581] {logging_mixin.py:104} INFO - [2021-04-23 17:43:40,580] {dag.py:1818} INFO - Sync 1 DAGs
[2021-04-23 17:43:40,592] {logging_mixin.py:104} INFO - [2021-04-23 17:43:40,592] {dag.py:2273} INFO - Setting next_dagrun for ks-4-example_kubernetes_pod to None
[2021-04-23 17:43:40,598] {scheduler_job.py:190} INFO - Processing /opt/airflow/dags/kubernetesOperator2.py took 0.105 seconds
[2021-04-23 17:44:10,695] {scheduler_job.py:182} INFO - Started process (PID=131) to work on /opt/airflow/dags/kubernetesOperator2.py
[2021-04-23 17:44:10,696] {scheduler_job.py:629} INFO - Processing file /opt/airflow/dags/kubernetesOperator2.py for tasks to queue
[2021-04-23 17:44:10,698] {logging_mixin.py:104} INFO - [2021-04-23 17:44:10,698] {dagbag.py:448} INFO - Filling up the DagBag from /opt/airflow/dags/kubernetesOperator2.py
[2021-04-23 17:44:10,747] {logging_mixin.py:104} WARNING - /home/airflow/.local/lib/python3.6/site-packages/airflow/providers/cncf/kubernetes/backcompat/backwards_compat_converters.py:26 DeprecationWarning: This module is deprecated. Please use `kubernetes.client.models.V1Volume`.
[2021-04-23 17:44:10,749] {logging_mixin.py:104} WARNING - /home/airflow/.local/lib/python3.6/site-packages/airflow/providers/cncf/kubernetes/backcompat/backwards_compat_converters.py:27 DeprecationWarning: This module is deprecated. Please use `kubernetes.client.models.V1VolumeMount`.
[2021-04-23 17:44:10,758] {scheduler_job.py:639} INFO - DAG(s) dict_keys(['ks-4-example_kubernetes_pod']) retrieved from /opt/airflow/dags/kubernetesOperator2.py
[2021-04-23 17:44:10,775] {logging_mixin.py:104} INFO - [2021-04-23 17:44:10,775] {dag.py:1818} INFO - Sync 1 DAGs
[2021-04-23 17:44:10,789] {logging_mixin.py:104} INFO - [2021-04-23 17:44:10,789] {dag.py:2273} INFO - Setting next_dagrun for ks-4-example_kubernetes_pod to None
[2021-04-23 17:44:10,796] {scheduler_job.py:190} INFO - Processing /opt/airflow/dags/kubernetesOperator2.py took 0.105 seconds
[2021-04-23 17:44:40,919] {scheduler_job.py:182} INFO - Started process (PID=134) to work on /opt/airflow/dags/kubernetesOperator2.py
[2021-04-23 17:44:40,920] {scheduler_job.py:629} INFO - Processing file /opt/airflow/dags/kubernetesOperator2.py for tasks to queue
[2021-04-23 17:44:40,921] {logging_mixin.py:104} INFO - [2021-04-23 17:44:40,921] {dagbag.py:448} INFO - Filling up the DagBag from /opt/airflow/dags/kubernetesOperator2.py
[2021-04-23 17:44:40,970] {logging_mixin.py:104} WARNING - /home/airflow/.local/lib/python3.6/site-packages/airflow/providers/cncf/kubernetes/backcompat/backwards_compat_converters.py:26 DeprecationWarning: This module is deprecated. Please use `kubernetes.client.models.V1Volume`.
[2021-04-23 17:44:40,971] {logging_mixin.py:104} WARNING - /home/airflow/.local/lib/python3.6/site-packages/airflow/providers/cncf/kubernetes/backcompat/backwards_compat_converters.py:27 DeprecationWarning: This module is deprecated. Please use `kubernetes.client.models.V1VolumeMount`.
[2021-04-23 17:44:40,981] {scheduler_job.py:639} INFO - DAG(s) dict_keys(['ks-4-example_kubernetes_pod']) retrieved from /opt/airflow/dags/kubernetesOperator2.py
[2021-04-23 17:44:41,001] {logging_mixin.py:104} INFO - [2021-04-23 17:44:41,001] {dag.py:1818} INFO - Sync 1 DAGs
[2021-04-23 17:44:41,013] {logging_mixin.py:104} INFO - [2021-04-23 17:44:41,013] {dag.py:2273} INFO - Setting next_dagrun for ks-4-example_kubernetes_pod to None
[2021-04-23 17:44:41,019] {scheduler_job.py:190} INFO - Processing /opt/airflow/dags/kubernetesOperator2.py took 0.104 seconds
[2021-04-23 17:45:11,113] {scheduler_job.py:182} INFO - Started process (PID=137) to work on /opt/airflow/dags/kubernetesOperator2.py
[2021-04-23 17:45:11,114] {scheduler_job.py:629} INFO - Processing file /opt/airflow/dags/kubernetesOperator2.py for tasks to queue
[2021-04-23 17:45:11,116] {logging_mixin.py:104} INFO - [2021-04-23 17:45:11,115] {dagbag.py:448} INFO - Filling up the DagBag from /opt/airflow/dags/kubernetesOperator2.py
[2021-04-23 17:45:11,163] {logging_mixin.py:104} WARNING - /home/airflow/.local/lib/python3.6/site-packages/airflow/providers/cncf/kubernetes/backcompat/backwards_compat_converters.py:26 DeprecationWarning: This module is deprecated. Please use `kubernetes.client.models.V1Volume`.
[2021-04-23 17:45:11,165] {logging_mixin.py:104} WARNING - /home/airflow/.local/lib/python3.6/site-packages/airflow/providers/cncf/kubernetes/backcompat/backwards_compat_converters.py:27 DeprecationWarning: This module is deprecated. Please use `kubernetes.client.models.V1VolumeMount`.
[2021-04-23 17:45:11,177] {scheduler_job.py:639} INFO - DAG(s) dict_keys(['ks-4-example_kubernetes_pod']) retrieved from /opt/airflow/dags/kubernetesOperator2.py
[2021-04-23 17:45:11,197] {logging_mixin.py:104} INFO - [2021-04-23 17:45:11,197] {dag.py:1818} INFO - Sync 1 DAGs
[2021-04-23 17:45:11,213] {logging_mixin.py:104} INFO - [2021-04-23 17:45:11,213] {dag.py:2273} INFO - Setting next_dagrun for ks-4-example_kubernetes_pod to None
[2021-04-23 17:45:11,221] {scheduler_job.py:190} INFO - Processing /opt/airflow/dags/kubernetesOperator2.py took 0.113 seconds
[2021-04-23 17:45:41,312] {scheduler_job.py:182} INFO - Started process (PID=140) to work on /opt/airflow/dags/kubernetesOperator2.py
[2021-04-23 17:45:41,313] {scheduler_job.py:629} INFO - Processing file /opt/airflow/dags/kubernetesOperator2.py for tasks to queue
[2021-04-23 17:45:41,315] {logging_mixin.py:104} INFO - [2021-04-23 17:45:41,315] {dagbag.py:448} INFO - Filling up the DagBag from /opt/airflow/dags/kubernetesOperator2.py
[2021-04-23 17:45:41,365] {logging_mixin.py:104} WARNING - /home/airflow/.local/lib/python3.6/site-packages/airflow/providers/cncf/kubernetes/backcompat/backwards_compat_converters.py:26 DeprecationWarning: This module is deprecated. Please use `kubernetes.client.models.V1Volume`.
[2021-04-23 17:45:41,367] {logging_mixin.py:104} WARNING - /home/airflow/.local/lib/python3.6/site-packages/airflow/providers/cncf/kubernetes/backcompat/backwards_compat_converters.py:27 DeprecationWarning: This module is deprecated. Please use `kubernetes.client.models.V1VolumeMount`.
[2021-04-23 17:45:41,377] {scheduler_job.py:639} INFO - DAG(s) dict_keys(['ks-4-example_kubernetes_pod']) retrieved from /opt/airflow/dags/kubernetesOperator2.py
[2021-04-23 17:45:41,399] {logging_mixin.py:104} INFO - [2021-04-23 17:45:41,399] {dag.py:1818} INFO - Sync 1 DAGs
[2021-04-23 17:45:41,411] {logging_mixin.py:104} INFO - [2021-04-23 17:45:41,411] {dag.py:2273} INFO - Setting next_dagrun for ks-4-example_kubernetes_pod to None
[2021-04-23 17:45:41,418] {scheduler_job.py:190} INFO - Processing /opt/airflow/dags/kubernetesOperator2.py took 0.110 seconds
[2021-04-23 17:46:11,515] {scheduler_job.py:182} INFO - Started process (PID=143) to work on /opt/airflow/dags/kubernetesOperator2.py
[2021-04-23 17:46:11,517] {scheduler_job.py:629} INFO - Processing file /opt/airflow/dags/kubernetesOperator2.py for tasks to queue
[2021-04-23 17:46:11,518] {logging_mixin.py:104} INFO - [2021-04-23 17:46:11,518] {dagbag.py:448} INFO - Filling up the DagBag from /opt/airflow/dags/kubernetesOperator2.py
[2021-04-23 17:46:11,566] {logging_mixin.py:104} WARNING - /home/airflow/.local/lib/python3.6/site-packages/airflow/providers/cncf/kubernetes/backcompat/backwards_compat_converters.py:26 DeprecationWarning: This module is deprecated. Please use `kubernetes.client.models.V1Volume`.
[2021-04-23 17:46:11,569] {logging_mixin.py:104} WARNING - /home/airflow/.local/lib/python3.6/site-packages/airflow/providers/cncf/kubernetes/backcompat/backwards_compat_converters.py:27 DeprecationWarning: This module is deprecated. Please use `kubernetes.client.models.V1VolumeMount`.
[2021-04-23 17:46:11,580] {scheduler_job.py:639} INFO - DAG(s) dict_keys(['ks-4-example_kubernetes_pod']) retrieved from /opt/airflow/dags/kubernetesOperator2.py
[2021-04-23 17:46:11,605] {logging_mixin.py:104} INFO - [2021-04-23 17:46:11,605] {dag.py:1818} INFO - Sync 1 DAGs
[2021-04-23 17:46:11,617] {logging_mixin.py:104} INFO - [2021-04-23 17:46:11,617] {dag.py:2273} INFO - Setting next_dagrun for ks-4-example_kubernetes_pod to None
[2021-04-23 17:46:11,623] {scheduler_job.py:190} INFO - Processing /opt/airflow/dags/kubernetesOperator2.py took 0.111 seconds
[2021-04-23 17:46:41,805] {scheduler_job.py:182} INFO - Started process (PID=146) to work on /opt/airflow/dags/kubernetesOperator2.py
[2021-04-23 17:46:41,807] {scheduler_job.py:629} INFO - Processing file /opt/airflow/dags/kubernetesOperator2.py for tasks to queue
[2021-04-23 17:46:41,808] {logging_mixin.py:104} INFO - [2021-04-23 17:46:41,808] {dagbag.py:448} INFO - Filling up the DagBag from /opt/airflow/dags/kubernetesOperator2.py
[2021-04-23 17:46:41,856] {logging_mixin.py:104} WARNING - /home/airflow/.local/lib/python3.6/site-packages/airflow/providers/cncf/kubernetes/backcompat/backwards_compat_converters.py:26 DeprecationWarning: This module is deprecated. Please use `kubernetes.client.models.V1Volume`.
[2021-04-23 17:46:41,857] {logging_mixin.py:104} WARNING - /home/airflow/.local/lib/python3.6/site-packages/airflow/providers/cncf/kubernetes/backcompat/backwards_compat_converters.py:27 DeprecationWarning: This module is deprecated. Please use `kubernetes.client.models.V1VolumeMount`.
[2021-04-23 17:46:41,867] {scheduler_job.py:639} INFO - DAG(s) dict_keys(['ks-4-example_kubernetes_pod']) retrieved from /opt/airflow/dags/kubernetesOperator2.py
[2021-04-23 17:46:41,890] {logging_mixin.py:104} INFO - [2021-04-23 17:46:41,890] {dag.py:1818} INFO - Sync 1 DAGs
[2021-04-23 17:46:41,903] {logging_mixin.py:104} INFO - [2021-04-23 17:46:41,903] {dag.py:2273} INFO - Setting next_dagrun for ks-4-example_kubernetes_pod to None
[2021-04-23 17:46:41,909] {scheduler_job.py:190} INFO - Processing /opt/airflow/dags/kubernetesOperator2.py took 0.108 seconds
[2021-04-23 17:47:12,024] {scheduler_job.py:182} INFO - Started process (PID=149) to work on /opt/airflow/dags/kubernetesOperator2.py
[2021-04-23 17:47:12,026] {scheduler_job.py:629} INFO - Processing file /opt/airflow/dags/kubernetesOperator2.py for tasks to queue
[2021-04-23 17:47:12,027] {logging_mixin.py:104} INFO - [2021-04-23 17:47:12,027] {dagbag.py:448} INFO - Filling up the DagBag from /opt/airflow/dags/kubernetesOperator2.py
[2021-04-23 17:47:12,077] {logging_mixin.py:104} WARNING - /home/airflow/.local/lib/python3.6/site-packages/airflow/providers/cncf/kubernetes/backcompat/backwards_compat_converters.py:26 DeprecationWarning: This module is deprecated. Please use `kubernetes.client.models.V1Volume`.
[2021-04-23 17:47:12,079] {logging_mixin.py:104} WARNING - /home/airflow/.local/lib/python3.6/site-packages/airflow/providers/cncf/kubernetes/backcompat/backwards_compat_converters.py:27 DeprecationWarning: This module is deprecated. Please use `kubernetes.client.models.V1VolumeMount`.
[2021-04-23 17:47:12,091] {scheduler_job.py:639} INFO - DAG(s) dict_keys(['ks-4-example_kubernetes_pod']) retrieved from /opt/airflow/dags/kubernetesOperator2.py
[2021-04-23 17:47:12,114] {logging_mixin.py:104} INFO - [2021-04-23 17:47:12,114] {dag.py:1818} INFO - Sync 1 DAGs
[2021-04-23 17:47:12,126] {logging_mixin.py:104} INFO - [2021-04-23 17:47:12,125] {dag.py:2273} INFO - Setting next_dagrun for ks-4-example_kubernetes_pod to None
[2021-04-23 17:47:12,131] {scheduler_job.py:190} INFO - Processing /opt/airflow/dags/kubernetesOperator2.py took 0.111 seconds
[2021-04-23 17:47:42,209] {scheduler_job.py:182} INFO - Started process (PID=152) to work on /opt/airflow/dags/kubernetesOperator2.py
[2021-04-23 17:47:42,210] {scheduler_job.py:629} INFO - Processing file /opt/airflow/dags/kubernetesOperator2.py for tasks to queue
[2021-04-23 17:47:42,212] {logging_mixin.py:104} INFO - [2021-04-23 17:47:42,211] {dagbag.py:448} INFO - Filling up the DagBag from /opt/airflow/dags/kubernetesOperator2.py
[2021-04-23 17:47:42,259] {logging_mixin.py:104} WARNING - /home/airflow/.local/lib/python3.6/site-packages/airflow/providers/cncf/kubernetes/backcompat/backwards_compat_converters.py:26 DeprecationWarning: This module is deprecated. Please use `kubernetes.client.models.V1Volume`.
[2021-04-23 17:47:42,261] {logging_mixin.py:104} WARNING - /home/airflow/.local/lib/python3.6/site-packages/airflow/providers/cncf/kubernetes/backcompat/backwards_compat_converters.py:27 DeprecationWarning: This module is deprecated. Please use `kubernetes.client.models.V1VolumeMount`.
[2021-04-23 17:47:42,271] {scheduler_job.py:639} INFO - DAG(s) dict_keys(['ks-4-example_kubernetes_pod']) retrieved from /opt/airflow/dags/kubernetesOperator2.py
[2021-04-23 17:47:42,292] {logging_mixin.py:104} INFO - [2021-04-23 17:47:42,292] {dag.py:1818} INFO - Sync 1 DAGs
[2021-04-23 17:47:42,308] {logging_mixin.py:104} INFO - [2021-04-23 17:47:42,308] {dag.py:2273} INFO - Setting next_dagrun for ks-4-example_kubernetes_pod to None
[2021-04-23 17:47:42,314] {scheduler_job.py:190} INFO - Processing /opt/airflow/dags/kubernetesOperator2.py took 0.109 seconds
[2021-04-23 17:48:12,406] {scheduler_job.py:182} INFO - Started process (PID=155) to work on /opt/airflow/dags/kubernetesOperator2.py
[2021-04-23 17:48:12,408] {scheduler_job.py:629} INFO - Processing file /opt/airflow/dags/kubernetesOperator2.py for tasks to queue
[2021-04-23 17:48:12,409] {logging_mixin.py:104} INFO - [2021-04-23 17:48:12,409] {dagbag.py:448} INFO - Filling up the DagBag from /opt/airflow/dags/kubernetesOperator2.py
[2021-04-23 17:48:12,457] {logging_mixin.py:104} WARNING - /home/airflow/.local/lib/python3.6/site-packages/airflow/providers/cncf/kubernetes/backcompat/backwards_compat_converters.py:26 DeprecationWarning: This module is deprecated. Please use `kubernetes.client.models.V1Volume`.
[2021-04-23 17:48:12,461] {logging_mixin.py:104} WARNING - /home/airflow/.local/lib/python3.6/site-packages/airflow/providers/cncf/kubernetes/backcompat/backwards_compat_converters.py:27 DeprecationWarning: This module is deprecated. Please use `kubernetes.client.models.V1VolumeMount`.
[2021-04-23 17:48:12,470] {scheduler_job.py:639} INFO - DAG(s) dict_keys(['ks-4-example_kubernetes_pod']) retrieved from /opt/airflow/dags/kubernetesOperator2.py
[2021-04-23 17:48:12,489] {logging_mixin.py:104} INFO - [2021-04-23 17:48:12,489] {dag.py:1818} INFO - Sync 1 DAGs
[2021-04-23 17:48:12,505] {logging_mixin.py:104} INFO - [2021-04-23 17:48:12,505] {dag.py:2273} INFO - Setting next_dagrun for ks-4-example_kubernetes_pod to None
[2021-04-23 17:48:12,513] {scheduler_job.py:190} INFO - Processing /opt/airflow/dags/kubernetesOperator2.py took 0.110 seconds
[2021-04-23 17:48:42,613] {scheduler_job.py:182} INFO - Started process (PID=158) to work on /opt/airflow/dags/kubernetesOperator2.py
[2021-04-23 17:48:42,614] {scheduler_job.py:629} INFO - Processing file /opt/airflow/dags/kubernetesOperator2.py for tasks to queue
[2021-04-23 17:48:42,616] {logging_mixin.py:104} INFO - [2021-04-23 17:48:42,616] {dagbag.py:448} INFO - Filling up the DagBag from /opt/airflow/dags/kubernetesOperator2.py
[2021-04-23 17:48:42,675] {logging_mixin.py:104} WARNING - /home/airflow/.local/lib/python3.6/site-packages/airflow/providers/cncf/kubernetes/backcompat/backwards_compat_converters.py:26 DeprecationWarning: This module is deprecated. Please use `kubernetes.client.models.V1Volume`.
[2021-04-23 17:48:42,676] {logging_mixin.py:104} WARNING - /home/airflow/.local/lib/python3.6/site-packages/airflow/providers/cncf/kubernetes/backcompat/backwards_compat_converters.py:27 DeprecationWarning: This module is deprecated. Please use `kubernetes.client.models.V1VolumeMount`.
[2021-04-23 17:48:42,686] {scheduler_job.py:639} INFO - DAG(s) dict_keys(['ks-4-example_kubernetes_pod']) retrieved from /opt/airflow/dags/kubernetesOperator2.py
[2021-04-23 17:48:42,705] {logging_mixin.py:104} INFO - [2021-04-23 17:48:42,705] {dag.py:1818} INFO - Sync 1 DAGs
[2021-04-23 17:48:42,718] {logging_mixin.py:104} INFO - [2021-04-23 17:48:42,718] {dag.py:2273} INFO - Setting next_dagrun for ks-4-example_kubernetes_pod to None
[2021-04-23 17:48:42,725] {scheduler_job.py:190} INFO - Processing /opt/airflow/dags/kubernetesOperator2.py took 0.116 seconds
[2021-04-23 17:49:12,821] {scheduler_job.py:182} INFO - Started process (PID=161) to work on /opt/airflow/dags/kubernetesOperator2.py
[2021-04-23 17:49:12,823] {scheduler_job.py:629} INFO - Processing file /opt/airflow/dags/kubernetesOperator2.py for tasks to queue
[2021-04-23 17:49:12,824] {logging_mixin.py:104} INFO - [2021-04-23 17:49:12,824] {dagbag.py:448} INFO - Filling up the DagBag from /opt/airflow/dags/kubernetesOperator2.py
[2021-04-23 17:49:12,875] {logging_mixin.py:104} WARNING - /home/airflow/.local/lib/python3.6/site-packages/airflow/providers/cncf/kubernetes/backcompat/backwards_compat_converters.py:26 DeprecationWarning: This module is deprecated. Please use `kubernetes.client.models.V1Volume`.
[2021-04-23 17:49:12,877] {logging_mixin.py:104} WARNING - /home/airflow/.local/lib/python3.6/site-packages/airflow/providers/cncf/kubernetes/backcompat/backwards_compat_converters.py:27 DeprecationWarning: This module is deprecated. Please use `kubernetes.client.models.V1VolumeMount`.
[2021-04-23 17:49:12,889] {scheduler_job.py:639} INFO - DAG(s) dict_keys(['ks-4-example_kubernetes_pod']) retrieved from /opt/airflow/dags/kubernetesOperator2.py
[2021-04-23 17:49:12,911] {logging_mixin.py:104} INFO - [2021-04-23 17:49:12,911] {dag.py:1818} INFO - Sync 1 DAGs
[2021-04-23 17:49:12,923] {logging_mixin.py:104} INFO - [2021-04-23 17:49:12,923] {dag.py:2273} INFO - Setting next_dagrun for ks-4-example_kubernetes_pod to None
[2021-04-23 17:49:12,929] {scheduler_job.py:190} INFO - Processing /opt/airflow/dags/kubernetesOperator2.py took 0.112 seconds
[2021-04-23 17:49:43,050] {scheduler_job.py:182} INFO - Started process (PID=164) to work on /opt/airflow/dags/kubernetesOperator2.py
[2021-04-23 17:49:43,052] {scheduler_job.py:629} INFO - Processing file /opt/airflow/dags/kubernetesOperator2.py for tasks to queue
[2021-04-23 17:49:43,054] {logging_mixin.py:104} INFO - [2021-04-23 17:49:43,053] {dagbag.py:448} INFO - Filling up the DagBag from /opt/airflow/dags/kubernetesOperator2.py
[2021-04-23 17:49:43,102] {logging_mixin.py:104} WARNING - /home/airflow/.local/lib/python3.6/site-packages/airflow/providers/cncf/kubernetes/backcompat/backwards_compat_converters.py:26 DeprecationWarning: This module is deprecated. Please use `kubernetes.client.models.V1Volume`.
[2021-04-23 17:49:43,105] {logging_mixin.py:104} WARNING - /home/airflow/.local/lib/python3.6/site-packages/airflow/providers/cncf/kubernetes/backcompat/backwards_compat_converters.py:27 DeprecationWarning: This module is deprecated. Please use `kubernetes.client.models.V1VolumeMount`.
[2021-04-23 17:49:43,114] {scheduler_job.py:639} INFO - DAG(s) dict_keys(['ks-4-example_kubernetes_pod']) retrieved from /opt/airflow/dags/kubernetesOperator2.py
[2021-04-23 17:49:43,134] {logging_mixin.py:104} INFO - [2021-04-23 17:49:43,134] {dag.py:1818} INFO - Sync 1 DAGs
[2021-04-23 17:49:43,153] {logging_mixin.py:104} INFO - [2021-04-23 17:49:43,153] {dag.py:2273} INFO - Setting next_dagrun for ks-4-example_kubernetes_pod to None
[2021-04-23 17:49:43,160] {scheduler_job.py:190} INFO - Processing /opt/airflow/dags/kubernetesOperator2.py took 0.117 seconds
[2021-04-23 17:50:13,275] {scheduler_job.py:182} INFO - Started process (PID=167) to work on /opt/airflow/dags/kubernetesOperator2.py
[2021-04-23 17:50:13,277] {scheduler_job.py:629} INFO - Processing file /opt/airflow/dags/kubernetesOperator2.py for tasks to queue
[2021-04-23 17:50:13,279] {logging_mixin.py:104} INFO - [2021-04-23 17:50:13,279] {dagbag.py:448} INFO - Filling up the DagBag from /opt/airflow/dags/kubernetesOperator2.py
[2021-04-23 17:50:13,343] {logging_mixin.py:104} WARNING - /home/airflow/.local/lib/python3.6/site-packages/airflow/providers/cncf/kubernetes/backcompat/backwards_compat_converters.py:26 DeprecationWarning: This module is deprecated. Please use `kubernetes.client.models.V1Volume`.
[2021-04-23 17:50:13,345] {logging_mixin.py:104} WARNING - /home/airflow/.local/lib/python3.6/site-packages/airflow/providers/cncf/kubernetes/backcompat/backwards_compat_converters.py:27 DeprecationWarning: This module is deprecated. Please use `kubernetes.client.models.V1VolumeMount`.
[2021-04-23 17:50:13,358] {scheduler_job.py:639} INFO - DAG(s) dict_keys(['ks-4-example_kubernetes_pod']) retrieved from /opt/airflow/dags/kubernetesOperator2.py
[2021-04-23 17:50:13,382] {logging_mixin.py:104} INFO - [2021-04-23 17:50:13,382] {dag.py:1818} INFO - Sync 1 DAGs
[2021-04-23 17:50:13,400] {logging_mixin.py:104} INFO - [2021-04-23 17:50:13,400] {dag.py:2273} INFO - Setting next_dagrun for ks-4-example_kubernetes_pod to None
[2021-04-23 17:50:13,410] {scheduler_job.py:190} INFO - Processing /opt/airflow/dags/kubernetesOperator2.py took 0.140 seconds
[2021-04-23 17:50:43,490] {scheduler_job.py:182} INFO - Started process (PID=170) to work on /opt/airflow/dags/kubernetesOperator2.py
[2021-04-23 17:50:43,492] {scheduler_job.py:629} INFO - Processing file /opt/airflow/dags/kubernetesOperator2.py for tasks to queue
[2021-04-23 17:50:43,493] {logging_mixin.py:104} INFO - [2021-04-23 17:50:43,493] {dagbag.py:448} INFO - Filling up the DagBag from /opt/airflow/dags/kubernetesOperator2.py
[2021-04-23 17:50:43,543] {logging_mixin.py:104} WARNING - /home/airflow/.local/lib/python3.6/site-packages/airflow/providers/cncf/kubernetes/backcompat/backwards_compat_converters.py:26 DeprecationWarning: This module is deprecated. Please use `kubernetes.client.models.V1Volume`.
[2021-04-23 17:50:43,545] {logging_mixin.py:104} WARNING - /home/airflow/.local/lib/python3.6/site-packages/airflow/providers/cncf/kubernetes/backcompat/backwards_compat_converters.py:27 DeprecationWarning: This module is deprecated. Please use `kubernetes.client.models.V1VolumeMount`.
[2021-04-23 17:50:43,553] {scheduler_job.py:639} INFO - DAG(s) dict_keys(['ks-4-example_kubernetes_pod']) retrieved from /opt/airflow/dags/kubernetesOperator2.py
[2021-04-23 17:50:43,570] {logging_mixin.py:104} INFO - [2021-04-23 17:50:43,570] {dag.py:1818} INFO - Sync 1 DAGs
[2021-04-23 17:50:43,585] {logging_mixin.py:104} INFO - [2021-04-23 17:50:43,585] {dag.py:2273} INFO - Setting next_dagrun for ks-4-example_kubernetes_pod to None
[2021-04-23 17:50:43,591] {scheduler_job.py:190} INFO - Processing /opt/airflow/dags/kubernetesOperator2.py took 0.104 seconds
[2021-04-23 17:51:13,684] {scheduler_job.py:182} INFO - Started process (PID=173) to work on /opt/airflow/dags/kubernetesOperator2.py
[2021-04-23 17:51:13,686] {scheduler_job.py:629} INFO - Processing file /opt/airflow/dags/kubernetesOperator2.py for tasks to queue
[2021-04-23 17:51:13,688] {logging_mixin.py:104} INFO - [2021-04-23 17:51:13,688] {dagbag.py:448} INFO - Filling up the DagBag from /opt/airflow/dags/kubernetesOperator2.py
[2021-04-23 17:51:13,743] {logging_mixin.py:104} WARNING - /home/airflow/.local/lib/python3.6/site-packages/airflow/providers/cncf/kubernetes/backcompat/backwards_compat_converters.py:26 DeprecationWarning: This module is deprecated. Please use `kubernetes.client.models.V1Volume`.
[2021-04-23 17:51:13,746] {logging_mixin.py:104} WARNING - /home/airflow/.local/lib/python3.6/site-packages/airflow/providers/cncf/kubernetes/backcompat/backwards_compat_converters.py:27 DeprecationWarning: This module is deprecated. Please use `kubernetes.client.models.V1VolumeMount`.
[2021-04-23 17:51:13,762] {scheduler_job.py:639} INFO - DAG(s) dict_keys(['ks-4-example_kubernetes_pod']) retrieved from /opt/airflow/dags/kubernetesOperator2.py
[2021-04-23 17:51:13,782] {logging_mixin.py:104} INFO - [2021-04-23 17:51:13,782] {dag.py:1818} INFO - Sync 1 DAGs
[2021-04-23 17:51:13,799] {logging_mixin.py:104} INFO - [2021-04-23 17:51:13,799] {dag.py:2273} INFO - Setting next_dagrun for ks-4-example_kubernetes_pod to None
[2021-04-23 17:51:13,809] {scheduler_job.py:190} INFO - Processing /opt/airflow/dags/kubernetesOperator2.py took 0.127 seconds
[2021-04-23 17:51:43,904] {scheduler_job.py:182} INFO - Started process (PID=176) to work on /opt/airflow/dags/kubernetesOperator2.py
[2021-04-23 17:51:43,906] {scheduler_job.py:629} INFO - Processing file /opt/airflow/dags/kubernetesOperator2.py for tasks to queue
[2021-04-23 17:51:43,907] {logging_mixin.py:104} INFO - [2021-04-23 17:51:43,907] {dagbag.py:448} INFO - Filling up the DagBag from /opt/airflow/dags/kubernetesOperator2.py
[2021-04-23 17:51:43,958] {logging_mixin.py:104} WARNING - /home/airflow/.local/lib/python3.6/site-packages/airflow/providers/cncf/kubernetes/backcompat/backwards_compat_converters.py:26 DeprecationWarning: This module is deprecated. Please use `kubernetes.client.models.V1Volume`.
[2021-04-23 17:51:43,960] {logging_mixin.py:104} WARNING - /home/airflow/.local/lib/python3.6/site-packages/airflow/providers/cncf/kubernetes/backcompat/backwards_compat_converters.py:27 DeprecationWarning: This module is deprecated. Please use `kubernetes.client.models.V1VolumeMount`.
[2021-04-23 17:51:43,971] {scheduler_job.py:639} INFO - DAG(s) dict_keys(['ks-4-example_kubernetes_pod']) retrieved from /opt/airflow/dags/kubernetesOperator2.py
[2021-04-23 17:51:43,990] {logging_mixin.py:104} INFO - [2021-04-23 17:51:43,989] {dag.py:1818} INFO - Sync 1 DAGs
[2021-04-23 17:51:44,002] {logging_mixin.py:104} INFO - [2021-04-23 17:51:44,002] {dag.py:2273} INFO - Setting next_dagrun for ks-4-example_kubernetes_pod to None
[2021-04-23 17:51:44,009] {scheduler_job.py:190} INFO - Processing /opt/airflow/dags/kubernetesOperator2.py took 0.108 seconds
[2021-04-23 17:52:14,076] {scheduler_job.py:182} INFO - Started process (PID=179) to work on /opt/airflow/dags/kubernetesOperator2.py
[2021-04-23 17:52:14,079] {scheduler_job.py:629} INFO - Processing file /opt/airflow/dags/kubernetesOperator2.py for tasks to queue
[2021-04-23 17:52:14,080] {logging_mixin.py:104} INFO - [2021-04-23 17:52:14,080] {dagbag.py:448} INFO - Filling up the DagBag from /opt/airflow/dags/kubernetesOperator2.py
[2021-04-23 17:52:14,133] {logging_mixin.py:104} WARNING - /home/airflow/.local/lib/python3.6/site-packages/airflow/providers/cncf/kubernetes/backcompat/backwards_compat_converters.py:26 DeprecationWarning: This module is deprecated. Please use `kubernetes.client.models.V1Volume`.
[2021-04-23 17:52:14,134] {logging_mixin.py:104} WARNING - /home/airflow/.local/lib/python3.6/site-packages/airflow/providers/cncf/kubernetes/backcompat/backwards_compat_converters.py:27 DeprecationWarning: This module is deprecated. Please use `kubernetes.client.models.V1VolumeMount`.
[2021-04-23 17:52:14,144] {scheduler_job.py:639} INFO - DAG(s) dict_keys(['ks-4-example_kubernetes_pod']) retrieved from /opt/airflow/dags/kubernetesOperator2.py
[2021-04-23 17:52:14,161] {logging_mixin.py:104} INFO - [2021-04-23 17:52:14,160] {dag.py:1818} INFO - Sync 1 DAGs
[2021-04-23 17:52:14,172] {logging_mixin.py:104} INFO - [2021-04-23 17:52:14,172] {dag.py:2273} INFO - Setting next_dagrun for ks-4-example_kubernetes_pod to None
[2021-04-23 17:52:14,179] {scheduler_job.py:190} INFO - Processing /opt/airflow/dags/kubernetesOperator2.py took 0.106 seconds
[2021-04-23 17:52:44,331] {scheduler_job.py:182} INFO - Started process (PID=182) to work on /opt/airflow/dags/kubernetesOperator2.py
[2021-04-23 17:52:44,334] {scheduler_job.py:629} INFO - Processing file /opt/airflow/dags/kubernetesOperator2.py for tasks to queue
[2021-04-23 17:52:44,335] {logging_mixin.py:104} INFO - [2021-04-23 17:52:44,335] {dagbag.py:448} INFO - Filling up the DagBag from /opt/airflow/dags/kubernetesOperator2.py
[2021-04-23 17:52:44,382] {logging_mixin.py:104} WARNING - /home/airflow/.local/lib/python3.6/site-packages/airflow/providers/cncf/kubernetes/backcompat/backwards_compat_converters.py:26 DeprecationWarning: This module is deprecated. Please use `kubernetes.client.models.V1Volume`.
[2021-04-23 17:52:44,384] {logging_mixin.py:104} WARNING - /home/airflow/.local/lib/python3.6/site-packages/airflow/providers/cncf/kubernetes/backcompat/backwards_compat_converters.py:27 DeprecationWarning: This module is deprecated. Please use `kubernetes.client.models.V1VolumeMount`.
[2021-04-23 17:52:44,395] {scheduler_job.py:639} INFO - DAG(s) dict_keys(['ks-4-example_kubernetes_pod']) retrieved from /opt/airflow/dags/kubernetesOperator2.py
[2021-04-23 17:52:44,413] {logging_mixin.py:104} INFO - [2021-04-23 17:52:44,413] {dag.py:1818} INFO - Sync 1 DAGs
[2021-04-23 17:52:44,425] {logging_mixin.py:104} INFO - [2021-04-23 17:52:44,425] {dag.py:2273} INFO - Setting next_dagrun for ks-4-example_kubernetes_pod to None
[2021-04-23 17:52:44,431] {scheduler_job.py:190} INFO - Processing /opt/airflow/dags/kubernetesOperator2.py took 0.103 seconds
[2021-04-23 17:53:14,573] {scheduler_job.py:182} INFO - Started process (PID=185) to work on /opt/airflow/dags/kubernetesOperator2.py
[2021-04-23 17:53:14,575] {scheduler_job.py:629} INFO - Processing file /opt/airflow/dags/kubernetesOperator2.py for tasks to queue
[2021-04-23 17:53:14,576] {logging_mixin.py:104} INFO - [2021-04-23 17:53:14,576] {dagbag.py:448} INFO - Filling up the DagBag from /opt/airflow/dags/kubernetesOperator2.py
[2021-04-23 17:53:14,619] {logging_mixin.py:104} WARNING - /home/airflow/.local/lib/python3.6/site-packages/airflow/providers/cncf/kubernetes/backcompat/backwards_compat_converters.py:26 DeprecationWarning: This module is deprecated. Please use `kubernetes.client.models.V1Volume`.
[2021-04-23 17:53:14,621] {logging_mixin.py:104} WARNING - /home/airflow/.local/lib/python3.6/site-packages/airflow/providers/cncf/kubernetes/backcompat/backwards_compat_converters.py:27 DeprecationWarning: This module is deprecated. Please use `kubernetes.client.models.V1VolumeMount`.
[2021-04-23 17:53:14,630] {scheduler_job.py:639} INFO - DAG(s) dict_keys(['ks-4-example_kubernetes_pod']) retrieved from /opt/airflow/dags/kubernetesOperator2.py
[2021-04-23 17:53:14,648] {logging_mixin.py:104} INFO - [2021-04-23 17:53:14,647] {dag.py:1818} INFO - Sync 1 DAGs
[2021-04-23 17:53:14,659] {logging_mixin.py:104} INFO - [2021-04-23 17:53:14,659] {dag.py:2273} INFO - Setting next_dagrun for ks-4-example_kubernetes_pod to None
[2021-04-23 17:53:14,666] {scheduler_job.py:190} INFO - Processing /opt/airflow/dags/kubernetesOperator2.py took 0.095 seconds
[2021-04-23 17:53:44,818] {scheduler_job.py:182} INFO - Started process (PID=188) to work on /opt/airflow/dags/kubernetesOperator2.py
[2021-04-23 17:53:44,820] {scheduler_job.py:629} INFO - Processing file /opt/airflow/dags/kubernetesOperator2.py for tasks to queue
[2021-04-23 17:53:44,822] {logging_mixin.py:104} INFO - [2021-04-23 17:53:44,822] {dagbag.py:448} INFO - Filling up the DagBag from /opt/airflow/dags/kubernetesOperator2.py
[2021-04-23 17:53:44,886] {logging_mixin.py:104} WARNING - /home/airflow/.local/lib/python3.6/site-packages/airflow/providers/cncf/kubernetes/backcompat/backwards_compat_converters.py:26 DeprecationWarning: This module is deprecated. Please use `kubernetes.client.models.V1Volume`.
[2021-04-23 17:53:44,888] {logging_mixin.py:104} WARNING - /home/airflow/.local/lib/python3.6/site-packages/airflow/providers/cncf/kubernetes/backcompat/backwards_compat_converters.py:27 DeprecationWarning: This module is deprecated. Please use `kubernetes.client.models.V1VolumeMount`.
[2021-04-23 17:53:44,897] {scheduler_job.py:639} INFO - DAG(s) dict_keys(['ks-4-example_kubernetes_pod']) retrieved from /opt/airflow/dags/kubernetesOperator2.py
[2021-04-23 17:53:44,921] {logging_mixin.py:104} INFO - [2021-04-23 17:53:44,920] {dag.py:1818} INFO - Sync 1 DAGs
[2021-04-23 17:53:44,933] {logging_mixin.py:104} INFO - [2021-04-23 17:53:44,933] {dag.py:2273} INFO - Setting next_dagrun for ks-4-example_kubernetes_pod to None
[2021-04-23 17:53:44,939] {scheduler_job.py:190} INFO - Processing /opt/airflow/dags/kubernetesOperator2.py took 0.126 seconds
[2021-04-23 17:54:15,010] {scheduler_job.py:182} INFO - Started process (PID=191) to work on /opt/airflow/dags/kubernetesOperator2.py
[2021-04-23 17:54:15,012] {scheduler_job.py:629} INFO - Processing file /opt/airflow/dags/kubernetesOperator2.py for tasks to queue
[2021-04-23 17:54:15,013] {logging_mixin.py:104} INFO - [2021-04-23 17:54:15,013] {dagbag.py:448} INFO - Filling up the DagBag from /opt/airflow/dags/kubernetesOperator2.py
[2021-04-23 17:54:15,064] {logging_mixin.py:104} WARNING - /home/airflow/.local/lib/python3.6/site-packages/airflow/providers/cncf/kubernetes/backcompat/backwards_compat_converters.py:26 DeprecationWarning: This module is deprecated. Please use `kubernetes.client.models.V1Volume`.
[2021-04-23 17:54:15,066] {logging_mixin.py:104} WARNING - /home/airflow/.local/lib/python3.6/site-packages/airflow/providers/cncf/kubernetes/backcompat/backwards_compat_converters.py:27 DeprecationWarning: This module is deprecated. Please use `kubernetes.client.models.V1VolumeMount`.
[2021-04-23 17:54:15,074] {scheduler_job.py:639} INFO - DAG(s) dict_keys(['ks-4-example_kubernetes_pod']) retrieved from /opt/airflow/dags/kubernetesOperator2.py
[2021-04-23 17:54:15,093] {logging_mixin.py:104} INFO - [2021-04-23 17:54:15,093] {dag.py:1818} INFO - Sync 1 DAGs
[2021-04-23 17:54:15,105] {logging_mixin.py:104} INFO - [2021-04-23 17:54:15,105] {dag.py:2273} INFO - Setting next_dagrun for ks-4-example_kubernetes_pod to None
[2021-04-23 17:54:15,112] {scheduler_job.py:190} INFO - Processing /opt/airflow/dags/kubernetesOperator2.py took 0.107 seconds
[2021-04-23 17:54:45,246] {scheduler_job.py:182} INFO - Started process (PID=194) to work on /opt/airflow/dags/kubernetesOperator2.py
[2021-04-23 17:54:45,248] {scheduler_job.py:629} INFO - Processing file /opt/airflow/dags/kubernetesOperator2.py for tasks to queue
[2021-04-23 17:54:45,249] {logging_mixin.py:104} INFO - [2021-04-23 17:54:45,249] {dagbag.py:448} INFO - Filling up the DagBag from /opt/airflow/dags/kubernetesOperator2.py
[2021-04-23 17:54:45,292] {logging_mixin.py:104} WARNING - /home/airflow/.local/lib/python3.6/site-packages/airflow/providers/cncf/kubernetes/backcompat/backwards_compat_converters.py:26 DeprecationWarning: This module is deprecated. Please use `kubernetes.client.models.V1Volume`.
[2021-04-23 17:54:45,294] {logging_mixin.py:104} WARNING - /home/airflow/.local/lib/python3.6/site-packages/airflow/providers/cncf/kubernetes/backcompat/backwards_compat_converters.py:27 DeprecationWarning: This module is deprecated. Please use `kubernetes.client.models.V1VolumeMount`.
[2021-04-23 17:54:45,306] {scheduler_job.py:639} INFO - DAG(s) dict_keys(['ks-4-example_kubernetes_pod']) retrieved from /opt/airflow/dags/kubernetesOperator2.py
[2021-04-23 17:54:45,324] {logging_mixin.py:104} INFO - [2021-04-23 17:54:45,324] {dag.py:1818} INFO - Sync 1 DAGs
[2021-04-23 17:54:45,336] {logging_mixin.py:104} INFO - [2021-04-23 17:54:45,336] {dag.py:2273} INFO - Setting next_dagrun for ks-4-example_kubernetes_pod to None
[2021-04-23 17:54:45,342] {scheduler_job.py:190} INFO - Processing /opt/airflow/dags/kubernetesOperator2.py took 0.101 seconds
[2021-04-23 17:55:15,483] {scheduler_job.py:182} INFO - Started process (PID=197) to work on /opt/airflow/dags/kubernetesOperator2.py
[2021-04-23 17:55:15,485] {scheduler_job.py:629} INFO - Processing file /opt/airflow/dags/kubernetesOperator2.py for tasks to queue
[2021-04-23 17:55:15,486] {logging_mixin.py:104} INFO - [2021-04-23 17:55:15,486] {dagbag.py:448} INFO - Filling up the DagBag from /opt/airflow/dags/kubernetesOperator2.py
[2021-04-23 17:55:15,535] {logging_mixin.py:104} WARNING - /home/airflow/.local/lib/python3.6/site-packages/airflow/providers/cncf/kubernetes/backcompat/backwards_compat_converters.py:26 DeprecationWarning: This module is deprecated. Please use `kubernetes.client.models.V1Volume`.
[2021-04-23 17:55:15,537] {logging_mixin.py:104} WARNING - /home/airflow/.local/lib/python3.6/site-packages/airflow/providers/cncf/kubernetes/backcompat/backwards_compat_converters.py:27 DeprecationWarning: This module is deprecated. Please use `kubernetes.client.models.V1VolumeMount`.
[2021-04-23 17:55:15,547] {scheduler_job.py:639} INFO - DAG(s) dict_keys(['ks-4-example_kubernetes_pod']) retrieved from /opt/airflow/dags/kubernetesOperator2.py
[2021-04-23 17:55:15,565] {logging_mixin.py:104} INFO - [2021-04-23 17:55:15,565] {dag.py:1818} INFO - Sync 1 DAGs
[2021-04-23 17:55:15,581] {logging_mixin.py:104} INFO - [2021-04-23 17:55:15,580] {dag.py:2273} INFO - Setting next_dagrun for ks-4-example_kubernetes_pod to None
[2021-04-23 17:55:15,587] {scheduler_job.py:190} INFO - Processing /opt/airflow/dags/kubernetesOperator2.py took 0.107 seconds
[2021-04-23 17:55:45,727] {scheduler_job.py:182} INFO - Started process (PID=200) to work on /opt/airflow/dags/kubernetesOperator2.py
[2021-04-23 17:55:45,729] {scheduler_job.py:629} INFO - Processing file /opt/airflow/dags/kubernetesOperator2.py for tasks to queue
[2021-04-23 17:55:45,730] {logging_mixin.py:104} INFO - [2021-04-23 17:55:45,730] {dagbag.py:448} INFO - Filling up the DagBag from /opt/airflow/dags/kubernetesOperator2.py
[2021-04-23 17:55:45,779] {logging_mixin.py:104} WARNING - /home/airflow/.local/lib/python3.6/site-packages/airflow/providers/cncf/kubernetes/backcompat/backwards_compat_converters.py:26 DeprecationWarning: This module is deprecated. Please use `kubernetes.client.models.V1Volume`.
[2021-04-23 17:55:45,781] {logging_mixin.py:104} WARNING - /home/airflow/.local/lib/python3.6/site-packages/airflow/providers/cncf/kubernetes/backcompat/backwards_compat_converters.py:27 DeprecationWarning: This module is deprecated. Please use `kubernetes.client.models.V1VolumeMount`.
[2021-04-23 17:55:45,793] {scheduler_job.py:639} INFO - DAG(s) dict_keys(['ks-4-example_kubernetes_pod']) retrieved from /opt/airflow/dags/kubernetesOperator2.py
[2021-04-23 17:55:45,815] {logging_mixin.py:104} INFO - [2021-04-23 17:55:45,815] {dag.py:1818} INFO - Sync 1 DAGs
[2021-04-23 17:55:45,831] {logging_mixin.py:104} INFO - [2021-04-23 17:55:45,831] {dag.py:2273} INFO - Setting next_dagrun for ks-4-example_kubernetes_pod to None
[2021-04-23 17:55:45,838] {scheduler_job.py:190} INFO - Processing /opt/airflow/dags/kubernetesOperator2.py took 0.114 seconds
[2021-04-23 17:56:15,931] {scheduler_job.py:182} INFO - Started process (PID=203) to work on /opt/airflow/dags/kubernetesOperator2.py
[2021-04-23 17:56:15,933] {scheduler_job.py:629} INFO - Processing file /opt/airflow/dags/kubernetesOperator2.py for tasks to queue
[2021-04-23 17:56:15,934] {logging_mixin.py:104} INFO - [2021-04-23 17:56:15,934] {dagbag.py:448} INFO - Filling up the DagBag from /opt/airflow/dags/kubernetesOperator2.py
[2021-04-23 17:56:15,983] {logging_mixin.py:104} WARNING - /home/airflow/.local/lib/python3.6/site-packages/airflow/providers/cncf/kubernetes/backcompat/backwards_compat_converters.py:26 DeprecationWarning: This module is deprecated. Please use `kubernetes.client.models.V1Volume`.
[2021-04-23 17:56:15,985] {logging_mixin.py:104} WARNING - /home/airflow/.local/lib/python3.6/site-packages/airflow/providers/cncf/kubernetes/backcompat/backwards_compat_converters.py:27 DeprecationWarning: This module is deprecated. Please use `kubernetes.client.models.V1VolumeMount`.
[2021-04-23 17:56:15,995] {scheduler_job.py:639} INFO - DAG(s) dict_keys(['ks-4-example_kubernetes_pod']) retrieved from /opt/airflow/dags/kubernetesOperator2.py
[2021-04-23 17:56:16,013] {logging_mixin.py:104} INFO - [2021-04-23 17:56:16,013] {dag.py:1818} INFO - Sync 1 DAGs
[2021-04-23 17:56:16,027] {logging_mixin.py:104} INFO - [2021-04-23 17:56:16,027] {dag.py:2273} INFO - Setting next_dagrun for ks-4-example_kubernetes_pod to None
[2021-04-23 17:56:16,032] {scheduler_job.py:190} INFO - Processing /opt/airflow/dags/kubernetesOperator2.py took 0.106 seconds
[2021-04-23 17:56:46,239] {scheduler_job.py:182} INFO - Started process (PID=206) to work on /opt/airflow/dags/kubernetesOperator2.py
[2021-04-23 17:56:46,241] {scheduler_job.py:629} INFO - Processing file /opt/airflow/dags/kubernetesOperator2.py for tasks to queue
[2021-04-23 17:56:46,242] {logging_mixin.py:104} INFO - [2021-04-23 17:56:46,242] {dagbag.py:448} INFO - Filling up the DagBag from /opt/airflow/dags/kubernetesOperator2.py
[2021-04-23 17:56:46,290] {logging_mixin.py:104} WARNING - /home/airflow/.local/lib/python3.6/site-packages/airflow/providers/cncf/kubernetes/backcompat/backwards_compat_converters.py:26 DeprecationWarning: This module is deprecated. Please use `kubernetes.client.models.V1Volume`.
[2021-04-23 17:56:46,293] {logging_mixin.py:104} WARNING - /home/airflow/.local/lib/python3.6/site-packages/airflow/providers/cncf/kubernetes/backcompat/backwards_compat_converters.py:27 DeprecationWarning: This module is deprecated. Please use `kubernetes.client.models.V1VolumeMount`.
[2021-04-23 17:56:46,305] {scheduler_job.py:639} INFO - DAG(s) dict_keys(['ks-4-example_kubernetes_pod']) retrieved from /opt/airflow/dags/kubernetesOperator2.py
[2021-04-23 17:56:46,323] {logging_mixin.py:104} INFO - [2021-04-23 17:56:46,323] {dag.py:1818} INFO - Sync 1 DAGs
[2021-04-23 17:56:46,336] {logging_mixin.py:104} INFO - [2021-04-23 17:56:46,336] {dag.py:2273} INFO - Setting next_dagrun for ks-4-example_kubernetes_pod to None
[2021-04-23 17:56:46,343] {scheduler_job.py:190} INFO - Processing /opt/airflow/dags/kubernetesOperator2.py took 0.107 seconds
[2021-04-23 17:57:16,493] {scheduler_job.py:182} INFO - Started process (PID=209) to work on /opt/airflow/dags/kubernetesOperator2.py
[2021-04-23 17:57:16,495] {scheduler_job.py:629} INFO - Processing file /opt/airflow/dags/kubernetesOperator2.py for tasks to queue
[2021-04-23 17:57:16,496] {logging_mixin.py:104} INFO - [2021-04-23 17:57:16,496] {dagbag.py:448} INFO - Filling up the DagBag from /opt/airflow/dags/kubernetesOperator2.py
[2021-04-23 17:57:16,544] {logging_mixin.py:104} WARNING - /home/airflow/.local/lib/python3.6/site-packages/airflow/providers/cncf/kubernetes/backcompat/backwards_compat_converters.py:26 DeprecationWarning: This module is deprecated. Please use `kubernetes.client.models.V1Volume`.
[2021-04-23 17:57:16,546] {logging_mixin.py:104} WARNING - /home/airflow/.local/lib/python3.6/site-packages/airflow/providers/cncf/kubernetes/backcompat/backwards_compat_converters.py:27 DeprecationWarning: This module is deprecated. Please use `kubernetes.client.models.V1VolumeMount`.
[2021-04-23 17:57:16,555] {scheduler_job.py:639} INFO - DAG(s) dict_keys(['ks-4-example_kubernetes_pod']) retrieved from /opt/airflow/dags/kubernetesOperator2.py
[2021-04-23 17:57:16,572] {logging_mixin.py:104} INFO - [2021-04-23 17:57:16,572] {dag.py:1818} INFO - Sync 1 DAGs
[2021-04-23 17:57:16,584] {logging_mixin.py:104} INFO - [2021-04-23 17:57:16,584] {dag.py:2273} INFO - Setting next_dagrun for ks-4-example_kubernetes_pod to None
[2021-04-23 17:57:16,590] {scheduler_job.py:190} INFO - Processing /opt/airflow/dags/kubernetesOperator2.py took 0.101 seconds
[2021-04-23 18:03:39,761] {scheduler_job.py:182} INFO - Started process (PID=213) to work on /opt/airflow/dags/kubernetesOperator2.py
[2021-04-23 18:03:39,776] {scheduler_job.py:629} INFO - Processing file /opt/airflow/dags/kubernetesOperator2.py for tasks to queue
[2021-04-23 18:03:39,792] {logging_mixin.py:104} INFO - [2021-04-23 18:03:39,791] {dagbag.py:448} INFO - Filling up the DagBag from /opt/airflow/dags/kubernetesOperator2.py
[2021-04-23 18:03:40,113] {logging_mixin.py:104} WARNING - /home/airflow/.local/lib/python3.6/site-packages/airflow/providers/cncf/kubernetes/backcompat/backwards_compat_converters.py:26 DeprecationWarning: This module is deprecated. Please use `kubernetes.client.models.V1Volume`.
[2021-04-23 18:03:40,130] {logging_mixin.py:104} WARNING - /home/airflow/.local/lib/python3.6/site-packages/airflow/providers/cncf/kubernetes/backcompat/backwards_compat_converters.py:27 DeprecationWarning: This module is deprecated. Please use `kubernetes.client.models.V1VolumeMount`.
[2021-04-23 18:03:40,225] {scheduler_job.py:639} INFO - DAG(s) dict_keys(['ks-4-example_kubernetes_pod']) retrieved from /opt/airflow/dags/kubernetesOperator2.py
[2021-04-23 18:03:40,334] {logging_mixin.py:104} INFO - [2021-04-23 18:03:40,333] {dag.py:1818} INFO - Sync 1 DAGs
[2021-04-23 18:03:40,428] {logging_mixin.py:104} INFO - [2021-04-23 18:03:40,427] {dag.py:2273} INFO - Setting next_dagrun for ks-4-example_kubernetes_pod to None
[2021-04-23 18:03:40,473] {scheduler_job.py:190} INFO - Processing /opt/airflow/dags/kubernetesOperator2.py took 0.754 seconds
[2021-04-23 18:35:00,799] {scheduler_job.py:182} INFO - Started process (PID=216) to work on /opt/airflow/dags/kubernetesOperator2.py
[2021-04-23 18:35:00,802] {scheduler_job.py:629} INFO - Processing file /opt/airflow/dags/kubernetesOperator2.py for tasks to queue
[2021-04-23 18:35:00,805] {logging_mixin.py:104} INFO - [2021-04-23 18:35:00,805] {dagbag.py:448} INFO - Filling up the DagBag from /opt/airflow/dags/kubernetesOperator2.py
[2021-04-23 18:35:00,856] {logging_mixin.py:104} WARNING - /home/airflow/.local/lib/python3.6/site-packages/airflow/providers/cncf/kubernetes/backcompat/backwards_compat_converters.py:26 DeprecationWarning: This module is deprecated. Please use `kubernetes.client.models.V1Volume`.
[2021-04-23 18:35:00,858] {logging_mixin.py:104} WARNING - /home/airflow/.local/lib/python3.6/site-packages/airflow/providers/cncf/kubernetes/backcompat/backwards_compat_converters.py:27 DeprecationWarning: This module is deprecated. Please use `kubernetes.client.models.V1VolumeMount`.
[2021-04-23 18:35:00,868] {scheduler_job.py:639} INFO - DAG(s) dict_keys(['ks-4-example_kubernetes_pod']) retrieved from /opt/airflow/dags/kubernetesOperator2.py
[2021-04-23 18:35:00,888] {logging_mixin.py:104} INFO - [2021-04-23 18:35:00,888] {dag.py:1818} INFO - Sync 1 DAGs
[2021-04-23 18:35:00,901] {logging_mixin.py:104} INFO - [2021-04-23 18:35:00,901] {dag.py:2273} INFO - Setting next_dagrun for ks-4-example_kubernetes_pod to None
[2021-04-23 18:35:00,908] {scheduler_job.py:190} INFO - Processing /opt/airflow/dags/kubernetesOperator2.py took 0.113 seconds
[2021-04-23 18:35:31,038] {scheduler_job.py:182} INFO - Started process (PID=219) to work on /opt/airflow/dags/kubernetesOperator2.py
[2021-04-23 18:35:31,040] {scheduler_job.py:629} INFO - Processing file /opt/airflow/dags/kubernetesOperator2.py for tasks to queue
[2021-04-23 18:35:31,041] {logging_mixin.py:104} INFO - [2021-04-23 18:35:31,041] {dagbag.py:448} INFO - Filling up the DagBag from /opt/airflow/dags/kubernetesOperator2.py
[2021-04-23 18:35:31,091] {logging_mixin.py:104} WARNING - /home/airflow/.local/lib/python3.6/site-packages/airflow/providers/cncf/kubernetes/backcompat/backwards_compat_converters.py:26 DeprecationWarning: This module is deprecated. Please use `kubernetes.client.models.V1Volume`.
[2021-04-23 18:35:31,092] {logging_mixin.py:104} WARNING - /home/airflow/.local/lib/python3.6/site-packages/airflow/providers/cncf/kubernetes/backcompat/backwards_compat_converters.py:27 DeprecationWarning: This module is deprecated. Please use `kubernetes.client.models.V1VolumeMount`.
[2021-04-23 18:35:31,102] {scheduler_job.py:639} INFO - DAG(s) dict_keys(['ks-4-example_kubernetes_pod']) retrieved from /opt/airflow/dags/kubernetesOperator2.py
[2021-04-23 18:35:31,121] {logging_mixin.py:104} INFO - [2021-04-23 18:35:31,121] {dag.py:1818} INFO - Sync 1 DAGs
[2021-04-23 18:35:31,136] {logging_mixin.py:104} INFO - [2021-04-23 18:35:31,135] {dag.py:2273} INFO - Setting next_dagrun for ks-4-example_kubernetes_pod to None
[2021-04-23 18:35:31,143] {scheduler_job.py:190} INFO - Processing /opt/airflow/dags/kubernetesOperator2.py took 0.109 seconds
[2021-04-23 18:36:01,233] {scheduler_job.py:182} INFO - Started process (PID=222) to work on /opt/airflow/dags/kubernetesOperator2.py
[2021-04-23 18:36:01,234] {scheduler_job.py:629} INFO - Processing file /opt/airflow/dags/kubernetesOperator2.py for tasks to queue
[2021-04-23 18:36:01,235] {logging_mixin.py:104} INFO - [2021-04-23 18:36:01,235] {dagbag.py:448} INFO - Filling up the DagBag from /opt/airflow/dags/kubernetesOperator2.py
[2021-04-23 18:36:01,300] {logging_mixin.py:104} WARNING - /home/airflow/.local/lib/python3.6/site-packages/airflow/providers/cncf/kubernetes/backcompat/backwards_compat_converters.py:26 DeprecationWarning: This module is deprecated. Please use `kubernetes.client.models.V1Volume`.
[2021-04-23 18:36:01,302] {logging_mixin.py:104} WARNING - /home/airflow/.local/lib/python3.6/site-packages/airflow/providers/cncf/kubernetes/backcompat/backwards_compat_converters.py:27 DeprecationWarning: This module is deprecated. Please use `kubernetes.client.models.V1VolumeMount`.
[2021-04-23 18:36:01,312] {scheduler_job.py:639} INFO - DAG(s) dict_keys(['ks-4-example_kubernetes_pod']) retrieved from /opt/airflow/dags/kubernetesOperator2.py
[2021-04-23 18:36:01,336] {logging_mixin.py:104} INFO - [2021-04-23 18:36:01,336] {dag.py:1818} INFO - Sync 1 DAGs
[2021-04-23 18:36:01,353] {logging_mixin.py:104} INFO - [2021-04-23 18:36:01,353] {dag.py:2273} INFO - Setting next_dagrun for ks-4-example_kubernetes_pod to None
[2021-04-23 18:36:01,361] {scheduler_job.py:190} INFO - Processing /opt/airflow/dags/kubernetesOperator2.py took 0.131 seconds
[2021-04-23 18:36:31,482] {scheduler_job.py:182} INFO - Started process (PID=225) to work on /opt/airflow/dags/kubernetesOperator2.py
[2021-04-23 18:36:31,484] {scheduler_job.py:629} INFO - Processing file /opt/airflow/dags/kubernetesOperator2.py for tasks to queue
[2021-04-23 18:36:31,485] {logging_mixin.py:104} INFO - [2021-04-23 18:36:31,485] {dagbag.py:448} INFO - Filling up the DagBag from /opt/airflow/dags/kubernetesOperator2.py
[2021-04-23 18:36:31,536] {logging_mixin.py:104} WARNING - /home/airflow/.local/lib/python3.6/site-packages/airflow/providers/cncf/kubernetes/backcompat/backwards_compat_converters.py:26 DeprecationWarning: This module is deprecated. Please use `kubernetes.client.models.V1Volume`.
[2021-04-23 18:36:31,537] {logging_mixin.py:104} WARNING - /home/airflow/.local/lib/python3.6/site-packages/airflow/providers/cncf/kubernetes/backcompat/backwards_compat_converters.py:27 DeprecationWarning: This module is deprecated. Please use `kubernetes.client.models.V1VolumeMount`.
[2021-04-23 18:36:31,547] {scheduler_job.py:639} INFO - DAG(s) dict_keys(['ks-4-example_kubernetes_pod']) retrieved from /opt/airflow/dags/kubernetesOperator2.py
[2021-04-23 18:36:31,569] {logging_mixin.py:104} INFO - [2021-04-23 18:36:31,569] {dag.py:1818} INFO - Sync 1 DAGs
[2021-04-23 18:36:31,577] {logging_mixin.py:104} INFO - [2021-04-23 18:36:31,577] {dag.py:1837} INFO - Creating ORM DAG for ks-4-example_kubernetes_pod
[2021-04-23 18:36:31,582] {logging_mixin.py:104} INFO - [2021-04-23 18:36:31,582] {dag.py:2273} INFO - Setting next_dagrun for ks-4-example_kubernetes_pod to 2019-01-01T00:00:00+00:00
[2021-04-23 18:36:31,594] {scheduler_job.py:190} INFO - Processing /opt/airflow/dags/kubernetesOperator2.py took 0.116 seconds
[2021-04-23 18:37:01,711] {scheduler_job.py:182} INFO - Started process (PID=228) to work on /opt/airflow/dags/kubernetesOperator2.py
[2021-04-23 18:37:01,713] {scheduler_job.py:629} INFO - Processing file /opt/airflow/dags/kubernetesOperator2.py for tasks to queue
[2021-04-23 18:37:01,714] {logging_mixin.py:104} INFO - [2021-04-23 18:37:01,714] {dagbag.py:448} INFO - Filling up the DagBag from /opt/airflow/dags/kubernetesOperator2.py
[2021-04-23 18:37:01,716] {scheduler_job.py:641} WARNING - No viable dags retrieved from /opt/airflow/dags/kubernetesOperator2.py
[2021-04-23 18:37:01,717] {scheduler_job.py:190} INFO - Processing /opt/airflow/dags/kubernetesOperator2.py took 0.008 seconds
[2021-04-23 18:37:31,890] {scheduler_job.py:182} INFO - Started process (PID=231) to work on /opt/airflow/dags/kubernetesOperator2.py
[2021-04-23 18:37:31,892] {scheduler_job.py:629} INFO - Processing file /opt/airflow/dags/kubernetesOperator2.py for tasks to queue
[2021-04-23 18:37:31,893] {logging_mixin.py:104} INFO - [2021-04-23 18:37:31,893] {dagbag.py:448} INFO - Filling up the DagBag from /opt/airflow/dags/kubernetesOperator2.py
[2021-04-23 18:37:31,895] {scheduler_job.py:641} WARNING - No viable dags retrieved from /opt/airflow/dags/kubernetesOperator2.py
[2021-04-23 18:37:31,896] {scheduler_job.py:190} INFO - Processing /opt/airflow/dags/kubernetesOperator2.py took 0.009 seconds
[2021-04-23 18:38:02,084] {scheduler_job.py:182} INFO - Started process (PID=234) to work on /opt/airflow/dags/kubernetesOperator2.py
[2021-04-23 18:38:02,087] {scheduler_job.py:629} INFO - Processing file /opt/airflow/dags/kubernetesOperator2.py for tasks to queue
[2021-04-23 18:38:02,088] {logging_mixin.py:104} INFO - [2021-04-23 18:38:02,088] {dagbag.py:448} INFO - Filling up the DagBag from /opt/airflow/dags/kubernetesOperator2.py
[2021-04-23 18:38:02,090] {scheduler_job.py:641} WARNING - No viable dags retrieved from /opt/airflow/dags/kubernetesOperator2.py
[2021-04-23 18:38:02,091] {scheduler_job.py:190} INFO - Processing /opt/airflow/dags/kubernetesOperator2.py took 0.011 seconds
[2021-04-23 18:38:08,486] {scheduler_job.py:182} INFO - Started process (PID=236) to work on /opt/airflow/dags/kubernetesOperator2.py
[2021-04-23 18:38:08,488] {scheduler_job.py:629} INFO - Processing file /opt/airflow/dags/kubernetesOperator2.py for tasks to queue
[2021-04-23 18:38:08,489] {logging_mixin.py:104} INFO - [2021-04-23 18:38:08,489] {dagbag.py:448} INFO - Filling up the DagBag from /opt/airflow/dags/kubernetesOperator2.py
[2021-04-23 18:38:08,491] {scheduler_job.py:641} WARNING - No viable dags retrieved from /opt/airflow/dags/kubernetesOperator2.py
[2021-04-23 18:38:08,492] {scheduler_job.py:190} INFO - Processing /opt/airflow/dags/kubernetesOperator2.py took 0.010 seconds
[2021-04-23 18:38:38,652] {scheduler_job.py:182} INFO - Started process (PID=239) to work on /opt/airflow/dags/kubernetesOperator2.py
[2021-04-23 18:38:38,655] {scheduler_job.py:629} INFO - Processing file /opt/airflow/dags/kubernetesOperator2.py for tasks to queue
[2021-04-23 18:38:38,656] {logging_mixin.py:104} INFO - [2021-04-23 18:38:38,656] {dagbag.py:448} INFO - Filling up the DagBag from /opt/airflow/dags/kubernetesOperator2.py
[2021-04-23 18:38:38,659] {scheduler_job.py:641} WARNING - No viable dags retrieved from /opt/airflow/dags/kubernetesOperator2.py
[2021-04-23 18:38:38,660] {scheduler_job.py:190} INFO - Processing /opt/airflow/dags/kubernetesOperator2.py took 0.012 seconds
[2021-04-23 18:39:08,813] {scheduler_job.py:182} INFO - Started process (PID=242) to work on /opt/airflow/dags/kubernetesOperator2.py
[2021-04-23 18:39:08,815] {scheduler_job.py:629} INFO - Processing file /opt/airflow/dags/kubernetesOperator2.py for tasks to queue
[2021-04-23 18:39:08,816] {logging_mixin.py:104} INFO - [2021-04-23 18:39:08,816] {dagbag.py:448} INFO - Filling up the DagBag from /opt/airflow/dags/kubernetesOperator2.py
[2021-04-23 18:39:08,818] {scheduler_job.py:641} WARNING - No viable dags retrieved from /opt/airflow/dags/kubernetesOperator2.py
[2021-04-23 18:39:08,819] {scheduler_job.py:190} INFO - Processing /opt/airflow/dags/kubernetesOperator2.py took 0.009 seconds
[2021-04-23 18:39:38,968] {scheduler_job.py:182} INFO - Started process (PID=245) to work on /opt/airflow/dags/kubernetesOperator2.py
[2021-04-23 18:39:38,970] {scheduler_job.py:629} INFO - Processing file /opt/airflow/dags/kubernetesOperator2.py for tasks to queue
[2021-04-23 18:39:38,971] {logging_mixin.py:104} INFO - [2021-04-23 18:39:38,971] {dagbag.py:448} INFO - Filling up the DagBag from /opt/airflow/dags/kubernetesOperator2.py
[2021-04-23 18:39:38,973] {scheduler_job.py:641} WARNING - No viable dags retrieved from /opt/airflow/dags/kubernetesOperator2.py
[2021-04-23 18:39:38,974] {scheduler_job.py:190} INFO - Processing /opt/airflow/dags/kubernetesOperator2.py took 0.009 seconds
[2021-04-23 18:39:56,341] {scheduler_job.py:182} INFO - Started process (PID=246) to work on /opt/airflow/dags/kubernetesOperator2.py
[2021-04-23 18:39:56,343] {scheduler_job.py:629} INFO - Processing file /opt/airflow/dags/kubernetesOperator2.py for tasks to queue
[2021-04-23 18:39:56,344] {logging_mixin.py:104} INFO - [2021-04-23 18:39:56,344] {dagbag.py:448} INFO - Filling up the DagBag from /opt/airflow/dags/kubernetesOperator2.py
[2021-04-23 18:39:56,346] {scheduler_job.py:641} WARNING - No viable dags retrieved from /opt/airflow/dags/kubernetesOperator2.py
[2021-04-23 18:39:56,347] {scheduler_job.py:190} INFO - Processing /opt/airflow/dags/kubernetesOperator2.py took 0.009 seconds
