[2021-04-21 20:20:36,878] {taskinstance.py:851} INFO - Dependencies all met for <TaskInstance: docker_sample.print_date 2021-04-19T22:40:00+00:00 [queued]>
[2021-04-21 20:20:36,920] {taskinstance.py:851} INFO - Dependencies all met for <TaskInstance: docker_sample.print_date 2021-04-19T22:40:00+00:00 [queued]>
[2021-04-21 20:20:36,921] {taskinstance.py:1042} INFO - 
--------------------------------------------------------------------------------
[2021-04-21 20:20:36,922] {taskinstance.py:1043} INFO - Starting attempt 1 of 2
[2021-04-21 20:20:36,923] {taskinstance.py:1044} INFO - 
--------------------------------------------------------------------------------
[2021-04-21 20:20:36,957] {taskinstance.py:1063} INFO - Executing <Task(BashOperator): print_date> on 2021-04-19T22:40:00+00:00
[2021-04-21 20:20:36,964] {standard_task_runner.py:52} INFO - Started process 1505 to run task
[2021-04-21 20:20:36,977] {standard_task_runner.py:76} INFO - Running: ['airflow', 'tasks', 'run', 'docker_sample', 'print_date', '2021-04-19T22:40:00+00:00', '--job-id', '583', '--pool', 'default_pool', '--raw', '--subdir', 'DAGS_FOLDER/dockerOperator.py', '--cfg-path', '/tmp/tmp_r8tmqxi', '--error-file', '/tmp/tmph5nigwxw']
[2021-04-21 20:20:36,980] {standard_task_runner.py:77} INFO - Job 583: Subtask print_date
[2021-04-21 20:20:37,075] {logging_mixin.py:104} INFO - Running <TaskInstance: docker_sample.print_date 2021-04-19T22:40:00+00:00 [running]> on host 5af2b1cab26e
[2021-04-21 20:20:37,142] {taskinstance.py:1257} INFO - Exporting the following env vars:
AIRFLOW_CTX_DAG_EMAIL=airflow@example.com
AIRFLOW_CTX_DAG_OWNER=airflow
AIRFLOW_CTX_DAG_ID=docker_sample
AIRFLOW_CTX_TASK_ID=print_date
AIRFLOW_CTX_EXECUTION_DATE=2021-04-19T22:40:00+00:00
AIRFLOW_CTX_DAG_RUN_ID=scheduled__2021-04-19T22:40:00+00:00
[2021-04-21 20:20:37,144] {bash.py:135} INFO - Tmp dir root location: 
 /tmp
[2021-04-21 20:20:37,146] {bash.py:158} INFO - Running command: date
[2021-04-21 20:20:37,159] {bash.py:169} INFO - Output:
[2021-04-21 20:20:37,162] {bash.py:173} INFO - Wed Apr 21 20:20:37 UTC 2021
[2021-04-21 20:20:37,165] {bash.py:177} INFO - Command exited with return code 0
[2021-04-21 20:20:37,213] {taskinstance.py:1166} INFO - Marking task as SUCCESS. dag_id=docker_sample, task_id=print_date, execution_date=20210419T224000, start_date=20210421T202036, end_date=20210421T202037
[2021-04-21 20:20:37,347] {taskinstance.py:1220} INFO - 0 downstream tasks scheduled from follow-on schedule check
[2021-04-21 20:20:37,390] {local_task_job.py:146} INFO - Task exited with return code 0
