[2021-04-27 17:58:09,350] {taskinstance.py:851} INFO - Dependencies all met for <TaskInstance: docker_sample.sleep 2021-04-25T02:00:00+00:00 [queued]>
[2021-04-27 17:58:09,411] {taskinstance.py:851} INFO - Dependencies all met for <TaskInstance: docker_sample.sleep 2021-04-25T02:00:00+00:00 [queued]>
[2021-04-27 17:58:09,412] {taskinstance.py:1042} INFO - 
--------------------------------------------------------------------------------
[2021-04-27 17:58:09,413] {taskinstance.py:1043} INFO - Starting attempt 1 of 4
[2021-04-27 17:58:09,415] {taskinstance.py:1044} INFO - 
--------------------------------------------------------------------------------
[2021-04-27 17:58:09,437] {taskinstance.py:1063} INFO - Executing <Task(BashOperator): sleep> on 2021-04-25T02:00:00+00:00
[2021-04-27 17:58:09,448] {standard_task_runner.py:52} INFO - Started process 187 to run task
[2021-04-27 17:58:09,470] {standard_task_runner.py:76} INFO - Running: ['airflow', 'tasks', 'run', 'docker_sample', 'sleep', '2021-04-25T02:00:00+00:00', '--job-id', '57', '--pool', 'default_pool', '--raw', '--subdir', 'DAGS_FOLDER/dockerOperator.py', '--cfg-path', '/tmp/tmpvqa6zakq', '--error-file', '/tmp/tmpnwngqh0c']
[2021-04-27 17:58:09,471] {standard_task_runner.py:77} INFO - Job 57: Subtask sleep
[2021-04-27 17:58:09,663] {logging_mixin.py:104} INFO - Running <TaskInstance: docker_sample.sleep 2021-04-25T02:00:00+00:00 [running]> on host 44e91a58ae1b
[2021-04-27 17:58:09,803] {taskinstance.py:1257} INFO - Exporting the following env vars:
AIRFLOW_CTX_DAG_EMAIL=airflow@example.com
AIRFLOW_CTX_DAG_OWNER=airflow
AIRFLOW_CTX_DAG_ID=docker_sample
AIRFLOW_CTX_TASK_ID=sleep
AIRFLOW_CTX_EXECUTION_DATE=2021-04-25T02:00:00+00:00
AIRFLOW_CTX_DAG_RUN_ID=scheduled__2021-04-25T02:00:00+00:00
[2021-04-27 17:58:09,806] {bash.py:135} INFO - Tmp dir root location: 
 /tmp
[2021-04-27 17:58:09,818] {bash.py:158} INFO - Running command: sleep 5
[2021-04-27 17:58:09,844] {bash.py:169} INFO - Output:
[2021-04-27 17:58:14,856] {bash.py:177} INFO - Command exited with return code 0
[2021-04-27 17:58:14,912] {taskinstance.py:1166} INFO - Marking task as SUCCESS. dag_id=docker_sample, task_id=sleep, execution_date=20210425T020000, start_date=20210427T175809, end_date=20210427T175814
[2021-04-27 17:58:14,944] {taskinstance.py:1220} INFO - 0 downstream tasks scheduled from follow-on schedule check
[2021-04-27 17:58:14,977] {local_task_job.py:146} INFO - Task exited with return code 0
