[2021-04-21 20:06:22,016] {taskinstance.py:851} INFO - Dependencies all met for <TaskInstance: docker_sample.print_date 2021-04-19T02:10:00+00:00 [queued]>
[2021-04-21 20:06:22,089] {taskinstance.py:851} INFO - Dependencies all met for <TaskInstance: docker_sample.print_date 2021-04-19T02:10:00+00:00 [queued]>
[2021-04-21 20:06:22,091] {taskinstance.py:1042} INFO - 
--------------------------------------------------------------------------------
[2021-04-21 20:06:22,093] {taskinstance.py:1043} INFO - Starting attempt 1 of 2
[2021-04-21 20:06:22,094] {taskinstance.py:1044} INFO - 
--------------------------------------------------------------------------------
[2021-04-21 20:06:22,117] {taskinstance.py:1063} INFO - Executing <Task(BashOperator): print_date> on 2021-04-19T02:10:00+00:00
[2021-04-21 20:06:22,123] {standard_task_runner.py:52} INFO - Started process 127 to run task
[2021-04-21 20:06:22,145] {standard_task_runner.py:76} INFO - Running: ['airflow', 'tasks', 'run', 'docker_sample', 'print_date', '2021-04-19T02:10:00+00:00', '--job-id', '32', '--pool', 'default_pool', '--raw', '--subdir', 'DAGS_FOLDER/dockerOperator.py', '--cfg-path', '/tmp/tmphvn_30zi', '--error-file', '/tmp/tmp6hw896yf']
[2021-04-21 20:06:22,149] {standard_task_runner.py:77} INFO - Job 32: Subtask print_date
[2021-04-21 20:06:22,273] {logging_mixin.py:104} INFO - Running <TaskInstance: docker_sample.print_date 2021-04-19T02:10:00+00:00 [running]> on host 5af2b1cab26e
[2021-04-21 20:06:22,356] {taskinstance.py:1257} INFO - Exporting the following env vars:
AIRFLOW_CTX_DAG_EMAIL=airflow@example.com
AIRFLOW_CTX_DAG_OWNER=airflow
AIRFLOW_CTX_DAG_ID=docker_sample
AIRFLOW_CTX_TASK_ID=print_date
AIRFLOW_CTX_EXECUTION_DATE=2021-04-19T02:10:00+00:00
AIRFLOW_CTX_DAG_RUN_ID=scheduled__2021-04-19T02:10:00+00:00
[2021-04-21 20:06:22,358] {bash.py:135} INFO - Tmp dir root location: 
 /tmp
[2021-04-21 20:06:22,367] {bash.py:158} INFO - Running command: date
[2021-04-21 20:06:22,393] {bash.py:169} INFO - Output:
[2021-04-21 20:06:22,397] {bash.py:173} INFO - Wed Apr 21 20:06:22 UTC 2021
[2021-04-21 20:06:22,399] {bash.py:177} INFO - Command exited with return code 0
[2021-04-21 20:06:22,456] {taskinstance.py:1166} INFO - Marking task as SUCCESS. dag_id=docker_sample, task_id=print_date, execution_date=20210419T021000, start_date=20210421T200622, end_date=20210421T200622
[2021-04-21 20:06:22,659] {taskinstance.py:1220} INFO - 0 downstream tasks scheduled from follow-on schedule check
[2021-04-21 20:06:22,688] {local_task_job.py:146} INFO - Task exited with return code 0
[2021-04-21 20:12:28,386] {taskinstance.py:851} INFO - Dependencies all met for <TaskInstance: docker_sample.print_date 2021-04-19T02:10:00+00:00 [queued]>
[2021-04-21 20:12:28,402] {taskinstance.py:851} INFO - Dependencies all met for <TaskInstance: docker_sample.print_date 2021-04-19T02:10:00+00:00 [queued]>
[2021-04-21 20:12:28,403] {taskinstance.py:1042} INFO - 
--------------------------------------------------------------------------------
[2021-04-21 20:12:28,405] {taskinstance.py:1043} INFO - Starting attempt 1 of 2
[2021-04-21 20:12:28,406] {taskinstance.py:1044} INFO - 
--------------------------------------------------------------------------------
[2021-04-21 20:12:28,414] {taskinstance.py:1063} INFO - Executing <Task(BashOperator): print_date> on 2021-04-19T02:10:00+00:00
[2021-04-21 20:12:28,420] {standard_task_runner.py:52} INFO - Started process 112 to run task
[2021-04-21 20:12:28,423] {standard_task_runner.py:76} INFO - Running: ['airflow', 'tasks', 'run', 'docker_sample', 'print_date', '2021-04-19T02:10:00+00:00', '--job-id', '77', '--pool', 'default_pool', '--raw', '--subdir', 'DAGS_FOLDER/dockerOperator.py', '--cfg-path', '/tmp/tmpg1qfz27x', '--error-file', '/tmp/tmpmjqwjbfw']
[2021-04-21 20:12:28,425] {standard_task_runner.py:77} INFO - Job 77: Subtask print_date
[2021-04-21 20:12:28,501] {logging_mixin.py:104} INFO - Running <TaskInstance: docker_sample.print_date 2021-04-19T02:10:00+00:00 [running]> on host 5af2b1cab26e
[2021-04-21 20:12:28,545] {taskinstance.py:1257} INFO - Exporting the following env vars:
AIRFLOW_CTX_DAG_EMAIL=airflow@example.com
AIRFLOW_CTX_DAG_OWNER=airflow
AIRFLOW_CTX_DAG_ID=docker_sample
AIRFLOW_CTX_TASK_ID=print_date
AIRFLOW_CTX_EXECUTION_DATE=2021-04-19T02:10:00+00:00
AIRFLOW_CTX_DAG_RUN_ID=scheduled__2021-04-19T02:10:00+00:00
[2021-04-21 20:12:28,547] {bash.py:135} INFO - Tmp dir root location: 
 /tmp
[2021-04-21 20:12:28,548] {bash.py:158} INFO - Running command: date
[2021-04-21 20:12:28,560] {bash.py:169} INFO - Output:
[2021-04-21 20:12:28,562] {bash.py:173} INFO - Wed Apr 21 20:12:28 UTC 2021
[2021-04-21 20:12:28,562] {bash.py:177} INFO - Command exited with return code 0
[2021-04-21 20:12:28,597] {taskinstance.py:1166} INFO - Marking task as SUCCESS. dag_id=docker_sample, task_id=print_date, execution_date=20210419T021000, start_date=20210421T201228, end_date=20210421T201228
[2021-04-21 20:12:28,634] {taskinstance.py:1220} INFO - 2 downstream tasks scheduled from follow-on schedule check
[2021-04-21 20:12:28,683] {local_task_job.py:146} INFO - Task exited with return code 0
