[2021-04-27 17:58:56,470] {taskinstance.py:851} INFO - Dependencies all met for <TaskInstance: docker_sample.sleep 2021-04-25T04:30:00+00:00 [queued]>
[2021-04-27 17:58:56,513] {taskinstance.py:851} INFO - Dependencies all met for <TaskInstance: docker_sample.sleep 2021-04-25T04:30:00+00:00 [queued]>
[2021-04-27 17:58:56,514] {taskinstance.py:1042} INFO - 
--------------------------------------------------------------------------------
[2021-04-27 17:58:56,515] {taskinstance.py:1043} INFO - Starting attempt 1 of 4
[2021-04-27 17:58:56,516] {taskinstance.py:1044} INFO - 
--------------------------------------------------------------------------------
[2021-04-27 17:58:56,532] {taskinstance.py:1063} INFO - Executing <Task(BashOperator): sleep> on 2021-04-25T04:30:00+00:00
[2021-04-27 17:58:56,550] {standard_task_runner.py:76} INFO - Running: ['airflow', 'tasks', 'run', 'docker_sample', 'sleep', '2021-04-25T04:30:00+00:00', '--job-id', '116', '--pool', 'default_pool', '--raw', '--subdir', 'DAGS_FOLDER/dockerOperator.py', '--cfg-path', '/tmp/tmpjrtymdvu', '--error-file', '/tmp/tmpbzvmsg_5']
[2021-04-27 17:58:56,551] {standard_task_runner.py:77} INFO - Job 116: Subtask sleep
[2021-04-27 17:58:56,541] {standard_task_runner.py:52} INFO - Started process 355 to run task
[2021-04-27 17:58:56,627] {logging_mixin.py:104} INFO - Running <TaskInstance: docker_sample.sleep 2021-04-25T04:30:00+00:00 [running]> on host 44e91a58ae1b
[2021-04-27 17:58:56,695] {taskinstance.py:1257} INFO - Exporting the following env vars:
AIRFLOW_CTX_DAG_EMAIL=airflow@example.com
AIRFLOW_CTX_DAG_OWNER=airflow
AIRFLOW_CTX_DAG_ID=docker_sample
AIRFLOW_CTX_TASK_ID=sleep
AIRFLOW_CTX_EXECUTION_DATE=2021-04-25T04:30:00+00:00
AIRFLOW_CTX_DAG_RUN_ID=scheduled__2021-04-25T04:30:00+00:00
[2021-04-27 17:58:56,697] {bash.py:135} INFO - Tmp dir root location: 
 /tmp
[2021-04-27 17:58:56,699] {bash.py:158} INFO - Running command: sleep 5
[2021-04-27 17:58:56,715] {bash.py:169} INFO - Output:
[2021-04-27 17:59:01,689] {bash.py:177} INFO - Command exited with return code 0
[2021-04-27 17:59:01,744] {taskinstance.py:1166} INFO - Marking task as SUCCESS. dag_id=docker_sample, task_id=sleep, execution_date=20210425T043000, start_date=20210427T175856, end_date=20210427T175901
[2021-04-27 17:59:01,805] {taskinstance.py:1220} INFO - 0 downstream tasks scheduled from follow-on schedule check
[2021-04-27 17:59:01,842] {local_task_job.py:146} INFO - Task exited with return code 0
