[2021-04-21 20:06:17,266] {taskinstance.py:851} INFO - Dependencies all met for <TaskInstance: docker_sample.print_date 2021-04-19T00:10:00+00:00 [queued]>
[2021-04-21 20:06:17,293] {taskinstance.py:851} INFO - Dependencies all met for <TaskInstance: docker_sample.print_date 2021-04-19T00:10:00+00:00 [queued]>
[2021-04-21 20:06:17,294] {taskinstance.py:1042} INFO - 
--------------------------------------------------------------------------------
[2021-04-21 20:06:17,296] {taskinstance.py:1043} INFO - Starting attempt 1 of 2
[2021-04-21 20:06:17,297] {taskinstance.py:1044} INFO - 
--------------------------------------------------------------------------------
[2021-04-21 20:06:17,318] {taskinstance.py:1063} INFO - Executing <Task(BashOperator): print_date> on 2021-04-19T00:10:00+00:00
[2021-04-21 20:06:17,343] {standard_task_runner.py:76} INFO - Running: ['airflow', 'tasks', 'run', 'docker_sample', 'print_date', '2021-04-19T00:10:00+00:00', '--job-id', '2', '--pool', 'default_pool', '--raw', '--subdir', 'DAGS_FOLDER/dockerOperator.py', '--cfg-path', '/tmp/tmpqu8lyds7', '--error-file', '/tmp/tmp45lwjhyf']
[2021-04-21 20:06:17,348] {standard_task_runner.py:77} INFO - Job 2: Subtask print_date
[2021-04-21 20:06:17,331] {standard_task_runner.py:52} INFO - Started process 47 to run task
[2021-04-21 20:06:17,454] {logging_mixin.py:104} INFO - Running <TaskInstance: docker_sample.print_date 2021-04-19T00:10:00+00:00 [running]> on host 5af2b1cab26e
[2021-04-21 20:06:17,591] {taskinstance.py:1257} INFO - Exporting the following env vars:
AIRFLOW_CTX_DAG_EMAIL=airflow@example.com
AIRFLOW_CTX_DAG_OWNER=airflow
AIRFLOW_CTX_DAG_ID=docker_sample
AIRFLOW_CTX_TASK_ID=print_date
AIRFLOW_CTX_EXECUTION_DATE=2021-04-19T00:10:00+00:00
AIRFLOW_CTX_DAG_RUN_ID=scheduled__2021-04-19T00:10:00+00:00
[2021-04-21 20:06:17,593] {bash.py:135} INFO - Tmp dir root location: 
 /tmp
[2021-04-21 20:06:17,597] {bash.py:158} INFO - Running command: date
[2021-04-21 20:06:17,626] {bash.py:169} INFO - Output:
[2021-04-21 20:06:17,656] {bash.py:173} INFO - Wed Apr 21 20:06:17 UTC 2021
[2021-04-21 20:06:17,657] {bash.py:177} INFO - Command exited with return code 0
[2021-04-21 20:06:17,730] {taskinstance.py:1166} INFO - Marking task as SUCCESS. dag_id=docker_sample, task_id=print_date, execution_date=20210419T001000, start_date=20210421T200617, end_date=20210421T200617
[2021-04-21 20:06:17,903] {taskinstance.py:1220} INFO - 0 downstream tasks scheduled from follow-on schedule check
[2021-04-21 20:06:17,940] {local_task_job.py:146} INFO - Task exited with return code 0
[2021-04-21 20:12:23,291] {taskinstance.py:851} INFO - Dependencies all met for <TaskInstance: docker_sample.print_date 2021-04-19T00:10:00+00:00 [queued]>
[2021-04-21 20:12:23,325] {taskinstance.py:851} INFO - Dependencies all met for <TaskInstance: docker_sample.print_date 2021-04-19T00:10:00+00:00 [queued]>
[2021-04-21 20:12:23,328] {taskinstance.py:1042} INFO - 
--------------------------------------------------------------------------------
[2021-04-21 20:12:23,331] {taskinstance.py:1043} INFO - Starting attempt 1 of 2
[2021-04-21 20:12:23,335] {taskinstance.py:1044} INFO - 
--------------------------------------------------------------------------------
[2021-04-21 20:12:23,359] {taskinstance.py:1063} INFO - Executing <Task(BashOperator): print_date> on 2021-04-19T00:10:00+00:00
[2021-04-21 20:12:23,366] {standard_task_runner.py:52} INFO - Started process 46 to run task
[2021-04-21 20:12:23,380] {standard_task_runner.py:76} INFO - Running: ['airflow', 'tasks', 'run', 'docker_sample', 'print_date', '2021-04-19T00:10:00+00:00', '--job-id', '52', '--pool', 'default_pool', '--raw', '--subdir', 'DAGS_FOLDER/dockerOperator.py', '--cfg-path', '/tmp/tmpdxg48inq', '--error-file', '/tmp/tmp9dxz3fv_']
[2021-04-21 20:12:23,385] {standard_task_runner.py:77} INFO - Job 52: Subtask print_date
[2021-04-21 20:12:23,488] {logging_mixin.py:104} INFO - Running <TaskInstance: docker_sample.print_date 2021-04-19T00:10:00+00:00 [running]> on host 5af2b1cab26e
[2021-04-21 20:12:23,600] {taskinstance.py:1257} INFO - Exporting the following env vars:
AIRFLOW_CTX_DAG_EMAIL=airflow@example.com
AIRFLOW_CTX_DAG_OWNER=airflow
AIRFLOW_CTX_DAG_ID=docker_sample
AIRFLOW_CTX_TASK_ID=print_date
AIRFLOW_CTX_EXECUTION_DATE=2021-04-19T00:10:00+00:00
AIRFLOW_CTX_DAG_RUN_ID=scheduled__2021-04-19T00:10:00+00:00
[2021-04-21 20:12:23,602] {bash.py:135} INFO - Tmp dir root location: 
 /tmp
[2021-04-21 20:12:23,604] {bash.py:158} INFO - Running command: date
[2021-04-21 20:12:23,649] {bash.py:169} INFO - Output:
[2021-04-21 20:12:23,654] {bash.py:173} INFO - Wed Apr 21 20:12:23 UTC 2021
[2021-04-21 20:12:23,656] {bash.py:177} INFO - Command exited with return code 0
[2021-04-21 20:12:23,704] {taskinstance.py:1166} INFO - Marking task as SUCCESS. dag_id=docker_sample, task_id=print_date, execution_date=20210419T001000, start_date=20210421T201223, end_date=20210421T201223
[2021-04-21 20:12:23,756] {taskinstance.py:1220} INFO - 2 downstream tasks scheduled from follow-on schedule check
[2021-04-21 20:12:23,796] {local_task_job.py:146} INFO - Task exited with return code 0
