[2021-04-27 17:58:21,175] {taskinstance.py:851} INFO - Dependencies all met for <TaskInstance: docker_sample.sleep 2021-04-25T02:40:00+00:00 [queued]>
[2021-04-27 17:58:21,222] {taskinstance.py:851} INFO - Dependencies all met for <TaskInstance: docker_sample.sleep 2021-04-25T02:40:00+00:00 [queued]>
[2021-04-27 17:58:21,223] {taskinstance.py:1042} INFO - 
--------------------------------------------------------------------------------
[2021-04-27 17:58:21,225] {taskinstance.py:1043} INFO - Starting attempt 1 of 4
[2021-04-27 17:58:21,228] {taskinstance.py:1044} INFO - 
--------------------------------------------------------------------------------
[2021-04-27 17:58:21,250] {taskinstance.py:1063} INFO - Executing <Task(BashOperator): sleep> on 2021-04-25T02:40:00+00:00
[2021-04-27 17:58:21,257] {standard_task_runner.py:52} INFO - Started process 242 to run task
[2021-04-27 17:58:21,282] {standard_task_runner.py:76} INFO - Running: ['airflow', 'tasks', 'run', 'docker_sample', 'sleep', '2021-04-25T02:40:00+00:00', '--job-id', '73', '--pool', 'default_pool', '--raw', '--subdir', 'DAGS_FOLDER/dockerOperator.py', '--cfg-path', '/tmp/tmpjfnmn8ii', '--error-file', '/tmp/tmpdym4yvu6']
[2021-04-27 17:58:21,284] {standard_task_runner.py:77} INFO - Job 73: Subtask sleep
[2021-04-27 17:58:21,414] {logging_mixin.py:104} INFO - Running <TaskInstance: docker_sample.sleep 2021-04-25T02:40:00+00:00 [running]> on host 44e91a58ae1b
[2021-04-27 17:58:21,531] {taskinstance.py:1257} INFO - Exporting the following env vars:
AIRFLOW_CTX_DAG_EMAIL=airflow@example.com
AIRFLOW_CTX_DAG_OWNER=airflow
AIRFLOW_CTX_DAG_ID=docker_sample
AIRFLOW_CTX_TASK_ID=sleep
AIRFLOW_CTX_EXECUTION_DATE=2021-04-25T02:40:00+00:00
AIRFLOW_CTX_DAG_RUN_ID=scheduled__2021-04-25T02:40:00+00:00
[2021-04-27 17:58:21,534] {bash.py:135} INFO - Tmp dir root location: 
 /tmp
[2021-04-27 17:58:21,537] {bash.py:158} INFO - Running command: sleep 5
[2021-04-27 17:58:21,575] {bash.py:169} INFO - Output:
[2021-04-27 17:58:26,580] {bash.py:177} INFO - Command exited with return code 0
[2021-04-27 17:58:26,620] {taskinstance.py:1166} INFO - Marking task as SUCCESS. dag_id=docker_sample, task_id=sleep, execution_date=20210425T024000, start_date=20210427T175821, end_date=20210427T175826
[2021-04-27 17:58:26,658] {taskinstance.py:1220} INFO - 0 downstream tasks scheduled from follow-on schedule check
[2021-04-27 17:58:26,674] {local_task_job.py:146} INFO - Task exited with return code 0
