[2021-04-27 21:27:10,213] {taskinstance.py:851} INFO - Dependencies all met for <TaskInstance: docker_spark_sample.print_hello 2021-04-27T21:26:58.201903+00:00 [queued]>
[2021-04-27 21:27:10,223] {taskinstance.py:851} INFO - Dependencies all met for <TaskInstance: docker_spark_sample.print_hello 2021-04-27T21:26:58.201903+00:00 [queued]>
[2021-04-27 21:27:10,224] {taskinstance.py:1042} INFO - 
--------------------------------------------------------------------------------
[2021-04-27 21:27:10,225] {taskinstance.py:1043} INFO - Starting attempt 1 of 2
[2021-04-27 21:27:10,226] {taskinstance.py:1044} INFO - 
--------------------------------------------------------------------------------
[2021-04-27 21:27:10,239] {taskinstance.py:1063} INFO - Executing <Task(BashOperator): print_hello> on 2021-04-27T21:26:58.201903+00:00
[2021-04-27 21:27:10,243] {standard_task_runner.py:52} INFO - Started process 62 to run task
[2021-04-27 21:27:10,247] {standard_task_runner.py:76} INFO - Running: ['airflow', 'tasks', 'run', 'docker_spark_sample', 'print_hello', '2021-04-27T21:26:58.201903+00:00', '--job-id', '9', '--pool', 'default_pool', '--raw', '--subdir', 'DAGS_FOLDER/dockerSparkOperator.py', '--cfg-path', '/tmp/tmppo4r3gs4', '--error-file', '/tmp/tmp2351lcu2']
[2021-04-27 21:27:10,248] {standard_task_runner.py:77} INFO - Job 9: Subtask print_hello
[2021-04-27 21:27:10,298] {logging_mixin.py:104} INFO - Running <TaskInstance: docker_spark_sample.print_hello 2021-04-27T21:26:58.201903+00:00 [running]> on host 7fbe4509e402
[2021-04-27 21:27:10,342] {taskinstance.py:1257} INFO - Exporting the following env vars:
AIRFLOW_CTX_DAG_EMAIL=airflow@example.com
AIRFLOW_CTX_DAG_OWNER=airflow
AIRFLOW_CTX_DAG_ID=docker_spark_sample
AIRFLOW_CTX_TASK_ID=print_hello
AIRFLOW_CTX_EXECUTION_DATE=2021-04-27T21:26:58.201903+00:00
AIRFLOW_CTX_DAG_RUN_ID=manual__2021-04-27T21:26:58.201903+00:00
[2021-04-27 21:27:10,344] {bash.py:135} INFO - Tmp dir root location: 
 /tmp
[2021-04-27 21:27:10,346] {bash.py:158} INFO - Running command: echo "hello world!!!"
[2021-04-27 21:27:10,362] {bash.py:169} INFO - Output:
[2021-04-27 21:27:10,363] {bash.py:173} INFO - hello world!!!
[2021-04-27 21:27:10,365] {bash.py:177} INFO - Command exited with return code 0
[2021-04-27 21:27:10,394] {taskinstance.py:1166} INFO - Marking task as SUCCESS. dag_id=docker_spark_sample, task_id=print_hello, execution_date=20210427T212658, start_date=20210427T212710, end_date=20210427T212710
[2021-04-27 21:27:10,417] {taskinstance.py:1220} INFO - 0 downstream tasks scheduled from follow-on schedule check
[2021-04-27 21:27:10,463] {local_task_job.py:146} INFO - Task exited with return code 0
