[2021-04-21 20:22:37,041] {taskinstance.py:851} INFO - Dependencies all met for <TaskInstance: docker_sample.sleep 2021-04-20T03:30:00+00:00 [queued]>
[2021-04-21 20:22:37,066] {taskinstance.py:851} INFO - Dependencies all met for <TaskInstance: docker_sample.sleep 2021-04-20T03:30:00+00:00 [queued]>
[2021-04-21 20:22:37,076] {taskinstance.py:1042} INFO - 
--------------------------------------------------------------------------------
[2021-04-21 20:22:37,077] {taskinstance.py:1043} INFO - Starting attempt 1 of 4
[2021-04-21 20:22:37,077] {taskinstance.py:1044} INFO - 
--------------------------------------------------------------------------------
[2021-04-21 20:22:37,090] {taskinstance.py:1063} INFO - Executing <Task(BashOperator): sleep> on 2021-04-20T03:30:00+00:00
[2021-04-21 20:22:37,095] {standard_task_runner.py:52} INFO - Started process 1855 to run task
[2021-04-21 20:22:37,116] {standard_task_runner.py:76} INFO - Running: ['airflow', 'tasks', 'run', 'docker_sample', 'sleep', '2021-04-20T03:30:00+00:00', '--job-id', '710', '--pool', 'default_pool', '--raw', '--subdir', 'DAGS_FOLDER/dockerOperator.py', '--cfg-path', '/tmp/tmpzg7kb4c9', '--error-file', '/tmp/tmp5ja6oncv']
[2021-04-21 20:22:37,118] {standard_task_runner.py:77} INFO - Job 710: Subtask sleep
[2021-04-21 20:22:37,198] {logging_mixin.py:104} INFO - Running <TaskInstance: docker_sample.sleep 2021-04-20T03:30:00+00:00 [running]> on host 5af2b1cab26e
[2021-04-21 20:22:37,264] {taskinstance.py:1257} INFO - Exporting the following env vars:
AIRFLOW_CTX_DAG_EMAIL=airflow@example.com
AIRFLOW_CTX_DAG_OWNER=airflow
AIRFLOW_CTX_DAG_ID=docker_sample
AIRFLOW_CTX_TASK_ID=sleep
AIRFLOW_CTX_EXECUTION_DATE=2021-04-20T03:30:00+00:00
AIRFLOW_CTX_DAG_RUN_ID=scheduled__2021-04-20T03:30:00+00:00
[2021-04-21 20:22:37,265] {bash.py:135} INFO - Tmp dir root location: 
 /tmp
[2021-04-21 20:22:37,267] {bash.py:158} INFO - Running command: sleep 5
[2021-04-21 20:22:37,281] {bash.py:169} INFO - Output:
[2021-04-21 20:22:42,286] {bash.py:177} INFO - Command exited with return code 0
[2021-04-21 20:22:42,321] {taskinstance.py:1166} INFO - Marking task as SUCCESS. dag_id=docker_sample, task_id=sleep, execution_date=20210420T033000, start_date=20210421T202237, end_date=20210421T202242
[2021-04-21 20:22:42,348] {taskinstance.py:1220} INFO - 0 downstream tasks scheduled from follow-on schedule check
[2021-04-21 20:22:42,387] {local_task_job.py:146} INFO - Task exited with return code 0
