[2021-04-21 20:20:34,458] {taskinstance.py:851} INFO - Dependencies all met for <TaskInstance: docker_sample.print_date 2021-04-19T21:50:00+00:00 [queued]>
[2021-04-21 20:20:34,481] {taskinstance.py:851} INFO - Dependencies all met for <TaskInstance: docker_sample.print_date 2021-04-19T21:50:00+00:00 [queued]>
[2021-04-21 20:20:34,482] {taskinstance.py:1042} INFO - 
--------------------------------------------------------------------------------
[2021-04-21 20:20:34,483] {taskinstance.py:1043} INFO - Starting attempt 1 of 2
[2021-04-21 20:20:34,483] {taskinstance.py:1044} INFO - 
--------------------------------------------------------------------------------
[2021-04-21 20:20:34,496] {taskinstance.py:1063} INFO - Executing <Task(BashOperator): print_date> on 2021-04-19T21:50:00+00:00
[2021-04-21 20:20:34,503] {standard_task_runner.py:52} INFO - Started process 1461 to run task
[2021-04-21 20:20:34,511] {standard_task_runner.py:76} INFO - Running: ['airflow', 'tasks', 'run', 'docker_sample', 'print_date', '2021-04-19T21:50:00+00:00', '--job-id', '566', '--pool', 'default_pool', '--raw', '--subdir', 'DAGS_FOLDER/dockerOperator.py', '--cfg-path', '/tmp/tmphe9mkofz', '--error-file', '/tmp/tmpm8oom8m0']
[2021-04-21 20:20:34,512] {standard_task_runner.py:77} INFO - Job 566: Subtask print_date
[2021-04-21 20:20:34,578] {logging_mixin.py:104} INFO - Running <TaskInstance: docker_sample.print_date 2021-04-19T21:50:00+00:00 [running]> on host 5af2b1cab26e
[2021-04-21 20:20:34,629] {taskinstance.py:1257} INFO - Exporting the following env vars:
AIRFLOW_CTX_DAG_EMAIL=airflow@example.com
AIRFLOW_CTX_DAG_OWNER=airflow
AIRFLOW_CTX_DAG_ID=docker_sample
AIRFLOW_CTX_TASK_ID=print_date
AIRFLOW_CTX_EXECUTION_DATE=2021-04-19T21:50:00+00:00
AIRFLOW_CTX_DAG_RUN_ID=scheduled__2021-04-19T21:50:00+00:00
[2021-04-21 20:20:34,630] {bash.py:135} INFO - Tmp dir root location: 
 /tmp
[2021-04-21 20:20:34,632] {bash.py:158} INFO - Running command: date
[2021-04-21 20:20:34,645] {bash.py:169} INFO - Output:
[2021-04-21 20:20:34,651] {bash.py:173} INFO - Wed Apr 21 20:20:34 UTC 2021
[2021-04-21 20:20:34,651] {bash.py:177} INFO - Command exited with return code 0
[2021-04-21 20:20:34,710] {taskinstance.py:1166} INFO - Marking task as SUCCESS. dag_id=docker_sample, task_id=print_date, execution_date=20210419T215000, start_date=20210421T202034, end_date=20210421T202034
[2021-04-21 20:20:34,774] {taskinstance.py:1220} INFO - 2 downstream tasks scheduled from follow-on schedule check
[2021-04-21 20:20:34,808] {local_task_job.py:146} INFO - Task exited with return code 0
