[2021-04-21 20:22:09,677] {taskinstance.py:851} INFO - Dependencies all met for <TaskInstance: docker_sample.sleep 2021-04-20T01:20:00+00:00 [queued]>
[2021-04-21 20:22:09,704] {taskinstance.py:851} INFO - Dependencies all met for <TaskInstance: docker_sample.sleep 2021-04-20T01:20:00+00:00 [queued]>
[2021-04-21 20:22:09,706] {taskinstance.py:1042} INFO - 
--------------------------------------------------------------------------------
[2021-04-21 20:22:09,707] {taskinstance.py:1043} INFO - Starting attempt 1 of 4
[2021-04-21 20:22:09,707] {taskinstance.py:1044} INFO - 
--------------------------------------------------------------------------------
[2021-04-21 20:22:09,723] {taskinstance.py:1063} INFO - Executing <Task(BashOperator): sleep> on 2021-04-20T01:20:00+00:00
[2021-04-21 20:22:09,731] {standard_task_runner.py:52} INFO - Started process 1754 to run task
[2021-04-21 20:22:09,736] {standard_task_runner.py:76} INFO - Running: ['airflow', 'tasks', 'run', 'docker_sample', 'sleep', '2021-04-20T01:20:00+00:00', '--job-id', '674', '--pool', 'default_pool', '--raw', '--subdir', 'DAGS_FOLDER/dockerOperator.py', '--cfg-path', '/tmp/tmpmhb1in6z', '--error-file', '/tmp/tmpg_yzft7i']
[2021-04-21 20:22:09,737] {standard_task_runner.py:77} INFO - Job 674: Subtask sleep
[2021-04-21 20:22:09,821] {logging_mixin.py:104} INFO - Running <TaskInstance: docker_sample.sleep 2021-04-20T01:20:00+00:00 [running]> on host 5af2b1cab26e
[2021-04-21 20:22:09,886] {taskinstance.py:1257} INFO - Exporting the following env vars:
AIRFLOW_CTX_DAG_EMAIL=airflow@example.com
AIRFLOW_CTX_DAG_OWNER=airflow
AIRFLOW_CTX_DAG_ID=docker_sample
AIRFLOW_CTX_TASK_ID=sleep
AIRFLOW_CTX_EXECUTION_DATE=2021-04-20T01:20:00+00:00
AIRFLOW_CTX_DAG_RUN_ID=scheduled__2021-04-20T01:20:00+00:00
[2021-04-21 20:22:09,889] {bash.py:135} INFO - Tmp dir root location: 
 /tmp
[2021-04-21 20:22:09,891] {bash.py:158} INFO - Running command: sleep 5
[2021-04-21 20:22:09,901] {bash.py:169} INFO - Output:
[2021-04-21 20:22:14,905] {bash.py:177} INFO - Command exited with return code 0
[2021-04-21 20:22:14,950] {taskinstance.py:1166} INFO - Marking task as SUCCESS. dag_id=docker_sample, task_id=sleep, execution_date=20210420T012000, start_date=20210421T202209, end_date=20210421T202214
[2021-04-21 20:22:14,989] {taskinstance.py:1220} INFO - 0 downstream tasks scheduled from follow-on schedule check
[2021-04-21 20:22:15,028] {local_task_job.py:146} INFO - Task exited with return code 0
