[2021-04-27 17:57:32,080] {taskinstance.py:851} INFO - Dependencies all met for <TaskInstance: docker_sample.sleep 2021-04-25T00:20:00+00:00 [queued]>
[2021-04-27 17:57:32,161] {taskinstance.py:851} INFO - Dependencies all met for <TaskInstance: docker_sample.sleep 2021-04-25T00:20:00+00:00 [queued]>
[2021-04-27 17:57:32,162] {taskinstance.py:1042} INFO - 
--------------------------------------------------------------------------------
[2021-04-27 17:57:32,163] {taskinstance.py:1043} INFO - Starting attempt 1 of 4
[2021-04-27 17:57:32,165] {taskinstance.py:1044} INFO - 
--------------------------------------------------------------------------------
[2021-04-27 17:57:32,204] {taskinstance.py:1063} INFO - Executing <Task(BashOperator): sleep> on 2021-04-25T00:20:00+00:00
[2021-04-27 17:57:32,280] {standard_task_runner.py:76} INFO - Running: ['airflow', 'tasks', 'run', 'docker_sample', 'sleep', '2021-04-25T00:20:00+00:00', '--job-id', '12', '--pool', 'default_pool', '--raw', '--subdir', 'DAGS_FOLDER/dockerOperator.py', '--cfg-path', '/tmp/tmpwse8eymq', '--error-file', '/tmp/tmpg4_92e3z']
[2021-04-27 17:57:32,290] {standard_task_runner.py:77} INFO - Job 12: Subtask sleep
[2021-04-27 17:57:32,225] {standard_task_runner.py:52} INFO - Started process 81 to run task
[2021-04-27 17:57:32,553] {logging_mixin.py:104} INFO - Running <TaskInstance: docker_sample.sleep 2021-04-25T00:20:00+00:00 [running]> on host 44e91a58ae1b
[2021-04-27 17:57:32,835] {taskinstance.py:1257} INFO - Exporting the following env vars:
AIRFLOW_CTX_DAG_EMAIL=airflow@example.com
AIRFLOW_CTX_DAG_OWNER=airflow
AIRFLOW_CTX_DAG_ID=docker_sample
AIRFLOW_CTX_TASK_ID=sleep
AIRFLOW_CTX_EXECUTION_DATE=2021-04-25T00:20:00+00:00
AIRFLOW_CTX_DAG_RUN_ID=scheduled__2021-04-25T00:20:00+00:00
[2021-04-27 17:57:32,837] {bash.py:135} INFO - Tmp dir root location: 
 /tmp
[2021-04-27 17:57:32,840] {bash.py:158} INFO - Running command: sleep 5
[2021-04-27 17:57:32,936] {bash.py:169} INFO - Output:
[2021-04-27 17:57:37,959] {bash.py:177} INFO - Command exited with return code 0
[2021-04-27 17:57:37,991] {taskinstance.py:1166} INFO - Marking task as SUCCESS. dag_id=docker_sample, task_id=sleep, execution_date=20210425T002000, start_date=20210427T175732, end_date=20210427T175737
[2021-04-27 17:57:38,031] {taskinstance.py:1220} INFO - 0 downstream tasks scheduled from follow-on schedule check
[2021-04-27 17:57:38,041] {local_task_job.py:146} INFO - Task exited with return code 0
