[2021-04-27 21:15:25,709] {taskinstance.py:851} INFO - Dependencies all met for <TaskInstance: docker_spark_sample.sleep 2021-04-25T02:10:00+00:00 [queued]>
[2021-04-27 21:15:25,727] {taskinstance.py:851} INFO - Dependencies all met for <TaskInstance: docker_spark_sample.sleep 2021-04-25T02:10:00+00:00 [queued]>
[2021-04-27 21:15:25,728] {taskinstance.py:1042} INFO - 
--------------------------------------------------------------------------------
[2021-04-27 21:15:25,729] {taskinstance.py:1043} INFO - Starting attempt 1 of 4
[2021-04-27 21:15:25,729] {taskinstance.py:1044} INFO - 
--------------------------------------------------------------------------------
[2021-04-27 21:15:25,737] {taskinstance.py:1063} INFO - Executing <Task(BashOperator): sleep> on 2021-04-25T02:10:00+00:00
[2021-04-27 21:15:25,742] {standard_task_runner.py:52} INFO - Started process 163 to run task
[2021-04-27 21:15:25,753] {standard_task_runner.py:76} INFO - Running: ['airflow', 'tasks', 'run', 'docker_spark_sample', 'sleep', '2021-04-25T02:10:00+00:00', '--job-id', '48', '--pool', 'default_pool', '--raw', '--subdir', 'DAGS_FOLDER/dockerSparkOperator.py', '--cfg-path', '/tmp/tmp8kpcomci', '--error-file', '/tmp/tmp4koyk7ch']
[2021-04-27 21:15:25,755] {standard_task_runner.py:77} INFO - Job 48: Subtask sleep
[2021-04-27 21:15:25,821] {logging_mixin.py:104} INFO - Running <TaskInstance: docker_spark_sample.sleep 2021-04-25T02:10:00+00:00 [running]> on host 9e66ec21e68a
[2021-04-27 21:15:25,871] {taskinstance.py:1257} INFO - Exporting the following env vars:
AIRFLOW_CTX_DAG_EMAIL=airflow@example.com
AIRFLOW_CTX_DAG_OWNER=airflow
AIRFLOW_CTX_DAG_ID=docker_spark_sample
AIRFLOW_CTX_TASK_ID=sleep
AIRFLOW_CTX_EXECUTION_DATE=2021-04-25T02:10:00+00:00
AIRFLOW_CTX_DAG_RUN_ID=scheduled__2021-04-25T02:10:00+00:00
[2021-04-27 21:15:25,872] {bash.py:135} INFO - Tmp dir root location: 
 /tmp
[2021-04-27 21:15:25,875] {bash.py:158} INFO - Running command: sleep 5
[2021-04-27 21:15:25,885] {bash.py:169} INFO - Output:
[2021-04-27 21:15:30,887] {bash.py:177} INFO - Command exited with return code 0
[2021-04-27 21:15:30,946] {taskinstance.py:1166} INFO - Marking task as SUCCESS. dag_id=docker_spark_sample, task_id=sleep, execution_date=20210425T021000, start_date=20210427T211525, end_date=20210427T211530
[2021-04-27 21:15:30,991] {taskinstance.py:1220} INFO - 0 downstream tasks scheduled from follow-on schedule check
[2021-04-27 21:15:31,029] {local_task_job.py:146} INFO - Task exited with return code 0
