[2021-04-27 21:15:31,037] {taskinstance.py:851} INFO - Dependencies all met for <TaskInstance: docker_spark_sample.sleep 2021-04-25T02:30:00+00:00 [queued]>
[2021-04-27 21:15:31,066] {taskinstance.py:851} INFO - Dependencies all met for <TaskInstance: docker_spark_sample.sleep 2021-04-25T02:30:00+00:00 [queued]>
[2021-04-27 21:15:31,067] {taskinstance.py:1042} INFO - 
--------------------------------------------------------------------------------
[2021-04-27 21:15:31,067] {taskinstance.py:1043} INFO - Starting attempt 1 of 4
[2021-04-27 21:15:31,070] {taskinstance.py:1044} INFO - 
--------------------------------------------------------------------------------
[2021-04-27 21:15:31,082] {taskinstance.py:1063} INFO - Executing <Task(BashOperator): sleep> on 2021-04-25T02:30:00+00:00
[2021-04-27 21:15:31,088] {standard_task_runner.py:52} INFO - Started process 167 to run task
[2021-04-27 21:15:31,095] {standard_task_runner.py:76} INFO - Running: ['airflow', 'tasks', 'run', 'docker_spark_sample', 'sleep', '2021-04-25T02:30:00+00:00', '--job-id', '49', '--pool', 'default_pool', '--raw', '--subdir', 'DAGS_FOLDER/dockerSparkOperator.py', '--cfg-path', '/tmp/tmpkauw_hw6', '--error-file', '/tmp/tmp45brg16y']
[2021-04-27 21:15:31,097] {standard_task_runner.py:77} INFO - Job 49: Subtask sleep
[2021-04-27 21:15:31,171] {logging_mixin.py:104} INFO - Running <TaskInstance: docker_spark_sample.sleep 2021-04-25T02:30:00+00:00 [running]> on host 9e66ec21e68a
[2021-04-27 21:15:31,232] {taskinstance.py:1257} INFO - Exporting the following env vars:
AIRFLOW_CTX_DAG_EMAIL=airflow@example.com
AIRFLOW_CTX_DAG_OWNER=airflow
AIRFLOW_CTX_DAG_ID=docker_spark_sample
AIRFLOW_CTX_TASK_ID=sleep
AIRFLOW_CTX_EXECUTION_DATE=2021-04-25T02:30:00+00:00
AIRFLOW_CTX_DAG_RUN_ID=scheduled__2021-04-25T02:30:00+00:00
[2021-04-27 21:15:31,234] {bash.py:135} INFO - Tmp dir root location: 
 /tmp
[2021-04-27 21:15:31,236] {bash.py:158} INFO - Running command: sleep 5
[2021-04-27 21:15:31,252] {bash.py:169} INFO - Output:
[2021-04-27 21:15:36,256] {bash.py:177} INFO - Command exited with return code 0
[2021-04-27 21:15:36,313] {taskinstance.py:1166} INFO - Marking task as SUCCESS. dag_id=docker_spark_sample, task_id=sleep, execution_date=20210425T023000, start_date=20210427T211531, end_date=20210427T211536
[2021-04-27 21:15:36,362] {taskinstance.py:1220} INFO - 0 downstream tasks scheduled from follow-on schedule check
[2021-04-27 21:15:36,386] {local_task_job.py:146} INFO - Task exited with return code 0
