[2021-04-21 20:22:36,168] {taskinstance.py:851} INFO - Dependencies all met for <TaskInstance: docker_sample.sleep 2021-04-20T03:00:00+00:00 [queued]>
[2021-04-21 20:22:36,230] {taskinstance.py:851} INFO - Dependencies all met for <TaskInstance: docker_sample.sleep 2021-04-20T03:00:00+00:00 [queued]>
[2021-04-21 20:22:36,235] {taskinstance.py:1042} INFO - 
--------------------------------------------------------------------------------
[2021-04-21 20:22:36,238] {taskinstance.py:1043} INFO - Starting attempt 1 of 4
[2021-04-21 20:22:36,246] {taskinstance.py:1044} INFO - 
--------------------------------------------------------------------------------
[2021-04-21 20:22:36,256] {taskinstance.py:1063} INFO - Executing <Task(BashOperator): sleep> on 2021-04-20T03:00:00+00:00
[2021-04-21 20:22:36,262] {standard_task_runner.py:52} INFO - Started process 1838 to run task
[2021-04-21 20:22:36,285] {standard_task_runner.py:76} INFO - Running: ['airflow', 'tasks', 'run', 'docker_sample', 'sleep', '2021-04-20T03:00:00+00:00', '--job-id', '702', '--pool', 'default_pool', '--raw', '--subdir', 'DAGS_FOLDER/dockerOperator.py', '--cfg-path', '/tmp/tmpaq6lqud1', '--error-file', '/tmp/tmptxgj3sjf']
[2021-04-21 20:22:36,290] {standard_task_runner.py:77} INFO - Job 702: Subtask sleep
[2021-04-21 20:22:36,423] {logging_mixin.py:104} INFO - Running <TaskInstance: docker_sample.sleep 2021-04-20T03:00:00+00:00 [running]> on host 5af2b1cab26e
[2021-04-21 20:22:36,512] {taskinstance.py:1257} INFO - Exporting the following env vars:
AIRFLOW_CTX_DAG_EMAIL=airflow@example.com
AIRFLOW_CTX_DAG_OWNER=airflow
AIRFLOW_CTX_DAG_ID=docker_sample
AIRFLOW_CTX_TASK_ID=sleep
AIRFLOW_CTX_EXECUTION_DATE=2021-04-20T03:00:00+00:00
AIRFLOW_CTX_DAG_RUN_ID=scheduled__2021-04-20T03:00:00+00:00
[2021-04-21 20:22:36,517] {bash.py:135} INFO - Tmp dir root location: 
 /tmp
[2021-04-21 20:22:36,518] {bash.py:158} INFO - Running command: sleep 5
[2021-04-21 20:22:36,548] {bash.py:169} INFO - Output:
[2021-04-21 20:22:41,551] {bash.py:177} INFO - Command exited with return code 0
[2021-04-21 20:22:41,578] {taskinstance.py:1166} INFO - Marking task as SUCCESS. dag_id=docker_sample, task_id=sleep, execution_date=20210420T030000, start_date=20210421T202236, end_date=20210421T202241
[2021-04-21 20:22:41,613] {taskinstance.py:1220} INFO - 0 downstream tasks scheduled from follow-on schedule check
[2021-04-21 20:22:41,632] {local_task_job.py:146} INFO - Task exited with return code 0
