[2021-04-27 17:58:10,752] {taskinstance.py:851} INFO - Dependencies all met for <TaskInstance: docker_sample.print_hello 2021-04-25T02:10:00+00:00 [queued]>
[2021-04-27 17:58:10,774] {taskinstance.py:851} INFO - Dependencies all met for <TaskInstance: docker_sample.print_hello 2021-04-25T02:10:00+00:00 [queued]>
[2021-04-27 17:58:10,775] {taskinstance.py:1042} INFO - 
--------------------------------------------------------------------------------
[2021-04-27 17:58:10,776] {taskinstance.py:1043} INFO - Starting attempt 1 of 2
[2021-04-27 17:58:10,778] {taskinstance.py:1044} INFO - 
--------------------------------------------------------------------------------
[2021-04-27 17:58:10,790] {taskinstance.py:1063} INFO - Executing <Task(BashOperator): print_hello> on 2021-04-25T02:10:00+00:00
[2021-04-27 17:58:10,807] {standard_task_runner.py:76} INFO - Running: ['airflow', 'tasks', 'run', 'docker_sample', 'print_hello', '2021-04-25T02:10:00+00:00', '--job-id', '63', '--pool', 'default_pool', '--raw', '--subdir', 'DAGS_FOLDER/dockerOperator.py', '--cfg-path', '/tmp/tmppo8b3356', '--error-file', '/tmp/tmp356kx32o']
[2021-04-27 17:58:10,801] {standard_task_runner.py:52} INFO - Started process 211 to run task
[2021-04-27 17:58:10,809] {standard_task_runner.py:77} INFO - Job 63: Subtask print_hello
[2021-04-27 17:58:10,871] {logging_mixin.py:104} INFO - Running <TaskInstance: docker_sample.print_hello 2021-04-25T02:10:00+00:00 [running]> on host 44e91a58ae1b
[2021-04-27 17:58:10,925] {taskinstance.py:1257} INFO - Exporting the following env vars:
AIRFLOW_CTX_DAG_EMAIL=airflow@example.com
AIRFLOW_CTX_DAG_OWNER=airflow
AIRFLOW_CTX_DAG_ID=docker_sample
AIRFLOW_CTX_TASK_ID=print_hello
AIRFLOW_CTX_EXECUTION_DATE=2021-04-25T02:10:00+00:00
AIRFLOW_CTX_DAG_RUN_ID=scheduled__2021-04-25T02:10:00+00:00
[2021-04-27 17:58:10,927] {bash.py:135} INFO - Tmp dir root location: 
 /tmp
[2021-04-27 17:58:10,929] {bash.py:158} INFO - Running command: echo "hello world!!!"
[2021-04-27 17:58:10,940] {bash.py:169} INFO - Output:
[2021-04-27 17:58:10,941] {bash.py:173} INFO - hello world!!!
[2021-04-27 17:58:10,942] {bash.py:177} INFO - Command exited with return code 0
[2021-04-27 17:58:10,984] {taskinstance.py:1166} INFO - Marking task as SUCCESS. dag_id=docker_sample, task_id=print_hello, execution_date=20210425T021000, start_date=20210427T175810, end_date=20210427T175810
[2021-04-27 17:58:11,014] {taskinstance.py:1220} INFO - 0 downstream tasks scheduled from follow-on schedule check
[2021-04-27 17:58:11,027] {local_task_job.py:146} INFO - Task exited with return code 0
