[2021-04-21 20:19:34,778] {taskinstance.py:851} INFO - Dependencies all met for <TaskInstance: docker_sample.print_date 2021-04-19T19:30:00+00:00 [queued]>
[2021-04-21 20:19:34,854] {taskinstance.py:851} INFO - Dependencies all met for <TaskInstance: docker_sample.print_date 2021-04-19T19:30:00+00:00 [queued]>
[2021-04-21 20:19:34,855] {taskinstance.py:1042} INFO - 
--------------------------------------------------------------------------------
[2021-04-21 20:19:34,856] {taskinstance.py:1043} INFO - Starting attempt 1 of 2
[2021-04-21 20:19:34,857] {taskinstance.py:1044} INFO - 
--------------------------------------------------------------------------------
[2021-04-21 20:19:34,875] {taskinstance.py:1063} INFO - Executing <Task(BashOperator): print_date> on 2021-04-19T19:30:00+00:00
[2021-04-21 20:19:34,883] {standard_task_runner.py:52} INFO - Started process 1306 to run task
[2021-04-21 20:19:34,906] {standard_task_runner.py:76} INFO - Running: ['airflow', 'tasks', 'run', 'docker_sample', 'print_date', '2021-04-19T19:30:00+00:00', '--job-id', '509', '--pool', 'default_pool', '--raw', '--subdir', 'DAGS_FOLDER/dockerOperator.py', '--cfg-path', '/tmp/tmpem0rmmza', '--error-file', '/tmp/tmp7zybm9uo']
[2021-04-21 20:19:34,920] {standard_task_runner.py:77} INFO - Job 509: Subtask print_date
[2021-04-21 20:19:35,036] {logging_mixin.py:104} INFO - Running <TaskInstance: docker_sample.print_date 2021-04-19T19:30:00+00:00 [running]> on host 5af2b1cab26e
[2021-04-21 20:19:35,173] {taskinstance.py:1257} INFO - Exporting the following env vars:
AIRFLOW_CTX_DAG_EMAIL=airflow@example.com
AIRFLOW_CTX_DAG_OWNER=airflow
AIRFLOW_CTX_DAG_ID=docker_sample
AIRFLOW_CTX_TASK_ID=print_date
AIRFLOW_CTX_EXECUTION_DATE=2021-04-19T19:30:00+00:00
AIRFLOW_CTX_DAG_RUN_ID=scheduled__2021-04-19T19:30:00+00:00
[2021-04-21 20:19:35,174] {bash.py:135} INFO - Tmp dir root location: 
 /tmp
[2021-04-21 20:19:35,175] {bash.py:158} INFO - Running command: date
[2021-04-21 20:19:35,199] {bash.py:169} INFO - Output:
[2021-04-21 20:19:35,207] {bash.py:173} INFO - Wed Apr 21 20:19:35 UTC 2021
[2021-04-21 20:19:35,208] {bash.py:177} INFO - Command exited with return code 0
[2021-04-21 20:19:35,258] {taskinstance.py:1166} INFO - Marking task as SUCCESS. dag_id=docker_sample, task_id=print_date, execution_date=20210419T193000, start_date=20210421T201934, end_date=20210421T201935
[2021-04-21 20:19:35,333] {taskinstance.py:1220} INFO - 2 downstream tasks scheduled from follow-on schedule check
[2021-04-21 20:19:35,359] {local_task_job.py:146} INFO - Task exited with return code 0
