[2021-05-02 11:27:22,874] {taskinstance.py:851} INFO - Dependencies all met for <TaskInstance: docker_ansible_sample.docker_ansible_copy_jar 2021-05-02T11:27:21.026492+00:00 [queued]>
[2021-05-02 11:27:22,887] {taskinstance.py:851} INFO - Dependencies all met for <TaskInstance: docker_ansible_sample.docker_ansible_copy_jar 2021-05-02T11:27:21.026492+00:00 [queued]>
[2021-05-02 11:27:22,887] {taskinstance.py:1042} INFO - 
--------------------------------------------------------------------------------
[2021-05-02 11:27:22,888] {taskinstance.py:1043} INFO - Starting attempt 1 of 2
[2021-05-02 11:27:22,888] {taskinstance.py:1044} INFO - 
--------------------------------------------------------------------------------
[2021-05-02 11:27:22,904] {taskinstance.py:1063} INFO - Executing <Task(DockerOperator): docker_ansible_copy_jar> on 2021-05-02T11:27:21.026492+00:00
[2021-05-02 11:27:22,908] {standard_task_runner.py:52} INFO - Started process 68 to run task
[2021-05-02 11:27:22,914] {standard_task_runner.py:76} INFO - Running: ['airflow', 'tasks', 'run', 'docker_ansible_sample', 'docker_ansible_copy_jar', '2021-05-02T11:27:21.026492+00:00', '--job-id', '12', '--pool', 'default_pool', '--raw', '--subdir', 'DAGS_FOLDER/dockerAnsibleOperator.py', '--cfg-path', '/tmp/tmpu6j6ipda', '--error-file', '/tmp/tmpo740_cwb']
[2021-05-02 11:27:22,915] {standard_task_runner.py:77} INFO - Job 12: Subtask docker_ansible_copy_jar
[2021-05-02 11:27:22,963] {logging_mixin.py:104} INFO - Running <TaskInstance: docker_ansible_sample.docker_ansible_copy_jar 2021-05-02T11:27:21.026492+00:00 [running]> on host 04b8837eb843
[2021-05-02 11:27:23,016] {taskinstance.py:1257} INFO - Exporting the following env vars:
AIRFLOW_CTX_DAG_EMAIL=airflow@example.com
AIRFLOW_CTX_DAG_OWNER=airflow
AIRFLOW_CTX_DAG_ID=docker_ansible_sample
AIRFLOW_CTX_TASK_ID=docker_ansible_copy_jar
AIRFLOW_CTX_EXECUTION_DATE=2021-05-02T11:27:21.026492+00:00
AIRFLOW_CTX_DAG_RUN_ID=manual__2021-05-02T11:27:21.026492+00:00
[2021-05-02 11:27:23,031] {docker.py:224} INFO - Starting docker container from image kadirsahan/masdeploy:v1
[2021-05-02 11:27:33,736] {docker.py:263} INFO - PLAY [This is a hello-next example] ********************************************
[2021-05-02 11:27:33,744] {docker.py:263} INFO - TASK [Gathering Facts] *********************************************************
[2021-05-02 11:27:35,078] {docker.py:263} INFO - ok: [dckr-src-1]
[2021-05-02 11:27:35,091] {docker.py:263} INFO - TASK [Copy file from remote file  '/srcjar/abc.txt' to local '/tmp/testnext.txt'.] ***
[2021-05-02 11:27:36,303] {docker.py:263} INFO - changed: [dckr-src-1]
[2021-05-02 11:27:36,321] {docker.py:263} INFO - PLAY RECAP *********************************************************************
[2021-05-02 11:27:36,323] {docker.py:263} INFO - dckr-src-1                 : ok=2    changed=1    unreachable=0    failed=0    skipped=0    rescued=0    ignored=0
[2021-05-02 11:27:36,323] {docker.py:263} INFO - 
[2021-05-02 11:27:36,812] {docker.py:263} INFO - PLAY [This is a hello-next example] ********************************************
[2021-05-02 11:27:36,821] {docker.py:263} INFO - TASK [Gathering Facts] *********************************************************
[2021-05-02 11:27:38,228] {docker.py:263} INFO - ok: [dckr-trgt-1]
[2021-05-02 11:27:38,240] {docker.py:263} INFO - TASK [Copy file from local  '/tmp/testnext.txt' to remote  '/trgtjar/gnmn.txt'.] ***
[2021-05-02 11:27:39,519] {docker.py:263} INFO - changed: [dckr-trgt-1]
[2021-05-02 11:27:39,525] {docker.py:263} INFO - TASK [Stop  service monbileservice, if not stopped] ****************************
[2021-05-02 11:27:40,129] {docker.py:263} INFO - changed: [dckr-trgt-1]
[2021-05-02 11:27:40,135] {docker.py:263} INFO - TASK [Start service monbileservice, if not started] ****************************
[2021-05-02 11:27:40,459] {docker.py:263} INFO - changed: [dckr-trgt-1]
[2021-05-02 11:27:40,471] {docker.py:263} INFO - PLAY RECAP *********************************************************************
[2021-05-02 11:27:40,472] {docker.py:263} INFO - dckr-trgt-1                : ok=4    changed=3    unreachable=0    failed=0    skipped=0    rescued=0    ignored=0
[2021-05-02 11:27:40,718] {taskinstance.py:1166} INFO - Marking task as SUCCESS. dag_id=docker_ansible_sample, task_id=docker_ansible_copy_jar, execution_date=20210502T112721, start_date=20210502T112722, end_date=20210502T112740
[2021-05-02 11:27:40,749] {taskinstance.py:1220} INFO - 1 downstream tasks scheduled from follow-on schedule check
[2021-05-02 11:27:40,797] {local_task_job.py:146} INFO - Task exited with return code 0
