[2021-04-23 11:26:28,572] {taskinstance.py:851} INFO - Dependencies all met for <TaskInstance: docker_sample.print_date 2021-04-21T01:50:00+00:00 [queued]>
[2021-04-23 11:26:28,601] {taskinstance.py:851} INFO - Dependencies all met for <TaskInstance: docker_sample.print_date 2021-04-21T01:50:00+00:00 [queued]>
[2021-04-23 11:26:28,601] {taskinstance.py:1042} INFO - 
--------------------------------------------------------------------------------
[2021-04-23 11:26:28,602] {taskinstance.py:1043} INFO - Starting attempt 1 of 2
[2021-04-23 11:26:28,602] {taskinstance.py:1044} INFO - 
--------------------------------------------------------------------------------
[2021-04-23 11:26:28,616] {taskinstance.py:1063} INFO - Executing <Task(BashOperator): print_date> on 2021-04-21T01:50:00+00:00
[2021-04-23 11:26:28,623] {standard_task_runner.py:52} INFO - Started process 168 to run task
[2021-04-23 11:26:28,653] {standard_task_runner.py:76} INFO - Running: ['airflow', 'tasks', 'run', 'docker_sample', 'print_date', '2021-04-21T01:50:00+00:00', '--job-id', '779', '--pool', 'default_pool', '--raw', '--subdir', 'DAGS_FOLDER/dockerOperator.py', '--cfg-path', '/tmp/tmpc1ueuasb', '--error-file', '/tmp/tmpx1vo1hqg']
[2021-04-23 11:26:28,656] {standard_task_runner.py:77} INFO - Job 779: Subtask print_date
[2021-04-23 11:26:28,734] {logging_mixin.py:104} INFO - Running <TaskInstance: docker_sample.print_date 2021-04-21T01:50:00+00:00 [running]> on host 5af2b1cab26e
[2021-04-23 11:26:28,798] {taskinstance.py:1257} INFO - Exporting the following env vars:
AIRFLOW_CTX_DAG_EMAIL=airflow@example.com
AIRFLOW_CTX_DAG_OWNER=airflow
AIRFLOW_CTX_DAG_ID=docker_sample
AIRFLOW_CTX_TASK_ID=print_date
AIRFLOW_CTX_EXECUTION_DATE=2021-04-21T01:50:00+00:00
AIRFLOW_CTX_DAG_RUN_ID=scheduled__2021-04-21T01:50:00+00:00
[2021-04-23 11:26:28,800] {bash.py:135} INFO - Tmp dir root location: 
 /tmp
[2021-04-23 11:26:28,801] {bash.py:158} INFO - Running command: date
[2021-04-23 11:26:28,814] {bash.py:169} INFO - Output:
[2021-04-23 11:26:28,816] {bash.py:173} INFO - Fri Apr 23 11:26:28 UTC 2021
[2021-04-23 11:26:28,817] {bash.py:177} INFO - Command exited with return code 0
[2021-04-23 11:26:28,866] {taskinstance.py:1166} INFO - Marking task as SUCCESS. dag_id=docker_sample, task_id=print_date, execution_date=20210421T015000, start_date=20210423T112628, end_date=20210423T112628
[2021-04-23 11:26:28,905] {taskinstance.py:1220} INFO - 2 downstream tasks scheduled from follow-on schedule check
[2021-04-23 11:26:28,933] {local_task_job.py:146} INFO - Task exited with return code 0
