[2021-04-21 20:14:07,291] {taskinstance.py:851} INFO - Dependencies all met for <TaskInstance: docker_sample.print_hello 2021-04-19T03:40:00+00:00 [queued]>
[2021-04-21 20:14:07,328] {taskinstance.py:851} INFO - Dependencies all met for <TaskInstance: docker_sample.print_hello 2021-04-19T03:40:00+00:00 [queued]>
[2021-04-21 20:14:07,329] {taskinstance.py:1042} INFO - 
--------------------------------------------------------------------------------
[2021-04-21 20:14:07,330] {taskinstance.py:1043} INFO - Starting attempt 1 of 2
[2021-04-21 20:14:07,331] {taskinstance.py:1044} INFO - 
--------------------------------------------------------------------------------
[2021-04-21 20:14:07,347] {taskinstance.py:1063} INFO - Executing <Task(BashOperator): print_hello> on 2021-04-19T03:40:00+00:00
[2021-04-21 20:14:07,358] {standard_task_runner.py:52} INFO - Started process 337 to run task
[2021-04-21 20:14:07,372] {standard_task_runner.py:76} INFO - Running: ['airflow', 'tasks', 'run', 'docker_sample', 'print_hello', '2021-04-19T03:40:00+00:00', '--job-id', '159', '--pool', 'default_pool', '--raw', '--subdir', 'DAGS_FOLDER/dockerOperator.py', '--cfg-path', '/tmp/tmp1o9rm72i', '--error-file', '/tmp/tmp_kkugcrf']
[2021-04-21 20:14:07,373] {standard_task_runner.py:77} INFO - Job 159: Subtask print_hello
[2021-04-21 20:14:07,461] {logging_mixin.py:104} INFO - Running <TaskInstance: docker_sample.print_hello 2021-04-19T03:40:00+00:00 [running]> on host 5af2b1cab26e
[2021-04-21 20:14:07,541] {taskinstance.py:1257} INFO - Exporting the following env vars:
AIRFLOW_CTX_DAG_EMAIL=airflow@example.com
AIRFLOW_CTX_DAG_OWNER=airflow
AIRFLOW_CTX_DAG_ID=docker_sample
AIRFLOW_CTX_TASK_ID=print_hello
AIRFLOW_CTX_EXECUTION_DATE=2021-04-19T03:40:00+00:00
AIRFLOW_CTX_DAG_RUN_ID=scheduled__2021-04-19T03:40:00+00:00
[2021-04-21 20:14:07,542] {bash.py:135} INFO - Tmp dir root location: 
 /tmp
[2021-04-21 20:14:07,544] {bash.py:158} INFO - Running command: echo "hello world!!!"
[2021-04-21 20:14:07,559] {bash.py:169} INFO - Output:
[2021-04-21 20:14:07,560] {bash.py:173} INFO - hello world!!!
[2021-04-21 20:14:07,564] {bash.py:177} INFO - Command exited with return code 0
[2021-04-21 20:14:07,608] {taskinstance.py:1166} INFO - Marking task as SUCCESS. dag_id=docker_sample, task_id=print_hello, execution_date=20210419T034000, start_date=20210421T201407, end_date=20210421T201407
[2021-04-21 20:14:07,640] {taskinstance.py:1220} INFO - 0 downstream tasks scheduled from follow-on schedule check
[2021-04-21 20:14:07,674] {local_task_job.py:146} INFO - Task exited with return code 0
