[2021-04-21 20:22:37,762] {taskinstance.py:851} INFO - Dependencies all met for <TaskInstance: docker_sample.print_date 2021-04-20T04:20:00+00:00 [queued]>
[2021-04-21 20:22:37,785] {taskinstance.py:851} INFO - Dependencies all met for <TaskInstance: docker_sample.print_date 2021-04-20T04:20:00+00:00 [queued]>
[2021-04-21 20:22:37,786] {taskinstance.py:1042} INFO - 
--------------------------------------------------------------------------------
[2021-04-21 20:22:37,787] {taskinstance.py:1043} INFO - Starting attempt 1 of 2
[2021-04-21 20:22:37,788] {taskinstance.py:1044} INFO - 
--------------------------------------------------------------------------------
[2021-04-21 20:22:37,796] {taskinstance.py:1063} INFO - Executing <Task(BashOperator): print_date> on 2021-04-20T04:20:00+00:00
[2021-04-21 20:22:37,800] {standard_task_runner.py:52} INFO - Started process 1864 to run task
[2021-04-21 20:22:37,804] {standard_task_runner.py:76} INFO - Running: ['airflow', 'tasks', 'run', 'docker_sample', 'print_date', '2021-04-20T04:20:00+00:00', '--job-id', '714', '--pool', 'default_pool', '--raw', '--subdir', 'DAGS_FOLDER/dockerOperator.py', '--cfg-path', '/tmp/tmprd0a34j1', '--error-file', '/tmp/tmp84ovrr3u']
[2021-04-21 20:22:37,806] {standard_task_runner.py:77} INFO - Job 714: Subtask print_date
[2021-04-21 20:22:37,881] {logging_mixin.py:104} INFO - Running <TaskInstance: docker_sample.print_date 2021-04-20T04:20:00+00:00 [running]> on host 5af2b1cab26e
[2021-04-21 20:22:37,942] {taskinstance.py:1257} INFO - Exporting the following env vars:
AIRFLOW_CTX_DAG_EMAIL=airflow@example.com
AIRFLOW_CTX_DAG_OWNER=airflow
AIRFLOW_CTX_DAG_ID=docker_sample
AIRFLOW_CTX_TASK_ID=print_date
AIRFLOW_CTX_EXECUTION_DATE=2021-04-20T04:20:00+00:00
AIRFLOW_CTX_DAG_RUN_ID=scheduled__2021-04-20T04:20:00+00:00
[2021-04-21 20:22:37,945] {bash.py:135} INFO - Tmp dir root location: 
 /tmp
[2021-04-21 20:22:37,946] {bash.py:158} INFO - Running command: date
[2021-04-21 20:22:37,971] {bash.py:169} INFO - Output:
[2021-04-21 20:22:37,974] {bash.py:173} INFO - Wed Apr 21 20:22:37 UTC 2021
[2021-04-21 20:22:37,977] {bash.py:177} INFO - Command exited with return code 0
[2021-04-21 20:22:38,025] {taskinstance.py:1166} INFO - Marking task as SUCCESS. dag_id=docker_sample, task_id=print_date, execution_date=20210420T042000, start_date=20210421T202237, end_date=20210421T202238
[2021-04-21 20:22:38,084] {taskinstance.py:1220} INFO - 2 downstream tasks scheduled from follow-on schedule check
[2021-04-21 20:22:38,102] {local_task_job.py:146} INFO - Task exited with return code 0
