[2021-04-21 20:22:34,676] {taskinstance.py:851} INFO - Dependencies all met for <TaskInstance: docker_sample.print_date 2021-04-20T03:00:00+00:00 [queued]>
[2021-04-21 20:22:34,694] {taskinstance.py:851} INFO - Dependencies all met for <TaskInstance: docker_sample.print_date 2021-04-20T03:00:00+00:00 [queued]>
[2021-04-21 20:22:34,695] {taskinstance.py:1042} INFO - 
--------------------------------------------------------------------------------
[2021-04-21 20:22:34,696] {taskinstance.py:1043} INFO - Starting attempt 1 of 2
[2021-04-21 20:22:34,706] {taskinstance.py:1044} INFO - 
--------------------------------------------------------------------------------
[2021-04-21 20:22:34,727] {taskinstance.py:1063} INFO - Executing <Task(BashOperator): print_date> on 2021-04-20T03:00:00+00:00
[2021-04-21 20:22:34,732] {standard_task_runner.py:52} INFO - Started process 1810 to run task
[2021-04-21 20:22:34,740] {standard_task_runner.py:76} INFO - Running: ['airflow', 'tasks', 'run', 'docker_sample', 'print_date', '2021-04-20T03:00:00+00:00', '--job-id', '693', '--pool', 'default_pool', '--raw', '--subdir', 'DAGS_FOLDER/dockerOperator.py', '--cfg-path', '/tmp/tmp6hzez_vv', '--error-file', '/tmp/tmpz6c7sedr']
[2021-04-21 20:22:34,743] {standard_task_runner.py:77} INFO - Job 693: Subtask print_date
[2021-04-21 20:22:34,863] {logging_mixin.py:104} INFO - Running <TaskInstance: docker_sample.print_date 2021-04-20T03:00:00+00:00 [running]> on host 5af2b1cab26e
[2021-04-21 20:22:34,958] {taskinstance.py:1257} INFO - Exporting the following env vars:
AIRFLOW_CTX_DAG_EMAIL=airflow@example.com
AIRFLOW_CTX_DAG_OWNER=airflow
AIRFLOW_CTX_DAG_ID=docker_sample
AIRFLOW_CTX_TASK_ID=print_date
AIRFLOW_CTX_EXECUTION_DATE=2021-04-20T03:00:00+00:00
AIRFLOW_CTX_DAG_RUN_ID=scheduled__2021-04-20T03:00:00+00:00
[2021-04-21 20:22:34,962] {bash.py:135} INFO - Tmp dir root location: 
 /tmp
[2021-04-21 20:22:34,963] {bash.py:158} INFO - Running command: date
[2021-04-21 20:22:34,973] {bash.py:169} INFO - Output:
[2021-04-21 20:22:34,981] {bash.py:173} INFO - Wed Apr 21 20:22:34 UTC 2021
[2021-04-21 20:22:34,985] {bash.py:177} INFO - Command exited with return code 0
[2021-04-21 20:22:35,056] {taskinstance.py:1166} INFO - Marking task as SUCCESS. dag_id=docker_sample, task_id=print_date, execution_date=20210420T030000, start_date=20210421T202234, end_date=20210421T202235
[2021-04-21 20:22:35,137] {taskinstance.py:1220} INFO - 2 downstream tasks scheduled from follow-on schedule check
[2021-04-21 20:22:35,171] {local_task_job.py:146} INFO - Task exited with return code 0
