[2021-04-21 20:19:08,510] {taskinstance.py:851} INFO - Dependencies all met for <TaskInstance: docker_sample.sleep 2021-04-19T17:30:00+00:00 [queued]>
[2021-04-21 20:19:08,529] {taskinstance.py:851} INFO - Dependencies all met for <TaskInstance: docker_sample.sleep 2021-04-19T17:30:00+00:00 [queued]>
[2021-04-21 20:19:08,530] {taskinstance.py:1042} INFO - 
--------------------------------------------------------------------------------
[2021-04-21 20:19:08,530] {taskinstance.py:1043} INFO - Starting attempt 1 of 4
[2021-04-21 20:19:08,531] {taskinstance.py:1044} INFO - 
--------------------------------------------------------------------------------
[2021-04-21 20:19:08,549] {taskinstance.py:1063} INFO - Executing <Task(BashOperator): sleep> on 2021-04-19T17:30:00+00:00
[2021-04-21 20:19:08,555] {standard_task_runner.py:52} INFO - Started process 1226 to run task
[2021-04-21 20:19:08,565] {standard_task_runner.py:76} INFO - Running: ['airflow', 'tasks', 'run', 'docker_sample', 'sleep', '2021-04-19T17:30:00+00:00', '--job-id', '482', '--pool', 'default_pool', '--raw', '--subdir', 'DAGS_FOLDER/dockerOperator.py', '--cfg-path', '/tmp/tmpiqqa7z1v', '--error-file', '/tmp/tmpjzlvyrsm']
[2021-04-21 20:19:08,568] {standard_task_runner.py:77} INFO - Job 482: Subtask sleep
[2021-04-21 20:19:08,640] {logging_mixin.py:104} INFO - Running <TaskInstance: docker_sample.sleep 2021-04-19T17:30:00+00:00 [running]> on host 5af2b1cab26e
[2021-04-21 20:19:08,707] {taskinstance.py:1257} INFO - Exporting the following env vars:
AIRFLOW_CTX_DAG_EMAIL=airflow@example.com
AIRFLOW_CTX_DAG_OWNER=airflow
AIRFLOW_CTX_DAG_ID=docker_sample
AIRFLOW_CTX_TASK_ID=sleep
AIRFLOW_CTX_EXECUTION_DATE=2021-04-19T17:30:00+00:00
AIRFLOW_CTX_DAG_RUN_ID=scheduled__2021-04-19T17:30:00+00:00
[2021-04-21 20:19:08,709] {bash.py:135} INFO - Tmp dir root location: 
 /tmp
[2021-04-21 20:19:08,711] {bash.py:158} INFO - Running command: sleep 5
[2021-04-21 20:19:08,725] {bash.py:169} INFO - Output:
[2021-04-21 20:19:13,727] {bash.py:177} INFO - Command exited with return code 0
[2021-04-21 20:19:13,792] {taskinstance.py:1166} INFO - Marking task as SUCCESS. dag_id=docker_sample, task_id=sleep, execution_date=20210419T173000, start_date=20210421T201908, end_date=20210421T201913
[2021-04-21 20:19:13,869] {taskinstance.py:1220} INFO - 0 downstream tasks scheduled from follow-on schedule check
[2021-04-21 20:19:13,905] {local_task_job.py:146} INFO - Task exited with return code 0
