[2021-05-02 11:27:41,256] {taskinstance.py:851} INFO - Dependencies all met for <TaskInstance: docker_ansible_sample.print_hello 2021-05-02T11:27:21.026492+00:00 [queued]>
[2021-05-02 11:27:41,266] {taskinstance.py:851} INFO - Dependencies all met for <TaskInstance: docker_ansible_sample.print_hello 2021-05-02T11:27:21.026492+00:00 [queued]>
[2021-05-02 11:27:41,267] {taskinstance.py:1042} INFO - 
--------------------------------------------------------------------------------
[2021-05-02 11:27:41,267] {taskinstance.py:1043} INFO - Starting attempt 1 of 2
[2021-05-02 11:27:41,268] {taskinstance.py:1044} INFO - 
--------------------------------------------------------------------------------
[2021-05-02 11:27:41,282] {taskinstance.py:1063} INFO - Executing <Task(BashOperator): print_hello> on 2021-05-02T11:27:21.026492+00:00
[2021-05-02 11:27:41,286] {standard_task_runner.py:52} INFO - Started process 72 to run task
[2021-05-02 11:27:41,290] {standard_task_runner.py:76} INFO - Running: ['airflow', 'tasks', 'run', 'docker_ansible_sample', 'print_hello', '2021-05-02T11:27:21.026492+00:00', '--job-id', '14', '--pool', 'default_pool', '--raw', '--subdir', 'DAGS_FOLDER/dockerAnsibleOperator.py', '--cfg-path', '/tmp/tmpo05oumf7', '--error-file', '/tmp/tmp1gohqy39']
[2021-05-02 11:27:41,291] {standard_task_runner.py:77} INFO - Job 14: Subtask print_hello
[2021-05-02 11:27:41,347] {logging_mixin.py:104} INFO - Running <TaskInstance: docker_ansible_sample.print_hello 2021-05-02T11:27:21.026492+00:00 [running]> on host 04b8837eb843
[2021-05-02 11:27:41,389] {taskinstance.py:1257} INFO - Exporting the following env vars:
AIRFLOW_CTX_DAG_EMAIL=airflow@example.com
AIRFLOW_CTX_DAG_OWNER=airflow
AIRFLOW_CTX_DAG_ID=docker_ansible_sample
AIRFLOW_CTX_TASK_ID=print_hello
AIRFLOW_CTX_EXECUTION_DATE=2021-05-02T11:27:21.026492+00:00
AIRFLOW_CTX_DAG_RUN_ID=manual__2021-05-02T11:27:21.026492+00:00
[2021-05-02 11:27:41,391] {bash.py:135} INFO - Tmp dir root location: 
 /tmp
[2021-05-02 11:27:41,392] {bash.py:158} INFO - Running command: echo "hello world!!!"
[2021-05-02 11:27:41,402] {bash.py:169} INFO - Output:
[2021-05-02 11:27:41,404] {bash.py:173} INFO - hello world!!!
[2021-05-02 11:27:41,405] {bash.py:177} INFO - Command exited with return code 0
[2021-05-02 11:27:41,435] {taskinstance.py:1166} INFO - Marking task as SUCCESS. dag_id=docker_ansible_sample, task_id=print_hello, execution_date=20210502T112721, start_date=20210502T112741, end_date=20210502T112741
[2021-05-02 11:27:41,460] {taskinstance.py:1220} INFO - 0 downstream tasks scheduled from follow-on schedule check
[2021-05-02 11:27:41,506] {local_task_job.py:146} INFO - Task exited with return code 0
