[2021-04-23 11:26:30,819] {taskinstance.py:851} INFO - Dependencies all met for <TaskInstance: docker_sample.print_date 2021-04-21T02:30:00+00:00 [queued]>
[2021-04-23 11:26:30,840] {taskinstance.py:851} INFO - Dependencies all met for <TaskInstance: docker_sample.print_date 2021-04-21T02:30:00+00:00 [queued]>
[2021-04-23 11:26:30,841] {taskinstance.py:1042} INFO - 
--------------------------------------------------------------------------------
[2021-04-23 11:26:30,842] {taskinstance.py:1043} INFO - Starting attempt 1 of 2
[2021-04-23 11:26:30,842] {taskinstance.py:1044} INFO - 
--------------------------------------------------------------------------------
[2021-04-23 11:26:30,850] {taskinstance.py:1063} INFO - Executing <Task(BashOperator): print_date> on 2021-04-21T02:30:00+00:00
[2021-04-23 11:26:30,853] {standard_task_runner.py:52} INFO - Started process 184 to run task
[2021-04-23 11:26:30,856] {standard_task_runner.py:76} INFO - Running: ['airflow', 'tasks', 'run', 'docker_sample', 'print_date', '2021-04-21T02:30:00+00:00', '--job-id', '786', '--pool', 'default_pool', '--raw', '--subdir', 'DAGS_FOLDER/dockerOperator.py', '--cfg-path', '/tmp/tmp3l5esty4', '--error-file', '/tmp/tmpwr695ckb']
[2021-04-23 11:26:30,858] {standard_task_runner.py:77} INFO - Job 786: Subtask print_date
[2021-04-23 11:26:30,901] {logging_mixin.py:104} INFO - Running <TaskInstance: docker_sample.print_date 2021-04-21T02:30:00+00:00 [running]> on host 5af2b1cab26e
[2021-04-23 11:26:30,936] {taskinstance.py:1257} INFO - Exporting the following env vars:
AIRFLOW_CTX_DAG_EMAIL=airflow@example.com
AIRFLOW_CTX_DAG_OWNER=airflow
AIRFLOW_CTX_DAG_ID=docker_sample
AIRFLOW_CTX_TASK_ID=print_date
AIRFLOW_CTX_EXECUTION_DATE=2021-04-21T02:30:00+00:00
AIRFLOW_CTX_DAG_RUN_ID=scheduled__2021-04-21T02:30:00+00:00
[2021-04-23 11:26:30,937] {bash.py:135} INFO - Tmp dir root location: 
 /tmp
[2021-04-23 11:26:30,938] {bash.py:158} INFO - Running command: date
[2021-04-23 11:26:30,945] {bash.py:169} INFO - Output:
[2021-04-23 11:26:30,946] {bash.py:173} INFO - Fri Apr 23 11:26:30 UTC 2021
[2021-04-23 11:26:30,947] {bash.py:177} INFO - Command exited with return code 0
[2021-04-23 11:26:30,971] {taskinstance.py:1166} INFO - Marking task as SUCCESS. dag_id=docker_sample, task_id=print_date, execution_date=20210421T023000, start_date=20210423T112630, end_date=20210423T112630
[2021-04-23 11:26:30,995] {taskinstance.py:1220} INFO - 2 downstream tasks scheduled from follow-on schedule check
[2021-04-23 11:26:31,032] {local_task_job.py:146} INFO - Task exited with return code 0
