[2021-05-02 11:21:28,600] {taskinstance.py:851} INFO - Dependencies all met for <TaskInstance: docker_ansible_sample.print_hello 2021-04-30T00:00:00+00:00 [queued]>
[2021-05-02 11:21:28,612] {taskinstance.py:851} INFO - Dependencies all met for <TaskInstance: docker_ansible_sample.print_hello 2021-04-30T00:00:00+00:00 [queued]>
[2021-05-02 11:21:28,613] {taskinstance.py:1042} INFO - 
--------------------------------------------------------------------------------
[2021-05-02 11:21:28,614] {taskinstance.py:1043} INFO - Starting attempt 1 of 2
[2021-05-02 11:21:28,615] {taskinstance.py:1044} INFO - 
--------------------------------------------------------------------------------
[2021-05-02 11:21:28,629] {taskinstance.py:1063} INFO - Executing <Task(BashOperator): print_hello> on 2021-04-30T00:00:00+00:00
[2021-05-02 11:21:28,633] {standard_task_runner.py:52} INFO - Started process 50 to run task
[2021-05-02 11:21:28,637] {standard_task_runner.py:76} INFO - Running: ['airflow', 'tasks', 'run', 'docker_ansible_sample', 'print_hello', '2021-04-30T00:00:00+00:00', '--job-id', '6', '--pool', 'default_pool', '--raw', '--subdir', 'DAGS_FOLDER/dockerAnsibleOperator.py', '--cfg-path', '/tmp/tmpwg8n123u', '--error-file', '/tmp/tmpxmiyq3nz']
[2021-05-02 11:21:28,639] {standard_task_runner.py:77} INFO - Job 6: Subtask print_hello
[2021-05-02 11:21:28,689] {logging_mixin.py:104} INFO - Running <TaskInstance: docker_ansible_sample.print_hello 2021-04-30T00:00:00+00:00 [running]> on host 04b8837eb843
[2021-05-02 11:21:28,737] {taskinstance.py:1257} INFO - Exporting the following env vars:
AIRFLOW_CTX_DAG_EMAIL=airflow@example.com
AIRFLOW_CTX_DAG_OWNER=airflow
AIRFLOW_CTX_DAG_ID=docker_ansible_sample
AIRFLOW_CTX_TASK_ID=print_hello
AIRFLOW_CTX_EXECUTION_DATE=2021-04-30T00:00:00+00:00
AIRFLOW_CTX_DAG_RUN_ID=scheduled__2021-04-30T00:00:00+00:00
[2021-05-02 11:21:28,739] {bash.py:135} INFO - Tmp dir root location: 
 /tmp
[2021-05-02 11:21:28,741] {bash.py:158} INFO - Running command: echo "hello world!!!"
[2021-05-02 11:21:28,756] {bash.py:169} INFO - Output:
[2021-05-02 11:21:28,758] {bash.py:173} INFO - hello world!!!
[2021-05-02 11:21:28,760] {bash.py:177} INFO - Command exited with return code 0
[2021-05-02 11:21:28,800] {taskinstance.py:1166} INFO - Marking task as SUCCESS. dag_id=docker_ansible_sample, task_id=print_hello, execution_date=20210430T000000, start_date=20210502T112128, end_date=20210502T112128
[2021-05-02 11:21:28,830] {taskinstance.py:1220} INFO - 0 downstream tasks scheduled from follow-on schedule check
[2021-05-02 11:21:28,854] {local_task_job.py:146} INFO - Task exited with return code 0
