[2021-05-02 11:21:08,921] {taskinstance.py:851} INFO - Dependencies all met for <TaskInstance: docker_ansible_sample.sleep 2021-04-30T00:00:00+00:00 [queued]>
[2021-05-02 11:21:08,932] {taskinstance.py:851} INFO - Dependencies all met for <TaskInstance: docker_ansible_sample.sleep 2021-04-30T00:00:00+00:00 [queued]>
[2021-05-02 11:21:08,933] {taskinstance.py:1042} INFO - 
--------------------------------------------------------------------------------
[2021-05-02 11:21:08,934] {taskinstance.py:1043} INFO - Starting attempt 1 of 4
[2021-05-02 11:21:08,935] {taskinstance.py:1044} INFO - 
--------------------------------------------------------------------------------
[2021-05-02 11:21:08,960] {taskinstance.py:1063} INFO - Executing <Task(BashOperator): sleep> on 2021-04-30T00:00:00+00:00
[2021-05-02 11:21:08,967] {standard_task_runner.py:52} INFO - Started process 47 to run task
[2021-05-02 11:21:08,975] {standard_task_runner.py:76} INFO - Running: ['airflow', 'tasks', 'run', 'docker_ansible_sample', 'sleep', '2021-04-30T00:00:00+00:00', '--job-id', '5', '--pool', 'default_pool', '--raw', '--subdir', 'DAGS_FOLDER/dockerAnsibleOperator.py', '--cfg-path', '/tmp/tmpb3bq570o', '--error-file', '/tmp/tmpe2dsunba']
[2021-05-02 11:21:08,976] {standard_task_runner.py:77} INFO - Job 5: Subtask sleep
[2021-05-02 11:21:09,055] {logging_mixin.py:104} INFO - Running <TaskInstance: docker_ansible_sample.sleep 2021-04-30T00:00:00+00:00 [running]> on host 04b8837eb843
[2021-05-02 11:21:09,115] {taskinstance.py:1257} INFO - Exporting the following env vars:
AIRFLOW_CTX_DAG_EMAIL=airflow@example.com
AIRFLOW_CTX_DAG_OWNER=airflow
AIRFLOW_CTX_DAG_ID=docker_ansible_sample
AIRFLOW_CTX_TASK_ID=sleep
AIRFLOW_CTX_EXECUTION_DATE=2021-04-30T00:00:00+00:00
AIRFLOW_CTX_DAG_RUN_ID=scheduled__2021-04-30T00:00:00+00:00
[2021-05-02 11:21:09,117] {bash.py:135} INFO - Tmp dir root location: 
 /tmp
[2021-05-02 11:21:09,119] {bash.py:158} INFO - Running command: sleep 5
[2021-05-02 11:21:09,130] {bash.py:169} INFO - Output:
[2021-05-02 11:21:14,134] {bash.py:177} INFO - Command exited with return code 0
[2021-05-02 11:21:14,160] {taskinstance.py:1166} INFO - Marking task as SUCCESS. dag_id=docker_ansible_sample, task_id=sleep, execution_date=20210430T000000, start_date=20210502T112108, end_date=20210502T112114
[2021-05-02 11:21:14,182] {taskinstance.py:1220} INFO - 0 downstream tasks scheduled from follow-on schedule check
[2021-05-02 11:21:14,193] {local_task_job.py:146} INFO - Task exited with return code 0
