[2021-04-27 17:58:26,643] {taskinstance.py:851} INFO - Dependencies all met for <TaskInstance: docker_sample.print_date 2021-04-25T04:50:00+00:00 [queued]>
[2021-04-27 17:58:26,664] {taskinstance.py:851} INFO - Dependencies all met for <TaskInstance: docker_sample.print_date 2021-04-25T04:50:00+00:00 [queued]>
[2021-04-27 17:58:26,665] {taskinstance.py:1042} INFO - 
--------------------------------------------------------------------------------
[2021-04-27 17:58:26,666] {taskinstance.py:1043} INFO - Starting attempt 1 of 2
[2021-04-27 17:58:26,667] {taskinstance.py:1044} INFO - 
--------------------------------------------------------------------------------
[2021-04-27 17:58:26,678] {taskinstance.py:1063} INFO - Executing <Task(BashOperator): print_date> on 2021-04-25T04:50:00+00:00
[2021-04-27 17:58:26,683] {standard_task_runner.py:52} INFO - Started process 292 to run task
[2021-04-27 17:58:26,688] {standard_task_runner.py:76} INFO - Running: ['airflow', 'tasks', 'run', 'docker_sample', 'print_date', '2021-04-25T04:50:00+00:00', '--job-id', '92', '--pool', 'default_pool', '--raw', '--subdir', 'DAGS_FOLDER/dockerOperator.py', '--cfg-path', '/tmp/tmpecz1wavl', '--error-file', '/tmp/tmpe06gus4e']
[2021-04-27 17:58:26,689] {standard_task_runner.py:77} INFO - Job 92: Subtask print_date
[2021-04-27 17:58:26,744] {logging_mixin.py:104} INFO - Running <TaskInstance: docker_sample.print_date 2021-04-25T04:50:00+00:00 [running]> on host 44e91a58ae1b
[2021-04-27 17:58:26,790] {taskinstance.py:1257} INFO - Exporting the following env vars:
AIRFLOW_CTX_DAG_EMAIL=airflow@example.com
AIRFLOW_CTX_DAG_OWNER=airflow
AIRFLOW_CTX_DAG_ID=docker_sample
AIRFLOW_CTX_TASK_ID=print_date
AIRFLOW_CTX_EXECUTION_DATE=2021-04-25T04:50:00+00:00
AIRFLOW_CTX_DAG_RUN_ID=scheduled__2021-04-25T04:50:00+00:00
[2021-04-27 17:58:26,792] {bash.py:135} INFO - Tmp dir root location: 
 /tmp
[2021-04-27 17:58:26,793] {bash.py:158} INFO - Running command: date
[2021-04-27 17:58:26,804] {bash.py:169} INFO - Output:
[2021-04-27 17:58:26,805] {bash.py:173} INFO - Tue Apr 27 17:58:26 UTC 2021
[2021-04-27 17:58:26,806] {bash.py:177} INFO - Command exited with return code 0
[2021-04-27 17:58:26,838] {taskinstance.py:1166} INFO - Marking task as SUCCESS. dag_id=docker_sample, task_id=print_date, execution_date=20210425T045000, start_date=20210427T175826, end_date=20210427T175826
[2021-04-27 17:58:26,931] {taskinstance.py:1220} INFO - 2 downstream tasks scheduled from follow-on schedule check
[2021-04-27 17:58:26,946] {local_task_job.py:146} INFO - Task exited with return code 0
