[2021-04-27 21:11:49,016] {taskinstance.py:851} INFO - Dependencies all met for <TaskInstance: docker_spark_sample.print_date 2021-04-25T00:20:00+00:00 [queued]>
[2021-04-27 21:11:49,041] {taskinstance.py:851} INFO - Dependencies all met for <TaskInstance: docker_spark_sample.print_date 2021-04-25T00:20:00+00:00 [queued]>
[2021-04-27 21:11:49,042] {taskinstance.py:1042} INFO - 
--------------------------------------------------------------------------------
[2021-04-27 21:11:49,043] {taskinstance.py:1043} INFO - Starting attempt 1 of 2
[2021-04-27 21:11:49,044] {taskinstance.py:1044} INFO - 
--------------------------------------------------------------------------------
[2021-04-27 21:11:49,056] {taskinstance.py:1063} INFO - Executing <Task(BashOperator): print_date> on 2021-04-25T00:20:00+00:00
[2021-04-27 21:11:49,061] {standard_task_runner.py:52} INFO - Started process 48 to run task
[2021-04-27 21:11:49,087] {standard_task_runner.py:76} INFO - Running: ['airflow', 'tasks', 'run', 'docker_spark_sample', 'print_date', '2021-04-25T00:20:00+00:00', '--job-id', '4', '--pool', 'default_pool', '--raw', '--subdir', 'DAGS_FOLDER/dockerSparkOperator.py', '--cfg-path', '/tmp/tmprf_ff6dc', '--error-file', '/tmp/tmpc9vh1v37']
[2021-04-27 21:11:49,094] {standard_task_runner.py:77} INFO - Job 4: Subtask print_date
[2021-04-27 21:11:49,240] {logging_mixin.py:104} INFO - Running <TaskInstance: docker_spark_sample.print_date 2021-04-25T00:20:00+00:00 [running]> on host 9e66ec21e68a
[2021-04-27 21:11:49,377] {taskinstance.py:1257} INFO - Exporting the following env vars:
AIRFLOW_CTX_DAG_EMAIL=airflow@example.com
AIRFLOW_CTX_DAG_OWNER=airflow
AIRFLOW_CTX_DAG_ID=docker_spark_sample
AIRFLOW_CTX_TASK_ID=print_date
AIRFLOW_CTX_EXECUTION_DATE=2021-04-25T00:20:00+00:00
AIRFLOW_CTX_DAG_RUN_ID=scheduled__2021-04-25T00:20:00+00:00
[2021-04-27 21:11:49,379] {bash.py:135} INFO - Tmp dir root location: 
 /tmp
[2021-04-27 21:11:49,380] {bash.py:158} INFO - Running command: date
[2021-04-27 21:11:49,411] {bash.py:169} INFO - Output:
[2021-04-27 21:11:49,415] {bash.py:173} INFO - Tue Apr 27 21:11:49 UTC 2021
[2021-04-27 21:11:49,417] {bash.py:177} INFO - Command exited with return code 0
[2021-04-27 21:11:49,485] {taskinstance.py:1166} INFO - Marking task as SUCCESS. dag_id=docker_spark_sample, task_id=print_date, execution_date=20210425T002000, start_date=20210427T211149, end_date=20210427T211149
[2021-04-27 21:11:49,605] {taskinstance.py:1220} INFO - 0 downstream tasks scheduled from follow-on schedule check
[2021-04-27 21:11:49,636] {local_task_job.py:146} INFO - Task exited with return code 0
