[2021-04-23 11:26:28,272] {taskinstance.py:851} INFO - Dependencies all met for <TaskInstance: docker_sample.print_date 2021-04-21T01:40:00+00:00 [queued]>
[2021-04-23 11:26:28,300] {taskinstance.py:851} INFO - Dependencies all met for <TaskInstance: docker_sample.print_date 2021-04-21T01:40:00+00:00 [queued]>
[2021-04-23 11:26:28,301] {taskinstance.py:1042} INFO - 
--------------------------------------------------------------------------------
[2021-04-23 11:26:28,301] {taskinstance.py:1043} INFO - Starting attempt 1 of 2
[2021-04-23 11:26:28,301] {taskinstance.py:1044} INFO - 
--------------------------------------------------------------------------------
[2021-04-23 11:26:28,313] {taskinstance.py:1063} INFO - Executing <Task(BashOperator): print_date> on 2021-04-21T01:40:00+00:00
[2021-04-23 11:26:28,321] {standard_task_runner.py:76} INFO - Running: ['airflow', 'tasks', 'run', 'docker_sample', 'print_date', '2021-04-21T01:40:00+00:00', '--job-id', '778', '--pool', 'default_pool', '--raw', '--subdir', 'DAGS_FOLDER/dockerOperator.py', '--cfg-path', '/tmp/tmpt1fy5hoy', '--error-file', '/tmp/tmps4dt5tcy']
[2021-04-23 11:26:28,318] {standard_task_runner.py:52} INFO - Started process 165 to run task
[2021-04-23 11:26:28,322] {standard_task_runner.py:77} INFO - Job 778: Subtask print_date
[2021-04-23 11:26:28,367] {logging_mixin.py:104} INFO - Running <TaskInstance: docker_sample.print_date 2021-04-21T01:40:00+00:00 [running]> on host 5af2b1cab26e
[2021-04-23 11:26:28,443] {taskinstance.py:1257} INFO - Exporting the following env vars:
AIRFLOW_CTX_DAG_EMAIL=airflow@example.com
AIRFLOW_CTX_DAG_OWNER=airflow
AIRFLOW_CTX_DAG_ID=docker_sample
AIRFLOW_CTX_TASK_ID=print_date
AIRFLOW_CTX_EXECUTION_DATE=2021-04-21T01:40:00+00:00
AIRFLOW_CTX_DAG_RUN_ID=scheduled__2021-04-21T01:40:00+00:00
[2021-04-23 11:26:28,444] {bash.py:135} INFO - Tmp dir root location: 
 /tmp
[2021-04-23 11:26:28,446] {bash.py:158} INFO - Running command: date
[2021-04-23 11:26:28,462] {bash.py:169} INFO - Output:
[2021-04-23 11:26:28,465] {bash.py:173} INFO - Fri Apr 23 11:26:28 UTC 2021
[2021-04-23 11:26:28,466] {bash.py:177} INFO - Command exited with return code 0
[2021-04-23 11:26:28,503] {taskinstance.py:1166} INFO - Marking task as SUCCESS. dag_id=docker_sample, task_id=print_date, execution_date=20210421T014000, start_date=20210423T112628, end_date=20210423T112628
[2021-04-23 11:26:28,543] {taskinstance.py:1220} INFO - 2 downstream tasks scheduled from follow-on schedule check
[2021-04-23 11:26:28,583] {local_task_job.py:146} INFO - Task exited with return code 0
