[2021-04-23 12:07:13,166] {taskinstance.py:851} INFO - Dependencies all met for <TaskInstance: example_kubernetes_operator.write-xcom 2021-04-23T12:07:12.061591+00:00 [queued]>
[2021-04-23 12:07:13,191] {taskinstance.py:851} INFO - Dependencies all met for <TaskInstance: example_kubernetes_operator.write-xcom 2021-04-23T12:07:12.061591+00:00 [queued]>
[2021-04-23 12:07:13,192] {taskinstance.py:1042} INFO - 
--------------------------------------------------------------------------------
[2021-04-23 12:07:13,193] {taskinstance.py:1043} INFO - Starting attempt 1 of 1
[2021-04-23 12:07:13,193] {taskinstance.py:1044} INFO - 
--------------------------------------------------------------------------------
[2021-04-23 12:07:13,204] {taskinstance.py:1063} INFO - Executing <Task(KubernetesPodOperator): write-xcom> on 2021-04-23T12:07:12.061591+00:00
[2021-04-23 12:07:13,208] {standard_task_runner.py:52} INFO - Started process 240 to run task
[2021-04-23 12:07:13,213] {standard_task_runner.py:76} INFO - Running: ['airflow', 'tasks', 'run', 'example_kubernetes_operator', 'write-xcom', '2021-04-23T12:07:12.061591+00:00', '--job-id', '806', '--pool', 'default_pool', '--raw', '--subdir', 'DAGS_FOLDER/kubernetesOperator.py', '--cfg-path', '/tmp/tmp5dpdc7u2', '--error-file', '/tmp/tmpc9wi_z5u']
[2021-04-23 12:07:13,214] {standard_task_runner.py:77} INFO - Job 806: Subtask write-xcom
[2021-04-23 12:07:13,266] {logging_mixin.py:104} INFO - Running <TaskInstance: example_kubernetes_operator.write-xcom 2021-04-23T12:07:12.061591+00:00 [running]> on host 5af2b1cab26e
[2021-04-23 12:07:13,319] {taskinstance.py:1257} INFO - Exporting the following env vars:
AIRFLOW_CTX_DAG_OWNER=airflow
AIRFLOW_CTX_DAG_ID=example_kubernetes_operator
AIRFLOW_CTX_TASK_ID=write-xcom
AIRFLOW_CTX_EXECUTION_DATE=2021-04-23T12:07:12.061591+00:00
AIRFLOW_CTX_DAG_RUN_ID=manual__2021-04-23T12:07:12.061591+00:00
[2021-04-23 12:07:13,322] {taskinstance.py:1455} ERROR - [Errno 2] No such file or directory: '/home/airflow/.kube/config'
Traceback (most recent call last):
  File "/home/airflow/.local/lib/python3.6/site-packages/airflow/models/taskinstance.py", line 1112, in _run_raw_task
    self._prepare_and_execute_task_with_callbacks(context, task)
  File "/home/airflow/.local/lib/python3.6/site-packages/airflow/models/taskinstance.py", line 1285, in _prepare_and_execute_task_with_callbacks
    result = self._execute_task(context, task_copy)
  File "/home/airflow/.local/lib/python3.6/site-packages/airflow/models/taskinstance.py", line 1315, in _execute_task
    result = task_copy.execute(context=context)
  File "/home/airflow/.local/lib/python3.6/site-packages/airflow/providers/cncf/kubernetes/operators/kubernetes_pod.py", line 304, in execute
    config_file=self.config_file,
  File "/home/airflow/.local/lib/python3.6/site-packages/airflow/kubernetes/kube_client.py", line 126, in get_kube_client
    client_conf = _get_kube_config(in_cluster, cluster_context, config_file)
  File "/home/airflow/.local/lib/python3.6/site-packages/airflow/kubernetes/kube_client.py", line 46, in _get_kube_config
    load_kube_config(client_configuration=cfg, config_file=config_file, context=cluster_context)
  File "/home/airflow/.local/lib/python3.6/site-packages/airflow/kubernetes/refresh_config.py", line 121, in load_kube_config
    loader = _get_kube_config_loader_for_yaml_file(config_file, active_context=context, config_persister=None)
  File "/home/airflow/.local/lib/python3.6/site-packages/airflow/kubernetes/refresh_config.py", line 103, in _get_kube_config_loader_for_yaml_file
    with open(filename) as f:
FileNotFoundError: [Errno 2] No such file or directory: '/home/airflow/.kube/config'
[2021-04-23 12:07:13,326] {taskinstance.py:1503} INFO - Marking task as FAILED. dag_id=example_kubernetes_operator, task_id=write-xcom, execution_date=20210423T120712, start_date=20210423T120713, end_date=20210423T120713
[2021-04-23 12:07:13,389] {local_task_job.py:146} INFO - Task exited with return code 1
