[2021-04-27 17:58:07,159] {taskinstance.py:851} INFO - Dependencies all met for <TaskInstance: docker_sample.print_hello 2021-04-25T00:40:00+00:00 [queued]>
[2021-04-27 17:58:07,202] {taskinstance.py:851} INFO - Dependencies all met for <TaskInstance: docker_sample.print_hello 2021-04-25T00:40:00+00:00 [queued]>
[2021-04-27 17:58:07,203] {taskinstance.py:1042} INFO - 
--------------------------------------------------------------------------------
[2021-04-27 17:58:07,205] {taskinstance.py:1043} INFO - Starting attempt 1 of 2
[2021-04-27 17:58:07,206] {taskinstance.py:1044} INFO - 
--------------------------------------------------------------------------------
[2021-04-27 17:58:07,233] {taskinstance.py:1063} INFO - Executing <Task(BashOperator): print_hello> on 2021-04-25T00:40:00+00:00
[2021-04-27 17:58:07,250] {standard_task_runner.py:52} INFO - Started process 163 to run task
[2021-04-27 17:58:07,271] {standard_task_runner.py:76} INFO - Running: ['airflow', 'tasks', 'run', 'docker_sample', 'print_hello', '2021-04-25T00:40:00+00:00', '--job-id', '49', '--pool', 'default_pool', '--raw', '--subdir', 'DAGS_FOLDER/dockerOperator.py', '--cfg-path', '/tmp/tmpg16q2tj3', '--error-file', '/tmp/tmpyljypgu9']
[2021-04-27 17:58:07,275] {standard_task_runner.py:77} INFO - Job 49: Subtask print_hello
[2021-04-27 17:58:07,389] {logging_mixin.py:104} INFO - Running <TaskInstance: docker_sample.print_hello 2021-04-25T00:40:00+00:00 [running]> on host 44e91a58ae1b
[2021-04-27 17:58:07,490] {taskinstance.py:1257} INFO - Exporting the following env vars:
AIRFLOW_CTX_DAG_EMAIL=airflow@example.com
AIRFLOW_CTX_DAG_OWNER=airflow
AIRFLOW_CTX_DAG_ID=docker_sample
AIRFLOW_CTX_TASK_ID=print_hello
AIRFLOW_CTX_EXECUTION_DATE=2021-04-25T00:40:00+00:00
AIRFLOW_CTX_DAG_RUN_ID=scheduled__2021-04-25T00:40:00+00:00
[2021-04-27 17:58:07,495] {bash.py:135} INFO - Tmp dir root location: 
 /tmp
[2021-04-27 17:58:07,498] {bash.py:158} INFO - Running command: echo "hello world!!!"
[2021-04-27 17:58:07,516] {bash.py:169} INFO - Output:
[2021-04-27 17:58:07,518] {bash.py:173} INFO - hello world!!!
[2021-04-27 17:58:07,520] {bash.py:177} INFO - Command exited with return code 0
[2021-04-27 17:58:07,584] {taskinstance.py:1166} INFO - Marking task as SUCCESS. dag_id=docker_sample, task_id=print_hello, execution_date=20210425T004000, start_date=20210427T175807, end_date=20210427T175807
[2021-04-27 17:58:07,617] {taskinstance.py:1220} INFO - 0 downstream tasks scheduled from follow-on schedule check
[2021-04-27 17:58:07,657] {local_task_job.py:146} INFO - Task exited with return code 0
