[2021-04-21 20:06:19,926] {taskinstance.py:851} INFO - Dependencies all met for <TaskInstance: docker_sample.sleep 2021-04-19T00:40:00+00:00 [queued]>
[2021-04-21 20:06:20,015] {taskinstance.py:851} INFO - Dependencies all met for <TaskInstance: docker_sample.sleep 2021-04-19T00:40:00+00:00 [queued]>
[2021-04-21 20:06:20,018] {taskinstance.py:1042} INFO - 
--------------------------------------------------------------------------------
[2021-04-21 20:06:20,018] {taskinstance.py:1043} INFO - Starting attempt 1 of 4
[2021-04-21 20:06:20,019] {taskinstance.py:1044} INFO - 
--------------------------------------------------------------------------------
[2021-04-21 20:06:20,064] {taskinstance.py:1063} INFO - Executing <Task(BashOperator): sleep> on 2021-04-19T00:40:00+00:00
[2021-04-21 20:06:20,068] {standard_task_runner.py:52} INFO - Started process 94 to run task
[2021-04-21 20:06:20,089] {standard_task_runner.py:76} INFO - Running: ['airflow', 'tasks', 'run', 'docker_sample', 'sleep', '2021-04-19T00:40:00+00:00', '--job-id', '20', '--pool', 'default_pool', '--raw', '--subdir', 'DAGS_FOLDER/dockerOperator.py', '--cfg-path', '/tmp/tmpjof11h_p', '--error-file', '/tmp/tmpdv4wgxtv']
[2021-04-21 20:06:20,090] {standard_task_runner.py:77} INFO - Job 20: Subtask sleep
[2021-04-21 20:06:20,272] {logging_mixin.py:104} INFO - Running <TaskInstance: docker_sample.sleep 2021-04-19T00:40:00+00:00 [running]> on host 5af2b1cab26e
[2021-04-21 20:06:20,381] {taskinstance.py:1257} INFO - Exporting the following env vars:
AIRFLOW_CTX_DAG_EMAIL=airflow@example.com
AIRFLOW_CTX_DAG_OWNER=airflow
AIRFLOW_CTX_DAG_ID=docker_sample
AIRFLOW_CTX_TASK_ID=sleep
AIRFLOW_CTX_EXECUTION_DATE=2021-04-19T00:40:00+00:00
AIRFLOW_CTX_DAG_RUN_ID=scheduled__2021-04-19T00:40:00+00:00
[2021-04-21 20:06:20,385] {bash.py:135} INFO - Tmp dir root location: 
 /tmp
[2021-04-21 20:06:20,387] {bash.py:158} INFO - Running command: sleep 5
[2021-04-21 20:06:20,443] {bash.py:169} INFO - Output:
[2021-04-21 20:06:25,411] {bash.py:177} INFO - Command exited with return code 0
[2021-04-21 20:06:25,443] {taskinstance.py:1166} INFO - Marking task as SUCCESS. dag_id=docker_sample, task_id=sleep, execution_date=20210419T004000, start_date=20210421T200619, end_date=20210421T200625
[2021-04-21 20:06:25,478] {taskinstance.py:1220} INFO - 0 downstream tasks scheduled from follow-on schedule check
[2021-04-21 20:06:25,512] {local_task_job.py:146} INFO - Task exited with return code 0
[2021-04-21 20:12:25,877] {taskinstance.py:851} INFO - Dependencies all met for <TaskInstance: docker_sample.sleep 2021-04-19T00:40:00+00:00 [queued]>
[2021-04-21 20:12:25,911] {taskinstance.py:851} INFO - Dependencies all met for <TaskInstance: docker_sample.sleep 2021-04-19T00:40:00+00:00 [queued]>
[2021-04-21 20:12:25,912] {taskinstance.py:1042} INFO - 
--------------------------------------------------------------------------------
[2021-04-21 20:12:25,912] {taskinstance.py:1043} INFO - Starting attempt 1 of 4
[2021-04-21 20:12:25,913] {taskinstance.py:1044} INFO - 
--------------------------------------------------------------------------------
[2021-04-21 20:12:25,924] {taskinstance.py:1063} INFO - Executing <Task(BashOperator): sleep> on 2021-04-19T00:40:00+00:00
[2021-04-21 20:12:25,930] {standard_task_runner.py:52} INFO - Started process 88 to run task
[2021-04-21 20:12:25,939] {standard_task_runner.py:76} INFO - Running: ['airflow', 'tasks', 'run', 'docker_sample', 'sleep', '2021-04-19T00:40:00+00:00', '--job-id', '68', '--pool', 'default_pool', '--raw', '--subdir', 'DAGS_FOLDER/dockerOperator.py', '--cfg-path', '/tmp/tmpzy2fe8_a', '--error-file', '/tmp/tmpwioet7x3']
[2021-04-21 20:12:25,940] {standard_task_runner.py:77} INFO - Job 68: Subtask sleep
[2021-04-21 20:12:26,011] {logging_mixin.py:104} INFO - Running <TaskInstance: docker_sample.sleep 2021-04-19T00:40:00+00:00 [running]> on host 5af2b1cab26e
[2021-04-21 20:12:26,075] {taskinstance.py:1257} INFO - Exporting the following env vars:
AIRFLOW_CTX_DAG_EMAIL=airflow@example.com
AIRFLOW_CTX_DAG_OWNER=airflow
AIRFLOW_CTX_DAG_ID=docker_sample
AIRFLOW_CTX_TASK_ID=sleep
AIRFLOW_CTX_EXECUTION_DATE=2021-04-19T00:40:00+00:00
AIRFLOW_CTX_DAG_RUN_ID=scheduled__2021-04-19T00:40:00+00:00
[2021-04-21 20:12:26,076] {bash.py:135} INFO - Tmp dir root location: 
 /tmp
[2021-04-21 20:12:26,078] {bash.py:158} INFO - Running command: sleep 5
[2021-04-21 20:12:26,094] {bash.py:169} INFO - Output:
[2021-04-21 20:12:31,097] {bash.py:177} INFO - Command exited with return code 0
[2021-04-21 20:12:31,138] {taskinstance.py:1166} INFO - Marking task as SUCCESS. dag_id=docker_sample, task_id=sleep, execution_date=20210419T004000, start_date=20210421T201225, end_date=20210421T201231
[2021-04-21 20:12:31,203] {taskinstance.py:1220} INFO - 0 downstream tasks scheduled from follow-on schedule check
[2021-04-21 20:12:31,220] {local_task_job.py:146} INFO - Task exited with return code 0
