[2021-04-27 21:26:59,007] {taskinstance.py:851} INFO - Dependencies all met for <TaskInstance: docker_spark_sample.print_date 2021-04-27T21:26:58.201903+00:00 [queued]>
[2021-04-27 21:26:59,017] {taskinstance.py:851} INFO - Dependencies all met for <TaskInstance: docker_spark_sample.print_date 2021-04-27T21:26:58.201903+00:00 [queued]>
[2021-04-27 21:26:59,017] {taskinstance.py:1042} INFO - 
--------------------------------------------------------------------------------
[2021-04-27 21:26:59,018] {taskinstance.py:1043} INFO - Starting attempt 1 of 2
[2021-04-27 21:26:59,018] {taskinstance.py:1044} INFO - 
--------------------------------------------------------------------------------
[2021-04-27 21:26:59,031] {taskinstance.py:1063} INFO - Executing <Task(BashOperator): print_date> on 2021-04-27T21:26:58.201903+00:00
[2021-04-27 21:26:59,035] {standard_task_runner.py:52} INFO - Started process 54 to run task
[2021-04-27 21:26:59,040] {standard_task_runner.py:76} INFO - Running: ['airflow', 'tasks', 'run', 'docker_spark_sample', 'print_date', '2021-04-27T21:26:58.201903+00:00', '--job-id', '6', '--pool', 'default_pool', '--raw', '--subdir', 'DAGS_FOLDER/dockerSparkOperator.py', '--cfg-path', '/tmp/tmp0aly0ssk', '--error-file', '/tmp/tmpsfybsujv']
[2021-04-27 21:26:59,042] {standard_task_runner.py:77} INFO - Job 6: Subtask print_date
[2021-04-27 21:26:59,093] {logging_mixin.py:104} INFO - Running <TaskInstance: docker_spark_sample.print_date 2021-04-27T21:26:58.201903+00:00 [running]> on host 7fbe4509e402
[2021-04-27 21:26:59,133] {taskinstance.py:1257} INFO - Exporting the following env vars:
AIRFLOW_CTX_DAG_EMAIL=airflow@example.com
AIRFLOW_CTX_DAG_OWNER=airflow
AIRFLOW_CTX_DAG_ID=docker_spark_sample
AIRFLOW_CTX_TASK_ID=print_date
AIRFLOW_CTX_EXECUTION_DATE=2021-04-27T21:26:58.201903+00:00
AIRFLOW_CTX_DAG_RUN_ID=manual__2021-04-27T21:26:58.201903+00:00
[2021-04-27 21:26:59,135] {bash.py:135} INFO - Tmp dir root location: 
 /tmp
[2021-04-27 21:26:59,136] {bash.py:158} INFO - Running command: date
[2021-04-27 21:26:59,146] {bash.py:169} INFO - Output:
[2021-04-27 21:26:59,148] {bash.py:173} INFO - Tue Apr 27 21:26:59 UTC 2021
[2021-04-27 21:26:59,149] {bash.py:177} INFO - Command exited with return code 0
[2021-04-27 21:26:59,179] {taskinstance.py:1166} INFO - Marking task as SUCCESS. dag_id=docker_spark_sample, task_id=print_date, execution_date=20210427T212658, start_date=20210427T212659, end_date=20210427T212659
[2021-04-27 21:26:59,213] {taskinstance.py:1220} INFO - 2 downstream tasks scheduled from follow-on schedule check
[2021-04-27 21:26:59,257] {local_task_job.py:146} INFO - Task exited with return code 0
