[2021-04-21 20:17:06,885] {taskinstance.py:851} INFO - Dependencies all met for <TaskInstance: docker_sample.sleep 2021-04-19T12:00:00+00:00 [queued]>
[2021-04-21 20:17:06,908] {taskinstance.py:851} INFO - Dependencies all met for <TaskInstance: docker_sample.sleep 2021-04-19T12:00:00+00:00 [queued]>
[2021-04-21 20:17:06,909] {taskinstance.py:1042} INFO - 
--------------------------------------------------------------------------------
[2021-04-21 20:17:06,910] {taskinstance.py:1043} INFO - Starting attempt 1 of 4
[2021-04-21 20:17:06,911] {taskinstance.py:1044} INFO - 
--------------------------------------------------------------------------------
[2021-04-21 20:17:06,926] {taskinstance.py:1063} INFO - Executing <Task(BashOperator): sleep> on 2021-04-19T12:00:00+00:00
[2021-04-21 20:17:06,932] {standard_task_runner.py:52} INFO - Started process 860 to run task
[2021-04-21 20:17:06,941] {standard_task_runner.py:76} INFO - Running: ['airflow', 'tasks', 'run', 'docker_sample', 'sleep', '2021-04-19T12:00:00+00:00', '--job-id', '351', '--pool', 'default_pool', '--raw', '--subdir', 'DAGS_FOLDER/dockerOperator.py', '--cfg-path', '/tmp/tmp1f0h3fmv', '--error-file', '/tmp/tmp_21t8vaj']
[2021-04-21 20:17:06,943] {standard_task_runner.py:77} INFO - Job 351: Subtask sleep
[2021-04-21 20:17:07,007] {logging_mixin.py:104} INFO - Running <TaskInstance: docker_sample.sleep 2021-04-19T12:00:00+00:00 [running]> on host 5af2b1cab26e
[2021-04-21 20:17:07,074] {taskinstance.py:1257} INFO - Exporting the following env vars:
AIRFLOW_CTX_DAG_EMAIL=airflow@example.com
AIRFLOW_CTX_DAG_OWNER=airflow
AIRFLOW_CTX_DAG_ID=docker_sample
AIRFLOW_CTX_TASK_ID=sleep
AIRFLOW_CTX_EXECUTION_DATE=2021-04-19T12:00:00+00:00
AIRFLOW_CTX_DAG_RUN_ID=scheduled__2021-04-19T12:00:00+00:00
[2021-04-21 20:17:07,076] {bash.py:135} INFO - Tmp dir root location: 
 /tmp
[2021-04-21 20:17:07,077] {bash.py:158} INFO - Running command: sleep 5
[2021-04-21 20:17:07,095] {bash.py:169} INFO - Output:
[2021-04-21 20:17:12,100] {bash.py:177} INFO - Command exited with return code 0
[2021-04-21 20:17:12,212] {taskinstance.py:1166} INFO - Marking task as SUCCESS. dag_id=docker_sample, task_id=sleep, execution_date=20210419T120000, start_date=20210421T201706, end_date=20210421T201712
[2021-04-21 20:17:12,277] {taskinstance.py:1220} INFO - 0 downstream tasks scheduled from follow-on schedule check
[2021-04-21 20:17:12,326] {local_task_job.py:146} INFO - Task exited with return code 0
