[2021-04-21 20:18:07,442] {taskinstance.py:851} INFO - Dependencies all met for <TaskInstance: docker_sample.print_hello 2021-04-19T14:20:00+00:00 [queued]>
[2021-04-21 20:18:07,466] {taskinstance.py:851} INFO - Dependencies all met for <TaskInstance: docker_sample.print_hello 2021-04-19T14:20:00+00:00 [queued]>
[2021-04-21 20:18:07,467] {taskinstance.py:1042} INFO - 
--------------------------------------------------------------------------------
[2021-04-21 20:18:07,467] {taskinstance.py:1043} INFO - Starting attempt 1 of 2
[2021-04-21 20:18:07,468] {taskinstance.py:1044} INFO - 
--------------------------------------------------------------------------------
[2021-04-21 20:18:07,478] {taskinstance.py:1063} INFO - Executing <Task(BashOperator): print_hello> on 2021-04-19T14:20:00+00:00
[2021-04-21 20:18:07,483] {standard_task_runner.py:52} INFO - Started process 1052 to run task
[2021-04-21 20:18:07,491] {standard_task_runner.py:76} INFO - Running: ['airflow', 'tasks', 'run', 'docker_sample', 'print_hello', '2021-04-19T14:20:00+00:00', '--job-id', '420', '--pool', 'default_pool', '--raw', '--subdir', 'DAGS_FOLDER/dockerOperator.py', '--cfg-path', '/tmp/tmp3scurpgq', '--error-file', '/tmp/tmp3vj0v3w6']
[2021-04-21 20:18:07,492] {standard_task_runner.py:77} INFO - Job 420: Subtask print_hello
[2021-04-21 20:18:07,545] {logging_mixin.py:104} INFO - Running <TaskInstance: docker_sample.print_hello 2021-04-19T14:20:00+00:00 [running]> on host 5af2b1cab26e
[2021-04-21 20:18:07,595] {taskinstance.py:1257} INFO - Exporting the following env vars:
AIRFLOW_CTX_DAG_EMAIL=airflow@example.com
AIRFLOW_CTX_DAG_OWNER=airflow
AIRFLOW_CTX_DAG_ID=docker_sample
AIRFLOW_CTX_TASK_ID=print_hello
AIRFLOW_CTX_EXECUTION_DATE=2021-04-19T14:20:00+00:00
AIRFLOW_CTX_DAG_RUN_ID=scheduled__2021-04-19T14:20:00+00:00
[2021-04-21 20:18:07,596] {bash.py:135} INFO - Tmp dir root location: 
 /tmp
[2021-04-21 20:18:07,598] {bash.py:158} INFO - Running command: echo "hello world!!!"
[2021-04-21 20:18:07,609] {bash.py:169} INFO - Output:
[2021-04-21 20:18:07,610] {bash.py:173} INFO - hello world!!!
[2021-04-21 20:18:07,611] {bash.py:177} INFO - Command exited with return code 0
[2021-04-21 20:18:07,637] {taskinstance.py:1166} INFO - Marking task as SUCCESS. dag_id=docker_sample, task_id=print_hello, execution_date=20210419T142000, start_date=20210421T201807, end_date=20210421T201807
[2021-04-21 20:18:07,659] {taskinstance.py:1220} INFO - 0 downstream tasks scheduled from follow-on schedule check
[2021-04-21 20:18:07,706] {local_task_job.py:146} INFO - Task exited with return code 0
