[2021-04-21 20:06:24,382] {taskinstance.py:851} INFO - Dependencies all met for <TaskInstance: docker_sample.sleep 2021-04-19T01:50:00+00:00 [queued]>
[2021-04-21 20:06:24,400] {taskinstance.py:851} INFO - Dependencies all met for <TaskInstance: docker_sample.sleep 2021-04-19T01:50:00+00:00 [queued]>
[2021-04-21 20:06:24,403] {taskinstance.py:1042} INFO - 
--------------------------------------------------------------------------------
[2021-04-21 20:06:24,404] {taskinstance.py:1043} INFO - Starting attempt 1 of 4
[2021-04-21 20:06:24,405] {taskinstance.py:1044} INFO - 
--------------------------------------------------------------------------------
[2021-04-21 20:06:24,438] {taskinstance.py:1063} INFO - Executing <Task(BashOperator): sleep> on 2021-04-19T01:50:00+00:00
[2021-04-21 20:06:24,447] {standard_task_runner.py:52} INFO - Started process 157 to run task
[2021-04-21 20:06:24,460] {standard_task_runner.py:76} INFO - Running: ['airflow', 'tasks', 'run', 'docker_sample', 'sleep', '2021-04-19T01:50:00+00:00', '--job-id', '45', '--pool', 'default_pool', '--raw', '--subdir', 'DAGS_FOLDER/dockerOperator.py', '--cfg-path', '/tmp/tmp9sb7dnrz', '--error-file', '/tmp/tmp8ew4kev9']
[2021-04-21 20:06:24,465] {standard_task_runner.py:77} INFO - Job 45: Subtask sleep
[2021-04-21 20:06:24,532] {logging_mixin.py:104} INFO - Running <TaskInstance: docker_sample.sleep 2021-04-19T01:50:00+00:00 [running]> on host 5af2b1cab26e
[2021-04-21 20:06:24,609] {taskinstance.py:1257} INFO - Exporting the following env vars:
AIRFLOW_CTX_DAG_EMAIL=airflow@example.com
AIRFLOW_CTX_DAG_OWNER=airflow
AIRFLOW_CTX_DAG_ID=docker_sample
AIRFLOW_CTX_TASK_ID=sleep
AIRFLOW_CTX_EXECUTION_DATE=2021-04-19T01:50:00+00:00
AIRFLOW_CTX_DAG_RUN_ID=scheduled__2021-04-19T01:50:00+00:00
[2021-04-21 20:06:24,611] {bash.py:135} INFO - Tmp dir root location: 
 /tmp
[2021-04-21 20:06:24,613] {bash.py:158} INFO - Running command: sleep 5
[2021-04-21 20:06:24,629] {bash.py:169} INFO - Output:
[2021-04-21 20:06:29,633] {bash.py:177} INFO - Command exited with return code 0
[2021-04-21 20:06:29,665] {taskinstance.py:1166} INFO - Marking task as SUCCESS. dag_id=docker_sample, task_id=sleep, execution_date=20210419T015000, start_date=20210421T200624, end_date=20210421T200629
[2021-04-21 20:06:29,696] {taskinstance.py:1220} INFO - 0 downstream tasks scheduled from follow-on schedule check
[2021-04-21 20:06:29,737] {local_task_job.py:146} INFO - Task exited with return code 0
[2021-04-21 20:13:14,432] {taskinstance.py:851} INFO - Dependencies all met for <TaskInstance: docker_sample.sleep 2021-04-19T01:50:00+00:00 [queued]>
[2021-04-21 20:13:14,476] {taskinstance.py:851} INFO - Dependencies all met for <TaskInstance: docker_sample.sleep 2021-04-19T01:50:00+00:00 [queued]>
[2021-04-21 20:13:14,477] {taskinstance.py:1042} INFO - 
--------------------------------------------------------------------------------
[2021-04-21 20:13:14,480] {taskinstance.py:1043} INFO - Starting attempt 1 of 4
[2021-04-21 20:13:14,480] {taskinstance.py:1044} INFO - 
--------------------------------------------------------------------------------
[2021-04-21 20:13:14,511] {taskinstance.py:1063} INFO - Executing <Task(BashOperator): sleep> on 2021-04-19T01:50:00+00:00
[2021-04-21 20:13:14,518] {standard_task_runner.py:52} INFO - Started process 172 to run task
[2021-04-21 20:13:14,531] {standard_task_runner.py:76} INFO - Running: ['airflow', 'tasks', 'run', 'docker_sample', 'sleep', '2021-04-19T01:50:00+00:00', '--job-id', '99', '--pool', 'default_pool', '--raw', '--subdir', 'DAGS_FOLDER/dockerOperator.py', '--cfg-path', '/tmp/tmpipjp4ing', '--error-file', '/tmp/tmpoblp6ux1']
[2021-04-21 20:13:14,534] {standard_task_runner.py:77} INFO - Job 99: Subtask sleep
[2021-04-21 20:13:14,703] {logging_mixin.py:104} INFO - Running <TaskInstance: docker_sample.sleep 2021-04-19T01:50:00+00:00 [running]> on host 5af2b1cab26e
[2021-04-21 20:13:14,807] {taskinstance.py:1257} INFO - Exporting the following env vars:
AIRFLOW_CTX_DAG_EMAIL=airflow@example.com
AIRFLOW_CTX_DAG_OWNER=airflow
AIRFLOW_CTX_DAG_ID=docker_sample
AIRFLOW_CTX_TASK_ID=sleep
AIRFLOW_CTX_EXECUTION_DATE=2021-04-19T01:50:00+00:00
AIRFLOW_CTX_DAG_RUN_ID=scheduled__2021-04-19T01:50:00+00:00
[2021-04-21 20:13:14,809] {bash.py:135} INFO - Tmp dir root location: 
 /tmp
[2021-04-21 20:13:14,811] {bash.py:158} INFO - Running command: sleep 5
[2021-04-21 20:13:14,842] {bash.py:169} INFO - Output:
[2021-04-21 20:13:19,845] {bash.py:177} INFO - Command exited with return code 0
[2021-04-21 20:13:19,878] {taskinstance.py:1166} INFO - Marking task as SUCCESS. dag_id=docker_sample, task_id=sleep, execution_date=20210419T015000, start_date=20210421T201314, end_date=20210421T201319
[2021-04-21 20:13:19,910] {taskinstance.py:1220} INFO - 0 downstream tasks scheduled from follow-on schedule check
[2021-04-21 20:13:19,949] {local_task_job.py:146} INFO - Task exited with return code 0
