[2021-04-21 20:15:34,213] {taskinstance.py:851} INFO - Dependencies all met for <TaskInstance: docker_sample.sleep 2021-04-19T08:40:00+00:00 [queued]>
[2021-04-21 20:15:34,243] {taskinstance.py:851} INFO - Dependencies all met for <TaskInstance: docker_sample.sleep 2021-04-19T08:40:00+00:00 [queued]>
[2021-04-21 20:15:34,247] {taskinstance.py:1042} INFO - 
--------------------------------------------------------------------------------
[2021-04-21 20:15:34,249] {taskinstance.py:1043} INFO - Starting attempt 1 of 4
[2021-04-21 20:15:34,251] {taskinstance.py:1044} INFO - 
--------------------------------------------------------------------------------
[2021-04-21 20:15:34,267] {taskinstance.py:1063} INFO - Executing <Task(BashOperator): sleep> on 2021-04-19T08:40:00+00:00
[2021-04-21 20:15:34,275] {standard_task_runner.py:52} INFO - Started process 607 to run task
[2021-04-21 20:15:34,287] {standard_task_runner.py:76} INFO - Running: ['airflow', 'tasks', 'run', 'docker_sample', 'sleep', '2021-04-19T08:40:00+00:00', '--job-id', '256', '--pool', 'default_pool', '--raw', '--subdir', 'DAGS_FOLDER/dockerOperator.py', '--cfg-path', '/tmp/tmp2b6bhg2a', '--error-file', '/tmp/tmp9ha32bad']
[2021-04-21 20:15:34,290] {standard_task_runner.py:77} INFO - Job 256: Subtask sleep
[2021-04-21 20:15:34,447] {logging_mixin.py:104} INFO - Running <TaskInstance: docker_sample.sleep 2021-04-19T08:40:00+00:00 [running]> on host 5af2b1cab26e
[2021-04-21 20:15:34,551] {taskinstance.py:1257} INFO - Exporting the following env vars:
AIRFLOW_CTX_DAG_EMAIL=airflow@example.com
AIRFLOW_CTX_DAG_OWNER=airflow
AIRFLOW_CTX_DAG_ID=docker_sample
AIRFLOW_CTX_TASK_ID=sleep
AIRFLOW_CTX_EXECUTION_DATE=2021-04-19T08:40:00+00:00
AIRFLOW_CTX_DAG_RUN_ID=scheduled__2021-04-19T08:40:00+00:00
[2021-04-21 20:15:34,553] {bash.py:135} INFO - Tmp dir root location: 
 /tmp
[2021-04-21 20:15:34,557] {bash.py:158} INFO - Running command: sleep 5
[2021-04-21 20:15:34,586] {bash.py:169} INFO - Output:
[2021-04-21 20:15:39,590] {bash.py:177} INFO - Command exited with return code 0
[2021-04-21 20:15:39,644] {taskinstance.py:1166} INFO - Marking task as SUCCESS. dag_id=docker_sample, task_id=sleep, execution_date=20210419T084000, start_date=20210421T201534, end_date=20210421T201539
[2021-04-21 20:15:39,709] {taskinstance.py:1220} INFO - 0 downstream tasks scheduled from follow-on schedule check
[2021-04-21 20:15:39,747] {local_task_job.py:146} INFO - Task exited with return code 0
