[2021-04-23 11:20:22,310] {taskinstance.py:851} INFO - Dependencies all met for <TaskInstance: docker_sample.sleep 2021-04-20T04:10:00+00:00 [queued]>
[2021-04-23 11:20:22,338] {taskinstance.py:851} INFO - Dependencies all met for <TaskInstance: docker_sample.sleep 2021-04-20T04:10:00+00:00 [queued]>
[2021-04-23 11:20:22,339] {taskinstance.py:1042} INFO - 
--------------------------------------------------------------------------------
[2021-04-23 11:20:22,339] {taskinstance.py:1043} INFO - Starting attempt 1 of 4
[2021-04-23 11:20:22,340] {taskinstance.py:1044} INFO - 
--------------------------------------------------------------------------------
[2021-04-23 11:20:22,360] {taskinstance.py:1063} INFO - Executing <Task(BashOperator): sleep> on 2021-04-20T04:10:00+00:00
[2021-04-23 11:20:22,372] {standard_task_runner.py:52} INFO - Started process 51 to run task
[2021-04-23 11:20:22,391] {standard_task_runner.py:76} INFO - Running: ['airflow', 'tasks', 'run', 'docker_sample', 'sleep', '2021-04-20T04:10:00+00:00', '--job-id', '731', '--pool', 'default_pool', '--raw', '--subdir', 'DAGS_FOLDER/dockerOperator.py', '--cfg-path', '/tmp/tmplev8vsd8', '--error-file', '/tmp/tmpmail3m88']
[2021-04-23 11:20:22,393] {standard_task_runner.py:77} INFO - Job 731: Subtask sleep
[2021-04-23 11:20:22,486] {logging_mixin.py:104} INFO - Running <TaskInstance: docker_sample.sleep 2021-04-20T04:10:00+00:00 [running]> on host 5af2b1cab26e
[2021-04-23 11:20:22,612] {taskinstance.py:1257} INFO - Exporting the following env vars:
AIRFLOW_CTX_DAG_EMAIL=airflow@example.com
AIRFLOW_CTX_DAG_OWNER=airflow
AIRFLOW_CTX_DAG_ID=docker_sample
AIRFLOW_CTX_TASK_ID=sleep
AIRFLOW_CTX_EXECUTION_DATE=2021-04-20T04:10:00+00:00
AIRFLOW_CTX_DAG_RUN_ID=scheduled__2021-04-20T04:10:00+00:00
[2021-04-23 11:20:22,613] {bash.py:135} INFO - Tmp dir root location: 
 /tmp
[2021-04-23 11:20:22,616] {bash.py:158} INFO - Running command: sleep 5
[2021-04-23 11:20:22,645] {bash.py:169} INFO - Output:
[2021-04-23 11:20:27,676] {bash.py:177} INFO - Command exited with return code 0
[2021-04-23 11:20:27,704] {taskinstance.py:1166} INFO - Marking task as SUCCESS. dag_id=docker_sample, task_id=sleep, execution_date=20210420T041000, start_date=20210423T112022, end_date=20210423T112027
[2021-04-23 11:20:27,731] {taskinstance.py:1220} INFO - 0 downstream tasks scheduled from follow-on schedule check
[2021-04-23 11:20:27,749] {local_task_job.py:146} INFO - Task exited with return code 0
