[2021-04-21 20:00:36,350] {taskinstance.py:851} INFO - Dependencies all met for <TaskInstance: example_bash_operator.run_after_loop 2021-04-19T00:00:00+00:00 [queued]>
[2021-04-21 20:00:36,368] {taskinstance.py:851} INFO - Dependencies all met for <TaskInstance: example_bash_operator.run_after_loop 2021-04-19T00:00:00+00:00 [queued]>
[2021-04-21 20:00:36,369] {taskinstance.py:1042} INFO - 
--------------------------------------------------------------------------------
[2021-04-21 20:00:36,370] {taskinstance.py:1043} INFO - Starting attempt 1 of 1
[2021-04-21 20:00:36,371] {taskinstance.py:1044} INFO - 
--------------------------------------------------------------------------------
[2021-04-21 20:00:36,378] {taskinstance.py:1063} INFO - Executing <Task(BashOperator): run_after_loop> on 2021-04-19T00:00:00+00:00
[2021-04-21 20:00:36,382] {standard_task_runner.py:52} INFO - Started process 66 to run task
[2021-04-21 20:00:36,386] {standard_task_runner.py:76} INFO - Running: ['airflow', 'tasks', 'run', 'example_bash_operator', 'run_after_loop', '2021-04-19T00:00:00+00:00', '--job-id', '10', '--pool', 'default_pool', '--raw', '--subdir', '/home/airflow/.local/lib/python3.6/site-packages/airflow/example_dags/example_bash_operator.py', '--cfg-path', '/tmp/tmpekh0vdua', '--error-file', '/tmp/tmpyoryio_q']
[2021-04-21 20:00:36,388] {standard_task_runner.py:77} INFO - Job 10: Subtask run_after_loop
[2021-04-21 20:00:36,449] {logging_mixin.py:104} INFO - Running <TaskInstance: example_bash_operator.run_after_loop 2021-04-19T00:00:00+00:00 [running]> on host 72956004d5ea
[2021-04-21 20:00:36,495] {taskinstance.py:1257} INFO - Exporting the following env vars:
AIRFLOW_CTX_DAG_OWNER=airflow
AIRFLOW_CTX_DAG_ID=example_bash_operator
AIRFLOW_CTX_TASK_ID=run_after_loop
AIRFLOW_CTX_EXECUTION_DATE=2021-04-19T00:00:00+00:00
AIRFLOW_CTX_DAG_RUN_ID=scheduled__2021-04-19T00:00:00+00:00
[2021-04-21 20:00:36,496] {bash.py:135} INFO - Tmp dir root location: 
 /tmp
[2021-04-21 20:00:36,498] {bash.py:158} INFO - Running command: echo 1
[2021-04-21 20:00:36,506] {bash.py:169} INFO - Output:
[2021-04-21 20:00:36,508] {bash.py:173} INFO - 1
[2021-04-21 20:00:36,511] {bash.py:177} INFO - Command exited with return code 0
[2021-04-21 20:00:36,541] {taskinstance.py:1166} INFO - Marking task as SUCCESS. dag_id=example_bash_operator, task_id=run_after_loop, execution_date=20210419T000000, start_date=20210421T200036, end_date=20210421T200036
[2021-04-21 20:00:36,571] {taskinstance.py:1220} INFO - 1 downstream tasks scheduled from follow-on schedule check
[2021-04-21 20:00:36,602] {local_task_job.py:146} INFO - Task exited with return code 0
