[2021-04-21 20:17:40,404] {taskinstance.py:851} INFO - Dependencies all met for <TaskInstance: docker_sample.print_date 2021-04-19T15:40:00+00:00 [queued]>
[2021-04-21 20:17:40,441] {taskinstance.py:851} INFO - Dependencies all met for <TaskInstance: docker_sample.print_date 2021-04-19T15:40:00+00:00 [queued]>
[2021-04-21 20:17:40,441] {taskinstance.py:1042} INFO - 
--------------------------------------------------------------------------------
[2021-04-21 20:17:40,442] {taskinstance.py:1043} INFO - Starting attempt 1 of 2
[2021-04-21 20:17:40,443] {taskinstance.py:1044} INFO - 
--------------------------------------------------------------------------------
[2021-04-21 20:17:40,460] {taskinstance.py:1063} INFO - Executing <Task(BashOperator): print_date> on 2021-04-19T15:40:00+00:00
[2021-04-21 20:17:40,473] {standard_task_runner.py:52} INFO - Started process 1003 to run task
[2021-04-21 20:17:40,484] {standard_task_runner.py:76} INFO - Running: ['airflow', 'tasks', 'run', 'docker_sample', 'print_date', '2021-04-19T15:40:00+00:00', '--job-id', '401', '--pool', 'default_pool', '--raw', '--subdir', 'DAGS_FOLDER/dockerOperator.py', '--cfg-path', '/tmp/tmptyad98r2', '--error-file', '/tmp/tmp9laaeynr']
[2021-04-21 20:17:40,485] {standard_task_runner.py:77} INFO - Job 401: Subtask print_date
[2021-04-21 20:17:40,568] {logging_mixin.py:104} INFO - Running <TaskInstance: docker_sample.print_date 2021-04-19T15:40:00+00:00 [running]> on host 5af2b1cab26e
[2021-04-21 20:17:40,639] {taskinstance.py:1257} INFO - Exporting the following env vars:
AIRFLOW_CTX_DAG_EMAIL=airflow@example.com
AIRFLOW_CTX_DAG_OWNER=airflow
AIRFLOW_CTX_DAG_ID=docker_sample
AIRFLOW_CTX_TASK_ID=print_date
AIRFLOW_CTX_EXECUTION_DATE=2021-04-19T15:40:00+00:00
AIRFLOW_CTX_DAG_RUN_ID=scheduled__2021-04-19T15:40:00+00:00
[2021-04-21 20:17:40,640] {bash.py:135} INFO - Tmp dir root location: 
 /tmp
[2021-04-21 20:17:40,642] {bash.py:158} INFO - Running command: date
[2021-04-21 20:17:40,674] {bash.py:169} INFO - Output:
[2021-04-21 20:17:40,676] {bash.py:173} INFO - Wed Apr 21 20:17:40 UTC 2021
[2021-04-21 20:17:40,683] {bash.py:177} INFO - Command exited with return code 0
[2021-04-21 20:17:40,734] {taskinstance.py:1166} INFO - Marking task as SUCCESS. dag_id=docker_sample, task_id=print_date, execution_date=20210419T154000, start_date=20210421T201740, end_date=20210421T201740
[2021-04-21 20:17:40,805] {taskinstance.py:1220} INFO - 2 downstream tasks scheduled from follow-on schedule check
[2021-04-21 20:17:40,859] {local_task_job.py:146} INFO - Task exited with return code 0
