[2021-04-21 20:06:17,753] {taskinstance.py:851} INFO - Dependencies all met for <TaskInstance: docker_sample.print_date 2021-04-19T00:40:00+00:00 [queued]>
[2021-04-21 20:06:17,785] {taskinstance.py:851} INFO - Dependencies all met for <TaskInstance: docker_sample.print_date 2021-04-19T00:40:00+00:00 [queued]>
[2021-04-21 20:06:17,786] {taskinstance.py:1042} INFO - 
--------------------------------------------------------------------------------
[2021-04-21 20:06:17,789] {taskinstance.py:1043} INFO - Starting attempt 1 of 2
[2021-04-21 20:06:17,790] {taskinstance.py:1044} INFO - 
--------------------------------------------------------------------------------
[2021-04-21 20:06:17,812] {taskinstance.py:1063} INFO - Executing <Task(BashOperator): print_date> on 2021-04-19T00:40:00+00:00
[2021-04-21 20:06:17,819] {standard_task_runner.py:52} INFO - Started process 55 to run task
[2021-04-21 20:06:17,835] {standard_task_runner.py:76} INFO - Running: ['airflow', 'tasks', 'run', 'docker_sample', 'print_date', '2021-04-19T00:40:00+00:00', '--job-id', '6', '--pool', 'default_pool', '--raw', '--subdir', 'DAGS_FOLDER/dockerOperator.py', '--cfg-path', '/tmp/tmptkkso532', '--error-file', '/tmp/tmpd1urhir_']
[2021-04-21 20:06:17,836] {standard_task_runner.py:77} INFO - Job 6: Subtask print_date
[2021-04-21 20:06:17,968] {logging_mixin.py:104} INFO - Running <TaskInstance: docker_sample.print_date 2021-04-19T00:40:00+00:00 [running]> on host 5af2b1cab26e
[2021-04-21 20:06:18,112] {taskinstance.py:1257} INFO - Exporting the following env vars:
AIRFLOW_CTX_DAG_EMAIL=airflow@example.com
AIRFLOW_CTX_DAG_OWNER=airflow
AIRFLOW_CTX_DAG_ID=docker_sample
AIRFLOW_CTX_TASK_ID=print_date
AIRFLOW_CTX_EXECUTION_DATE=2021-04-19T00:40:00+00:00
AIRFLOW_CTX_DAG_RUN_ID=scheduled__2021-04-19T00:40:00+00:00
[2021-04-21 20:06:18,118] {bash.py:135} INFO - Tmp dir root location: 
 /tmp
[2021-04-21 20:06:18,123] {bash.py:158} INFO - Running command: date
[2021-04-21 20:06:18,164] {bash.py:169} INFO - Output:
[2021-04-21 20:06:18,170] {bash.py:173} INFO - Wed Apr 21 20:06:18 UTC 2021
[2021-04-21 20:06:18,175] {bash.py:177} INFO - Command exited with return code 0
[2021-04-21 20:06:18,243] {taskinstance.py:1166} INFO - Marking task as SUCCESS. dag_id=docker_sample, task_id=print_date, execution_date=20210419T004000, start_date=20210421T200617, end_date=20210421T200618
[2021-04-21 20:06:18,315] {taskinstance.py:1220} INFO - 2 downstream tasks scheduled from follow-on schedule check
[2021-04-21 20:06:18,375] {local_task_job.py:146} INFO - Task exited with return code 0
[2021-04-21 20:12:24,239] {taskinstance.py:851} INFO - Dependencies all met for <TaskInstance: docker_sample.print_date 2021-04-19T00:40:00+00:00 [queued]>
[2021-04-21 20:12:24,315] {taskinstance.py:851} INFO - Dependencies all met for <TaskInstance: docker_sample.print_date 2021-04-19T00:40:00+00:00 [queued]>
[2021-04-21 20:12:24,318] {taskinstance.py:1042} INFO - 
--------------------------------------------------------------------------------
[2021-04-21 20:12:24,320] {taskinstance.py:1043} INFO - Starting attempt 1 of 2
[2021-04-21 20:12:24,321] {taskinstance.py:1044} INFO - 
--------------------------------------------------------------------------------
[2021-04-21 20:12:24,350] {taskinstance.py:1063} INFO - Executing <Task(BashOperator): print_date> on 2021-04-19T00:40:00+00:00
[2021-04-21 20:12:24,375] {standard_task_runner.py:52} INFO - Started process 60 to run task
[2021-04-21 20:12:24,416] {standard_task_runner.py:76} INFO - Running: ['airflow', 'tasks', 'run', 'docker_sample', 'print_date', '2021-04-19T00:40:00+00:00', '--job-id', '57', '--pool', 'default_pool', '--raw', '--subdir', 'DAGS_FOLDER/dockerOperator.py', '--cfg-path', '/tmp/tmpgsx4leac', '--error-file', '/tmp/tmpxgbkb6nx']
[2021-04-21 20:12:24,422] {standard_task_runner.py:77} INFO - Job 57: Subtask print_date
[2021-04-21 20:12:24,589] {logging_mixin.py:104} INFO - Running <TaskInstance: docker_sample.print_date 2021-04-19T00:40:00+00:00 [running]> on host 5af2b1cab26e
[2021-04-21 20:12:24,699] {taskinstance.py:1257} INFO - Exporting the following env vars:
AIRFLOW_CTX_DAG_EMAIL=airflow@example.com
AIRFLOW_CTX_DAG_OWNER=airflow
AIRFLOW_CTX_DAG_ID=docker_sample
AIRFLOW_CTX_TASK_ID=print_date
AIRFLOW_CTX_EXECUTION_DATE=2021-04-19T00:40:00+00:00
AIRFLOW_CTX_DAG_RUN_ID=scheduled__2021-04-19T00:40:00+00:00
[2021-04-21 20:12:24,701] {bash.py:135} INFO - Tmp dir root location: 
 /tmp
[2021-04-21 20:12:24,704] {bash.py:158} INFO - Running command: date
[2021-04-21 20:12:24,735] {bash.py:169} INFO - Output:
[2021-04-21 20:12:24,738] {bash.py:173} INFO - Wed Apr 21 20:12:24 UTC 2021
[2021-04-21 20:12:24,741] {bash.py:177} INFO - Command exited with return code 0
[2021-04-21 20:12:24,852] {taskinstance.py:1166} INFO - Marking task as SUCCESS. dag_id=docker_sample, task_id=print_date, execution_date=20210419T004000, start_date=20210421T201224, end_date=20210421T201224
[2021-04-21 20:12:24,950] {taskinstance.py:1220} INFO - 2 downstream tasks scheduled from follow-on schedule check
[2021-04-21 20:12:24,967] {local_task_job.py:146} INFO - Task exited with return code 0
