[2021-04-21 20:16:07,434] {taskinstance.py:851} INFO - Dependencies all met for <TaskInstance: docker_sample.print_hello 2021-04-19T09:00:00+00:00 [queued]>
[2021-04-21 20:16:07,476] {taskinstance.py:851} INFO - Dependencies all met for <TaskInstance: docker_sample.print_hello 2021-04-19T09:00:00+00:00 [queued]>
[2021-04-21 20:16:07,480] {taskinstance.py:1042} INFO - 
--------------------------------------------------------------------------------
[2021-04-21 20:16:07,481] {taskinstance.py:1043} INFO - Starting attempt 1 of 2
[2021-04-21 20:16:07,481] {taskinstance.py:1044} INFO - 
--------------------------------------------------------------------------------
[2021-04-21 20:16:07,498] {taskinstance.py:1063} INFO - Executing <Task(BashOperator): print_hello> on 2021-04-19T09:00:00+00:00
[2021-04-21 20:16:07,509] {standard_task_runner.py:52} INFO - Started process 693 to run task
[2021-04-21 20:16:07,519] {standard_task_runner.py:76} INFO - Running: ['airflow', 'tasks', 'run', 'docker_sample', 'print_hello', '2021-04-19T09:00:00+00:00', '--job-id', '288', '--pool', 'default_pool', '--raw', '--subdir', 'DAGS_FOLDER/dockerOperator.py', '--cfg-path', '/tmp/tmpe3lfm5nc', '--error-file', '/tmp/tmpmc2xf28i']
[2021-04-21 20:16:07,520] {standard_task_runner.py:77} INFO - Job 288: Subtask print_hello
[2021-04-21 20:16:07,609] {logging_mixin.py:104} INFO - Running <TaskInstance: docker_sample.print_hello 2021-04-19T09:00:00+00:00 [running]> on host 5af2b1cab26e
[2021-04-21 20:16:07,697] {taskinstance.py:1257} INFO - Exporting the following env vars:
AIRFLOW_CTX_DAG_EMAIL=airflow@example.com
AIRFLOW_CTX_DAG_OWNER=airflow
AIRFLOW_CTX_DAG_ID=docker_sample
AIRFLOW_CTX_TASK_ID=print_hello
AIRFLOW_CTX_EXECUTION_DATE=2021-04-19T09:00:00+00:00
AIRFLOW_CTX_DAG_RUN_ID=scheduled__2021-04-19T09:00:00+00:00
[2021-04-21 20:16:07,698] {bash.py:135} INFO - Tmp dir root location: 
 /tmp
[2021-04-21 20:16:07,701] {bash.py:158} INFO - Running command: echo "hello world!!!"
[2021-04-21 20:16:07,718] {bash.py:169} INFO - Output:
[2021-04-21 20:16:07,719] {bash.py:173} INFO - hello world!!!
[2021-04-21 20:16:07,721] {bash.py:177} INFO - Command exited with return code 0
[2021-04-21 20:16:07,784] {taskinstance.py:1166} INFO - Marking task as SUCCESS. dag_id=docker_sample, task_id=print_hello, execution_date=20210419T090000, start_date=20210421T201607, end_date=20210421T201607
[2021-04-21 20:16:07,825] {taskinstance.py:1220} INFO - 0 downstream tasks scheduled from follow-on schedule check
[2021-04-21 20:16:07,865] {local_task_job.py:146} INFO - Task exited with return code 0
