[2021-04-21 20:14:13,447] {taskinstance.py:851} INFO - Dependencies all met for <TaskInstance: docker_sample.print_hello 2021-04-19T03:50:00+00:00 [queued]>
[2021-04-21 20:14:13,485] {taskinstance.py:851} INFO - Dependencies all met for <TaskInstance: docker_sample.print_hello 2021-04-19T03:50:00+00:00 [queued]>
[2021-04-21 20:14:13,488] {taskinstance.py:1042} INFO - 
--------------------------------------------------------------------------------
[2021-04-21 20:14:13,492] {taskinstance.py:1043} INFO - Starting attempt 1 of 2
[2021-04-21 20:14:13,494] {taskinstance.py:1044} INFO - 
--------------------------------------------------------------------------------
[2021-04-21 20:14:13,515] {taskinstance.py:1063} INFO - Executing <Task(BashOperator): print_hello> on 2021-04-19T03:50:00+00:00
[2021-04-21 20:14:13,532] {standard_task_runner.py:52} INFO - Started process 376 to run task
[2021-04-21 20:14:13,548] {standard_task_runner.py:76} INFO - Running: ['airflow', 'tasks', 'run', 'docker_sample', 'print_hello', '2021-04-19T03:50:00+00:00', '--job-id', '176', '--pool', 'default_pool', '--raw', '--subdir', 'DAGS_FOLDER/dockerOperator.py', '--cfg-path', '/tmp/tmp4uf5maoh', '--error-file', '/tmp/tmpw2f74pap']
[2021-04-21 20:14:13,561] {standard_task_runner.py:77} INFO - Job 176: Subtask print_hello
[2021-04-21 20:14:13,647] {logging_mixin.py:104} INFO - Running <TaskInstance: docker_sample.print_hello 2021-04-19T03:50:00+00:00 [running]> on host 5af2b1cab26e
[2021-04-21 20:14:13,730] {taskinstance.py:1257} INFO - Exporting the following env vars:
AIRFLOW_CTX_DAG_EMAIL=airflow@example.com
AIRFLOW_CTX_DAG_OWNER=airflow
AIRFLOW_CTX_DAG_ID=docker_sample
AIRFLOW_CTX_TASK_ID=print_hello
AIRFLOW_CTX_EXECUTION_DATE=2021-04-19T03:50:00+00:00
AIRFLOW_CTX_DAG_RUN_ID=scheduled__2021-04-19T03:50:00+00:00
[2021-04-21 20:14:13,732] {bash.py:135} INFO - Tmp dir root location: 
 /tmp
[2021-04-21 20:14:13,734] {bash.py:158} INFO - Running command: echo "hello world!!!"
[2021-04-21 20:14:13,764] {bash.py:169} INFO - Output:
[2021-04-21 20:14:13,770] {bash.py:173} INFO - hello world!!!
[2021-04-21 20:14:13,771] {bash.py:177} INFO - Command exited with return code 0
[2021-04-21 20:14:13,828] {taskinstance.py:1166} INFO - Marking task as SUCCESS. dag_id=docker_sample, task_id=print_hello, execution_date=20210419T035000, start_date=20210421T201413, end_date=20210421T201413
[2021-04-21 20:14:13,869] {taskinstance.py:1220} INFO - 0 downstream tasks scheduled from follow-on schedule check
[2021-04-21 20:14:13,925] {local_task_job.py:146} INFO - Task exited with return code 0
