[2021-04-21 20:14:36,585] {taskinstance.py:851} INFO - Dependencies all met for <TaskInstance: docker_sample.print_date 2021-04-19T07:20:00+00:00 [queued]>
[2021-04-21 20:14:36,599] {taskinstance.py:851} INFO - Dependencies all met for <TaskInstance: docker_sample.print_date 2021-04-19T07:20:00+00:00 [queued]>
[2021-04-21 20:14:36,600] {taskinstance.py:1042} INFO - 
--------------------------------------------------------------------------------
[2021-04-21 20:14:36,601] {taskinstance.py:1043} INFO - Starting attempt 1 of 2
[2021-04-21 20:14:36,601] {taskinstance.py:1044} INFO - 
--------------------------------------------------------------------------------
[2021-04-21 20:14:36,609] {taskinstance.py:1063} INFO - Executing <Task(BashOperator): print_date> on 2021-04-19T07:20:00+00:00
[2021-04-21 20:14:36,614] {standard_task_runner.py:52} INFO - Started process 463 to run task
[2021-04-21 20:14:36,624] {standard_task_runner.py:76} INFO - Running: ['airflow', 'tasks', 'run', 'docker_sample', 'print_date', '2021-04-19T07:20:00+00:00', '--job-id', '205', '--pool', 'default_pool', '--raw', '--subdir', 'DAGS_FOLDER/dockerOperator.py', '--cfg-path', '/tmp/tmpqj10o5_p', '--error-file', '/tmp/tmpztbb_m_t']
[2021-04-21 20:14:36,625] {standard_task_runner.py:77} INFO - Job 205: Subtask print_date
[2021-04-21 20:14:36,672] {logging_mixin.py:104} INFO - Running <TaskInstance: docker_sample.print_date 2021-04-19T07:20:00+00:00 [running]> on host 5af2b1cab26e
[2021-04-21 20:14:36,710] {taskinstance.py:1257} INFO - Exporting the following env vars:
AIRFLOW_CTX_DAG_EMAIL=airflow@example.com
AIRFLOW_CTX_DAG_OWNER=airflow
AIRFLOW_CTX_DAG_ID=docker_sample
AIRFLOW_CTX_TASK_ID=print_date
AIRFLOW_CTX_EXECUTION_DATE=2021-04-19T07:20:00+00:00
AIRFLOW_CTX_DAG_RUN_ID=scheduled__2021-04-19T07:20:00+00:00
[2021-04-21 20:14:36,711] {bash.py:135} INFO - Tmp dir root location: 
 /tmp
[2021-04-21 20:14:36,712] {bash.py:158} INFO - Running command: date
[2021-04-21 20:14:36,722] {bash.py:169} INFO - Output:
[2021-04-21 20:14:36,725] {bash.py:173} INFO - Wed Apr 21 20:14:36 UTC 2021
[2021-04-21 20:14:36,726] {bash.py:177} INFO - Command exited with return code 0
[2021-04-21 20:14:36,754] {taskinstance.py:1166} INFO - Marking task as SUCCESS. dag_id=docker_sample, task_id=print_date, execution_date=20210419T072000, start_date=20210421T201436, end_date=20210421T201436
[2021-04-21 20:14:36,782] {taskinstance.py:1220} INFO - 2 downstream tasks scheduled from follow-on schedule check
[2021-04-21 20:14:36,797] {local_task_job.py:146} INFO - Task exited with return code 0
