[2021-04-23 11:26:27,968] {taskinstance.py:851} INFO - Dependencies all met for <TaskInstance: docker_sample.sleep 2021-04-21T00:50:00+00:00 [queued]>
[2021-04-23 11:26:28,009] {taskinstance.py:851} INFO - Dependencies all met for <TaskInstance: docker_sample.sleep 2021-04-21T00:50:00+00:00 [queued]>
[2021-04-23 11:26:28,010] {taskinstance.py:1042} INFO - 
--------------------------------------------------------------------------------
[2021-04-23 11:26:28,011] {taskinstance.py:1043} INFO - Starting attempt 1 of 4
[2021-04-23 11:26:28,011] {taskinstance.py:1044} INFO - 
--------------------------------------------------------------------------------
[2021-04-23 11:26:28,045] {taskinstance.py:1063} INFO - Executing <Task(BashOperator): sleep> on 2021-04-21T00:50:00+00:00
[2021-04-23 11:26:28,051] {standard_task_runner.py:52} INFO - Started process 160 to run task
[2021-04-23 11:26:28,061] {standard_task_runner.py:76} INFO - Running: ['airflow', 'tasks', 'run', 'docker_sample', 'sleep', '2021-04-21T00:50:00+00:00', '--job-id', '777', '--pool', 'default_pool', '--raw', '--subdir', 'DAGS_FOLDER/dockerOperator.py', '--cfg-path', '/tmp/tmpmo4mqbih', '--error-file', '/tmp/tmptbekrhqn']
[2021-04-23 11:26:28,062] {standard_task_runner.py:77} INFO - Job 777: Subtask sleep
[2021-04-23 11:26:28,155] {logging_mixin.py:104} INFO - Running <TaskInstance: docker_sample.sleep 2021-04-21T00:50:00+00:00 [running]> on host 5af2b1cab26e
[2021-04-23 11:26:28,200] {taskinstance.py:1257} INFO - Exporting the following env vars:
AIRFLOW_CTX_DAG_EMAIL=airflow@example.com
AIRFLOW_CTX_DAG_OWNER=airflow
AIRFLOW_CTX_DAG_ID=docker_sample
AIRFLOW_CTX_TASK_ID=sleep
AIRFLOW_CTX_EXECUTION_DATE=2021-04-21T00:50:00+00:00
AIRFLOW_CTX_DAG_RUN_ID=scheduled__2021-04-21T00:50:00+00:00
[2021-04-23 11:26:28,201] {bash.py:135} INFO - Tmp dir root location: 
 /tmp
[2021-04-23 11:26:28,203] {bash.py:158} INFO - Running command: sleep 5
[2021-04-23 11:26:28,211] {bash.py:169} INFO - Output:
[2021-04-23 11:26:33,214] {bash.py:177} INFO - Command exited with return code 0
[2021-04-23 11:26:33,252] {taskinstance.py:1166} INFO - Marking task as SUCCESS. dag_id=docker_sample, task_id=sleep, execution_date=20210421T005000, start_date=20210423T112627, end_date=20210423T112633
[2021-04-23 11:26:33,287] {taskinstance.py:1220} INFO - 0 downstream tasks scheduled from follow-on schedule check
[2021-04-23 11:26:33,307] {local_task_job.py:146} INFO - Task exited with return code 0
