[2021-04-23 11:26:34,047] {taskinstance.py:851} INFO - Dependencies all met for <TaskInstance: docker_sample.sleep 2021-04-21T02:00:00+00:00 [queued]>
[2021-04-23 11:26:34,064] {taskinstance.py:851} INFO - Dependencies all met for <TaskInstance: docker_sample.sleep 2021-04-21T02:00:00+00:00 [queued]>
[2021-04-23 11:26:34,065] {taskinstance.py:1042} INFO - 
--------------------------------------------------------------------------------
[2021-04-23 11:26:34,066] {taskinstance.py:1043} INFO - Starting attempt 1 of 4
[2021-04-23 11:26:34,066] {taskinstance.py:1044} INFO - 
--------------------------------------------------------------------------------
[2021-04-23 11:26:34,077] {taskinstance.py:1063} INFO - Executing <Task(BashOperator): sleep> on 2021-04-21T02:00:00+00:00
[2021-04-23 11:26:34,082] {standard_task_runner.py:52} INFO - Started process 216 to run task
[2021-04-23 11:26:34,090] {standard_task_runner.py:76} INFO - Running: ['airflow', 'tasks', 'run', 'docker_sample', 'sleep', '2021-04-21T02:00:00+00:00', '--job-id', '799', '--pool', 'default_pool', '--raw', '--subdir', 'DAGS_FOLDER/dockerOperator.py', '--cfg-path', '/tmp/tmp1km3qqlh', '--error-file', '/tmp/tmpz0f9fp89']
[2021-04-23 11:26:34,091] {standard_task_runner.py:77} INFO - Job 799: Subtask sleep
[2021-04-23 11:26:34,147] {logging_mixin.py:104} INFO - Running <TaskInstance: docker_sample.sleep 2021-04-21T02:00:00+00:00 [running]> on host 5af2b1cab26e
[2021-04-23 11:26:34,190] {taskinstance.py:1257} INFO - Exporting the following env vars:
AIRFLOW_CTX_DAG_EMAIL=airflow@example.com
AIRFLOW_CTX_DAG_OWNER=airflow
AIRFLOW_CTX_DAG_ID=docker_sample
AIRFLOW_CTX_TASK_ID=sleep
AIRFLOW_CTX_EXECUTION_DATE=2021-04-21T02:00:00+00:00
AIRFLOW_CTX_DAG_RUN_ID=scheduled__2021-04-21T02:00:00+00:00
[2021-04-23 11:26:34,192] {bash.py:135} INFO - Tmp dir root location: 
 /tmp
[2021-04-23 11:26:34,193] {bash.py:158} INFO - Running command: sleep 5
[2021-04-23 11:26:34,204] {bash.py:169} INFO - Output:
[2021-04-23 11:26:39,207] {bash.py:177} INFO - Command exited with return code 0
[2021-04-23 11:26:39,237] {taskinstance.py:1166} INFO - Marking task as SUCCESS. dag_id=docker_sample, task_id=sleep, execution_date=20210421T020000, start_date=20210423T112634, end_date=20210423T112639
[2021-04-23 11:26:39,279] {taskinstance.py:1220} INFO - 0 downstream tasks scheduled from follow-on schedule check
[2021-04-23 11:26:39,317] {local_task_job.py:146} INFO - Task exited with return code 0
