[2021-04-21 20:06:24,883] {taskinstance.py:851} INFO - Dependencies all met for <TaskInstance: docker_sample.sleep 2021-04-19T02:10:00+00:00 [queued]>
[2021-04-21 20:06:24,892] {taskinstance.py:851} INFO - Dependencies all met for <TaskInstance: docker_sample.sleep 2021-04-19T02:10:00+00:00 [queued]>
[2021-04-21 20:06:24,893] {taskinstance.py:1042} INFO - 
--------------------------------------------------------------------------------
[2021-04-21 20:06:24,894] {taskinstance.py:1043} INFO - Starting attempt 1 of 4
[2021-04-21 20:06:24,895] {taskinstance.py:1044} INFO - 
--------------------------------------------------------------------------------
[2021-04-21 20:06:24,908] {taskinstance.py:1063} INFO - Executing <Task(BashOperator): sleep> on 2021-04-19T02:10:00+00:00
[2021-04-21 20:06:24,913] {standard_task_runner.py:52} INFO - Started process 161 to run task
[2021-04-21 20:06:24,916] {standard_task_runner.py:76} INFO - Running: ['airflow', 'tasks', 'run', 'docker_sample', 'sleep', '2021-04-19T02:10:00+00:00', '--job-id', '47', '--pool', 'default_pool', '--raw', '--subdir', 'DAGS_FOLDER/dockerOperator.py', '--cfg-path', '/tmp/tmp04chsgpa', '--error-file', '/tmp/tmplit233ka']
[2021-04-21 20:06:24,918] {standard_task_runner.py:77} INFO - Job 47: Subtask sleep
[2021-04-21 20:06:24,976] {logging_mixin.py:104} INFO - Running <TaskInstance: docker_sample.sleep 2021-04-19T02:10:00+00:00 [running]> on host 5af2b1cab26e
[2021-04-21 20:06:25,024] {taskinstance.py:1257} INFO - Exporting the following env vars:
AIRFLOW_CTX_DAG_EMAIL=airflow@example.com
AIRFLOW_CTX_DAG_OWNER=airflow
AIRFLOW_CTX_DAG_ID=docker_sample
AIRFLOW_CTX_TASK_ID=sleep
AIRFLOW_CTX_EXECUTION_DATE=2021-04-19T02:10:00+00:00
AIRFLOW_CTX_DAG_RUN_ID=scheduled__2021-04-19T02:10:00+00:00
[2021-04-21 20:06:25,025] {bash.py:135} INFO - Tmp dir root location: 
 /tmp
[2021-04-21 20:06:25,027] {bash.py:158} INFO - Running command: sleep 5
[2021-04-21 20:06:25,039] {bash.py:169} INFO - Output:
[2021-04-21 20:06:30,043] {bash.py:177} INFO - Command exited with return code 0
[2021-04-21 20:06:30,069] {taskinstance.py:1166} INFO - Marking task as SUCCESS. dag_id=docker_sample, task_id=sleep, execution_date=20210419T021000, start_date=20210421T200624, end_date=20210421T200630
[2021-04-21 20:06:30,091] {taskinstance.py:1220} INFO - 0 downstream tasks scheduled from follow-on schedule check
[2021-04-21 20:06:30,104] {local_task_job.py:146} INFO - Task exited with return code 0
[2021-04-21 20:13:15,291] {taskinstance.py:851} INFO - Dependencies all met for <TaskInstance: docker_sample.sleep 2021-04-19T02:10:00+00:00 [queued]>
[2021-04-21 20:13:15,317] {taskinstance.py:851} INFO - Dependencies all met for <TaskInstance: docker_sample.sleep 2021-04-19T02:10:00+00:00 [queued]>
[2021-04-21 20:13:15,318] {taskinstance.py:1042} INFO - 
--------------------------------------------------------------------------------
[2021-04-21 20:13:15,319] {taskinstance.py:1043} INFO - Starting attempt 1 of 4
[2021-04-21 20:13:15,320] {taskinstance.py:1044} INFO - 
--------------------------------------------------------------------------------
[2021-04-21 20:13:15,338] {taskinstance.py:1063} INFO - Executing <Task(BashOperator): sleep> on 2021-04-19T02:10:00+00:00
[2021-04-21 20:13:15,343] {standard_task_runner.py:52} INFO - Started process 194 to run task
[2021-04-21 20:13:15,356] {standard_task_runner.py:76} INFO - Running: ['airflow', 'tasks', 'run', 'docker_sample', 'sleep', '2021-04-19T02:10:00+00:00', '--job-id', '106', '--pool', 'default_pool', '--raw', '--subdir', 'DAGS_FOLDER/dockerOperator.py', '--cfg-path', '/tmp/tmphatz6nop', '--error-file', '/tmp/tmplb7t4opp']
[2021-04-21 20:13:15,357] {standard_task_runner.py:77} INFO - Job 106: Subtask sleep
[2021-04-21 20:13:15,442] {logging_mixin.py:104} INFO - Running <TaskInstance: docker_sample.sleep 2021-04-19T02:10:00+00:00 [running]> on host 5af2b1cab26e
[2021-04-21 20:13:15,515] {taskinstance.py:1257} INFO - Exporting the following env vars:
AIRFLOW_CTX_DAG_EMAIL=airflow@example.com
AIRFLOW_CTX_DAG_OWNER=airflow
AIRFLOW_CTX_DAG_ID=docker_sample
AIRFLOW_CTX_TASK_ID=sleep
AIRFLOW_CTX_EXECUTION_DATE=2021-04-19T02:10:00+00:00
AIRFLOW_CTX_DAG_RUN_ID=scheduled__2021-04-19T02:10:00+00:00
[2021-04-21 20:13:15,516] {bash.py:135} INFO - Tmp dir root location: 
 /tmp
[2021-04-21 20:13:15,518] {bash.py:158} INFO - Running command: sleep 5
[2021-04-21 20:13:15,534] {bash.py:169} INFO - Output:
[2021-04-21 20:13:20,537] {bash.py:177} INFO - Command exited with return code 0
[2021-04-21 20:13:20,566] {taskinstance.py:1166} INFO - Marking task as SUCCESS. dag_id=docker_sample, task_id=sleep, execution_date=20210419T021000, start_date=20210421T201315, end_date=20210421T201320
[2021-04-21 20:13:20,588] {taskinstance.py:1220} INFO - 0 downstream tasks scheduled from follow-on schedule check
[2021-04-21 20:13:20,637] {local_task_job.py:146} INFO - Task exited with return code 0
