[2021-04-21 20:06:20,729] {taskinstance.py:851} INFO - Dependencies all met for <TaskInstance: docker_sample.sleep 2021-04-19T01:00:00+00:00 [queued]>
[2021-04-21 20:06:20,751] {taskinstance.py:851} INFO - Dependencies all met for <TaskInstance: docker_sample.sleep 2021-04-19T01:00:00+00:00 [queued]>
[2021-04-21 20:06:20,754] {taskinstance.py:1042} INFO - 
--------------------------------------------------------------------------------
[2021-04-21 20:06:20,756] {taskinstance.py:1043} INFO - Starting attempt 1 of 4
[2021-04-21 20:06:20,763] {taskinstance.py:1044} INFO - 
--------------------------------------------------------------------------------
[2021-04-21 20:06:20,805] {taskinstance.py:1063} INFO - Executing <Task(BashOperator): sleep> on 2021-04-19T01:00:00+00:00
[2021-04-21 20:06:20,823] {standard_task_runner.py:52} INFO - Started process 107 to run task
[2021-04-21 20:06:20,852] {standard_task_runner.py:76} INFO - Running: ['airflow', 'tasks', 'run', 'docker_sample', 'sleep', '2021-04-19T01:00:00+00:00', '--job-id', '25', '--pool', 'default_pool', '--raw', '--subdir', 'DAGS_FOLDER/dockerOperator.py', '--cfg-path', '/tmp/tmpaxhg_hi4', '--error-file', '/tmp/tmprliwm9t3']
[2021-04-21 20:06:20,859] {standard_task_runner.py:77} INFO - Job 25: Subtask sleep
[2021-04-21 20:06:21,015] {logging_mixin.py:104} INFO - Running <TaskInstance: docker_sample.sleep 2021-04-19T01:00:00+00:00 [running]> on host 5af2b1cab26e
[2021-04-21 20:06:21,166] {taskinstance.py:1257} INFO - Exporting the following env vars:
AIRFLOW_CTX_DAG_EMAIL=airflow@example.com
AIRFLOW_CTX_DAG_OWNER=airflow
AIRFLOW_CTX_DAG_ID=docker_sample
AIRFLOW_CTX_TASK_ID=sleep
AIRFLOW_CTX_EXECUTION_DATE=2021-04-19T01:00:00+00:00
AIRFLOW_CTX_DAG_RUN_ID=scheduled__2021-04-19T01:00:00+00:00
[2021-04-21 20:06:21,168] {bash.py:135} INFO - Tmp dir root location: 
 /tmp
[2021-04-21 20:06:21,170] {bash.py:158} INFO - Running command: sleep 5
[2021-04-21 20:06:21,197] {bash.py:169} INFO - Output:
[2021-04-21 20:06:26,175] {bash.py:177} INFO - Command exited with return code 0
[2021-04-21 20:06:26,199] {taskinstance.py:1166} INFO - Marking task as SUCCESS. dag_id=docker_sample, task_id=sleep, execution_date=20210419T010000, start_date=20210421T200620, end_date=20210421T200626
[2021-04-21 20:06:26,230] {taskinstance.py:1220} INFO - 0 downstream tasks scheduled from follow-on schedule check
[2021-04-21 20:06:26,271] {local_task_job.py:146} INFO - Task exited with return code 0
[2021-04-21 20:13:12,266] {taskinstance.py:851} INFO - Dependencies all met for <TaskInstance: docker_sample.sleep 2021-04-19T01:00:00+00:00 [queued]>
[2021-04-21 20:13:12,288] {taskinstance.py:851} INFO - Dependencies all met for <TaskInstance: docker_sample.sleep 2021-04-19T01:00:00+00:00 [queued]>
[2021-04-21 20:13:12,289] {taskinstance.py:1042} INFO - 
--------------------------------------------------------------------------------
[2021-04-21 20:13:12,290] {taskinstance.py:1043} INFO - Starting attempt 1 of 4
[2021-04-21 20:13:12,290] {taskinstance.py:1044} INFO - 
--------------------------------------------------------------------------------
[2021-04-21 20:13:12,299] {taskinstance.py:1063} INFO - Executing <Task(BashOperator): sleep> on 2021-04-19T01:00:00+00:00
[2021-04-21 20:13:12,306] {standard_task_runner.py:52} INFO - Started process 140 to run task
[2021-04-21 20:13:12,314] {standard_task_runner.py:76} INFO - Running: ['airflow', 'tasks', 'run', 'docker_sample', 'sleep', '2021-04-19T01:00:00+00:00', '--job-id', '89', '--pool', 'default_pool', '--raw', '--subdir', 'DAGS_FOLDER/dockerOperator.py', '--cfg-path', '/tmp/tmp2asfk3f4', '--error-file', '/tmp/tmp585di179']
[2021-04-21 20:13:12,315] {standard_task_runner.py:77} INFO - Job 89: Subtask sleep
[2021-04-21 20:13:12,390] {logging_mixin.py:104} INFO - Running <TaskInstance: docker_sample.sleep 2021-04-19T01:00:00+00:00 [running]> on host 5af2b1cab26e
[2021-04-21 20:13:12,445] {taskinstance.py:1257} INFO - Exporting the following env vars:
AIRFLOW_CTX_DAG_EMAIL=airflow@example.com
AIRFLOW_CTX_DAG_OWNER=airflow
AIRFLOW_CTX_DAG_ID=docker_sample
AIRFLOW_CTX_TASK_ID=sleep
AIRFLOW_CTX_EXECUTION_DATE=2021-04-19T01:00:00+00:00
AIRFLOW_CTX_DAG_RUN_ID=scheduled__2021-04-19T01:00:00+00:00
[2021-04-21 20:13:12,447] {bash.py:135} INFO - Tmp dir root location: 
 /tmp
[2021-04-21 20:13:12,451] {bash.py:158} INFO - Running command: sleep 5
[2021-04-21 20:13:12,469] {bash.py:169} INFO - Output:
[2021-04-21 20:13:17,469] {bash.py:177} INFO - Command exited with return code 0
[2021-04-21 20:13:17,498] {taskinstance.py:1166} INFO - Marking task as SUCCESS. dag_id=docker_sample, task_id=sleep, execution_date=20210419T010000, start_date=20210421T201312, end_date=20210421T201317
[2021-04-21 20:13:17,562] {taskinstance.py:1220} INFO - 0 downstream tasks scheduled from follow-on schedule check
[2021-04-21 20:13:17,609] {local_task_job.py:146} INFO - Task exited with return code 0
