[2021-04-21 20:15:13,466] {taskinstance.py:851} INFO - Dependencies all met for <TaskInstance: docker_sample.print_hello 2021-04-19T07:00:00+00:00 [queued]>
[2021-04-21 20:15:13,506] {taskinstance.py:851} INFO - Dependencies all met for <TaskInstance: docker_sample.print_hello 2021-04-19T07:00:00+00:00 [queued]>
[2021-04-21 20:15:13,507] {taskinstance.py:1042} INFO - 
--------------------------------------------------------------------------------
[2021-04-21 20:15:13,508] {taskinstance.py:1043} INFO - Starting attempt 1 of 2
[2021-04-21 20:15:13,509] {taskinstance.py:1044} INFO - 
--------------------------------------------------------------------------------
[2021-04-21 20:15:13,529] {taskinstance.py:1063} INFO - Executing <Task(BashOperator): print_hello> on 2021-04-19T07:00:00+00:00
[2021-04-21 20:15:13,540] {standard_task_runner.py:52} INFO - Started process 558 to run task
[2021-04-21 20:15:13,555] {standard_task_runner.py:76} INFO - Running: ['airflow', 'tasks', 'run', 'docker_sample', 'print_hello', '2021-04-19T07:00:00+00:00', '--job-id', '241', '--pool', 'default_pool', '--raw', '--subdir', 'DAGS_FOLDER/dockerOperator.py', '--cfg-path', '/tmp/tmp6vt3wev1', '--error-file', '/tmp/tmpq09h5oks']
[2021-04-21 20:15:13,559] {standard_task_runner.py:77} INFO - Job 241: Subtask print_hello
[2021-04-21 20:15:13,634] {logging_mixin.py:104} INFO - Running <TaskInstance: docker_sample.print_hello 2021-04-19T07:00:00+00:00 [running]> on host 5af2b1cab26e
[2021-04-21 20:15:13,731] {taskinstance.py:1257} INFO - Exporting the following env vars:
AIRFLOW_CTX_DAG_EMAIL=airflow@example.com
AIRFLOW_CTX_DAG_OWNER=airflow
AIRFLOW_CTX_DAG_ID=docker_sample
AIRFLOW_CTX_TASK_ID=print_hello
AIRFLOW_CTX_EXECUTION_DATE=2021-04-19T07:00:00+00:00
AIRFLOW_CTX_DAG_RUN_ID=scheduled__2021-04-19T07:00:00+00:00
[2021-04-21 20:15:13,733] {bash.py:135} INFO - Tmp dir root location: 
 /tmp
[2021-04-21 20:15:13,738] {bash.py:158} INFO - Running command: echo "hello world!!!"
[2021-04-21 20:15:13,778] {bash.py:169} INFO - Output:
[2021-04-21 20:15:13,779] {bash.py:173} INFO - hello world!!!
[2021-04-21 20:15:13,781] {bash.py:177} INFO - Command exited with return code 0
[2021-04-21 20:15:13,877] {taskinstance.py:1166} INFO - Marking task as SUCCESS. dag_id=docker_sample, task_id=print_hello, execution_date=20210419T070000, start_date=20210421T201513, end_date=20210421T201513
[2021-04-21 20:15:13,977] {taskinstance.py:1220} INFO - 0 downstream tasks scheduled from follow-on schedule check
[2021-04-21 20:15:14,019] {local_task_job.py:146} INFO - Task exited with return code 0
