[2021-04-21 20:14:33,535] {taskinstance.py:851} INFO - Dependencies all met for <TaskInstance: docker_sample.print_date 2021-04-19T06:10:00+00:00 [queued]>
[2021-04-21 20:14:33,588] {taskinstance.py:851} INFO - Dependencies all met for <TaskInstance: docker_sample.print_date 2021-04-19T06:10:00+00:00 [queued]>
[2021-04-21 20:14:33,589] {taskinstance.py:1042} INFO - 
--------------------------------------------------------------------------------
[2021-04-21 20:14:33,590] {taskinstance.py:1043} INFO - Starting attempt 1 of 2
[2021-04-21 20:14:33,592] {taskinstance.py:1044} INFO - 
--------------------------------------------------------------------------------
[2021-04-21 20:14:33,632] {taskinstance.py:1063} INFO - Executing <Task(BashOperator): print_date> on 2021-04-19T06:10:00+00:00
[2021-04-21 20:14:33,645] {standard_task_runner.py:52} INFO - Started process 418 to run task
[2021-04-21 20:14:33,663] {standard_task_runner.py:76} INFO - Running: ['airflow', 'tasks', 'run', 'docker_sample', 'print_date', '2021-04-19T06:10:00+00:00', '--job-id', '185', '--pool', 'default_pool', '--raw', '--subdir', 'DAGS_FOLDER/dockerOperator.py', '--cfg-path', '/tmp/tmp71gs0nha', '--error-file', '/tmp/tmp0rn31ze4']
[2021-04-21 20:14:33,669] {standard_task_runner.py:77} INFO - Job 185: Subtask print_date
[2021-04-21 20:14:33,807] {logging_mixin.py:104} INFO - Running <TaskInstance: docker_sample.print_date 2021-04-19T06:10:00+00:00 [running]> on host 5af2b1cab26e
[2021-04-21 20:14:33,910] {taskinstance.py:1257} INFO - Exporting the following env vars:
AIRFLOW_CTX_DAG_EMAIL=airflow@example.com
AIRFLOW_CTX_DAG_OWNER=airflow
AIRFLOW_CTX_DAG_ID=docker_sample
AIRFLOW_CTX_TASK_ID=print_date
AIRFLOW_CTX_EXECUTION_DATE=2021-04-19T06:10:00+00:00
AIRFLOW_CTX_DAG_RUN_ID=scheduled__2021-04-19T06:10:00+00:00
[2021-04-21 20:14:33,911] {bash.py:135} INFO - Tmp dir root location: 
 /tmp
[2021-04-21 20:14:33,913] {bash.py:158} INFO - Running command: date
[2021-04-21 20:14:33,960] {bash.py:169} INFO - Output:
[2021-04-21 20:14:33,963] {bash.py:173} INFO - Wed Apr 21 20:14:33 UTC 2021
[2021-04-21 20:14:33,965] {bash.py:177} INFO - Command exited with return code 0
[2021-04-21 20:14:34,074] {taskinstance.py:1166} INFO - Marking task as SUCCESS. dag_id=docker_sample, task_id=print_date, execution_date=20210419T061000, start_date=20210421T201433, end_date=20210421T201434
[2021-04-21 20:14:34,168] {taskinstance.py:1220} INFO - 2 downstream tasks scheduled from follow-on schedule check
[2021-04-21 20:14:34,211] {local_task_job.py:146} INFO - Task exited with return code 0
