[2021-04-21 20:14:32,562] {taskinstance.py:851} INFO - Dependencies all met for <TaskInstance: docker_sample.print_date 2021-04-19T05:20:00+00:00 [queued]>
[2021-04-21 20:14:32,576] {taskinstance.py:851} INFO - Dependencies all met for <TaskInstance: docker_sample.print_date 2021-04-19T05:20:00+00:00 [queued]>
[2021-04-21 20:14:32,577] {taskinstance.py:1042} INFO - 
--------------------------------------------------------------------------------
[2021-04-21 20:14:32,578] {taskinstance.py:1043} INFO - Starting attempt 1 of 2
[2021-04-21 20:14:32,578] {taskinstance.py:1044} INFO - 
--------------------------------------------------------------------------------
[2021-04-21 20:14:32,586] {taskinstance.py:1063} INFO - Executing <Task(BashOperator): print_date> on 2021-04-19T05:20:00+00:00
[2021-04-21 20:14:32,595] {standard_task_runner.py:76} INFO - Running: ['airflow', 'tasks', 'run', 'docker_sample', 'print_date', '2021-04-19T05:20:00+00:00', '--job-id', '179', '--pool', 'default_pool', '--raw', '--subdir', 'DAGS_FOLDER/dockerOperator.py', '--cfg-path', '/tmp/tmptet3u3af', '--error-file', '/tmp/tmp012ygoea']
[2021-04-21 20:14:32,591] {standard_task_runner.py:52} INFO - Started process 395 to run task
[2021-04-21 20:14:32,596] {standard_task_runner.py:77} INFO - Job 179: Subtask print_date
[2021-04-21 20:14:32,644] {logging_mixin.py:104} INFO - Running <TaskInstance: docker_sample.print_date 2021-04-19T05:20:00+00:00 [running]> on host 5af2b1cab26e
[2021-04-21 20:14:32,698] {taskinstance.py:1257} INFO - Exporting the following env vars:
AIRFLOW_CTX_DAG_EMAIL=airflow@example.com
AIRFLOW_CTX_DAG_OWNER=airflow
AIRFLOW_CTX_DAG_ID=docker_sample
AIRFLOW_CTX_TASK_ID=print_date
AIRFLOW_CTX_EXECUTION_DATE=2021-04-19T05:20:00+00:00
AIRFLOW_CTX_DAG_RUN_ID=scheduled__2021-04-19T05:20:00+00:00
[2021-04-21 20:14:32,699] {bash.py:135} INFO - Tmp dir root location: 
 /tmp
[2021-04-21 20:14:32,702] {bash.py:158} INFO - Running command: date
[2021-04-21 20:14:32,717] {bash.py:169} INFO - Output:
[2021-04-21 20:14:32,719] {bash.py:173} INFO - Wed Apr 21 20:14:32 UTC 2021
[2021-04-21 20:14:32,720] {bash.py:177} INFO - Command exited with return code 0
[2021-04-21 20:14:32,752] {taskinstance.py:1166} INFO - Marking task as SUCCESS. dag_id=docker_sample, task_id=print_date, execution_date=20210419T052000, start_date=20210421T201432, end_date=20210421T201432
[2021-04-21 20:14:32,794] {taskinstance.py:1220} INFO - 2 downstream tasks scheduled from follow-on schedule check
[2021-04-21 20:14:32,813] {local_task_job.py:146} INFO - Task exited with return code 0
