[2021-04-27 17:58:52,589] {taskinstance.py:851} INFO - Dependencies all met for <TaskInstance: docker_sample.print_hello 2021-04-25T02:40:00+00:00 [queued]>
[2021-04-27 17:58:52,605] {taskinstance.py:851} INFO - Dependencies all met for <TaskInstance: docker_sample.print_hello 2021-04-25T02:40:00+00:00 [queued]>
[2021-04-27 17:58:52,606] {taskinstance.py:1042} INFO - 
--------------------------------------------------------------------------------
[2021-04-27 17:58:52,607] {taskinstance.py:1043} INFO - Starting attempt 1 of 2
[2021-04-27 17:58:52,607] {taskinstance.py:1044} INFO - 
--------------------------------------------------------------------------------
[2021-04-27 17:58:52,619] {taskinstance.py:1063} INFO - Executing <Task(BashOperator): print_hello> on 2021-04-25T02:40:00+00:00
[2021-04-27 17:58:52,623] {standard_task_runner.py:52} INFO - Started process 321 to run task
[2021-04-27 17:58:52,627] {standard_task_runner.py:76} INFO - Running: ['airflow', 'tasks', 'run', 'docker_sample', 'print_hello', '2021-04-25T02:40:00+00:00', '--job-id', '105', '--pool', 'default_pool', '--raw', '--subdir', 'DAGS_FOLDER/dockerOperator.py', '--cfg-path', '/tmp/tmp2zcvpdn7', '--error-file', '/tmp/tmpid0v1xw6']
[2021-04-27 17:58:52,628] {standard_task_runner.py:77} INFO - Job 105: Subtask print_hello
[2021-04-27 17:58:52,674] {logging_mixin.py:104} INFO - Running <TaskInstance: docker_sample.print_hello 2021-04-25T02:40:00+00:00 [running]> on host 44e91a58ae1b
[2021-04-27 17:58:52,714] {taskinstance.py:1257} INFO - Exporting the following env vars:
AIRFLOW_CTX_DAG_EMAIL=airflow@example.com
AIRFLOW_CTX_DAG_OWNER=airflow
AIRFLOW_CTX_DAG_ID=docker_sample
AIRFLOW_CTX_TASK_ID=print_hello
AIRFLOW_CTX_EXECUTION_DATE=2021-04-25T02:40:00+00:00
AIRFLOW_CTX_DAG_RUN_ID=scheduled__2021-04-25T02:40:00+00:00
[2021-04-27 17:58:52,715] {bash.py:135} INFO - Tmp dir root location: 
 /tmp
[2021-04-27 17:58:52,717] {bash.py:158} INFO - Running command: echo "hello world!!!"
[2021-04-27 17:58:52,729] {bash.py:169} INFO - Output:
[2021-04-27 17:58:52,730] {bash.py:173} INFO - hello world!!!
[2021-04-27 17:58:52,731] {bash.py:177} INFO - Command exited with return code 0
[2021-04-27 17:58:52,767] {taskinstance.py:1166} INFO - Marking task as SUCCESS. dag_id=docker_sample, task_id=print_hello, execution_date=20210425T024000, start_date=20210427T175852, end_date=20210427T175852
[2021-04-27 17:58:52,806] {taskinstance.py:1220} INFO - 0 downstream tasks scheduled from follow-on schedule check
[2021-04-27 17:58:52,844] {local_task_job.py:146} INFO - Task exited with return code 0
