[2021-04-27 17:57:32,126] {taskinstance.py:851} INFO - Dependencies all met for <TaskInstance: docker_sample.print_date 2021-04-25T01:20:00+00:00 [queued]>
[2021-04-27 17:57:32,190] {taskinstance.py:851} INFO - Dependencies all met for <TaskInstance: docker_sample.print_date 2021-04-25T01:20:00+00:00 [queued]>
[2021-04-27 17:57:32,192] {taskinstance.py:1042} INFO - 
--------------------------------------------------------------------------------
[2021-04-27 17:57:32,198] {taskinstance.py:1043} INFO - Starting attempt 1 of 2
[2021-04-27 17:57:32,199] {taskinstance.py:1044} INFO - 
--------------------------------------------------------------------------------
[2021-04-27 17:57:32,222] {taskinstance.py:1063} INFO - Executing <Task(BashOperator): print_date> on 2021-04-25T01:20:00+00:00
[2021-04-27 17:57:32,241] {standard_task_runner.py:52} INFO - Started process 82 to run task
[2021-04-27 17:57:32,255] {standard_task_runner.py:76} INFO - Running: ['airflow', 'tasks', 'run', 'docker_sample', 'print_date', '2021-04-25T01:20:00+00:00', '--job-id', '13', '--pool', 'default_pool', '--raw', '--subdir', 'DAGS_FOLDER/dockerOperator.py', '--cfg-path', '/tmp/tmpvz4zryub', '--error-file', '/tmp/tmp7w52jwnm']
[2021-04-27 17:57:32,263] {standard_task_runner.py:77} INFO - Job 13: Subtask print_date
[2021-04-27 17:57:32,429] {logging_mixin.py:104} INFO - Running <TaskInstance: docker_sample.print_date 2021-04-25T01:20:00+00:00 [running]> on host 44e91a58ae1b
[2021-04-27 17:57:32,628] {taskinstance.py:1257} INFO - Exporting the following env vars:
AIRFLOW_CTX_DAG_EMAIL=airflow@example.com
AIRFLOW_CTX_DAG_OWNER=airflow
AIRFLOW_CTX_DAG_ID=docker_sample
AIRFLOW_CTX_TASK_ID=print_date
AIRFLOW_CTX_EXECUTION_DATE=2021-04-25T01:20:00+00:00
AIRFLOW_CTX_DAG_RUN_ID=scheduled__2021-04-25T01:20:00+00:00
[2021-04-27 17:57:32,630] {bash.py:135} INFO - Tmp dir root location: 
 /tmp
[2021-04-27 17:57:32,633] {bash.py:158} INFO - Running command: date
[2021-04-27 17:57:32,693] {bash.py:169} INFO - Output:
[2021-04-27 17:57:32,705] {bash.py:173} INFO - Tue Apr 27 17:57:32 UTC 2021
[2021-04-27 17:57:32,707] {bash.py:177} INFO - Command exited with return code 0
[2021-04-27 17:57:32,822] {taskinstance.py:1166} INFO - Marking task as SUCCESS. dag_id=docker_sample, task_id=print_date, execution_date=20210425T012000, start_date=20210427T175732, end_date=20210427T175732
[2021-04-27 17:57:32,994] {taskinstance.py:1220} INFO - 2 downstream tasks scheduled from follow-on schedule check
[2021-04-27 17:57:33,079] {local_task_job.py:146} INFO - Task exited with return code 0
