[2021-04-21 20:20:11,192] {taskinstance.py:851} INFO - Dependencies all met for <TaskInstance: docker_sample.print_hello 2021-04-19T19:50:00+00:00 [queued]>
[2021-04-21 20:20:11,207] {taskinstance.py:851} INFO - Dependencies all met for <TaskInstance: docker_sample.print_hello 2021-04-19T19:50:00+00:00 [queued]>
[2021-04-21 20:20:11,208] {taskinstance.py:1042} INFO - 
--------------------------------------------------------------------------------
[2021-04-21 20:20:11,209] {taskinstance.py:1043} INFO - Starting attempt 1 of 2
[2021-04-21 20:20:11,209] {taskinstance.py:1044} INFO - 
--------------------------------------------------------------------------------
[2021-04-21 20:20:11,218] {taskinstance.py:1063} INFO - Executing <Task(BashOperator): print_hello> on 2021-04-19T19:50:00+00:00
[2021-04-21 20:20:11,227] {standard_task_runner.py:76} INFO - Running: ['airflow', 'tasks', 'run', 'docker_sample', 'print_hello', '2021-04-19T19:50:00+00:00', '--job-id', '552', '--pool', 'default_pool', '--raw', '--subdir', 'DAGS_FOLDER/dockerOperator.py', '--cfg-path', '/tmp/tmp3td1ady8', '--error-file', '/tmp/tmpt7y8dls3']
[2021-04-21 20:20:11,228] {standard_task_runner.py:77} INFO - Job 552: Subtask print_hello
[2021-04-21 20:20:11,223] {standard_task_runner.py:52} INFO - Started process 1415 to run task
[2021-04-21 20:20:11,268] {logging_mixin.py:104} INFO - Running <TaskInstance: docker_sample.print_hello 2021-04-19T19:50:00+00:00 [running]> on host 5af2b1cab26e
[2021-04-21 20:20:11,303] {taskinstance.py:1257} INFO - Exporting the following env vars:
AIRFLOW_CTX_DAG_EMAIL=airflow@example.com
AIRFLOW_CTX_DAG_OWNER=airflow
AIRFLOW_CTX_DAG_ID=docker_sample
AIRFLOW_CTX_TASK_ID=print_hello
AIRFLOW_CTX_EXECUTION_DATE=2021-04-19T19:50:00+00:00
AIRFLOW_CTX_DAG_RUN_ID=scheduled__2021-04-19T19:50:00+00:00
[2021-04-21 20:20:11,304] {bash.py:135} INFO - Tmp dir root location: 
 /tmp
[2021-04-21 20:20:11,305] {bash.py:158} INFO - Running command: echo "hello world!!!"
[2021-04-21 20:20:11,313] {bash.py:169} INFO - Output:
[2021-04-21 20:20:11,314] {bash.py:173} INFO - hello world!!!
[2021-04-21 20:20:11,315] {bash.py:177} INFO - Command exited with return code 0
[2021-04-21 20:20:11,342] {taskinstance.py:1166} INFO - Marking task as SUCCESS. dag_id=docker_sample, task_id=print_hello, execution_date=20210419T195000, start_date=20210421T202011, end_date=20210421T202011
[2021-04-21 20:20:11,368] {taskinstance.py:1220} INFO - 0 downstream tasks scheduled from follow-on schedule check
[2021-04-21 20:20:11,404] {local_task_job.py:146} INFO - Task exited with return code 0
