[2021-04-27 17:57:31,046] {taskinstance.py:851} INFO - Dependencies all met for <TaskInstance: docker_sample.print_date 2021-04-25T00:50:00+00:00 [queued]>
[2021-04-27 17:57:31,105] {taskinstance.py:851} INFO - Dependencies all met for <TaskInstance: docker_sample.print_date 2021-04-25T00:50:00+00:00 [queued]>
[2021-04-27 17:57:31,106] {taskinstance.py:1042} INFO - 
--------------------------------------------------------------------------------
[2021-04-27 17:57:31,107] {taskinstance.py:1043} INFO - Starting attempt 1 of 2
[2021-04-27 17:57:31,108] {taskinstance.py:1044} INFO - 
--------------------------------------------------------------------------------
[2021-04-27 17:57:31,132] {taskinstance.py:1063} INFO - Executing <Task(BashOperator): print_date> on 2021-04-25T00:50:00+00:00
[2021-04-27 17:57:31,145] {standard_task_runner.py:52} INFO - Started process 68 to run task
[2021-04-27 17:57:31,202] {standard_task_runner.py:76} INFO - Running: ['airflow', 'tasks', 'run', 'docker_sample', 'print_date', '2021-04-25T00:50:00+00:00', '--job-id', '7', '--pool', 'default_pool', '--raw', '--subdir', 'DAGS_FOLDER/dockerOperator.py', '--cfg-path', '/tmp/tmphxryhf52', '--error-file', '/tmp/tmpqjwftse6']
[2021-04-27 17:57:31,204] {standard_task_runner.py:77} INFO - Job 7: Subtask print_date
[2021-04-27 17:57:31,446] {logging_mixin.py:104} INFO - Running <TaskInstance: docker_sample.print_date 2021-04-25T00:50:00+00:00 [running]> on host 44e91a58ae1b
[2021-04-27 17:57:31,586] {taskinstance.py:1257} INFO - Exporting the following env vars:
AIRFLOW_CTX_DAG_EMAIL=airflow@example.com
AIRFLOW_CTX_DAG_OWNER=airflow
AIRFLOW_CTX_DAG_ID=docker_sample
AIRFLOW_CTX_TASK_ID=print_date
AIRFLOW_CTX_EXECUTION_DATE=2021-04-25T00:50:00+00:00
AIRFLOW_CTX_DAG_RUN_ID=scheduled__2021-04-25T00:50:00+00:00
[2021-04-27 17:57:31,588] {bash.py:135} INFO - Tmp dir root location: 
 /tmp
[2021-04-27 17:57:31,593] {bash.py:158} INFO - Running command: date
[2021-04-27 17:57:31,620] {bash.py:169} INFO - Output:
[2021-04-27 17:57:31,625] {bash.py:173} INFO - Tue Apr 27 17:57:31 UTC 2021
[2021-04-27 17:57:31,627] {bash.py:177} INFO - Command exited with return code 0
[2021-04-27 17:57:31,696] {taskinstance.py:1166} INFO - Marking task as SUCCESS. dag_id=docker_sample, task_id=print_date, execution_date=20210425T005000, start_date=20210427T175731, end_date=20210427T175731
[2021-04-27 17:57:31,819] {taskinstance.py:1220} INFO - 2 downstream tasks scheduled from follow-on schedule check
[2021-04-27 17:57:31,899] {local_task_job.py:146} INFO - Task exited with return code 0
