[2021-04-23 11:26:27,285] {taskinstance.py:851} INFO - Dependencies all met for <TaskInstance: docker_sample.print_date 2021-04-21T01:10:00+00:00 [queued]>
[2021-04-23 11:26:27,333] {taskinstance.py:851} INFO - Dependencies all met for <TaskInstance: docker_sample.print_date 2021-04-21T01:10:00+00:00 [queued]>
[2021-04-23 11:26:27,334] {taskinstance.py:1042} INFO - 
--------------------------------------------------------------------------------
[2021-04-23 11:26:27,334] {taskinstance.py:1043} INFO - Starting attempt 1 of 2
[2021-04-23 11:26:27,335] {taskinstance.py:1044} INFO - 
--------------------------------------------------------------------------------
[2021-04-23 11:26:27,351] {taskinstance.py:1063} INFO - Executing <Task(BashOperator): print_date> on 2021-04-21T01:10:00+00:00
[2021-04-23 11:26:27,357] {standard_task_runner.py:52} INFO - Started process 148 to run task
[2021-04-23 11:26:27,402] {standard_task_runner.py:76} INFO - Running: ['airflow', 'tasks', 'run', 'docker_sample', 'print_date', '2021-04-21T01:10:00+00:00', '--job-id', '771', '--pool', 'default_pool', '--raw', '--subdir', 'DAGS_FOLDER/dockerOperator.py', '--cfg-path', '/tmp/tmpmc6c9pj3', '--error-file', '/tmp/tmpo3l8nhfo']
[2021-04-23 11:26:27,405] {standard_task_runner.py:77} INFO - Job 771: Subtask print_date
[2021-04-23 11:26:27,502] {logging_mixin.py:104} INFO - Running <TaskInstance: docker_sample.print_date 2021-04-21T01:10:00+00:00 [running]> on host 5af2b1cab26e
[2021-04-23 11:26:27,596] {taskinstance.py:1257} INFO - Exporting the following env vars:
AIRFLOW_CTX_DAG_EMAIL=airflow@example.com
AIRFLOW_CTX_DAG_OWNER=airflow
AIRFLOW_CTX_DAG_ID=docker_sample
AIRFLOW_CTX_TASK_ID=print_date
AIRFLOW_CTX_EXECUTION_DATE=2021-04-21T01:10:00+00:00
AIRFLOW_CTX_DAG_RUN_ID=scheduled__2021-04-21T01:10:00+00:00
[2021-04-23 11:26:27,597] {bash.py:135} INFO - Tmp dir root location: 
 /tmp
[2021-04-23 11:26:27,599] {bash.py:158} INFO - Running command: date
[2021-04-23 11:26:27,629] {bash.py:169} INFO - Output:
[2021-04-23 11:26:27,632] {bash.py:173} INFO - Fri Apr 23 11:26:27 UTC 2021
[2021-04-23 11:26:27,633] {bash.py:177} INFO - Command exited with return code 0
[2021-04-23 11:26:27,713] {taskinstance.py:1166} INFO - Marking task as SUCCESS. dag_id=docker_sample, task_id=print_date, execution_date=20210421T011000, start_date=20210423T112627, end_date=20210423T112627
[2021-04-23 11:26:27,800] {taskinstance.py:1220} INFO - 2 downstream tasks scheduled from follow-on schedule check
[2021-04-23 11:26:27,843] {local_task_job.py:146} INFO - Task exited with return code 0
