[2021-04-27 21:11:56,859] {taskinstance.py:851} INFO - Dependencies all met for <TaskInstance: docker_spark_sample.print_date 2021-04-25T02:30:00+00:00 [queued]>
[2021-04-27 21:11:56,913] {taskinstance.py:851} INFO - Dependencies all met for <TaskInstance: docker_spark_sample.print_date 2021-04-25T02:30:00+00:00 [queued]>
[2021-04-27 21:11:56,917] {taskinstance.py:1042} INFO - 
--------------------------------------------------------------------------------
[2021-04-27 21:11:56,918] {taskinstance.py:1043} INFO - Starting attempt 1 of 2
[2021-04-27 21:11:56,919] {taskinstance.py:1044} INFO - 
--------------------------------------------------------------------------------
[2021-04-27 21:11:56,952] {taskinstance.py:1063} INFO - Executing <Task(BashOperator): print_date> on 2021-04-25T02:30:00+00:00
[2021-04-27 21:11:56,960] {standard_task_runner.py:52} INFO - Started process 123 to run task
[2021-04-27 21:11:56,972] {standard_task_runner.py:76} INFO - Running: ['airflow', 'tasks', 'run', 'docker_spark_sample', 'print_date', '2021-04-25T02:30:00+00:00', '--job-id', '32', '--pool', 'default_pool', '--raw', '--subdir', 'DAGS_FOLDER/dockerSparkOperator.py', '--cfg-path', '/tmp/tmp0bx3hg5c', '--error-file', '/tmp/tmppow4h45r']
[2021-04-27 21:11:56,975] {standard_task_runner.py:77} INFO - Job 32: Subtask print_date
[2021-04-27 21:11:57,069] {logging_mixin.py:104} INFO - Running <TaskInstance: docker_spark_sample.print_date 2021-04-25T02:30:00+00:00 [running]> on host 9e66ec21e68a
[2021-04-27 21:11:57,143] {taskinstance.py:1257} INFO - Exporting the following env vars:
AIRFLOW_CTX_DAG_EMAIL=airflow@example.com
AIRFLOW_CTX_DAG_OWNER=airflow
AIRFLOW_CTX_DAG_ID=docker_spark_sample
AIRFLOW_CTX_TASK_ID=print_date
AIRFLOW_CTX_EXECUTION_DATE=2021-04-25T02:30:00+00:00
AIRFLOW_CTX_DAG_RUN_ID=scheduled__2021-04-25T02:30:00+00:00
[2021-04-27 21:11:57,145] {bash.py:135} INFO - Tmp dir root location: 
 /tmp
[2021-04-27 21:11:57,147] {bash.py:158} INFO - Running command: date
[2021-04-27 21:11:57,163] {bash.py:169} INFO - Output:
[2021-04-27 21:11:57,164] {bash.py:173} INFO - Tue Apr 27 21:11:57 UTC 2021
[2021-04-27 21:11:57,166] {bash.py:177} INFO - Command exited with return code 0
[2021-04-27 21:11:57,233] {taskinstance.py:1166} INFO - Marking task as SUCCESS. dag_id=docker_spark_sample, task_id=print_date, execution_date=20210425T023000, start_date=20210427T211156, end_date=20210427T211157
[2021-04-27 21:11:57,282] {taskinstance.py:1220} INFO - 2 downstream tasks scheduled from follow-on schedule check
[2021-04-27 21:11:57,311] {local_task_job.py:146} INFO - Task exited with return code 0
