[2021-04-27 17:57:33,915] {taskinstance.py:851} INFO - Dependencies all met for <TaskInstance: docker_sample.print_date 2021-04-25T01:40:00+00:00 [queued]>
[2021-04-27 17:57:33,972] {taskinstance.py:851} INFO - Dependencies all met for <TaskInstance: docker_sample.print_date 2021-04-25T01:40:00+00:00 [queued]>
[2021-04-27 17:57:33,973] {taskinstance.py:1042} INFO - 
--------------------------------------------------------------------------------
[2021-04-27 17:57:33,974] {taskinstance.py:1043} INFO - Starting attempt 1 of 2
[2021-04-27 17:57:33,975] {taskinstance.py:1044} INFO - 
--------------------------------------------------------------------------------
[2021-04-27 17:57:33,987] {taskinstance.py:1063} INFO - Executing <Task(BashOperator): print_date> on 2021-04-25T01:40:00+00:00
[2021-04-27 17:57:33,997] {standard_task_runner.py:52} INFO - Started process 102 to run task
[2021-04-27 17:57:34,038] {standard_task_runner.py:76} INFO - Running: ['airflow', 'tasks', 'run', 'docker_sample', 'print_date', '2021-04-25T01:40:00+00:00', '--job-id', '24', '--pool', 'default_pool', '--raw', '--subdir', 'DAGS_FOLDER/dockerOperator.py', '--cfg-path', '/tmp/tmpu4129tnb', '--error-file', '/tmp/tmpwgv90edw']
[2021-04-27 17:57:34,045] {standard_task_runner.py:77} INFO - Job 24: Subtask print_date
[2021-04-27 17:57:34,220] {logging_mixin.py:104} INFO - Running <TaskInstance: docker_sample.print_date 2021-04-25T01:40:00+00:00 [running]> on host 44e91a58ae1b
[2021-04-27 17:57:34,302] {taskinstance.py:1257} INFO - Exporting the following env vars:
AIRFLOW_CTX_DAG_EMAIL=airflow@example.com
AIRFLOW_CTX_DAG_OWNER=airflow
AIRFLOW_CTX_DAG_ID=docker_sample
AIRFLOW_CTX_TASK_ID=print_date
AIRFLOW_CTX_EXECUTION_DATE=2021-04-25T01:40:00+00:00
AIRFLOW_CTX_DAG_RUN_ID=scheduled__2021-04-25T01:40:00+00:00
[2021-04-27 17:57:34,304] {bash.py:135} INFO - Tmp dir root location: 
 /tmp
[2021-04-27 17:57:34,307] {bash.py:158} INFO - Running command: date
[2021-04-27 17:57:34,325] {bash.py:169} INFO - Output:
[2021-04-27 17:57:34,328] {bash.py:173} INFO - Tue Apr 27 17:57:34 UTC 2021
[2021-04-27 17:57:34,329] {bash.py:177} INFO - Command exited with return code 0
[2021-04-27 17:57:34,375] {taskinstance.py:1166} INFO - Marking task as SUCCESS. dag_id=docker_sample, task_id=print_date, execution_date=20210425T014000, start_date=20210427T175733, end_date=20210427T175734
[2021-04-27 17:57:34,439] {taskinstance.py:1220} INFO - 2 downstream tasks scheduled from follow-on schedule check
[2021-04-27 17:57:34,461] {local_task_job.py:146} INFO - Task exited with return code 0
