[2021-04-21 20:00:34,861] {taskinstance.py:851} INFO - Dependencies all met for <TaskInstance: example_bash_operator.runme_2 2021-04-20T00:00:00+00:00 [queued]>
[2021-04-21 20:00:34,879] {taskinstance.py:851} INFO - Dependencies all met for <TaskInstance: example_bash_operator.runme_2 2021-04-20T00:00:00+00:00 [queued]>
[2021-04-21 20:00:34,881] {taskinstance.py:1042} INFO - 
--------------------------------------------------------------------------------
[2021-04-21 20:00:34,882] {taskinstance.py:1043} INFO - Starting attempt 1 of 1
[2021-04-21 20:00:34,883] {taskinstance.py:1044} INFO - 
--------------------------------------------------------------------------------
[2021-04-21 20:00:34,894] {taskinstance.py:1063} INFO - Executing <Task(BashOperator): runme_2> on 2021-04-20T00:00:00+00:00
[2021-04-21 20:00:34,899] {standard_task_runner.py:52} INFO - Started process 57 to run task
[2021-04-21 20:00:34,905] {standard_task_runner.py:76} INFO - Running: ['airflow', 'tasks', 'run', 'example_bash_operator', 'runme_2', '2021-04-20T00:00:00+00:00', '--job-id', '6', '--pool', 'default_pool', '--raw', '--subdir', '/home/airflow/.local/lib/python3.6/site-packages/airflow/example_dags/example_bash_operator.py', '--cfg-path', '/tmp/tmpgan4n_qg', '--error-file', '/tmp/tmpfve0g10r']
[2021-04-21 20:00:34,907] {standard_task_runner.py:77} INFO - Job 6: Subtask runme_2
[2021-04-21 20:00:34,972] {logging_mixin.py:104} INFO - Running <TaskInstance: example_bash_operator.runme_2 2021-04-20T00:00:00+00:00 [running]> on host 72956004d5ea
[2021-04-21 20:00:35,015] {taskinstance.py:1257} INFO - Exporting the following env vars:
AIRFLOW_CTX_DAG_OWNER=airflow
AIRFLOW_CTX_DAG_ID=example_bash_operator
AIRFLOW_CTX_TASK_ID=runme_2
AIRFLOW_CTX_EXECUTION_DATE=2021-04-20T00:00:00+00:00
AIRFLOW_CTX_DAG_RUN_ID=scheduled__2021-04-20T00:00:00+00:00
[2021-04-21 20:00:35,016] {bash.py:135} INFO - Tmp dir root location: 
 /tmp
[2021-04-21 20:00:35,018] {bash.py:158} INFO - Running command: echo "example_bash_operator__runme_2__20210420" && sleep 1
[2021-04-21 20:00:35,039] {bash.py:169} INFO - Output:
[2021-04-21 20:00:35,042] {bash.py:173} INFO - example_bash_operator__runme_2__20210420
[2021-04-21 20:00:36,040] {bash.py:177} INFO - Command exited with return code 0
[2021-04-21 20:00:36,068] {taskinstance.py:1166} INFO - Marking task as SUCCESS. dag_id=example_bash_operator, task_id=runme_2, execution_date=20210420T000000, start_date=20210421T200034, end_date=20210421T200036
[2021-04-21 20:00:36,113] {taskinstance.py:1220} INFO - 0 downstream tasks scheduled from follow-on schedule check
[2021-04-21 20:00:36,128] {local_task_job.py:146} INFO - Task exited with return code 0
