[2021-04-21 20:17:07,615] {taskinstance.py:851} INFO - Dependencies all met for <TaskInstance: docker_sample.sleep 2021-04-19T12:10:00+00:00 [queued]>
[2021-04-21 20:17:07,631] {taskinstance.py:851} INFO - Dependencies all met for <TaskInstance: docker_sample.sleep 2021-04-19T12:10:00+00:00 [queued]>
[2021-04-21 20:17:07,632] {taskinstance.py:1042} INFO - 
--------------------------------------------------------------------------------
[2021-04-21 20:17:07,633] {taskinstance.py:1043} INFO - Starting attempt 1 of 4
[2021-04-21 20:17:07,634] {taskinstance.py:1044} INFO - 
--------------------------------------------------------------------------------
[2021-04-21 20:17:07,643] {taskinstance.py:1063} INFO - Executing <Task(BashOperator): sleep> on 2021-04-19T12:10:00+00:00
[2021-04-21 20:17:07,648] {standard_task_runner.py:52} INFO - Started process 872 to run task
[2021-04-21 20:17:07,658] {standard_task_runner.py:76} INFO - Running: ['airflow', 'tasks', 'run', 'docker_sample', 'sleep', '2021-04-19T12:10:00+00:00', '--job-id', '356', '--pool', 'default_pool', '--raw', '--subdir', 'DAGS_FOLDER/dockerOperator.py', '--cfg-path', '/tmp/tmp8ipxcg34', '--error-file', '/tmp/tmp61_vl96c']
[2021-04-21 20:17:07,664] {standard_task_runner.py:77} INFO - Job 356: Subtask sleep
[2021-04-21 20:17:07,739] {logging_mixin.py:104} INFO - Running <TaskInstance: docker_sample.sleep 2021-04-19T12:10:00+00:00 [running]> on host 5af2b1cab26e
[2021-04-21 20:17:07,795] {taskinstance.py:1257} INFO - Exporting the following env vars:
AIRFLOW_CTX_DAG_EMAIL=airflow@example.com
AIRFLOW_CTX_DAG_OWNER=airflow
AIRFLOW_CTX_DAG_ID=docker_sample
AIRFLOW_CTX_TASK_ID=sleep
AIRFLOW_CTX_EXECUTION_DATE=2021-04-19T12:10:00+00:00
AIRFLOW_CTX_DAG_RUN_ID=scheduled__2021-04-19T12:10:00+00:00
[2021-04-21 20:17:07,796] {bash.py:135} INFO - Tmp dir root location: 
 /tmp
[2021-04-21 20:17:07,798] {bash.py:158} INFO - Running command: sleep 5
[2021-04-21 20:17:07,812] {bash.py:169} INFO - Output:
[2021-04-21 20:17:12,814] {bash.py:177} INFO - Command exited with return code 0
[2021-04-21 20:17:12,875] {taskinstance.py:1166} INFO - Marking task as SUCCESS. dag_id=docker_sample, task_id=sleep, execution_date=20210419T121000, start_date=20210421T201707, end_date=20210421T201712
[2021-04-21 20:17:12,920] {taskinstance.py:1220} INFO - 0 downstream tasks scheduled from follow-on schedule check
[2021-04-21 20:17:12,973] {local_task_job.py:146} INFO - Task exited with return code 0
