[2021-04-27 17:58:21,737] {taskinstance.py:851} INFO - Dependencies all met for <TaskInstance: docker_sample.print_date 2021-04-25T03:40:00+00:00 [queued]>
[2021-04-27 17:58:21,768] {taskinstance.py:851} INFO - Dependencies all met for <TaskInstance: docker_sample.print_date 2021-04-25T03:40:00+00:00 [queued]>
[2021-04-27 17:58:21,769] {taskinstance.py:1042} INFO - 
--------------------------------------------------------------------------------
[2021-04-27 17:58:21,770] {taskinstance.py:1043} INFO - Starting attempt 1 of 2
[2021-04-27 17:58:21,771] {taskinstance.py:1044} INFO - 
--------------------------------------------------------------------------------
[2021-04-27 17:58:21,793] {taskinstance.py:1063} INFO - Executing <Task(BashOperator): print_date> on 2021-04-25T03:40:00+00:00
[2021-04-27 17:58:21,803] {standard_task_runner.py:52} INFO - Started process 247 to run task
[2021-04-27 17:58:21,820] {standard_task_runner.py:76} INFO - Running: ['airflow', 'tasks', 'run', 'docker_sample', 'print_date', '2021-04-25T03:40:00+00:00', '--job-id', '74', '--pool', 'default_pool', '--raw', '--subdir', 'DAGS_FOLDER/dockerOperator.py', '--cfg-path', '/tmp/tmp3mvgiv6t', '--error-file', '/tmp/tmp8exxbydj']
[2021-04-27 17:58:21,822] {standard_task_runner.py:77} INFO - Job 74: Subtask print_date
[2021-04-27 17:58:21,933] {logging_mixin.py:104} INFO - Running <TaskInstance: docker_sample.print_date 2021-04-25T03:40:00+00:00 [running]> on host 44e91a58ae1b
[2021-04-27 17:58:22,028] {taskinstance.py:1257} INFO - Exporting the following env vars:
AIRFLOW_CTX_DAG_EMAIL=airflow@example.com
AIRFLOW_CTX_DAG_OWNER=airflow
AIRFLOW_CTX_DAG_ID=docker_sample
AIRFLOW_CTX_TASK_ID=print_date
AIRFLOW_CTX_EXECUTION_DATE=2021-04-25T03:40:00+00:00
AIRFLOW_CTX_DAG_RUN_ID=scheduled__2021-04-25T03:40:00+00:00
[2021-04-27 17:58:22,029] {bash.py:135} INFO - Tmp dir root location: 
 /tmp
[2021-04-27 17:58:22,031] {bash.py:158} INFO - Running command: date
[2021-04-27 17:58:22,063] {bash.py:169} INFO - Output:
[2021-04-27 17:58:22,074] {bash.py:173} INFO - Tue Apr 27 17:58:22 UTC 2021
[2021-04-27 17:58:22,075] {bash.py:177} INFO - Command exited with return code 0
[2021-04-27 17:58:22,149] {taskinstance.py:1166} INFO - Marking task as SUCCESS. dag_id=docker_sample, task_id=print_date, execution_date=20210425T034000, start_date=20210427T175821, end_date=20210427T175822
[2021-04-27 17:58:22,230] {taskinstance.py:1220} INFO - 2 downstream tasks scheduled from follow-on schedule check
[2021-04-27 17:58:22,280] {local_task_job.py:146} INFO - Task exited with return code 0
