[2021-04-21 20:21:07,917] {taskinstance.py:851} INFO - Dependencies all met for <TaskInstance: docker_sample.print_hello 2021-04-19T21:40:00+00:00 [queued]>
[2021-04-21 20:21:07,956] {taskinstance.py:851} INFO - Dependencies all met for <TaskInstance: docker_sample.print_hello 2021-04-19T21:40:00+00:00 [queued]>
[2021-04-21 20:21:07,958] {taskinstance.py:1042} INFO - 
--------------------------------------------------------------------------------
[2021-04-21 20:21:07,959] {taskinstance.py:1043} INFO - Starting attempt 1 of 2
[2021-04-21 20:21:07,960] {taskinstance.py:1044} INFO - 
--------------------------------------------------------------------------------
[2021-04-21 20:21:07,976] {taskinstance.py:1063} INFO - Executing <Task(BashOperator): print_hello> on 2021-04-19T21:40:00+00:00
[2021-04-21 20:21:07,989] {standard_task_runner.py:76} INFO - Running: ['airflow', 'tasks', 'run', 'docker_sample', 'print_hello', '2021-04-19T21:40:00+00:00', '--job-id', '603', '--pool', 'default_pool', '--raw', '--subdir', 'DAGS_FOLDER/dockerOperator.py', '--cfg-path', '/tmp/tmpydy63enl', '--error-file', '/tmp/tmpdv3_yzjf']
[2021-04-21 20:21:07,984] {standard_task_runner.py:52} INFO - Started process 1555 to run task
[2021-04-21 20:21:07,990] {standard_task_runner.py:77} INFO - Job 603: Subtask print_hello
[2021-04-21 20:21:08,084] {logging_mixin.py:104} INFO - Running <TaskInstance: docker_sample.print_hello 2021-04-19T21:40:00+00:00 [running]> on host 5af2b1cab26e
[2021-04-21 20:21:08,164] {taskinstance.py:1257} INFO - Exporting the following env vars:
AIRFLOW_CTX_DAG_EMAIL=airflow@example.com
AIRFLOW_CTX_DAG_OWNER=airflow
AIRFLOW_CTX_DAG_ID=docker_sample
AIRFLOW_CTX_TASK_ID=print_hello
AIRFLOW_CTX_EXECUTION_DATE=2021-04-19T21:40:00+00:00
AIRFLOW_CTX_DAG_RUN_ID=scheduled__2021-04-19T21:40:00+00:00
[2021-04-21 20:21:08,171] {bash.py:135} INFO - Tmp dir root location: 
 /tmp
[2021-04-21 20:21:08,174] {bash.py:158} INFO - Running command: echo "hello world!!!"
[2021-04-21 20:21:08,189] {bash.py:169} INFO - Output:
[2021-04-21 20:21:08,191] {bash.py:173} INFO - hello world!!!
[2021-04-21 20:21:08,193] {bash.py:177} INFO - Command exited with return code 0
[2021-04-21 20:21:08,252] {taskinstance.py:1166} INFO - Marking task as SUCCESS. dag_id=docker_sample, task_id=print_hello, execution_date=20210419T214000, start_date=20210421T202107, end_date=20210421T202108
[2021-04-21 20:21:08,329] {taskinstance.py:1220} INFO - 0 downstream tasks scheduled from follow-on schedule check
[2021-04-21 20:21:08,378] {local_task_job.py:146} INFO - Task exited with return code 0
