[2021-04-21 20:06:18,858] {taskinstance.py:851} INFO - Dependencies all met for <TaskInstance: docker_sample.sleep 2021-04-19T00:00:00+00:00 [queued]>
[2021-04-21 20:06:18,897] {taskinstance.py:851} INFO - Dependencies all met for <TaskInstance: docker_sample.sleep 2021-04-19T00:00:00+00:00 [queued]>
[2021-04-21 20:06:18,898] {taskinstance.py:1042} INFO - 
--------------------------------------------------------------------------------
[2021-04-21 20:06:18,899] {taskinstance.py:1043} INFO - Starting attempt 1 of 4
[2021-04-21 20:06:18,899] {taskinstance.py:1044} INFO - 
--------------------------------------------------------------------------------
[2021-04-21 20:06:18,949] {taskinstance.py:1063} INFO - Executing <Task(BashOperator): sleep> on 2021-04-19T00:00:00+00:00
[2021-04-21 20:06:18,961] {standard_task_runner.py:52} INFO - Started process 74 to run task
[2021-04-21 20:06:19,019] {standard_task_runner.py:76} INFO - Running: ['airflow', 'tasks', 'run', 'docker_sample', 'sleep', '2021-04-19T00:00:00+00:00', '--job-id', '10', '--pool', 'default_pool', '--raw', '--subdir', 'DAGS_FOLDER/dockerOperator.py', '--cfg-path', '/tmp/tmpg3o5k_4z', '--error-file', '/tmp/tmpkf4bnm_c']
[2021-04-21 20:06:19,023] {standard_task_runner.py:77} INFO - Job 10: Subtask sleep
[2021-04-21 20:06:19,197] {logging_mixin.py:104} INFO - Running <TaskInstance: docker_sample.sleep 2021-04-19T00:00:00+00:00 [running]> on host 5af2b1cab26e
[2021-04-21 20:06:19,341] {taskinstance.py:1257} INFO - Exporting the following env vars:
AIRFLOW_CTX_DAG_EMAIL=airflow@example.com
AIRFLOW_CTX_DAG_OWNER=airflow
AIRFLOW_CTX_DAG_ID=docker_sample
AIRFLOW_CTX_TASK_ID=sleep
AIRFLOW_CTX_EXECUTION_DATE=2021-04-19T00:00:00+00:00
AIRFLOW_CTX_DAG_RUN_ID=scheduled__2021-04-19T00:00:00+00:00
[2021-04-21 20:06:19,343] {bash.py:135} INFO - Tmp dir root location: 
 /tmp
[2021-04-21 20:06:19,347] {bash.py:158} INFO - Running command: sleep 5
[2021-04-21 20:06:19,402] {bash.py:169} INFO - Output:
[2021-04-21 20:06:24,405] {bash.py:177} INFO - Command exited with return code 0
[2021-04-21 20:06:24,452] {taskinstance.py:1166} INFO - Marking task as SUCCESS. dag_id=docker_sample, task_id=sleep, execution_date=20210419T000000, start_date=20210421T200618, end_date=20210421T200624
[2021-04-21 20:06:24,504] {taskinstance.py:1220} INFO - 0 downstream tasks scheduled from follow-on schedule check
[2021-04-21 20:06:24,536] {local_task_job.py:146} INFO - Task exited with return code 0
[2021-04-21 20:12:24,241] {taskinstance.py:851} INFO - Dependencies all met for <TaskInstance: docker_sample.sleep 2021-04-19T00:00:00+00:00 [queued]>
[2021-04-21 20:12:24,302] {taskinstance.py:851} INFO - Dependencies all met for <TaskInstance: docker_sample.sleep 2021-04-19T00:00:00+00:00 [queued]>
[2021-04-21 20:12:24,304] {taskinstance.py:1042} INFO - 
--------------------------------------------------------------------------------
[2021-04-21 20:12:24,305] {taskinstance.py:1043} INFO - Starting attempt 1 of 4
[2021-04-21 20:12:24,307] {taskinstance.py:1044} INFO - 
--------------------------------------------------------------------------------
[2021-04-21 20:12:24,333] {taskinstance.py:1063} INFO - Executing <Task(BashOperator): sleep> on 2021-04-19T00:00:00+00:00
[2021-04-21 20:12:24,339] {standard_task_runner.py:52} INFO - Started process 59 to run task
[2021-04-21 20:12:24,357] {standard_task_runner.py:76} INFO - Running: ['airflow', 'tasks', 'run', 'docker_sample', 'sleep', '2021-04-19T00:00:00+00:00', '--job-id', '56', '--pool', 'default_pool', '--raw', '--subdir', 'DAGS_FOLDER/dockerOperator.py', '--cfg-path', '/tmp/tmpha5r6d3m', '--error-file', '/tmp/tmp8u3xxiw8']
[2021-04-21 20:12:24,363] {standard_task_runner.py:77} INFO - Job 56: Subtask sleep
[2021-04-21 20:12:24,514] {logging_mixin.py:104} INFO - Running <TaskInstance: docker_sample.sleep 2021-04-19T00:00:00+00:00 [running]> on host 5af2b1cab26e
[2021-04-21 20:12:24,645] {taskinstance.py:1257} INFO - Exporting the following env vars:
AIRFLOW_CTX_DAG_EMAIL=airflow@example.com
AIRFLOW_CTX_DAG_OWNER=airflow
AIRFLOW_CTX_DAG_ID=docker_sample
AIRFLOW_CTX_TASK_ID=sleep
AIRFLOW_CTX_EXECUTION_DATE=2021-04-19T00:00:00+00:00
AIRFLOW_CTX_DAG_RUN_ID=scheduled__2021-04-19T00:00:00+00:00
[2021-04-21 20:12:24,655] {bash.py:135} INFO - Tmp dir root location: 
 /tmp
[2021-04-21 20:12:24,658] {bash.py:158} INFO - Running command: sleep 5
[2021-04-21 20:12:24,696] {bash.py:169} INFO - Output:
[2021-04-21 20:12:29,698] {bash.py:177} INFO - Command exited with return code 0
[2021-04-21 20:12:29,728] {taskinstance.py:1166} INFO - Marking task as SUCCESS. dag_id=docker_sample, task_id=sleep, execution_date=20210419T000000, start_date=20210421T201224, end_date=20210421T201229
[2021-04-21 20:12:29,752] {taskinstance.py:1220} INFO - 0 downstream tasks scheduled from follow-on schedule check
[2021-04-21 20:12:29,768] {local_task_job.py:146} INFO - Task exited with return code 0
