[2021-04-27 17:58:24,167] {taskinstance.py:851} INFO - Dependencies all met for <TaskInstance: docker_sample.print_date 2021-04-25T04:10:00+00:00 [queued]>
[2021-04-27 17:58:24,182] {taskinstance.py:851} INFO - Dependencies all met for <TaskInstance: docker_sample.print_date 2021-04-25T04:10:00+00:00 [queued]>
[2021-04-27 17:58:24,183] {taskinstance.py:1042} INFO - 
--------------------------------------------------------------------------------
[2021-04-27 17:58:24,184] {taskinstance.py:1043} INFO - Starting attempt 1 of 2
[2021-04-27 17:58:24,185] {taskinstance.py:1044} INFO - 
--------------------------------------------------------------------------------
[2021-04-27 17:58:24,192] {taskinstance.py:1063} INFO - Executing <Task(BashOperator): print_date> on 2021-04-25T04:10:00+00:00
[2021-04-27 17:58:24,197] {standard_task_runner.py:52} INFO - Started process 282 to run task
[2021-04-27 17:58:24,201] {standard_task_runner.py:76} INFO - Running: ['airflow', 'tasks', 'run', 'docker_sample', 'print_date', '2021-04-25T04:10:00+00:00', '--job-id', '89', '--pool', 'default_pool', '--raw', '--subdir', 'DAGS_FOLDER/dockerOperator.py', '--cfg-path', '/tmp/tmpu92b_tkj', '--error-file', '/tmp/tmp1apui9ys']
[2021-04-27 17:58:24,202] {standard_task_runner.py:77} INFO - Job 89: Subtask print_date
[2021-04-27 17:58:24,247] {logging_mixin.py:104} INFO - Running <TaskInstance: docker_sample.print_date 2021-04-25T04:10:00+00:00 [running]> on host 44e91a58ae1b
[2021-04-27 17:58:24,284] {taskinstance.py:1257} INFO - Exporting the following env vars:
AIRFLOW_CTX_DAG_EMAIL=airflow@example.com
AIRFLOW_CTX_DAG_OWNER=airflow
AIRFLOW_CTX_DAG_ID=docker_sample
AIRFLOW_CTX_TASK_ID=print_date
AIRFLOW_CTX_EXECUTION_DATE=2021-04-25T04:10:00+00:00
AIRFLOW_CTX_DAG_RUN_ID=scheduled__2021-04-25T04:10:00+00:00
[2021-04-27 17:58:24,286] {bash.py:135} INFO - Tmp dir root location: 
 /tmp
[2021-04-27 17:58:24,287] {bash.py:158} INFO - Running command: date
[2021-04-27 17:58:24,296] {bash.py:169} INFO - Output:
[2021-04-27 17:58:24,298] {bash.py:173} INFO - Tue Apr 27 17:58:24 UTC 2021
[2021-04-27 17:58:24,298] {bash.py:177} INFO - Command exited with return code 0
[2021-04-27 17:58:24,324] {taskinstance.py:1166} INFO - Marking task as SUCCESS. dag_id=docker_sample, task_id=print_date, execution_date=20210425T041000, start_date=20210427T175824, end_date=20210427T175824
[2021-04-27 17:58:24,351] {taskinstance.py:1220} INFO - 2 downstream tasks scheduled from follow-on schedule check
[2021-04-27 17:58:24,377] {local_task_job.py:146} INFO - Task exited with return code 0
