[2021-04-21 20:06:18,136] {taskinstance.py:851} INFO - Dependencies all met for <TaskInstance: docker_sample.print_date 2021-04-19T00:50:00+00:00 [queued]>
[2021-04-21 20:06:18,180] {taskinstance.py:851} INFO - Dependencies all met for <TaskInstance: docker_sample.print_date 2021-04-19T00:50:00+00:00 [queued]>
[2021-04-21 20:06:18,182] {taskinstance.py:1042} INFO - 
--------------------------------------------------------------------------------
[2021-04-21 20:06:18,183] {taskinstance.py:1043} INFO - Starting attempt 1 of 2
[2021-04-21 20:06:18,185] {taskinstance.py:1044} INFO - 
--------------------------------------------------------------------------------
[2021-04-21 20:06:18,203] {taskinstance.py:1063} INFO - Executing <Task(BashOperator): print_date> on 2021-04-19T00:50:00+00:00
[2021-04-21 20:06:18,208] {standard_task_runner.py:52} INFO - Started process 62 to run task
[2021-04-21 20:06:18,227] {standard_task_runner.py:76} INFO - Running: ['airflow', 'tasks', 'run', 'docker_sample', 'print_date', '2021-04-19T00:50:00+00:00', '--job-id', '7', '--pool', 'default_pool', '--raw', '--subdir', 'DAGS_FOLDER/dockerOperator.py', '--cfg-path', '/tmp/tmpa673_myo', '--error-file', '/tmp/tmpxxqm6efo']
[2021-04-21 20:06:18,228] {standard_task_runner.py:77} INFO - Job 7: Subtask print_date
[2021-04-21 20:06:18,363] {logging_mixin.py:104} INFO - Running <TaskInstance: docker_sample.print_date 2021-04-19T00:50:00+00:00 [running]> on host 5af2b1cab26e
[2021-04-21 20:06:18,503] {taskinstance.py:1257} INFO - Exporting the following env vars:
AIRFLOW_CTX_DAG_EMAIL=airflow@example.com
AIRFLOW_CTX_DAG_OWNER=airflow
AIRFLOW_CTX_DAG_ID=docker_sample
AIRFLOW_CTX_TASK_ID=print_date
AIRFLOW_CTX_EXECUTION_DATE=2021-04-19T00:50:00+00:00
AIRFLOW_CTX_DAG_RUN_ID=scheduled__2021-04-19T00:50:00+00:00
[2021-04-21 20:06:18,505] {bash.py:135} INFO - Tmp dir root location: 
 /tmp
[2021-04-21 20:06:18,507] {bash.py:158} INFO - Running command: date
[2021-04-21 20:06:18,522] {bash.py:169} INFO - Output:
[2021-04-21 20:06:18,524] {bash.py:173} INFO - Wed Apr 21 20:06:18 UTC 2021
[2021-04-21 20:06:18,525] {bash.py:177} INFO - Command exited with return code 0
[2021-04-21 20:06:18,575] {taskinstance.py:1166} INFO - Marking task as SUCCESS. dag_id=docker_sample, task_id=print_date, execution_date=20210419T005000, start_date=20210421T200618, end_date=20210421T200618
[2021-04-21 20:06:18,670] {taskinstance.py:1220} INFO - 0 downstream tasks scheduled from follow-on schedule check
[2021-04-21 20:06:18,703] {local_task_job.py:146} INFO - Task exited with return code 0
[2021-04-21 20:12:24,765] {taskinstance.py:851} INFO - Dependencies all met for <TaskInstance: docker_sample.print_date 2021-04-19T00:50:00+00:00 [queued]>
[2021-04-21 20:12:24,867] {taskinstance.py:851} INFO - Dependencies all met for <TaskInstance: docker_sample.print_date 2021-04-19T00:50:00+00:00 [queued]>
[2021-04-21 20:12:24,871] {taskinstance.py:1042} INFO - 
--------------------------------------------------------------------------------
[2021-04-21 20:12:24,872] {taskinstance.py:1043} INFO - Starting attempt 1 of 2
[2021-04-21 20:12:24,875] {taskinstance.py:1044} INFO - 
--------------------------------------------------------------------------------
[2021-04-21 20:12:24,911] {taskinstance.py:1063} INFO - Executing <Task(BashOperator): print_date> on 2021-04-19T00:50:00+00:00
[2021-04-21 20:12:24,923] {standard_task_runner.py:52} INFO - Started process 69 to run task
[2021-04-21 20:12:24,940] {standard_task_runner.py:76} INFO - Running: ['airflow', 'tasks', 'run', 'docker_sample', 'print_date', '2021-04-19T00:50:00+00:00', '--job-id', '58', '--pool', 'default_pool', '--raw', '--subdir', 'DAGS_FOLDER/dockerOperator.py', '--cfg-path', '/tmp/tmpwc7krq2r', '--error-file', '/tmp/tmp3sb3rdhs']
[2021-04-21 20:12:24,941] {standard_task_runner.py:77} INFO - Job 58: Subtask print_date
[2021-04-21 20:12:25,083] {logging_mixin.py:104} INFO - Running <TaskInstance: docker_sample.print_date 2021-04-19T00:50:00+00:00 [running]> on host 5af2b1cab26e
[2021-04-21 20:12:25,184] {taskinstance.py:1257} INFO - Exporting the following env vars:
AIRFLOW_CTX_DAG_EMAIL=airflow@example.com
AIRFLOW_CTX_DAG_OWNER=airflow
AIRFLOW_CTX_DAG_ID=docker_sample
AIRFLOW_CTX_TASK_ID=print_date
AIRFLOW_CTX_EXECUTION_DATE=2021-04-19T00:50:00+00:00
AIRFLOW_CTX_DAG_RUN_ID=scheduled__2021-04-19T00:50:00+00:00
[2021-04-21 20:12:25,185] {bash.py:135} INFO - Tmp dir root location: 
 /tmp
[2021-04-21 20:12:25,187] {bash.py:158} INFO - Running command: date
[2021-04-21 20:12:25,213] {bash.py:169} INFO - Output:
[2021-04-21 20:12:25,217] {bash.py:173} INFO - Wed Apr 21 20:12:25 UTC 2021
[2021-04-21 20:12:25,217] {bash.py:177} INFO - Command exited with return code 0
[2021-04-21 20:12:25,279] {taskinstance.py:1166} INFO - Marking task as SUCCESS. dag_id=docker_sample, task_id=print_date, execution_date=20210419T005000, start_date=20210421T201224, end_date=20210421T201225
[2021-04-21 20:12:25,342] {taskinstance.py:1220} INFO - 2 downstream tasks scheduled from follow-on schedule check
[2021-04-21 20:12:25,405] {local_task_job.py:146} INFO - Task exited with return code 0
