[2021-05-02 11:21:08,839] {taskinstance.py:851} INFO - Dependencies all met for <TaskInstance: docker_ansible_sample.docker_ansible_copy_jar 2021-04-30T00:00:00+00:00 [queued]>
[2021-05-02 11:21:08,852] {taskinstance.py:851} INFO - Dependencies all met for <TaskInstance: docker_ansible_sample.docker_ansible_copy_jar 2021-04-30T00:00:00+00:00 [queued]>
[2021-05-02 11:21:08,852] {taskinstance.py:1042} INFO - 
--------------------------------------------------------------------------------
[2021-05-02 11:21:08,853] {taskinstance.py:1043} INFO - Starting attempt 1 of 2
[2021-05-02 11:21:08,855] {taskinstance.py:1044} INFO - 
--------------------------------------------------------------------------------
[2021-05-02 11:21:08,874] {taskinstance.py:1063} INFO - Executing <Task(DockerOperator): docker_ansible_copy_jar> on 2021-04-30T00:00:00+00:00
[2021-05-02 11:21:08,883] {standard_task_runner.py:52} INFO - Started process 46 to run task
[2021-05-02 11:21:08,892] {standard_task_runner.py:76} INFO - Running: ['airflow', 'tasks', 'run', 'docker_ansible_sample', 'docker_ansible_copy_jar', '2021-04-30T00:00:00+00:00', '--job-id', '4', '--pool', 'default_pool', '--raw', '--subdir', 'DAGS_FOLDER/dockerAnsibleOperator.py', '--cfg-path', '/tmp/tmpnx_0nrw4', '--error-file', '/tmp/tmpobuu4s0m']
[2021-05-02 11:21:08,894] {standard_task_runner.py:77} INFO - Job 4: Subtask docker_ansible_copy_jar
[2021-05-02 11:21:08,952] {logging_mixin.py:104} INFO - Running <TaskInstance: docker_ansible_sample.docker_ansible_copy_jar 2021-04-30T00:00:00+00:00 [running]> on host 04b8837eb843
[2021-05-02 11:21:09,020] {taskinstance.py:1257} INFO - Exporting the following env vars:
AIRFLOW_CTX_DAG_EMAIL=airflow@example.com
AIRFLOW_CTX_DAG_OWNER=airflow
AIRFLOW_CTX_DAG_ID=docker_ansible_sample
AIRFLOW_CTX_TASK_ID=docker_ansible_copy_jar
AIRFLOW_CTX_EXECUTION_DATE=2021-04-30T00:00:00+00:00
AIRFLOW_CTX_DAG_RUN_ID=scheduled__2021-04-30T00:00:00+00:00
[2021-05-02 11:21:09,036] {docker.py:224} INFO - Starting docker container from image kadirsahan/masdeploy:v1
[2021-05-02 11:21:19,941] {docker.py:263} INFO - PLAY [This is a hello-next example] ********************************************
[2021-05-02 11:21:19,948] {docker.py:263} INFO - TASK [Gathering Facts] *********************************************************
[2021-05-02 11:21:21,358] {docker.py:263} INFO - ok: [dckr-src-1]
[2021-05-02 11:21:21,370] {docker.py:263} INFO - TASK [Copy file from remote file  '/srcjar/abc.txt' to local '/tmp/testnext.txt'.] ***
[2021-05-02 11:21:22,568] {docker.py:263} INFO - changed: [dckr-src-1]
[2021-05-02 11:21:22,580] {docker.py:263} INFO - PLAY RECAP *********************************************************************
dckr-src-1                 : ok=2    changed=1    unreachable=0    failed=0    skipped=0    rescued=0    ignored=0
[2021-05-02 11:21:22,582] {docker.py:263} INFO - 
[2021-05-02 11:21:23,019] {docker.py:263} INFO - PLAY [This is a hello-next example] ********************************************
[2021-05-02 11:21:23,028] {docker.py:263} INFO - TASK [Gathering Facts] *********************************************************
[2021-05-02 11:21:24,478] {docker.py:263} INFO - ok: [dckr-trgt-1]
[2021-05-02 11:21:24,491] {docker.py:263} INFO - TASK [Copy file from local  '/tmp/testnext.txt' to remote  '/trgtjar/gnmn.txt'.] ***
[2021-05-02 11:21:25,898] {docker.py:263} INFO - changed: [dckr-trgt-1]
[2021-05-02 11:21:25,905] {docker.py:263} INFO - TASK [Stop  service monbileservice, if not stopped] ****************************
[2021-05-02 11:21:26,635] {docker.py:263} INFO - changed: [dckr-trgt-1]
[2021-05-02 11:21:26,642] {docker.py:263} INFO - TASK [Start service monbileservice, if not started] ****************************
[2021-05-02 11:21:27,169] {docker.py:263} INFO - changed: [dckr-trgt-1]
[2021-05-02 11:21:27,182] {docker.py:263} INFO - PLAY RECAP *********************************************************************
[2021-05-02 11:21:27,183] {docker.py:263} INFO - dckr-trgt-1                : ok=4    changed=3    unreachable=0    failed=0    skipped=0    rescued=0    ignored=0
[2021-05-02 11:21:27,184] {docker.py:263} INFO - 
[2021-05-02 11:21:27,413] {taskinstance.py:1166} INFO - Marking task as SUCCESS. dag_id=docker_ansible_sample, task_id=docker_ansible_copy_jar, execution_date=20210430T000000, start_date=20210502T112108, end_date=20210502T112127
[2021-05-02 11:21:27,441] {taskinstance.py:1220} INFO - 1 downstream tasks scheduled from follow-on schedule check
[2021-05-02 11:21:27,481] {local_task_job.py:146} INFO - Task exited with return code 0
