[2021-04-21 20:06:23,819] {taskinstance.py:851} INFO - Dependencies all met for <TaskInstance: docker_sample.sleep 2021-04-19T01:40:00+00:00 [queued]>
[2021-04-21 20:06:23,835] {taskinstance.py:851} INFO - Dependencies all met for <TaskInstance: docker_sample.sleep 2021-04-19T01:40:00+00:00 [queued]>
[2021-04-21 20:06:23,836] {taskinstance.py:1042} INFO - 
--------------------------------------------------------------------------------
[2021-04-21 20:06:23,837] {taskinstance.py:1043} INFO - Starting attempt 1 of 4
[2021-04-21 20:06:23,838] {taskinstance.py:1044} INFO - 
--------------------------------------------------------------------------------
[2021-04-21 20:06:23,866] {taskinstance.py:1063} INFO - Executing <Task(BashOperator): sleep> on 2021-04-19T01:40:00+00:00
[2021-04-21 20:06:23,881] {standard_task_runner.py:52} INFO - Started process 152 to run task
[2021-04-21 20:06:23,897] {standard_task_runner.py:76} INFO - Running: ['airflow', 'tasks', 'run', 'docker_sample', 'sleep', '2021-04-19T01:40:00+00:00', '--job-id', '42', '--pool', 'default_pool', '--raw', '--subdir', 'DAGS_FOLDER/dockerOperator.py', '--cfg-path', '/tmp/tmpg74ctcnw', '--error-file', '/tmp/tmpenjc294g']
[2021-04-21 20:06:23,900] {standard_task_runner.py:77} INFO - Job 42: Subtask sleep
[2021-04-21 20:06:24,055] {logging_mixin.py:104} INFO - Running <TaskInstance: docker_sample.sleep 2021-04-19T01:40:00+00:00 [running]> on host 5af2b1cab26e
[2021-04-21 20:06:24,145] {taskinstance.py:1257} INFO - Exporting the following env vars:
AIRFLOW_CTX_DAG_EMAIL=airflow@example.com
AIRFLOW_CTX_DAG_OWNER=airflow
AIRFLOW_CTX_DAG_ID=docker_sample
AIRFLOW_CTX_TASK_ID=sleep
AIRFLOW_CTX_EXECUTION_DATE=2021-04-19T01:40:00+00:00
AIRFLOW_CTX_DAG_RUN_ID=scheduled__2021-04-19T01:40:00+00:00
[2021-04-21 20:06:24,146] {bash.py:135} INFO - Tmp dir root location: 
 /tmp
[2021-04-21 20:06:24,151] {bash.py:158} INFO - Running command: sleep 5
[2021-04-21 20:06:24,177] {bash.py:169} INFO - Output:
[2021-04-21 20:06:29,181] {bash.py:177} INFO - Command exited with return code 0
[2021-04-21 20:06:29,210] {taskinstance.py:1166} INFO - Marking task as SUCCESS. dag_id=docker_sample, task_id=sleep, execution_date=20210419T014000, start_date=20210421T200623, end_date=20210421T200629
[2021-04-21 20:06:29,234] {taskinstance.py:1220} INFO - 0 downstream tasks scheduled from follow-on schedule check
[2021-04-21 20:06:29,286] {local_task_job.py:146} INFO - Task exited with return code 0
[2021-04-21 20:13:14,599] {taskinstance.py:851} INFO - Dependencies all met for <TaskInstance: docker_sample.sleep 2021-04-19T01:40:00+00:00 [queued]>
[2021-04-21 20:13:14,675] {taskinstance.py:851} INFO - Dependencies all met for <TaskInstance: docker_sample.sleep 2021-04-19T01:40:00+00:00 [queued]>
[2021-04-21 20:13:14,676] {taskinstance.py:1042} INFO - 
--------------------------------------------------------------------------------
[2021-04-21 20:13:14,677] {taskinstance.py:1043} INFO - Starting attempt 1 of 4
[2021-04-21 20:13:14,678] {taskinstance.py:1044} INFO - 
--------------------------------------------------------------------------------
[2021-04-21 20:13:14,698] {taskinstance.py:1063} INFO - Executing <Task(BashOperator): sleep> on 2021-04-19T01:40:00+00:00
[2021-04-21 20:13:14,715] {standard_task_runner.py:52} INFO - Started process 180 to run task
[2021-04-21 20:13:14,733] {standard_task_runner.py:76} INFO - Running: ['airflow', 'tasks', 'run', 'docker_sample', 'sleep', '2021-04-19T01:40:00+00:00', '--job-id', '102', '--pool', 'default_pool', '--raw', '--subdir', 'DAGS_FOLDER/dockerOperator.py', '--cfg-path', '/tmp/tmpy7j1wfkm', '--error-file', '/tmp/tmp5hhomvgt']
[2021-04-21 20:13:14,773] {standard_task_runner.py:77} INFO - Job 102: Subtask sleep
[2021-04-21 20:13:14,914] {logging_mixin.py:104} INFO - Running <TaskInstance: docker_sample.sleep 2021-04-19T01:40:00+00:00 [running]> on host 5af2b1cab26e
[2021-04-21 20:13:15,040] {taskinstance.py:1257} INFO - Exporting the following env vars:
AIRFLOW_CTX_DAG_EMAIL=airflow@example.com
AIRFLOW_CTX_DAG_OWNER=airflow
AIRFLOW_CTX_DAG_ID=docker_sample
AIRFLOW_CTX_TASK_ID=sleep
AIRFLOW_CTX_EXECUTION_DATE=2021-04-19T01:40:00+00:00
AIRFLOW_CTX_DAG_RUN_ID=scheduled__2021-04-19T01:40:00+00:00
[2021-04-21 20:13:15,051] {bash.py:135} INFO - Tmp dir root location: 
 /tmp
[2021-04-21 20:13:15,054] {bash.py:158} INFO - Running command: sleep 5
[2021-04-21 20:13:15,102] {bash.py:169} INFO - Output:
[2021-04-21 20:13:20,106] {bash.py:177} INFO - Command exited with return code 0
[2021-04-21 20:13:20,135] {taskinstance.py:1166} INFO - Marking task as SUCCESS. dag_id=docker_sample, task_id=sleep, execution_date=20210419T014000, start_date=20210421T201314, end_date=20210421T201320
[2021-04-21 20:13:20,156] {taskinstance.py:1220} INFO - 0 downstream tasks scheduled from follow-on schedule check
[2021-04-21 20:13:20,198] {local_task_job.py:146} INFO - Task exited with return code 0
