[2021-04-27 17:58:10,140] {taskinstance.py:851} INFO - Dependencies all met for <TaskInstance: docker_sample.print_hello 2021-04-25T01:50:00+00:00 [queued]>
[2021-04-27 17:58:10,166] {taskinstance.py:851} INFO - Dependencies all met for <TaskInstance: docker_sample.print_hello 2021-04-25T01:50:00+00:00 [queued]>
[2021-04-27 17:58:10,167] {taskinstance.py:1042} INFO - 
--------------------------------------------------------------------------------
[2021-04-27 17:58:10,169] {taskinstance.py:1043} INFO - Starting attempt 1 of 2
[2021-04-27 17:58:10,170] {taskinstance.py:1044} INFO - 
--------------------------------------------------------------------------------
[2021-04-27 17:58:10,188] {taskinstance.py:1063} INFO - Executing <Task(BashOperator): print_hello> on 2021-04-25T01:50:00+00:00
[2021-04-27 17:58:10,198] {standard_task_runner.py:52} INFO - Started process 202 to run task
[2021-04-27 17:58:10,206] {standard_task_runner.py:76} INFO - Running: ['airflow', 'tasks', 'run', 'docker_sample', 'print_hello', '2021-04-25T01:50:00+00:00', '--job-id', '60', '--pool', 'default_pool', '--raw', '--subdir', 'DAGS_FOLDER/dockerOperator.py', '--cfg-path', '/tmp/tmpsxbqs203', '--error-file', '/tmp/tmpyga5_zyk']
[2021-04-27 17:58:10,207] {standard_task_runner.py:77} INFO - Job 60: Subtask print_hello
[2021-04-27 17:58:10,290] {logging_mixin.py:104} INFO - Running <TaskInstance: docker_sample.print_hello 2021-04-25T01:50:00+00:00 [running]> on host 44e91a58ae1b
[2021-04-27 17:58:10,352] {taskinstance.py:1257} INFO - Exporting the following env vars:
AIRFLOW_CTX_DAG_EMAIL=airflow@example.com
AIRFLOW_CTX_DAG_OWNER=airflow
AIRFLOW_CTX_DAG_ID=docker_sample
AIRFLOW_CTX_TASK_ID=print_hello
AIRFLOW_CTX_EXECUTION_DATE=2021-04-25T01:50:00+00:00
AIRFLOW_CTX_DAG_RUN_ID=scheduled__2021-04-25T01:50:00+00:00
[2021-04-27 17:58:10,353] {bash.py:135} INFO - Tmp dir root location: 
 /tmp
[2021-04-27 17:58:10,355] {bash.py:158} INFO - Running command: echo "hello world!!!"
[2021-04-27 17:58:10,374] {bash.py:169} INFO - Output:
[2021-04-27 17:58:10,376] {bash.py:173} INFO - hello world!!!
[2021-04-27 17:58:10,377] {bash.py:177} INFO - Command exited with return code 0
[2021-04-27 17:58:10,429] {taskinstance.py:1166} INFO - Marking task as SUCCESS. dag_id=docker_sample, task_id=print_hello, execution_date=20210425T015000, start_date=20210427T175810, end_date=20210427T175810
[2021-04-27 17:58:10,517] {taskinstance.py:1220} INFO - 0 downstream tasks scheduled from follow-on schedule check
[2021-04-27 17:58:10,546] {local_task_job.py:146} INFO - Task exited with return code 0
