[2021-04-21 20:22:34,393] {taskinstance.py:851} INFO - Dependencies all met for <TaskInstance: docker_sample.print_date 2021-04-20T02:40:00+00:00 [queued]>
[2021-04-21 20:22:34,413] {taskinstance.py:851} INFO - Dependencies all met for <TaskInstance: docker_sample.print_date 2021-04-20T02:40:00+00:00 [queued]>
[2021-04-21 20:22:34,413] {taskinstance.py:1042} INFO - 
--------------------------------------------------------------------------------
[2021-04-21 20:22:34,414] {taskinstance.py:1043} INFO - Starting attempt 1 of 2
[2021-04-21 20:22:34,415] {taskinstance.py:1044} INFO - 
--------------------------------------------------------------------------------
[2021-04-21 20:22:34,422] {taskinstance.py:1063} INFO - Executing <Task(BashOperator): print_date> on 2021-04-20T02:40:00+00:00
[2021-04-21 20:22:34,426] {standard_task_runner.py:52} INFO - Started process 1803 to run task
[2021-04-21 20:22:34,434] {standard_task_runner.py:76} INFO - Running: ['airflow', 'tasks', 'run', 'docker_sample', 'print_date', '2021-04-20T02:40:00+00:00', '--job-id', '691', '--pool', 'default_pool', '--raw', '--subdir', 'DAGS_FOLDER/dockerOperator.py', '--cfg-path', '/tmp/tmpa8h8ps2q', '--error-file', '/tmp/tmpmsj9aan6']
[2021-04-21 20:22:34,435] {standard_task_runner.py:77} INFO - Job 691: Subtask print_date
[2021-04-21 20:22:34,482] {logging_mixin.py:104} INFO - Running <TaskInstance: docker_sample.print_date 2021-04-20T02:40:00+00:00 [running]> on host 5af2b1cab26e
[2021-04-21 20:22:34,530] {taskinstance.py:1257} INFO - Exporting the following env vars:
AIRFLOW_CTX_DAG_EMAIL=airflow@example.com
AIRFLOW_CTX_DAG_OWNER=airflow
AIRFLOW_CTX_DAG_ID=docker_sample
AIRFLOW_CTX_TASK_ID=print_date
AIRFLOW_CTX_EXECUTION_DATE=2021-04-20T02:40:00+00:00
AIRFLOW_CTX_DAG_RUN_ID=scheduled__2021-04-20T02:40:00+00:00
[2021-04-21 20:22:34,531] {bash.py:135} INFO - Tmp dir root location: 
 /tmp
[2021-04-21 20:22:34,532] {bash.py:158} INFO - Running command: date
[2021-04-21 20:22:34,544] {bash.py:169} INFO - Output:
[2021-04-21 20:22:34,547] {bash.py:173} INFO - Wed Apr 21 20:22:34 UTC 2021
[2021-04-21 20:22:34,548] {bash.py:177} INFO - Command exited with return code 0
[2021-04-21 20:22:34,578] {taskinstance.py:1166} INFO - Marking task as SUCCESS. dag_id=docker_sample, task_id=print_date, execution_date=20210420T024000, start_date=20210421T202234, end_date=20210421T202234
[2021-04-21 20:22:34,635] {taskinstance.py:1220} INFO - 0 downstream tasks scheduled from follow-on schedule check
[2021-04-21 20:22:34,647] {local_task_job.py:146} INFO - Task exited with return code 0
