[2021-04-23 12:23:29,099] {taskinstance.py:851} INFO - Dependencies all met for <TaskInstance: ks-2-example_kubernetes_pod.task-one 2019-01-01T00:00:00+00:00 [queued]>
[2021-04-23 12:23:29,116] {taskinstance.py:851} INFO - Dependencies all met for <TaskInstance: ks-2-example_kubernetes_pod.task-one 2019-01-01T00:00:00+00:00 [queued]>
[2021-04-23 12:23:29,117] {taskinstance.py:1042} INFO - 
--------------------------------------------------------------------------------
[2021-04-23 12:23:29,117] {taskinstance.py:1043} INFO - Starting attempt 1 of 2
[2021-04-23 12:23:29,118] {taskinstance.py:1044} INFO - 
--------------------------------------------------------------------------------
[2021-04-23 12:23:29,125] {taskinstance.py:1063} INFO - Executing <Task(KubernetesPodOperator): task-one> on 2019-01-01T00:00:00+00:00
[2021-04-23 12:23:29,128] {standard_task_runner.py:52} INFO - Started process 245 to run task
[2021-04-23 12:23:29,132] {standard_task_runner.py:76} INFO - Running: ['airflow', 'tasks', 'run', 'ks-2-example_kubernetes_pod', 'task-one', '2019-01-01T00:00:00+00:00', '--job-id', '811', '--pool', 'default_pool', '--raw', '--subdir', 'DAGS_FOLDER/kubernetesOperator.py', '--cfg-path', '/tmp/tmpqlrbifzt', '--error-file', '/tmp/tmpucrmwjbr']
[2021-04-23 12:23:29,133] {standard_task_runner.py:77} INFO - Job 811: Subtask task-one
[2021-04-23 12:23:29,179] {logging_mixin.py:104} INFO - Running <TaskInstance: ks-2-example_kubernetes_pod.task-one 2019-01-01T00:00:00+00:00 [running]> on host 5af2b1cab26e
[2021-04-23 12:23:29,217] {taskinstance.py:1257} INFO - Exporting the following env vars:
AIRFLOW_CTX_DAG_OWNER=airflow
AIRFLOW_CTX_DAG_ID=ks-2-example_kubernetes_pod
AIRFLOW_CTX_TASK_ID=task-one
AIRFLOW_CTX_EXECUTION_DATE=2019-01-01T00:00:00+00:00
AIRFLOW_CTX_DAG_RUN_ID=scheduled__2019-01-01T00:00:00+00:00
[2021-04-23 12:23:29,219] {taskinstance.py:1455} ERROR - Service host/port is not set.
Traceback (most recent call last):
  File "/home/airflow/.local/lib/python3.6/site-packages/airflow/models/taskinstance.py", line 1112, in _run_raw_task
    self._prepare_and_execute_task_with_callbacks(context, task)
  File "/home/airflow/.local/lib/python3.6/site-packages/airflow/models/taskinstance.py", line 1285, in _prepare_and_execute_task_with_callbacks
    result = self._execute_task(context, task_copy)
  File "/home/airflow/.local/lib/python3.6/site-packages/airflow/models/taskinstance.py", line 1315, in _execute_task
    result = task_copy.execute(context=context)
  File "/home/airflow/.local/lib/python3.6/site-packages/airflow/providers/cncf/kubernetes/operators/kubernetes_pod.py", line 304, in execute
    config_file=self.config_file,
  File "/home/airflow/.local/lib/python3.6/site-packages/airflow/kubernetes/kube_client.py", line 126, in get_kube_client
    client_conf = _get_kube_config(in_cluster, cluster_context, config_file)
  File "/home/airflow/.local/lib/python3.6/site-packages/airflow/kubernetes/kube_client.py", line 40, in _get_kube_config
    config.load_incluster_config()
  File "/home/airflow/.local/lib/python3.6/site-packages/kubernetes/config/incluster_config.py", line 94, in load_incluster_config
    cert_filename=SERVICE_CERT_FILENAME).load_and_set()
  File "/home/airflow/.local/lib/python3.6/site-packages/kubernetes/config/incluster_config.py", line 45, in load_and_set
    self._load_config()
  File "/home/airflow/.local/lib/python3.6/site-packages/kubernetes/config/incluster_config.py", line 51, in _load_config
    raise ConfigException("Service host/port is not set.")
kubernetes.config.config_exception.ConfigException: Service host/port is not set.
[2021-04-23 12:23:29,221] {taskinstance.py:1503} INFO - Marking task as UP_FOR_RETRY. dag_id=ks-2-example_kubernetes_pod, task_id=task-one, execution_date=20190101T000000, start_date=20210423T122329, end_date=20210423T122329
[2021-04-23 12:23:29,266] {local_task_job.py:146} INFO - Task exited with return code 1
