[2021-04-27 17:59:20,662] {taskinstance.py:851} INFO - Dependencies all met for <TaskInstance: docker_sample.print_date 2021-04-25T05:50:00+00:00 [queued]>
[2021-04-27 17:59:20,691] {taskinstance.py:851} INFO - Dependencies all met for <TaskInstance: docker_sample.print_date 2021-04-25T05:50:00+00:00 [queued]>
[2021-04-27 17:59:20,693] {taskinstance.py:1042} INFO - 
--------------------------------------------------------------------------------
[2021-04-27 17:59:20,694] {taskinstance.py:1043} INFO - Starting attempt 1 of 2
[2021-04-27 17:59:20,695] {taskinstance.py:1044} INFO - 
--------------------------------------------------------------------------------
[2021-04-27 17:59:20,718] {taskinstance.py:1063} INFO - Executing <Task(BashOperator): print_date> on 2021-04-25T05:50:00+00:00
[2021-04-27 17:59:20,726] {standard_task_runner.py:52} INFO - Started process 409 to run task
[2021-04-27 17:59:20,736] {standard_task_runner.py:76} INFO - Running: ['airflow', 'tasks', 'run', 'docker_sample', 'print_date', '2021-04-25T05:50:00+00:00', '--job-id', '133', '--pool', 'default_pool', '--raw', '--subdir', 'DAGS_FOLDER/dockerOperator.py', '--cfg-path', '/tmp/tmprcpngzxg', '--error-file', '/tmp/tmp2fi8p90m']
[2021-04-27 17:59:20,743] {standard_task_runner.py:77} INFO - Job 133: Subtask print_date
[2021-04-27 17:59:20,868] {logging_mixin.py:104} INFO - Running <TaskInstance: docker_sample.print_date 2021-04-25T05:50:00+00:00 [running]> on host 44e91a58ae1b
[2021-04-27 17:59:20,955] {taskinstance.py:1257} INFO - Exporting the following env vars:
AIRFLOW_CTX_DAG_EMAIL=airflow@example.com
AIRFLOW_CTX_DAG_OWNER=airflow
AIRFLOW_CTX_DAG_ID=docker_sample
AIRFLOW_CTX_TASK_ID=print_date
AIRFLOW_CTX_EXECUTION_DATE=2021-04-25T05:50:00+00:00
AIRFLOW_CTX_DAG_RUN_ID=scheduled__2021-04-25T05:50:00+00:00
[2021-04-27 17:59:20,959] {bash.py:135} INFO - Tmp dir root location: 
 /tmp
[2021-04-27 17:59:20,962] {bash.py:158} INFO - Running command: date
[2021-04-27 17:59:20,972] {bash.py:169} INFO - Output:
[2021-04-27 17:59:20,976] {bash.py:173} INFO - Tue Apr 27 17:59:20 UTC 2021
[2021-04-27 17:59:20,977] {bash.py:177} INFO - Command exited with return code 0
[2021-04-27 17:59:21,029] {taskinstance.py:1166} INFO - Marking task as SUCCESS. dag_id=docker_sample, task_id=print_date, execution_date=20210425T055000, start_date=20210427T175920, end_date=20210427T175921
[2021-04-27 17:59:21,189] {taskinstance.py:1220} INFO - 2 downstream tasks scheduled from follow-on schedule check
[2021-04-27 17:59:21,245] {local_task_job.py:146} INFO - Task exited with return code 0
