[2021-04-27 17:59:00,674] {taskinstance.py:851} INFO - Dependencies all met for <TaskInstance: docker_sample.print_hello 2021-04-25T04:00:00+00:00 [queued]>
[2021-04-27 17:59:00,744] {taskinstance.py:851} INFO - Dependencies all met for <TaskInstance: docker_sample.print_hello 2021-04-25T04:00:00+00:00 [queued]>
[2021-04-27 17:59:00,745] {taskinstance.py:1042} INFO - 
--------------------------------------------------------------------------------
[2021-04-27 17:59:00,745] {taskinstance.py:1043} INFO - Starting attempt 1 of 2
[2021-04-27 17:59:00,746] {taskinstance.py:1044} INFO - 
--------------------------------------------------------------------------------
[2021-04-27 17:59:00,792] {taskinstance.py:1063} INFO - Executing <Task(BashOperator): print_hello> on 2021-04-25T04:00:00+00:00
[2021-04-27 17:59:00,804] {standard_task_runner.py:52} INFO - Started process 373 to run task
[2021-04-27 17:59:00,838] {standard_task_runner.py:76} INFO - Running: ['airflow', 'tasks', 'run', 'docker_sample', 'print_hello', '2021-04-25T04:00:00+00:00', '--job-id', '120', '--pool', 'default_pool', '--raw', '--subdir', 'DAGS_FOLDER/dockerOperator.py', '--cfg-path', '/tmp/tmpi7g2sr5_', '--error-file', '/tmp/tmpwuwgn1qg']
[2021-04-27 17:59:00,841] {standard_task_runner.py:77} INFO - Job 120: Subtask print_hello
[2021-04-27 17:59:01,010] {logging_mixin.py:104} INFO - Running <TaskInstance: docker_sample.print_hello 2021-04-25T04:00:00+00:00 [running]> on host 44e91a58ae1b
[2021-04-27 17:59:01,155] {taskinstance.py:1257} INFO - Exporting the following env vars:
AIRFLOW_CTX_DAG_EMAIL=airflow@example.com
AIRFLOW_CTX_DAG_OWNER=airflow
AIRFLOW_CTX_DAG_ID=docker_sample
AIRFLOW_CTX_TASK_ID=print_hello
AIRFLOW_CTX_EXECUTION_DATE=2021-04-25T04:00:00+00:00
AIRFLOW_CTX_DAG_RUN_ID=scheduled__2021-04-25T04:00:00+00:00
[2021-04-27 17:59:01,157] {bash.py:135} INFO - Tmp dir root location: 
 /tmp
[2021-04-27 17:59:01,161] {bash.py:158} INFO - Running command: echo "hello world!!!"
[2021-04-27 17:59:01,204] {bash.py:169} INFO - Output:
[2021-04-27 17:59:01,206] {bash.py:173} INFO - hello world!!!
[2021-04-27 17:59:01,208] {bash.py:177} INFO - Command exited with return code 0
[2021-04-27 17:59:01,275] {taskinstance.py:1166} INFO - Marking task as SUCCESS. dag_id=docker_sample, task_id=print_hello, execution_date=20210425T040000, start_date=20210427T175900, end_date=20210427T175901
[2021-04-27 17:59:01,340] {taskinstance.py:1220} INFO - 0 downstream tasks scheduled from follow-on schedule check
[2021-04-27 17:59:01,407] {local_task_job.py:146} INFO - Task exited with return code 0
