[2021-04-27 21:15:19,173] {taskinstance.py:851} INFO - Dependencies all met for <TaskInstance: docker_spark_sample.sleep 2021-04-25T02:00:00+00:00 [queued]>
[2021-04-27 21:15:19,193] {taskinstance.py:851} INFO - Dependencies all met for <TaskInstance: docker_spark_sample.sleep 2021-04-25T02:00:00+00:00 [queued]>
[2021-04-27 21:15:19,194] {taskinstance.py:1042} INFO - 
--------------------------------------------------------------------------------
[2021-04-27 21:15:19,195] {taskinstance.py:1043} INFO - Starting attempt 1 of 4
[2021-04-27 21:15:19,196] {taskinstance.py:1044} INFO - 
--------------------------------------------------------------------------------
[2021-04-27 21:15:19,206] {taskinstance.py:1063} INFO - Executing <Task(BashOperator): sleep> on 2021-04-25T02:00:00+00:00
[2021-04-27 21:15:19,211] {standard_task_runner.py:52} INFO - Started process 156 to run task
[2021-04-27 21:15:19,219] {standard_task_runner.py:76} INFO - Running: ['airflow', 'tasks', 'run', 'docker_spark_sample', 'sleep', '2021-04-25T02:00:00+00:00', '--job-id', '45', '--pool', 'default_pool', '--raw', '--subdir', 'DAGS_FOLDER/dockerSparkOperator.py', '--cfg-path', '/tmp/tmpxqkw_4tq', '--error-file', '/tmp/tmpmvh6flrv']
[2021-04-27 21:15:19,220] {standard_task_runner.py:77} INFO - Job 45: Subtask sleep
[2021-04-27 21:15:19,276] {logging_mixin.py:104} INFO - Running <TaskInstance: docker_spark_sample.sleep 2021-04-25T02:00:00+00:00 [running]> on host 9e66ec21e68a
[2021-04-27 21:15:19,327] {taskinstance.py:1257} INFO - Exporting the following env vars:
AIRFLOW_CTX_DAG_EMAIL=airflow@example.com
AIRFLOW_CTX_DAG_OWNER=airflow
AIRFLOW_CTX_DAG_ID=docker_spark_sample
AIRFLOW_CTX_TASK_ID=sleep
AIRFLOW_CTX_EXECUTION_DATE=2021-04-25T02:00:00+00:00
AIRFLOW_CTX_DAG_RUN_ID=scheduled__2021-04-25T02:00:00+00:00
[2021-04-27 21:15:19,328] {bash.py:135} INFO - Tmp dir root location: 
 /tmp
[2021-04-27 21:15:19,330] {bash.py:158} INFO - Running command: sleep 5
[2021-04-27 21:15:19,341] {bash.py:169} INFO - Output:
[2021-04-27 21:15:24,346] {bash.py:177} INFO - Command exited with return code 0
[2021-04-27 21:15:24,378] {taskinstance.py:1166} INFO - Marking task as SUCCESS. dag_id=docker_spark_sample, task_id=sleep, execution_date=20210425T020000, start_date=20210427T211519, end_date=20210427T211524
[2021-04-27 21:15:24,414] {taskinstance.py:1220} INFO - 0 downstream tasks scheduled from follow-on schedule check
[2021-04-27 21:15:24,431] {local_task_job.py:146} INFO - Task exited with return code 0
