[2021-04-21 20:18:10,294] {taskinstance.py:851} INFO - Dependencies all met for <TaskInstance: docker_sample.sleep 2021-04-19T15:40:00+00:00 [queued]>
[2021-04-21 20:18:10,317] {taskinstance.py:851} INFO - Dependencies all met for <TaskInstance: docker_sample.sleep 2021-04-19T15:40:00+00:00 [queued]>
[2021-04-21 20:18:10,317] {taskinstance.py:1042} INFO - 
--------------------------------------------------------------------------------
[2021-04-21 20:18:10,318] {taskinstance.py:1043} INFO - Starting attempt 1 of 4
[2021-04-21 20:18:10,319] {taskinstance.py:1044} INFO - 
--------------------------------------------------------------------------------
[2021-04-21 20:18:10,325] {taskinstance.py:1063} INFO - Executing <Task(BashOperator): sleep> on 2021-04-19T15:40:00+00:00
[2021-04-21 20:18:10,329] {standard_task_runner.py:52} INFO - Started process 1067 to run task
[2021-04-21 20:18:10,333] {standard_task_runner.py:76} INFO - Running: ['airflow', 'tasks', 'run', 'docker_sample', 'sleep', '2021-04-19T15:40:00+00:00', '--job-id', '425', '--pool', 'default_pool', '--raw', '--subdir', 'DAGS_FOLDER/dockerOperator.py', '--cfg-path', '/tmp/tmp9owl0g6e', '--error-file', '/tmp/tmpup6820wu']
[2021-04-21 20:18:10,335] {standard_task_runner.py:77} INFO - Job 425: Subtask sleep
[2021-04-21 20:18:10,378] {logging_mixin.py:104} INFO - Running <TaskInstance: docker_sample.sleep 2021-04-19T15:40:00+00:00 [running]> on host 5af2b1cab26e
[2021-04-21 20:18:10,413] {taskinstance.py:1257} INFO - Exporting the following env vars:
AIRFLOW_CTX_DAG_EMAIL=airflow@example.com
AIRFLOW_CTX_DAG_OWNER=airflow
AIRFLOW_CTX_DAG_ID=docker_sample
AIRFLOW_CTX_TASK_ID=sleep
AIRFLOW_CTX_EXECUTION_DATE=2021-04-19T15:40:00+00:00
AIRFLOW_CTX_DAG_RUN_ID=scheduled__2021-04-19T15:40:00+00:00
[2021-04-21 20:18:10,415] {bash.py:135} INFO - Tmp dir root location: 
 /tmp
[2021-04-21 20:18:10,416] {bash.py:158} INFO - Running command: sleep 5
[2021-04-21 20:18:10,425] {bash.py:169} INFO - Output:
[2021-04-21 20:18:15,427] {bash.py:177} INFO - Command exited with return code 0
[2021-04-21 20:18:15,451] {taskinstance.py:1166} INFO - Marking task as SUCCESS. dag_id=docker_sample, task_id=sleep, execution_date=20210419T154000, start_date=20210421T201810, end_date=20210421T201815
[2021-04-21 20:18:15,481] {taskinstance.py:1220} INFO - 0 downstream tasks scheduled from follow-on schedule check
[2021-04-21 20:18:15,540] {local_task_job.py:146} INFO - Task exited with return code 0
