[2021-04-21 20:14:39,694] {taskinstance.py:851} INFO - Dependencies all met for <TaskInstance: docker_sample.print_date 2021-04-19T07:50:00+00:00 [queued]>
[2021-04-21 20:14:39,710] {taskinstance.py:851} INFO - Dependencies all met for <TaskInstance: docker_sample.print_date 2021-04-19T07:50:00+00:00 [queued]>
[2021-04-21 20:14:39,711] {taskinstance.py:1042} INFO - 
--------------------------------------------------------------------------------
[2021-04-21 20:14:39,711] {taskinstance.py:1043} INFO - Starting attempt 1 of 2
[2021-04-21 20:14:39,712] {taskinstance.py:1044} INFO - 
--------------------------------------------------------------------------------
[2021-04-21 20:14:39,725] {taskinstance.py:1063} INFO - Executing <Task(BashOperator): print_date> on 2021-04-19T07:50:00+00:00
[2021-04-21 20:14:39,734] {standard_task_runner.py:76} INFO - Running: ['airflow', 'tasks', 'run', 'docker_sample', 'print_date', '2021-04-19T07:50:00+00:00', '--job-id', '210', '--pool', 'default_pool', '--raw', '--subdir', 'DAGS_FOLDER/dockerOperator.py', '--cfg-path', '/tmp/tmpurbjc6qg', '--error-file', '/tmp/tmpbmu_06ts']
[2021-04-21 20:14:39,736] {standard_task_runner.py:77} INFO - Job 210: Subtask print_date
[2021-04-21 20:14:39,730] {standard_task_runner.py:52} INFO - Started process 476 to run task
[2021-04-21 20:14:39,792] {logging_mixin.py:104} INFO - Running <TaskInstance: docker_sample.print_date 2021-04-19T07:50:00+00:00 [running]> on host 5af2b1cab26e
[2021-04-21 20:14:39,833] {taskinstance.py:1257} INFO - Exporting the following env vars:
AIRFLOW_CTX_DAG_EMAIL=airflow@example.com
AIRFLOW_CTX_DAG_OWNER=airflow
AIRFLOW_CTX_DAG_ID=docker_sample
AIRFLOW_CTX_TASK_ID=print_date
AIRFLOW_CTX_EXECUTION_DATE=2021-04-19T07:50:00+00:00
AIRFLOW_CTX_DAG_RUN_ID=scheduled__2021-04-19T07:50:00+00:00
[2021-04-21 20:14:39,834] {bash.py:135} INFO - Tmp dir root location: 
 /tmp
[2021-04-21 20:14:39,835] {bash.py:158} INFO - Running command: date
[2021-04-21 20:14:39,845] {bash.py:169} INFO - Output:
[2021-04-21 20:14:39,849] {bash.py:173} INFO - Wed Apr 21 20:14:39 UTC 2021
[2021-04-21 20:14:39,850] {bash.py:177} INFO - Command exited with return code 0
[2021-04-21 20:14:39,879] {taskinstance.py:1166} INFO - Marking task as SUCCESS. dag_id=docker_sample, task_id=print_date, execution_date=20210419T075000, start_date=20210421T201439, end_date=20210421T201439
[2021-04-21 20:14:39,906] {taskinstance.py:1220} INFO - 2 downstream tasks scheduled from follow-on schedule check
[2021-04-21 20:14:39,954] {local_task_job.py:146} INFO - Task exited with return code 0
