[2021-04-23 11:26:27,699] {taskinstance.py:851} INFO - Dependencies all met for <TaskInstance: docker_sample.print_date 2021-04-21T01:20:00+00:00 [queued]>
[2021-04-23 11:26:27,742] {taskinstance.py:851} INFO - Dependencies all met for <TaskInstance: docker_sample.print_date 2021-04-21T01:20:00+00:00 [queued]>
[2021-04-23 11:26:27,743] {taskinstance.py:1042} INFO - 
--------------------------------------------------------------------------------
[2021-04-23 11:26:27,745] {taskinstance.py:1043} INFO - Starting attempt 1 of 2
[2021-04-23 11:26:27,747] {taskinstance.py:1044} INFO - 
--------------------------------------------------------------------------------
[2021-04-23 11:26:27,763] {taskinstance.py:1063} INFO - Executing <Task(BashOperator): print_date> on 2021-04-21T01:20:00+00:00
[2021-04-23 11:26:27,767] {standard_task_runner.py:52} INFO - Started process 155 to run task
[2021-04-23 11:26:27,777] {standard_task_runner.py:76} INFO - Running: ['airflow', 'tasks', 'run', 'docker_sample', 'print_date', '2021-04-21T01:20:00+00:00', '--job-id', '774', '--pool', 'default_pool', '--raw', '--subdir', 'DAGS_FOLDER/dockerOperator.py', '--cfg-path', '/tmp/tmpi67v8atp', '--error-file', '/tmp/tmp57ezyh5o']
[2021-04-23 11:26:27,778] {standard_task_runner.py:77} INFO - Job 774: Subtask print_date
[2021-04-23 11:26:27,883] {logging_mixin.py:104} INFO - Running <TaskInstance: docker_sample.print_date 2021-04-21T01:20:00+00:00 [running]> on host 5af2b1cab26e
[2021-04-23 11:26:27,970] {taskinstance.py:1257} INFO - Exporting the following env vars:
AIRFLOW_CTX_DAG_EMAIL=airflow@example.com
AIRFLOW_CTX_DAG_OWNER=airflow
AIRFLOW_CTX_DAG_ID=docker_sample
AIRFLOW_CTX_TASK_ID=print_date
AIRFLOW_CTX_EXECUTION_DATE=2021-04-21T01:20:00+00:00
AIRFLOW_CTX_DAG_RUN_ID=scheduled__2021-04-21T01:20:00+00:00
[2021-04-23 11:26:27,973] {bash.py:135} INFO - Tmp dir root location: 
 /tmp
[2021-04-23 11:26:27,974] {bash.py:158} INFO - Running command: date
[2021-04-23 11:26:28,007] {bash.py:169} INFO - Output:
[2021-04-23 11:26:28,012] {bash.py:173} INFO - Fri Apr 23 11:26:28 UTC 2021
[2021-04-23 11:26:28,013] {bash.py:177} INFO - Command exited with return code 0
[2021-04-23 11:26:28,076] {taskinstance.py:1166} INFO - Marking task as SUCCESS. dag_id=docker_sample, task_id=print_date, execution_date=20210421T012000, start_date=20210423T112627, end_date=20210423T112628
[2021-04-23 11:26:28,221] {taskinstance.py:1220} INFO - 0 downstream tasks scheduled from follow-on schedule check
[2021-04-23 11:26:28,235] {local_task_job.py:146} INFO - Task exited with return code 0
