[2021-05-02 11:24:42,852] {taskinstance.py:851} INFO - Dependencies all met for <TaskInstance: docker_ansible_sample.sleep 2021-05-02T11:24:41.215403+00:00 [queued]>
[2021-05-02 11:24:42,866] {taskinstance.py:851} INFO - Dependencies all met for <TaskInstance: docker_ansible_sample.sleep 2021-05-02T11:24:41.215403+00:00 [queued]>
[2021-05-02 11:24:42,868] {taskinstance.py:1042} INFO - 
--------------------------------------------------------------------------------
[2021-05-02 11:24:42,869] {taskinstance.py:1043} INFO - Starting attempt 1 of 4
[2021-05-02 11:24:42,869] {taskinstance.py:1044} INFO - 
--------------------------------------------------------------------------------
[2021-05-02 11:24:42,884] {taskinstance.py:1063} INFO - Executing <Task(BashOperator): sleep> on 2021-05-02T11:24:41.215403+00:00
[2021-05-02 11:24:42,888] {standard_task_runner.py:52} INFO - Started process 58 to run task
[2021-05-02 11:24:42,895] {standard_task_runner.py:76} INFO - Running: ['airflow', 'tasks', 'run', 'docker_ansible_sample', 'sleep', '2021-05-02T11:24:41.215403+00:00', '--job-id', '9', '--pool', 'default_pool', '--raw', '--subdir', 'DAGS_FOLDER/dockerAnsibleOperator.py', '--cfg-path', '/tmp/tmp_aus0cjh', '--error-file', '/tmp/tmp7hdil0v8']
[2021-05-02 11:24:42,897] {standard_task_runner.py:77} INFO - Job 9: Subtask sleep
[2021-05-02 11:24:42,948] {logging_mixin.py:104} INFO - Running <TaskInstance: docker_ansible_sample.sleep 2021-05-02T11:24:41.215403+00:00 [running]> on host 04b8837eb843
[2021-05-02 11:24:42,988] {taskinstance.py:1257} INFO - Exporting the following env vars:
AIRFLOW_CTX_DAG_EMAIL=airflow@example.com
AIRFLOW_CTX_DAG_OWNER=airflow
AIRFLOW_CTX_DAG_ID=docker_ansible_sample
AIRFLOW_CTX_TASK_ID=sleep
AIRFLOW_CTX_EXECUTION_DATE=2021-05-02T11:24:41.215403+00:00
AIRFLOW_CTX_DAG_RUN_ID=manual__2021-05-02T11:24:41.215403+00:00
[2021-05-02 11:24:42,990] {bash.py:135} INFO - Tmp dir root location: 
 /tmp
[2021-05-02 11:24:42,991] {bash.py:158} INFO - Running command: sleep 5
[2021-05-02 11:24:43,004] {bash.py:169} INFO - Output:
[2021-05-02 11:24:48,007] {bash.py:177} INFO - Command exited with return code 0
[2021-05-02 11:24:48,036] {taskinstance.py:1166} INFO - Marking task as SUCCESS. dag_id=docker_ansible_sample, task_id=sleep, execution_date=20210502T112441, start_date=20210502T112442, end_date=20210502T112448
[2021-05-02 11:24:48,075] {taskinstance.py:1220} INFO - 0 downstream tasks scheduled from follow-on schedule check
[2021-05-02 11:24:48,112] {local_task_job.py:146} INFO - Task exited with return code 0
