[2021-04-21 20:20:40,675] {taskinstance.py:851} INFO - Dependencies all met for <TaskInstance: docker_sample.print_date 2021-04-19T23:50:00+00:00 [queued]>
[2021-04-21 20:20:40,696] {taskinstance.py:851} INFO - Dependencies all met for <TaskInstance: docker_sample.print_date 2021-04-19T23:50:00+00:00 [queued]>
[2021-04-21 20:20:40,697] {taskinstance.py:1042} INFO - 
--------------------------------------------------------------------------------
[2021-04-21 20:20:40,699] {taskinstance.py:1043} INFO - Starting attempt 1 of 2
[2021-04-21 20:20:40,701] {taskinstance.py:1044} INFO - 
--------------------------------------------------------------------------------
[2021-04-21 20:20:40,713] {taskinstance.py:1063} INFO - Executing <Task(BashOperator): print_date> on 2021-04-19T23:50:00+00:00
[2021-04-21 20:20:40,722] {standard_task_runner.py:52} INFO - Started process 1531 to run task
[2021-04-21 20:20:40,732] {standard_task_runner.py:76} INFO - Running: ['airflow', 'tasks', 'run', 'docker_sample', 'print_date', '2021-04-19T23:50:00+00:00', '--job-id', '593', '--pool', 'default_pool', '--raw', '--subdir', 'DAGS_FOLDER/dockerOperator.py', '--cfg-path', '/tmp/tmpilmsone3', '--error-file', '/tmp/tmp2x6vd1ow']
[2021-04-21 20:20:40,733] {standard_task_runner.py:77} INFO - Job 593: Subtask print_date
[2021-04-21 20:20:40,826] {logging_mixin.py:104} INFO - Running <TaskInstance: docker_sample.print_date 2021-04-19T23:50:00+00:00 [running]> on host 5af2b1cab26e
[2021-04-21 20:20:40,900] {taskinstance.py:1257} INFO - Exporting the following env vars:
AIRFLOW_CTX_DAG_EMAIL=airflow@example.com
AIRFLOW_CTX_DAG_OWNER=airflow
AIRFLOW_CTX_DAG_ID=docker_sample
AIRFLOW_CTX_TASK_ID=print_date
AIRFLOW_CTX_EXECUTION_DATE=2021-04-19T23:50:00+00:00
AIRFLOW_CTX_DAG_RUN_ID=scheduled__2021-04-19T23:50:00+00:00
[2021-04-21 20:20:40,904] {bash.py:135} INFO - Tmp dir root location: 
 /tmp
[2021-04-21 20:20:40,906] {bash.py:158} INFO - Running command: date
[2021-04-21 20:20:40,924] {bash.py:169} INFO - Output:
[2021-04-21 20:20:40,926] {bash.py:173} INFO - Wed Apr 21 20:20:40 UTC 2021
[2021-04-21 20:20:40,928] {bash.py:177} INFO - Command exited with return code 0
[2021-04-21 20:20:40,967] {taskinstance.py:1166} INFO - Marking task as SUCCESS. dag_id=docker_sample, task_id=print_date, execution_date=20210419T235000, start_date=20210421T202040, end_date=20210421T202040
[2021-04-21 20:20:41,001] {taskinstance.py:1220} INFO - 2 downstream tasks scheduled from follow-on schedule check
[2021-04-21 20:20:41,037] {local_task_job.py:146} INFO - Task exited with return code 0
