[2021-04-27 21:11:51,168] {taskinstance.py:851} INFO - Dependencies all met for <TaskInstance: docker_spark_sample.print_date 2021-04-25T01:10:00+00:00 [queued]>
[2021-04-27 21:11:51,308] {taskinstance.py:851} INFO - Dependencies all met for <TaskInstance: docker_spark_sample.print_date 2021-04-25T01:10:00+00:00 [queued]>
[2021-04-27 21:11:51,324] {taskinstance.py:1042} INFO - 
--------------------------------------------------------------------------------
[2021-04-27 21:11:51,329] {taskinstance.py:1043} INFO - Starting attempt 1 of 2
[2021-04-27 21:11:51,331] {taskinstance.py:1044} INFO - 
--------------------------------------------------------------------------------
[2021-04-27 21:11:51,418] {taskinstance.py:1063} INFO - Executing <Task(BashOperator): print_date> on 2021-04-25T01:10:00+00:00
[2021-04-27 21:11:51,527] {standard_task_runner.py:76} INFO - Running: ['airflow', 'tasks', 'run', 'docker_spark_sample', 'print_date', '2021-04-25T01:10:00+00:00', '--job-id', '15', '--pool', 'default_pool', '--raw', '--subdir', 'DAGS_FOLDER/dockerSparkOperator.py', '--cfg-path', '/tmp/tmpa_810j61', '--error-file', '/tmp/tmp4zsknqvu']
[2021-04-27 21:11:51,552] {standard_task_runner.py:77} INFO - Job 15: Subtask print_date
[2021-04-27 21:11:51,443] {standard_task_runner.py:52} INFO - Started process 82 to run task
[2021-04-27 21:11:51,908] {logging_mixin.py:104} INFO - Running <TaskInstance: docker_spark_sample.print_date 2021-04-25T01:10:00+00:00 [running]> on host 9e66ec21e68a
[2021-04-27 21:11:52,055] {taskinstance.py:1257} INFO - Exporting the following env vars:
AIRFLOW_CTX_DAG_EMAIL=airflow@example.com
AIRFLOW_CTX_DAG_OWNER=airflow
AIRFLOW_CTX_DAG_ID=docker_spark_sample
AIRFLOW_CTX_TASK_ID=print_date
AIRFLOW_CTX_EXECUTION_DATE=2021-04-25T01:10:00+00:00
AIRFLOW_CTX_DAG_RUN_ID=scheduled__2021-04-25T01:10:00+00:00
[2021-04-27 21:11:52,057] {bash.py:135} INFO - Tmp dir root location: 
 /tmp
[2021-04-27 21:11:52,059] {bash.py:158} INFO - Running command: date
[2021-04-27 21:11:52,096] {bash.py:169} INFO - Output:
[2021-04-27 21:11:52,111] {bash.py:173} INFO - Tue Apr 27 21:11:52 UTC 2021
[2021-04-27 21:11:52,113] {bash.py:177} INFO - Command exited with return code 0
[2021-04-27 21:11:52,231] {taskinstance.py:1166} INFO - Marking task as SUCCESS. dag_id=docker_spark_sample, task_id=print_date, execution_date=20210425T011000, start_date=20210427T211151, end_date=20210427T211152
[2021-04-27 21:11:52,340] {taskinstance.py:1220} INFO - 2 downstream tasks scheduled from follow-on schedule check
[2021-04-27 21:11:52,375] {local_task_job.py:146} INFO - Task exited with return code 0
