[2021-04-21 20:20:14,645] {taskinstance.py:851} INFO - Dependencies all met for <TaskInstance: docker_sample.print_hello 2021-04-19T21:10:00+00:00 [queued]>
[2021-04-21 20:20:14,667] {taskinstance.py:851} INFO - Dependencies all met for <TaskInstance: docker_sample.print_hello 2021-04-19T21:10:00+00:00 [queued]>
[2021-04-21 20:20:14,669] {taskinstance.py:1042} INFO - 
--------------------------------------------------------------------------------
[2021-04-21 20:20:14,670] {taskinstance.py:1043} INFO - Starting attempt 1 of 2
[2021-04-21 20:20:14,671] {taskinstance.py:1044} INFO - 
--------------------------------------------------------------------------------
[2021-04-21 20:20:14,686] {taskinstance.py:1063} INFO - Executing <Task(BashOperator): print_hello> on 2021-04-19T21:10:00+00:00
[2021-04-21 20:20:14,695] {standard_task_runner.py:76} INFO - Running: ['airflow', 'tasks', 'run', 'docker_sample', 'print_hello', '2021-04-19T21:10:00+00:00', '--job-id', '562', '--pool', 'default_pool', '--raw', '--subdir', 'DAGS_FOLDER/dockerOperator.py', '--cfg-path', '/tmp/tmpqu1wr_53', '--error-file', '/tmp/tmpnzgt7d02']
[2021-04-21 20:20:14,690] {standard_task_runner.py:52} INFO - Started process 1446 to run task
[2021-04-21 20:20:14,696] {standard_task_runner.py:77} INFO - Job 562: Subtask print_hello
[2021-04-21 20:20:14,738] {logging_mixin.py:104} INFO - Running <TaskInstance: docker_sample.print_hello 2021-04-19T21:10:00+00:00 [running]> on host 5af2b1cab26e
[2021-04-21 20:20:14,771] {taskinstance.py:1257} INFO - Exporting the following env vars:
AIRFLOW_CTX_DAG_EMAIL=airflow@example.com
AIRFLOW_CTX_DAG_OWNER=airflow
AIRFLOW_CTX_DAG_ID=docker_sample
AIRFLOW_CTX_TASK_ID=print_hello
AIRFLOW_CTX_EXECUTION_DATE=2021-04-19T21:10:00+00:00
AIRFLOW_CTX_DAG_RUN_ID=scheduled__2021-04-19T21:10:00+00:00
[2021-04-21 20:20:14,773] {bash.py:135} INFO - Tmp dir root location: 
 /tmp
[2021-04-21 20:20:14,774] {bash.py:158} INFO - Running command: echo "hello world!!!"
[2021-04-21 20:20:14,781] {bash.py:169} INFO - Output:
[2021-04-21 20:20:14,783] {bash.py:173} INFO - hello world!!!
[2021-04-21 20:20:14,784] {bash.py:177} INFO - Command exited with return code 0
[2021-04-21 20:20:14,812] {taskinstance.py:1166} INFO - Marking task as SUCCESS. dag_id=docker_sample, task_id=print_hello, execution_date=20210419T211000, start_date=20210421T202014, end_date=20210421T202014
[2021-04-21 20:20:14,845] {taskinstance.py:1220} INFO - 0 downstream tasks scheduled from follow-on schedule check
[2021-04-21 20:20:14,872] {local_task_job.py:146} INFO - Task exited with return code 0
