[2021-04-27 21:11:53,255] {taskinstance.py:851} INFO - Dependencies all met for <TaskInstance: docker_spark_sample.sleep 2021-04-25T00:50:00+00:00 [queued]>
[2021-04-27 21:11:53,348] {taskinstance.py:851} INFO - Dependencies all met for <TaskInstance: docker_spark_sample.sleep 2021-04-25T00:50:00+00:00 [queued]>
[2021-04-27 21:11:53,350] {taskinstance.py:1042} INFO - 
--------------------------------------------------------------------------------
[2021-04-27 21:11:53,351] {taskinstance.py:1043} INFO - Starting attempt 1 of 4
[2021-04-27 21:11:53,353] {taskinstance.py:1044} INFO - 
--------------------------------------------------------------------------------
[2021-04-27 21:11:53,378] {taskinstance.py:1063} INFO - Executing <Task(BashOperator): sleep> on 2021-04-25T00:50:00+00:00
[2021-04-27 21:11:53,391] {standard_task_runner.py:52} INFO - Started process 100 to run task
[2021-04-27 21:11:53,406] {standard_task_runner.py:76} INFO - Running: ['airflow', 'tasks', 'run', 'docker_spark_sample', 'sleep', '2021-04-25T00:50:00+00:00', '--job-id', '23', '--pool', 'default_pool', '--raw', '--subdir', 'DAGS_FOLDER/dockerSparkOperator.py', '--cfg-path', '/tmp/tmpbufd8nn8', '--error-file', '/tmp/tmp6kx8yob0']
[2021-04-27 21:11:53,413] {standard_task_runner.py:77} INFO - Job 23: Subtask sleep
[2021-04-27 21:11:53,542] {logging_mixin.py:104} INFO - Running <TaskInstance: docker_spark_sample.sleep 2021-04-25T00:50:00+00:00 [running]> on host 9e66ec21e68a
[2021-04-27 21:11:53,644] {taskinstance.py:1257} INFO - Exporting the following env vars:
AIRFLOW_CTX_DAG_EMAIL=airflow@example.com
AIRFLOW_CTX_DAG_OWNER=airflow
AIRFLOW_CTX_DAG_ID=docker_spark_sample
AIRFLOW_CTX_TASK_ID=sleep
AIRFLOW_CTX_EXECUTION_DATE=2021-04-25T00:50:00+00:00
AIRFLOW_CTX_DAG_RUN_ID=scheduled__2021-04-25T00:50:00+00:00
[2021-04-27 21:11:53,646] {bash.py:135} INFO - Tmp dir root location: 
 /tmp
[2021-04-27 21:11:53,649] {bash.py:158} INFO - Running command: sleep 5
[2021-04-27 21:11:53,665] {bash.py:169} INFO - Output:
[2021-04-27 21:11:58,667] {bash.py:177} INFO - Command exited with return code 0
[2021-04-27 21:11:58,698] {taskinstance.py:1166} INFO - Marking task as SUCCESS. dag_id=docker_spark_sample, task_id=sleep, execution_date=20210425T005000, start_date=20210427T211153, end_date=20210427T211158
[2021-04-27 21:11:58,729] {taskinstance.py:1220} INFO - 0 downstream tasks scheduled from follow-on schedule check
[2021-04-27 21:11:58,777] {local_task_job.py:146} INFO - Task exited with return code 0
