[2021-04-27 17:58:23,393] {taskinstance.py:851} INFO - Dependencies all met for <TaskInstance: docker_sample.sleep 2021-04-25T03:40:00+00:00 [queued]>
[2021-04-27 17:58:23,425] {taskinstance.py:851} INFO - Dependencies all met for <TaskInstance: docker_sample.sleep 2021-04-25T03:40:00+00:00 [queued]>
[2021-04-27 17:58:23,426] {taskinstance.py:1042} INFO - 
--------------------------------------------------------------------------------
[2021-04-27 17:58:23,427] {taskinstance.py:1043} INFO - Starting attempt 1 of 4
[2021-04-27 17:58:23,428] {taskinstance.py:1044} INFO - 
--------------------------------------------------------------------------------
[2021-04-27 17:58:23,439] {taskinstance.py:1063} INFO - Executing <Task(BashOperator): sleep> on 2021-04-25T03:40:00+00:00
[2021-04-27 17:58:23,447] {standard_task_runner.py:52} INFO - Started process 276 to run task
[2021-04-27 17:58:23,454] {standard_task_runner.py:76} INFO - Running: ['airflow', 'tasks', 'run', 'docker_sample', 'sleep', '2021-04-25T03:40:00+00:00', '--job-id', '86', '--pool', 'default_pool', '--raw', '--subdir', 'DAGS_FOLDER/dockerOperator.py', '--cfg-path', '/tmp/tmpkm44028g', '--error-file', '/tmp/tmpeak8565s']
[2021-04-27 17:58:23,457] {standard_task_runner.py:77} INFO - Job 86: Subtask sleep
[2021-04-27 17:58:23,543] {logging_mixin.py:104} INFO - Running <TaskInstance: docker_sample.sleep 2021-04-25T03:40:00+00:00 [running]> on host 44e91a58ae1b
[2021-04-27 17:58:23,598] {taskinstance.py:1257} INFO - Exporting the following env vars:
AIRFLOW_CTX_DAG_EMAIL=airflow@example.com
AIRFLOW_CTX_DAG_OWNER=airflow
AIRFLOW_CTX_DAG_ID=docker_sample
AIRFLOW_CTX_TASK_ID=sleep
AIRFLOW_CTX_EXECUTION_DATE=2021-04-25T03:40:00+00:00
AIRFLOW_CTX_DAG_RUN_ID=scheduled__2021-04-25T03:40:00+00:00
[2021-04-27 17:58:23,601] {bash.py:135} INFO - Tmp dir root location: 
 /tmp
[2021-04-27 17:58:23,603] {bash.py:158} INFO - Running command: sleep 5
[2021-04-27 17:58:23,619] {bash.py:169} INFO - Output:
[2021-04-27 17:58:28,627] {bash.py:177} INFO - Command exited with return code 0
[2021-04-27 17:58:28,721] {taskinstance.py:1166} INFO - Marking task as SUCCESS. dag_id=docker_sample, task_id=sleep, execution_date=20210425T034000, start_date=20210427T175823, end_date=20210427T175828
[2021-04-27 17:58:28,797] {taskinstance.py:1220} INFO - 0 downstream tasks scheduled from follow-on schedule check
[2021-04-27 17:58:28,818] {local_task_job.py:146} INFO - Task exited with return code 0
