[2021-04-27 17:58:07,071] {taskinstance.py:851} INFO - Dependencies all met for <TaskInstance: docker_sample.print_hello 2021-04-25T01:00:00+00:00 [queued]>
[2021-04-27 17:58:07,116] {taskinstance.py:851} INFO - Dependencies all met for <TaskInstance: docker_sample.print_hello 2021-04-25T01:00:00+00:00 [queued]>
[2021-04-27 17:58:07,116] {taskinstance.py:1042} INFO - 
--------------------------------------------------------------------------------
[2021-04-27 17:58:07,117] {taskinstance.py:1043} INFO - Starting attempt 1 of 2
[2021-04-27 17:58:07,118] {taskinstance.py:1044} INFO - 
--------------------------------------------------------------------------------
[2021-04-27 17:58:07,140] {taskinstance.py:1063} INFO - Executing <Task(BashOperator): print_hello> on 2021-04-25T01:00:00+00:00
[2021-04-27 17:58:07,146] {standard_task_runner.py:52} INFO - Started process 160 to run task
[2021-04-27 17:58:07,174] {standard_task_runner.py:76} INFO - Running: ['airflow', 'tasks', 'run', 'docker_sample', 'print_hello', '2021-04-25T01:00:00+00:00', '--job-id', '46', '--pool', 'default_pool', '--raw', '--subdir', 'DAGS_FOLDER/dockerOperator.py', '--cfg-path', '/tmp/tmpbuy00dzc', '--error-file', '/tmp/tmp_7rjfvj2']
[2021-04-27 17:58:07,176] {standard_task_runner.py:77} INFO - Job 46: Subtask print_hello
[2021-04-27 17:58:07,290] {logging_mixin.py:104} INFO - Running <TaskInstance: docker_sample.print_hello 2021-04-25T01:00:00+00:00 [running]> on host 44e91a58ae1b
[2021-04-27 17:58:07,393] {taskinstance.py:1257} INFO - Exporting the following env vars:
AIRFLOW_CTX_DAG_EMAIL=airflow@example.com
AIRFLOW_CTX_DAG_OWNER=airflow
AIRFLOW_CTX_DAG_ID=docker_sample
AIRFLOW_CTX_TASK_ID=print_hello
AIRFLOW_CTX_EXECUTION_DATE=2021-04-25T01:00:00+00:00
AIRFLOW_CTX_DAG_RUN_ID=scheduled__2021-04-25T01:00:00+00:00
[2021-04-27 17:58:07,398] {bash.py:135} INFO - Tmp dir root location: 
 /tmp
[2021-04-27 17:58:07,400] {bash.py:158} INFO - Running command: echo "hello world!!!"
[2021-04-27 17:58:07,424] {bash.py:169} INFO - Output:
[2021-04-27 17:58:07,427] {bash.py:173} INFO - hello world!!!
[2021-04-27 17:58:07,428] {bash.py:177} INFO - Command exited with return code 0
[2021-04-27 17:58:07,487] {taskinstance.py:1166} INFO - Marking task as SUCCESS. dag_id=docker_sample, task_id=print_hello, execution_date=20210425T010000, start_date=20210427T175807, end_date=20210427T175807
[2021-04-27 17:58:07,542] {taskinstance.py:1220} INFO - 0 downstream tasks scheduled from follow-on schedule check
[2021-04-27 17:58:07,572] {local_task_job.py:146} INFO - Task exited with return code 0
