[2021-04-27 17:58:21,045] {taskinstance.py:851} INFO - Dependencies all met for <TaskInstance: docker_sample.print_date 2021-04-25T03:30:00+00:00 [queued]>
[2021-04-27 17:58:21,085] {taskinstance.py:851} INFO - Dependencies all met for <TaskInstance: docker_sample.print_date 2021-04-25T03:30:00+00:00 [queued]>
[2021-04-27 17:58:21,086] {taskinstance.py:1042} INFO - 
--------------------------------------------------------------------------------
[2021-04-27 17:58:21,087] {taskinstance.py:1043} INFO - Starting attempt 1 of 2
[2021-04-27 17:58:21,089] {taskinstance.py:1044} INFO - 
--------------------------------------------------------------------------------
[2021-04-27 17:58:21,106] {taskinstance.py:1063} INFO - Executing <Task(BashOperator): print_date> on 2021-04-25T03:30:00+00:00
[2021-04-27 17:58:21,118] {standard_task_runner.py:52} INFO - Started process 237 to run task
[2021-04-27 17:58:21,130] {standard_task_runner.py:76} INFO - Running: ['airflow', 'tasks', 'run', 'docker_sample', 'print_date', '2021-04-25T03:30:00+00:00', '--job-id', '71', '--pool', 'default_pool', '--raw', '--subdir', 'DAGS_FOLDER/dockerOperator.py', '--cfg-path', '/tmp/tmpkmdtzm4_', '--error-file', '/tmp/tmpo4w78v98']
[2021-04-27 17:58:21,132] {standard_task_runner.py:77} INFO - Job 71: Subtask print_date
[2021-04-27 17:58:21,245] {logging_mixin.py:104} INFO - Running <TaskInstance: docker_sample.print_date 2021-04-25T03:30:00+00:00 [running]> on host 44e91a58ae1b
[2021-04-27 17:58:21,346] {taskinstance.py:1257} INFO - Exporting the following env vars:
AIRFLOW_CTX_DAG_EMAIL=airflow@example.com
AIRFLOW_CTX_DAG_OWNER=airflow
AIRFLOW_CTX_DAG_ID=docker_sample
AIRFLOW_CTX_TASK_ID=print_date
AIRFLOW_CTX_EXECUTION_DATE=2021-04-25T03:30:00+00:00
AIRFLOW_CTX_DAG_RUN_ID=scheduled__2021-04-25T03:30:00+00:00
[2021-04-27 17:58:21,348] {bash.py:135} INFO - Tmp dir root location: 
 /tmp
[2021-04-27 17:58:21,350] {bash.py:158} INFO - Running command: date
[2021-04-27 17:58:21,365] {bash.py:169} INFO - Output:
[2021-04-27 17:58:21,370] {bash.py:173} INFO - Tue Apr 27 17:58:21 UTC 2021
[2021-04-27 17:58:21,371] {bash.py:177} INFO - Command exited with return code 0
[2021-04-27 17:58:21,441] {taskinstance.py:1166} INFO - Marking task as SUCCESS. dag_id=docker_sample, task_id=print_date, execution_date=20210425T033000, start_date=20210427T175821, end_date=20210427T175821
[2021-04-27 17:58:21,526] {taskinstance.py:1220} INFO - 2 downstream tasks scheduled from follow-on schedule check
[2021-04-27 17:58:21,594] {local_task_job.py:146} INFO - Task exited with return code 0
