[2021-04-21 20:18:12,013] {taskinstance.py:851} INFO - Dependencies all met for <TaskInstance: docker_sample.print_hello 2021-04-19T15:00:00+00:00 [queued]>
[2021-04-21 20:18:12,038] {taskinstance.py:851} INFO - Dependencies all met for <TaskInstance: docker_sample.print_hello 2021-04-19T15:00:00+00:00 [queued]>
[2021-04-21 20:18:12,039] {taskinstance.py:1042} INFO - 
--------------------------------------------------------------------------------
[2021-04-21 20:18:12,039] {taskinstance.py:1043} INFO - Starting attempt 1 of 2
[2021-04-21 20:18:12,040] {taskinstance.py:1044} INFO - 
--------------------------------------------------------------------------------
[2021-04-21 20:18:12,060] {taskinstance.py:1063} INFO - Executing <Task(BashOperator): print_hello> on 2021-04-19T15:00:00+00:00
[2021-04-21 20:18:12,067] {standard_task_runner.py:52} INFO - Started process 1072 to run task
[2021-04-21 20:18:12,072] {standard_task_runner.py:76} INFO - Running: ['airflow', 'tasks', 'run', 'docker_sample', 'print_hello', '2021-04-19T15:00:00+00:00', '--job-id', '426', '--pool', 'default_pool', '--raw', '--subdir', 'DAGS_FOLDER/dockerOperator.py', '--cfg-path', '/tmp/tmposwhrexn', '--error-file', '/tmp/tmp96gd0zan']
[2021-04-21 20:18:12,074] {standard_task_runner.py:77} INFO - Job 426: Subtask print_hello
[2021-04-21 20:18:12,142] {logging_mixin.py:104} INFO - Running <TaskInstance: docker_sample.print_hello 2021-04-19T15:00:00+00:00 [running]> on host 5af2b1cab26e
[2021-04-21 20:18:12,221] {taskinstance.py:1257} INFO - Exporting the following env vars:
AIRFLOW_CTX_DAG_EMAIL=airflow@example.com
AIRFLOW_CTX_DAG_OWNER=airflow
AIRFLOW_CTX_DAG_ID=docker_sample
AIRFLOW_CTX_TASK_ID=print_hello
AIRFLOW_CTX_EXECUTION_DATE=2021-04-19T15:00:00+00:00
AIRFLOW_CTX_DAG_RUN_ID=scheduled__2021-04-19T15:00:00+00:00
[2021-04-21 20:18:12,224] {bash.py:135} INFO - Tmp dir root location: 
 /tmp
[2021-04-21 20:18:12,227] {bash.py:158} INFO - Running command: echo "hello world!!!"
[2021-04-21 20:18:12,240] {bash.py:169} INFO - Output:
[2021-04-21 20:18:12,241] {bash.py:173} INFO - hello world!!!
[2021-04-21 20:18:12,242] {bash.py:177} INFO - Command exited with return code 0
[2021-04-21 20:18:12,310] {taskinstance.py:1166} INFO - Marking task as SUCCESS. dag_id=docker_sample, task_id=print_hello, execution_date=20210419T150000, start_date=20210421T201812, end_date=20210421T201812
[2021-04-21 20:18:12,361] {taskinstance.py:1220} INFO - 0 downstream tasks scheduled from follow-on schedule check
[2021-04-21 20:18:12,375] {local_task_job.py:146} INFO - Task exited with return code 0
