[2021-04-21 20:06:17,260] {taskinstance.py:851} INFO - Dependencies all met for <TaskInstance: docker_sample.print_date 2021-04-19T00:00:00+00:00 [queued]>
[2021-04-21 20:06:17,277] {taskinstance.py:851} INFO - Dependencies all met for <TaskInstance: docker_sample.print_date 2021-04-19T00:00:00+00:00 [queued]>
[2021-04-21 20:06:17,281] {taskinstance.py:1042} INFO - 
--------------------------------------------------------------------------------
[2021-04-21 20:06:17,287] {taskinstance.py:1043} INFO - Starting attempt 1 of 2
[2021-04-21 20:06:17,290] {taskinstance.py:1044} INFO - 
--------------------------------------------------------------------------------
[2021-04-21 20:06:17,301] {taskinstance.py:1063} INFO - Executing <Task(BashOperator): print_date> on 2021-04-19T00:00:00+00:00
[2021-04-21 20:06:17,319] {standard_task_runner.py:52} INFO - Started process 46 to run task
[2021-04-21 20:06:17,333] {standard_task_runner.py:76} INFO - Running: ['airflow', 'tasks', 'run', 'docker_sample', 'print_date', '2021-04-19T00:00:00+00:00', '--job-id', '3', '--pool', 'default_pool', '--raw', '--subdir', 'DAGS_FOLDER/dockerOperator.py', '--cfg-path', '/tmp/tmpz7seyhhq', '--error-file', '/tmp/tmp4xxmpjv7']
[2021-04-21 20:06:17,336] {standard_task_runner.py:77} INFO - Job 3: Subtask print_date
[2021-04-21 20:06:17,458] {logging_mixin.py:104} INFO - Running <TaskInstance: docker_sample.print_date 2021-04-19T00:00:00+00:00 [running]> on host 5af2b1cab26e
[2021-04-21 20:06:17,581] {taskinstance.py:1257} INFO - Exporting the following env vars:
AIRFLOW_CTX_DAG_EMAIL=airflow@example.com
AIRFLOW_CTX_DAG_OWNER=airflow
AIRFLOW_CTX_DAG_ID=docker_sample
AIRFLOW_CTX_TASK_ID=print_date
AIRFLOW_CTX_EXECUTION_DATE=2021-04-19T00:00:00+00:00
AIRFLOW_CTX_DAG_RUN_ID=scheduled__2021-04-19T00:00:00+00:00
[2021-04-21 20:06:17,584] {bash.py:135} INFO - Tmp dir root location: 
 /tmp
[2021-04-21 20:06:17,590] {bash.py:158} INFO - Running command: date
[2021-04-21 20:06:17,617] {bash.py:169} INFO - Output:
[2021-04-21 20:06:17,618] {bash.py:173} INFO - Wed Apr 21 20:06:17 UTC 2021
[2021-04-21 20:06:17,659] {bash.py:177} INFO - Command exited with return code 0
[2021-04-21 20:06:17,734] {taskinstance.py:1166} INFO - Marking task as SUCCESS. dag_id=docker_sample, task_id=print_date, execution_date=20210419T000000, start_date=20210421T200617, end_date=20210421T200617
[2021-04-21 20:06:17,895] {taskinstance.py:1220} INFO - 0 downstream tasks scheduled from follow-on schedule check
[2021-04-21 20:06:17,914] {local_task_job.py:146} INFO - Task exited with return code 0
[2021-04-21 20:12:23,093] {taskinstance.py:851} INFO - Dependencies all met for <TaskInstance: docker_sample.print_date 2021-04-19T00:00:00+00:00 [queued]>
[2021-04-21 20:12:23,115] {taskinstance.py:851} INFO - Dependencies all met for <TaskInstance: docker_sample.print_date 2021-04-19T00:00:00+00:00 [queued]>
[2021-04-21 20:12:23,117] {taskinstance.py:1042} INFO - 
--------------------------------------------------------------------------------
[2021-04-21 20:12:23,119] {taskinstance.py:1043} INFO - Starting attempt 1 of 2
[2021-04-21 20:12:23,120] {taskinstance.py:1044} INFO - 
--------------------------------------------------------------------------------
[2021-04-21 20:12:23,133] {taskinstance.py:1063} INFO - Executing <Task(BashOperator): print_date> on 2021-04-19T00:00:00+00:00
[2021-04-21 20:12:23,137] {standard_task_runner.py:52} INFO - Started process 43 to run task
[2021-04-21 20:12:23,141] {standard_task_runner.py:76} INFO - Running: ['airflow', 'tasks', 'run', 'docker_sample', 'print_date', '2021-04-19T00:00:00+00:00', '--job-id', '51', '--pool', 'default_pool', '--raw', '--subdir', 'DAGS_FOLDER/dockerOperator.py', '--cfg-path', '/tmp/tmpvnht0lii', '--error-file', '/tmp/tmp8sxfjdsr']
[2021-04-21 20:12:23,147] {standard_task_runner.py:77} INFO - Job 51: Subtask print_date
[2021-04-21 20:12:23,216] {logging_mixin.py:104} INFO - Running <TaskInstance: docker_sample.print_date 2021-04-19T00:00:00+00:00 [running]> on host 5af2b1cab26e
[2021-04-21 20:12:23,296] {taskinstance.py:1257} INFO - Exporting the following env vars:
AIRFLOW_CTX_DAG_EMAIL=airflow@example.com
AIRFLOW_CTX_DAG_OWNER=airflow
AIRFLOW_CTX_DAG_ID=docker_sample
AIRFLOW_CTX_TASK_ID=print_date
AIRFLOW_CTX_EXECUTION_DATE=2021-04-19T00:00:00+00:00
AIRFLOW_CTX_DAG_RUN_ID=scheduled__2021-04-19T00:00:00+00:00
[2021-04-21 20:12:23,297] {bash.py:135} INFO - Tmp dir root location: 
 /tmp
[2021-04-21 20:12:23,299] {bash.py:158} INFO - Running command: date
[2021-04-21 20:12:23,310] {bash.py:169} INFO - Output:
[2021-04-21 20:12:23,316] {bash.py:173} INFO - Wed Apr 21 20:12:23 UTC 2021
[2021-04-21 20:12:23,319] {bash.py:177} INFO - Command exited with return code 0
[2021-04-21 20:12:23,386] {taskinstance.py:1166} INFO - Marking task as SUCCESS. dag_id=docker_sample, task_id=print_date, execution_date=20210419T000000, start_date=20210421T201223, end_date=20210421T201223
[2021-04-21 20:12:23,465] {taskinstance.py:1220} INFO - 0 downstream tasks scheduled from follow-on schedule check
[2021-04-21 20:12:23,482] {local_task_job.py:146} INFO - Task exited with return code 0
