[2021-04-21 20:20:12,881] {taskinstance.py:851} INFO - Dependencies all met for <TaskInstance: docker_sample.sleep 2021-04-19T21:10:00+00:00 [queued]>
[2021-04-21 20:20:12,916] {taskinstance.py:851} INFO - Dependencies all met for <TaskInstance: docker_sample.sleep 2021-04-19T21:10:00+00:00 [queued]>
[2021-04-21 20:20:12,919] {taskinstance.py:1042} INFO - 
--------------------------------------------------------------------------------
[2021-04-21 20:20:12,920] {taskinstance.py:1043} INFO - Starting attempt 1 of 4
[2021-04-21 20:20:12,924] {taskinstance.py:1044} INFO - 
--------------------------------------------------------------------------------
[2021-04-21 20:20:12,943] {taskinstance.py:1063} INFO - Executing <Task(BashOperator): sleep> on 2021-04-19T21:10:00+00:00
[2021-04-21 20:20:12,948] {standard_task_runner.py:52} INFO - Started process 1429 to run task
[2021-04-21 20:20:12,984] {standard_task_runner.py:76} INFO - Running: ['airflow', 'tasks', 'run', 'docker_sample', 'sleep', '2021-04-19T21:10:00+00:00', '--job-id', '557', '--pool', 'default_pool', '--raw', '--subdir', 'DAGS_FOLDER/dockerOperator.py', '--cfg-path', '/tmp/tmpghd7phpx', '--error-file', '/tmp/tmp2lr1r60n']
[2021-04-21 20:20:12,990] {standard_task_runner.py:77} INFO - Job 557: Subtask sleep
[2021-04-21 20:20:13,138] {logging_mixin.py:104} INFO - Running <TaskInstance: docker_sample.sleep 2021-04-19T21:10:00+00:00 [running]> on host 5af2b1cab26e
[2021-04-21 20:20:13,257] {taskinstance.py:1257} INFO - Exporting the following env vars:
AIRFLOW_CTX_DAG_EMAIL=airflow@example.com
AIRFLOW_CTX_DAG_OWNER=airflow
AIRFLOW_CTX_DAG_ID=docker_sample
AIRFLOW_CTX_TASK_ID=sleep
AIRFLOW_CTX_EXECUTION_DATE=2021-04-19T21:10:00+00:00
AIRFLOW_CTX_DAG_RUN_ID=scheduled__2021-04-19T21:10:00+00:00
[2021-04-21 20:20:13,258] {bash.py:135} INFO - Tmp dir root location: 
 /tmp
[2021-04-21 20:20:13,260] {bash.py:158} INFO - Running command: sleep 5
[2021-04-21 20:20:13,277] {bash.py:169} INFO - Output:
[2021-04-21 20:20:18,283] {bash.py:177} INFO - Command exited with return code 0
[2021-04-21 20:20:18,314] {taskinstance.py:1166} INFO - Marking task as SUCCESS. dag_id=docker_sample, task_id=sleep, execution_date=20210419T211000, start_date=20210421T202012, end_date=20210421T202018
[2021-04-21 20:20:18,355] {taskinstance.py:1220} INFO - 0 downstream tasks scheduled from follow-on schedule check
[2021-04-21 20:20:18,391] {local_task_job.py:146} INFO - Task exited with return code 0
