[2021-05-02 11:24:41,869] {taskinstance.py:851} INFO - Dependencies all met for <TaskInstance: docker_ansible_sample.print_date 2021-05-02T11:24:41.215403+00:00 [queued]>
[2021-05-02 11:24:41,881] {taskinstance.py:851} INFO - Dependencies all met for <TaskInstance: docker_ansible_sample.print_date 2021-05-02T11:24:41.215403+00:00 [queued]>
[2021-05-02 11:24:41,882] {taskinstance.py:1042} INFO - 
--------------------------------------------------------------------------------
[2021-05-02 11:24:41,883] {taskinstance.py:1043} INFO - Starting attempt 1 of 2
[2021-05-02 11:24:41,884] {taskinstance.py:1044} INFO - 
--------------------------------------------------------------------------------
[2021-05-02 11:24:41,897] {taskinstance.py:1063} INFO - Executing <Task(BashOperator): print_date> on 2021-05-02T11:24:41.215403+00:00
[2021-05-02 11:24:41,902] {standard_task_runner.py:52} INFO - Started process 53 to run task
[2021-05-02 11:24:41,906] {standard_task_runner.py:76} INFO - Running: ['airflow', 'tasks', 'run', 'docker_ansible_sample', 'print_date', '2021-05-02T11:24:41.215403+00:00', '--job-id', '7', '--pool', 'default_pool', '--raw', '--subdir', 'DAGS_FOLDER/dockerAnsibleOperator.py', '--cfg-path', '/tmp/tmpfec0u2se', '--error-file', '/tmp/tmp7ih0gx3i']
[2021-05-02 11:24:41,907] {standard_task_runner.py:77} INFO - Job 7: Subtask print_date
[2021-05-02 11:24:41,958] {logging_mixin.py:104} INFO - Running <TaskInstance: docker_ansible_sample.print_date 2021-05-02T11:24:41.215403+00:00 [running]> on host 04b8837eb843
[2021-05-02 11:24:42,002] {taskinstance.py:1257} INFO - Exporting the following env vars:
AIRFLOW_CTX_DAG_EMAIL=airflow@example.com
AIRFLOW_CTX_DAG_OWNER=airflow
AIRFLOW_CTX_DAG_ID=docker_ansible_sample
AIRFLOW_CTX_TASK_ID=print_date
AIRFLOW_CTX_EXECUTION_DATE=2021-05-02T11:24:41.215403+00:00
AIRFLOW_CTX_DAG_RUN_ID=manual__2021-05-02T11:24:41.215403+00:00
[2021-05-02 11:24:42,003] {bash.py:135} INFO - Tmp dir root location: 
 /tmp
[2021-05-02 11:24:42,005] {bash.py:158} INFO - Running command: date
[2021-05-02 11:24:42,013] {bash.py:169} INFO - Output:
[2021-05-02 11:24:42,015] {bash.py:173} INFO - Sun May  2 11:24:42 UTC 2021
[2021-05-02 11:24:42,016] {bash.py:177} INFO - Command exited with return code 0
[2021-05-02 11:24:42,048] {taskinstance.py:1166} INFO - Marking task as SUCCESS. dag_id=docker_ansible_sample, task_id=print_date, execution_date=20210502T112441, start_date=20210502T112441, end_date=20210502T112442
[2021-05-02 11:24:42,080] {taskinstance.py:1220} INFO - 2 downstream tasks scheduled from follow-on schedule check
[2021-05-02 11:24:42,122] {local_task_job.py:146} INFO - Task exited with return code 0
