[2021-05-02 11:20:05,600] {scheduler_job.py:182} INFO - Started process (PID=26) to work on /opt/airflow/dags/firstDag.py
[2021-05-02 11:20:05,602] {scheduler_job.py:629} INFO - Processing file /opt/airflow/dags/firstDag.py for tasks to queue
[2021-05-02 11:20:05,604] {logging_mixin.py:104} INFO - [2021-05-02 11:20:05,604] {dagbag.py:448} INFO - Filling up the DagBag from /opt/airflow/dags/firstDag.py
[2021-05-02 11:20:05,639] {scheduler_job.py:639} INFO - DAG(s) dict_keys(['my_sample_dag']) retrieved from /opt/airflow/dags/firstDag.py
[2021-05-02 11:20:05,668] {logging_mixin.py:104} INFO - [2021-05-02 11:20:05,668] {dag.py:1818} INFO - Sync 1 DAGs
[2021-05-02 11:20:05,678] {logging_mixin.py:104} INFO - [2021-05-02 11:20:05,678] {dag.py:1837} INFO - Creating ORM DAG for my_sample_dag
[2021-05-02 11:20:05,683] {logging_mixin.py:104} INFO - [2021-05-02 11:20:05,683] {dag.py:2273} INFO - Setting next_dagrun for my_sample_dag to None
[2021-05-02 11:20:05,695] {scheduler_job.py:190} INFO - Processing /opt/airflow/dags/firstDag.py took 0.099 seconds
[2021-05-02 11:20:36,129] {scheduler_job.py:182} INFO - Started process (PID=32) to work on /opt/airflow/dags/firstDag.py
[2021-05-02 11:20:36,131] {scheduler_job.py:629} INFO - Processing file /opt/airflow/dags/firstDag.py for tasks to queue
[2021-05-02 11:20:36,132] {logging_mixin.py:104} INFO - [2021-05-02 11:20:36,132] {dagbag.py:448} INFO - Filling up the DagBag from /opt/airflow/dags/firstDag.py
[2021-05-02 11:20:36,149] {scheduler_job.py:639} INFO - DAG(s) dict_keys(['my_sample_dag']) retrieved from /opt/airflow/dags/firstDag.py
[2021-05-02 11:20:36,169] {logging_mixin.py:104} INFO - [2021-05-02 11:20:36,169] {dag.py:1818} INFO - Sync 1 DAGs
[2021-05-02 11:20:36,183] {logging_mixin.py:104} INFO - [2021-05-02 11:20:36,183] {dag.py:2273} INFO - Setting next_dagrun for my_sample_dag to None
[2021-05-02 11:20:36,190] {scheduler_job.py:190} INFO - Processing /opt/airflow/dags/firstDag.py took 0.065 seconds
[2021-05-02 11:21:06,564] {scheduler_job.py:182} INFO - Started process (PID=38) to work on /opt/airflow/dags/firstDag.py
[2021-05-02 11:21:06,566] {scheduler_job.py:629} INFO - Processing file /opt/airflow/dags/firstDag.py for tasks to queue
[2021-05-02 11:21:06,567] {logging_mixin.py:104} INFO - [2021-05-02 11:21:06,567] {dagbag.py:448} INFO - Filling up the DagBag from /opt/airflow/dags/firstDag.py
[2021-05-02 11:21:06,583] {scheduler_job.py:639} INFO - DAG(s) dict_keys(['my_sample_dag']) retrieved from /opt/airflow/dags/firstDag.py
[2021-05-02 11:21:06,603] {logging_mixin.py:104} INFO - [2021-05-02 11:21:06,603] {dag.py:1818} INFO - Sync 1 DAGs
[2021-05-02 11:21:06,617] {logging_mixin.py:104} INFO - [2021-05-02 11:21:06,616] {dag.py:2273} INFO - Setting next_dagrun for my_sample_dag to None
[2021-05-02 11:21:06,625] {scheduler_job.py:190} INFO - Processing /opt/airflow/dags/firstDag.py took 0.064 seconds
[2021-05-02 11:21:36,962] {scheduler_job.py:182} INFO - Started process (PID=49) to work on /opt/airflow/dags/firstDag.py
[2021-05-02 11:21:36,964] {scheduler_job.py:629} INFO - Processing file /opt/airflow/dags/firstDag.py for tasks to queue
[2021-05-02 11:21:36,966] {logging_mixin.py:104} INFO - [2021-05-02 11:21:36,966] {dagbag.py:448} INFO - Filling up the DagBag from /opt/airflow/dags/firstDag.py
[2021-05-02 11:21:36,982] {scheduler_job.py:639} INFO - DAG(s) dict_keys(['my_sample_dag']) retrieved from /opt/airflow/dags/firstDag.py
[2021-05-02 11:21:37,003] {logging_mixin.py:104} INFO - [2021-05-02 11:21:37,003] {dag.py:1818} INFO - Sync 1 DAGs
[2021-05-02 11:21:37,018] {logging_mixin.py:104} INFO - [2021-05-02 11:21:37,018] {dag.py:2273} INFO - Setting next_dagrun for my_sample_dag to None
[2021-05-02 11:21:37,025] {scheduler_job.py:190} INFO - Processing /opt/airflow/dags/firstDag.py took 0.067 seconds
[2021-05-02 11:22:07,353] {scheduler_job.py:182} INFO - Started process (PID=55) to work on /opt/airflow/dags/firstDag.py
[2021-05-02 11:22:07,355] {scheduler_job.py:629} INFO - Processing file /opt/airflow/dags/firstDag.py for tasks to queue
[2021-05-02 11:22:07,357] {logging_mixin.py:104} INFO - [2021-05-02 11:22:07,356] {dagbag.py:448} INFO - Filling up the DagBag from /opt/airflow/dags/firstDag.py
[2021-05-02 11:22:07,374] {scheduler_job.py:639} INFO - DAG(s) dict_keys(['my_sample_dag']) retrieved from /opt/airflow/dags/firstDag.py
[2021-05-02 11:22:07,394] {logging_mixin.py:104} INFO - [2021-05-02 11:22:07,394] {dag.py:1818} INFO - Sync 1 DAGs
[2021-05-02 11:22:07,409] {logging_mixin.py:104} INFO - [2021-05-02 11:22:07,408] {dag.py:2273} INFO - Setting next_dagrun for my_sample_dag to None
[2021-05-02 11:22:07,417] {scheduler_job.py:190} INFO - Processing /opt/airflow/dags/firstDag.py took 0.068 seconds
[2021-05-02 11:22:37,750] {scheduler_job.py:182} INFO - Started process (PID=61) to work on /opt/airflow/dags/firstDag.py
[2021-05-02 11:22:37,752] {scheduler_job.py:629} INFO - Processing file /opt/airflow/dags/firstDag.py for tasks to queue
[2021-05-02 11:22:37,753] {logging_mixin.py:104} INFO - [2021-05-02 11:22:37,753] {dagbag.py:448} INFO - Filling up the DagBag from /opt/airflow/dags/firstDag.py
[2021-05-02 11:22:37,770] {scheduler_job.py:639} INFO - DAG(s) dict_keys(['my_sample_dag']) retrieved from /opt/airflow/dags/firstDag.py
[2021-05-02 11:22:37,789] {logging_mixin.py:104} INFO - [2021-05-02 11:22:37,789] {dag.py:1818} INFO - Sync 1 DAGs
[2021-05-02 11:22:37,802] {logging_mixin.py:104} INFO - [2021-05-02 11:22:37,802] {dag.py:2273} INFO - Setting next_dagrun for my_sample_dag to None
[2021-05-02 11:22:37,809] {scheduler_job.py:190} INFO - Processing /opt/airflow/dags/firstDag.py took 0.063 seconds
[2021-05-02 11:23:08,144] {scheduler_job.py:182} INFO - Started process (PID=67) to work on /opt/airflow/dags/firstDag.py
[2021-05-02 11:23:08,147] {scheduler_job.py:629} INFO - Processing file /opt/airflow/dags/firstDag.py for tasks to queue
[2021-05-02 11:23:08,149] {logging_mixin.py:104} INFO - [2021-05-02 11:23:08,149] {dagbag.py:448} INFO - Filling up the DagBag from /opt/airflow/dags/firstDag.py
[2021-05-02 11:23:08,165] {scheduler_job.py:639} INFO - DAG(s) dict_keys(['my_sample_dag']) retrieved from /opt/airflow/dags/firstDag.py
[2021-05-02 11:23:08,188] {logging_mixin.py:104} INFO - [2021-05-02 11:23:08,187] {dag.py:1818} INFO - Sync 1 DAGs
[2021-05-02 11:23:08,203] {logging_mixin.py:104} INFO - [2021-05-02 11:23:08,203] {dag.py:2273} INFO - Setting next_dagrun for my_sample_dag to None
[2021-05-02 11:23:08,211] {scheduler_job.py:190} INFO - Processing /opt/airflow/dags/firstDag.py took 0.071 seconds
[2021-05-02 11:23:38,693] {scheduler_job.py:182} INFO - Started process (PID=73) to work on /opt/airflow/dags/firstDag.py
[2021-05-02 11:23:38,695] {scheduler_job.py:629} INFO - Processing file /opt/airflow/dags/firstDag.py for tasks to queue
[2021-05-02 11:23:38,697] {logging_mixin.py:104} INFO - [2021-05-02 11:23:38,696] {dagbag.py:448} INFO - Filling up the DagBag from /opt/airflow/dags/firstDag.py
[2021-05-02 11:23:38,713] {scheduler_job.py:639} INFO - DAG(s) dict_keys(['my_sample_dag']) retrieved from /opt/airflow/dags/firstDag.py
[2021-05-02 11:23:38,733] {logging_mixin.py:104} INFO - [2021-05-02 11:23:38,733] {dag.py:1818} INFO - Sync 1 DAGs
[2021-05-02 11:23:38,746] {logging_mixin.py:104} INFO - [2021-05-02 11:23:38,746] {dag.py:2273} INFO - Setting next_dagrun for my_sample_dag to None
[2021-05-02 11:23:38,754] {scheduler_job.py:190} INFO - Processing /opt/airflow/dags/firstDag.py took 0.065 seconds
[2021-05-02 11:24:09,098] {scheduler_job.py:182} INFO - Started process (PID=79) to work on /opt/airflow/dags/firstDag.py
[2021-05-02 11:24:09,100] {scheduler_job.py:629} INFO - Processing file /opt/airflow/dags/firstDag.py for tasks to queue
[2021-05-02 11:24:09,101] {logging_mixin.py:104} INFO - [2021-05-02 11:24:09,101] {dagbag.py:448} INFO - Filling up the DagBag from /opt/airflow/dags/firstDag.py
[2021-05-02 11:24:09,116] {scheduler_job.py:639} INFO - DAG(s) dict_keys(['my_sample_dag']) retrieved from /opt/airflow/dags/firstDag.py
[2021-05-02 11:24:09,135] {logging_mixin.py:104} INFO - [2021-05-02 11:24:09,135] {dag.py:1818} INFO - Sync 1 DAGs
[2021-05-02 11:24:09,148] {logging_mixin.py:104} INFO - [2021-05-02 11:24:09,148] {dag.py:2273} INFO - Setting next_dagrun for my_sample_dag to None
[2021-05-02 11:24:09,155] {scheduler_job.py:190} INFO - Processing /opt/airflow/dags/firstDag.py took 0.061 seconds
[2021-05-02 11:24:39,491] {scheduler_job.py:182} INFO - Started process (PID=85) to work on /opt/airflow/dags/firstDag.py
[2021-05-02 11:24:39,493] {scheduler_job.py:629} INFO - Processing file /opt/airflow/dags/firstDag.py for tasks to queue
[2021-05-02 11:24:39,495] {logging_mixin.py:104} INFO - [2021-05-02 11:24:39,495] {dagbag.py:448} INFO - Filling up the DagBag from /opt/airflow/dags/firstDag.py
[2021-05-02 11:24:39,512] {scheduler_job.py:639} INFO - DAG(s) dict_keys(['my_sample_dag']) retrieved from /opt/airflow/dags/firstDag.py
[2021-05-02 11:24:39,533] {logging_mixin.py:104} INFO - [2021-05-02 11:24:39,533] {dag.py:1818} INFO - Sync 1 DAGs
[2021-05-02 11:24:39,557] {logging_mixin.py:104} INFO - [2021-05-02 11:24:39,557] {dag.py:2273} INFO - Setting next_dagrun for my_sample_dag to None
[2021-05-02 11:24:39,565] {scheduler_job.py:190} INFO - Processing /opt/airflow/dags/firstDag.py took 0.084 seconds
[2021-05-02 11:25:09,977] {scheduler_job.py:182} INFO - Started process (PID=96) to work on /opt/airflow/dags/firstDag.py
[2021-05-02 11:25:09,978] {scheduler_job.py:629} INFO - Processing file /opt/airflow/dags/firstDag.py for tasks to queue
[2021-05-02 11:25:09,980] {logging_mixin.py:104} INFO - [2021-05-02 11:25:09,980] {dagbag.py:448} INFO - Filling up the DagBag from /opt/airflow/dags/firstDag.py
[2021-05-02 11:25:09,995] {scheduler_job.py:639} INFO - DAG(s) dict_keys(['my_sample_dag']) retrieved from /opt/airflow/dags/firstDag.py
[2021-05-02 11:25:10,016] {logging_mixin.py:104} INFO - [2021-05-02 11:25:10,016] {dag.py:1818} INFO - Sync 1 DAGs
[2021-05-02 11:25:10,031] {logging_mixin.py:104} INFO - [2021-05-02 11:25:10,031] {dag.py:2273} INFO - Setting next_dagrun for my_sample_dag to None
[2021-05-02 11:25:10,038] {scheduler_job.py:190} INFO - Processing /opt/airflow/dags/firstDag.py took 0.065 seconds
[2021-05-02 11:25:40,393] {scheduler_job.py:182} INFO - Started process (PID=102) to work on /opt/airflow/dags/firstDag.py
[2021-05-02 11:25:40,395] {scheduler_job.py:629} INFO - Processing file /opt/airflow/dags/firstDag.py for tasks to queue
[2021-05-02 11:25:40,396] {logging_mixin.py:104} INFO - [2021-05-02 11:25:40,396] {dagbag.py:448} INFO - Filling up the DagBag from /opt/airflow/dags/firstDag.py
[2021-05-02 11:25:40,411] {scheduler_job.py:639} INFO - DAG(s) dict_keys(['my_sample_dag']) retrieved from /opt/airflow/dags/firstDag.py
[2021-05-02 11:25:40,430] {logging_mixin.py:104} INFO - [2021-05-02 11:25:40,430] {dag.py:1818} INFO - Sync 1 DAGs
[2021-05-02 11:25:40,443] {logging_mixin.py:104} INFO - [2021-05-02 11:25:40,443] {dag.py:2273} INFO - Setting next_dagrun for my_sample_dag to None
[2021-05-02 11:25:40,450] {scheduler_job.py:190} INFO - Processing /opt/airflow/dags/firstDag.py took 0.060 seconds
[2021-05-02 11:26:10,781] {scheduler_job.py:182} INFO - Started process (PID=108) to work on /opt/airflow/dags/firstDag.py
[2021-05-02 11:26:10,782] {scheduler_job.py:629} INFO - Processing file /opt/airflow/dags/firstDag.py for tasks to queue
[2021-05-02 11:26:10,783] {logging_mixin.py:104} INFO - [2021-05-02 11:26:10,783] {dagbag.py:448} INFO - Filling up the DagBag from /opt/airflow/dags/firstDag.py
[2021-05-02 11:26:10,803] {scheduler_job.py:639} INFO - DAG(s) dict_keys(['my_sample_dag']) retrieved from /opt/airflow/dags/firstDag.py
[2021-05-02 11:26:10,823] {logging_mixin.py:104} INFO - [2021-05-02 11:26:10,823] {dag.py:1818} INFO - Sync 1 DAGs
[2021-05-02 11:26:10,836] {logging_mixin.py:104} INFO - [2021-05-02 11:26:10,836] {dag.py:2273} INFO - Setting next_dagrun for my_sample_dag to None
[2021-05-02 11:26:10,843] {scheduler_job.py:190} INFO - Processing /opt/airflow/dags/firstDag.py took 0.066 seconds
[2021-05-02 11:26:41,190] {scheduler_job.py:182} INFO - Started process (PID=114) to work on /opt/airflow/dags/firstDag.py
[2021-05-02 11:26:41,191] {scheduler_job.py:629} INFO - Processing file /opt/airflow/dags/firstDag.py for tasks to queue
[2021-05-02 11:26:41,192] {logging_mixin.py:104} INFO - [2021-05-02 11:26:41,192] {dagbag.py:448} INFO - Filling up the DagBag from /opt/airflow/dags/firstDag.py
[2021-05-02 11:26:41,209] {scheduler_job.py:639} INFO - DAG(s) dict_keys(['my_sample_dag']) retrieved from /opt/airflow/dags/firstDag.py
[2021-05-02 11:26:41,229] {logging_mixin.py:104} INFO - [2021-05-02 11:26:41,229] {dag.py:1818} INFO - Sync 1 DAGs
[2021-05-02 11:26:41,244] {logging_mixin.py:104} INFO - [2021-05-02 11:26:41,244] {dag.py:2273} INFO - Setting next_dagrun for my_sample_dag to None
[2021-05-02 11:26:41,251] {scheduler_job.py:190} INFO - Processing /opt/airflow/dags/firstDag.py took 0.064 seconds
[2021-05-02 11:27:11,586] {scheduler_job.py:182} INFO - Started process (PID=120) to work on /opt/airflow/dags/firstDag.py
[2021-05-02 11:27:11,588] {scheduler_job.py:629} INFO - Processing file /opt/airflow/dags/firstDag.py for tasks to queue
[2021-05-02 11:27:11,589] {logging_mixin.py:104} INFO - [2021-05-02 11:27:11,589] {dagbag.py:448} INFO - Filling up the DagBag from /opt/airflow/dags/firstDag.py
[2021-05-02 11:27:11,607] {scheduler_job.py:639} INFO - DAG(s) dict_keys(['my_sample_dag']) retrieved from /opt/airflow/dags/firstDag.py
[2021-05-02 11:27:11,631] {logging_mixin.py:104} INFO - [2021-05-02 11:27:11,631] {dag.py:1818} INFO - Sync 1 DAGs
[2021-05-02 11:27:11,651] {logging_mixin.py:104} INFO - [2021-05-02 11:27:11,651] {dag.py:2273} INFO - Setting next_dagrun for my_sample_dag to None
[2021-05-02 11:27:11,662] {scheduler_job.py:190} INFO - Processing /opt/airflow/dags/firstDag.py took 0.081 seconds
[2021-05-02 11:27:42,084] {scheduler_job.py:182} INFO - Started process (PID=131) to work on /opt/airflow/dags/firstDag.py
[2021-05-02 11:27:42,086] {scheduler_job.py:629} INFO - Processing file /opt/airflow/dags/firstDag.py for tasks to queue
[2021-05-02 11:27:42,087] {logging_mixin.py:104} INFO - [2021-05-02 11:27:42,087] {dagbag.py:448} INFO - Filling up the DagBag from /opt/airflow/dags/firstDag.py
[2021-05-02 11:27:42,104] {scheduler_job.py:639} INFO - DAG(s) dict_keys(['my_sample_dag']) retrieved from /opt/airflow/dags/firstDag.py
[2021-05-02 11:27:42,124] {logging_mixin.py:104} INFO - [2021-05-02 11:27:42,124] {dag.py:1818} INFO - Sync 1 DAGs
[2021-05-02 11:27:42,140] {logging_mixin.py:104} INFO - [2021-05-02 11:27:42,140] {dag.py:2273} INFO - Setting next_dagrun for my_sample_dag to None
[2021-05-02 11:27:42,151] {scheduler_job.py:190} INFO - Processing /opt/airflow/dags/firstDag.py took 0.070 seconds
[2021-05-02 11:28:12,529] {scheduler_job.py:182} INFO - Started process (PID=137) to work on /opt/airflow/dags/firstDag.py
[2021-05-02 11:28:12,532] {scheduler_job.py:629} INFO - Processing file /opt/airflow/dags/firstDag.py for tasks to queue
[2021-05-02 11:28:12,534] {logging_mixin.py:104} INFO - [2021-05-02 11:28:12,534] {dagbag.py:448} INFO - Filling up the DagBag from /opt/airflow/dags/firstDag.py
[2021-05-02 11:28:12,555] {scheduler_job.py:639} INFO - DAG(s) dict_keys(['my_sample_dag']) retrieved from /opt/airflow/dags/firstDag.py
[2021-05-02 11:28:12,581] {logging_mixin.py:104} INFO - [2021-05-02 11:28:12,581] {dag.py:1818} INFO - Sync 1 DAGs
[2021-05-02 11:28:12,595] {logging_mixin.py:104} INFO - [2021-05-02 11:28:12,595] {dag.py:2273} INFO - Setting next_dagrun for my_sample_dag to None
[2021-05-02 11:28:12,608] {scheduler_job.py:190} INFO - Processing /opt/airflow/dags/firstDag.py took 0.083 seconds
[2021-05-02 11:28:42,965] {scheduler_job.py:182} INFO - Started process (PID=143) to work on /opt/airflow/dags/firstDag.py
[2021-05-02 11:28:42,971] {scheduler_job.py:629} INFO - Processing file /opt/airflow/dags/firstDag.py for tasks to queue
[2021-05-02 11:28:42,972] {logging_mixin.py:104} INFO - [2021-05-02 11:28:42,972] {dagbag.py:448} INFO - Filling up the DagBag from /opt/airflow/dags/firstDag.py
[2021-05-02 11:28:42,992] {scheduler_job.py:639} INFO - DAG(s) dict_keys(['my_sample_dag']) retrieved from /opt/airflow/dags/firstDag.py
[2021-05-02 11:28:43,012] {logging_mixin.py:104} INFO - [2021-05-02 11:28:43,012] {dag.py:1818} INFO - Sync 1 DAGs
[2021-05-02 11:28:43,029] {logging_mixin.py:104} INFO - [2021-05-02 11:28:43,029] {dag.py:2273} INFO - Setting next_dagrun for my_sample_dag to None
[2021-05-02 11:28:43,036] {scheduler_job.py:190} INFO - Processing /opt/airflow/dags/firstDag.py took 0.075 seconds
[2021-05-02 11:29:13,406] {scheduler_job.py:182} INFO - Started process (PID=149) to work on /opt/airflow/dags/firstDag.py
[2021-05-02 11:29:13,408] {scheduler_job.py:629} INFO - Processing file /opt/airflow/dags/firstDag.py for tasks to queue
[2021-05-02 11:29:13,409] {logging_mixin.py:104} INFO - [2021-05-02 11:29:13,409] {dagbag.py:448} INFO - Filling up the DagBag from /opt/airflow/dags/firstDag.py
[2021-05-02 11:29:13,431] {scheduler_job.py:639} INFO - DAG(s) dict_keys(['my_sample_dag']) retrieved from /opt/airflow/dags/firstDag.py
[2021-05-02 11:29:13,458] {logging_mixin.py:104} INFO - [2021-05-02 11:29:13,458] {dag.py:1818} INFO - Sync 1 DAGs
[2021-05-02 11:29:13,477] {logging_mixin.py:104} INFO - [2021-05-02 11:29:13,477] {dag.py:2273} INFO - Setting next_dagrun for my_sample_dag to None
[2021-05-02 11:29:13,486] {scheduler_job.py:190} INFO - Processing /opt/airflow/dags/firstDag.py took 0.084 seconds
