[2021-05-02 11:20:05,715] {scheduler_job.py:182} INFO - Started process (PID=27) to work on /opt/airflow/dags/kubernetesOperator.py
[2021-05-02 11:20:05,717] {scheduler_job.py:629} INFO - Processing file /opt/airflow/dags/kubernetesOperator.py for tasks to queue
[2021-05-02 11:20:05,718] {logging_mixin.py:104} INFO - [2021-05-02 11:20:05,718] {dagbag.py:448} INFO - Filling up the DagBag from /opt/airflow/dags/kubernetesOperator.py
[2021-05-02 11:20:05,843] {logging_mixin.py:104} WARNING - /home/airflow/.local/lib/python3.6/site-packages/airflow/providers/cncf/kubernetes/backcompat/backwards_compat_converters.py:26 DeprecationWarning: This module is deprecated. Please use `kubernetes.client.models.V1Volume`.
[2021-05-02 11:20:05,845] {logging_mixin.py:104} WARNING - /home/airflow/.local/lib/python3.6/site-packages/airflow/providers/cncf/kubernetes/backcompat/backwards_compat_converters.py:27 DeprecationWarning: This module is deprecated. Please use `kubernetes.client.models.V1VolumeMount`.
[2021-05-02 11:20:05,853] {scheduler_job.py:639} INFO - DAG(s) dict_keys(['ks-6-example_kubernetes_pod']) retrieved from /opt/airflow/dags/kubernetesOperator.py
[2021-05-02 11:20:05,876] {logging_mixin.py:104} INFO - [2021-05-02 11:20:05,875] {dag.py:1818} INFO - Sync 1 DAGs
[2021-05-02 11:20:05,884] {logging_mixin.py:104} INFO - [2021-05-02 11:20:05,884] {dag.py:1837} INFO - Creating ORM DAG for ks-6-example_kubernetes_pod
[2021-05-02 11:20:05,891] {logging_mixin.py:104} INFO - [2021-05-02 11:20:05,891] {dag.py:2273} INFO - Setting next_dagrun for ks-6-example_kubernetes_pod to 2019-01-01T00:00:00+00:00
[2021-05-02 11:20:05,902] {scheduler_job.py:190} INFO - Processing /opt/airflow/dags/kubernetesOperator.py took 0.191 seconds
[2021-05-02 11:20:36,207] {scheduler_job.py:182} INFO - Started process (PID=33) to work on /opt/airflow/dags/kubernetesOperator.py
[2021-05-02 11:20:36,209] {scheduler_job.py:629} INFO - Processing file /opt/airflow/dags/kubernetesOperator.py for tasks to queue
[2021-05-02 11:20:36,210] {logging_mixin.py:104} INFO - [2021-05-02 11:20:36,210] {dagbag.py:448} INFO - Filling up the DagBag from /opt/airflow/dags/kubernetesOperator.py
[2021-05-02 11:20:36,261] {logging_mixin.py:104} WARNING - /home/airflow/.local/lib/python3.6/site-packages/airflow/providers/cncf/kubernetes/backcompat/backwards_compat_converters.py:26 DeprecationWarning: This module is deprecated. Please use `kubernetes.client.models.V1Volume`.
[2021-05-02 11:20:36,262] {logging_mixin.py:104} WARNING - /home/airflow/.local/lib/python3.6/site-packages/airflow/providers/cncf/kubernetes/backcompat/backwards_compat_converters.py:27 DeprecationWarning: This module is deprecated. Please use `kubernetes.client.models.V1VolumeMount`.
[2021-05-02 11:20:36,270] {scheduler_job.py:639} INFO - DAG(s) dict_keys(['ks-6-example_kubernetes_pod']) retrieved from /opt/airflow/dags/kubernetesOperator.py
[2021-05-02 11:20:36,288] {logging_mixin.py:104} INFO - [2021-05-02 11:20:36,288] {dag.py:1818} INFO - Sync 1 DAGs
[2021-05-02 11:20:36,300] {logging_mixin.py:104} INFO - [2021-05-02 11:20:36,300] {dag.py:2273} INFO - Setting next_dagrun for ks-6-example_kubernetes_pod to 2019-01-01T00:00:00+00:00
[2021-05-02 11:20:36,307] {scheduler_job.py:190} INFO - Processing /opt/airflow/dags/kubernetesOperator.py took 0.104 seconds
[2021-05-02 11:21:06,642] {scheduler_job.py:182} INFO - Started process (PID=39) to work on /opt/airflow/dags/kubernetesOperator.py
[2021-05-02 11:21:06,644] {scheduler_job.py:629} INFO - Processing file /opt/airflow/dags/kubernetesOperator.py for tasks to queue
[2021-05-02 11:21:06,645] {logging_mixin.py:104} INFO - [2021-05-02 11:21:06,645] {dagbag.py:448} INFO - Filling up the DagBag from /opt/airflow/dags/kubernetesOperator.py
[2021-05-02 11:21:06,695] {logging_mixin.py:104} WARNING - /home/airflow/.local/lib/python3.6/site-packages/airflow/providers/cncf/kubernetes/backcompat/backwards_compat_converters.py:26 DeprecationWarning: This module is deprecated. Please use `kubernetes.client.models.V1Volume`.
[2021-05-02 11:21:06,696] {logging_mixin.py:104} WARNING - /home/airflow/.local/lib/python3.6/site-packages/airflow/providers/cncf/kubernetes/backcompat/backwards_compat_converters.py:27 DeprecationWarning: This module is deprecated. Please use `kubernetes.client.models.V1VolumeMount`.
[2021-05-02 11:21:06,704] {scheduler_job.py:639} INFO - DAG(s) dict_keys(['ks-6-example_kubernetes_pod']) retrieved from /opt/airflow/dags/kubernetesOperator.py
[2021-05-02 11:21:06,723] {logging_mixin.py:104} INFO - [2021-05-02 11:21:06,723] {dag.py:1818} INFO - Sync 1 DAGs
[2021-05-02 11:21:06,736] {logging_mixin.py:104} INFO - [2021-05-02 11:21:06,735] {dag.py:2273} INFO - Setting next_dagrun for ks-6-example_kubernetes_pod to 2019-01-01T00:00:00+00:00
[2021-05-02 11:21:06,743] {scheduler_job.py:190} INFO - Processing /opt/airflow/dags/kubernetesOperator.py took 0.104 seconds
[2021-05-02 11:21:37,044] {scheduler_job.py:182} INFO - Started process (PID=50) to work on /opt/airflow/dags/kubernetesOperator.py
[2021-05-02 11:21:37,046] {scheduler_job.py:629} INFO - Processing file /opt/airflow/dags/kubernetesOperator.py for tasks to queue
[2021-05-02 11:21:37,047] {logging_mixin.py:104} INFO - [2021-05-02 11:21:37,047] {dagbag.py:448} INFO - Filling up the DagBag from /opt/airflow/dags/kubernetesOperator.py
[2021-05-02 11:21:37,100] {logging_mixin.py:104} WARNING - /home/airflow/.local/lib/python3.6/site-packages/airflow/providers/cncf/kubernetes/backcompat/backwards_compat_converters.py:26 DeprecationWarning: This module is deprecated. Please use `kubernetes.client.models.V1Volume`.
[2021-05-02 11:21:37,101] {logging_mixin.py:104} WARNING - /home/airflow/.local/lib/python3.6/site-packages/airflow/providers/cncf/kubernetes/backcompat/backwards_compat_converters.py:27 DeprecationWarning: This module is deprecated. Please use `kubernetes.client.models.V1VolumeMount`.
[2021-05-02 11:21:37,110] {scheduler_job.py:639} INFO - DAG(s) dict_keys(['ks-6-example_kubernetes_pod']) retrieved from /opt/airflow/dags/kubernetesOperator.py
[2021-05-02 11:21:37,128] {logging_mixin.py:104} INFO - [2021-05-02 11:21:37,128] {dag.py:1818} INFO - Sync 1 DAGs
[2021-05-02 11:21:37,142] {logging_mixin.py:104} INFO - [2021-05-02 11:21:37,142] {dag.py:2273} INFO - Setting next_dagrun for ks-6-example_kubernetes_pod to 2019-01-01T00:00:00+00:00
[2021-05-02 11:21:37,150] {scheduler_job.py:190} INFO - Processing /opt/airflow/dags/kubernetesOperator.py took 0.110 seconds
[2021-05-02 11:22:07,435] {scheduler_job.py:182} INFO - Started process (PID=56) to work on /opt/airflow/dags/kubernetesOperator.py
[2021-05-02 11:22:07,437] {scheduler_job.py:629} INFO - Processing file /opt/airflow/dags/kubernetesOperator.py for tasks to queue
[2021-05-02 11:22:07,438] {logging_mixin.py:104} INFO - [2021-05-02 11:22:07,437] {dagbag.py:448} INFO - Filling up the DagBag from /opt/airflow/dags/kubernetesOperator.py
[2021-05-02 11:22:07,490] {logging_mixin.py:104} WARNING - /home/airflow/.local/lib/python3.6/site-packages/airflow/providers/cncf/kubernetes/backcompat/backwards_compat_converters.py:26 DeprecationWarning: This module is deprecated. Please use `kubernetes.client.models.V1Volume`.
[2021-05-02 11:22:07,492] {logging_mixin.py:104} WARNING - /home/airflow/.local/lib/python3.6/site-packages/airflow/providers/cncf/kubernetes/backcompat/backwards_compat_converters.py:27 DeprecationWarning: This module is deprecated. Please use `kubernetes.client.models.V1VolumeMount`.
[2021-05-02 11:22:07,500] {scheduler_job.py:639} INFO - DAG(s) dict_keys(['ks-6-example_kubernetes_pod']) retrieved from /opt/airflow/dags/kubernetesOperator.py
[2021-05-02 11:22:07,519] {logging_mixin.py:104} INFO - [2021-05-02 11:22:07,519] {dag.py:1818} INFO - Sync 1 DAGs
[2021-05-02 11:22:07,533] {logging_mixin.py:104} INFO - [2021-05-02 11:22:07,533] {dag.py:2273} INFO - Setting next_dagrun for ks-6-example_kubernetes_pod to 2019-01-01T00:00:00+00:00
[2021-05-02 11:22:07,541] {scheduler_job.py:190} INFO - Processing /opt/airflow/dags/kubernetesOperator.py took 0.109 seconds
[2021-05-02 11:22:37,827] {scheduler_job.py:182} INFO - Started process (PID=62) to work on /opt/airflow/dags/kubernetesOperator.py
[2021-05-02 11:22:37,828] {scheduler_job.py:629} INFO - Processing file /opt/airflow/dags/kubernetesOperator.py for tasks to queue
[2021-05-02 11:22:37,830] {logging_mixin.py:104} INFO - [2021-05-02 11:22:37,830] {dagbag.py:448} INFO - Filling up the DagBag from /opt/airflow/dags/kubernetesOperator.py
[2021-05-02 11:22:37,884] {logging_mixin.py:104} WARNING - /home/airflow/.local/lib/python3.6/site-packages/airflow/providers/cncf/kubernetes/backcompat/backwards_compat_converters.py:26 DeprecationWarning: This module is deprecated. Please use `kubernetes.client.models.V1Volume`.
[2021-05-02 11:22:37,885] {logging_mixin.py:104} WARNING - /home/airflow/.local/lib/python3.6/site-packages/airflow/providers/cncf/kubernetes/backcompat/backwards_compat_converters.py:27 DeprecationWarning: This module is deprecated. Please use `kubernetes.client.models.V1VolumeMount`.
[2021-05-02 11:22:37,894] {scheduler_job.py:639} INFO - DAG(s) dict_keys(['ks-6-example_kubernetes_pod']) retrieved from /opt/airflow/dags/kubernetesOperator.py
[2021-05-02 11:22:37,911] {logging_mixin.py:104} INFO - [2021-05-02 11:22:37,911] {dag.py:1818} INFO - Sync 1 DAGs
[2021-05-02 11:22:37,923] {logging_mixin.py:104} INFO - [2021-05-02 11:22:37,923] {dag.py:2273} INFO - Setting next_dagrun for ks-6-example_kubernetes_pod to 2019-01-01T00:00:00+00:00
[2021-05-02 11:22:37,932] {scheduler_job.py:190} INFO - Processing /opt/airflow/dags/kubernetesOperator.py took 0.109 seconds
[2021-05-02 11:23:08,232] {scheduler_job.py:182} INFO - Started process (PID=68) to work on /opt/airflow/dags/kubernetesOperator.py
[2021-05-02 11:23:08,235] {scheduler_job.py:629} INFO - Processing file /opt/airflow/dags/kubernetesOperator.py for tasks to queue
[2021-05-02 11:23:08,236] {logging_mixin.py:104} INFO - [2021-05-02 11:23:08,236] {dagbag.py:448} INFO - Filling up the DagBag from /opt/airflow/dags/kubernetesOperator.py
[2021-05-02 11:23:08,300] {logging_mixin.py:104} WARNING - /home/airflow/.local/lib/python3.6/site-packages/airflow/providers/cncf/kubernetes/backcompat/backwards_compat_converters.py:26 DeprecationWarning: This module is deprecated. Please use `kubernetes.client.models.V1Volume`.
[2021-05-02 11:23:08,302] {logging_mixin.py:104} WARNING - /home/airflow/.local/lib/python3.6/site-packages/airflow/providers/cncf/kubernetes/backcompat/backwards_compat_converters.py:27 DeprecationWarning: This module is deprecated. Please use `kubernetes.client.models.V1VolumeMount`.
[2021-05-02 11:23:08,318] {scheduler_job.py:639} INFO - DAG(s) dict_keys(['ks-6-example_kubernetes_pod']) retrieved from /opt/airflow/dags/kubernetesOperator.py
[2021-05-02 11:23:08,352] {logging_mixin.py:104} INFO - [2021-05-02 11:23:08,352] {dag.py:1818} INFO - Sync 1 DAGs
[2021-05-02 11:23:08,383] {logging_mixin.py:104} INFO - [2021-05-02 11:23:08,382] {dag.py:2273} INFO - Setting next_dagrun for ks-6-example_kubernetes_pod to 2019-01-01T00:00:00+00:00
[2021-05-02 11:23:08,400] {scheduler_job.py:190} INFO - Processing /opt/airflow/dags/kubernetesOperator.py took 0.172 seconds
[2021-05-02 11:23:38,779] {scheduler_job.py:182} INFO - Started process (PID=74) to work on /opt/airflow/dags/kubernetesOperator.py
[2021-05-02 11:23:38,781] {scheduler_job.py:629} INFO - Processing file /opt/airflow/dags/kubernetesOperator.py for tasks to queue
[2021-05-02 11:23:38,782] {logging_mixin.py:104} INFO - [2021-05-02 11:23:38,782] {dagbag.py:448} INFO - Filling up the DagBag from /opt/airflow/dags/kubernetesOperator.py
[2021-05-02 11:23:38,837] {logging_mixin.py:104} WARNING - /home/airflow/.local/lib/python3.6/site-packages/airflow/providers/cncf/kubernetes/backcompat/backwards_compat_converters.py:26 DeprecationWarning: This module is deprecated. Please use `kubernetes.client.models.V1Volume`.
[2021-05-02 11:23:38,839] {logging_mixin.py:104} WARNING - /home/airflow/.local/lib/python3.6/site-packages/airflow/providers/cncf/kubernetes/backcompat/backwards_compat_converters.py:27 DeprecationWarning: This module is deprecated. Please use `kubernetes.client.models.V1VolumeMount`.
[2021-05-02 11:23:38,848] {scheduler_job.py:639} INFO - DAG(s) dict_keys(['ks-6-example_kubernetes_pod']) retrieved from /opt/airflow/dags/kubernetesOperator.py
[2021-05-02 11:23:38,870] {logging_mixin.py:104} INFO - [2021-05-02 11:23:38,869] {dag.py:1818} INFO - Sync 1 DAGs
[2021-05-02 11:23:38,883] {logging_mixin.py:104} INFO - [2021-05-02 11:23:38,883] {dag.py:2273} INFO - Setting next_dagrun for ks-6-example_kubernetes_pod to 2019-01-01T00:00:00+00:00
[2021-05-02 11:23:38,890] {scheduler_job.py:190} INFO - Processing /opt/airflow/dags/kubernetesOperator.py took 0.113 seconds
[2021-05-02 11:24:09,173] {scheduler_job.py:182} INFO - Started process (PID=80) to work on /opt/airflow/dags/kubernetesOperator.py
[2021-05-02 11:24:09,175] {scheduler_job.py:629} INFO - Processing file /opt/airflow/dags/kubernetesOperator.py for tasks to queue
[2021-05-02 11:24:09,176] {logging_mixin.py:104} INFO - [2021-05-02 11:24:09,176] {dagbag.py:448} INFO - Filling up the DagBag from /opt/airflow/dags/kubernetesOperator.py
[2021-05-02 11:24:09,229] {logging_mixin.py:104} WARNING - /home/airflow/.local/lib/python3.6/site-packages/airflow/providers/cncf/kubernetes/backcompat/backwards_compat_converters.py:26 DeprecationWarning: This module is deprecated. Please use `kubernetes.client.models.V1Volume`.
[2021-05-02 11:24:09,231] {logging_mixin.py:104} WARNING - /home/airflow/.local/lib/python3.6/site-packages/airflow/providers/cncf/kubernetes/backcompat/backwards_compat_converters.py:27 DeprecationWarning: This module is deprecated. Please use `kubernetes.client.models.V1VolumeMount`.
[2021-05-02 11:24:09,240] {scheduler_job.py:639} INFO - DAG(s) dict_keys(['ks-6-example_kubernetes_pod']) retrieved from /opt/airflow/dags/kubernetesOperator.py
[2021-05-02 11:24:09,258] {logging_mixin.py:104} INFO - [2021-05-02 11:24:09,258] {dag.py:1818} INFO - Sync 1 DAGs
[2021-05-02 11:24:09,271] {logging_mixin.py:104} INFO - [2021-05-02 11:24:09,271] {dag.py:2273} INFO - Setting next_dagrun for ks-6-example_kubernetes_pod to 2019-01-01T00:00:00+00:00
[2021-05-02 11:24:09,277] {scheduler_job.py:190} INFO - Processing /opt/airflow/dags/kubernetesOperator.py took 0.107 seconds
[2021-05-02 11:24:39,589] {scheduler_job.py:182} INFO - Started process (PID=86) to work on /opt/airflow/dags/kubernetesOperator.py
[2021-05-02 11:24:39,590] {scheduler_job.py:629} INFO - Processing file /opt/airflow/dags/kubernetesOperator.py for tasks to queue
[2021-05-02 11:24:39,592] {logging_mixin.py:104} INFO - [2021-05-02 11:24:39,591] {dagbag.py:448} INFO - Filling up the DagBag from /opt/airflow/dags/kubernetesOperator.py
[2021-05-02 11:24:39,650] {logging_mixin.py:104} WARNING - /home/airflow/.local/lib/python3.6/site-packages/airflow/providers/cncf/kubernetes/backcompat/backwards_compat_converters.py:26 DeprecationWarning: This module is deprecated. Please use `kubernetes.client.models.V1Volume`.
[2021-05-02 11:24:39,652] {logging_mixin.py:104} WARNING - /home/airflow/.local/lib/python3.6/site-packages/airflow/providers/cncf/kubernetes/backcompat/backwards_compat_converters.py:27 DeprecationWarning: This module is deprecated. Please use `kubernetes.client.models.V1VolumeMount`.
[2021-05-02 11:24:39,661] {scheduler_job.py:639} INFO - DAG(s) dict_keys(['ks-6-example_kubernetes_pod']) retrieved from /opt/airflow/dags/kubernetesOperator.py
[2021-05-02 11:24:39,683] {logging_mixin.py:104} INFO - [2021-05-02 11:24:39,683] {dag.py:1818} INFO - Sync 1 DAGs
[2021-05-02 11:24:39,698] {logging_mixin.py:104} INFO - [2021-05-02 11:24:39,698] {dag.py:2273} INFO - Setting next_dagrun for ks-6-example_kubernetes_pod to 2019-01-01T00:00:00+00:00
[2021-05-02 11:24:39,706] {scheduler_job.py:190} INFO - Processing /opt/airflow/dags/kubernetesOperator.py took 0.121 seconds
[2021-05-02 11:25:10,055] {scheduler_job.py:182} INFO - Started process (PID=97) to work on /opt/airflow/dags/kubernetesOperator.py
[2021-05-02 11:25:10,057] {scheduler_job.py:629} INFO - Processing file /opt/airflow/dags/kubernetesOperator.py for tasks to queue
[2021-05-02 11:25:10,058] {logging_mixin.py:104} INFO - [2021-05-02 11:25:10,058] {dagbag.py:448} INFO - Filling up the DagBag from /opt/airflow/dags/kubernetesOperator.py
[2021-05-02 11:25:10,113] {logging_mixin.py:104} WARNING - /home/airflow/.local/lib/python3.6/site-packages/airflow/providers/cncf/kubernetes/backcompat/backwards_compat_converters.py:26 DeprecationWarning: This module is deprecated. Please use `kubernetes.client.models.V1Volume`.
[2021-05-02 11:25:10,116] {logging_mixin.py:104} WARNING - /home/airflow/.local/lib/python3.6/site-packages/airflow/providers/cncf/kubernetes/backcompat/backwards_compat_converters.py:27 DeprecationWarning: This module is deprecated. Please use `kubernetes.client.models.V1VolumeMount`.
[2021-05-02 11:25:10,126] {scheduler_job.py:639} INFO - DAG(s) dict_keys(['ks-6-example_kubernetes_pod']) retrieved from /opt/airflow/dags/kubernetesOperator.py
[2021-05-02 11:25:10,149] {logging_mixin.py:104} INFO - [2021-05-02 11:25:10,149] {dag.py:1818} INFO - Sync 1 DAGs
[2021-05-02 11:25:10,165] {logging_mixin.py:104} INFO - [2021-05-02 11:25:10,165] {dag.py:2273} INFO - Setting next_dagrun for ks-6-example_kubernetes_pod to 2019-01-01T00:00:00+00:00
[2021-05-02 11:25:10,173] {scheduler_job.py:190} INFO - Processing /opt/airflow/dags/kubernetesOperator.py took 0.121 seconds
[2021-05-02 11:25:40,467] {scheduler_job.py:182} INFO - Started process (PID=103) to work on /opt/airflow/dags/kubernetesOperator.py
[2021-05-02 11:25:40,469] {scheduler_job.py:629} INFO - Processing file /opt/airflow/dags/kubernetesOperator.py for tasks to queue
[2021-05-02 11:25:40,470] {logging_mixin.py:104} INFO - [2021-05-02 11:25:40,470] {dagbag.py:448} INFO - Filling up the DagBag from /opt/airflow/dags/kubernetesOperator.py
[2021-05-02 11:25:40,523] {logging_mixin.py:104} WARNING - /home/airflow/.local/lib/python3.6/site-packages/airflow/providers/cncf/kubernetes/backcompat/backwards_compat_converters.py:26 DeprecationWarning: This module is deprecated. Please use `kubernetes.client.models.V1Volume`.
[2021-05-02 11:25:40,525] {logging_mixin.py:104} WARNING - /home/airflow/.local/lib/python3.6/site-packages/airflow/providers/cncf/kubernetes/backcompat/backwards_compat_converters.py:27 DeprecationWarning: This module is deprecated. Please use `kubernetes.client.models.V1VolumeMount`.
[2021-05-02 11:25:40,533] {scheduler_job.py:639} INFO - DAG(s) dict_keys(['ks-6-example_kubernetes_pod']) retrieved from /opt/airflow/dags/kubernetesOperator.py
[2021-05-02 11:25:40,551] {logging_mixin.py:104} INFO - [2021-05-02 11:25:40,551] {dag.py:1818} INFO - Sync 1 DAGs
[2021-05-02 11:25:40,564] {logging_mixin.py:104} INFO - [2021-05-02 11:25:40,564] {dag.py:2273} INFO - Setting next_dagrun for ks-6-example_kubernetes_pod to 2019-01-01T00:00:00+00:00
[2021-05-02 11:25:40,571] {scheduler_job.py:190} INFO - Processing /opt/airflow/dags/kubernetesOperator.py took 0.107 seconds
[2021-05-02 11:26:10,864] {scheduler_job.py:182} INFO - Started process (PID=109) to work on /opt/airflow/dags/kubernetesOperator.py
[2021-05-02 11:26:10,866] {scheduler_job.py:629} INFO - Processing file /opt/airflow/dags/kubernetesOperator.py for tasks to queue
[2021-05-02 11:26:10,867] {logging_mixin.py:104} INFO - [2021-05-02 11:26:10,867] {dagbag.py:448} INFO - Filling up the DagBag from /opt/airflow/dags/kubernetesOperator.py
[2021-05-02 11:26:10,923] {logging_mixin.py:104} WARNING - /home/airflow/.local/lib/python3.6/site-packages/airflow/providers/cncf/kubernetes/backcompat/backwards_compat_converters.py:26 DeprecationWarning: This module is deprecated. Please use `kubernetes.client.models.V1Volume`.
[2021-05-02 11:26:10,925] {logging_mixin.py:104} WARNING - /home/airflow/.local/lib/python3.6/site-packages/airflow/providers/cncf/kubernetes/backcompat/backwards_compat_converters.py:27 DeprecationWarning: This module is deprecated. Please use `kubernetes.client.models.V1VolumeMount`.
[2021-05-02 11:26:10,934] {scheduler_job.py:639} INFO - DAG(s) dict_keys(['ks-6-example_kubernetes_pod']) retrieved from /opt/airflow/dags/kubernetesOperator.py
[2021-05-02 11:26:10,954] {logging_mixin.py:104} INFO - [2021-05-02 11:26:10,954] {dag.py:1818} INFO - Sync 1 DAGs
[2021-05-02 11:26:10,968] {logging_mixin.py:104} INFO - [2021-05-02 11:26:10,968] {dag.py:2273} INFO - Setting next_dagrun for ks-6-example_kubernetes_pod to 2019-01-01T00:00:00+00:00
[2021-05-02 11:26:10,978] {scheduler_job.py:190} INFO - Processing /opt/airflow/dags/kubernetesOperator.py took 0.117 seconds
[2021-05-02 11:26:41,272] {scheduler_job.py:182} INFO - Started process (PID=115) to work on /opt/airflow/dags/kubernetesOperator.py
[2021-05-02 11:26:41,274] {scheduler_job.py:629} INFO - Processing file /opt/airflow/dags/kubernetesOperator.py for tasks to queue
[2021-05-02 11:26:41,275] {logging_mixin.py:104} INFO - [2021-05-02 11:26:41,275] {dagbag.py:448} INFO - Filling up the DagBag from /opt/airflow/dags/kubernetesOperator.py
[2021-05-02 11:26:41,327] {logging_mixin.py:104} WARNING - /home/airflow/.local/lib/python3.6/site-packages/airflow/providers/cncf/kubernetes/backcompat/backwards_compat_converters.py:26 DeprecationWarning: This module is deprecated. Please use `kubernetes.client.models.V1Volume`.
[2021-05-02 11:26:41,329] {logging_mixin.py:104} WARNING - /home/airflow/.local/lib/python3.6/site-packages/airflow/providers/cncf/kubernetes/backcompat/backwards_compat_converters.py:27 DeprecationWarning: This module is deprecated. Please use `kubernetes.client.models.V1VolumeMount`.
[2021-05-02 11:26:41,338] {scheduler_job.py:639} INFO - DAG(s) dict_keys(['ks-6-example_kubernetes_pod']) retrieved from /opt/airflow/dags/kubernetesOperator.py
[2021-05-02 11:26:41,357] {logging_mixin.py:104} INFO - [2021-05-02 11:26:41,356] {dag.py:1818} INFO - Sync 1 DAGs
[2021-05-02 11:26:41,369] {logging_mixin.py:104} INFO - [2021-05-02 11:26:41,369] {dag.py:2273} INFO - Setting next_dagrun for ks-6-example_kubernetes_pod to 2019-01-01T00:00:00+00:00
[2021-05-02 11:26:41,376] {scheduler_job.py:190} INFO - Processing /opt/airflow/dags/kubernetesOperator.py took 0.107 seconds
[2021-05-02 11:27:11,695] {scheduler_job.py:182} INFO - Started process (PID=121) to work on /opt/airflow/dags/kubernetesOperator.py
[2021-05-02 11:27:11,697] {scheduler_job.py:629} INFO - Processing file /opt/airflow/dags/kubernetesOperator.py for tasks to queue
[2021-05-02 11:27:11,699] {logging_mixin.py:104} INFO - [2021-05-02 11:27:11,699] {dagbag.py:448} INFO - Filling up the DagBag from /opt/airflow/dags/kubernetesOperator.py
[2021-05-02 11:27:11,774] {logging_mixin.py:104} WARNING - /home/airflow/.local/lib/python3.6/site-packages/airflow/providers/cncf/kubernetes/backcompat/backwards_compat_converters.py:26 DeprecationWarning: This module is deprecated. Please use `kubernetes.client.models.V1Volume`.
[2021-05-02 11:27:11,781] {logging_mixin.py:104} WARNING - /home/airflow/.local/lib/python3.6/site-packages/airflow/providers/cncf/kubernetes/backcompat/backwards_compat_converters.py:27 DeprecationWarning: This module is deprecated. Please use `kubernetes.client.models.V1VolumeMount`.
[2021-05-02 11:27:11,795] {scheduler_job.py:639} INFO - DAG(s) dict_keys(['ks-6-example_kubernetes_pod']) retrieved from /opt/airflow/dags/kubernetesOperator.py
[2021-05-02 11:27:11,819] {logging_mixin.py:104} INFO - [2021-05-02 11:27:11,819] {dag.py:1818} INFO - Sync 1 DAGs
[2021-05-02 11:27:11,836] {logging_mixin.py:104} INFO - [2021-05-02 11:27:11,836] {dag.py:2273} INFO - Setting next_dagrun for ks-6-example_kubernetes_pod to 2019-01-01T00:00:00+00:00
[2021-05-02 11:27:11,846] {scheduler_job.py:190} INFO - Processing /opt/airflow/dags/kubernetesOperator.py took 0.155 seconds
[2021-05-02 11:27:42,176] {scheduler_job.py:182} INFO - Started process (PID=132) to work on /opt/airflow/dags/kubernetesOperator.py
[2021-05-02 11:27:42,178] {scheduler_job.py:629} INFO - Processing file /opt/airflow/dags/kubernetesOperator.py for tasks to queue
[2021-05-02 11:27:42,180] {logging_mixin.py:104} INFO - [2021-05-02 11:27:42,180] {dagbag.py:448} INFO - Filling up the DagBag from /opt/airflow/dags/kubernetesOperator.py
[2021-05-02 11:27:42,241] {logging_mixin.py:104} WARNING - /home/airflow/.local/lib/python3.6/site-packages/airflow/providers/cncf/kubernetes/backcompat/backwards_compat_converters.py:26 DeprecationWarning: This module is deprecated. Please use `kubernetes.client.models.V1Volume`.
[2021-05-02 11:27:42,243] {logging_mixin.py:104} WARNING - /home/airflow/.local/lib/python3.6/site-packages/airflow/providers/cncf/kubernetes/backcompat/backwards_compat_converters.py:27 DeprecationWarning: This module is deprecated. Please use `kubernetes.client.models.V1VolumeMount`.
[2021-05-02 11:27:42,257] {scheduler_job.py:639} INFO - DAG(s) dict_keys(['ks-6-example_kubernetes_pod']) retrieved from /opt/airflow/dags/kubernetesOperator.py
[2021-05-02 11:27:42,285] {logging_mixin.py:104} INFO - [2021-05-02 11:27:42,284] {dag.py:1818} INFO - Sync 1 DAGs
[2021-05-02 11:27:42,303] {logging_mixin.py:104} INFO - [2021-05-02 11:27:42,303] {dag.py:2273} INFO - Setting next_dagrun for ks-6-example_kubernetes_pod to 2019-01-01T00:00:00+00:00
[2021-05-02 11:27:42,312] {scheduler_job.py:190} INFO - Processing /opt/airflow/dags/kubernetesOperator.py took 0.139 seconds
[2021-05-02 11:28:12,626] {scheduler_job.py:182} INFO - Started process (PID=138) to work on /opt/airflow/dags/kubernetesOperator.py
[2021-05-02 11:28:12,628] {scheduler_job.py:629} INFO - Processing file /opt/airflow/dags/kubernetesOperator.py for tasks to queue
[2021-05-02 11:28:12,629] {logging_mixin.py:104} INFO - [2021-05-02 11:28:12,629] {dagbag.py:448} INFO - Filling up the DagBag from /opt/airflow/dags/kubernetesOperator.py
[2021-05-02 11:28:12,687] {logging_mixin.py:104} WARNING - /home/airflow/.local/lib/python3.6/site-packages/airflow/providers/cncf/kubernetes/backcompat/backwards_compat_converters.py:26 DeprecationWarning: This module is deprecated. Please use `kubernetes.client.models.V1Volume`.
[2021-05-02 11:28:12,689] {logging_mixin.py:104} WARNING - /home/airflow/.local/lib/python3.6/site-packages/airflow/providers/cncf/kubernetes/backcompat/backwards_compat_converters.py:27 DeprecationWarning: This module is deprecated. Please use `kubernetes.client.models.V1VolumeMount`.
[2021-05-02 11:28:12,698] {scheduler_job.py:639} INFO - DAG(s) dict_keys(['ks-6-example_kubernetes_pod']) retrieved from /opt/airflow/dags/kubernetesOperator.py
[2021-05-02 11:28:12,721] {logging_mixin.py:104} INFO - [2021-05-02 11:28:12,720] {dag.py:1818} INFO - Sync 1 DAGs
[2021-05-02 11:28:12,736] {logging_mixin.py:104} INFO - [2021-05-02 11:28:12,736] {dag.py:2273} INFO - Setting next_dagrun for ks-6-example_kubernetes_pod to 2019-01-01T00:00:00+00:00
[2021-05-02 11:28:12,745] {scheduler_job.py:190} INFO - Processing /opt/airflow/dags/kubernetesOperator.py took 0.123 seconds
[2021-05-02 11:28:43,055] {scheduler_job.py:182} INFO - Started process (PID=144) to work on /opt/airflow/dags/kubernetesOperator.py
[2021-05-02 11:28:43,056] {scheduler_job.py:629} INFO - Processing file /opt/airflow/dags/kubernetesOperator.py for tasks to queue
[2021-05-02 11:28:43,061] {logging_mixin.py:104} INFO - [2021-05-02 11:28:43,061] {dagbag.py:448} INFO - Filling up the DagBag from /opt/airflow/dags/kubernetesOperator.py
[2021-05-02 11:28:43,120] {logging_mixin.py:104} WARNING - /home/airflow/.local/lib/python3.6/site-packages/airflow/providers/cncf/kubernetes/backcompat/backwards_compat_converters.py:26 DeprecationWarning: This module is deprecated. Please use `kubernetes.client.models.V1Volume`.
[2021-05-02 11:28:43,121] {logging_mixin.py:104} WARNING - /home/airflow/.local/lib/python3.6/site-packages/airflow/providers/cncf/kubernetes/backcompat/backwards_compat_converters.py:27 DeprecationWarning: This module is deprecated. Please use `kubernetes.client.models.V1VolumeMount`.
[2021-05-02 11:28:43,130] {scheduler_job.py:639} INFO - DAG(s) dict_keys(['ks-6-example_kubernetes_pod']) retrieved from /opt/airflow/dags/kubernetesOperator.py
[2021-05-02 11:28:43,152] {logging_mixin.py:104} INFO - [2021-05-02 11:28:43,152] {dag.py:1818} INFO - Sync 1 DAGs
[2021-05-02 11:28:43,167] {logging_mixin.py:104} INFO - [2021-05-02 11:28:43,167] {dag.py:2273} INFO - Setting next_dagrun for ks-6-example_kubernetes_pod to 2019-01-01T00:00:00+00:00
[2021-05-02 11:28:43,174] {scheduler_job.py:190} INFO - Processing /opt/airflow/dags/kubernetesOperator.py took 0.123 seconds
[2021-05-02 11:29:13,509] {scheduler_job.py:182} INFO - Started process (PID=150) to work on /opt/airflow/dags/kubernetesOperator.py
[2021-05-02 11:29:13,514] {scheduler_job.py:629} INFO - Processing file /opt/airflow/dags/kubernetesOperator.py for tasks to queue
[2021-05-02 11:29:13,515] {logging_mixin.py:104} INFO - [2021-05-02 11:29:13,515] {dagbag.py:448} INFO - Filling up the DagBag from /opt/airflow/dags/kubernetesOperator.py
[2021-05-02 11:29:13,574] {logging_mixin.py:104} WARNING - /home/airflow/.local/lib/python3.6/site-packages/airflow/providers/cncf/kubernetes/backcompat/backwards_compat_converters.py:26 DeprecationWarning: This module is deprecated. Please use `kubernetes.client.models.V1Volume`.
[2021-05-02 11:29:13,575] {logging_mixin.py:104} WARNING - /home/airflow/.local/lib/python3.6/site-packages/airflow/providers/cncf/kubernetes/backcompat/backwards_compat_converters.py:27 DeprecationWarning: This module is deprecated. Please use `kubernetes.client.models.V1VolumeMount`.
[2021-05-02 11:29:13,585] {scheduler_job.py:639} INFO - DAG(s) dict_keys(['ks-6-example_kubernetes_pod']) retrieved from /opt/airflow/dags/kubernetesOperator.py
[2021-05-02 11:29:13,606] {logging_mixin.py:104} INFO - [2021-05-02 11:29:13,606] {dag.py:1818} INFO - Sync 1 DAGs
[2021-05-02 11:29:13,619] {logging_mixin.py:104} INFO - [2021-05-02 11:29:13,619] {dag.py:2273} INFO - Setting next_dagrun for ks-6-example_kubernetes_pod to 2019-01-01T00:00:00+00:00
[2021-05-02 11:29:13,626] {scheduler_job.py:190} INFO - Processing /opt/airflow/dags/kubernetesOperator.py took 0.121 seconds
