[2021-04-21 20:06:26,013] {taskinstance.py:851} INFO - Dependencies all met for <TaskInstance: docker_sample.sleep 2021-04-19T02:20:00+00:00 [queued]>
[2021-04-21 20:06:26,025] {taskinstance.py:851} INFO - Dependencies all met for <TaskInstance: docker_sample.sleep 2021-04-19T02:20:00+00:00 [queued]>
[2021-04-21 20:06:26,026] {taskinstance.py:1042} INFO - 
--------------------------------------------------------------------------------
[2021-04-21 20:06:26,026] {taskinstance.py:1043} INFO - Starting attempt 1 of 4
[2021-04-21 20:06:26,027] {taskinstance.py:1044} INFO - 
--------------------------------------------------------------------------------
[2021-04-21 20:06:26,039] {taskinstance.py:1063} INFO - Executing <Task(BashOperator): sleep> on 2021-04-19T02:20:00+00:00
[2021-04-21 20:06:26,044] {standard_task_runner.py:52} INFO - Started process 165 to run task
[2021-04-21 20:06:26,049] {standard_task_runner.py:76} INFO - Running: ['airflow', 'tasks', 'run', 'docker_sample', 'sleep', '2021-04-19T02:20:00+00:00', '--job-id', '49', '--pool', 'default_pool', '--raw', '--subdir', 'DAGS_FOLDER/dockerOperator.py', '--cfg-path', '/tmp/tmpjc2adj1x', '--error-file', '/tmp/tmpb57s4a67']
[2021-04-21 20:06:26,050] {standard_task_runner.py:77} INFO - Job 49: Subtask sleep
[2021-04-21 20:06:26,100] {logging_mixin.py:104} INFO - Running <TaskInstance: docker_sample.sleep 2021-04-19T02:20:00+00:00 [running]> on host 5af2b1cab26e
[2021-04-21 20:06:26,158] {taskinstance.py:1257} INFO - Exporting the following env vars:
AIRFLOW_CTX_DAG_EMAIL=airflow@example.com
AIRFLOW_CTX_DAG_OWNER=airflow
AIRFLOW_CTX_DAG_ID=docker_sample
AIRFLOW_CTX_TASK_ID=sleep
AIRFLOW_CTX_EXECUTION_DATE=2021-04-19T02:20:00+00:00
AIRFLOW_CTX_DAG_RUN_ID=scheduled__2021-04-19T02:20:00+00:00
[2021-04-21 20:06:26,160] {bash.py:135} INFO - Tmp dir root location: 
 /tmp
[2021-04-21 20:06:26,161] {bash.py:158} INFO - Running command: sleep 5
[2021-04-21 20:06:26,170] {bash.py:169} INFO - Output:
[2021-04-21 20:06:31,172] {bash.py:177} INFO - Command exited with return code 0
[2021-04-21 20:06:31,203] {taskinstance.py:1166} INFO - Marking task as SUCCESS. dag_id=docker_sample, task_id=sleep, execution_date=20210419T022000, start_date=20210421T200626, end_date=20210421T200631
[2021-04-21 20:06:31,229] {taskinstance.py:1220} INFO - 0 downstream tasks scheduled from follow-on schedule check
[2021-04-21 20:06:31,272] {local_task_job.py:146} INFO - Task exited with return code 0
[2021-04-21 20:13:15,826] {taskinstance.py:851} INFO - Dependencies all met for <TaskInstance: docker_sample.sleep 2021-04-19T02:20:00+00:00 [queued]>
[2021-04-21 20:13:15,860] {taskinstance.py:851} INFO - Dependencies all met for <TaskInstance: docker_sample.sleep 2021-04-19T02:20:00+00:00 [queued]>
[2021-04-21 20:13:15,861] {taskinstance.py:1042} INFO - 
--------------------------------------------------------------------------------
[2021-04-21 20:13:15,862] {taskinstance.py:1043} INFO - Starting attempt 1 of 4
[2021-04-21 20:13:15,863] {taskinstance.py:1044} INFO - 
--------------------------------------------------------------------------------
[2021-04-21 20:13:15,875] {taskinstance.py:1063} INFO - Executing <Task(BashOperator): sleep> on 2021-04-19T02:20:00+00:00
[2021-04-21 20:13:15,880] {standard_task_runner.py:52} INFO - Started process 207 to run task
[2021-04-21 20:13:15,903] {standard_task_runner.py:76} INFO - Running: ['airflow', 'tasks', 'run', 'docker_sample', 'sleep', '2021-04-19T02:20:00+00:00', '--job-id', '111', '--pool', 'default_pool', '--raw', '--subdir', 'DAGS_FOLDER/dockerOperator.py', '--cfg-path', '/tmp/tmpg40dapxz', '--error-file', '/tmp/tmp9asui0vw']
[2021-04-21 20:13:15,906] {standard_task_runner.py:77} INFO - Job 111: Subtask sleep
[2021-04-21 20:13:16,016] {logging_mixin.py:104} INFO - Running <TaskInstance: docker_sample.sleep 2021-04-19T02:20:00+00:00 [running]> on host 5af2b1cab26e
[2021-04-21 20:13:16,088] {taskinstance.py:1257} INFO - Exporting the following env vars:
AIRFLOW_CTX_DAG_EMAIL=airflow@example.com
AIRFLOW_CTX_DAG_OWNER=airflow
AIRFLOW_CTX_DAG_ID=docker_sample
AIRFLOW_CTX_TASK_ID=sleep
AIRFLOW_CTX_EXECUTION_DATE=2021-04-19T02:20:00+00:00
AIRFLOW_CTX_DAG_RUN_ID=scheduled__2021-04-19T02:20:00+00:00
[2021-04-21 20:13:16,089] {bash.py:135} INFO - Tmp dir root location: 
 /tmp
[2021-04-21 20:13:16,091] {bash.py:158} INFO - Running command: sleep 5
[2021-04-21 20:13:16,106] {bash.py:169} INFO - Output:
[2021-04-21 20:13:21,108] {bash.py:177} INFO - Command exited with return code 0
[2021-04-21 20:13:21,137] {taskinstance.py:1166} INFO - Marking task as SUCCESS. dag_id=docker_sample, task_id=sleep, execution_date=20210419T022000, start_date=20210421T201315, end_date=20210421T201321
[2021-04-21 20:13:21,162] {taskinstance.py:1220} INFO - 0 downstream tasks scheduled from follow-on schedule check
[2021-04-21 20:13:21,204] {local_task_job.py:146} INFO - Task exited with return code 0
