[2021-04-27 17:58:09,400] {taskinstance.py:851} INFO - Dependencies all met for <TaskInstance: docker_sample.print_hello 2021-04-25T01:30:00+00:00 [queued]>
[2021-04-27 17:58:09,478] {taskinstance.py:851} INFO - Dependencies all met for <TaskInstance: docker_sample.print_hello 2021-04-25T01:30:00+00:00 [queued]>
[2021-04-27 17:58:09,479] {taskinstance.py:1042} INFO - 
--------------------------------------------------------------------------------
[2021-04-27 17:58:09,480] {taskinstance.py:1043} INFO - Starting attempt 1 of 2
[2021-04-27 17:58:09,481] {taskinstance.py:1044} INFO - 
--------------------------------------------------------------------------------
[2021-04-27 17:58:09,525] {taskinstance.py:1063} INFO - Executing <Task(BashOperator): print_hello> on 2021-04-25T01:30:00+00:00
[2021-04-27 17:58:09,540] {standard_task_runner.py:76} INFO - Running: ['airflow', 'tasks', 'run', 'docker_sample', 'print_hello', '2021-04-25T01:30:00+00:00', '--job-id', '58', '--pool', 'default_pool', '--raw', '--subdir', 'DAGS_FOLDER/dockerOperator.py', '--cfg-path', '/tmp/tmpof3rm5rn', '--error-file', '/tmp/tmpfmhmm_x0']
[2021-04-27 17:58:09,542] {standard_task_runner.py:77} INFO - Job 58: Subtask print_hello
[2021-04-27 17:58:09,531] {standard_task_runner.py:52} INFO - Started process 189 to run task
[2021-04-27 17:58:09,715] {logging_mixin.py:104} INFO - Running <TaskInstance: docker_sample.print_hello 2021-04-25T01:30:00+00:00 [running]> on host 44e91a58ae1b
[2021-04-27 17:58:09,809] {taskinstance.py:1257} INFO - Exporting the following env vars:
AIRFLOW_CTX_DAG_EMAIL=airflow@example.com
AIRFLOW_CTX_DAG_OWNER=airflow
AIRFLOW_CTX_DAG_ID=docker_sample
AIRFLOW_CTX_TASK_ID=print_hello
AIRFLOW_CTX_EXECUTION_DATE=2021-04-25T01:30:00+00:00
AIRFLOW_CTX_DAG_RUN_ID=scheduled__2021-04-25T01:30:00+00:00
[2021-04-27 17:58:09,813] {bash.py:135} INFO - Tmp dir root location: 
 /tmp
[2021-04-27 17:58:09,815] {bash.py:158} INFO - Running command: echo "hello world!!!"
[2021-04-27 17:58:09,843] {bash.py:169} INFO - Output:
[2021-04-27 17:58:09,850] {bash.py:173} INFO - hello world!!!
[2021-04-27 17:58:09,851] {bash.py:177} INFO - Command exited with return code 0
[2021-04-27 17:58:09,903] {taskinstance.py:1166} INFO - Marking task as SUCCESS. dag_id=docker_sample, task_id=print_hello, execution_date=20210425T013000, start_date=20210427T175809, end_date=20210427T175809
[2021-04-27 17:58:09,963] {taskinstance.py:1220} INFO - 0 downstream tasks scheduled from follow-on schedule check
[2021-04-27 17:58:09,996] {local_task_job.py:146} INFO - Task exited with return code 0
