[2021-04-21 20:13:40,339] {taskinstance.py:851} INFO - Dependencies all met for <TaskInstance: docker_sample.print_date 2021-04-19T05:10:00+00:00 [queued]>
[2021-04-21 20:13:40,382] {taskinstance.py:851} INFO - Dependencies all met for <TaskInstance: docker_sample.print_date 2021-04-19T05:10:00+00:00 [queued]>
[2021-04-21 20:13:40,383] {taskinstance.py:1042} INFO - 
--------------------------------------------------------------------------------
[2021-04-21 20:13:40,384] {taskinstance.py:1043} INFO - Starting attempt 1 of 2
[2021-04-21 20:13:40,385] {taskinstance.py:1044} INFO - 
--------------------------------------------------------------------------------
[2021-04-21 20:13:40,398] {taskinstance.py:1063} INFO - Executing <Task(BashOperator): print_date> on 2021-04-19T05:10:00+00:00
[2021-04-21 20:13:40,407] {standard_task_runner.py:52} INFO - Started process 301 to run task
[2021-04-21 20:13:40,431] {standard_task_runner.py:76} INFO - Running: ['airflow', 'tasks', 'run', 'docker_sample', 'print_date', '2021-04-19T05:10:00+00:00', '--job-id', '144', '--pool', 'default_pool', '--raw', '--subdir', 'DAGS_FOLDER/dockerOperator.py', '--cfg-path', '/tmp/tmpzkcei3wj', '--error-file', '/tmp/tmpb1x9gz9i']
[2021-04-21 20:13:40,437] {standard_task_runner.py:77} INFO - Job 144: Subtask print_date
[2021-04-21 20:13:40,569] {logging_mixin.py:104} INFO - Running <TaskInstance: docker_sample.print_date 2021-04-19T05:10:00+00:00 [running]> on host 5af2b1cab26e
[2021-04-21 20:13:40,692] {taskinstance.py:1257} INFO - Exporting the following env vars:
AIRFLOW_CTX_DAG_EMAIL=airflow@example.com
AIRFLOW_CTX_DAG_OWNER=airflow
AIRFLOW_CTX_DAG_ID=docker_sample
AIRFLOW_CTX_TASK_ID=print_date
AIRFLOW_CTX_EXECUTION_DATE=2021-04-19T05:10:00+00:00
AIRFLOW_CTX_DAG_RUN_ID=scheduled__2021-04-19T05:10:00+00:00
[2021-04-21 20:13:40,693] {bash.py:135} INFO - Tmp dir root location: 
 /tmp
[2021-04-21 20:13:40,698] {bash.py:158} INFO - Running command: date
[2021-04-21 20:13:40,726] {bash.py:169} INFO - Output:
[2021-04-21 20:13:40,729] {bash.py:173} INFO - Wed Apr 21 20:13:40 UTC 2021
[2021-04-21 20:13:40,731] {bash.py:177} INFO - Command exited with return code 0
[2021-04-21 20:13:40,806] {taskinstance.py:1166} INFO - Marking task as SUCCESS. dag_id=docker_sample, task_id=print_date, execution_date=20210419T051000, start_date=20210421T201340, end_date=20210421T201340
[2021-04-21 20:13:40,909] {taskinstance.py:1220} INFO - 2 downstream tasks scheduled from follow-on schedule check
[2021-04-21 20:13:40,930] {local_task_job.py:146} INFO - Task exited with return code 0
