[2021-04-21 20:19:35,387] {taskinstance.py:851} INFO - Dependencies all met for <TaskInstance: docker_sample.sleep 2021-04-19T19:10:00+00:00 [queued]>
[2021-04-21 20:19:35,427] {taskinstance.py:851} INFO - Dependencies all met for <TaskInstance: docker_sample.sleep 2021-04-19T19:10:00+00:00 [queued]>
[2021-04-21 20:19:35,428] {taskinstance.py:1042} INFO - 
--------------------------------------------------------------------------------
[2021-04-21 20:19:35,429] {taskinstance.py:1043} INFO - Starting attempt 1 of 4
[2021-04-21 20:19:35,430] {taskinstance.py:1044} INFO - 
--------------------------------------------------------------------------------
[2021-04-21 20:19:35,443] {taskinstance.py:1063} INFO - Executing <Task(BashOperator): sleep> on 2021-04-19T19:10:00+00:00
[2021-04-21 20:19:35,449] {standard_task_runner.py:52} INFO - Started process 1311 to run task
[2021-04-21 20:19:35,459] {standard_task_runner.py:76} INFO - Running: ['airflow', 'tasks', 'run', 'docker_sample', 'sleep', '2021-04-19T19:10:00+00:00', '--job-id', '512', '--pool', 'default_pool', '--raw', '--subdir', 'DAGS_FOLDER/dockerOperator.py', '--cfg-path', '/tmp/tmp586g67ib', '--error-file', '/tmp/tmpjyt8zdh4']
[2021-04-21 20:19:35,464] {standard_task_runner.py:77} INFO - Job 512: Subtask sleep
[2021-04-21 20:19:35,572] {logging_mixin.py:104} INFO - Running <TaskInstance: docker_sample.sleep 2021-04-19T19:10:00+00:00 [running]> on host 5af2b1cab26e
[2021-04-21 20:19:35,680] {taskinstance.py:1257} INFO - Exporting the following env vars:
AIRFLOW_CTX_DAG_EMAIL=airflow@example.com
AIRFLOW_CTX_DAG_OWNER=airflow
AIRFLOW_CTX_DAG_ID=docker_sample
AIRFLOW_CTX_TASK_ID=sleep
AIRFLOW_CTX_EXECUTION_DATE=2021-04-19T19:10:00+00:00
AIRFLOW_CTX_DAG_RUN_ID=scheduled__2021-04-19T19:10:00+00:00
[2021-04-21 20:19:35,682] {bash.py:135} INFO - Tmp dir root location: 
 /tmp
[2021-04-21 20:19:35,687] {bash.py:158} INFO - Running command: sleep 5
[2021-04-21 20:19:35,704] {bash.py:169} INFO - Output:
[2021-04-21 20:19:40,708] {bash.py:177} INFO - Command exited with return code 0
[2021-04-21 20:19:40,747] {taskinstance.py:1166} INFO - Marking task as SUCCESS. dag_id=docker_sample, task_id=sleep, execution_date=20210419T191000, start_date=20210421T201935, end_date=20210421T201940
[2021-04-21 20:19:40,798] {taskinstance.py:1220} INFO - 0 downstream tasks scheduled from follow-on schedule check
[2021-04-21 20:19:40,808] {local_task_job.py:146} INFO - Task exited with return code 0
