[2021-04-21 20:15:32,941] {taskinstance.py:851} INFO - Dependencies all met for <TaskInstance: docker_sample.print_date 2021-04-19T08:40:00+00:00 [queued]>
[2021-04-21 20:15:32,968] {taskinstance.py:851} INFO - Dependencies all met for <TaskInstance: docker_sample.print_date 2021-04-19T08:40:00+00:00 [queued]>
[2021-04-21 20:15:32,970] {taskinstance.py:1042} INFO - 
--------------------------------------------------------------------------------
[2021-04-21 20:15:32,972] {taskinstance.py:1043} INFO - Starting attempt 1 of 2
[2021-04-21 20:15:32,973] {taskinstance.py:1044} INFO - 
--------------------------------------------------------------------------------
[2021-04-21 20:15:32,989] {taskinstance.py:1063} INFO - Executing <Task(BashOperator): print_date> on 2021-04-19T08:40:00+00:00
[2021-04-21 20:15:32,995] {standard_task_runner.py:52} INFO - Started process 588 to run task
[2021-04-21 20:15:33,005] {standard_task_runner.py:76} INFO - Running: ['airflow', 'tasks', 'run', 'docker_sample', 'print_date', '2021-04-19T08:40:00+00:00', '--job-id', '248', '--pool', 'default_pool', '--raw', '--subdir', 'DAGS_FOLDER/dockerOperator.py', '--cfg-path', '/tmp/tmpruhgihw9', '--error-file', '/tmp/tmp62ez2uxn']
[2021-04-21 20:15:33,007] {standard_task_runner.py:77} INFO - Job 248: Subtask print_date
[2021-04-21 20:15:33,131] {logging_mixin.py:104} INFO - Running <TaskInstance: docker_sample.print_date 2021-04-19T08:40:00+00:00 [running]> on host 5af2b1cab26e
[2021-04-21 20:15:33,240] {taskinstance.py:1257} INFO - Exporting the following env vars:
AIRFLOW_CTX_DAG_EMAIL=airflow@example.com
AIRFLOW_CTX_DAG_OWNER=airflow
AIRFLOW_CTX_DAG_ID=docker_sample
AIRFLOW_CTX_TASK_ID=print_date
AIRFLOW_CTX_EXECUTION_DATE=2021-04-19T08:40:00+00:00
AIRFLOW_CTX_DAG_RUN_ID=scheduled__2021-04-19T08:40:00+00:00
[2021-04-21 20:15:33,245] {bash.py:135} INFO - Tmp dir root location: 
 /tmp
[2021-04-21 20:15:33,248] {bash.py:158} INFO - Running command: date
[2021-04-21 20:15:33,273] {bash.py:169} INFO - Output:
[2021-04-21 20:15:33,281] {bash.py:173} INFO - Wed Apr 21 20:15:33 UTC 2021
[2021-04-21 20:15:33,282] {bash.py:177} INFO - Command exited with return code 0
[2021-04-21 20:15:33,344] {taskinstance.py:1166} INFO - Marking task as SUCCESS. dag_id=docker_sample, task_id=print_date, execution_date=20210419T084000, start_date=20210421T201532, end_date=20210421T201533
[2021-04-21 20:15:33,487] {taskinstance.py:1220} INFO - 0 downstream tasks scheduled from follow-on schedule check
[2021-04-21 20:15:33,516] {local_task_job.py:146} INFO - Task exited with return code 0
