[2021-04-21 20:16:10,716] {taskinstance.py:851} INFO - Dependencies all met for <TaskInstance: docker_sample.sleep 2021-04-19T10:20:00+00:00 [queued]>
[2021-04-21 20:16:10,739] {taskinstance.py:851} INFO - Dependencies all met for <TaskInstance: docker_sample.sleep 2021-04-19T10:20:00+00:00 [queued]>
[2021-04-21 20:16:10,740] {taskinstance.py:1042} INFO - 
--------------------------------------------------------------------------------
[2021-04-21 20:16:10,740] {taskinstance.py:1043} INFO - Starting attempt 1 of 4
[2021-04-21 20:16:10,741] {taskinstance.py:1044} INFO - 
--------------------------------------------------------------------------------
[2021-04-21 20:16:10,752] {taskinstance.py:1063} INFO - Executing <Task(BashOperator): sleep> on 2021-04-19T10:20:00+00:00
[2021-04-21 20:16:10,757] {standard_task_runner.py:52} INFO - Started process 713 to run task
[2021-04-21 20:16:10,768] {standard_task_runner.py:76} INFO - Running: ['airflow', 'tasks', 'run', 'docker_sample', 'sleep', '2021-04-19T10:20:00+00:00', '--job-id', '297', '--pool', 'default_pool', '--raw', '--subdir', 'DAGS_FOLDER/dockerOperator.py', '--cfg-path', '/tmp/tmpos_gie26', '--error-file', '/tmp/tmpqzq12a9u']
[2021-04-21 20:16:10,769] {standard_task_runner.py:77} INFO - Job 297: Subtask sleep
[2021-04-21 20:16:10,839] {logging_mixin.py:104} INFO - Running <TaskInstance: docker_sample.sleep 2021-04-19T10:20:00+00:00 [running]> on host 5af2b1cab26e
[2021-04-21 20:16:10,883] {taskinstance.py:1257} INFO - Exporting the following env vars:
AIRFLOW_CTX_DAG_EMAIL=airflow@example.com
AIRFLOW_CTX_DAG_OWNER=airflow
AIRFLOW_CTX_DAG_ID=docker_sample
AIRFLOW_CTX_TASK_ID=sleep
AIRFLOW_CTX_EXECUTION_DATE=2021-04-19T10:20:00+00:00
AIRFLOW_CTX_DAG_RUN_ID=scheduled__2021-04-19T10:20:00+00:00
[2021-04-21 20:16:10,884] {bash.py:135} INFO - Tmp dir root location: 
 /tmp
[2021-04-21 20:16:10,885] {bash.py:158} INFO - Running command: sleep 5
[2021-04-21 20:16:10,894] {bash.py:169} INFO - Output:
[2021-04-21 20:16:15,896] {bash.py:177} INFO - Command exited with return code 0
[2021-04-21 20:16:15,923] {taskinstance.py:1166} INFO - Marking task as SUCCESS. dag_id=docker_sample, task_id=sleep, execution_date=20210419T102000, start_date=20210421T201610, end_date=20210421T201615
[2021-04-21 20:16:15,945] {taskinstance.py:1220} INFO - 0 downstream tasks scheduled from follow-on schedule check
[2021-04-21 20:16:15,953] {local_task_job.py:146} INFO - Task exited with return code 0
