[2021-04-21 20:06:23,156] {taskinstance.py:851} INFO - Dependencies all met for <TaskInstance: docker_sample.print_date 2021-04-19T02:30:00+00:00 [queued]>
[2021-04-21 20:06:23,187] {taskinstance.py:851} INFO - Dependencies all met for <TaskInstance: docker_sample.print_date 2021-04-19T02:30:00+00:00 [queued]>
[2021-04-21 20:06:23,188] {taskinstance.py:1042} INFO - 
--------------------------------------------------------------------------------
[2021-04-21 20:06:23,188] {taskinstance.py:1043} INFO - Starting attempt 1 of 2
[2021-04-21 20:06:23,189] {taskinstance.py:1044} INFO - 
--------------------------------------------------------------------------------
[2021-04-21 20:06:23,202] {taskinstance.py:1063} INFO - Executing <Task(BashOperator): print_date> on 2021-04-19T02:30:00+00:00
[2021-04-21 20:06:23,212] {standard_task_runner.py:52} INFO - Started process 141 to run task
[2021-04-21 20:06:23,227] {standard_task_runner.py:76} INFO - Running: ['airflow', 'tasks', 'run', 'docker_sample', 'print_date', '2021-04-19T02:30:00+00:00', '--job-id', '38', '--pool', 'default_pool', '--raw', '--subdir', 'DAGS_FOLDER/dockerOperator.py', '--cfg-path', '/tmp/tmpczte2djy', '--error-file', '/tmp/tmpie28gtpj']
[2021-04-21 20:06:23,229] {standard_task_runner.py:77} INFO - Job 38: Subtask print_date
[2021-04-21 20:06:23,297] {logging_mixin.py:104} INFO - Running <TaskInstance: docker_sample.print_date 2021-04-19T02:30:00+00:00 [running]> on host 5af2b1cab26e
[2021-04-21 20:06:23,371] {taskinstance.py:1257} INFO - Exporting the following env vars:
AIRFLOW_CTX_DAG_EMAIL=airflow@example.com
AIRFLOW_CTX_DAG_OWNER=airflow
AIRFLOW_CTX_DAG_ID=docker_sample
AIRFLOW_CTX_TASK_ID=print_date
AIRFLOW_CTX_EXECUTION_DATE=2021-04-19T02:30:00+00:00
AIRFLOW_CTX_DAG_RUN_ID=scheduled__2021-04-19T02:30:00+00:00
[2021-04-21 20:06:23,375] {bash.py:135} INFO - Tmp dir root location: 
 /tmp
[2021-04-21 20:06:23,377] {bash.py:158} INFO - Running command: date
[2021-04-21 20:06:23,417] {bash.py:169} INFO - Output:
[2021-04-21 20:06:23,426] {bash.py:173} INFO - Wed Apr 21 20:06:23 UTC 2021
[2021-04-21 20:06:23,426] {bash.py:177} INFO - Command exited with return code 0
[2021-04-21 20:06:23,510] {taskinstance.py:1166} INFO - Marking task as SUCCESS. dag_id=docker_sample, task_id=print_date, execution_date=20210419T023000, start_date=20210421T200623, end_date=20210421T200623
[2021-04-21 20:06:23,569] {taskinstance.py:1220} INFO - 2 downstream tasks scheduled from follow-on schedule check
[2021-04-21 20:06:23,611] {local_task_job.py:146} INFO - Task exited with return code 0
[2021-04-21 20:12:29,867] {taskinstance.py:851} INFO - Dependencies all met for <TaskInstance: docker_sample.print_date 2021-04-19T02:30:00+00:00 [queued]>
[2021-04-21 20:12:29,882] {taskinstance.py:851} INFO - Dependencies all met for <TaskInstance: docker_sample.print_date 2021-04-19T02:30:00+00:00 [queued]>
[2021-04-21 20:12:29,884] {taskinstance.py:1042} INFO - 
--------------------------------------------------------------------------------
[2021-04-21 20:12:29,884] {taskinstance.py:1043} INFO - Starting attempt 1 of 2
[2021-04-21 20:12:29,885] {taskinstance.py:1044} INFO - 
--------------------------------------------------------------------------------
[2021-04-21 20:12:29,892] {taskinstance.py:1063} INFO - Executing <Task(BashOperator): print_date> on 2021-04-19T02:30:00+00:00
[2021-04-21 20:12:29,896] {standard_task_runner.py:52} INFO - Started process 118 to run task
[2021-04-21 20:12:29,900] {standard_task_runner.py:76} INFO - Running: ['airflow', 'tasks', 'run', 'docker_sample', 'print_date', '2021-04-19T02:30:00+00:00', '--job-id', '79', '--pool', 'default_pool', '--raw', '--subdir', 'DAGS_FOLDER/dockerOperator.py', '--cfg-path', '/tmp/tmpwntm0n9u', '--error-file', '/tmp/tmp4ixv0rx6']
[2021-04-21 20:12:29,901] {standard_task_runner.py:77} INFO - Job 79: Subtask print_date
[2021-04-21 20:12:29,946] {logging_mixin.py:104} INFO - Running <TaskInstance: docker_sample.print_date 2021-04-19T02:30:00+00:00 [running]> on host 5af2b1cab26e
[2021-04-21 20:12:29,995] {taskinstance.py:1257} INFO - Exporting the following env vars:
AIRFLOW_CTX_DAG_EMAIL=airflow@example.com
AIRFLOW_CTX_DAG_OWNER=airflow
AIRFLOW_CTX_DAG_ID=docker_sample
AIRFLOW_CTX_TASK_ID=print_date
AIRFLOW_CTX_EXECUTION_DATE=2021-04-19T02:30:00+00:00
AIRFLOW_CTX_DAG_RUN_ID=scheduled__2021-04-19T02:30:00+00:00
[2021-04-21 20:12:29,997] {bash.py:135} INFO - Tmp dir root location: 
 /tmp
[2021-04-21 20:12:29,999] {bash.py:158} INFO - Running command: date
[2021-04-21 20:12:30,011] {bash.py:169} INFO - Output:
[2021-04-21 20:12:30,014] {bash.py:173} INFO - Wed Apr 21 20:12:30 UTC 2021
[2021-04-21 20:12:30,017] {bash.py:177} INFO - Command exited with return code 0
[2021-04-21 20:12:30,056] {taskinstance.py:1166} INFO - Marking task as SUCCESS. dag_id=docker_sample, task_id=print_date, execution_date=20210419T023000, start_date=20210421T201229, end_date=20210421T201230
[2021-04-21 20:12:30,108] {taskinstance.py:1220} INFO - 2 downstream tasks scheduled from follow-on schedule check
[2021-04-21 20:12:30,118] {local_task_job.py:146} INFO - Task exited with return code 0
