[2021-04-27 21:11:48,990] {taskinstance.py:851} INFO - Dependencies all met for <TaskInstance: docker_spark_sample.print_date 2021-04-25T00:00:00+00:00 [queued]>
[2021-04-27 21:11:49,024] {taskinstance.py:851} INFO - Dependencies all met for <TaskInstance: docker_spark_sample.print_date 2021-04-25T00:00:00+00:00 [queued]>
[2021-04-27 21:11:49,025] {taskinstance.py:1042} INFO - 
--------------------------------------------------------------------------------
[2021-04-27 21:11:49,026] {taskinstance.py:1043} INFO - Starting attempt 1 of 2
[2021-04-27 21:11:49,026] {taskinstance.py:1044} INFO - 
--------------------------------------------------------------------------------
[2021-04-27 21:11:49,036] {taskinstance.py:1063} INFO - Executing <Task(BashOperator): print_date> on 2021-04-25T00:00:00+00:00
[2021-04-27 21:11:49,045] {standard_task_runner.py:52} INFO - Started process 47 to run task
[2021-04-27 21:11:49,066] {standard_task_runner.py:76} INFO - Running: ['airflow', 'tasks', 'run', 'docker_spark_sample', 'print_date', '2021-04-25T00:00:00+00:00', '--job-id', '3', '--pool', 'default_pool', '--raw', '--subdir', 'DAGS_FOLDER/dockerSparkOperator.py', '--cfg-path', '/tmp/tmp7m2sv694', '--error-file', '/tmp/tmpogno_z8r']
[2021-04-27 21:11:49,067] {standard_task_runner.py:77} INFO - Job 3: Subtask print_date
[2021-04-27 21:11:49,181] {logging_mixin.py:104} INFO - Running <TaskInstance: docker_spark_sample.print_date 2021-04-25T00:00:00+00:00 [running]> on host 9e66ec21e68a
[2021-04-27 21:11:49,321] {taskinstance.py:1257} INFO - Exporting the following env vars:
AIRFLOW_CTX_DAG_EMAIL=airflow@example.com
AIRFLOW_CTX_DAG_OWNER=airflow
AIRFLOW_CTX_DAG_ID=docker_spark_sample
AIRFLOW_CTX_TASK_ID=print_date
AIRFLOW_CTX_EXECUTION_DATE=2021-04-25T00:00:00+00:00
AIRFLOW_CTX_DAG_RUN_ID=scheduled__2021-04-25T00:00:00+00:00
[2021-04-27 21:11:49,322] {bash.py:135} INFO - Tmp dir root location: 
 /tmp
[2021-04-27 21:11:49,324] {bash.py:158} INFO - Running command: date
[2021-04-27 21:11:49,348] {bash.py:169} INFO - Output:
[2021-04-27 21:11:49,369] {bash.py:173} INFO - Tue Apr 27 21:11:49 UTC 2021
[2021-04-27 21:11:49,370] {bash.py:177} INFO - Command exited with return code 0
[2021-04-27 21:11:49,435] {taskinstance.py:1166} INFO - Marking task as SUCCESS. dag_id=docker_spark_sample, task_id=print_date, execution_date=20210425T000000, start_date=20210427T211148, end_date=20210427T211149
[2021-04-27 21:11:49,501] {taskinstance.py:1220} INFO - 2 downstream tasks scheduled from follow-on schedule check
[2021-04-27 21:11:49,526] {local_task_job.py:146} INFO - Task exited with return code 0
[2021-04-27 21:24:33,677] {taskinstance.py:851} INFO - Dependencies all met for <TaskInstance: docker_spark_sample.print_date 2021-04-25T00:00:00+00:00 [queued]>
[2021-04-27 21:24:33,687] {taskinstance.py:851} INFO - Dependencies all met for <TaskInstance: docker_spark_sample.print_date 2021-04-25T00:00:00+00:00 [queued]>
[2021-04-27 21:24:33,688] {taskinstance.py:1042} INFO - 
--------------------------------------------------------------------------------
[2021-04-27 21:24:33,688] {taskinstance.py:1043} INFO - Starting attempt 1 of 2
[2021-04-27 21:24:33,689] {taskinstance.py:1044} INFO - 
--------------------------------------------------------------------------------
[2021-04-27 21:24:33,703] {taskinstance.py:1063} INFO - Executing <Task(BashOperator): print_date> on 2021-04-25T00:00:00+00:00
[2021-04-27 21:24:33,708] {standard_task_runner.py:52} INFO - Started process 43 to run task
[2021-04-27 21:24:33,713] {standard_task_runner.py:76} INFO - Running: ['airflow', 'tasks', 'run', 'docker_spark_sample', 'print_date', '2021-04-25T00:00:00+00:00', '--job-id', '2', '--pool', 'default_pool', '--raw', '--subdir', 'DAGS_FOLDER/dockerSparkOperator.py', '--cfg-path', '/tmp/tmpmghnfhbx', '--error-file', '/tmp/tmpdn0_k2k8']
[2021-04-27 21:24:33,715] {standard_task_runner.py:77} INFO - Job 2: Subtask print_date
[2021-04-27 21:24:33,763] {logging_mixin.py:104} INFO - Running <TaskInstance: docker_spark_sample.print_date 2021-04-25T00:00:00+00:00 [running]> on host 7fbe4509e402
[2021-04-27 21:24:33,806] {taskinstance.py:1257} INFO - Exporting the following env vars:
AIRFLOW_CTX_DAG_EMAIL=airflow@example.com
AIRFLOW_CTX_DAG_OWNER=airflow
AIRFLOW_CTX_DAG_ID=docker_spark_sample
AIRFLOW_CTX_TASK_ID=print_date
AIRFLOW_CTX_EXECUTION_DATE=2021-04-25T00:00:00+00:00
AIRFLOW_CTX_DAG_RUN_ID=scheduled__2021-04-25T00:00:00+00:00
[2021-04-27 21:24:33,808] {bash.py:135} INFO - Tmp dir root location: 
 /tmp
[2021-04-27 21:24:33,809] {bash.py:158} INFO - Running command: date
[2021-04-27 21:24:33,818] {bash.py:169} INFO - Output:
[2021-04-27 21:24:33,820] {bash.py:173} INFO - Tue Apr 27 21:24:33 UTC 2021
[2021-04-27 21:24:33,821] {bash.py:177} INFO - Command exited with return code 0
[2021-04-27 21:24:33,851] {taskinstance.py:1166} INFO - Marking task as SUCCESS. dag_id=docker_spark_sample, task_id=print_date, execution_date=20210425T000000, start_date=20210427T212433, end_date=20210427T212433
[2021-04-27 21:24:33,885] {taskinstance.py:1220} INFO - 2 downstream tasks scheduled from follow-on schedule check
[2021-04-27 21:24:33,930] {local_task_job.py:146} INFO - Task exited with return code 0
