[2021-04-23 11:26:27,867] {taskinstance.py:851} INFO - Dependencies all met for <TaskInstance: docker_sample.print_date 2021-04-21T01:30:00+00:00 [queued]>
[2021-04-23 11:26:27,907] {taskinstance.py:851} INFO - Dependencies all met for <TaskInstance: docker_sample.print_date 2021-04-21T01:30:00+00:00 [queued]>
[2021-04-23 11:26:27,908] {taskinstance.py:1042} INFO - 
--------------------------------------------------------------------------------
[2021-04-23 11:26:27,909] {taskinstance.py:1043} INFO - Starting attempt 1 of 2
[2021-04-23 11:26:27,910] {taskinstance.py:1044} INFO - 
--------------------------------------------------------------------------------
[2021-04-23 11:26:27,930] {taskinstance.py:1063} INFO - Executing <Task(BashOperator): print_date> on 2021-04-21T01:30:00+00:00
[2021-04-23 11:26:27,953] {standard_task_runner.py:76} INFO - Running: ['airflow', 'tasks', 'run', 'docker_sample', 'print_date', '2021-04-21T01:30:00+00:00', '--job-id', '775', '--pool', 'default_pool', '--raw', '--subdir', 'DAGS_FOLDER/dockerOperator.py', '--cfg-path', '/tmp/tmpldjomxmf', '--error-file', '/tmp/tmps52usv5w']
[2021-04-23 11:26:27,956] {standard_task_runner.py:77} INFO - Job 775: Subtask print_date
[2021-04-23 11:26:27,940] {standard_task_runner.py:52} INFO - Started process 157 to run task
[2021-04-23 11:26:28,033] {logging_mixin.py:104} INFO - Running <TaskInstance: docker_sample.print_date 2021-04-21T01:30:00+00:00 [running]> on host 5af2b1cab26e
[2021-04-23 11:26:28,110] {taskinstance.py:1257} INFO - Exporting the following env vars:
AIRFLOW_CTX_DAG_EMAIL=airflow@example.com
AIRFLOW_CTX_DAG_OWNER=airflow
AIRFLOW_CTX_DAG_ID=docker_sample
AIRFLOW_CTX_TASK_ID=print_date
AIRFLOW_CTX_EXECUTION_DATE=2021-04-21T01:30:00+00:00
AIRFLOW_CTX_DAG_RUN_ID=scheduled__2021-04-21T01:30:00+00:00
[2021-04-23 11:26:28,111] {bash.py:135} INFO - Tmp dir root location: 
 /tmp
[2021-04-23 11:26:28,114] {bash.py:158} INFO - Running command: date
[2021-04-23 11:26:28,129] {bash.py:169} INFO - Output:
[2021-04-23 11:26:28,132] {bash.py:173} INFO - Fri Apr 23 11:26:28 UTC 2021
[2021-04-23 11:26:28,134] {bash.py:177} INFO - Command exited with return code 0
[2021-04-23 11:26:28,171] {taskinstance.py:1166} INFO - Marking task as SUCCESS. dag_id=docker_sample, task_id=print_date, execution_date=20210421T013000, start_date=20210423T112627, end_date=20210423T112628
[2021-04-23 11:26:28,229] {taskinstance.py:1220} INFO - 2 downstream tasks scheduled from follow-on schedule check
[2021-04-23 11:26:28,272] {local_task_job.py:146} INFO - Task exited with return code 0
