[2021-04-21 20:06:18,310] {taskinstance.py:851} INFO - Dependencies all met for <TaskInstance: docker_sample.print_date 2021-04-19T01:00:00+00:00 [queued]>
[2021-04-21 20:06:18,398] {taskinstance.py:851} INFO - Dependencies all met for <TaskInstance: docker_sample.print_date 2021-04-19T01:00:00+00:00 [queued]>
[2021-04-21 20:06:18,400] {taskinstance.py:1042} INFO - 
--------------------------------------------------------------------------------
[2021-04-21 20:06:18,401] {taskinstance.py:1043} INFO - Starting attempt 1 of 2
[2021-04-21 20:06:18,410] {taskinstance.py:1044} INFO - 
--------------------------------------------------------------------------------
[2021-04-21 20:06:18,440] {taskinstance.py:1063} INFO - Executing <Task(BashOperator): print_date> on 2021-04-19T01:00:00+00:00
[2021-04-21 20:06:18,459] {standard_task_runner.py:52} INFO - Started process 66 to run task
[2021-04-21 20:06:18,483] {standard_task_runner.py:76} INFO - Running: ['airflow', 'tasks', 'run', 'docker_sample', 'print_date', '2021-04-19T01:00:00+00:00', '--job-id', '8', '--pool', 'default_pool', '--raw', '--subdir', 'DAGS_FOLDER/dockerOperator.py', '--cfg-path', '/tmp/tmp5y_x3k8q', '--error-file', '/tmp/tmpbggxxcg9']
[2021-04-21 20:06:18,492] {standard_task_runner.py:77} INFO - Job 8: Subtask print_date
[2021-04-21 20:06:18,585] {logging_mixin.py:104} INFO - Running <TaskInstance: docker_sample.print_date 2021-04-19T01:00:00+00:00 [running]> on host 5af2b1cab26e
[2021-04-21 20:06:18,673] {taskinstance.py:1257} INFO - Exporting the following env vars:
AIRFLOW_CTX_DAG_EMAIL=airflow@example.com
AIRFLOW_CTX_DAG_OWNER=airflow
AIRFLOW_CTX_DAG_ID=docker_sample
AIRFLOW_CTX_TASK_ID=print_date
AIRFLOW_CTX_EXECUTION_DATE=2021-04-19T01:00:00+00:00
AIRFLOW_CTX_DAG_RUN_ID=scheduled__2021-04-19T01:00:00+00:00
[2021-04-21 20:06:18,674] {bash.py:135} INFO - Tmp dir root location: 
 /tmp
[2021-04-21 20:06:18,675] {bash.py:158} INFO - Running command: date
[2021-04-21 20:06:18,693] {bash.py:169} INFO - Output:
[2021-04-21 20:06:18,702] {bash.py:173} INFO - Wed Apr 21 20:06:18 UTC 2021
[2021-04-21 20:06:18,705] {bash.py:177} INFO - Command exited with return code 0
[2021-04-21 20:06:18,767] {taskinstance.py:1166} INFO - Marking task as SUCCESS. dag_id=docker_sample, task_id=print_date, execution_date=20210419T010000, start_date=20210421T200618, end_date=20210421T200618
[2021-04-21 20:06:18,824] {taskinstance.py:1220} INFO - 2 downstream tasks scheduled from follow-on schedule check
[2021-04-21 20:06:18,854] {local_task_job.py:146} INFO - Task exited with return code 0
[2021-04-21 20:12:25,320] {taskinstance.py:851} INFO - Dependencies all met for <TaskInstance: docker_sample.print_date 2021-04-19T01:00:00+00:00 [queued]>
[2021-04-21 20:12:25,338] {taskinstance.py:851} INFO - Dependencies all met for <TaskInstance: docker_sample.print_date 2021-04-19T01:00:00+00:00 [queued]>
[2021-04-21 20:12:25,339] {taskinstance.py:1042} INFO - 
--------------------------------------------------------------------------------
[2021-04-21 20:12:25,342] {taskinstance.py:1043} INFO - Starting attempt 1 of 2
[2021-04-21 20:12:25,343] {taskinstance.py:1044} INFO - 
--------------------------------------------------------------------------------
[2021-04-21 20:12:25,356] {taskinstance.py:1063} INFO - Executing <Task(BashOperator): print_date> on 2021-04-19T01:00:00+00:00
[2021-04-21 20:12:25,372] {standard_task_runner.py:76} INFO - Running: ['airflow', 'tasks', 'run', 'docker_sample', 'print_date', '2021-04-19T01:00:00+00:00', '--job-id', '62', '--pool', 'default_pool', '--raw', '--subdir', 'DAGS_FOLDER/dockerOperator.py', '--cfg-path', '/tmp/tmplf2028l5', '--error-file', '/tmp/tmp3hkdzgsh']
[2021-04-21 20:12:25,373] {standard_task_runner.py:77} INFO - Job 62: Subtask print_date
[2021-04-21 20:12:25,365] {standard_task_runner.py:52} INFO - Started process 74 to run task
[2021-04-21 20:12:25,473] {logging_mixin.py:104} INFO - Running <TaskInstance: docker_sample.print_date 2021-04-19T01:00:00+00:00 [running]> on host 5af2b1cab26e
[2021-04-21 20:12:25,586] {taskinstance.py:1257} INFO - Exporting the following env vars:
AIRFLOW_CTX_DAG_EMAIL=airflow@example.com
AIRFLOW_CTX_DAG_OWNER=airflow
AIRFLOW_CTX_DAG_ID=docker_sample
AIRFLOW_CTX_TASK_ID=print_date
AIRFLOW_CTX_EXECUTION_DATE=2021-04-19T01:00:00+00:00
AIRFLOW_CTX_DAG_RUN_ID=scheduled__2021-04-19T01:00:00+00:00
[2021-04-21 20:12:25,587] {bash.py:135} INFO - Tmp dir root location: 
 /tmp
[2021-04-21 20:12:25,589] {bash.py:158} INFO - Running command: date
[2021-04-21 20:12:25,602] {bash.py:169} INFO - Output:
[2021-04-21 20:12:25,609] {bash.py:173} INFO - Wed Apr 21 20:12:25 UTC 2021
[2021-04-21 20:12:25,610] {bash.py:177} INFO - Command exited with return code 0
[2021-04-21 20:12:25,677] {taskinstance.py:1166} INFO - Marking task as SUCCESS. dag_id=docker_sample, task_id=print_date, execution_date=20210419T010000, start_date=20210421T201225, end_date=20210421T201225
[2021-04-21 20:12:25,722] {taskinstance.py:1220} INFO - 2 downstream tasks scheduled from follow-on schedule check
[2021-04-21 20:12:25,761] {local_task_job.py:146} INFO - Task exited with return code 0
